Running 15m test @ http://10.101.14.121:8080/wrk2-api/post/compose
  2 threads and 4 connections
  Thread calibration: mean lat.: 3623.970ms, rate sampling interval: 11862ms
  Thread calibration: mean lat.: 214.769ms, rate sampling interval: 855ms
  Thread Stats   Avg      Stdev     99%   +/- Stdev
    Latency     1.23m    16.89s    1.73m    76.31%
    Req/Sec     4.06      2.43    11.00     82.51%
  Latency Distribution (HdrHistogram - Recorded Latency)
 50.000%    1.19m 
 75.000%    1.34m 
 90.000%    1.60m 
 99.000%    1.73m 
 99.900%    1.80m 
 99.990%    1.81m 
 99.999%    1.81m 
100.000%    1.81m 

  Detailed Percentile spectrum:
       Value   Percentile   TotalCount 1/(1-Percentile)

      12.303     0.000000            1         1.00
   64356.351     0.100000          817         1.11
   66355.199     0.200000         1635         1.25
   67895.295     0.300000         2438         1.43
   69599.231     0.400000         3269         1.67
   71434.239     0.500000         4089         2.00
   72417.279     0.550000         4468         2.22
   73531.391     0.600000         4892         2.50
   75038.719     0.650000         5278         2.86
   77004.799     0.700000         5689         3.33
   80543.743     0.750000         6090         4.00
   84606.975     0.775000         6293         4.44
   89849.855     0.800000         6496         5.00
   92078.079     0.825000         6706         5.71
   93192.191     0.850000         6902         6.67
   94633.983     0.875000         7111         8.00
   95354.879     0.887500         7215         8.89
   96141.311     0.900000         7311        10.00
   96993.279     0.912500         7415        11.43
   97845.247     0.925000         7512        13.33
   98697.215     0.937500         7619        16.00
   99024.895     0.943750         7665        17.78
   99483.647     0.950000         7717        20.00
  100204.543     0.956250         7767        22.86
  100990.975     0.962500         7818        26.67
  101646.335     0.968750         7872        32.00
  101908.479     0.971875         7895        35.56
  102236.159     0.975000         7917        40.00
  102629.375     0.978125         7944        45.71
  103022.591     0.981250         7969        53.33
  103350.271     0.984375         7997        64.00
  103546.879     0.985938         8010        71.11
  103743.487     0.987500         8021        80.00
  103940.095     0.989062         8034        91.43
  104136.703     0.990625         8044       106.67
  104398.847     0.992188         8059       128.00
  104464.383     0.992969         8063       142.22
  104726.527     0.993750         8071       160.00
  104988.671     0.994531         8076       182.86
  105381.887     0.995313         8083       213.33
  105840.639     0.996094         8089       256.00
  105971.711     0.996484         8092       284.44
  106168.319     0.996875         8095       320.00
  106233.855     0.997266         8098       365.71
  106364.927     0.997656         8101       426.67
  106758.143     0.998047         8105       512.00
  106823.679     0.998242         8106       568.89
  107085.823     0.998437         8108       640.00
  107282.431     0.998633         8109       731.43
  107610.111     0.998828         8111       853.33
  107741.183     0.999023         8113      1024.00
  107741.183     0.999121         8113      1137.78
  107872.255     0.999219         8114      1280.00
  108003.327     0.999316         8115      1462.86
  108134.399     0.999414         8116      1706.67
  108396.543     0.999512         8117      2048.00
  108396.543     0.999561         8117      2275.56
  108396.543     0.999609         8117      2560.00
  108527.615     0.999658         8119      2925.71
  108527.615     0.999707         8119      3413.33
  108527.615     0.999756         8119      4096.00
  108527.615     0.999780         8119      4551.11
  108527.615     0.999805         8119      5120.00
  108527.615     0.999829         8119      5851.43
  108527.615     0.999854         8119      6826.67
  108658.687     0.999878         8120      8192.00
  108658.687     1.000000         8120          inf
#[Mean    =    73699.223, StdDeviation   =    16890.094]
#[Max     =   108593.152, Total count    =         8120]
#[Buckets =           27, SubBuckets     =         2048]
----------------------------------------------------------
  8202 requests in 15.00m, 1.68MB read
  Socket errors: connect 0, read 0, write 6, timeout 19
Requests/sec:      9.11
Transfer/sec:      1.91KB
