Running 15m test @ http://10.101.14.121:8080/wrk2-api/post/compose
  2 threads and 4 connections
  Thread calibration: mean lat.: 425.135ms, rate sampling interval: 1738ms
  Thread calibration: mean lat.: 4724.480ms, rate sampling interval: 16211ms
  Thread Stats   Avg      Stdev     99%   +/- Stdev
    Latency     1.59m    16.33s    1.96m    88.33%
    Req/Sec    26.55      9.31    39.00     85.69%
  Latency Distribution (HdrHistogram - Recorded Latency)
 50.000%    1.55m 
 75.000%    1.79m 
 90.000%    1.85m 
 99.000%    1.96m 
 99.900%    1.98m 
 99.990%    1.99m 
 99.999%    2.00m 
100.000%    2.00m 

  Detailed Percentile spectrum:
       Value   Percentile   TotalCount 1/(1-Percentile)

       3.069     0.000000            1         1.00
   80805.887     0.100000         4861         1.11
   83296.255     0.200000         9608         1.25
   86376.447     0.300000        14324         1.43
   89456.639     0.400000        19192         1.67
   93257.727     0.500000        23895         2.00
  102825.983     0.550000        26381         2.22
  103481.343     0.600000        28673         2.50
  104267.775     0.650000        31100         2.86
  105512.959     0.700000        33419         3.33
  107282.431     0.750000        35831         4.00
  108199.935     0.775000        37014         4.44
  109182.975     0.800000        38253         5.00
  109641.727     0.825000        39413         5.71
  110166.015     0.850000        40603         6.67
  110755.839     0.875000        41802         8.00
  111017.983     0.887500        42452         8.89
  111280.127     0.900000        43086        10.00
  111804.415     0.912500        43579        11.43
  112525.311     0.925000        44165        13.33
  113704.959     0.937500        44752        16.00
  114753.535     0.943750        45060        17.78
  115474.431     0.950000        45389        20.00
  115802.111     0.956250        45649        22.86
  116260.863     0.962500        45993        26.67
  116523.007     0.968750        46279        32.00
  116654.079     0.971875        46426        35.56
  116785.151     0.975000        46604        40.00
  116850.687     0.978125        46710        45.71
  116981.759     0.981250        46861        53.33
  117112.831     0.984375        47032        64.00
  117178.367     0.985938        47102        71.11
  117243.903     0.987500        47146        80.00
  117374.975     0.989062        47231        91.43
  117506.047     0.990625        47302       106.67
  117637.119     0.992188        47368       128.00
  117702.655     0.992969        47400       142.22
  117833.727     0.993750        47447       160.00
  117899.263     0.994531        47485       182.86
  117964.799     0.995313        47512       213.33
  118095.871     0.996094        47555       256.00
  118161.407     0.996484        47573       284.44
  118226.943     0.996875        47583       320.00
  118358.015     0.997266        47603       365.71
  118554.623     0.997656        47626       426.67
  118620.159     0.998047        47638       512.00
  118751.231     0.998242        47651       568.89
  118816.767     0.998437        47673       640.00
  118816.767     0.998633        47673       731.43
  118882.303     0.998828        47687       853.33
  118882.303     0.999023        47687      1024.00
  118947.839     0.999121        47698      1137.78
  118947.839     0.999219        47698      1280.00
  119013.375     0.999316        47707      1462.86
  119013.375     0.999414        47707      1706.67
  119078.911     0.999512        47712      2048.00
  119078.911     0.999561        47712      2275.56
  119144.447     0.999609        47717      2560.00
  119144.447     0.999658        47717      2925.71
  119209.983     0.999707        47721      3413.33
  119209.983     0.999756        47721      4096.00
  119209.983     0.999780        47721      4551.11
  119341.055     0.999805        47724      5120.00
  119341.055     0.999829        47724      5851.43
  119472.127     0.999854        47726      6826.67
  119472.127     0.999878        47726      8192.00
  119472.127     0.999890        47726      9102.22
  119537.663     0.999902        47727     10240.00
  119537.663     0.999915        47727     11702.86
  119603.199     0.999927        47728     13653.33
  119668.735     0.999939        47729     16384.00
  119668.735     0.999945        47729     18204.44
  119668.735     0.999951        47729     20480.00
  119668.735     0.999957        47729     23405.71
  119734.271     0.999963        47730     27306.67
  119734.271     0.999969        47730     32768.00
  119734.271     0.999973        47730     36408.89
  119734.271     0.999976        47730     40960.00
  119734.271     0.999979        47730     46811.43
  119799.807     0.999982        47731     54613.33
  119799.807     1.000000        47731          inf
#[Mean    =    95223.447, StdDeviation   =    16331.853]
#[Max     =   119734.272, Total count    =        47731]
#[Buckets =           27, SubBuckets     =         2048]
----------------------------------------------------------
  48077 requests in 15.00m, 406.25MB read
  Socket errors: connect 0, read 1, write 5, timeout 0
  Non-2xx or 3xx responses: 1
Requests/sec:     53.42
Transfer/sec:    462.20KB
