Running 15m test @ http://10.101.14.121:8080/wrk2-api/post/compose
  2 threads and 4 connections
  Thread calibration: mean lat.: 6853.324ms, rate sampling interval: 17596ms
  Thread calibration: mean lat.: 5684.864ms, rate sampling interval: 15605ms
  Thread Stats   Avg      Stdev     99%   +/- Stdev
    Latency     1.79m     9.15s    1.98m    85.52%
    Req/Sec    12.79      4.52    16.00     87.85%
  Latency Distribution (HdrHistogram - Recorded Latency)
 50.000%    1.80m 
 75.000%    1.87m 
 90.000%    1.93m 
 99.000%    1.98m 
 99.900%    2.00m 
 99.990%    2.00m 
 99.999%    2.00m 
100.000%    2.00m 

  Detailed Percentile spectrum:
       Value   Percentile   TotalCount 1/(1-Percentile)

    8863.743     0.000000            1         1.00
   99942.399     0.100000         2368         1.11
  103481.343     0.200000         4756         1.25
  104923.135     0.300000         7199         1.43
  106233.855     0.400000         9539         1.67
  107872.255     0.500000        11868         2.00
  108724.223     0.550000        13035         2.22
  109510.655     0.600000        14278         2.50
  110166.015     0.650000        15451         2.86
  110821.375     0.700000        16603         3.33
  111935.487     0.750000        17724         4.00
  112656.383     0.775000        18361         4.44
  113115.135     0.800000        18921         5.00
  113704.959     0.825000        19519         5.71
  114425.855     0.850000        20088         6.67
  115146.751     0.875000        20723         8.00
  115474.431     0.887500        21016         8.89
  115736.575     0.900000        21253        10.00
  116129.791     0.912500        21575        11.43
  116523.007     0.925000        21860        13.33
  117112.831     0.937500        22182        16.00
  117309.439     0.943750        22287        17.78
  117571.583     0.950000        22448        20.00
  117768.191     0.956250        22608        22.86
  117964.799     0.962500        22750        26.67
  118161.407     0.968750        22905        32.00
  118292.479     0.971875        22986        35.56
  118358.015     0.975000        23029        40.00
  118489.087     0.978125        23107        45.71
  118620.159     0.981250        23198        53.33
  118751.231     0.984375        23262        64.00
  118816.767     0.985938        23303        71.11
  118882.303     0.987500        23337        80.00
  118947.839     0.989062        23364        91.43
  119013.375     0.990625        23393       106.67
  119144.447     0.992188        23446       128.00
  119144.447     0.992969        23446       142.22
  119209.983     0.993750        23475       160.00
  119275.519     0.994531        23499       182.86
  119341.055     0.995313        23519       213.33
  119341.055     0.996094        23519       256.00
  119406.591     0.996484        23540       284.44
  119406.591     0.996875        23540       320.00
  119472.127     0.997266        23553       365.71
  119537.663     0.997656        23565       426.67
  119537.663     0.998047        23565       512.00
  119603.199     0.998242        23579       568.89
  119603.199     0.998437        23579       640.00
  119603.199     0.998633        23579       731.43
  119668.735     0.998828        23584       853.33
  119734.271     0.999023        23597      1024.00
  119734.271     0.999121        23597      1137.78
  119734.271     0.999219        23597      1280.00
  119734.271     0.999316        23597      1462.86
  119799.807     0.999414        23603      1706.67
  119799.807     0.999512        23603      2048.00
  119799.807     0.999561        23603      2275.56
  119799.807     0.999609        23603      2560.00
  119799.807     0.999658        23603      2925.71
  119865.343     0.999707        23610      3413.33
  119865.343     0.999756        23610      4096.00
  119865.343     0.999780        23610      4551.11
  119865.343     0.999805        23610      5120.00
  119865.343     0.999829        23610      5851.43
  119865.343     0.999854        23610      6826.67
  119865.343     0.999878        23610      8192.00
  119865.343     0.999890        23610      9102.22
  119865.343     0.999902        23610     10240.00
  119865.343     0.999915        23610     11702.86
  119865.343     0.999927        23610     13653.33
  119865.343     0.999939        23610     16384.00
  119865.343     0.999945        23610     18204.44
  119865.343     0.999951        23610     20480.00
  119865.343     0.999957        23610     23405.71
  119930.879     0.999963        23611     27306.67
  119930.879     1.000000        23611          inf
#[Mean    =   107245.498, StdDeviation   =     9148.921]
#[Max     =   119865.344, Total count    =        23611]
#[Buckets =           27, SubBuckets     =         2048]
----------------------------------------------------------
  23634 requests in 15.00m, 292.07MB read
  Socket errors: connect 0, read 0, write 4, timeout 0
Requests/sec:     26.26
Transfer/sec:    332.27KB
