Running 15m test @ http://10.111.161.249:8080/wrk2-api/post/compose
  2 threads and 4 connections
  Thread calibration: mean lat.: 1931.223ms, rate sampling interval: 10010ms
  Thread calibration: mean lat.: 1232.038ms, rate sampling interval: 5332ms
  Thread Stats   Avg      Stdev     99%   +/- Stdev
    Latency    39.25s    12.45s    0.99m    68.30%
    Req/Sec     4.27      1.24     7.00     91.34%
  Latency Distribution (HdrHistogram - Recorded Latency)
 50.000%   40.17s 
 75.000%   48.30s 
 90.000%    0.91m 
 99.000%    0.99m 
 99.900%    1.03m 
 99.990%    1.04m 
 99.999%    1.04m 
100.000%    1.04m 

  Detailed Percentile spectrum:
       Value   Percentile   TotalCount 1/(1-Percentile)

      19.919     0.000000            1         1.00
   25853.951     0.100000          847         1.11
   29868.031     0.200000         1692         1.25
   33718.271     0.300000         2535         1.43
   37847.039     0.400000         3388         1.67
   40173.567     0.500000         4226         2.00
   41517.055     0.550000         4648         2.22
   42696.703     0.600000         5077         2.50
   43843.583     0.650000         5492         2.86
   45481.983     0.700000         5919         3.33
   48300.031     0.750000         6337         4.00
   50102.271     0.775000         6548         4.44
   51281.919     0.800000         6764         5.00
   52232.191     0.825000         6978         5.71
   52985.855     0.850000         7187         6.67
   53641.215     0.875000         7399         8.00
   54034.431     0.887500         7505         8.89
   54427.647     0.900000         7607        10.00
   54919.167     0.912500         7719        11.43
   55345.151     0.925000         7817        13.33
   55869.439     0.937500         7923        16.00
   56197.119     0.943750         7976        17.78
   56590.335     0.950000         8030        20.00
   56918.015     0.956250         8082        22.86
   57343.999     0.962500         8138        26.67
   57638.911     0.968750         8185        32.00
   57933.823     0.971875         8212        35.56
   58163.199     0.975000         8244        40.00
   58359.807     0.978125         8265        45.71
   58523.647     0.981250         8291        53.33
   58818.559     0.984375         8317        64.00
   58982.399     0.985938         8331        71.11
   59277.311     0.987500         8344        80.00
   59572.223     0.989062         8360        91.43
   59768.831     0.990625         8370       106.67
   60030.975     0.992188         8383       128.00
   60260.351     0.992969         8390       142.22
   60358.655     0.993750         8397       160.00
   60424.191     0.994531         8403       182.86
   60588.031     0.995313         8411       213.33
   60653.567     0.996094         8416       256.00
   60751.871     0.996484         8421       284.44
   60784.639     0.996875         8424       320.00
   60817.407     0.997266         8426       365.71
   61046.783     0.997656         8430       426.67
   61210.623     0.998047         8433       512.00
   61439.999     0.998242         8435       568.89
   61505.535     0.998437         8436       640.00
   61734.911     0.998633         8438       731.43
   61931.519     0.998828         8440       853.33
   61964.287     0.999023         8442      1024.00
   61964.287     0.999121         8442      1137.78
   62226.431     0.999219         8444      1280.00
   62226.431     0.999316         8444      1462.86
   62259.199     0.999414         8445      1706.67
   62259.199     0.999512         8445      2048.00
   62390.271     0.999561         8447      2275.56
   62390.271     0.999609         8447      2560.00
   62390.271     0.999658         8447      2925.71
   62390.271     0.999707         8447      3413.33
   62390.271     0.999756         8447      4096.00
   62554.111     0.999780         8448      4551.11
   62554.111     0.999805         8448      5120.00
   62554.111     0.999829         8448      5851.43
   62554.111     0.999854         8448      6826.67
   62554.111     0.999878         8448      8192.00
   62652.415     0.999890         8449      9102.22
   62652.415     1.000000         8449          inf
#[Mean    =    39246.154, StdDeviation   =    12453.290]
#[Max     =    62619.648, Total count    =         8449]
#[Buckets =           27, SubBuckets     =         2048]
----------------------------------------------------------
  8548 requests in 15.00m, 1.75MB read
  Socket errors: connect 0, read 0, write 4, timeout 17
Requests/sec:      9.50
Transfer/sec:      1.99KB
