Running 15m test @ http://10.111.161.249:8080/wrk2-api/post/compose
  2 threads and 4 connections
  Thread calibration: mean lat.: 3584.645ms, rate sampling interval: 14016ms
  Thread calibration: mean lat.: 4809.330ms, rate sampling interval: 14909ms
  Thread Stats   Avg      Stdev     99%   +/- Stdev
    Latency     1.45m    22.52s    1.83m    71.62%
    Req/Sec    26.69      7.85    33.00     89.34%
  Latency Distribution (HdrHistogram - Recorded Latency)
 50.000%    1.64m 
 75.000%    1.70m 
 90.000%    1.75m 
 99.000%    1.83m 
 99.900%    1.86m 
 99.990%    1.86m 
 99.999%    1.87m 
100.000%    1.87m 

  Detailed Percentile spectrum:
       Value   Percentile   TotalCount 1/(1-Percentile)

    7462.911     0.000000            1         1.00
   50233.343     0.100000         4854         1.11
   52330.495     0.200000         9741         1.25
   92995.583     0.300000        14598         1.43
   96010.239     0.400000        19514         1.67
   98172.927     0.500000        24387         2.00
   98959.359     0.550000        26683         2.22
   99680.255     0.600000        29197         2.50
  100270.079     0.650000        31539         2.86
  101253.119     0.700000        33960         3.33
  102039.551     0.750000        36393         4.00
  102498.303     0.775000        37589         4.44
  103022.591     0.800000        38833         5.00
  103415.807     0.825000        40006         5.71
  104005.631     0.850000        41323         6.67
  104529.919     0.875000        42491         8.00
  104792.063     0.887500        43126         8.89
  105054.207     0.900000        43766        10.00
  105316.351     0.912500        44295        11.43
  105709.567     0.925000        44935        13.33
  106233.855     0.937500        45531        16.00
  106430.463     0.943750        45778        17.78
  106692.607     0.950000        46129        20.00
  107085.823     0.956250        46372        22.86
  107610.111     0.962500        46700        26.67
  108068.863     0.968750        46981        32.00
  108396.543     0.971875        47173        35.56
  108593.151     0.975000        47315        40.00
  108789.759     0.978125        47435        45.71
  109182.975     0.981250        47606        53.33
  109510.655     0.984375        47747        64.00
  109707.263     0.985938        47825        71.11
  109838.335     0.987500        47895        80.00
  109969.407     0.989062        47983        91.43
  110100.479     0.990625        48076       106.67
  110166.015     0.992188        48114       128.00
  110297.087     0.992969        48202       142.22
  110297.087     0.993750        48202       160.00
  110362.623     0.994531        48251       182.86
  110428.159     0.995313        48283       213.33
  110493.695     0.996094        48306       256.00
  110559.231     0.996484        48338       284.44
  110624.767     0.996875        48356       320.00
  110690.303     0.997266        48368       365.71
  110755.839     0.997656        48380       426.67
  110886.911     0.998047        48409       512.00
  110886.911     0.998242        48409       568.89
  111017.983     0.998437        48416       640.00
  111214.591     0.998633        48431       731.43
  111280.127     0.998828        48435       853.33
  111411.199     0.999023        48446      1024.00
  111476.735     0.999121        48455      1137.78
  111476.735     0.999219        48455      1280.00
  111542.271     0.999316        48462      1462.86
  111607.807     0.999414        48464      1706.67
  111738.879     0.999512        48471      2048.00
  111738.879     0.999561        48471      2275.56
  111804.415     0.999609        48478      2560.00
  111804.415     0.999658        48478      2925.71
  111804.415     0.999707        48478      3413.33
  111869.951     0.999756        48488      4096.00
  111869.951     0.999780        48488      4551.11
  111869.951     0.999805        48488      5120.00
  111869.951     0.999829        48488      5851.43
  111869.951     0.999854        48488      6826.67
  111869.951     0.999878        48488      8192.00
  111869.951     0.999890        48488      9102.22
  111869.951     0.999902        48488     10240.00
  111869.951     0.999915        48488     11702.86
  111869.951     0.999927        48488     13653.33
  111935.487     0.999939        48491     16384.00
  111935.487     1.000000        48491          inf
#[Mean    =    86879.654, StdDeviation   =    22517.991]
#[Max     =   111869.952, Total count    =        48491]
#[Buckets =           27, SubBuckets     =         2048]
----------------------------------------------------------
  48596 requests in 15.00m, 433.15MB read
  Socket errors: connect 0, read 0, write 6, timeout 0
Requests/sec:     53.99
Transfer/sec:    492.81KB
