Running 15m test @ http://10.111.161.249:8080/wrk2-api/post/compose
  2 threads and 4 connections
  Thread calibration: mean lat.: 4720.162ms, rate sampling interval: 15654ms
  Thread calibration: mean lat.: 4721.078ms, rate sampling interval: 14327ms
  Thread Stats   Avg      Stdev     99%   +/- Stdev
    Latency     1.41m    24.37s    1.88m    62.26%
    Req/Sec    13.11      3.83    17.00     88.98%
  Latency Distribution (HdrHistogram - Recorded Latency)
 50.000%    1.52m 
 75.000%    1.74m 
 90.000%    1.82m 
 99.000%    1.88m 
 99.900%    1.90m 
 99.990%    1.91m 
 99.999%    1.91m 
100.000%    1.91m 

  Detailed Percentile spectrum:
       Value   Percentile   TotalCount 1/(1-Percentile)

    8286.207     0.000000            1         1.00
   47022.079     0.100000         2430         1.11
   49446.911     0.200000         4852         1.25
   82968.575     0.300000         7307         1.43
   86245.375     0.400000         9725         1.67
   91488.255     0.500000        12168         2.00
   96600.063     0.550000        13346         2.22
   99549.183     0.600000        14570         2.50
  101974.015     0.650000        15764         2.86
  103153.663     0.700000        16988         3.33
  104267.775     0.750000        18189         4.00
  105250.815     0.775000        18824         4.44
  106364.927     0.800000        19399         5.00
  107347.967     0.825000        20023         5.71
  107937.791     0.850000        20621         6.67
  108527.615     0.875000        21237         8.00
  108855.295     0.887500        21531         8.89
  109248.511     0.900000        21821        10.00
  109576.191     0.912500        22123        11.43
  109903.871     0.925000        22430        13.33
  110231.551     0.937500        22772        16.00
  110362.623     0.943750        22920        17.78
  110493.695     0.950000        23044        20.00
  110755.839     0.956250        23225        22.86
  110952.447     0.962500        23348        26.67
  111280.127     0.968750        23513        32.00
  111411.199     0.971875        23592        35.56
  111542.271     0.975000        23655        40.00
  111738.879     0.978125        23715        45.71
  112001.023     0.981250        23796        53.33
  112197.631     0.984375        23864        64.00
  112328.703     0.985938        23921        71.11
  112394.239     0.987500        23947        80.00
  112525.311     0.989062        24002        91.43
  112590.847     0.990625        24030       106.67
  112721.919     0.992188        24069       128.00
  112787.455     0.992969        24090       142.22
  112852.991     0.993750        24115       160.00
  112852.991     0.994531        24115       182.86
  112918.527     0.995313        24131       213.33
  113049.599     0.996094        24151       256.00
  113115.135     0.996484        24162       284.44
  113180.671     0.996875        24179       320.00
  113180.671     0.997266        24179       365.71
  113377.279     0.997656        24192       426.67
  113442.815     0.998047        24196       512.00
  113573.887     0.998242        24204       568.89
  113639.423     0.998437        24207       640.00
  113770.495     0.998633        24211       731.43
  113836.031     0.998828        24214       853.33
  113901.567     0.999023        24219      1024.00
  113967.103     0.999121        24222      1137.78
  114229.247     0.999219        24225      1280.00
  114294.783     0.999316        24226      1462.86
  114360.319     0.999414        24230      1706.67
  114425.855     0.999512        24234      2048.00
  114425.855     0.999561        24234      2275.56
  114425.855     0.999609        24234      2560.00
  114425.855     0.999658        24234      2925.71
  114491.391     0.999707        24235      3413.33
  114556.927     0.999756        24239      4096.00
  114556.927     0.999780        24239      4551.11
  114556.927     0.999805        24239      5120.00
  114556.927     0.999829        24239      5851.43
  114556.927     0.999854        24239      6826.67
  114622.463     0.999878        24241      8192.00
  114622.463     0.999890        24241      9102.22
  114622.463     0.999902        24241     10240.00
  114622.463     0.999915        24241     11702.86
  114622.463     0.999927        24241     13653.33
  114622.463     0.999939        24241     16384.00
  114622.463     0.999945        24241     18204.44
  114622.463     0.999951        24241     20480.00
  114622.463     0.999957        24241     23405.71
  114753.535     0.999963        24242     27306.67
  114753.535     1.000000        24242          inf
#[Mean    =    84586.298, StdDeviation   =    24370.446]
#[Max     =   114688.000, Total count    =        24242]
#[Buckets =           27, SubBuckets     =         2048]
----------------------------------------------------------
  24294 requests in 15.00m, 300.31MB read
  Socket errors: connect 0, read 0, write 6, timeout 0
Requests/sec:     26.99
Transfer/sec:    341.68KB
