Running 15m test @ http://10.102.31.28:8080/wrk2-api/post/compose
  2 threads and 4 connections
  Thread calibration: mean lat.: 3498.449ms, rate sampling interval: 8073ms
  Thread calibration: mean lat.: 1058.417ms, rate sampling interval: 7544ms
  Thread Stats   Avg      Stdev     99%   +/- Stdev
    Latency    38.19s     9.62s    0.95m    82.70%
    Req/Sec     3.06      1.51     6.00     94.27%
  Latency Distribution (HdrHistogram - Recorded Latency)
 50.000%   37.49s 
 75.000%   44.30s 
 90.000%   48.96s 
 99.000%    0.95m 
 99.900%    1.01m 
 99.990%    1.02m 
 99.999%    1.03m 
100.000%    1.03m 

  Detailed Percentile spectrum:
       Value   Percentile   TotalCount 1/(1-Percentile)

      51.711     0.000000            1         1.00
   31227.903     0.100000          641         1.11
   33390.591     0.200000         1279         1.25
   34799.615     0.300000         1920         1.43
   36208.639     0.400000         2557         1.67
   37486.591     0.500000         3202         2.00
   38502.399     0.550000         3516         2.22
   39780.351     0.600000         3826         2.50
   41189.375     0.650000         4151         2.86
   42467.327     0.700000         4465         3.33
   44302.335     0.750000         4790         4.00
   44990.463     0.775000         4945         4.44
   45613.055     0.800000         5104         5.00
   46301.183     0.825000         5260         5.71
   47022.079     0.850000         5429         6.67
   47874.047     0.875000         5580         8.00
   48365.567     0.887500         5659         8.89
   48955.391     0.900000         5742        10.00
   49414.143     0.912500         5818        11.43
   49905.663     0.925000         5897        13.33
   50593.791     0.937500         5977        16.00
   51150.847     0.943750         6018        17.78
   51642.367     0.950000         6057        20.00
   51937.279     0.956250         6097        22.86
   52756.479     0.962500         6137        26.67
   53575.679     0.968750         6177        32.00
   54067.199     0.971875         6196        35.56
   54919.167     0.975000         6216        40.00
   55574.527     0.978125         6237        45.71
   55869.439     0.981250         6256        53.33
   56229.887     0.984375         6276        64.00
   56426.495     0.985938         6287        71.11
   56688.639     0.987500         6296        80.00
   57049.087     0.989062         6306        91.43
   57769.983     0.990625         6316       106.67
   58720.255     0.992188         6327       128.00
   58851.327     0.992969         6331       142.22
   58982.399     0.993750         6337       160.00
   59146.239     0.994531         6342       182.86
   59342.847     0.995313         6346       213.33
   59473.919     0.996094         6351       256.00
   59539.455     0.996484         6353       284.44
   59736.063     0.996875         6356       320.00
   59834.367     0.997266         6359       365.71
   59932.671     0.997656         6361       426.67
   60063.743     0.998047         6363       512.00
   60096.511     0.998242         6364       568.89
   60391.423     0.998437         6366       640.00
   60489.727     0.998633         6367       731.43
   60588.031     0.998828         6368       853.33
   60686.335     0.999023         6369      1024.00
   60850.175     0.999121         6370      1137.78
   61079.551     0.999219         6371      1280.00
   61079.551     0.999316         6371      1462.86
   61112.319     0.999414         6372      1706.67
   61112.319     0.999512         6372      2048.00
   61276.159     0.999561         6373      2275.56
   61276.159     0.999609         6373      2560.00
   61276.159     0.999658         6373      2925.71
   61308.927     0.999707         6374      3413.33
   61308.927     0.999756         6374      4096.00
   61308.927     0.999780         6374      4551.11
   61308.927     0.999805         6374      5120.00
   61308.927     0.999829         6374      5851.43
   61636.607     0.999854         6375      6826.67
   61636.607     1.000000         6375          inf
#[Mean    =    38186.280, StdDeviation   =     9624.989]
#[Max     =    61603.840, Total count    =         6375]
#[Buckets =           27, SubBuckets     =         2048]
----------------------------------------------------------
  6429 requests in 15.00m, 1.32MB read
  Socket errors: connect 0, read 0, write 3, timeout 429
Requests/sec:      7.14
Transfer/sec:      1.50KB
