Running 15m test @ http://10.102.31.28:8080/wrk2-api/post/compose
  2 threads and 4 connections
  Thread calibration: mean lat.: 1748.029ms, rate sampling interval: 6696ms
  Thread calibration: mean lat.: 1128.792ms, rate sampling interval: 3508ms
  Thread Stats   Avg      Stdev     99%   +/- Stdev
    Latency     1.03m    24.43s    1.80m    72.26%
    Req/Sec    27.46      7.27    37.00     89.87%
  Latency Distribution (HdrHistogram - Recorded Latency)
 50.000%    0.92m 
 75.000%    1.00m 
 90.000%    1.69m 
 99.000%    1.80m 
 99.900%    1.84m 
 99.990%    1.85m 
 99.999%    1.85m 
100.000%    1.85m 

  Detailed Percentile spectrum:
       Value   Percentile   TotalCount 1/(1-Percentile)

       3.379     0.000000            1         1.00
   45613.055     0.100000         4966         1.11
   47906.815     0.200000        10001         1.25
   49643.519     0.300000        14873         1.43
   52527.103     0.400000        19830         1.67
   55214.079     0.500000        24826         2.00
   56393.727     0.550000        27262         2.22
   57475.071     0.600000        29781         2.50
   58064.895     0.650000        32331         2.86
   58720.255     0.700000        34692         3.33
   59932.671     0.750000        37195         4.00
   97386.495     0.775000        38417         4.44
   98828.287     0.800000        39698         5.00
   99614.719     0.825000        40902         5.71
  100335.615     0.850000        42195         6.67
  100925.439     0.875000        43365         8.00
  101187.583     0.887500        43973         8.89
  101515.263     0.900000        44605        10.00
  101908.479     0.912500        45327        11.43
  102236.159     0.925000        45833        13.33
  102694.911     0.937500        46467        16.00
  102957.055     0.943750        46810        17.78
  103481.343     0.950000        47105        20.00
  103874.559     0.956250        47394        22.86
  104398.847     0.962500        47713        26.67
  104792.063     0.968750        48030        32.00
  104988.671     0.971875        48188        35.56
  105119.743     0.975000        48320        40.00
  105316.351     0.978125        48459        45.71
  105775.103     0.981250        48626        53.33
  106299.391     0.984375        48780        64.00
  106495.999     0.985938        48878        71.11
  106627.071     0.987500        48925        80.00
  107675.647     0.989062        49017        91.43
  107937.791     0.990625        49090       106.67
  108331.007     0.992188        49157       128.00
  108986.367     0.992969        49205       142.22
  109445.119     0.993750        49231       160.00
  109707.263     0.994531        49272       182.86
  109903.871     0.995313        49323       213.33
  109969.407     0.996094        49358       256.00
  110034.943     0.996484        49383       284.44
  110100.479     0.996875        49397       320.00
  110166.015     0.997266        49420       365.71
  110231.551     0.997656        49437       426.67
  110297.087     0.998047        49460       512.00
  110297.087     0.998242        49460       568.89
  110362.623     0.998437        49477       640.00
  110362.623     0.998633        49477       731.43
  110428.159     0.998828        49491       853.33
  110493.695     0.999023        49503      1024.00
  110493.695     0.999121        49503      1137.78
  110493.695     0.999219        49503      1280.00
  110559.231     0.999316        49517      1462.86
  110559.231     0.999414        49517      1706.67
  110559.231     0.999512        49517      2048.00
  110624.767     0.999561        49520      2275.56
  110690.303     0.999609        49521      2560.00
  110755.839     0.999658        49527      2925.71
  110755.839     0.999707        49527      3413.33
  110821.375     0.999756        49529      4096.00
  110886.911     0.999780        49532      4551.11
  110886.911     0.999805        49532      5120.00
  110886.911     0.999829        49532      5851.43
  110952.447     0.999854        49536      6826.67
  110952.447     0.999878        49536      8192.00
  110952.447     0.999890        49536      9102.22
  110952.447     0.999902        49536     10240.00
  110952.447     0.999915        49536     11702.86
  111017.983     0.999927        49538     13653.33
  111017.983     0.999939        49538     16384.00
  111017.983     0.999945        49538     18204.44
  111017.983     0.999951        49538     20480.00
  111017.983     0.999957        49538     23405.71
  111083.519     0.999963        49539     27306.67
  111083.519     0.999969        49539     32768.00
  111083.519     0.999973        49539     36408.89
  111083.519     0.999976        49539     40960.00
  111083.519     0.999979        49539     46811.43
  111149.055     0.999982        49540     54613.33
  111149.055     1.000000        49540          inf
#[Mean    =    61863.349, StdDeviation   =    24434.612]
#[Max     =   111083.520, Total count    =        49540]
#[Buckets =           27, SubBuckets     =         2048]
----------------------------------------------------------
  49995 requests in 15.00m, 394.53MB read
  Socket errors: connect 0, read 0, write 5, timeout 0
Requests/sec:     55.55
Transfer/sec:    448.87KB
