Running 15m test @ http://10.102.31.28:8080/wrk2-api/post/compose
  2 threads and 4 connections
  Thread calibration: mean lat.: 5805.265ms, rate sampling interval: 14704ms
  Thread calibration: mean lat.: 4780.185ms, rate sampling interval: 16703ms
  Thread Stats   Avg      Stdev     99%   +/- Stdev
    Latency     1.02m    23.42s    1.81m    75.88%
    Req/Sec    13.59      3.21    17.00     92.92%
  Latency Distribution (HdrHistogram - Recorded Latency)
 50.000%    0.85m 
 75.000%    0.95m 
 90.000%    1.71m 
 99.000%    1.81m 
 99.900%    1.83m 
 99.990%    1.84m 
 99.999%    1.84m 
100.000%    1.84m 

  Detailed Percentile spectrum:
       Value   Percentile   TotalCount 1/(1-Percentile)

    7602.175     0.000000            1         1.00
   41451.519     0.100000         2523         1.11
   43941.887     0.200000         5011         1.25
   47906.815     0.300000         7526         1.43
   49545.215     0.400000        10003         1.67
   51281.919     0.500000        12499         2.00
   52068.351     0.550000        13772         2.22
   52756.479     0.600000        14999         2.50
   53510.143     0.650000        16264         2.86
   54525.951     0.700000        17515         3.33
   57278.463     0.750000        18740         4.00
   95682.559     0.775000        19374         4.44
   97452.031     0.800000        19988         5.00
   99549.183     0.825000        20630         5.71
  100663.295     0.850000        21249         6.67
  101711.871     0.875000        21870         8.00
  102039.551     0.887500        22177         8.89
  102694.911     0.900000        22503        10.00
  103809.023     0.912500        22816        11.43
  104464.383     0.925000        23121        13.33
  105119.743     0.937500        23461        16.00
  105381.887     0.943750        23610        17.78
  105709.567     0.950000        23758        20.00
  106102.783     0.956250        23905        22.86
  106495.999     0.962500        24048        26.67
  107151.359     0.968750        24207        32.00
  107479.039     0.971875        24290        35.56
  107675.647     0.975000        24365        40.00
  107872.255     0.978125        24448        45.71
  108134.399     0.981250        24545        53.33
  108265.471     0.984375        24620        64.00
  108331.007     0.985938        24648        71.11
  108396.543     0.987500        24673        80.00
  108527.615     0.989062        24717        91.43
  108658.687     0.990625        24751       106.67
  108920.831     0.992188        24798       128.00
  108986.367     0.992969        24809       142.22
  109051.903     0.993750        24829       160.00
  109182.975     0.994531        24851       182.86
  109314.047     0.995313        24868       213.33
  109445.119     0.996094        24892       256.00
  109510.655     0.996484        24901       284.44
  109576.191     0.996875        24909       320.00
  109641.727     0.997266        24918       365.71
  109707.263     0.997656        24928       426.67
  109772.799     0.998047        24945       512.00
  109772.799     0.998242        24945       568.89
  109772.799     0.998437        24945       640.00
  109838.335     0.998633        24951       731.43
  109903.871     0.998828        24956       853.33
  109969.407     0.999023        24962      1024.00
  110034.943     0.999121        24969      1137.78
  110034.943     0.999219        24969      1280.00
  110034.943     0.999316        24969      1462.86
  110100.479     0.999414        24974      1706.67
  110100.479     0.999512        24974      2048.00
  110100.479     0.999561        24974      2275.56
  110166.015     0.999609        24980      2560.00
  110166.015     0.999658        24980      2925.71
  110166.015     0.999707        24980      3413.33
  110166.015     0.999756        24980      4096.00
  110166.015     0.999780        24980      4551.11
  110166.015     0.999805        24980      5120.00
  110166.015     0.999829        24980      5851.43
  110231.551     0.999854        24984      6826.67
  110231.551     1.000000        24984          inf
#[Mean    =    60915.618, StdDeviation   =    23416.379]
#[Max     =   110166.016, Total count    =        24984]
#[Buckets =           27, SubBuckets     =         2048]
----------------------------------------------------------
  25017 requests in 15.00m, 309.25MB read
  Socket errors: connect 0, read 0, write 5, timeout 0
Requests/sec:     27.79
Transfer/sec:    351.82KB
