Running 15m test @ http://10.99.39.123:8080/wrk2-api/post/compose
  2 threads and 4 connections
  Thread calibration: mean lat.: 849.477ms, rate sampling interval: 3309ms
  Thread calibration: mean lat.: 1055.703ms, rate sampling interval: 5808ms
  Thread Stats   Avg      Stdev     99%   +/- Stdev
    Latency     1.10m    22.22s    1.71m    65.77%
    Req/Sec     4.13      1.56     7.00     89.79%
  Latency Distribution (HdrHistogram - Recorded Latency)
 50.000%    1.08m 
 75.000%    1.42m 
 90.000%    1.50m 
 99.000%    1.71m 
 99.900%    1.77m 
 99.990%    1.78m 
 99.999%    1.79m 
100.000%    1.79m 

  Detailed Percentile spectrum:
       Value   Percentile   TotalCount 1/(1-Percentile)

      17.215     0.000000            1         1.00
   39485.439     0.100000          820         1.11
   43778.047     0.200000         1641         1.25
   55115.775     0.300000         2456         1.43
   59211.775     0.400000         3278         1.67
   64651.263     0.500000         4090         2.00
   77201.407     0.550000         4498         2.22
   80412.671     0.600000         4921         2.50
   82509.823     0.650000         5336         2.86
   83951.615     0.700000         5728         3.33
   85458.943     0.750000         6143         4.00
   86179.839     0.775000         6346         4.44
   86835.199     0.800000         6558         5.00
   87359.487     0.825000         6753         5.71
   88014.847     0.850000         6969         6.67
   88866.815     0.875000         7162         8.00
   89522.175     0.887500         7258         8.89
   90243.071     0.900000         7364        10.00
   91095.039     0.912500         7465        11.43
   92012.543     0.925000         7566        13.33
   93388.799     0.937500         7673        16.00
   94109.695     0.943750         7719        17.78
   94830.591     0.950000         7771        20.00
   95223.807     0.956250         7823        22.86
   95813.631     0.962500         7879        26.67
   96665.599     0.968750         7923        32.00
   97124.351     0.971875         7951        35.56
   97976.319     0.975000         7975        40.00
   98828.287     0.978125         8001        45.71
   99418.111     0.981250         8028        53.33
  100532.223     0.984375         8051        64.00
  101056.511     0.985938         8063        71.11
  101515.263     0.987500         8077        80.00
  101842.943     0.989062         8089        91.43
  102498.303     0.990625         8102       106.67
  102957.055     0.992188         8117       128.00
  103219.199     0.992969         8121       142.22
  103350.271     0.993750         8128       160.00
  103612.415     0.994531         8135       182.86
  104333.311     0.995313         8140       213.33
  105054.207     0.996094         8147       256.00
  105185.279     0.996484         8150       284.44
  105250.815     0.996875         8153       320.00
  105512.959     0.997266         8156       365.71
  105578.495     0.997656         8159       426.67
  105644.031     0.998047         8163       512.00
  105840.639     0.998242         8166       568.89
  105840.639     0.998437         8166       640.00
  105906.175     0.998633         8169       731.43
  105906.175     0.998828         8169       853.33
  106102.783     0.999023         8171      1024.00
  106102.783     0.999121         8171      1137.78
  106168.319     0.999219         8173      1280.00
  106168.319     0.999316         8173      1462.86
  106364.927     0.999414         8174      1706.67
  106430.463     0.999512         8175      2048.00
  106430.463     0.999561         8175      2275.56
  106430.463     0.999609         8175      2560.00
  106692.607     0.999658         8176      2925.71
  106692.607     0.999707         8176      3413.33
  107020.287     0.999756         8177      4096.00
  107020.287     0.999780         8177      4551.11
  107020.287     0.999805         8177      5120.00
  107020.287     0.999829         8177      5851.43
  107020.287     0.999854         8177      6826.67
  107282.431     0.999878         8178      8192.00
  107282.431     1.000000         8178          inf
#[Mean    =    66012.519, StdDeviation   =    22215.158]
#[Max     =   107216.896, Total count    =         8178]
#[Buckets =           27, SubBuckets     =         2048]
----------------------------------------------------------
  8279 requests in 15.00m, 1.70MB read
  Socket errors: connect 0, read 0, write 7, timeout 18
Requests/sec:      9.20
Transfer/sec:      1.93KB
