Running 15m test @ http://10.99.39.123:8080/wrk2-api/post/compose
  2 threads and 4 connections
  Thread calibration: mean lat.: 4339.215ms, rate sampling interval: 15761ms
  Thread calibration: mean lat.: 5083.896ms, rate sampling interval: 17383ms
  Thread Stats   Avg      Stdev     99%   +/- Stdev
    Latency     1.68m     7.38s    1.81m    96.66%
    Req/Sec    26.28      8.64    32.00     88.79%
  Latency Distribution (HdrHistogram - Recorded Latency)
 50.000%    1.69m 
 75.000%    1.73m 
 90.000%    1.76m 
 99.000%    1.81m 
 99.900%    1.83m 
 99.990%    1.83m 
 99.999%    1.84m 
100.000%    1.84m 

  Detailed Percentile spectrum:
       Value   Percentile   TotalCount 1/(1-Percentile)

    8384.511     0.000000            1         1.00
   96534.527     0.100000         4870         1.11
   99024.895     0.200000         9740         1.25
   99942.399     0.300000        14584         1.43
  100794.367     0.400000        19344         1.67
  101580.799     0.500000        24239         2.00
  101908.479     0.550000        26599         2.22
  102236.159     0.600000        28766         2.50
  102563.839     0.650000        31030         2.86
  103022.591     0.700000        33473         3.33
  103612.415     0.750000        35836         4.00
  103940.095     0.775000        37027         4.44
  104333.311     0.800000        38389         5.00
  104660.991     0.825000        39574         5.71
  104988.671     0.850000        40632         6.67
  105447.423     0.875000        41881         8.00
  105644.031     0.887500        42404         8.89
  105840.639     0.900000        42949        10.00
  106168.319     0.912500        43560        11.43
  106561.535     0.925000        44150        13.33
  106889.215     0.937500        44745        16.00
  107085.823     0.943750        45121        17.78
  107216.895     0.950000        45394        20.00
  107347.967     0.956250        45656        22.86
  107479.039     0.962500        45936        26.67
  107675.647     0.968750        46260        32.00
  107741.183     0.971875        46370        35.56
  107872.255     0.975000        46559        40.00
  108003.327     0.978125        46689        45.71
  108134.399     0.981250        46840        53.33
  108331.007     0.984375        46995        64.00
  108396.543     0.985938        47039        71.11
  108527.615     0.987500        47122        80.00
  108724.223     0.989062        47214        91.43
  108789.759     0.990625        47261       106.67
  108920.831     0.992188        47347       128.00
  108986.367     0.992969        47377       142.22
  109051.903     0.993750        47416       160.00
  109182.975     0.994531        47462       182.86
  109248.511     0.995313        47485       213.33
  109379.583     0.996094        47529       256.00
  109445.119     0.996484        47553       284.44
  109510.655     0.996875        47582       320.00
  109510.655     0.997266        47582       365.71
  109576.191     0.997656        47618       426.67
  109576.191     0.998047        47618       512.00
  109641.727     0.998242        47643       568.89
  109641.727     0.998437        47643       640.00
  109641.727     0.998633        47643       731.43
  109707.263     0.998828        47652       853.33
  109772.799     0.999023        47673      1024.00
  109772.799     0.999121        47673      1137.78
  109772.799     0.999219        47673      1280.00
  109772.799     0.999316        47673      1462.86
  109838.335     0.999414        47686      1706.67
  109838.335     0.999512        47686      2048.00
  109838.335     0.999561        47686      2275.56
  109838.335     0.999609        47686      2560.00
  109903.871     0.999658        47698      2925.71
  109903.871     0.999707        47698      3413.33
  109903.871     0.999756        47698      4096.00
  109903.871     0.999780        47698      4551.11
  109903.871     0.999805        47698      5120.00
  109903.871     0.999829        47698      5851.43
  109903.871     0.999854        47698      6826.67
  109969.407     0.999878        47700      8192.00
  109969.407     0.999890        47700      9102.22
  109969.407     0.999902        47700     10240.00
  109969.407     0.999915        47700     11702.86
  110034.943     0.999927        47702     13653.33
  110034.943     0.999939        47702     16384.00
  110034.943     0.999945        47702     18204.44
  110034.943     0.999951        47702     20480.00
  110034.943     0.999957        47702     23405.71
  110100.479     0.999963        47703     27306.67
  110100.479     0.999969        47703     32768.00
  110100.479     0.999973        47703     36408.89
  110100.479     0.999976        47703     40960.00
  110100.479     0.999979        47703     46811.43
  110166.015     0.999982        47704     54613.33
  110166.015     1.000000        47704          inf
#[Mean    =   100876.824, StdDeviation   =     7379.409]
#[Max     =   110100.480, Total count    =        47704]
#[Buckets =           27, SubBuckets     =         2048]
----------------------------------------------------------
  47789 requests in 15.00m, 417.32MB read
  Socket errors: connect 0, read 0, write 4, timeout 0
Requests/sec:     53.10
Transfer/sec:    474.80KB
