Running 15m test @ http://10.99.39.123:8080/wrk2-api/post/compose
  2 threads and 4 connections
  Thread calibration: mean lat.: 5109.153ms, rate sampling interval: 15155ms
  Thread calibration: mean lat.: 5036.056ms, rate sampling interval: 15441ms
  Thread Stats   Avg      Stdev     99%   +/- Stdev
    Latency     1.41m    22.78s    1.83m    70.75%
    Req/Sec    13.10      3.81    17.00     88.70%
  Latency Distribution (HdrHistogram - Recorded Latency)
 50.000%    1.59m 
 75.000%    1.67m 
 90.000%    1.74m 
 99.000%    1.83m 
 99.900%    1.86m 
 99.990%    1.87m 
 99.999%    1.87m 
100.000%    1.87m 

  Detailed Percentile spectrum:
       Value   Percentile   TotalCount 1/(1-Percentile)

    7806.975     0.000000            1         1.00
   47480.831     0.100000         2443         1.11
   50331.647     0.200000         4861         1.25
   87490.559     0.300000         7280         1.43
   93126.655     0.400000         9738         1.67
   95682.559     0.500000        12116         2.00
   96600.063     0.550000        13358         2.22
   97386.495     0.600000        14579         2.50
   98303.999     0.650000        15773         2.86
   99090.431     0.700000        16968         3.33
  100007.935     0.750000        18208         4.00
  100597.759     0.775000        18825         4.44
  101253.119     0.800000        19398         5.00
  101777.407     0.825000        20013         5.71
  102367.231     0.850000        20611         6.67
  103481.343     0.875000        21218         8.00
  104071.167     0.887500        21527         8.89
  104464.383     0.900000        21833        10.00
  104792.063     0.912500        22164        11.43
  105185.279     0.925000        22459        13.33
  105709.567     0.937500        22733        16.00
  105971.711     0.943750        22878        17.78
  106233.855     0.950000        23024        20.00
  106627.071     0.956250        23174        22.86
  107020.287     0.962500        23338        26.67
  107347.967     0.968750        23492        32.00
  107479.039     0.971875        23552        35.56
  107741.183     0.975000        23630        40.00
  108134.399     0.978125        23711        45.71
  108527.615     0.981250        23790        53.33
  108855.295     0.984375        23855        64.00
  109051.903     0.985938        23899        71.11
  109248.511     0.987500        23932        80.00
  109510.655     0.989062        23968        91.43
  109838.335     0.990625        24008       106.67
  110100.479     0.992188        24054       128.00
  110166.015     0.992969        24064       142.22
  110297.087     0.993750        24086       160.00
  110428.159     0.994531        24103       182.86
  110559.231     0.995313        24119       213.33
  110821.375     0.996094        24139       256.00
  110886.911     0.996484        24150       284.44
  111017.983     0.996875        24159       320.00
  111149.055     0.997266        24167       365.71
  111280.127     0.997656        24177       426.67
  111411.199     0.998047        24190       512.00
  111411.199     0.998242        24190       568.89
  111476.735     0.998437        24199       640.00
  111476.735     0.998633        24199       731.43
  111607.807     0.998828        24205       853.33
  111804.415     0.999023        24213      1024.00
  111804.415     0.999121        24213      1137.78
  111869.951     0.999219        24216      1280.00
  111869.951     0.999316        24216      1462.86
  111935.487     0.999414        24221      1706.67
  111935.487     0.999512        24221      2048.00
  112001.023     0.999561        24223      2275.56
  112001.023     0.999609        24223      2560.00
  112066.559     0.999658        24228      2925.71
  112066.559     0.999707        24228      3413.33
  112066.559     0.999756        24228      4096.00
  112066.559     0.999780        24228      4551.11
  112066.559     0.999805        24228      5120.00
  112066.559     0.999829        24228      5851.43
  112132.095     0.999854        24231      6826.67
  112132.095     0.999878        24231      8192.00
  112132.095     0.999890        24231      9102.22
  112132.095     0.999902        24231     10240.00
  112132.095     0.999915        24231     11702.86
  112132.095     0.999927        24231     13653.33
  112132.095     0.999939        24231     16384.00
  112132.095     0.999945        24231     18204.44
  112132.095     0.999951        24231     20480.00
  112132.095     0.999957        24231     23405.71
  112197.631     0.999963        24232     27306.67
  112197.631     1.000000        24232          inf
#[Mean    =    84674.289, StdDeviation   =    22782.881]
#[Max     =   112132.096, Total count    =        24232]
#[Buckets =           27, SubBuckets     =         2048]
----------------------------------------------------------
  24291 requests in 15.00m, 300.34MB read
  Socket errors: connect 0, read 0, write 5, timeout 0
Requests/sec:     26.99
Transfer/sec:    341.67KB
