Running 15m test @ http://10.97.218.55:8080/wrk2-api/post/compose
  2 threads and 4 connections
  Thread calibration: mean lat.: 1042.787ms, rate sampling interval: 3446ms
  Thread calibration: mean lat.: 838.358ms, rate sampling interval: 4734ms
  Thread Stats   Avg      Stdev     99%   +/- Stdev
    Latency     0.98m    15.52s    1.43m    74.11%
    Req/Sec     4.16      1.48     7.00     90.58%
  Latency Distribution (HdrHistogram - Recorded Latency)
 50.000%    0.97m 
 75.000%    1.14m 
 90.000%    1.31m 
 99.000%    1.43m 
 99.900%    1.47m 
 99.990%    1.49m 
 99.999%    1.49m 
100.000%    1.49m 

  Detailed Percentile spectrum:
       Value   Percentile   TotalCount 1/(1-Percentile)

      12.407     0.000000            1         1.00
   44662.783     0.100000          829         1.11
   48824.319     0.200000         1666         1.25
   51118.079     0.300000         2490         1.43
   53739.519     0.400000         3312         1.67
   58228.735     0.500000         4148         2.00
   61308.927     0.550000         4558         2.22
   63307.775     0.600000         4968         2.50
   64684.031     0.650000         5385         2.86
   66650.111     0.700000         5797         3.33
   68681.727     0.750000         6210         4.00
   69926.911     0.775000         6415         4.44
   72351.743     0.800000         6622         5.00
   74973.183     0.825000         6833         5.71
   76414.975     0.850000         7044         6.67
   77594.623     0.875000         7253         8.00
   78315.519     0.887500         7360         8.89
   78839.807     0.900000         7455        10.00
   79364.095     0.912500         7563        11.43
   79953.919     0.925000         7668        13.33
   80674.815     0.937500         7760        16.00
   81330.175     0.943750         7819        17.78
   81788.927     0.950000         7870        20.00
   82182.143     0.956250         7915        22.86
   82903.039     0.962500         7967        26.67
   83492.863     0.968750         8020        32.00
   83820.543     0.971875         8047        35.56
   84148.223     0.975000         8074        40.00
   84475.903     0.978125         8102        45.71
   84803.583     0.981250         8124        53.33
   85065.727     0.984375         8149        64.00
   85327.871     0.985938         8163        71.11
   85655.551     0.987500         8176        80.00
   85786.623     0.989062         8188        91.43
   85983.231     0.990625         8202       106.67
   86245.375     0.992188         8216       128.00
   86310.911     0.992969         8219       142.22
   86441.983     0.993750         8228       160.00
   86573.055     0.994531         8232       182.86
   86835.199     0.995313         8239       213.33
   86966.271     0.996094         8245       256.00
   87162.879     0.996484         8248       284.44
   87359.487     0.996875         8253       320.00
   87490.559     0.997266         8255       365.71
   87556.095     0.997656         8259       426.67
   87687.167     0.998047         8262       512.00
   87752.703     0.998242         8263       568.89
   87883.775     0.998437         8267       640.00
   87883.775     0.998633         8267       731.43
   88211.455     0.998828         8270       853.33
   88211.455     0.999023         8270      1024.00
   88211.455     0.999121         8270      1137.78
   88408.063     0.999219         8271      1280.00
   88473.599     0.999316         8272      1462.86
   88735.743     0.999414         8273      1706.67
   88735.743     0.999512         8273      2048.00
   88866.815     0.999561         8274      2275.56
   88866.815     0.999609         8274      2560.00
   88997.887     0.999658         8275      2925.71
   88997.887     0.999707         8275      3413.33
   88997.887     0.999756         8275      4096.00
   89194.495     0.999780         8276      4551.11
   89194.495     0.999805         8276      5120.00
   89194.495     0.999829         8276      5851.43
   89194.495     0.999854         8276      6826.67
   89194.495     0.999878         8276      8192.00
   89260.031     0.999890         8277      9102.22
   89260.031     1.000000         8277          inf
#[Mean    =    58673.487, StdDeviation   =    15519.974]
#[Max     =    89194.496, Total count    =         8277]
#[Buckets =           27, SubBuckets     =         2048]
----------------------------------------------------------
  8353 requests in 15.00m, 1.71MB read
  Socket errors: connect 0, read 0, write 6, timeout 19
Requests/sec:      9.28
Transfer/sec:      1.95KB
