Running 15m test @ http://10.97.218.55:8080/wrk2-api/post/compose
  2 threads and 4 connections
  Thread calibration: mean lat.: 5193.645ms, rate sampling interval: 16654ms
  Thread calibration: mean lat.: 2382.969ms, rate sampling interval: 8396ms
  Thread Stats   Avg      Stdev     99%   +/- Stdev
    Latency     1.35m    28.58s    1.81m    72.77%
    Req/Sec    27.09      7.20    33.00     88.68%
  Latency Distribution (HdrHistogram - Recorded Latency)
 50.000%    1.58m 
 75.000%    1.66m 
 90.000%    1.75m 
 99.000%    1.81m 
 99.900%    1.83m 
 99.990%    1.83m 
 99.999%    1.83m 
100.000%    1.83m 

  Detailed Percentile spectrum:
       Value   Percentile   TotalCount 1/(1-Percentile)

    3504.127     0.000000            1         1.00
   34963.455     0.100000         4922         1.11
   36438.015     0.200000         9788         1.25
   92340.223     0.300000        14662         1.43
   93913.087     0.400000        19690         1.67
   95092.735     0.500000        24454         2.00
   95682.559     0.550000        27098         2.22
   96206.847     0.600000        29318         2.50
   97058.815     0.650000        31837         2.86
   98041.855     0.700000        34281         3.33
   99876.863     0.750000        36625         4.00
  101777.407     0.775000        37838         4.44
  102629.375     0.800000        39164         5.00
  103415.807     0.825000        40286         5.71
  103940.095     0.850000        41628         6.67
  104398.847     0.875000        42736         8.00
  104792.063     0.887500        43408         8.89
  105054.207     0.900000        43993        10.00
  105316.351     0.912500        44516        11.43
  105709.567     0.925000        45198        13.33
  106102.783     0.937500        45793        16.00
  106299.391     0.943750        46182        17.78
  106430.463     0.950000        46505        20.00
  106561.535     0.956250        46721        22.86
  106823.679     0.962500        46993        26.67
  107151.359     0.968750        47294        32.00
  107282.431     0.971875        47409        35.56
  107544.575     0.975000        47603        40.00
  107741.183     0.978125        47734        45.71
  108003.327     0.981250        47890        53.33
  108265.471     0.984375        48039        64.00
  108396.543     0.985938        48138        71.11
  108462.079     0.987500        48179        80.00
  108593.151     0.989062        48269        91.43
  108724.223     0.990625        48342       106.67
  108855.295     0.992188        48429       128.00
  108920.831     0.992969        48453       142.22
  108986.367     0.993750        48495       160.00
  109051.903     0.994531        48524       182.86
  109182.975     0.995313        48573       213.33
  109248.511     0.996094        48604       256.00
  109314.047     0.996484        48631       284.44
  109314.047     0.996875        48631       320.00
  109379.583     0.997266        48647       365.71
  109445.119     0.997656        48679       426.67
  109510.655     0.998047        48701       512.00
  109510.655     0.998242        48701       568.89
  109576.191     0.998437        48734       640.00
  109576.191     0.998633        48734       731.43
  109576.191     0.998828        48734       853.33
  109576.191     0.999023        48734      1024.00
  109641.727     0.999121        48750      1137.78
  109641.727     0.999219        48750      1280.00
  109641.727     0.999316        48750      1462.86
  109707.263     0.999414        48765      1706.67
  109707.263     0.999512        48765      2048.00
  109707.263     0.999561        48765      2275.56
  109707.263     0.999609        48765      2560.00
  109707.263     0.999658        48765      2925.71
  109772.799     0.999707        48775      3413.33
  109772.799     0.999756        48775      4096.00
  109772.799     0.999780        48775      4551.11
  109772.799     0.999805        48775      5120.00
  109772.799     0.999829        48775      5851.43
  109772.799     0.999854        48775      6826.67
  109772.799     0.999878        48775      8192.00
  109772.799     0.999890        48775      9102.22
  109838.335     0.999902        48778     10240.00
  109838.335     0.999915        48778     11702.86
  109838.335     0.999927        48778     13653.33
  109838.335     0.999939        48778     16384.00
  109838.335     0.999945        48778     18204.44
  109838.335     0.999951        48778     20480.00
  109838.335     0.999957        48778     23405.71
  109903.871     0.999963        48780     27306.67
  109903.871     1.000000        48780          inf
#[Mean    =    81129.513, StdDeviation   =    28577.670]
#[Max     =   109838.336, Total count    =        48780]
#[Buckets =           27, SubBuckets     =         2048]
----------------------------------------------------------
  48913 requests in 15.00m, 425.19MB read
  Socket errors: connect 0, read 0, write 4, timeout 0
Requests/sec:     54.35
Transfer/sec:    483.75KB
