Running 15m test @ http://10.97.218.55:8080/wrk2-api/post/compose
  2 threads and 4 connections
  Thread calibration: mean lat.: 4235.810ms, rate sampling interval: 12550ms
  Thread calibration: mean lat.: 5296.762ms, rate sampling interval: 15925ms
  Thread Stats   Avg      Stdev     99%   +/- Stdev
    Latency     1.42m    27.47s    1.88m    72.31%
    Req/Sec    13.13      3.90    16.00     88.80%
  Latency Distribution (HdrHistogram - Recorded Latency)
 50.000%    1.66m 
 75.000%    1.73m 
 90.000%    1.79m 
 99.000%    1.88m 
 99.900%    1.91m 
 99.990%    1.92m 
 99.999%    1.92m 
100.000%    1.92m 

  Detailed Percentile spectrum:
       Value   Percentile   TotalCount 1/(1-Percentile)

    6242.303     0.000000            1         1.00
   40599.551     0.100000         2453         1.11
   42598.399     0.200000         4846         1.25
   92274.687     0.300000         7267         1.43
   97058.815     0.400000         9723         1.67
   99745.791     0.500000        12158         2.00
  100597.759     0.550000        13334         2.22
  101384.191     0.600000        14567         2.50
  102105.087     0.650000        15834         2.86
  102891.519     0.700000        16941         3.33
  103612.415     0.750000        18155         4.00
  104071.167     0.775000        18831         4.44
  104464.383     0.800000        19394         5.00
  104857.599     0.825000        19981         5.71
  105447.423     0.850000        20588         6.67
  106299.391     0.875000        21187         8.00
  106889.215     0.887500        21477         8.89
  107544.575     0.900000        21784        10.00
  108658.687     0.912500        22082        11.43
  109707.263     0.925000        22382        13.33
  110428.159     0.937500        22716        16.00
  110690.303     0.943750        22889        17.78
  110886.911     0.950000        23025        20.00
  111083.519     0.956250        23170        22.86
  111280.127     0.962500        23329        26.67
  111476.735     0.968750        23467        32.00
  111607.807     0.971875        23550        35.56
  111673.343     0.975000        23592        40.00
  111935.487     0.978125        23672        45.71
  112263.167     0.981250        23754        53.33
  112525.311     0.984375        23823        64.00
  112656.383     0.985938        23864        71.11
  112787.455     0.987500        23898        80.00
  112918.527     0.989062        23931        91.43
  113180.671     0.990625        23971       106.67
  113639.423     0.992188        24006       128.00
  113901.567     0.992969        24034       142.22
  114032.639     0.993750        24048       160.00
  114163.711     0.994531        24081       182.86
  114229.247     0.995313        24098       213.33
  114294.783     0.996094        24116       256.00
  114294.783     0.996484        24116       284.44
  114360.319     0.996875        24123       320.00
  114425.855     0.997266        24133       365.71
  114491.391     0.997656        24140       426.67
  114622.463     0.998047        24155       512.00
  114622.463     0.998242        24155       568.89
  114687.999     0.998437        24162       640.00
  114687.999     0.998633        24162       731.43
  114753.535     0.998828        24167       853.33
  114819.071     0.999023        24174      1024.00
  114819.071     0.999121        24174      1137.78
  114884.607     0.999219        24180      1280.00
  114884.607     0.999316        24180      1462.86
  114950.143     0.999414        24188      1706.67
  114950.143     0.999512        24188      2048.00
  114950.143     0.999561        24188      2275.56
  114950.143     0.999609        24188      2560.00
  114950.143     0.999658        24188      2925.71
  114950.143     0.999707        24188      3413.33
  115015.679     0.999756        24195      4096.00
  115015.679     1.000000        24195          inf
#[Mean    =    85486.341, StdDeviation   =    27466.867]
#[Max     =   114950.144, Total count    =        24195]
#[Buckets =           27, SubBuckets     =         2048]
----------------------------------------------------------
  24266 requests in 15.00m, 300.03MB read
  Socket errors: connect 0, read 0, write 4, timeout 0
Requests/sec:     26.96
Transfer/sec:    341.35KB
