Running 15m test @ http://10.107.81.244:8080/wrk2-api/post/compose
  2 threads and 4 connections
  Thread calibration: mean lat.: 221.297ms, rate sampling interval: 1176ms
  Thread calibration: mean lat.: 672.842ms, rate sampling interval: 5517ms
  Thread Stats   Avg      Stdev     99%   +/- Stdev
    Latency     2.17m     1.32m    4.33m    61.29%
    Req/Sec     3.23      2.14     8.00     81.35%
  Latency Distribution (HdrHistogram - Recorded Latency)
 50.000%    2.10m 
 75.000%    3.20m 
 90.000%    3.97m 
 99.000%    4.33m 
 99.900%    4.40m 
 99.990%    4.41m 
 99.999%    4.41m 
100.000%    4.41m 

  Detailed Percentile spectrum:
       Value   Percentile   TotalCount 1/(1-Percentile)

      11.823     0.000000            1         1.00
    9986.047     0.100000          694         1.11
   50659.327     0.200000         1387         1.25
   91619.327     0.300000         2082         1.43
   97189.887     0.400000         2776         1.67
  125763.583     0.500000         3467         2.00
  149291.007     0.550000         3814         2.22
  174063.615     0.600000         4163         2.50
  183894.015     0.650000         4511         2.86
  187301.887     0.700000         4854         3.33
  192151.551     0.750000         5206         4.00
  194641.919     0.775000         5377         4.44
  198180.863     0.800000         5552         5.00
  222953.471     0.825000         5720         5.71
  233832.447     0.850000         5894         6.67
  236453.887     0.875000         6074         8.00
  237371.391     0.887500         6156         8.89
  238288.895     0.900000         6247        10.00
  238944.255     0.912500         6329        11.43
  239599.615     0.925000         6414        13.33
  241041.407     0.937500         6508        16.00
  241827.839     0.943750         6544        17.78
  242876.415     0.950000         6591        20.00
  245104.639     0.956250         6630        22.86
  248643.583     0.962500         6675        26.67
  249823.231     0.968750         6720        32.00
  250347.519     0.971875         6742        35.56
  251265.023     0.975000         6762        40.00
  252051.455     0.978125         6787        45.71
  252837.887     0.981250         6804        53.33
  255852.543     0.984375         6825        64.00
  256638.975     0.985938         6836        71.11
  258211.839     0.987500         6847        80.00
  259260.415     0.989062         6858        91.43
  259784.703     0.990625         6870       106.67
  260177.919     0.992188         6880       128.00
  260440.063     0.992969         6886       142.22
  260833.279     0.993750         6891       160.00
  261226.495     0.994531         6896       182.86
  262012.927     0.995313         6901       213.33
  262537.215     0.996094         6906       256.00
  262668.287     0.996484         6909       284.44
  263323.647     0.996875         6914       320.00
  263454.719     0.997266         6915       365.71
  263585.791     0.997656         6919       426.67
  263716.863     0.998047         6923       512.00
  263716.863     0.998242         6923       568.89
  263716.863     0.998437         6923       640.00
  263847.935     0.998633         6924       731.43
  263979.007     0.998828         6926       853.33
  264110.079     0.999023         6927      1024.00
  264110.079     0.999121         6927      1137.78
  264241.151     0.999219         6928      1280.00
  264372.223     0.999316         6931      1462.86
  264372.223     0.999414         6931      1706.67
  264372.223     0.999512         6931      2048.00
  264372.223     0.999561         6931      2275.56
  264372.223     0.999609         6931      2560.00
  264372.223     0.999658         6931      2925.71
  264372.223     0.999707         6931      3413.33
  264634.367     0.999756         6932      4096.00
  264634.367     0.999780         6932      4551.11
  264634.367     0.999805         6932      5120.00
  264634.367     0.999829         6932      5851.43
  264634.367     0.999854         6932      6826.67
  264896.511     0.999878         6933      8192.00
  264896.511     1.000000         6933          inf
#[Mean    =   130354.899, StdDeviation   =    79245.726]
#[Max     =   264765.440, Total count    =         6933]
#[Buckets =           27, SubBuckets     =         2048]
----------------------------------------------------------
  7043 requests in 15.00m, 1.44MB read
  Socket errors: connect 0, read 0, write 6, timeout 346
  Non-2xx or 3xx responses: 1
Requests/sec:      7.82
Transfer/sec:      1.64KB
