Running 15m test @ http://10.107.81.244:8080/wrk2-api/post/compose
  2 threads and 4 connections
  Thread calibration: mean lat.: 4956.714ms, rate sampling interval: 16277ms
  Thread calibration: mean lat.: 30.892ms, rate sampling interval: 89ms
  Thread Stats   Avg      Stdev     99%   +/- Stdev
    Latency     7.30m     2.23m   10.31m    78.26%
    Req/Sec     4.36      6.68    22.00     93.84%
  Latency Distribution (HdrHistogram - Recorded Latency)
 50.000%    7.78m 
 75.000%    8.46m 
 90.000%    9.41m 
 99.000%   10.31m 
 99.900%   10.50m 
 99.990%   10.53m 
 99.999%   10.53m 
100.000%   10.53m 

  Detailed Percentile spectrum:
       Value   Percentile   TotalCount 1/(1-Percentile)

       5.139     0.000000            1         1.00
  224002.047     0.100000          842         1.11
  422576.127     0.200000         1690         1.25
  436207.615     0.300000         2523         1.43
  451149.823     0.400000         3374         1.67
  466878.463     0.500000         4205         2.00
  474218.495     0.550000         4624         2.22
  481558.527     0.600000         5052         2.50
  489947.135     0.650000         5475         2.86
  498860.031     0.700000         5894         3.33
  507510.783     0.750000         6304         4.00
  511967.231     0.775000         6517         4.44
  520093.695     0.800000         6730         5.00
  527958.015     0.825000         6941         5.71
  535298.047     0.850000         7147         6.67
  543686.655     0.875000         7357         8.00
  553648.127     0.887500         7461         8.89
  564658.175     0.900000         7565        10.00
  574619.647     0.912500         7676        11.43
  585629.695     0.925000         7775        13.33
  595066.879     0.937500         7884        16.00
  597688.319     0.943750         7937        17.78
  600309.759     0.950000         7990        20.00
  603455.487     0.956250         8042        22.86
  606076.927     0.962500         8095        26.67
  608698.367     0.968750         8150        32.00
  610271.231     0.971875         8184        35.56
  611319.807     0.975000         8206        40.00
  612368.383     0.978125         8231        45.71
  613941.247     0.981250         8256        53.33
  615514.111     0.984375         8279        64.00
  616562.687     0.985938         8291        71.11
  617611.263     0.987500         8304        80.00
  618135.551     0.989062         8319        91.43
  618659.839     0.990625         8327       106.67
  620232.703     0.992188         8341       128.00
  621281.279     0.992969         8348       142.22
  622329.855     0.993750         8356       160.00
  623378.431     0.994531         8362       182.86
  623902.719     0.995313         8366       213.33
  625999.871     0.996094         8380       256.00
  625999.871     0.996484         8380       284.44
  625999.871     0.996875         8380       320.00
  626524.159     0.997266         8384       365.71
  627572.735     0.997656         8387       426.67
  628621.311     0.998047         8391       512.00
  628621.311     0.998242         8391       568.89
  629145.599     0.998437         8393       640.00
  629669.887     0.998633         8395       731.43
  630194.175     0.998828         8397       853.33
  630194.175     0.999023         8397      1024.00
  630718.463     0.999121         8400      1137.78
  630718.463     0.999219         8400      1280.00
  630718.463     0.999316         8400      1462.86
  631242.751     0.999414         8402      1706.67
  631242.751     0.999512         8402      2048.00
  631242.751     0.999561         8402      2275.56
  631242.751     0.999609         8402      2560.00
  631767.039     0.999658         8405      2925.71
  631767.039     1.000000         8405          inf
#[Mean    =   438247.041, StdDeviation   =   133994.847]
#[Max     =   631242.752, Total count    =         8405]
#[Buckets =           27, SubBuckets     =         2048]
----------------------------------------------------------
  8585 requests in 15.00m, 112.37MB read
  Socket errors: connect 0, read 0, write 11, timeout 482
Requests/sec:      9.54
Transfer/sec:    127.84KB
