Running 15m test @ http://10.101.139.81:8080/wrk2-api/post/compose
  2 threads and 4 connections
  Thread calibration: mean lat.: 1604.379ms, rate sampling interval: 10051ms
  Thread calibration: mean lat.: 1973.935ms, rate sampling interval: 7651ms
  Thread Stats   Avg      Stdev     99%   +/- Stdev
    Latency    41.98s    14.19s    1.16m    70.44%
    Req/Sec     4.26      1.11     6.00     94.12%
  Latency Distribution (HdrHistogram - Recorded Latency)
 50.000%   40.57s 
 75.000%    0.89m 
 90.000%    1.01m 
 99.000%    1.16m 
 99.900%    1.21m 
 99.990%    1.22m 
 99.999%    1.24m 
100.000%    1.24m 

  Detailed Percentile spectrum:
       Value   Percentile   TotalCount 1/(1-Percentile)

      15.447     0.000000            1         1.00
   27983.871     0.100000          848         1.11
   30703.615     0.200000         1697         1.25
   32735.231     0.300000         2545         1.43
   35160.063     0.400000         3391         1.67
   40566.783     0.500000         4236         2.00
   44662.783     0.550000         4660         2.22
   46596.095     0.600000         5086         2.50
   48627.711     0.650000         5509         2.86
   51249.151     0.700000         5934         3.33
   53477.375     0.750000         6353         4.00
   54525.951     0.775000         6563         4.44
   56164.351     0.800000         6775         5.00
   57507.839     0.825000         6987         5.71
   58523.647     0.850000         7203         6.67
   59506.687     0.875000         7413         8.00
   60030.975     0.887500         7521         8.89
   60456.959     0.900000         7626        10.00
   61014.015     0.912500         7731        11.43
   61603.839     0.925000         7833        13.33
   62226.431     0.937500         7938        16.00
   62783.487     0.943750         7993        17.78
   63307.775     0.950000         8048        20.00
   63766.527     0.956250         8100        22.86
   64421.887     0.962500         8151        26.67
   65535.999     0.968750         8204        32.00
   65961.983     0.971875         8229        35.56
   66846.719     0.975000         8257        40.00
   67371.007     0.978125         8283        45.71
   67764.223     0.981250         8310        53.33
   68222.975     0.984375         8336        64.00
   68550.655     0.985938         8348        71.11
   69140.479     0.987500         8367        80.00
   69402.623     0.989062         8375        91.43
   70057.983     0.990625         8388       106.67
   70647.807     0.992188         8401       128.00
   70909.951     0.992969         8410       142.22
   71106.559     0.993750         8415       160.00
   71237.631     0.994531         8424       182.86
   71303.167     0.995313         8428       213.33
   71499.775     0.996094         8434       256.00
   71696.383     0.996484         8438       284.44
   71827.455     0.996875         8442       320.00
   71892.991     0.997266         8445       365.71
   72024.063     0.997656         8448       426.67
   72155.135     0.998047         8453       512.00
   72155.135     0.998242         8453       568.89
   72220.671     0.998437         8456       640.00
   72220.671     0.998633         8456       731.43
   72286.207     0.998828         8458       853.33
   72351.743     0.999023         8460      1024.00
   72351.743     0.999121         8460      1137.78
   72548.351     0.999219         8461      1280.00
   72941.567     0.999316         8462      1462.86
   73007.103     0.999414         8463      1706.67
   73007.103     0.999512         8463      2048.00
   73269.247     0.999561         8464      2275.56
   73269.247     0.999609         8464      2560.00
   73334.783     0.999658         8465      2925.71
   73334.783     0.999707         8465      3413.33
   73334.783     0.999756         8465      4096.00
   73465.855     0.999780         8466      4551.11
   73465.855     0.999805         8466      5120.00
   73465.855     0.999829         8466      5851.43
   73465.855     0.999854         8466      6826.67
   73465.855     0.999878         8466      8192.00
   74645.503     0.999890         8467      9102.22
   74645.503     1.000000         8467          inf
#[Mean    =    41983.785, StdDeviation   =    14193.170]
#[Max     =    74579.968, Total count    =         8467]
#[Buckets =           27, SubBuckets     =         2048]
----------------------------------------------------------
  8530 requests in 15.00m, 1.75MB read
  Socket errors: connect 0, read 0, write 4, timeout 19
Requests/sec:      9.48
Transfer/sec:      1.99KB
