Running 15m test @ http://10.101.139.81:8080/wrk2-api/post/compose
  2 threads and 4 connections
  Thread calibration: mean lat.: 4701.043ms, rate sampling interval: 15286ms
  Thread calibration: mean lat.: 3890.268ms, rate sampling interval: 12918ms
  Thread Stats   Avg      Stdev     99%   +/- Stdev
    Latency     1.38m    21.56s    1.91m    48.45%
    Req/Sec    26.77      7.44    33.00     88.10%
  Latency Distribution (HdrHistogram - Recorded Latency)
 50.000%    1.44m 
 75.000%    1.54m 
 90.000%    1.85m 
 99.000%    1.91m 
 99.900%    1.92m 
 99.990%    1.93m 
 99.999%    1.93m 
100.000%    1.93m 

  Detailed Percentile spectrum:
       Value   Percentile   TotalCount 1/(1-Percentile)

    6926.335     0.000000            1         1.00
   53641.215     0.100000         4902         1.11
   55017.471     0.200000         9788         1.25
   81919.999     0.300000        14618         1.43
   84672.511     0.400000        19513         1.67
   86441.983     0.500000        24377         2.00
   87228.415     0.550000        26982         2.22
   87752.703     0.600000        29192         2.50
   88670.207     0.650000        31728         2.86
   89849.855     0.700000        34064         3.33
   92667.903     0.750000        36499         4.00
  106954.751     0.775000        37740         4.44
  107806.719     0.800000        38933         5.00
  108724.223     0.825000        40194         5.71
  109576.191     0.850000        41412         6.67
  110034.943     0.875000        42651         8.00
  110428.159     0.887500        43180         8.89
  111280.127     0.900000        43828        10.00
  112001.023     0.912500        44423        11.43
  112525.311     0.925000        45060        13.33
  112787.455     0.937500        45624        16.00
  112984.063     0.943750        46001        17.78
  113115.135     0.950000        46246        20.00
  113311.743     0.956250        46645        22.86
  113442.815     0.962500        46824        26.67
  113704.959     0.968750        47202        32.00
  113770.495     0.971875        47282        35.56
  113901.567     0.975000        47469        40.00
  114032.639     0.978125        47680        45.71
  114098.175     0.981250        47758        53.33
  114229.247     0.984375        47920        64.00
  114294.783     0.985938        47990        71.11
  114360.319     0.987500        48053        80.00
  114491.391     0.989062        48162        91.43
  114556.927     0.990625        48213       106.67
  114622.463     0.992188        48275       128.00
  114687.999     0.992969        48335       142.22
  114753.535     0.993750        48379       160.00
  114819.071     0.994531        48413       182.86
  114884.607     0.995313        48451       213.33
  114950.143     0.996094        48497       256.00
  114950.143     0.996484        48497       284.44
  114950.143     0.996875        48497       320.00
  115015.679     0.997266        48531       365.71
  115081.215     0.997656        48570       426.67
  115081.215     0.998047        48570       512.00
  115081.215     0.998242        48570       568.89
  115081.215     0.998437        48570       640.00
  115146.751     0.998633        48591       731.43
  115146.751     0.998828        48591       853.33
  115212.287     0.999023        48607      1024.00
  115212.287     0.999121        48607      1137.78
  115277.823     0.999219        48613      1280.00
  115277.823     0.999316        48613      1462.86
  115343.359     0.999414        48625      1706.67
  115343.359     0.999512        48625      2048.00
  115343.359     0.999561        48625      2275.56
  115408.895     0.999609        48628      2560.00
  115474.431     0.999658        48631      2925.71
  115539.967     0.999707        48639      3413.33
  115539.967     0.999756        48639      4096.00
  115539.967     0.999780        48639      4551.11
  115539.967     0.999805        48639      5120.00
  115539.967     0.999829        48639      5851.43
  115539.967     0.999854        48639      6826.67
  115605.503     0.999878        48641      8192.00
  115605.503     0.999890        48641      9102.22
  115671.039     0.999902        48646     10240.00
  115671.039     1.000000        48646          inf
#[Mean    =    82833.062, StdDeviation   =    21561.663]
#[Max     =   115605.504, Total count    =        48646]
#[Buckets =           27, SubBuckets     =         2048]
----------------------------------------------------------
  48806 requests in 15.00m, 428.67MB read
  Socket errors: connect 0, read 0, write 5, timeout 0
Requests/sec:     54.23
Transfer/sec:    487.71KB
