Running 15m test @ http://10.101.139.81:8080/wrk2-api/post/compose
  2 threads and 4 connections
  Thread calibration: mean lat.: 5692.586ms, rate sampling interval: 16334ms
  Thread calibration: mean lat.: 4498.897ms, rate sampling interval: 14671ms
  Thread Stats   Avg      Stdev     99%   +/- Stdev
    Latency     1.04m    16.45s    1.62m    74.60%
    Req/Sec    13.50      3.26    17.00     92.11%
  Latency Distribution (HdrHistogram - Recorded Latency)
 50.000%    0.92m 
 75.000%    1.05m 
 90.000%    1.51m 
 99.000%    1.62m 
 99.900%    1.65m 
 99.990%    1.66m 
 99.999%    1.66m 
100.000%    1.66m 

  Detailed Percentile spectrum:
       Value   Percentile   TotalCount 1/(1-Percentile)

    7905.279     0.000000            1         1.00
   48988.159     0.100000         2521         1.11
   51019.775     0.200000         4999         1.25
   52690.943     0.300000         7522         1.43
   54001.663     0.400000        10007         1.67
   55410.687     0.500000        12496         2.00
   56623.103     0.550000        13708         2.22
   57868.287     0.600000        14948         2.50
   59277.311     0.650000        16194         2.86
   61046.783     0.700000        17440         3.33
   63111.167     0.750000        18698         4.00
   86441.983     0.775000        19319         4.44
   87556.095     0.800000        19932         5.00
   88342.527     0.825000        20591         5.71
   89128.959     0.850000        21202         6.67
   89784.319     0.875000        21801         8.00
   90177.535     0.887500        22136         8.89
   90570.751     0.900000        22444        10.00
   91029.503     0.912500        22763        11.43
   91553.791     0.925000        23064        13.33
   92471.295     0.937500        23374        16.00
   92864.511     0.943750        23536        17.78
   93257.727     0.950000        23679        20.00
   93913.087     0.956250        23839        22.86
   94306.303     0.962500        23998        26.67
   94699.519     0.968750        24137        32.00
   94961.663     0.971875        24237        35.56
   95158.271     0.975000        24312        40.00
   95354.879     0.978125        24371        45.71
   95813.631     0.981250        24453        53.33
   96534.527     0.984375        24526        64.00
   96731.135     0.985938        24568        71.11
   96993.279     0.987500        24610        80.00
   97255.423     0.989062        24654        91.43
   97452.031     0.990625        24685       106.67
   97714.175     0.992188        24730       128.00
   97845.247     0.992969        24744       142.22
   97976.319     0.993750        24772       160.00
   98041.855     0.994531        24780       182.86
   98172.927     0.995313        24802       213.33
   98303.999     0.996094        24817       256.00
   98369.535     0.996484        24826       284.44
   98500.607     0.996875        24836       320.00
   98631.679     0.997266        24845       365.71
   98762.751     0.997656        24856       426.67
   98959.359     0.998047        24874       512.00
   98959.359     0.998242        24874       568.89
   99024.895     0.998437        24878       640.00
   99090.431     0.998633        24882       731.43
   99155.967     0.998828        24887       853.33
   99221.503     0.999023        24894      1024.00
   99221.503     0.999121        24894      1137.78
   99221.503     0.999219        24894      1280.00
   99287.039     0.999316        24901      1462.86
   99287.039     0.999414        24901      1706.67
   99287.039     0.999512        24901      2048.00
   99352.575     0.999561        24904      2275.56
   99352.575     0.999609        24904      2560.00
   99418.111     0.999658        24905      2925.71
   99483.647     0.999707        24908      3413.33
   99483.647     0.999756        24908      4096.00
   99483.647     0.999780        24908      4551.11
   99549.183     0.999805        24910      5120.00
   99549.183     0.999829        24910      5851.43
   99549.183     0.999854        24910      6826.67
   99549.183     0.999878        24910      8192.00
   99614.719     0.999890        24911      9102.22
   99614.719     0.999902        24911     10240.00
   99614.719     0.999915        24911     11702.86
   99680.255     0.999927        24913     13653.33
   99680.255     1.000000        24913          inf
#[Mean    =    62395.795, StdDeviation   =    16449.677]
#[Max     =    99614.720, Total count    =        24913]
#[Buckets =           27, SubBuckets     =         2048]
----------------------------------------------------------
  24966 requests in 15.00m, 308.73MB read
  Socket errors: connect 0, read 0, write 4, timeout 0
Requests/sec:     27.74
Transfer/sec:    351.25KB
