Running 15m test @ http://10.108.2.83:8080/wrk2-api/post/compose
  2 threads and 4 connections
  Thread calibration: mean lat.: 1390.642ms, rate sampling interval: 7057ms
  Thread calibration: mean lat.: 2161.415ms, rate sampling interval: 11608ms
  Thread Stats   Avg      Stdev     99%   +/- Stdev
    Latency    42.58s    14.13s    1.14m    76.16%
    Req/Sec     4.20      1.18     6.00     94.55%
  Latency Distribution (HdrHistogram - Recorded Latency)
 50.000%   42.63s 
 75.000%   49.77s 
 90.000%    1.02m 
 99.000%    1.14m 
 99.900%    1.21m 
 99.990%    1.23m 
 99.999%    1.23m 
100.000%    1.23m 

  Detailed Percentile spectrum:
       Value   Percentile   TotalCount 1/(1-Percentile)

      24.015     0.000000            1         1.00
   30949.375     0.100000          845         1.11
   34897.919     0.200000         1693         1.25
   38338.559     0.300000         2536         1.43
   40959.999     0.400000         3383         1.67
   42631.167     0.500000         4218         2.00
   43515.903     0.550000         4652         2.22
   44466.175     0.600000         5073         2.50
   45613.055     0.650000         5492         2.86
   47218.687     0.700000         5910         3.33
   49774.591     0.750000         6330         4.00
   51609.599     0.775000         6539         4.44
   53641.215     0.800000         6751         5.00
   55803.903     0.825000         6962         5.71
   57606.143     0.850000         7174         6.67
   59703.295     0.875000         7385         8.00
   60522.495     0.887500         7489         8.89
   61210.623     0.900000         7594        10.00
   62029.823     0.912500         7706        11.43
   63045.631     0.925000         7808        13.33
   63995.903     0.937500         7910        16.00
   64356.351     0.943750         7963        17.78
   64716.799     0.950000         8016        20.00
   65142.783     0.956250         8070        22.86
   65601.535     0.962500         8120        26.67
   65994.751     0.968750         8174        32.00
   66191.359     0.971875         8201        35.56
   66453.503     0.975000         8228        40.00
   66748.415     0.978125         8252        45.71
   67174.399     0.981250         8281        53.33
   67633.151     0.984375         8305        64.00
   67895.295     0.985938         8321        71.11
   68222.975     0.987500         8331        80.00
   68550.655     0.989062         8346        91.43
   68812.799     0.990625         8361       106.67
   68943.871     0.992188         8371       128.00
   69074.943     0.992969         8378       142.22
   69206.015     0.993750         8386       160.00
   69337.087     0.994531         8390       182.86
   69599.231     0.995313         8397       213.33
   69992.447     0.996094         8405       256.00
   70320.127     0.996484         8407       284.44
   70516.735     0.996875         8411       320.00
   70582.271     0.997266         8413       365.71
   71041.023     0.997656         8417       426.67
   71368.703     0.998047         8420       512.00
   71761.919     0.998242         8422       568.89
   72089.599     0.998437         8423       640.00
   72155.135     0.998633         8425       731.43
   72351.743     0.998828         8427       853.33
   72417.279     0.999023         8428      1024.00
   72482.815     0.999121         8429      1137.78
   72613.887     0.999219         8430      1280.00
   72744.959     0.999316         8431      1462.86
   72941.567     0.999414         8432      1706.67
   72941.567     0.999512         8432      2048.00
   73596.927     0.999561         8433      2275.56
   73596.927     0.999609         8433      2560.00
   73793.535     0.999658         8434      2925.71
   73793.535     0.999707         8434      3413.33
   73793.535     0.999756         8434      4096.00
   73859.071     0.999780         8435      4551.11
   73859.071     0.999805         8435      5120.00
   73859.071     0.999829         8435      5851.43
   73859.071     0.999854         8435      6826.67
   73859.071     0.999878         8435      8192.00
   73924.607     0.999890         8436      9102.22
   73924.607     1.000000         8436          inf
#[Mean    =    42577.269, StdDeviation   =    14128.700]
#[Max     =    73859.072, Total count    =         8436]
#[Buckets =           27, SubBuckets     =         2048]
----------------------------------------------------------
  8508 requests in 15.00m, 1.74MB read
  Socket errors: connect 0, read 0, write 4, timeout 19
Requests/sec:      9.45
Transfer/sec:      1.98KB
