Running 15m test @ http://10.108.2.83:8080/wrk2-api/post/compose
  2 threads and 4 connections
  Thread calibration: mean lat.: 3229.792ms, rate sampling interval: 9838ms
  Thread calibration: mean lat.: 3763.376ms, rate sampling interval: 14483ms
  Thread Stats   Avg      Stdev     99%   +/- Stdev
    Latency     1.67m     9.00s    1.82m    95.64%
    Req/Sec    26.18      8.80    33.00     88.08%
  Latency Distribution (HdrHistogram - Recorded Latency)
 50.000%    1.69m 
 75.000%    1.73m 
 90.000%    1.77m 
 99.000%    1.82m 
 99.900%    1.85m 
 99.990%    1.86m 
 99.999%    1.87m 
100.000%    1.87m 

  Detailed Percentile spectrum:
       Value   Percentile   TotalCount 1/(1-Percentile)

    7348.223     0.000000            1         1.00
   94765.055     0.100000         4821         1.11
   96993.279     0.200000         9637         1.25
   98959.359     0.300000        14319         1.43
  100335.615     0.400000        19254         1.67
  101384.191     0.500000        24043         2.00
  101777.407     0.550000        26368         2.22
  102236.159     0.600000        28765         2.50
  102760.447     0.650000        31090         2.86
  103284.735     0.700000        33453         3.33
  103940.095     0.750000        35942         4.00
  104267.775     0.775000        37091         4.44
  104660.991     0.800000        38335         5.00
  104988.671     0.825000        39360         5.71
  105381.887     0.850000        40592         6.67
  105709.567     0.875000        41736         8.00
  105906.175     0.887500        42429         8.89
  106102.783     0.900000        43063        10.00
  106299.391     0.912500        43654        11.43
  106495.999     0.925000        44154        13.33
  106758.143     0.937500        44733        16.00
  106954.751     0.943750        45081        17.78
  107085.823     0.950000        45395        20.00
  107216.895     0.956250        45665        22.86
  107347.967     0.962500        45949        26.67
  107479.039     0.968750        46177        32.00
  107610.111     0.971875        46390        35.56
  107675.647     0.975000        46472        40.00
  107937.791     0.978125        46639        45.71
  108396.543     0.981250        46775        53.33
  108789.759     0.984375        46949        64.00
  108920.831     0.985938        47042        71.11
  108986.367     0.987500        47080        80.00
  109182.975     0.989062        47150        91.43
  109379.583     0.990625        47213       106.67
  109576.191     0.992188        47294       128.00
  109641.727     0.992969        47328       142.22
  109707.263     0.993750        47361       160.00
  109772.799     0.994531        47402       182.86
  109838.335     0.995313        47446       213.33
  109903.871     0.996094        47488       256.00
  109969.407     0.996484        47513       284.44
  109969.407     0.996875        47513       320.00
  110034.943     0.997266        47537       365.71
  110100.479     0.997656        47558       426.67
  110166.015     0.998047        47572       512.00
  110231.551     0.998242        47588       568.89
  110231.551     0.998437        47588       640.00
  110297.087     0.998633        47594       731.43
  110493.695     0.998828        47603       853.33
  110755.839     0.999023        47619      1024.00
  110755.839     0.999121        47619      1137.78
  110821.375     0.999219        47627      1280.00
  110821.375     0.999316        47627      1462.86
  110886.911     0.999414        47631      1706.67
  111083.519     0.999512        47638      2048.00
  111083.519     0.999561        47638      2275.56
  111149.055     0.999609        47644      2560.00
  111149.055     0.999658        47644      2925.71
  111214.591     0.999707        47647      3413.33
  111214.591     0.999756        47647      4096.00
  111345.663     0.999780        47649      4551.11
  111345.663     0.999805        47649      5120.00
  111411.199     0.999829        47650      5851.43
  111607.807     0.999854        47653      6826.67
  111607.807     0.999878        47653      8192.00
  111607.807     0.999890        47653      9102.22
  111673.343     0.999902        47656     10240.00
  111673.343     0.999915        47656     11702.86
  111673.343     0.999927        47656     13653.33
  111673.343     0.999939        47656     16384.00
  111673.343     0.999945        47656     18204.44
  111673.343     0.999951        47656     20480.00
  111673.343     0.999957        47656     23405.71
  111738.879     0.999963        47657     27306.67
  111738.879     0.999969        47657     32768.00
  111738.879     0.999973        47657     36408.89
  111738.879     0.999976        47657     40960.00
  111738.879     0.999979        47657     46811.43
  111935.487     0.999982        47658     54613.33
  111935.487     1.000000        47658          inf
#[Mean    =   100064.773, StdDeviation   =     8999.271]
#[Max     =   111869.952, Total count    =        47658]
#[Buckets =           27, SubBuckets     =         2048]
----------------------------------------------------------
  47820 requests in 15.00m, 422.78MB read
  Socket errors: connect 0, read 0, write 6, timeout 9
Requests/sec:     53.13
Transfer/sec:    481.01KB
