Running 15m test @ http://10.108.2.83:8080/wrk2-api/post/compose
  2 threads and 4 connections
  Thread calibration: mean lat.: 6101.225ms, rate sampling interval: 17022ms
  Thread calibration: mean lat.: 4974.284ms, rate sampling interval: 15048ms
  Thread Stats   Avg      Stdev     99%   +/- Stdev
    Latency     1.44m    24.43s    1.89m    66.56%
    Req/Sec    13.07      3.84    16.00     89.19%
  Latency Distribution (HdrHistogram - Recorded Latency)
 50.000%    1.61m 
 75.000%    1.70m 
 90.000%    1.82m 
 99.000%    1.89m 
 99.900%    1.91m 
 99.990%    1.92m 
 99.999%    1.92m 
100.000%    1.92m 

  Detailed Percentile spectrum:
       Value   Percentile   TotalCount 1/(1-Percentile)

    7528.447     0.000000            1         1.00
   46825.471     0.100000         2425         1.11
   50331.647     0.200000         4855         1.25
   92012.543     0.300000         7257         1.43
   94699.519     0.400000         9748         1.67
   96403.455     0.500000        12105         2.00
   98041.855     0.550000        13346         2.22
   98959.359     0.600000        14522         2.50
   99811.327     0.650000        15786         2.86
  100728.831     0.700000        16990         3.33
  102170.623     0.750000        18139         4.00
  103546.879     0.775000        18754         4.44
  105316.351     0.800000        19383         5.00
  106102.783     0.825000        19973         5.71
  107151.359     0.850000        20575         6.67
  108199.935     0.875000        21190         8.00
  108724.223     0.887500        21486         8.89
  109182.975     0.900000        21778        10.00
  109641.727     0.912500        22100        11.43
  110166.015     0.925000        22381        13.33
  110821.375     0.937500        22692        16.00
  111083.519     0.943750        22847        17.78
  111280.127     0.950000        23010        20.00
  111411.199     0.956250        23138        22.86
  111673.343     0.962500        23305        26.67
  111869.951     0.968750        23429        32.00
  112001.023     0.971875        23511        35.56
  112197.631     0.975000        23598        40.00
  112394.239     0.978125        23669        45.71
  112656.383     0.981250        23743        53.33
  112984.063     0.984375        23819        64.00
  113115.135     0.985938        23855        71.11
  113246.207     0.987500        23883        80.00
  113442.815     0.989062        23919        91.43
  113704.959     0.990625        23958       106.67
  113901.567     0.992188        23996       128.00
  113967.103     0.992969        24013       142.22
  114098.175     0.993750        24038       160.00
  114163.711     0.994531        24053       182.86
  114294.783     0.995313        24070       213.33
  114425.855     0.996094        24092       256.00
  114491.391     0.996484        24104       284.44
  114556.927     0.996875        24110       320.00
  114622.463     0.997266        24122       365.71
  114687.999     0.997656        24133       426.67
  114753.535     0.998047        24141       512.00
  114753.535     0.998242        24141       568.89
  114819.071     0.998437        24152       640.00
  114819.071     0.998633        24152       731.43
  114884.607     0.998828        24159       853.33
  114950.143     0.999023        24169      1024.00
  114950.143     0.999121        24169      1137.78
  114950.143     0.999219        24169      1280.00
  114950.143     0.999316        24169      1462.86
  114950.143     0.999414        24169      1706.67
  115015.679     0.999512        24174      2048.00
  115015.679     0.999561        24174      2275.56
  115015.679     0.999609        24174      2560.00
  115081.215     0.999658        24177      2925.71
  115081.215     0.999707        24177      3413.33
  115146.751     0.999756        24178      4096.00
  115146.751     0.999780        24178      4551.11
  115212.287     0.999805        24181      5120.00
  115212.287     0.999829        24181      5851.43
  115212.287     0.999854        24181      6826.67
  115212.287     0.999878        24181      8192.00
  115212.287     0.999890        24181      9102.22
  115212.287     0.999902        24181     10240.00
  115212.287     0.999915        24181     11702.86
  115277.823     0.999927        24183     13653.33
  115277.823     1.000000        24183          inf
#[Mean    =    86202.532, StdDeviation   =    24432.065]
#[Max     =   115212.288, Total count    =        24183]
#[Buckets =           27, SubBuckets     =         2048]
----------------------------------------------------------
  24242 requests in 15.00m, 300.04MB read
  Socket errors: connect 0, read 0, write 5, timeout 0
Requests/sec:     26.93
Transfer/sec:    341.34KB
