Running 15m test @ http://10.104.92.127:8080/wrk2-api/post/compose
  2 threads and 4 connections
  Thread calibration: mean lat.: 74.558ms, rate sampling interval: 524ms
  Thread calibration: mean lat.: 72.946ms, rate sampling interval: 602ms
  Thread Stats   Avg      Stdev     99%   +/- Stdev
    Latency   699.67ms  559.75ms   2.59s    74.75%
    Req/Sec     4.33      2.99    13.00     83.65%
  Latency Distribution (HdrHistogram - Recorded Latency)
 50.000%  569.85ms
 75.000%  968.19ms
 90.000%    1.44s 
 99.000%    2.59s 
 99.900%    3.94s 
 99.990%    4.42s 
 99.999%    4.55s 
100.000%    4.55s 

  Detailed Percentile spectrum:
       Value   Percentile   TotalCount 1/(1-Percentile)

      10.711     0.000000            1         1.00
     125.055     0.100000          884         1.11
     233.727     0.200000         1769         1.25
     337.919     0.300000         2652         1.43
     448.255     0.400000         3537         1.67
     569.855     0.500000         4419         2.00
     631.807     0.550000         4862         2.22
     709.119     0.600000         5303         2.50
     785.919     0.650000         5746         2.86
     873.471     0.700000         6189         3.33
     968.191     0.750000         6629         4.00
    1021.439     0.775000         6852         4.44
    1082.367     0.800000         7071         5.00
    1153.023     0.825000         7298         5.71
    1227.775     0.850000         7515         6.67
    1329.151     0.875000         7736         8.00
    1383.423     0.887500         7844         8.89
    1438.719     0.900000         7956        10.00
    1496.063     0.912500         8067        11.43
    1571.839     0.925000         8177        13.33
    1665.023     0.937500         8286        16.00
    1719.295     0.943750         8341        17.78
    1779.711     0.950000         8398        20.00
    1838.079     0.956250         8452        22.86
    1912.831     0.962500         8507        26.67
    2011.135     0.968750         8562        32.00
    2068.479     0.971875         8590        35.56
    2119.679     0.975000         8618        40.00
    2197.503     0.978125         8646        45.71
    2271.231     0.981250         8673        53.33
    2385.919     0.984375         8700        64.00
    2435.071     0.985938         8714        71.11
    2484.223     0.987500         8728        80.00
    2557.951     0.989062         8742        91.43
    2627.583     0.990625         8756       106.67
    2703.359     0.992188         8769       128.00
    2740.223     0.992969         8777       142.22
    2787.327     0.993750         8783       160.00
    2834.431     0.994531         8790       182.86
    2895.871     0.995313         8797       213.33
    3014.655     0.996094         8804       256.00
    3074.047     0.996484         8808       284.44
    3098.623     0.996875         8811       320.00
    3211.263     0.997266         8814       365.71
    3360.767     0.997656         8818       426.67
    3432.447     0.998047         8821       512.00
    3493.887     0.998242         8823       568.89
    3629.055     0.998437         8825       640.00
    3653.631     0.998633         8826       731.43
    3799.039     0.998828         8828       853.33
    3944.447     0.999023         8830      1024.00
    3952.639     0.999121         8831      1137.78
    4012.031     0.999219         8832      1280.00
    4012.031     0.999316         8832      1462.86
    4085.759     0.999414         8833      1706.67
    4139.007     0.999512         8834      2048.00
    4198.399     0.999561         8835      2275.56
    4198.399     0.999609         8835      2560.00
    4198.399     0.999658         8835      2925.71
    4218.879     0.999707         8836      3413.33
    4218.879     0.999756         8836      4096.00
    4419.583     0.999780         8837      4551.11
    4419.583     0.999805         8837      5120.00
    4419.583     0.999829         8837      5851.43
    4419.583     0.999854         8837      6826.67
    4419.583     0.999878         8837      8192.00
    4546.559     0.999890         8838      9102.22
    4546.559     1.000000         8838          inf
#[Mean    =      699.671, StdDeviation   =      559.746]
#[Max     =     4542.464, Total count    =         8838]
#[Buckets =           27, SubBuckets     =         2048]
----------------------------------------------------------
  8953 requests in 15.00m, 1.84MB read
  Socket errors: connect 0, read 0, write 8, timeout 19
Requests/sec:      9.95
Transfer/sec:      2.09KB
