Running 15m test @ http://10.100.103.133:8080/wrk2-api/post/compose
  2 threads and 4 connections
  Thread calibration: mean lat.: 1819.791ms, rate sampling interval: 5574ms
  Thread calibration: mean lat.: 2954.939ms, rate sampling interval: 11091ms
  Thread Stats   Avg      Stdev     99%   +/- Stdev
    Latency    47.59s    23.30s    1.63m    74.13%
    Req/Sec     4.25      1.20     6.00     93.31%
  Latency Distribution (HdrHistogram - Recorded Latency)
 50.000%   38.47s 
 75.000%   45.55s 
 90.000%    1.51m 
 99.000%    1.63m 
 99.900%    1.70m 
 99.990%    1.71m 
 99.999%    1.71m 
100.000%    1.71m 

  Detailed Percentile spectrum:
       Value   Percentile   TotalCount 1/(1-Percentile)

      20.639     0.000000            1         1.00
   32096.255     0.100000          844         1.11
   34111.487     0.200000         1683         1.25
   35684.351     0.300000         2540         1.43
   36962.303     0.400000         3375         1.67
   38469.631     0.500000         4214         2.00
   39354.367     0.550000         4641         2.22
   40173.567     0.600000         5053         2.50
   41058.303     0.650000         5470         2.86
   42336.255     0.700000         5891         3.33
   45547.519     0.750000         6314         4.00
   50528.255     0.775000         6522         4.44
   81068.031     0.800000         6735         5.00
   83099.647     0.825000         6946         5.71
   85393.407     0.850000         7157         6.67
   88604.671     0.875000         7364         8.00
   89653.247     0.887500         7474         8.89
   90374.143     0.900000         7575        10.00
   90898.431     0.912500         7680        11.43
   91684.863     0.925000         7791        13.33
   92471.295     0.937500         7890        16.00
   92995.583     0.943750         7951        17.78
   93388.799     0.950000         7998        20.00
   94044.159     0.956250         8050        22.86
   94502.911     0.962500         8101        26.67
   95027.199     0.968750         8154        32.00
   95354.879     0.971875         8181        35.56
   95551.487     0.975000         8206        40.00
   95813.631     0.978125         8237        45.71
   96206.847     0.981250         8259        53.33
   96600.063     0.984375         8286        64.00
   96796.671     0.985938         8297        71.11
   97124.351     0.987500         8310        80.00
   97517.567     0.989062         8324        91.43
   97910.783     0.990625         8338       106.67
   98303.999     0.992188         8350       128.00
   98697.215     0.992969         8357       142.22
   98893.823     0.993750         8363       160.00
   99483.647     0.994531         8369       182.86
   99811.327     0.995313         8377       213.33
  100007.935     0.996094         8386       256.00
  100007.935     0.996484         8386       284.44
  100139.007     0.996875         8389       320.00
  100335.615     0.997266         8393       365.71
  100532.223     0.997656         8396       426.67
  100794.367     0.998047         8400       512.00
  100990.975     0.998242         8402       568.89
  100990.975     0.998437         8402       640.00
  101515.263     0.998633         8405       731.43
  101777.407     0.998828         8406       853.33
  101842.943     0.999023         8407      1024.00
  101974.015     0.999121         8408      1137.78
  102105.087     0.999219         8411      1280.00
  102105.087     0.999316         8411      1462.86
  102105.087     0.999414         8411      1706.67
  102105.087     0.999512         8411      2048.00
  102236.159     0.999561         8413      2275.56
  102236.159     0.999609         8413      2560.00
  102236.159     0.999658         8413      2925.71
  102236.159     0.999707         8413      3413.33
  102236.159     0.999756         8413      4096.00
  102498.303     0.999780         8415      4551.11
  102498.303     1.000000         8415          inf
#[Mean    =    47592.404, StdDeviation   =    23297.971]
#[Max     =   102432.768, Total count    =         8415]
#[Buckets =           27, SubBuckets     =         2048]
----------------------------------------------------------
  8466 requests in 15.00m, 1.74MB read
  Socket errors: connect 0, read 0, write 5, timeout 19
Requests/sec:      9.40
Transfer/sec:      1.97KB
