Running 15m test @ http://10.100.103.133:8080/wrk2-api/post/compose
  2 threads and 4 connections
  Thread calibration: mean lat.: 4143.041ms, rate sampling interval: 14761ms
  Thread calibration: mean lat.: 4186.410ms, rate sampling interval: 15409ms
  Thread Stats   Avg      Stdev     99%   +/- Stdev
    Latency     1.23m    25.88s    1.78m    58.05%
    Req/Sec    27.12      7.77    33.00     91.45%
  Latency Distribution (HdrHistogram - Recorded Latency)
 50.000%    0.88m 
 75.000%    1.68m 
 90.000%    1.73m 
 99.000%    1.78m 
 99.900%    1.81m 
 99.990%    1.82m 
 99.999%    1.82m 
100.000%    1.82m 

  Detailed Percentile spectrum:
       Value   Percentile   TotalCount 1/(1-Percentile)

    7942.143     0.000000            1         1.00
   47972.351     0.100000         4930         1.11
   49446.911     0.200000         9913         1.25
   50429.951     0.300000        14846         1.43
   51478.527     0.400000        19821         1.67
   52854.783     0.500000        24622         2.00
   95485.951     0.550000        27118         2.22
   97583.103     0.600000        29594         2.50
   99155.967     0.650000        32044         2.86
  100007.935     0.700000        34517         3.33
  100859.903     0.750000        37145         4.00
  101187.583     0.775000        38223         4.44
  101580.799     0.800000        39443         5.00
  101974.015     0.825000        40708         5.71
  102432.767     0.850000        41867         6.67
  103022.591     0.875000        43138         8.00
  103284.735     0.887500        43740         8.89
  103546.879     0.900000        44387        10.00
  103809.023     0.912500        44927        11.43
  104202.239     0.925000        45542        13.33
  104660.991     0.937500        46184        16.00
  104857.599     0.943750        46477        17.78
  105054.207     0.950000        46843        20.00
  105185.279     0.956250        47090        22.86
  105381.887     0.962500        47433        26.67
  105578.495     0.968750        47749        32.00
  105709.567     0.971875        47937        35.56
  105775.103     0.975000        48004        40.00
  105971.711     0.978125        48154        45.71
  106233.855     0.981250        48318        53.33
  106495.999     0.984375        48485        64.00
  106627.071     0.985938        48544        71.11
  106823.679     0.987500        48625        80.00
  106954.751     0.989062        48706        91.43
  107085.823     0.990625        48795       106.67
  107216.895     0.992188        48868       128.00
  107282.431     0.992969        48887       142.22
  107479.039     0.993750        48928       160.00
  107610.111     0.994531        48980       182.86
  107675.647     0.995313        49011       213.33
  107741.183     0.996094        49045       256.00
  107806.719     0.996484        49067       284.44
  107872.255     0.996875        49076       320.00
  108003.327     0.997266        49098       365.71
  108134.399     0.997656        49120       426.67
  108199.935     0.998047        49141       512.00
  108265.471     0.998242        49156       568.89
  108265.471     0.998437        49156       640.00
  108331.007     0.998633        49161       731.43
  108462.079     0.998828        49174       853.33
  108527.615     0.999023        49185      1024.00
  108527.615     0.999121        49185      1137.78
  108593.151     0.999219        49193      1280.00
  108658.687     0.999316        49198      1462.86
  108724.223     0.999414        49204      1706.67
  108724.223     0.999512        49204      2048.00
  108789.759     0.999561        49213      2275.56
  108789.759     0.999609        49213      2560.00
  108789.759     0.999658        49213      2925.71
  108855.295     0.999707        49214      3413.33
  108920.831     0.999756        49217      4096.00
  108986.367     0.999780        49219      4551.11
  108986.367     0.999805        49219      5120.00
  109051.903     0.999829        49220      5851.43
  109117.439     0.999854        49225      6826.67
  109117.439     0.999878        49225      8192.00
  109117.439     0.999890        49225      9102.22
  109117.439     0.999902        49225     10240.00
  109117.439     0.999915        49225     11702.86
  109117.439     0.999927        49225     13653.33
  109117.439     0.999939        49225     16384.00
  109182.975     0.999945        49227     18204.44
  109182.975     0.999951        49227     20480.00
  109182.975     0.999957        49227     23405.71
  109182.975     0.999963        49227     27306.67
  109182.975     0.999969        49227     32768.00
  109182.975     0.999973        49227     36408.89
  109182.975     0.999976        49227     40960.00
  109182.975     0.999979        49227     46811.43
  109248.511     0.999982        49228     54613.33
  109248.511     1.000000        49228          inf
#[Mean    =    73985.629, StdDeviation   =    25880.207]
#[Max     =   109182.976, Total count    =        49228]
#[Buckets =           27, SubBuckets     =         2048]
----------------------------------------------------------
  49354 requests in 15.00m, 429.36MB read
  Socket errors: connect 0, read 0, write 5, timeout 0
Requests/sec:     54.84
Transfer/sec:    488.49KB
