Running 15m test @ http://10.100.103.133:8080/wrk2-api/post/compose
  2 threads and 4 connections
  Thread calibration: mean lat.: 4633.992ms, rate sampling interval: 14499ms
  Thread calibration: mean lat.: 5145.669ms, rate sampling interval: 13893ms
  Thread Stats   Avg      Stdev     99%   +/- Stdev
    Latency     1.66m    14.19s    1.95m    75.46%
    Req/Sec    12.84      4.29    17.00     88.00%
  Latency Distribution (HdrHistogram - Recorded Latency)
 50.000%    1.73m 
 75.000%    1.82m 
 90.000%    1.89m 
 99.000%    1.95m 
 99.900%    2.00m 
 99.990%    2.00m 
 99.999%    2.01m 
100.000%    2.01m 

  Detailed Percentile spectrum:
       Value   Percentile   TotalCount 1/(1-Percentile)

    7331.839     0.000000            1         1.00
   82771.967     0.100000         2399         1.11
   86835.199     0.200000         4770         1.25
   97779.711     0.300000         7150         1.43
  101777.407     0.400000         9545         1.67
  103809.023     0.500000        11941         2.00
  104792.063     0.550000        13159         2.22
  105709.567     0.600000        14319         2.50
  106627.071     0.650000        15528         2.86
  107610.111     0.700000        16676         3.33
  109051.903     0.750000        17832         4.00
  110034.943     0.775000        18429         4.44
  110755.839     0.800000        19055         5.00
  111214.591     0.825000        19677         5.71
  111738.879     0.850000        20248         6.67
  112459.775     0.875000        20802         8.00
  112852.991     0.887500        21121         8.89
  113246.207     0.900000        21428        10.00
  113573.887     0.912500        21703        11.43
  113967.103     0.925000        22034        13.33
  114360.319     0.937500        22303        16.00
  114622.463     0.943750        22451        17.78
  114819.071     0.950000        22587        20.00
  115081.215     0.956250        22747        22.86
  115408.895     0.962500        22906        26.67
  115802.111     0.968750        23048        32.00
  115933.183     0.971875        23110        35.56
  116129.791     0.975000        23195        40.00
  116260.863     0.978125        23254        45.71
  116457.471     0.981250        23333        53.33
  116719.615     0.984375        23420        64.00
  116785.151     0.985938        23439        71.11
  116916.223     0.987500        23497        80.00
  116981.759     0.989062        23522        91.43
  117047.295     0.990625        23551       106.67
  117243.903     0.992188        23594       128.00
  117374.975     0.992969        23608       142.22
  117506.047     0.993750        23637       160.00
  117571.583     0.994531        23643       182.86
  117768.191     0.995313        23671       213.33
  117899.263     0.996094        23686       256.00
  118030.335     0.996484        23692       284.44
  118226.943     0.996875        23706       320.00
  118292.479     0.997266        23709       365.71
  118489.087     0.997656        23721       426.67
  118816.767     0.998047        23727       512.00
  119144.447     0.998242        23732       568.89
  119275.519     0.998437        23737       640.00
  119406.591     0.998633        23743       731.43
  119537.663     0.998828        23746       853.33
  119734.271     0.999023        23750      1024.00
  119865.343     0.999121        23754      1137.78
  119930.879     0.999219        23758      1280.00
  119930.879     0.999316        23758      1462.86
  119996.415     0.999414        23763      1706.67
  119996.415     0.999512        23763      2048.00
  119996.415     0.999561        23763      2275.56
  120061.951     0.999609        23767      2560.00
  120061.951     0.999658        23767      2925.71
  120061.951     0.999707        23767      3413.33
  120127.487     0.999756        23769      4096.00
  120127.487     0.999780        23769      4551.11
  120127.487     0.999805        23769      5120.00
  120127.487     0.999829        23769      5851.43
  120258.559     0.999854        23771      6826.67
  120258.559     0.999878        23771      8192.00
  120258.559     0.999890        23771      9102.22
  120258.559     0.999902        23771     10240.00
  120258.559     0.999915        23771     11702.86
  120324.095     0.999927        23773     13653.33
  120324.095     1.000000        23773          inf
#[Mean    =    99835.714, StdDeviation   =    14187.938]
#[Max     =   120258.560, Total count    =        23773]
#[Buckets =           27, SubBuckets     =         2048]
----------------------------------------------------------
  23844 requests in 15.00m, 294.96MB read
  Socket errors: connect 0, read 0, write 6, timeout 0
Requests/sec:     26.49
Transfer/sec:    335.58KB
