Running 15m test @ http://10.97.217.7:8080/wrk2-api/post/compose
  2 threads and 4 connections
  Thread calibration: mean lat.: 1362.392ms, rate sampling interval: 4898ms
  Thread calibration: mean lat.: 2302.856ms, rate sampling interval: 11108ms
  Thread Stats   Avg      Stdev     99%   +/- Stdev
    Latency     0.99m    19.61s    1.50m    65.00%
    Req/Sec     4.18      1.32     7.00     93.49%
  Latency Distribution (HdrHistogram - Recorded Latency)
 50.000%    1.05m 
 75.000%    1.23m 
 90.000%    1.36m 
 99.000%    1.50m 
 99.900%    1.53m 
 99.990%    1.54m 
 99.999%    1.54m 
100.000%    1.54m 

  Detailed Percentile spectrum:
       Value   Percentile   TotalCount 1/(1-Percentile)

      31.807     0.000000            1         1.00
   36536.319     0.100000          828         1.11
   39682.047     0.200000         1654         1.25
   53936.127     0.300000         2478         1.43
   60293.119     0.400000         3307         1.67
   62947.327     0.500000         4150         2.00
   64225.279     0.550000         4542         2.22
   65929.215     0.600000         4955         2.50
   68091.903     0.650000         5373         2.86
   70582.271     0.700000         5784         3.33
   73531.391     0.750000         6197         4.00
   75169.791     0.775000         6405         4.44
   76742.655     0.800000         6617         5.00
   77856.767     0.825000         6816         5.71
   78970.879     0.850000         7025         6.67
   80281.599     0.875000         7228         8.00
   80936.959     0.887500         7333         8.89
   81526.783     0.900000         7441        10.00
   81985.535     0.912500         7548        11.43
   82640.895     0.925000         7638        13.33
   83886.079     0.937500         7744        16.00
   84410.367     0.943750         7798        17.78
   84803.583     0.950000         7848        20.00
   85327.871     0.956250         7898        22.86
   86114.303     0.962500         7950        26.67
   86835.199     0.968750         8003        32.00
   87425.023     0.971875         8025        35.56
   88014.847     0.975000         8051        40.00
   88473.599     0.978125         8078        45.71
   88735.743     0.981250         8103        53.33
   88997.887     0.984375         8129        64.00
   89260.031     0.985938         8141        71.11
   89522.175     0.987500         8155        80.00
   89718.783     0.989062         8170        91.43
   90046.463     0.990625         8184       106.67
   90243.071     0.992188         8193       128.00
   90374.143     0.992969         8199       142.22
   90505.215     0.993750         8207       160.00
   90701.823     0.994531         8214       182.86
   90832.895     0.995313         8220       213.33
   90898.431     0.996094         8225       256.00
   90963.967     0.996484         8231       284.44
   91029.503     0.996875         8233       320.00
   91095.039     0.997266         8236       365.71
   91160.575     0.997656         8240       426.67
   91226.111     0.998047         8241       512.00
   91291.647     0.998242         8243       568.89
   91488.255     0.998437         8247       640.00
   91488.255     0.998633         8247       731.43
   91553.791     0.998828         8249       853.33
   91553.791     0.999023         8249      1024.00
   91619.327     0.999121         8252      1137.78
   91619.327     0.999219         8252      1280.00
   91619.327     0.999316         8252      1462.86
   91750.399     0.999414         8253      1706.67
   91750.399     0.999512         8253      2048.00
   91815.935     0.999561         8254      2275.56
   91815.935     0.999609         8254      2560.00
   91881.471     0.999658         8255      2925.71
   91881.471     0.999707         8255      3413.33
   91881.471     0.999756         8255      4096.00
   92209.151     0.999780         8257      4551.11
   92209.151     1.000000         8257          inf
#[Mean    =    59147.644, StdDeviation   =    19609.198]
#[Max     =    92143.616, Total count    =         8257]
#[Buckets =           27, SubBuckets     =         2048]
----------------------------------------------------------
  8343 requests in 15.00m, 1.71MB read
  Socket errors: connect 0, read 0, write 5, timeout 19
Requests/sec:      9.27
Transfer/sec:      1.95KB
