Running 15m test @ http://10.97.217.7:8080/wrk2-api/post/compose
  2 threads and 4 connections
  Thread calibration: mean lat.: 4891.049ms, rate sampling interval: 15359ms
  Thread calibration: mean lat.: 4435.287ms, rate sampling interval: 15564ms
  Thread Stats   Avg      Stdev     99%   +/- Stdev
    Latency     1.53m    25.90s    2.00m    70.92%
    Req/Sec    26.54      8.12    32.00     88.60%
  Latency Distribution (HdrHistogram - Recorded Latency)
 50.000%    1.71m 
 75.000%    1.84m 
 90.000%    1.90m 
 99.000%    2.00m 
 99.900%    2.03m 
 99.990%    2.04m 
 99.999%    2.04m 
100.000%    2.04m 

  Detailed Percentile spectrum:
       Value   Percentile   TotalCount 1/(1-Percentile)

    7372.799     0.000000            1         1.00
   49676.287     0.100000         4824         1.11
   51642.367     0.200000         9668         1.25
   97320.959     0.300000        14478         1.43
  100925.439     0.400000        19312         1.67
  102891.519     0.500000        24228         2.00
  103874.559     0.550000        26510         2.22
  105840.639     0.600000        28929         2.50
  107347.967     0.650000        31442         2.86
  108724.223     0.700000        33809         3.33
  110362.623     0.750000        36225         4.00
  110886.911     0.775000        37568         4.44
  111280.127     0.800000        38645         5.00
  111738.879     0.825000        39857         5.71
  112459.775     0.850000        41024         6.67
  113246.207     0.875000        42252         8.00
  113573.887     0.887500        42828         8.89
  113901.567     0.900000        43461        10.00
  114229.247     0.912500        44058        11.43
  114491.391     0.925000        44639        13.33
  114753.535     0.937500        45196        16.00
  114950.143     0.943750        45522        17.78
  115146.751     0.950000        45807        20.00
  115343.359     0.956250        46086        22.86
  115802.111     0.962500        46405        26.67
  116195.327     0.968750        46683        32.00
  116654.079     0.971875        46844        35.56
  117243.903     0.975000        47012        40.00
  117637.119     0.978125        47142        45.71
  118030.335     0.981250        47281        53.33
  118620.159     0.984375        47459        64.00
  119013.375     0.985938        47511        71.11
  119406.591     0.987500        47584        80.00
  119930.879     0.989062        47667        91.43
  120717.311     0.990625        47735       106.67
  121176.063     0.992188        47817       128.00
  121307.135     0.992969        47866       142.22
  121372.671     0.993750        47898       160.00
  121438.207     0.994531        47936       182.86
  121503.743     0.995313        47972       213.33
  121569.279     0.996094        48020       256.00
  121569.279     0.996484        48020       284.44
  121634.815     0.996875        48059       320.00
  121634.815     0.997266        48059       365.71
  121700.351     0.997656        48088       426.67
  121765.887     0.998047        48106       512.00
  121765.887     0.998242        48106       568.89
  121831.423     0.998437        48122       640.00
  121831.423     0.998633        48122       731.43
  121896.959     0.998828        48134       853.33
  121962.495     0.999023        48148      1024.00
  121962.495     0.999121        48148      1137.78
  121962.495     0.999219        48148      1280.00
  122028.031     0.999316        48161      1462.86
  122028.031     0.999414        48161      1706.67
  122028.031     0.999512        48161      2048.00
  122093.567     0.999561        48168      2275.56
  122093.567     0.999609        48168      2560.00
  122093.567     0.999658        48168      2925.71
  122159.103     0.999707        48172      3413.33
  122224.639     0.999756        48179      4096.00
  122224.639     0.999780        48179      4551.11
  122224.639     0.999805        48179      5120.00
  122224.639     0.999829        48179      5851.43
  122224.639     0.999854        48179      6826.67
  122224.639     0.999878        48179      8192.00
  122224.639     0.999890        48179      9102.22
  122290.175     0.999902        48183     10240.00
  122290.175     0.999915        48183     11702.86
  122290.175     0.999927        48183     13653.33
  122290.175     0.999939        48183     16384.00
  122290.175     0.999945        48183     18204.44
  122290.175     0.999951        48183     20480.00
  122290.175     0.999957        48183     23405.71
  122290.175     0.999963        48183     27306.67
  122290.175     0.999969        48183     32768.00
  122290.175     0.999973        48183     36408.89
  122290.175     0.999976        48183     40960.00
  122290.175     0.999979        48183     46811.43
  122421.247     0.999982        48184     54613.33
  122421.247     1.000000        48184          inf
#[Mean    =    91561.296, StdDeviation   =    25899.484]
#[Max     =   122355.712, Total count    =        48184]
#[Buckets =           27, SubBuckets     =         2048]
----------------------------------------------------------
  48309 requests in 15.00m, 415.50MB read
  Socket errors: connect 0, read 0, write 6, timeout 0
Requests/sec:     53.67
Transfer/sec:    472.73KB
