Running 15m test @ http://10.97.217.7:8080/wrk2-api/post/compose
  2 threads and 4 connections
  Thread calibration: mean lat.: 4769.123ms, rate sampling interval: 14286ms
  Thread calibration: mean lat.: 3868.544ms, rate sampling interval: 11730ms
  Thread Stats   Avg      Stdev     99%   +/- Stdev
    Latency     1.43m    23.31s    1.85m    68.39%
    Req/Sec    13.09      3.86    17.00     88.32%
  Latency Distribution (HdrHistogram - Recorded Latency)
 50.000%    1.58m 
 75.000%    1.72m 
 90.000%    1.79m 
 99.000%    1.85m 
 99.900%    1.87m 
 99.990%    1.88m 
 99.999%    1.88m 
100.000%    1.88m 

  Detailed Percentile spectrum:
       Value   Percentile   TotalCount 1/(1-Percentile)

    7856.127     0.000000            1         1.00
   49381.375     0.100000         2456         1.11
   51019.775     0.200000         4889         1.25
   87556.095     0.300000         7276         1.43
   91881.471     0.400000         9713         1.67
   94896.127     0.500000        12130         2.00
   96534.527     0.550000        13321         2.22
   99090.431     0.600000        14542         2.50
  101122.047     0.650000        15750         2.86
  102301.695     0.700000        17010         3.33
  103350.271     0.750000        18178         4.00
  103940.095     0.775000        18782         4.44
  104529.919     0.800000        19411         5.00
  105054.207     0.825000        19993         5.71
  105644.031     0.850000        20584         6.67
  106299.391     0.875000        21207         8.00
  106758.143     0.887500        21500         8.89
  107216.895     0.900000        21802        10.00
  107741.183     0.912500        22141        11.43
  108003.327     0.925000        22388        13.33
  108331.007     0.937500        22720        16.00
  108527.615     0.943750        22898        17.78
  108724.223     0.950000        23037        20.00
  108920.831     0.956250        23171        22.86
  109182.975     0.962500        23316        26.67
  109445.119     0.968750        23481        32.00
  109510.655     0.971875        23523        35.56
  109707.263     0.975000        23614        40.00
  109838.335     0.978125        23684        45.71
  110034.943     0.981250        23770        53.33
  110166.015     0.984375        23823        64.00
  110362.623     0.985938        23868        71.11
  110559.231     0.987500        23907        80.00
  110690.303     0.989062        23937        91.43
  110821.375     0.990625        23975       106.67
  110952.447     0.992188        24019       128.00
  111017.983     0.992969        24039       142.22
  111083.519     0.993750        24056       160.00
  111149.055     0.994531        24074       182.86
  111280.127     0.995313        24096       213.33
  111411.199     0.996094        24113       256.00
  111476.735     0.996484        24116       284.44
  111607.807     0.996875        24137       320.00
  111607.807     0.997266        24137       365.71
  111673.343     0.997656        24148       426.67
  111804.415     0.998047        24158       512.00
  111869.951     0.998242        24163       568.89
  111935.487     0.998437        24173       640.00
  111935.487     0.998633        24173       731.43
  111935.487     0.998828        24173       853.33
  112001.023     0.999023        24181      1024.00
  112001.023     0.999121        24181      1137.78
  112066.559     0.999219        24189      1280.00
  112066.559     0.999316        24189      1462.86
  112066.559     0.999414        24189      1706.67
  112132.095     0.999512        24190      2048.00
  112197.631     0.999561        24193      2275.56
  112197.631     0.999609        24193      2560.00
  112197.631     0.999658        24193      2925.71
  112263.167     0.999707        24194      3413.33
  112459.775     0.999756        24196      4096.00
  112459.775     0.999780        24196      4551.11
  112525.311     0.999805        24197      5120.00
  112525.311     0.999829        24197      5851.43
  112721.919     0.999854        24198      6826.67
  112918.527     0.999878        24199      8192.00
  112918.527     0.999890        24199      9102.22
  112918.527     0.999902        24199     10240.00
  112918.527     0.999915        24199     11702.86
  112984.063     0.999927        24200     13653.33
  112984.063     0.999939        24200     16384.00
  112984.063     0.999945        24200     18204.44
  112984.063     0.999951        24200     20480.00
  112984.063     0.999957        24200     23405.71
  113049.599     0.999963        24201     27306.67
  113049.599     1.000000        24201          inf
#[Mean    =    85604.870, StdDeviation   =    23310.031]
#[Max     =   112984.064, Total count    =        24201]
#[Buckets =           27, SubBuckets     =         2048]
----------------------------------------------------------
  24258 requests in 15.00m, 300.40MB read
  Socket errors: connect 0, read 0, write 5, timeout 0
Requests/sec:     26.95
Transfer/sec:    341.75KB
