Running 15m test @ http://10.99.255.188:8080/wrk2-api/post/compose
  2 threads and 4 connections
  Thread calibration: mean lat.: 16.927ms, rate sampling interval: 42ms
  Thread calibration: mean lat.: 18.027ms, rate sampling interval: 45ms
  Thread Stats   Avg      Stdev     99%   +/- Stdev
    Latency     1.79m     1.04m    3.72m    63.23%
    Req/Sec     4.13      9.74    45.00     83.49%
  Latency Distribution (HdrHistogram - Recorded Latency)
 50.000%    1.87m 
 75.000%    2.27m 
 90.000%    3.55m 
 99.000%    3.72m 
 99.900%    3.77m 
 99.990%    3.77m 
 99.999%    3.78m 
100.000%    3.78m 

  Detailed Percentile spectrum:
       Value   Percentile   TotalCount 1/(1-Percentile)

       9.935     0.000000            1         1.00
   11640.831     0.100000          741         1.11
   40435.711     0.200000         1481         1.25
   87097.343     0.300000         2222         1.43
   98762.751     0.400000         2962         1.67
  112459.775     0.500000         3702         2.00
  119472.127     0.550000         4072         2.22
  125960.191     0.600000         4444         2.50
  130088.959     0.650000         4818         2.86
  133103.615     0.700000         5185         3.33
  136052.735     0.750000         5563         4.00
  137887.743     0.775000         5736         4.44
  145883.135     0.800000         5931         5.00
  151912.447     0.825000         6106         5.71
  185860.095     0.850000         6293         6.67
  190578.687     0.875000         6478         8.00
  194510.847     0.887500         6571         8.89
  212860.927     0.900000         6668        10.00
  214171.647     0.912500         6755        11.43
  215744.511     0.925000         6846        13.33
  216793.087     0.937500         6950        16.00
  217186.303     0.943750         6985        17.78
  217972.735     0.950000         7041        20.00
  218628.095     0.956250         7083        22.86
  219152.383     0.962500         7131        26.67
  219938.815     0.968750         7180        32.00
  220332.031     0.971875         7197        35.56
  220987.391     0.975000         7216        40.00
  221511.679     0.978125         7243        45.71
  222167.039     0.981250         7263        53.33
  222560.255     0.984375         7296        64.00
  222691.327     0.985938         7304        71.11
  222822.399     0.987500         7313        80.00
  223084.543     0.989062         7322        91.43
  223346.687     0.990625         7333       106.67
  223739.903     0.992188         7345       128.00
  223870.975     0.992969         7349       142.22
  224002.047     0.993750         7358       160.00
  224133.119     0.994531         7363       182.86
  224395.263     0.995313         7369       213.33
  224526.335     0.996094         7374       256.00
  224657.407     0.996484         7375       284.44
  224788.479     0.996875         7378       320.00
  224919.551     0.997266         7382       365.71
  225050.623     0.997656         7385       426.67
  225312.767     0.998047         7388       512.00
  225312.767     0.998242         7388       568.89
  225443.839     0.998437         7392       640.00
  225443.839     0.998633         7392       731.43
  225705.983     0.998828         7393       853.33
  225968.127     0.999023         7394      1024.00
  226099.199     0.999121         7396      1137.78
  226099.199     0.999219         7396      1280.00
  226099.199     0.999316         7396      1462.86
  226230.271     0.999414         7398      1706.67
  226230.271     0.999512         7398      2048.00
  226230.271     0.999561         7398      2275.56
  226361.343     0.999609         7400      2560.00
  226361.343     0.999658         7400      2925.71
  226361.343     0.999707         7400      3413.33
  226361.343     0.999756         7400      4096.00
  226361.343     0.999780         7400      4551.11
  226361.343     0.999805         7400      5120.00
  226361.343     0.999829         7400      5851.43
  226361.343     0.999854         7400      6826.67
  226623.487     0.999878         7401      8192.00
  226623.487     1.000000         7401          inf
#[Mean    =   107299.352, StdDeviation   =    62472.129]
#[Max     =   226492.416, Total count    =         7401]
#[Buckets =           27, SubBuckets     =         2048]
----------------------------------------------------------
  7516 requests in 15.00m, 1.54MB read
  Socket errors: connect 0, read 0, write 15, timeout 25
Requests/sec:      8.35
Transfer/sec:      1.75KB
