Running 15m test @ http://10.99.255.188:8080/wrk2-api/post/compose
  2 threads and 4 connections
  Thread calibration: mean lat.: 5.981ms, rate sampling interval: 15ms
  Thread calibration: mean lat.: 5.662ms, rate sampling interval: 16ms
  Thread Stats   Avg      Stdev     99%   +/- Stdev
    Latency     4.57m     1.89m    6.62m    74.91%
    Req/Sec    18.85     37.47   142.00     76.84%
  Latency Distribution (HdrHistogram - Recorded Latency)
 50.000%    5.21m 
 75.000%    5.95m 
 90.000%    6.37m 
 99.000%    6.62m 
 99.900%    6.65m 
 99.990%    6.65m 
 99.999%    6.66m 
100.000%    6.66m 

  Detailed Percentile spectrum:
       Value   Percentile   TotalCount 1/(1-Percentile)

       2.157     0.000000            1         1.00
   43286.527     0.100000         3256         1.11
  210108.415     0.200000         6600         1.25
  261750.783     0.300000         9864         1.43
  268042.239     0.400000        13025         1.67
  312475.647     0.500000        16295         2.00
  318504.959     0.550000        17946         2.22
  332136.447     0.600000        19558         2.50
  338427.903     0.650000        21195         2.86
  353894.399     0.700000        22797         3.33
  356777.983     0.750000        24456         4.00
  358350.847     0.775000        25282         4.44
  363855.871     0.800000        26072         5.00
  365428.735     0.825000        26945         5.71
  366739.455     0.850000        27686         6.67
  368836.607     0.875000        28527         8.00
  375914.495     0.887500        28938         8.89
  382205.951     0.900000        29307        10.00
  387710.975     0.912500        29748        11.43
  388759.551     0.925000        30194        13.33
  390332.415     0.937500        30527        16.00
  393740.287     0.943750        30841        17.78
  394002.431     0.950000        30939        20.00
  394788.863     0.956250        31266        22.86
  395051.007     0.962500        31438        26.67
  395313.151     0.968750        31671        32.00
  395313.151     0.971875        31671        35.56
  395575.295     0.975000        31868        40.00
  395575.295     0.978125        31868        45.71
  395837.439     0.981250        32058        53.33
  395837.439     0.984375        32058        64.00
  396099.583     0.985938        32154        71.11
  396099.583     0.987500        32154        80.00
  396623.871     0.989062        32214        91.43
  397672.447     0.990625        32262       106.67
  398196.735     0.992188        32370       128.00
  398196.735     0.992969        32370       142.22
  398196.735     0.993750        32370       160.00
  398458.879     0.994531        32460       182.86
  398458.879     0.995313        32460       213.33
  398458.879     0.996094        32460       256.00
  398458.879     0.996484        32460       284.44
  398458.879     0.996875        32460       320.00
  398721.023     0.997266        32501       365.71
  398721.023     0.997656        32501       426.67
  398721.023     0.998047        32501       512.00
  398721.023     0.998242        32501       568.89
  398983.167     0.998437        32529       640.00
  398983.167     0.998633        32529       731.43
  398983.167     0.998828        32529       853.33
  398983.167     0.999023        32529      1024.00
  398983.167     0.999121        32529      1137.78
  399245.311     0.999219        32556      1280.00
  399245.311     0.999316        32556      1462.86
  399245.311     0.999414        32556      1706.67
  399245.311     0.999512        32556      2048.00
  399245.311     0.999561        32556      2275.56
  399245.311     0.999609        32556      2560.00
  399245.311     0.999658        32556      2925.71
  399245.311     0.999707        32556      3413.33
  399245.311     0.999756        32556      4096.00
  399245.311     0.999780        32556      4551.11
  399245.311     0.999805        32556      5120.00
  399245.311     0.999829        32556      5851.43
  399245.311     0.999854        32556      6826.67
  399245.311     0.999878        32556      8192.00
  399245.311     0.999890        32556      9102.22
  399245.311     0.999902        32556     10240.00
  399245.311     0.999915        32556     11702.86
  399245.311     0.999927        32556     13653.33
  399245.311     0.999939        32556     16384.00
  399245.311     0.999945        32556     18204.44
  399245.311     0.999951        32556     20480.00
  399245.311     0.999957        32556     23405.71
  399245.311     0.999963        32556     27306.67
  399507.455     0.999969        32557     32768.00
  399507.455     1.000000        32557          inf
#[Mean    =   274006.034, StdDeviation   =   113631.382]
#[Max     =   399245.312, Total count    =        32557]
#[Buckets =           27, SubBuckets     =         2048]
----------------------------------------------------------
  33205 requests in 15.00m, 288.21MB read
  Socket errors: connect 0, read 9, write 18, timeout 180
  Non-2xx or 3xx responses: 2
Requests/sec:     36.89
Transfer/sec:    327.90KB
