Running 15m test @ http://10.99.255.188:8080/wrk2-api/post/compose
  2 threads and 4 connections
  Thread calibration: mean lat.: 24.158ms, rate sampling interval: 70ms
  Thread calibration: mean lat.: 23.320ms, rate sampling interval: 72ms
  Thread Stats   Avg      Stdev     99%   +/- Stdev
    Latency     4.82m     1.85m    6.00m    86.27%
    Req/Sec     8.98     12.76    55.00     83.06%
  Latency Distribution (HdrHistogram - Recorded Latency)
 50.000%    5.67m 
 75.000%    5.76m 
 90.000%    5.92m 
 99.000%    6.00m 
 99.900%    6.02m 
 99.990%    6.04m 
 99.999%    6.04m 
100.000%    6.04m 

  Detailed Percentile spectrum:
       Value   Percentile   TotalCount 1/(1-Percentile)

       3.275     0.000000            1         1.00
      32.927     0.100000         1625         1.11
  301727.743     0.200000         3346         1.25
  307232.767     0.300000         4897         1.43
  314834.943     0.400000         6504         1.67
  340000.767     0.500000         8230         2.00
  340787.199     0.550000         8986         2.22
  341573.631     0.600000         9808         2.50
  342360.063     0.650000        10577         2.86
  343670.783     0.700000        11425         3.33
  345767.935     0.750000        12247         4.00
  346554.367     0.775000        12672         4.44
  347340.799     0.800000        13036         5.00
  348389.375     0.825000        13399         5.71
  349962.239     0.850000        13805         6.67
  354156.543     0.875000        14228         8.00
  354942.975     0.887500        14478         8.89
  355467.263     0.900000        14681        10.00
  355991.551     0.912500        14884        11.43
  356515.839     0.925000        15173        13.33
  356777.983     0.937500        15329        16.00
  356777.983     0.943750        15329        17.78
  357040.127     0.950000        15472        20.00
  357302.271     0.956250        15582        22.86
  357564.415     0.962500        15646        26.67
  358350.847     0.968750        15729        32.00
  358612.991     0.971875        15798        35.56
  358875.135     0.975000        15851        40.00
  359137.279     0.978125        15897        45.71
  359399.423     0.981250        15954        53.33
  359661.567     0.984375        15986        64.00
  359923.711     0.985938        16023        71.11
  360185.855     0.987500        16084        80.00
  360185.855     0.989062        16084        91.43
  360185.855     0.990625        16084       106.67
  360447.999     0.992188        16141       128.00
  360447.999     0.992969        16141       142.22
  360447.999     0.993750        16141       160.00
  360710.143     0.994531        16178       182.86
  360710.143     0.995313        16178       213.33
  360710.143     0.996094        16178       256.00
  360710.143     0.996484        16178       284.44
  360972.287     0.996875        16211       320.00
  360972.287     0.997266        16211       365.71
  360972.287     0.997656        16211       426.67
  360972.287     0.998047        16211       512.00
  360972.287     0.998242        16211       568.89
  360972.287     0.998437        16211       640.00
  361234.431     0.998633        16215       731.43
  361496.575     0.998828        16223       853.33
  361496.575     0.999023        16223      1024.00
  361496.575     0.999121        16223      1137.78
  361496.575     0.999219        16223      1280.00
  361758.719     0.999316        16225      1462.86
  362020.863     0.999414        16232      1706.67
  362020.863     0.999512        16232      2048.00
  362020.863     0.999561        16232      2275.56
  362020.863     0.999609        16232      2560.00
  362020.863     0.999658        16232      2925.71
  362020.863     0.999707        16232      3413.33
  362020.863     0.999756        16232      4096.00
  362020.863     0.999780        16232      4551.11
  362020.863     0.999805        16232      5120.00
  362283.007     0.999829        16235      5851.43
  362283.007     1.000000        16235          inf
#[Mean    =   289286.479, StdDeviation   =   110807.862]
#[Max     =   362020.864, Total count    =        16235]
#[Buckets =           27, SubBuckets     =         2048]
----------------------------------------------------------
  16562 requests in 15.00m, 216.39MB read
  Socket errors: connect 0, read 0, write 16, timeout 0
Requests/sec:     18.40
Transfer/sec:    246.15KB
