Running 15m test @ http://10.109.210.1:8080/wrk2-api/post/compose
  2 threads and 4 connections
  Thread calibration: mean lat.: 2092.670ms, rate sampling interval: 10895ms
  Thread calibration: mean lat.: 1647.739ms, rate sampling interval: 8249ms
  Thread Stats   Avg      Stdev     99%   +/- Stdev
    Latency    47.20s    19.87s    1.50m    72.18%
    Req/Sec     4.18      1.14     6.00     91.49%
  Latency Distribution (HdrHistogram - Recorded Latency)
 50.000%   41.94s 
 75.000%   49.09s 
 90.000%    1.34m 
 99.000%    1.50m 
 99.900%    1.54m 
 99.990%    1.55m 
 99.999%    1.56m 
100.000%    1.56m 

  Detailed Percentile spectrum:
       Value   Percentile   TotalCount 1/(1-Percentile)

      62.975     0.000000            1         1.00
   31227.903     0.100000          841         1.11
   35782.655     0.200000         1689         1.25
   38436.863     0.300000         2524         1.43
   40271.871     0.400000         3360         1.67
   41943.039     0.500000         4203         2.00
   42696.703     0.550000         4622         2.22
   43614.207     0.600000         5053         2.50
   44662.783     0.650000         5467         2.86
   46268.415     0.700000         5877         3.33
   49086.463     0.750000         6298         4.00
   51838.975     0.775000         6508         4.44
   74121.215     0.800000         6717         5.00
   76939.263     0.825000         6931         5.71
   78381.055     0.850000         7149         6.67
   79233.023     0.875000         7349         8.00
   79888.383     0.887500         7455         8.89
   80674.815     0.900000         7560        10.00
   81330.175     0.912500         7660        11.43
   82116.607     0.925000         7772        13.33
   82837.503     0.937500         7871        16.00
   83296.255     0.943750         7926        17.78
   83820.543     0.950000         7977        20.00
   84672.511     0.956250         8027        22.86
   85917.695     0.962500         8079        26.67
   87228.415     0.968750         8134        32.00
   87949.311     0.971875         8158        35.56
   88473.599     0.975000         8189        40.00
   88735.743     0.978125         8211        45.71
   88997.887     0.981250         8238        53.33
   89325.567     0.984375         8265        64.00
   89522.175     0.985938         8278        71.11
   89653.247     0.987500         8291        80.00
   89849.855     0.989062         8306        91.43
   90046.463     0.990625         8315       106.67
   90439.679     0.992188         8330       128.00
   90505.215     0.992969         8334       142.22
   90701.823     0.993750         8345       160.00
   90767.359     0.994531         8349       182.86
   90832.895     0.995313         8355       213.33
   91029.503     0.996094         8361       256.00
   91095.039     0.996484         8364       284.44
   91357.183     0.996875         8368       320.00
   91553.791     0.997266         8371       365.71
   91684.863     0.997656         8375       426.67
   91815.935     0.998047         8377       512.00
   91947.007     0.998242         8381       568.89
   91947.007     0.998437         8381       640.00
   92209.151     0.998633         8382       731.43
   92471.295     0.998828         8384       853.33
   92536.831     0.999023         8385      1024.00
   92602.367     0.999121         8386      1137.78
   92667.903     0.999219         8387      1280.00
   92798.975     0.999316         8388      1462.86
   92930.047     0.999414         8389      1706.67
   92930.047     0.999512         8389      2048.00
   92995.583     0.999561         8390      2275.56
   92995.583     0.999609         8390      2560.00
   93126.655     0.999658         8391      2925.71
   93126.655     0.999707         8391      3413.33
   93126.655     0.999756         8391      4096.00
   93192.191     0.999780         8392      4551.11
   93192.191     0.999805         8392      5120.00
   93192.191     0.999829         8392      5851.43
   93192.191     0.999854         8392      6826.67
   93192.191     0.999878         8392      8192.00
   93323.263     0.999890         8393      9102.22
   93323.263     1.000000         8393          inf
#[Mean    =    47200.719, StdDeviation   =    19869.563]
#[Max     =    93257.728, Total count    =         8393]
#[Buckets =           27, SubBuckets     =         2048]
----------------------------------------------------------
  8466 requests in 15.00m, 1.74MB read
  Socket errors: connect 0, read 0, write 4, timeout 20
Requests/sec:      9.41
Transfer/sec:      1.97KB
