Running 15m test @ http://10.109.210.1:8080/wrk2-api/post/compose
  2 threads and 4 connections
  Thread calibration: mean lat.: 3657.706ms, rate sampling interval: 12967ms
  Thread calibration: mean lat.: 3584.515ms, rate sampling interval: 11837ms
  Thread Stats   Avg      Stdev     99%   +/- Stdev
    Latency     1.66m     8.88s    1.82m    95.53%
    Req/Sec    26.31      8.71    33.00     88.11%
  Latency Distribution (HdrHistogram - Recorded Latency)
 50.000%    1.67m 
 75.000%    1.73m 
 90.000%    1.76m 
 99.000%    1.82m 
 99.900%    1.83m 
 99.990%    1.84m 
 99.999%    1.84m 
100.000%    1.84m 

  Detailed Percentile spectrum:
       Value   Percentile   TotalCount 1/(1-Percentile)

    6160.383     0.000000            1         1.00
   95027.199     0.100000         4799         1.11
   96796.671     0.200000         9718         1.25
   98041.855     0.300000        14483         1.43
   99024.895     0.400000        19189         1.67
  100007.935     0.500000        24073         2.00
  100597.759     0.550000        26338         2.22
  101777.407     0.600000        28776         2.50
  102498.303     0.650000        31068         2.86
  103088.127     0.700000        33465         3.33
  103546.879     0.750000        35788         4.00
  103809.023     0.775000        37235         4.44
  104005.631     0.800000        38441         5.00
  104202.239     0.825000        39451         5.71
  104529.919     0.850000        40777         6.67
  104857.599     0.875000        41745         8.00
  105119.743     0.887500        42362         8.89
  105381.887     0.900000        42934        10.00
  105709.567     0.912500        43561        11.43
  106037.247     0.925000        44144        13.33
  106430.463     0.937500        44725        16.00
  106823.679     0.943750        45030        17.78
  107085.823     0.950000        45346        20.00
  107347.967     0.956250        45616        22.86
  107741.183     0.962500        45941        26.67
  108199.935     0.968750        46226        32.00
  108462.079     0.971875        46382        35.56
  108658.687     0.975000        46560        40.00
  108789.759     0.978125        46709        45.71
  108855.295     0.981250        46803        53.33
  108986.367     0.984375        47000        64.00
  109051.903     0.985938        47092        71.11
  109117.439     0.987500        47168        80.00
  109182.975     0.989062        47227        91.43
  109248.511     0.990625        47291       106.67
  109314.047     0.992188        47342       128.00
  109379.583     0.992969        47392       142.22
  109445.119     0.993750        47427       160.00
  109510.655     0.994531        47460       182.86
  109576.191     0.995313        47487       213.33
  109641.727     0.996094        47521       256.00
  109707.263     0.996484        47549       284.44
  109707.263     0.996875        47549       320.00
  109772.799     0.997266        47585       365.71
  109772.799     0.997656        47585       426.67
  109838.335     0.998047        47613       512.00
  109838.335     0.998242        47613       568.89
  109903.871     0.998437        47636       640.00
  109903.871     0.998633        47636       731.43
  109969.407     0.998828        47653       853.33
  109969.407     0.999023        47653      1024.00
  110034.943     0.999121        47664      1137.78
  110034.943     0.999219        47664      1280.00
  110034.943     0.999316        47664      1462.86
  110100.479     0.999414        47672      1706.67
  110166.015     0.999512        47681      2048.00
  110166.015     0.999561        47681      2275.56
  110166.015     0.999609        47681      2560.00
  110166.015     0.999658        47681      2925.71
  110231.551     0.999707        47687      3413.33
  110231.551     0.999756        47687      4096.00
  110231.551     0.999780        47687      4551.11
  110231.551     0.999805        47687      5120.00
  110297.087     0.999829        47694      5851.43
  110297.087     0.999854        47694      6826.67
  110297.087     0.999878        47694      8192.00
  110297.087     0.999890        47694      9102.22
  110297.087     0.999902        47694     10240.00
  110297.087     0.999915        47694     11702.86
  110297.087     0.999927        47694     13653.33
  110297.087     0.999939        47694     16384.00
  110297.087     0.999945        47694     18204.44
  110297.087     0.999951        47694     20480.00
  110297.087     0.999957        47694     23405.71
  110362.623     0.999963        47696     27306.67
  110362.623     1.000000        47696          inf
#[Mean    =    99558.791, StdDeviation   =     8883.221]
#[Max     =   110297.088, Total count    =        47696]
#[Buckets =           27, SubBuckets     =         2048]
----------------------------------------------------------
  47849 requests in 15.00m, 429.44MB read
  Socket errors: connect 0, read 0, write 5, timeout 12
Requests/sec:     53.16
Transfer/sec:    488.58KB
