Running 15m test @ http://10.109.210.1:8080/wrk2-api/post/compose
  2 threads and 4 connections
  Thread calibration: mean lat.: 5157.120ms, rate sampling interval: 14090ms
  Thread calibration: mean lat.: 4062.497ms, rate sampling interval: 11812ms
  Thread Stats   Avg      Stdev     99%   +/- Stdev
    Latency     1.65m    10.03s    1.88m    89.36%
    Req/Sec    12.90      4.33    17.00     88.41%
  Latency Distribution (HdrHistogram - Recorded Latency)
 50.000%    1.67m 
 75.000%    1.75m 
 90.000%    1.79m 
 99.000%    1.88m 
 99.900%    1.90m 
 99.990%    1.91m 
 99.999%    1.91m 
100.000%    1.91m 

  Detailed Percentile spectrum:
       Value   Percentile   TotalCount 1/(1-Percentile)

    7786.495     0.000000            1         1.00
   91226.111     0.100000         2415         1.11
   94240.767     0.200000         4796         1.25
   96403.455     0.300000         7196         1.43
   98566.143     0.400000         9527         1.67
  100466.687     0.500000        11979         2.00
  101449.727     0.550000        13136         2.22
  102694.911     0.600000        14344         2.50
  103415.807     0.650000        15482         2.86
  104136.703     0.700000        16765         3.33
  104857.599     0.750000        17895         4.00
  105316.351     0.775000        18508         4.44
  105709.567     0.800000        19081         5.00
  106102.783     0.825000        19654         5.71
  106495.999     0.850000        20269         6.67
  106889.215     0.875000        20891         8.00
  107085.823     0.887500        21174         8.89
  107282.431     0.900000        21433        10.00
  107544.575     0.912500        21738        11.43
  107937.791     0.925000        22075        13.33
  108462.079     0.937500        22321        16.00
  108789.759     0.943750        22483        17.78
  109117.439     0.950000        22618        20.00
  109707.263     0.956250        22779        22.86
  110362.623     0.962500        22916        26.67
  111083.519     0.968750        23067        32.00
  111345.663     0.971875        23141        35.56
  111673.343     0.975000        23232        40.00
  111935.487     0.978125        23306        45.71
  112197.631     0.981250        23384        53.33
  112328.703     0.984375        23444        64.00
  112394.239     0.985938        23477        71.11
  112525.311     0.987500        23517        80.00
  112721.919     0.989062        23566        91.43
  112787.455     0.990625        23588       106.67
  112984.063     0.992188        23636       128.00
  113049.599     0.992969        23644       142.22
  113180.671     0.993750        23672       160.00
  113246.207     0.994531        23688       182.86
  113311.743     0.995313        23702       213.33
  113377.279     0.996094        23721       256.00
  113442.815     0.996484        23731       284.44
  113508.351     0.996875        23740       320.00
  113573.887     0.997266        23744       365.71
  113836.031     0.997656        23758       426.67
  113901.567     0.998047        23766       512.00
  113967.103     0.998242        23772       568.89
  113967.103     0.998437        23772       640.00
  114032.639     0.998633        23778       731.43
  114098.175     0.998828        23781       853.33
  114163.711     0.999023        23786      1024.00
  114229.247     0.999121        23789      1137.78
  114294.783     0.999219        23792      1280.00
  114294.783     0.999316        23792      1462.86
  114360.319     0.999414        23797      1706.67
  114360.319     0.999512        23797      2048.00
  114425.855     0.999561        23798      2275.56
  114491.391     0.999609        23801      2560.00
  114491.391     0.999658        23801      2925.71
  114556.927     0.999707        23805      3413.33
  114556.927     0.999756        23805      4096.00
  114556.927     0.999780        23805      4551.11
  114556.927     0.999805        23805      5120.00
  114556.927     0.999829        23805      5851.43
  114556.927     0.999854        23805      6826.67
  114622.463     0.999878        23806      8192.00
  114622.463     0.999890        23806      9102.22
  114622.463     0.999902        23806     10240.00
  114622.463     0.999915        23806     11702.86
  114687.999     0.999927        23807     13653.33
  114687.999     0.999939        23807     16384.00
  114687.999     0.999945        23807     18204.44
  114687.999     0.999951        23807     20480.00
  114687.999     0.999957        23807     23405.71
  114819.071     0.999963        23808     27306.67
  114819.071     1.000000        23808          inf
#[Mean    =    99225.643, StdDeviation   =    10031.595]
#[Max     =   114753.536, Total count    =        23808]
#[Buckets =           27, SubBuckets     =         2048]
----------------------------------------------------------
  23868 requests in 15.00m, 294.77MB read
  Socket errors: connect 0, read 0, write 6, timeout 0
Requests/sec:     26.52
Transfer/sec:    335.35KB
