Running 15m test @ http://10.96.227.163:8080/wrk2-api/post/compose
  2 threads and 4 connections
  Thread calibration: mean lat.: 16.763ms, rate sampling interval: 42ms
  Thread calibration: mean lat.: 16.422ms, rate sampling interval: 39ms
  Thread Stats   Avg      Stdev     99%   +/- Stdev
    Latency    40.14s    20.11s    1.27m    66.92%
    Req/Sec     4.68     10.69    48.00     82.50%
  Latency Distribution (HdrHistogram - Recorded Latency)
 50.000%   39.55s 
 75.000%    0.91m 
 90.000%    1.13m 
 99.000%    1.27m 
 99.900%    1.30m 
 99.990%    1.31m 
 99.999%    1.31m 
100.000%    1.31m 

  Detailed Percentile spectrum:
       Value   Percentile   TotalCount 1/(1-Percentile)

      10.791     0.000000            1         1.00
    4227.071     0.100000          839         1.11
   26722.303     0.200000         1678         1.25
   31080.447     0.300000         2523         1.43
   35061.759     0.400000         3362         1.67
   39550.975     0.500000         4198         2.00
   41582.591     0.550000         4617         2.22
   44236.799     0.600000         5038         2.50
   46727.167     0.650000         5456         2.86
   50102.271     0.700000         5873         3.33
   54362.111     0.750000         6291         4.00
   58130.431     0.775000         6501         4.44
   61014.015     0.800000         6711         5.00
   63897.599     0.825000         6921         5.71
   65961.983     0.850000         7132         6.67
   67239.935     0.875000         7352         8.00
   67633.151     0.887500         7453         8.89
   68091.903     0.900000         7553        10.00
   68616.191     0.912500         7667        11.43
   69271.551     0.925000         7766        13.33
   69795.839     0.937500         7866        16.00
   70254.591     0.943750         7926        17.78
   70582.271     0.950000         7970        20.00
   70975.487     0.956250         8025        22.86
   71434.239     0.962500         8077        26.67
   71958.527     0.968750         8128        32.00
   72286.207     0.971875         8153        35.56
   72613.887     0.975000         8183        40.00
   73072.639     0.978125         8208        45.71
   73531.391     0.981250         8231        53.33
   74448.895     0.984375         8258        64.00
   75169.791     0.985938         8272        71.11
   75497.471     0.987500         8284        80.00
   75825.151     0.989062         8297        91.43
   76283.903     0.990625         8310       106.67
   76546.047     0.992188         8324       128.00
   76808.191     0.992969         8333       142.22
   76873.727     0.993750         8337       160.00
   77070.335     0.994531         8343       182.86
   77266.943     0.995313         8352       213.33
   77398.015     0.996094         8358       256.00
   77463.551     0.996484         8360       284.44
   77529.087     0.996875         8364       320.00
   77594.623     0.997266         8367       365.71
   77725.695     0.997656         8369       426.67
   77791.231     0.998047         8375       512.00
   77791.231     0.998242         8375       568.89
   77791.231     0.998437         8375       640.00
   77856.767     0.998633         8378       731.43
   77922.303     0.998828         8379       853.33
   78053.375     0.999023         8382      1024.00
   78053.375     0.999121         8382      1137.78
   78053.375     0.999219         8382      1280.00
   78118.911     0.999316         8384      1462.86
   78118.911     0.999414         8384      1706.67
   78118.911     0.999512         8384      2048.00
   78184.447     0.999561         8386      2275.56
   78184.447     0.999609         8386      2560.00
   78184.447     0.999658         8386      2925.71
   78184.447     0.999707         8386      3413.33
   78184.447     0.999756         8386      4096.00
   78643.199     0.999780         8387      4551.11
   78643.199     0.999805         8387      5120.00
   78643.199     0.999829         8387      5851.43
   78643.199     0.999854         8387      6826.67
   78643.199     0.999878         8387      8192.00
   78708.735     0.999890         8388      9102.22
   78708.735     1.000000         8388          inf
#[Mean    =    40142.723, StdDeviation   =    20109.618]
#[Max     =    78643.200, Total count    =         8388]
#[Buckets =           27, SubBuckets     =         2048]
----------------------------------------------------------
  8505 requests in 15.00m, 1.74MB read
  Socket errors: connect 0, read 0, write 14, timeout 19
Requests/sec:      9.45
Transfer/sec:      1.98KB
