Running 15m test @ http://10.96.227.163:8080/wrk2-api/post/compose
  2 threads and 4 connections
  Thread calibration: mean lat.: 6.021ms, rate sampling interval: 18ms
  Thread calibration: mean lat.: 4.902ms, rate sampling interval: 14ms
  Thread Stats   Avg      Stdev     99%   +/- Stdev
    Latency     1.35m    25.26s    1.85m    80.29%
    Req/Sec    27.62     42.36   153.00     78.73%
  Latency Distribution (HdrHistogram - Recorded Latency)
 50.000%    1.43m 
 75.000%    1.47m 
 90.000%    1.78m 
 99.000%    1.85m 
 99.900%    1.87m 
 99.990%    1.88m 
 99.999%    1.88m 
100.000%    1.88m 

  Detailed Percentile spectrum:
       Value   Percentile   TotalCount 1/(1-Percentile)

       1.899     0.000000            1         1.00
   76611.583     0.100000         4790         1.11
   81330.175     0.200000         9560         1.25
   83689.471     0.300000        14543         1.43
   84803.583     0.400000        19320         1.67
   85590.015     0.500000        24176         2.00
   85917.695     0.550000        26376         2.22
   86310.911     0.600000        28759         2.50
   86835.199     0.650000        31123         2.86
   87359.487     0.700000        33567         3.33
   88014.847     0.750000        36021         4.00
   88276.991     0.775000        37159         4.44
   88604.671     0.800000        38369         5.00
   89063.423     0.825000        39433         5.71
   89653.247     0.850000        40687         6.67
   90243.071     0.875000        41760         8.00
  106233.855     0.887500        42370         8.89
  107020.287     0.900000        42992        10.00
  107544.575     0.912500        43565        11.43
  107872.255     0.925000        44154        13.33
  108199.935     0.937500        44746        16.00
  108527.615     0.943750        45093        17.78
  108789.759     0.950000        45362        20.00
  109051.903     0.956250        45632        22.86
  109314.047     0.962500        45941        26.67
  109576.191     0.968750        46301        32.00
  109641.727     0.971875        46385        35.56
  109838.335     0.975000        46589        40.00
  109969.407     0.978125        46706        45.71
  110100.479     0.981250        46861        53.33
  110297.087     0.984375        47007        64.00
  110362.623     0.985938        47059        71.11
  110559.231     0.987500        47142        80.00
  110952.447     0.989062        47203        91.43
  111149.055     0.990625        47285       106.67
  111345.663     0.992188        47350       128.00
  111476.735     0.992969        47388       142.22
  111607.807     0.993750        47444       160.00
  111673.343     0.994531        47470       182.86
  111869.951     0.995313        47513       213.33
  111935.487     0.996094        47533       256.00
  112001.023     0.996484        47569       284.44
  112066.559     0.996875        47599       320.00
  112066.559     0.997266        47599       365.71
  112132.095     0.997656        47642       426.67
  112132.095     0.998047        47642       512.00
  112132.095     0.998242        47642       568.89
  112197.631     0.998437        47658       640.00
  112197.631     0.998633        47658       731.43
  112263.167     0.998828        47669       853.33
  112328.703     0.999023        47676      1024.00
  112394.239     0.999121        47678      1137.78
  112459.775     0.999219        47682      1280.00
  112525.311     0.999316        47687      1462.86
  112590.847     0.999414        47695      1706.67
  112656.383     0.999512        47703      2048.00
  112656.383     0.999561        47703      2275.56
  112656.383     0.999609        47703      2560.00
  112656.383     0.999658        47703      2925.71
  112721.919     0.999707        47706      3413.33
  112787.455     0.999756        47711      4096.00
  112787.455     0.999780        47711      4551.11
  112787.455     0.999805        47711      5120.00
  112787.455     0.999829        47711      5851.43
  112852.991     0.999854        47717      6826.67
  112852.991     0.999878        47717      8192.00
  112852.991     0.999890        47717      9102.22
  112852.991     0.999902        47717     10240.00
  112852.991     0.999915        47717     11702.86
  112852.991     0.999927        47717     13653.33
  112852.991     0.999939        47717     16384.00
  112852.991     0.999945        47717     18204.44
  112852.991     0.999951        47717     20480.00
  112852.991     0.999957        47717     23405.71
  112918.527     0.999963        47719     27306.67
  112918.527     1.000000        47719          inf
#[Mean    =    80703.440, StdDeviation   =    25256.669]
#[Max     =   112852.992, Total count    =        47719]
#[Buckets =           27, SubBuckets     =         2048]
----------------------------------------------------------
  48373 requests in 15.00m, 417.03MB read
  Socket errors: connect 0, read 1, write 13, timeout 22
Requests/sec:     53.75
Transfer/sec:    474.46KB
