Running 15m test @ http://10.96.227.163:8080/wrk2-api/post/compose
  2 threads and 4 connections
  Thread calibration: mean lat.: 28.535ms, rate sampling interval: 82ms
  Thread calibration: mean lat.: 27.258ms, rate sampling interval: 81ms
  Thread Stats   Avg      Stdev     99%   +/- Stdev
    Latency     0.97m    34.25s    1.53m    67.20%
    Req/Sec    13.67     13.15    50.00     88.87%
  Latency Distribution (HdrHistogram - Recorded Latency)
 50.000%    1.28m 
 75.000%    1.39m 
 90.000%    1.44m 
 99.000%    1.53m 
 99.900%    1.57m 
 99.990%    1.57m 
 99.999%    1.57m 
100.000%    1.57m 

  Detailed Percentile spectrum:
       Value   Percentile   TotalCount 1/(1-Percentile)

       3.705     0.000000            1         1.00
    9936.895     0.100000         2467         1.11
   11624.447     0.200000         4934         1.25
   13639.679     0.300000         7384         1.43
   75038.719     0.400000         9858         1.67
   76873.727     0.500000        12329         2.00
   79036.415     0.550000        13542         2.22
   80805.887     0.600000        14772         2.50
   82051.071     0.650000        16021         2.86
   82968.575     0.700000        17302         3.33
   83689.471     0.750000        18571         4.00
   84017.151     0.775000        19174         4.44
   84410.367     0.800000        19751         5.00
   84803.583     0.825000        20335         5.71
   85196.799     0.850000        20951         6.67
   85852.159     0.875000        21586         8.00
   86179.839     0.887500        21846         8.89
   86638.591     0.900000        22170        10.00
   87228.415     0.912500        22459        11.43
   87883.775     0.925000        22788        13.33
   88408.063     0.937500        23103        16.00
   88604.671     0.943750        23224        17.78
   88866.815     0.950000        23384        20.00
   89194.495     0.956250        23551        22.86
   89522.175     0.962500        23688        26.67
   90046.463     0.968750        23841        32.00
   90308.607     0.971875        23922        35.56
   90570.751     0.975000        24002        40.00
   90767.359     0.978125        24078        45.71
   91029.503     0.981250        24163        53.33
   91226.111     0.984375        24228        64.00
   91357.183     0.985938        24264        71.11
   91553.791     0.987500        24300        80.00
   91750.399     0.989062        24344        91.43
   91947.007     0.990625        24379       106.67
   92274.687     0.992188        24423       128.00
   92340.223     0.992969        24434       142.22
   92536.831     0.993750        24455       160.00
   92733.439     0.994531        24476       182.86
   92864.511     0.995313        24498       213.33
   92930.047     0.996094        24514       256.00
   93061.119     0.996484        24526       284.44
   93126.655     0.996875        24535       320.00
   93192.191     0.997266        24540       365.71
   93388.799     0.997656        24551       426.67
   93519.871     0.998047        24560       512.00
   93585.407     0.998242        24564       568.89
   93650.943     0.998437        24570       640.00
   93716.479     0.998633        24574       731.43
   93847.551     0.998828        24580       853.33
   93913.087     0.999023        24583      1024.00
   93978.623     0.999121        24589      1137.78
   93978.623     0.999219        24589      1280.00
   94044.159     0.999316        24595      1462.86
   94044.159     0.999414        24595      1706.67
   94044.159     0.999512        24595      2048.00
   94109.695     0.999561        24600      2275.56
   94109.695     0.999609        24600      2560.00
   94109.695     0.999658        24600      2925.71
   94109.695     0.999707        24600      3413.33
   94175.231     0.999756        24604      4096.00
   94175.231     0.999780        24604      4551.11
   94175.231     0.999805        24604      5120.00
   94175.231     0.999829        24604      5851.43
   94175.231     0.999854        24604      6826.67
   94175.231     0.999878        24604      8192.00
   94240.767     0.999890        24606      9102.22
   94240.767     0.999902        24606     10240.00
   94240.767     0.999915        24606     11702.86
   94240.767     0.999927        24606     13653.33
   94240.767     0.999939        24606     16384.00
   94240.767     0.999945        24606     18204.44
   94240.767     0.999951        24606     20480.00
   94240.767     0.999957        24606     23405.71
   94371.839     0.999963        24607     27306.67
   94371.839     1.000000        24607          inf
#[Mean    =    58069.745, StdDeviation   =    34245.628]
#[Max     =    94306.304, Total count    =        24607]
#[Buckets =           27, SubBuckets     =         2048]
----------------------------------------------------------
  24934 requests in 15.00m, 325.62MB read
  Socket errors: connect 0, read 0, write 12, timeout 0
  Non-2xx or 3xx responses: 1
Requests/sec:     27.70
Transfer/sec:    370.46KB
