Running 15m test @ http://10.102.179.171:8080/wrk2-api/post/compose
  2 threads and 4 connections
  Thread calibration: mean lat.: 5964.507ms, rate sampling interval: 16154ms
  Thread calibration: mean lat.: 3330.133ms, rate sampling interval: 15917ms
  Thread Stats   Avg      Stdev     99%   +/- Stdev
    Latency    50.01s     6.10s    1.08m    77.24%
    Req/Sec     4.24      1.09     6.00     94.55%
  Latency Distribution (HdrHistogram - Recorded Latency)
 50.000%   49.84s 
 75.000%    0.89m 
 90.000%    0.95m 
 99.000%    1.08m 
 99.900%    1.19m 
 99.990%    1.21m 
 99.999%    1.21m 
100.000%    1.21m 

  Detailed Percentile spectrum:
       Value   Percentile   TotalCount 1/(1-Percentile)

    6811.647     0.000000            1         1.00
   43810.815     0.100000          846         1.11
   45907.967     0.200000         1696         1.25
   47284.223     0.300000         2550         1.43
   48562.175     0.400000         3386         1.67
   49840.127     0.500000         4233         2.00
   50462.719     0.550000         4649         2.22
   51118.079     0.600000         5071         2.50
   51838.975     0.650000         5480         2.86
   52690.943     0.700000         5910         3.33
   53510.143     0.750000         6327         4.00
   53968.895     0.775000         6540         4.44
   54427.647     0.800000         6746         5.00
   54951.935     0.825000         6955         5.71
   55508.991     0.850000         7174         6.67
   56066.047     0.875000         7385         8.00
   56426.495     0.887500         7483         8.89
   56786.943     0.900000         7590        10.00
   57180.159     0.912500         7702        11.43
   57606.143     0.925000         7799        13.33
   58294.271     0.937500         7909        16.00
   58785.791     0.943750         7957        17.78
   59211.775     0.950000         8010        20.00
   59604.991     0.956250         8065        22.86
   60063.743     0.962500         8120        26.67
   60456.959     0.968750         8168        32.00
   60817.407     0.971875         8193        35.56
   61407.231     0.975000         8220        40.00
   61800.447     0.978125         8246        45.71
   62947.327     0.981250         8273        53.33
   63668.223     0.984375         8299        64.00
   63963.135     0.985938         8312        71.11
   64356.351     0.987500         8325        80.00
   64684.031     0.989062         8340        91.43
   65044.479     0.990625         8351       106.67
   65699.839     0.992188         8365       128.00
   65994.751     0.992969         8371       142.22
   66584.575     0.993750         8378       160.00
   67895.295     0.994531         8384       182.86
   69599.231     0.995313         8391       213.33
   70385.663     0.996094         8399       256.00
   70451.199     0.996484         8402       284.44
   70582.271     0.996875         8405       320.00
   70778.879     0.997266         8407       365.71
   71041.023     0.997656         8411       426.67
   71172.095     0.998047         8414       512.00
   71368.703     0.998242         8419       568.89
   71368.703     0.998437         8419       640.00
   71368.703     0.998633         8419       731.43
   71499.775     0.998828         8421       853.33
   71565.311     0.999023         8422      1024.00
   71696.383     0.999121         8423      1137.78
   71761.919     0.999219         8424      1280.00
   71827.455     0.999316         8425      1462.86
   71892.991     0.999414         8426      1706.67
   71892.991     0.999512         8426      2048.00
   72024.063     0.999561         8427      2275.56
   72024.063     0.999609         8427      2560.00
   72744.959     0.999658         8428      2925.71
   72744.959     0.999707         8428      3413.33
   72744.959     0.999756         8428      4096.00
   72810.495     0.999780         8429      4551.11
   72810.495     0.999805         8429      5120.00
   72810.495     0.999829         8429      5851.43
   72810.495     0.999854         8429      6826.67
   72810.495     0.999878         8429      8192.00
   72876.031     0.999890         8430      9102.22
   72876.031     1.000000         8430          inf
#[Mean    =    50011.913, StdDeviation   =     6098.256]
#[Max     =    72810.496, Total count    =         8430]
#[Buckets =           27, SubBuckets     =         2048]
----------------------------------------------------------
  8459 requests in 15.00m, 1.73MB read
  Socket errors: connect 0, read 0, write 4, timeout 19
Requests/sec:      9.40
Transfer/sec:      1.97KB
