Running 15m test @ http://10.102.179.171:8080/wrk2-api/post/compose
  2 threads and 4 connections
  Thread calibration: mean lat.: 1980.338ms, rate sampling interval: 6692ms
  Thread calibration: mean lat.: 993.978ms, rate sampling interval: 4956ms
  Thread Stats   Avg      Stdev     99%   +/- Stdev
    Latency     1.41m    19.50s    1.80m    85.55%
    Req/Sec    26.69      7.88    34.00     87.78%
  Latency Distribution (HdrHistogram - Recorded Latency)
 50.000%    1.26m 
 75.000%    1.71m 
 90.000%    1.75m 
 99.000%    1.80m 
 99.900%    1.81m 
 99.990%    1.82m 
 99.999%    1.82m 
100.000%    1.82m 

  Detailed Percentile spectrum:
       Value   Percentile   TotalCount 1/(1-Percentile)

    1464.319     0.000000            1         1.00
   68812.799     0.100000         5063         1.11
   69926.911     0.200000         9963         1.25
   71041.023     0.300000        14762         1.43
   72417.279     0.400000        19403         1.67
   75431.935     0.500000        24264         2.00
   99024.895     0.550000        26751         2.22
   99811.327     0.600000        29115         2.50
  100663.295     0.650000        31499         2.86
  101646.335     0.700000        33899         3.33
  102563.839     0.750000        36401         4.00
  102957.055     0.775000        37685         4.44
  103350.271     0.800000        38908         5.00
  103677.951     0.825000        39941         5.71
  104005.631     0.850000        41274         6.67
  104333.311     0.875000        42501         8.00
  104529.919     0.887500        43087         8.89
  104726.527     0.900000        43701        10.00
  104923.135     0.912500        44230        11.43
  105185.279     0.925000        44811        13.33
  105578.495     0.937500        45382        16.00
  105906.175     0.943750        45753        17.78
  106168.319     0.950000        46038        20.00
  106430.463     0.956250        46307        22.86
  106692.607     0.962500        46626        26.67
  106889.215     0.968750        46890        32.00
  107020.287     0.971875        47070        35.56
  107151.359     0.975000        47204        40.00
  107347.967     0.978125        47366        45.71
  107544.575     0.981250        47543        53.33
  107675.647     0.984375        47665        64.00
  107741.183     0.985938        47752        71.11
  107806.719     0.987500        47833        80.00
  107872.255     0.989062        47877        91.43
  108003.327     0.990625        48005       106.67
  108068.863     0.992188        48077       128.00
  108068.863     0.992969        48077       142.22
  108134.399     0.993750        48130       160.00
  108199.935     0.994531        48177       182.86
  108199.935     0.995313        48177       213.33
  108265.471     0.996094        48231       256.00
  108265.471     0.996484        48231       284.44
  108331.007     0.996875        48292       320.00
  108331.007     0.997266        48292       365.71
  108331.007     0.997656        48292       426.67
  108396.543     0.998047        48321       512.00
  108396.543     0.998242        48321       568.89
  108462.079     0.998437        48340       640.00
  108462.079     0.998633        48340       731.43
  108527.615     0.998828        48358       853.33
  108527.615     0.999023        48358      1024.00
  108527.615     0.999121        48358      1137.78
  108593.151     0.999219        48370      1280.00
  108593.151     0.999316        48370      1462.86
  108658.687     0.999414        48378      1706.67
  108658.687     0.999512        48378      2048.00
  108724.223     0.999561        48380      2275.56
  108789.759     0.999609        48384      2560.00
  108789.759     0.999658        48384      2925.71
  108855.295     0.999707        48389      3413.33
  108855.295     0.999756        48389      4096.00
  108920.831     0.999780        48391      4551.11
  108920.831     0.999805        48391      5120.00
  108986.367     0.999829        48397      5851.43
  108986.367     0.999854        48397      6826.67
  108986.367     0.999878        48397      8192.00
  108986.367     0.999890        48397      9102.22
  108986.367     0.999902        48397     10240.00
  108986.367     0.999915        48397     11702.86
  108986.367     0.999927        48397     13653.33
  109051.903     0.999939        48399     16384.00
  109051.903     0.999945        48399     18204.44
  109051.903     0.999951        48399     20480.00
  109051.903     0.999957        48399     23405.71
  109051.903     0.999963        48399     27306.67
  109051.903     0.999969        48399     32768.00
  109051.903     0.999973        48399     36408.89
  109051.903     0.999976        48399     40960.00
  109051.903     0.999979        48399     46811.43
  109182.975     0.999982        48400     54613.33
  109182.975     1.000000        48400          inf
#[Mean    =    84844.414, StdDeviation   =    19500.072]
#[Max     =   109117.440, Total count    =        48400]
#[Buckets =           27, SubBuckets     =         2048]
----------------------------------------------------------
  48671 requests in 15.00m, 425.23MB read
  Socket errors: connect 0, read 0, write 6, timeout 0
Requests/sec:     54.08
Transfer/sec:    483.80KB
