Running 15m test @ http://10.102.179.171:8080/wrk2-api/post/compose
  2 threads and 4 connections
  Thread calibration: mean lat.: 4819.207ms, rate sampling interval: 14532ms
  Thread calibration: mean lat.: 4468.498ms, rate sampling interval: 14024ms
  Thread Stats   Avg      Stdev     99%   +/- Stdev
    Latency     1.38m    21.83s    1.80m    67.68%
    Req/Sec    13.12      3.67    16.00     88.71%
  Latency Distribution (HdrHistogram - Recorded Latency)
 50.000%    1.53m 
 75.000%    1.64m 
 90.000%    1.72m 
 99.000%    1.80m 
 99.900%    1.82m 
 99.990%    1.84m 
 99.999%    1.84m 
100.000%    1.84m 

  Detailed Percentile spectrum:
       Value   Percentile   TotalCount 1/(1-Percentile)

    7221.247     0.000000            1         1.00
   48955.391     0.100000         2428         1.11
   51642.367     0.200000         4882         1.25
   85917.695     0.300000         7290         1.43
   89980.927     0.400000         9739         1.67
   91947.007     0.500000        12195         2.00
   92864.511     0.550000        13365         2.22
   94240.767     0.600000        14618         2.50
   95879.167     0.650000        15796         2.86
   97452.031     0.700000        17003         3.33
   98566.143     0.750000        18243         4.00
   99090.431     0.775000        18840         4.44
   99745.791     0.800000        19462         5.00
  100663.295     0.825000        20064         5.71
  101449.727     0.850000        20667         6.67
  102105.087     0.875000        21279         8.00
  102563.839     0.887500        21550         8.89
  103153.663     0.900000        21865        10.00
  103612.415     0.912500        22157        11.43
  104005.631     0.925000        22492        13.33
  104398.847     0.937500        22782        16.00
  104660.991     0.943750        22942        17.78
  104923.135     0.950000        23081        20.00
  105316.351     0.956250        23230        22.86
  105644.031     0.962500        23367        26.67
  105971.711     0.968750        23559        32.00
  106102.783     0.971875        23607        35.56
  106233.855     0.975000        23685        40.00
  106430.463     0.978125        23751        45.71
  106692.607     0.981250        23845        53.33
  106954.751     0.984375        23904        64.00
  107216.895     0.985938        23942        71.11
  107413.503     0.987500        23975        80.00
  107610.111     0.989062        24015        91.43
  107872.255     0.990625        24051       106.67
  108068.863     0.992188        24091       128.00
  108199.935     0.992969        24116       142.22
  108265.471     0.993750        24126       160.00
  108396.543     0.994531        24153       182.86
  108462.079     0.995313        24165       213.33
  108658.687     0.996094        24195       256.00
  108658.687     0.996484        24195       284.44
  108724.223     0.996875        24209       320.00
  108789.759     0.997266        24215       365.71
  108855.295     0.997656        24220       426.67
  109051.903     0.998047        24230       512.00
  109182.975     0.998242        24235       568.89
  109248.511     0.998437        24243       640.00
  109248.511     0.998633        24243       731.43
  109314.047     0.998828        24248       853.33
  109445.119     0.999023        24256      1024.00
  109445.119     0.999121        24256      1137.78
  109576.191     0.999219        24258      1280.00
  109707.263     0.999316        24261      1462.86
  109903.871     0.999414        24264      1706.67
  109969.407     0.999512        24270      2048.00
  109969.407     0.999561        24270      2275.56
  109969.407     0.999609        24270      2560.00
  109969.407     0.999658        24270      2925.71
  109969.407     0.999707        24270      3413.33
  110034.943     0.999756        24273      4096.00
  110034.943     0.999780        24273      4551.11
  110034.943     0.999805        24273      5120.00
  110034.943     0.999829        24273      5851.43
  110034.943     0.999854        24273      6826.67
  110100.479     0.999878        24276      8192.00
  110100.479     1.000000        24276          inf
#[Mean    =    82925.116, StdDeviation   =    21834.437]
#[Max     =   110034.944, Total count    =        24276]
#[Buckets =           27, SubBuckets     =         2048]
----------------------------------------------------------
  24339 requests in 15.00m, 300.66MB read
  Socket errors: connect 0, read 0, write 5, timeout 0
Requests/sec:     27.04
Transfer/sec:    342.08KB
