Running 15m test @ http://10.108.130.229:8080/wrk2-api/post/compose
  2 threads and 4 connections
  Thread calibration: mean lat.: 24.544ms, rate sampling interval: 59ms
  Thread calibration: mean lat.: 43.117ms, rate sampling interval: 104ms
  Thread Stats   Avg      Stdev     99%   +/- Stdev
    Latency     7.19s    12.09s   35.16s    76.30%
    Req/Sec     4.73      8.11    34.00     80.83%
  Latency Distribution (HdrHistogram - Recorded Latency)
 50.000%  567.81ms
 75.000%    1.96s 
 90.000%   29.02s 
 99.000%   35.16s 
 99.900%   39.29s 
 99.990%   40.11s 
 99.999%   40.17s 
100.000%   40.17s 

  Detailed Percentile spectrum:
       Value   Percentile   TotalCount 1/(1-Percentile)

       9.583     0.000000            1         1.00
      75.775     0.100000          878         1.11
     172.159     0.200000         1756         1.25
     280.575     0.300000         2633         1.43
     413.183     0.400000         3510         1.67
     567.807     0.500000         4387         2.00
     677.887     0.550000         4828         2.22
     816.639     0.600000         5266         2.50
     988.671     0.650000         5706         2.86
    1257.471     0.700000         6142         3.33
    1961.983     0.750000         6581         4.00
   23511.039     0.775000         6800         4.44
   25444.351     0.800000         7025         5.00
   26329.087     0.825000         7240         5.71
   27492.351     0.850000         7459         6.67
   28311.551     0.875000         7681         8.00
   28606.463     0.887500         7787         8.89
   29016.063     0.900000         7902        10.00
   29491.199     0.912500         8007        11.43
   30031.871     0.925000         8118        13.33
   30490.623     0.937500         8228        16.00
   30687.231     0.943750         8284        17.78
   31064.063     0.950000         8336        20.00
   31391.743     0.956250         8391        22.86
   31850.495     0.962500         8449        26.67
   32210.943     0.968750         8501        32.00
   32555.007     0.971875         8528        35.56
   32915.455     0.975000         8555        40.00
   33177.599     0.978125         8585        45.71
   33505.279     0.981250         8610        53.33
   34111.487     0.984375         8637        64.00
   34406.399     0.985938         8651        71.11
   34603.007     0.987500         8666        80.00
   34930.687     0.989062         8680        91.43
   35291.135     0.990625         8692       106.67
   36241.407     0.992188         8706       128.00
   36667.391     0.992969         8713       142.22
   37027.839     0.993750         8721       160.00
   37191.679     0.994531         8727       182.86
   37355.519     0.995313         8733       213.33
   37683.199     0.996094         8740       256.00
   37814.271     0.996484         8744       284.44
   37879.807     0.996875         8749       320.00
   37912.575     0.997266         8751       365.71
   38076.415     0.997656         8754       426.67
   38240.255     0.998047         8757       512.00
   38404.095     0.998242         8759       568.89
   38633.471     0.998437         8761       640.00
   38764.543     0.998633         8763       731.43
   38797.311     0.998828         8764       853.33
   39288.831     0.999023         8766      1024.00
   39452.671     0.999121         8767      1137.78
   39485.439     0.999219         8768      1280.00
   39616.511     0.999316         8769      1462.86
   39616.511     0.999414         8769      1706.67
   39845.887     0.999512         8770      2048.00
   39911.423     0.999561         8771      2275.56
   39911.423     0.999609         8771      2560.00
   40042.495     0.999658         8772      2925.71
   40042.495     0.999707         8772      3413.33
   40042.495     0.999756         8772      4096.00
   40108.031     0.999780         8773      4551.11
   40108.031     0.999805         8773      5120.00
   40108.031     0.999829         8773      5851.43
   40108.031     0.999854         8773      6826.67
   40108.031     0.999878         8773      8192.00
   40173.567     0.999890         8774      9102.22
   40173.567     1.000000         8774          inf
#[Mean    =     7191.573, StdDeviation   =    12088.279]
#[Max     =    40140.800, Total count    =         8774]
#[Buckets =           27, SubBuckets     =         2048]
----------------------------------------------------------
  8886 requests in 15.00m, 1.82MB read
  Socket errors: connect 0, read 0, write 5, timeout 19
Requests/sec:      9.87
Transfer/sec:      2.07KB
