Running 15m test @ http://10.108.130.229:8080/wrk2-api/post/compose
  2 threads and 4 connections
  Thread calibration: mean lat.: 9.921ms, rate sampling interval: 31ms
  Thread calibration: mean lat.: 14.462ms, rate sampling interval: 83ms
  Thread Stats   Avg      Stdev     99%   +/- Stdev
    Latency     7.07s    12.17s   31.29s    75.45%
    Req/Sec    29.79     28.36   125.00     49.05%
  Latency Distribution (HdrHistogram - Recorded Latency)
 50.000%  158.59ms
 75.000%  502.27ms
 90.000%   28.67s 
 99.000%   31.29s 
 99.900%   32.59s 
 99.990%   33.10s 
 99.999%   33.24s 
100.000%   33.33s 

  Detailed Percentile spectrum:
       Value   Percentile   TotalCount 1/(1-Percentile)

       4.811     0.000000            1         1.00
      47.775     0.100000         5281         1.11
      73.023     0.200000        10572         1.25
      97.535     0.300000        15840         1.43
     125.311     0.400000        21120         1.67
     158.591     0.500000        26407         2.00
     179.455     0.550000        29053         2.22
     204.159     0.600000        31682         2.50
     237.951     0.650000        34320         2.86
     293.375     0.700000        36961         3.33
     502.271     0.750000        39596         4.00
   26329.087     0.775000        40927         4.44
   26984.447     0.800000        42237         5.00
   27492.351     0.825000        43592         5.71
   27869.183     0.850000        44875         6.67
   28295.167     0.875000        46203         8.00
   28491.775     0.887500        46873         8.89
   28671.999     0.900000        47556        10.00
   28835.839     0.912500        48175        11.43
   29032.447     0.925000        48872        13.33
   29229.055     0.937500        49528        16.00
   29343.743     0.943750        49847        17.78
   29474.815     0.950000        50163        20.00
   29671.423     0.956250        50493        22.86
   29851.647     0.962500        50835        26.67
   30081.023     0.968750        51161        32.00
   30179.327     0.971875        51331        35.56
   30294.015     0.975000        51475        40.00
   30441.471     0.978125        51659        45.71
   30556.159     0.981250        51811        53.33
   30769.151     0.984375        51972        64.00
   30900.223     0.985938        52054        71.11
   31031.295     0.987500        52136        80.00
   31211.519     0.989062        52229        91.43
   31342.591     0.990625        52302       106.67
   31571.967     0.992188        52385       128.00
   31817.727     0.992969        52424       142.22
   31948.799     0.993750        52468       160.00
   32112.639     0.994531        52510       182.86
   32210.943     0.995313        52550       213.33
   32292.863     0.996094        52596       256.00
   32325.631     0.996484        52620       284.44
   32358.399     0.996875        52633       320.00
   32391.167     0.997266        52653       365.71
   32423.935     0.997656        52676       426.67
   32456.703     0.998047        52693       512.00
   32489.471     0.998242        52706       568.89
   32505.855     0.998437        52713       640.00
   32555.007     0.998633        52725       731.43
   32587.775     0.998828        52741       853.33
   32604.159     0.999023        52744      1024.00
   32636.927     0.999121        52749      1137.78
   32669.695     0.999219        52754      1280.00
   32702.463     0.999316        52758      1462.86
   32735.231     0.999414        52764      1706.67
   32800.767     0.999512        52770      2048.00
   32817.151     0.999561        52771      2275.56
   32915.455     0.999609        52774      2560.00
   32964.607     0.999658        52776      2925.71
   32980.991     0.999707        52780      3413.33
   32997.375     0.999756        52782      4096.00
   33013.759     0.999780        52783      4551.11
   33046.527     0.999805        52785      5120.00
   33046.527     0.999829        52785      5851.43
   33095.679     0.999854        52789      6826.67
   33095.679     0.999878        52789      8192.00
   33095.679     0.999890        52789      9102.22
   33095.679     0.999902        52789     10240.00
   33161.215     0.999915        52790     11702.86
   33210.367     0.999927        52792     13653.33
   33210.367     0.999939        52792     16384.00
   33210.367     0.999945        52792     18204.44
   33210.367     0.999951        52792     20480.00
   33210.367     0.999957        52792     23405.71
   33243.135     0.999963        52793     27306.67
   33243.135     0.999969        52793     32768.00
   33243.135     0.999973        52793     36408.89
   33243.135     0.999976        52793     40960.00
   33243.135     0.999979        52793     46811.43
   33325.055     0.999982        52794     54613.33
   33325.055     1.000000        52794          inf
#[Mean    =     7071.009, StdDeviation   =    12172.472]
#[Max     =    33308.672, Total count    =        52794]
#[Buckets =           27, SubBuckets     =         2048]
----------------------------------------------------------
  53424 requests in 15.00m, 458.24MB read
  Socket errors: connect 0, read 0, write 7, timeout 0
Requests/sec:     59.36
Transfer/sec:    521.35KB
