Running 15m test @ http://10.108.130.229:8080/wrk2-api/post/compose
  2 threads and 4 connections
  Thread calibration: mean lat.: 37.784ms, rate sampling interval: 145ms
  Thread calibration: mean lat.: 48.864ms, rate sampling interval: 196ms
  Thread Stats   Avg      Stdev     99%   +/- Stdev
    Latency     6.79s    12.20s   32.26s    77.22%
    Req/Sec    14.32      9.48    41.00     74.67%
  Latency Distribution (HdrHistogram - Recorded Latency)
 50.000%  201.47ms
 75.000%  606.21ms
 90.000%   29.84s 
 99.000%   32.26s 
 99.900%   33.23s 
 99.990%   34.28s 
 99.999%   34.41s 
100.000%   34.41s 

  Detailed Percentile spectrum:
       Value   Percentile   TotalCount 1/(1-Percentile)

       4.807     0.000000            1         1.00
      40.159     0.100000         2634         1.11
      65.151     0.200000         5265         1.25
     102.271     0.300000         7893         1.43
     145.663     0.400000        10528         1.67
     201.471     0.500000        13155         2.00
     235.391     0.550000        14473         2.22
     278.527     0.600000        15789         2.50
     335.103     0.650000        17101         2.86
     420.351     0.700000        18415         3.33
     606.719     0.750000        19733         4.00
   24248.319     0.775000        20391         4.44
   26279.935     0.800000        21050         5.00
   27459.583     0.825000        21712         5.71
   28459.007     0.850000        22367         6.67
   29196.287     0.875000        23031         8.00
   29540.351     0.887500        23363         8.89
   29835.263     0.900000        23684        10.00
   30146.559     0.912500        24025        11.43
   30408.703     0.925000        24347        13.33
   30654.463     0.937500        24664        16.00
   30834.687     0.943750        24848        17.78
   30965.759     0.950000        24995        20.00
   31162.367     0.956250        25166        22.86
   31358.975     0.962500        25325        26.67
   31555.583     0.968750        25485        32.00
   31653.887     0.971875        25579        35.56
   31719.423     0.975000        25650        40.00
   31834.111     0.978125        25738        45.71
   31948.799     0.981250        25818        53.33
   32047.103     0.984375        25896        64.00
   32096.255     0.985938        25940        71.11
   32161.791     0.987500        25986        80.00
   32227.327     0.989062        26027        91.43
   32276.479     0.990625        26062       106.67
   32374.783     0.992188        26111       128.00
   32407.551     0.992969        26124       142.22
   32456.703     0.993750        26147       160.00
   32522.239     0.994531        26168       182.86
   32587.775     0.995313        26185       213.33
   32669.695     0.996094        26205       256.00
   32735.231     0.996484        26216       284.44
   32800.767     0.996875        26227       320.00
   32849.919     0.997266        26236       365.71
   32899.071     0.997656        26246       426.67
   32997.375     0.998047        26256       512.00
   33030.143     0.998242        26261       568.89
   33062.911     0.998437        26268       640.00
   33095.679     0.998633        26273       731.43
   33177.599     0.998828        26277       853.33
   33226.751     0.999023        26282      1024.00
   33308.671     0.999121        26284      1137.78
   33472.511     0.999219        26287      1280.00
   33538.047     0.999316        26290      1462.86
   33587.199     0.999414        26292      1706.67
   33718.271     0.999512        26295      2048.00
   33751.039     0.999561        26296      2275.56
   33783.807     0.999609        26297      2560.00
   34045.951     0.999658        26299      2925.71
   34078.719     0.999707        26301      3413.33
   34078.719     0.999756        26301      4096.00
   34177.023     0.999780        26302      4551.11
   34177.023     0.999805        26302      5120.00
   34209.791     0.999829        26303      5851.43
   34275.327     0.999854        26304      6826.67
   34275.327     0.999878        26304      8192.00
   34308.095     0.999890        26305      9102.22
   34308.095     0.999902        26305     10240.00
   34308.095     0.999915        26305     11702.86
   34406.399     0.999927        26307     13653.33
   34406.399     1.000000        26307          inf
#[Mean    =     6791.268, StdDeviation   =    12199.511]
#[Max     =    34373.632, Total count    =        26307]
#[Buckets =           27, SubBuckets     =         2048]
----------------------------------------------------------
  26632 requests in 15.00m, 348.01MB read
  Socket errors: connect 0, read 0, write 5, timeout 0
Requests/sec:     29.59
Transfer/sec:    395.90KB
