Running 15m test @ http://10.109.23.177:8080/wrk2-api/post/compose
  2 threads and 4 connections
  Thread calibration: mean lat.: 18.339ms, rate sampling interval: 49ms
  Thread calibration: mean lat.: 17.856ms, rate sampling interval: 49ms
  Thread Stats   Avg      Stdev     99%   +/- Stdev
    Latency     2.73m     1.85m    7.75m    72.03%
    Req/Sec     3.25      8.44    40.00     85.45%
  Latency Distribution (HdrHistogram - Recorded Latency)
 50.000%    2.85m 
 75.000%    3.68m 
 90.000%    4.44m 
 99.000%    7.75m 
 99.900%    7.84m 
 99.990%    7.86m 
 99.999%    7.86m 
100.000%    7.86m 

  Detailed Percentile spectrum:
       Value   Percentile   TotalCount 1/(1-Percentile)

       9.671     0.000000            1         1.00
     693.759     0.100000          586         1.11
   53477.375     0.200000         1172         1.25
  105512.959     0.300000         1758         1.43
  152305.663     0.400000         2345         1.67
  171180.031     0.500000         2933         2.00
  184418.303     0.550000         3223         2.22
  194641.919     0.600000         3522         2.50
  202113.023     0.650000         3809         2.86
  208666.623     0.700000         4104         3.33
  220856.319     0.750000         4396         4.00
  228720.639     0.775000         4542         4.44
  235667.455     0.800000         4688         5.00
  241696.767     0.825000         4834         5.71
  255721.471     0.850000         4981         6.67
  260440.063     0.875000         5131         8.00
  262799.359     0.887500         5202         8.89
  266469.375     0.900000         5274        10.00
  271843.327     0.912500         5347        11.43
  277872.639     0.925000         5422        13.33
  389283.839     0.937500         5494        16.00
  393478.143     0.943750         5530        17.78
  400556.031     0.950000         5569        20.00
  421789.695     0.956250         5604        22.86
  457179.135     0.962500         5640        26.67
  459276.287     0.968750         5676        32.00
  460849.151     0.971875         5702        35.56
  461373.439     0.975000         5720        40.00
  461897.727     0.978125         5733        45.71
  462422.015     0.981250         5750        53.33
  463208.447     0.984375         5770        64.00
  463732.735     0.985938         5782        71.11
  463994.879     0.987500         5789        80.00
  464519.167     0.989062         5799        91.43
  465043.455     0.990625         5805       106.67
  466616.319     0.992188         5815       128.00
  466878.463     0.992969         5819       142.22
  467140.607     0.993750         5823       160.00
  467402.751     0.994531         5828       182.86
  467927.039     0.995313         5834       213.33
  468189.183     0.996094         5837       256.00
  468451.327     0.996484         5841       284.44
  468451.327     0.996875         5841       320.00
  468975.615     0.997266         5844       365.71
  469237.759     0.997656         5848       426.67
  469237.759     0.998047         5848       512.00
  470286.335     0.998242         5851       568.89
  470286.335     0.998437         5851       640.00
  470286.335     0.998633         5851       731.43
  470548.479     0.998828         5854       853.33
  470548.479     0.999023         5854      1024.00
  470548.479     0.999121         5854      1137.78
  470810.623     0.999219         5856      1280.00
  470810.623     0.999316         5856      1462.86
  470810.623     0.999414         5856      1706.67
  471334.911     0.999512         5859      2048.00
  471334.911     1.000000         5859          inf
#[Mean    =   163980.804, StdDeviation   =   110952.325]
#[Max     =   471072.768, Total count    =         5859]
#[Buckets =           27, SubBuckets     =         2048]
----------------------------------------------------------
  5976 requests in 15.00m, 1.23MB read
  Socket errors: connect 0, read 0, write 12, timeout 370
  Non-2xx or 3xx responses: 1
Requests/sec:      6.64
Transfer/sec:      1.39KB
