Running 15m test @ http://10.109.23.177:8080/wrk2-api/post/compose
  2 threads and 4 connections
  Thread calibration: mean lat.: 4.764ms, rate sampling interval: 13ms
  Thread calibration: mean lat.: 4.980ms, rate sampling interval: 13ms
  Thread Stats   Avg      Stdev     99%   +/- Stdev
    Latency     5.91m     4.36m   11.55m    43.43%
    Req/Sec     8.16     30.53   153.00     92.05%
  Latency Distribution (HdrHistogram - Recorded Latency)
 50.000%    6.95m 
 75.000%   10.39m 
 90.000%   11.01m 
 99.000%   11.55m 
 99.900%   11.63m 
 99.990%   11.65m 
 99.999%   11.65m 
100.000%   11.65m 

  Detailed Percentile spectrum:
       Value   Percentile   TotalCount 1/(1-Percentile)

       1.995     0.000000            1         1.00
      15.231     0.100000         1399         1.11
      74.431     0.200000         2800         1.25
  141033.471     0.300000         4197         1.43
  292814.847     0.400000         5595         1.67
  417071.103     0.500000         7005         2.00
  428343.295     0.550000         7694         2.22
  440139.775     0.600000         8392         2.50
  580911.103     0.650000         9094         2.86
  613416.959     0.700000         9828         3.33
  623378.431     0.750000        10515         4.00
  628097.023     0.775000        10881         4.44
  633339.903     0.800000        11209         5.00
  639631.359     0.825000        11540         5.71
  646447.103     0.850000        11890         6.67
  653262.847     0.875000        12254         8.00
  657981.439     0.887500        12435         8.89
  660602.879     0.900000        12592        10.00
  664272.895     0.912500        12778        11.43
  667942.911     0.925000        12950        13.33
  672137.215     0.937500        13115        16.00
  674758.655     0.943750        13218        17.78
  676331.519     0.950000        13309        20.00
  678428.671     0.956250        13383        22.86
  680001.535     0.962500        13462        26.67
  682622.975     0.968750        13564        32.00
  683671.551     0.971875        13593        35.56
  685244.415     0.975000        13638        40.00
  686292.991     0.978125        13690        45.71
  687341.567     0.981250        13725        53.33
  689438.719     0.984375        13771        64.00
  690487.295     0.985938        13806        71.11
  691535.871     0.987500        13814        80.00
  692584.447     0.989062        13843        91.43
  693108.735     0.990625        13861       106.67
  693633.023     0.992188        13888       128.00
  693633.023     0.992969        13888       142.22
  695205.887     0.993750        13910       160.00
  695205.887     0.994531        13910       182.86
  695730.175     0.995313        13927       213.33
  696254.463     0.996094        13947       256.00
  696254.463     0.996484        13947       284.44
  696254.463     0.996875        13947       320.00
  696778.751     0.997266        13961       365.71
  696778.751     0.997656        13961       426.67
  696778.751     0.998047        13961       512.00
  697303.039     0.998242        13968       568.89
  697303.039     0.998437        13968       640.00
  697303.039     0.998633        13968       731.43
  697827.327     0.998828        13974       853.33
  697827.327     0.999023        13974      1024.00
  697827.327     0.999121        13974      1137.78
  698351.615     0.999219        13983      1280.00
  698351.615     0.999316        13983      1462.86
  698351.615     0.999414        13983      1706.67
  698351.615     0.999512        13983      2048.00
  698351.615     0.999561        13983      2275.56
  698351.615     0.999609        13983      2560.00
  698351.615     0.999658        13983      2925.71
  698351.615     0.999707        13983      3413.33
  698351.615     0.999756        13983      4096.00
  698351.615     0.999780        13983      4551.11
  698875.903     0.999805        13986      5120.00
  698875.903     1.000000        13986          inf
#[Mean    =   354521.455, StdDeviation   =   261730.588]
#[Max     =   698351.616, Total count    =        13986]
#[Buckets =           27, SubBuckets     =         2048]
----------------------------------------------------------
  14641 requests in 15.00m, 102.42MB read
  Socket errors: connect 0, read 0, write 18, timeout 727
  Non-2xx or 3xx responses: 2
Requests/sec:     16.27
Transfer/sec:    116.52KB
