Running 15m test @ http://10.109.23.177:8080/wrk2-api/post/compose
  2 threads and 4 connections
  Thread calibration: mean lat.: 24.581ms, rate sampling interval: 75ms
  Thread calibration: mean lat.: 26.547ms, rate sampling interval: 80ms
  Thread Stats   Avg      Stdev     99%   +/- Stdev
    Latency     6.66m     3.77m   10.35m    76.24%
    Req/Sec     5.47      9.53    37.00     89.70%
  Latency Distribution (HdrHistogram - Recorded Latency)
 50.000%    8.63m 
 75.000%    9.55m 
 90.000%    9.76m 
 99.000%   10.35m 
 99.900%   10.41m 
 99.990%   10.42m 
 99.999%   10.42m 
100.000%   10.42m 

  Detailed Percentile spectrum:
       Value   Percentile   TotalCount 1/(1-Percentile)

       4.331     0.000000            1         1.00
      75.711     0.100000          992         1.11
   39419.903     0.200000         1984         1.25
  384303.103     0.300000         2976         1.43
  511967.231     0.400000         3985         1.67
  517734.399     0.500000         5019         2.00
  518520.831     0.550000         5539         2.22
  520093.695     0.600000         6008         2.50
  521142.271     0.650000         6453         2.86
  522977.279     0.700000         7007         3.33
  573046.783     0.750000         7478         4.00
  574619.647     0.775000         7853         4.44
  575143.935     0.800000         7985         5.00
  576192.511     0.825000         8199         5.71
  576716.799     0.850000         8453         6.67
  578289.663     0.875000         8728         8.00
  578813.951     0.887500         8816         8.89
  586153.983     0.900000         8931        10.00
  590872.575     0.912500         9054        11.43
  595591.167     0.925000         9179        13.33
  599785.471     0.937500         9302        16.00
  601882.623     0.943750         9369        17.78
  605552.639     0.950000         9468        20.00
  607125.503     0.956250         9488        22.86
  610271.231     0.962500         9559        26.67
  612892.671     0.968750         9634        32.00
  613416.959     0.971875         9652        35.56
  614465.535     0.975000         9675        40.00
  614989.823     0.978125         9709        45.71
  616038.399     0.981250         9738        53.33
  618135.551     0.984375         9780        64.00
  618135.551     0.985938         9780        71.11
  619184.127     0.987500         9799        80.00
  620232.703     0.989062         9816        91.43
  620756.991     0.990625         9827       106.67
  621805.567     0.992188         9843       128.00
  622329.855     0.992969         9856       142.22
  622854.143     0.993750         9863       160.00
  623378.431     0.994531         9867       182.86
  623902.719     0.995313         9879       213.33
  624427.007     0.996094         9909       256.00
  624427.007     0.996484         9909       284.44
  624427.007     0.996875         9909       320.00
  624427.007     0.997266         9909       365.71
  624427.007     0.997656         9909       426.67
  624427.007     0.998047         9909       512.00
  624427.007     0.998242         9909       568.89
  624427.007     0.998437         9909       640.00
  624427.007     0.998633         9909       731.43
  624427.007     0.998828         9909       853.33
  624427.007     0.999023         9909      1024.00
  624951.295     0.999121         9918      1137.78
  624951.295     1.000000         9918          inf
#[Mean    =   399571.360, StdDeviation   =   226282.627]
#[Max     =   624427.008, Total count    =         9918]
#[Buckets =           27, SubBuckets     =         2048]
----------------------------------------------------------
  10245 requests in 15.00m, 132.35MB read
  Socket errors: connect 0, read 0, write 14, timeout 361
Requests/sec:     11.38
Transfer/sec:    150.58KB
