Running 15m test @ http://10.110.33.27:8080/wrk2-api/post/compose
  2 threads and 4 connections
  Thread calibration: mean lat.: 22.351ms, rate sampling interval: 55ms
  Thread calibration: mean lat.: 18.017ms, rate sampling interval: 43ms
  Thread Stats   Avg      Stdev     99%   +/- Stdev
    Latency     1.35s     1.22s    6.09s    84.41%
    Req/Sec     4.93     10.12    46.00     78.75%
  Latency Distribution (HdrHistogram - Recorded Latency)
 50.000%  970.75ms
 75.000%    1.62s 
 90.000%    2.90s 
 99.000%    6.09s 
 99.900%    7.40s 
 99.990%    8.23s 
 99.999%    8.36s 
100.000%    8.36s 

  Detailed Percentile spectrum:
       Value   Percentile   TotalCount 1/(1-Percentile)

      10.399     0.000000            1         1.00
     388.351     0.100000          884         1.11
     527.871     0.200000         1770         1.25
     663.039     0.300000         2651         1.43
     797.695     0.400000         3535         1.67
     970.751     0.500000         4418         2.00
    1071.103     0.550000         4860         2.22
    1171.455     0.600000         5302         2.50
    1285.119     0.650000         5745         2.86
    1433.599     0.700000         6186         3.33
    1620.991     0.750000         6630         4.00
    1734.655     0.775000         6846         4.44
    1883.135     0.800000         7067         5.00
    2046.975     0.825000         7289         5.71
    2279.423     0.850000         7511         6.67
    2557.951     0.875000         7729         8.00
    2715.647     0.887500         7841         8.89
    2899.967     0.900000         7951        10.00
    3119.103     0.912500         8061        11.43
    3373.055     0.925000         8172        13.33
    3753.983     0.937500         8282        16.00
    3923.967     0.943750         8337        17.78
    4114.431     0.950000         8394        20.00
    4292.607     0.956250         8448        22.86
    4513.791     0.962500         8503        26.67
    4792.319     0.968750         8557        32.00
    4915.199     0.971875         8585        35.56
    5062.655     0.975000         8613        40.00
    5234.687     0.978125         8641        45.71
    5386.239     0.981250         8668        53.33
    5586.943     0.984375         8695        64.00
    5705.727     0.985938         8710        71.11
    5849.087     0.987500         8724        80.00
    5992.447     0.989062         8737        91.43
    6205.439     0.990625         8752       106.67
    6377.471     0.992188         8764       128.00
    6455.295     0.992969         8772       142.22
    6488.063     0.993750         8778       160.00
    6582.271     0.994531         8785       182.86
    6672.383     0.995313         8792       213.33
    6803.455     0.996094         8799       256.00
    6918.143     0.996484         8802       284.44
    6979.583     0.996875         8806       320.00
    7057.407     0.997266         8811       365.71
    7135.231     0.997656         8813       426.67
    7155.711     0.998047         8816       512.00
    7213.055     0.998242         8818       568.89
    7299.071     0.998437         8820       640.00
    7319.551     0.998633         8821       731.43
    7380.991     0.998828         8823       853.33
    7401.471     0.999023         8825      1024.00
    7446.527     0.999121         8826      1137.78
    7507.967     0.999219         8827      1280.00
    7507.967     0.999316         8827      1462.86
    7589.887     0.999414         8828      1706.67
    7593.983     0.999512         8829      2048.00
    7815.167     0.999561         8830      2275.56
    7815.167     0.999609         8830      2560.00
    7815.167     0.999658         8830      2925.71
    8089.599     0.999707         8831      3413.33
    8089.599     0.999756         8831      4096.00
    8228.863     0.999780         8832      4551.11
    8228.863     0.999805         8832      5120.00
    8228.863     0.999829         8832      5851.43
    8228.863     0.999854         8832      6826.67
    8228.863     0.999878         8832      8192.00
    8355.839     0.999890         8833      9102.22
    8355.839     1.000000         8833          inf
#[Mean    =     1354.588, StdDeviation   =     1217.691]
#[Max     =     8351.744, Total count    =         8833]
#[Buckets =           27, SubBuckets     =         2048]
----------------------------------------------------------
  8950 requests in 15.00m, 1.84MB read
  Socket errors: connect 0, read 0, write 7, timeout 18
Requests/sec:      9.94
Transfer/sec:      2.09KB
