Running 15m test @ http://10.110.33.27:8080/wrk2-api/post/compose
  2 threads and 4 connections
  Thread calibration: mean lat.: 5.434ms, rate sampling interval: 14ms
  Thread calibration: mean lat.: 7.841ms, rate sampling interval: 22ms
  Thread Stats   Avg      Stdev     99%   +/- Stdev
    Latency     1.98m     2.59m    9.36m    81.52%
    Req/Sec    15.33     33.43   142.00     89.07%
  Latency Distribution (HdrHistogram - Recorded Latency)
 50.000%   28.61s 
 75.000%    3.17m 
 90.000%    6.59m 
 99.000%    9.36m 
 99.900%   10.33m 
 99.990%   10.43m 
 99.999%   10.45m 
100.000%   10.45m 

  Detailed Percentile spectrum:
       Value   Percentile   TotalCount 1/(1-Percentile)

       2.287     0.000000            1         1.00
      84.927     0.100000         2792         1.11
   25640.959     0.200000         5608         1.25
   26771.455     0.300000         8425         1.43
   27557.887     0.400000        11210         1.67
   28606.463     0.500000        13962         2.00
   29425.663     0.550000        15373         2.22
   31604.735     0.600000        16749         2.50
   74711.039     0.650000        18146         2.86
  127205.375     0.700000        19541         3.33
  190578.687     0.750000        20939         4.00
  221249.535     0.775000        21635         4.44
  255721.471     0.800000        22334         5.00
  287047.679     0.825000        23032         5.71
  324796.415     0.850000        23733         6.67
  360447.999     0.875000        24434         8.00
  378011.647     0.887500        24776         8.89
  395313.151     0.900000        25126        10.00
  411566.079     0.912500        25476        11.43
  429391.871     0.925000        25825        13.33
  449314.815     0.937500        26174        16.00
  459014.143     0.943750        26346        17.78
  467402.751     0.950000        26520        20.00
  476839.935     0.956250        26695        22.86
  486014.975     0.962500        26872        26.67
  494141.439     0.968750        27047        32.00
  497549.311     0.971875        27130        35.56
  502792.191     0.975000        27218        40.00
  507772.927     0.978125        27307        45.71
  512229.375     0.981250        27392        53.33
  527171.583     0.984375        27479        64.00
  535822.335     0.985938        27524        71.11
  546308.095     0.987500        27567        80.00
  556269.567     0.989062        27611        91.43
  565706.751     0.990625        27654       106.67
  575143.935     0.992188        27699       128.00
  579862.527     0.992969        27720       142.22
  585629.695     0.993750        27741       160.00
  591921.151     0.994531        27764       182.86
  597164.031     0.995313        27785       213.33
  602931.199     0.996094        27807       256.00
  606601.215     0.996484        27817       284.44
  608698.367     0.996875        27829       320.00
  610271.231     0.997266        27839       365.71
  612368.383     0.997656        27850       426.67
  614465.535     0.998047        27863       512.00
  615514.111     0.998242        27869       568.89
  616038.399     0.998437        27872       640.00
  617086.975     0.998633        27879       731.43
  618659.839     0.998828        27884       853.33
  619708.415     0.999023        27888      1024.00
  620756.991     0.999121        27891      1137.78
  621805.567     0.999219        27895      1280.00
  622329.855     0.999316        27897      1462.86
  623378.431     0.999414        27902      1706.67
  623378.431     0.999512        27902      2048.00
  623902.719     0.999561        27904      2275.56
  624427.007     0.999609        27905      2560.00
  624951.295     0.999658        27909      2925.71
  624951.295     0.999707        27909      3413.33
  624951.295     0.999756        27909      4096.00
  624951.295     0.999780        27909      4551.11
  625475.583     0.999805        27910      5120.00
  625999.871     0.999829        27912      5851.43
  625999.871     0.999854        27912      6826.67
  625999.871     0.999878        27912      8192.00
  625999.871     0.999890        27912      9102.22
  626524.159     0.999902        27914     10240.00
  626524.159     0.999915        27914     11702.86
  626524.159     0.999927        27914     13653.33
  626524.159     0.999939        27914     16384.00
  626524.159     0.999945        27914     18204.44
  626524.159     0.999951        27914     20480.00
  626524.159     0.999957        27914     23405.71
  626524.159     0.999963        27914     27306.67
  627048.447     0.999969        27915     32768.00
  627048.447     1.000000        27915          inf
#[Mean    =   118831.858, StdDeviation   =   155361.890]
#[Max     =   626524.160, Total count    =        27915]
#[Buckets =           27, SubBuckets     =         2048]
----------------------------------------------------------
  28570 requests in 15.00m, 227.26MB read
  Socket errors: connect 0, read 0, write 7, timeout 700
Requests/sec:     31.74
Transfer/sec:    258.55KB
