Running 15m test @ http://10.110.33.27:8080/wrk2-api/post/compose
  2 threads and 4 connections
  Thread calibration: mean lat.: 33.044ms, rate sampling interval: 87ms
  Thread calibration: mean lat.: 41.257ms, rate sampling interval: 145ms
  Thread Stats   Avg      Stdev     99%   +/- Stdev
    Latency     3.12m     2.51m    8.54m    57.14%
    Req/Sec     6.75      7.35    27.00     91.46%
  Latency Distribution (HdrHistogram - Recorded Latency)
 50.000%    2.86m 
 75.000%    5.13m 
 90.000%    6.77m 
 99.000%    8.54m 
 99.900%    8.88m 
 99.990%    8.93m 
 99.999%    8.94m 
100.000%    8.94m 

  Detailed Percentile spectrum:
       Value   Percentile   TotalCount 1/(1-Percentile)

       5.835     0.000000            1         1.00
     136.831     0.100000         1255         1.11
   21446.655     0.200000         2510         1.25
   68485.119     0.300000         3767         1.43
  119013.375     0.400000         5020         1.67
  171835.391     0.500000         6274         2.00
  197132.287     0.550000         6901         2.22
  225050.623     0.600000         7528         2.50
  251265.023     0.650000         8156         2.86
  279707.647     0.700000         8787         3.33
  307757.055     0.750000         9418         4.00
  321650.687     0.775000         9729         4.44
  334495.743     0.800000        10040         5.00
  348127.231     0.825000        10369         5.71
  361496.575     0.850000        10666         6.67
  382468.095     0.875000        10977         8.00
  394002.431     0.887500        11134         8.89
  406323.199     0.900000        11292        10.00
  418381.823     0.912500        11451        11.43
  428867.583     0.925000        11608        13.33
  439091.199     0.937500        11765        16.00
  443809.791     0.943750        11842        17.78
  452198.399     0.950000        11920        20.00
  462684.159     0.956250        11998        22.86
  473694.207     0.962500        12075        26.67
  483655.679     0.968750        12154        32.00
  488636.415     0.971875        12194        35.56
  492306.431     0.975000        12234        40.00
  495190.015     0.978125        12273        45.71
  498597.887     0.981250        12313        53.33
  502792.191     0.984375        12351        64.00
  504889.343     0.985938        12371        71.11
  508297.215     0.987500        12389        80.00
  510656.511     0.989062        12408        91.43
  513540.095     0.990625        12432       106.67
  515637.247     0.992188        12447       128.00
  516947.967     0.992969        12457       142.22
  518520.831     0.993750        12468       160.00
  519569.407     0.994531        12477       182.86
  520880.127     0.995313        12487       213.33
  524812.287     0.996094        12497       256.00
  525860.863     0.996484        12501       284.44
  526909.439     0.996875        12506       320.00
  527958.015     0.997266        12511       365.71
  529006.591     0.997656        12516       426.67
  529793.023     0.998047        12521       512.00
  530579.455     0.998242        12525       568.89
  530841.599     0.998437        12526       640.00
  531365.887     0.998633        12528       731.43
  532152.319     0.998828        12531       853.33
  533200.895     0.999023        12533      1024.00
  533725.183     0.999121        12534      1137.78
  534249.471     0.999219        12539      1280.00
  534249.471     0.999316        12539      1462.86
  534249.471     0.999414        12539      1706.67
  534249.471     0.999512        12539      2048.00
  534511.615     0.999561        12540      2275.56
  534773.759     0.999609        12541      2560.00
  534773.759     0.999658        12541      2925.71
  535035.903     0.999707        12542      3413.33
  535035.903     0.999756        12542      4096.00
  535560.191     0.999780        12543      4551.11
  535560.191     0.999805        12543      5120.00
  535560.191     0.999829        12543      5851.43
  536084.479     0.999854        12544      6826.67
  536084.479     0.999878        12544      8192.00
  536084.479     0.999890        12544      9102.22
  536084.479     0.999902        12544     10240.00
  536084.479     0.999915        12544     11702.86
  536346.623     0.999927        12545     13653.33
  536346.623     1.000000        12545          inf
#[Mean    =   187151.403, StdDeviation   =   150618.555]
#[Max     =   536084.480, Total count    =        12545]
#[Buckets =           27, SubBuckets     =         2048]
----------------------------------------------------------
  12871 requests in 15.00m, 167.29MB read
  Socket errors: connect 0, read 0, write 7, timeout 292
Requests/sec:     14.30
Transfer/sec:    190.31KB
