Running 15m test @ http://10.96.142.111:8080/wrk2-api/post/compose
  2 threads and 4 connections
  Thread calibration: mean lat.: 761.050ms, rate sampling interval: 3463ms
  Thread calibration: mean lat.: 1157.886ms, rate sampling interval: 8126ms
  Thread Stats   Avg      Stdev     99%   +/- Stdev
    Latency     1.04m    26.84s    1.68m    53.13%
    Req/Sec     2.56      1.50     6.00     88.52%
  Latency Distribution (HdrHistogram - Recorded Latency)
 50.000%    1.24m 
 75.000%    1.41m 
 90.000%    1.50m 
 99.000%    1.68m 
 99.900%    1.77m 
 99.990%    1.78m 
 99.999%    1.79m 
100.000%    1.79m 

  Detailed Percentile spectrum:
       Value   Percentile   TotalCount 1/(1-Percentile)

     113.279     0.000000            1         1.00
   28229.631     0.100000          622         1.11
   30425.087     0.200000         1248         1.25
   32964.607     0.300000         1871         1.43
   70123.519     0.400000         2488         1.67
   74645.503     0.500000         3107         2.00
   76218.367     0.550000         3428         2.22
   78053.375     0.600000         3731         2.50
   80740.351     0.650000         4038         2.86
   83099.647     0.700000         4358         3.33
   84869.119     0.750000         4661         4.00
   85983.231     0.775000         4815         4.44
   86900.735     0.800000         4978         5.00
   87752.703     0.825000         5130         5.71
   88408.063     0.850000         5283         6.67
   89063.423     0.875000         5448         8.00
   89456.639     0.887500         5527         8.89
   89849.855     0.900000         5603        10.00
   90505.215     0.912500         5671        11.43
   91553.791     0.925000         5748        13.33
   93519.871     0.937500         5824        16.00
   94502.911     0.943750         5862        17.78
   95223.807     0.950000         5903        20.00
   95944.703     0.956250         5941        22.86
   96862.207     0.962500         5980        26.67
   97517.567     0.968750         6023        32.00
   98107.391     0.971875         6037        35.56
   98697.215     0.975000         6057        40.00
   99287.039     0.978125         6077        45.71
  100073.471     0.981250         6098        53.33
  100270.079     0.984375         6117        64.00
  100401.151     0.985938         6124        71.11
  100597.759     0.987500         6137        80.00
  100794.367     0.989062         6144        91.43
  101253.119     0.990625         6153       106.67
  102105.087     0.992188         6163       128.00
  102825.983     0.992969         6168       142.22
  103546.879     0.993750         6173       160.00
  104202.239     0.994531         6179       182.86
  104595.455     0.995313         6184       213.33
  104726.527     0.996094         6187       256.00
  105054.207     0.996484         6190       284.44
  105119.743     0.996875         6193       320.00
  105381.887     0.997266         6196       365.71
  105447.423     0.997656         6197       426.67
  105840.639     0.998047         6201       512.00
  105840.639     0.998242         6201       568.89
  105906.175     0.998437         6202       640.00
  105971.711     0.998633         6203       731.43
  106037.247     0.998828         6204       853.33
  106102.783     0.999023         6205      1024.00
  106168.319     0.999121         6206      1137.78
  106299.391     0.999219         6208      1280.00
  106299.391     0.999316         6208      1462.86
  106299.391     0.999414         6208      1706.67
  106299.391     0.999512         6208      2048.00
  106364.927     0.999561         6209      2275.56
  106364.927     0.999609         6209      2560.00
  106364.927     0.999658         6209      2925.71
  106823.679     0.999707         6210      3413.33
  106823.679     0.999756         6210      4096.00
  106823.679     0.999780         6210      4551.11
  106823.679     0.999805         6210      5120.00
  106823.679     0.999829         6210      5851.43
  107413.503     0.999854         6211      6826.67
  107413.503     1.000000         6211          inf
#[Mean    =    62571.151, StdDeviation   =    26839.480]
#[Max     =   107347.968, Total count    =         6211]
#[Buckets =           27, SubBuckets     =         2048]
----------------------------------------------------------
  6284 requests in 15.00m, 1.29MB read
  Socket errors: connect 0, read 0, write 3, timeout 430
Requests/sec:      6.98
Transfer/sec:      1.47KB
