Running 15m test @ http://10.96.142.111:8080/wrk2-api/post/compose
  2 threads and 4 connections
  Thread calibration: mean lat.: 3545.830ms, rate sampling interval: 11108ms
  Thread calibration: mean lat.: 2809.368ms, rate sampling interval: 9256ms
  Thread Stats   Avg      Stdev     99%   +/- Stdev
    Latency     1.44m    29.12s    1.85m    73.04%
    Req/Sec    26.66      8.06    33.00     88.64%
  Latency Distribution (HdrHistogram - Recorded Latency)
 50.000%    1.70m 
 75.000%    1.76m 
 90.000%    1.81m 
 99.000%    1.85m 
 99.900%    1.86m 
 99.990%    1.87m 
 99.999%    1.87m 
100.000%    1.87m 

  Detailed Percentile spectrum:
       Value   Percentile   TotalCount 1/(1-Percentile)

    4780.031     0.000000            1         1.00
   38699.007     0.100000         4851         1.11
   40402.943     0.200000         9689         1.25
   96731.135     0.300000        14590         1.43
  100401.151     0.400000        19525         1.67
  102170.623     0.500000        24397         2.00
  102891.519     0.550000        26648         2.22
  103481.343     0.600000        29300         2.50
  103940.095     0.650000        31540         2.86
  104595.455     0.700000        33911         3.33
  105578.495     0.750000        36381         4.00
  106037.247     0.775000        37555         4.44
  106495.999     0.800000        38908         5.00
  106889.215     0.825000        40112         5.71
  107347.967     0.850000        41311         6.67
  107872.255     0.875000        42434         8.00
  108134.399     0.887500        43096         8.89
  108396.543     0.900000        43674        10.00
  108724.223     0.912500        44223        11.43
  109117.439     0.925000        44885        13.33
  109379.583     0.937500        45483        16.00
  109510.655     0.943750        45766        17.78
  109707.263     0.950000        46136        20.00
  109838.335     0.956250        46410        22.86
  109969.407     0.962500        46684        26.67
  110100.479     0.968750        46917        32.00
  110231.551     0.971875        47068        35.56
  110362.623     0.975000        47229        40.00
  110493.695     0.978125        47389        45.71
  110624.767     0.981250        47580        53.33
  110755.839     0.984375        47721        64.00
  110821.375     0.985938        47816        71.11
  110886.911     0.987500        47887        80.00
  110952.447     0.989062        47954        91.43
  111017.983     0.990625        47994       106.67
  111083.519     0.992188        48064       128.00
  111149.055     0.992969        48135       142.22
  111149.055     0.993750        48135       160.00
  111214.591     0.994531        48207       182.86
  111214.591     0.995313        48207       213.33
  111280.127     0.996094        48246       256.00
  111345.663     0.996484        48290       284.44
  111345.663     0.996875        48290       320.00
  111411.199     0.997266        48315       365.71
  111411.199     0.997656        48315       426.67
  111476.735     0.998047        48343       512.00
  111476.735     0.998242        48343       568.89
  111542.271     0.998437        48352       640.00
  111607.807     0.998633        48365       731.43
  111673.343     0.998828        48381       853.33
  111673.343     0.999023        48381      1024.00
  111738.879     0.999121        48399      1137.78
  111738.879     0.999219        48399      1280.00
  111738.879     0.999316        48399      1462.86
  111738.879     0.999414        48399      1706.67
  111804.415     0.999512        48411      2048.00
  111804.415     0.999561        48411      2275.56
  111804.415     0.999609        48411      2560.00
  111804.415     0.999658        48411      2925.71
  111804.415     0.999707        48411      3413.33
  111869.951     0.999756        48418      4096.00
  111869.951     0.999780        48418      4551.11
  111869.951     0.999805        48418      5120.00
  111869.951     0.999829        48418      5851.43
  111869.951     0.999854        48418      6826.67
  111935.487     0.999878        48423      8192.00
  111935.487     0.999890        48423      9102.22
  111935.487     0.999902        48423     10240.00
  111935.487     0.999915        48423     11702.86
  111935.487     0.999927        48423     13653.33
  111935.487     0.999939        48423     16384.00
  111935.487     0.999945        48423     18204.44
  111935.487     0.999951        48423     20480.00
  111935.487     0.999957        48423     23405.71
  112001.023     0.999963        48424     27306.67
  112001.023     0.999969        48424     32768.00
  112001.023     0.999973        48424     36408.89
  112001.023     0.999976        48424     40960.00
  112001.023     0.999979        48424     46811.43
  112066.559     0.999982        48425     54613.33
  112066.559     1.000000        48425          inf
#[Mean    =    86286.134, StdDeviation   =    29117.181]
#[Max     =   112001.024, Total count    =        48425]
#[Buckets =           27, SubBuckets     =         2048]
----------------------------------------------------------
  48610 requests in 15.00m, 390.30MB read
  Socket errors: connect 0, read 0, write 11, timeout 0
Requests/sec:     54.01
Transfer/sec:    444.06KB
