Running 15m test @ http://10.96.142.111:8080/wrk2-api/post/compose
  2 threads and 4 connections
  Thread calibration: mean lat.: 4484.758ms, rate sampling interval: 12648ms
  Thread calibration: mean lat.: 5046.110ms, rate sampling interval: 15794ms
  Thread Stats   Avg      Stdev     99%   +/- Stdev
    Latency     1.65m     8.72s    1.80m    96.81%
    Req/Sec    12.94      4.32    17.00     88.10%
  Latency Distribution (HdrHistogram - Recorded Latency)
 50.000%    1.66m 
 75.000%    1.70m 
 90.000%    1.73m 
 99.000%    1.80m 
 99.900%    1.84m 
 99.990%    1.86m 
 99.999%    1.86m 
100.000%    1.86m 

  Detailed Percentile spectrum:
       Value   Percentile   TotalCount 1/(1-Percentile)

    7249.919     0.000000            1         1.00
   94633.983     0.100000         2430         1.11
   96731.135     0.200000         4853         1.25
   98041.855     0.300000         7191         1.43
   99024.895     0.400000         9560         1.67
   99811.327     0.500000        12082         2.00
  100139.007     0.550000        13159         2.22
  100532.223     0.600000        14374         2.50
  100925.439     0.650000        15546         2.86
  101318.655     0.700000        16713         3.33
  101842.943     0.750000        18022         4.00
  102039.551     0.775000        18511         4.44
  102367.231     0.800000        19163         5.00
  102694.911     0.825000        19772         5.71
  102957.055     0.850000        20275         6.67
  103284.735     0.875000        20913         8.00
  103481.343     0.887500        21187         8.89
  103743.487     0.900000        21508        10.00
  104005.631     0.912500        21809        11.43
  104267.775     0.925000        22074        13.33
  104660.991     0.937500        22343        16.00
  104923.135     0.943750        22508        17.78
  105250.815     0.950000        22671        20.00
  105578.495     0.956250        22814        22.86
  105971.711     0.962500        22947        26.67
  106364.927     0.968750        23094        32.00
  106561.535     0.971875        23167        35.56
  106889.215     0.975000        23253        40.00
  107085.823     0.978125        23311        45.71
  107479.039     0.981250        23422        53.33
  107675.647     0.984375        23474        64.00
  107806.719     0.985938        23518        71.11
  107872.255     0.987500        23537        80.00
  108003.327     0.989062        23574        91.43
  108134.399     0.990625        23612       106.67
  108265.471     0.992188        23659       128.00
  108331.007     0.992969        23678       142.22
  108396.543     0.993750        23687       160.00
  108527.615     0.994531        23708       182.86
  108724.223     0.995313        23721       213.33
  108986.367     0.996094        23743       256.00
  109117.439     0.996484        23750       284.44
  109248.511     0.996875        23761       320.00
  109379.583     0.997266        23769       365.71
  109576.191     0.997656        23784       426.67
  109641.727     0.998047        23788       512.00
  109707.263     0.998242        23791       568.89
  109838.335     0.998437        23794       640.00
  110034.943     0.998633        23803       731.43
  110100.479     0.998828        23805       853.33
  110231.551     0.999023        23808      1024.00
  110297.087     0.999121        23814      1137.78
  110297.087     0.999219        23814      1280.00
  110362.623     0.999316        23817      1462.86
  110428.159     0.999414        23818      1706.67
  110690.303     0.999512        23821      2048.00
  110690.303     0.999561        23821      2275.56
  110755.839     0.999609        23823      2560.00
  110755.839     0.999658        23823      2925.71
  110952.447     0.999707        23825      3413.33
  111017.983     0.999756        23827      4096.00
  111017.983     0.999780        23827      4551.11
  111017.983     0.999805        23827      5120.00
  111017.983     0.999829        23827      5851.43
  111280.127     0.999854        23828      6826.67
  111738.879     0.999878        23831      8192.00
  111738.879     1.000000        23831          inf
#[Mean    =    98741.291, StdDeviation   =     8722.392]
#[Max     =   111673.344, Total count    =        23831]
#[Buckets =           27, SubBuckets     =         2048]
----------------------------------------------------------
  23881 requests in 15.00m, 315.96MB read
  Socket errors: connect 0, read 0, write 7, timeout 0
Requests/sec:     26.53
Transfer/sec:    359.47KB
