Running 15m test @ http://10.108.196.230:8080/wrk2-api/post/compose
  2 threads and 4 connections
  Thread calibration: mean lat.: 1172.997ms, rate sampling interval: 3569ms
  Thread calibration: mean lat.: 1700.916ms, rate sampling interval: 8568ms
  Thread Stats   Avg      Stdev     99%   +/- Stdev
    Latency     0.90m    24.75s    1.49m    66.71%
    Req/Sec     3.03      2.23     7.00     98.01%
  Latency Distribution (HdrHistogram - Recorded Latency)
 50.000%   40.01s 
 75.000%    1.32m 
 90.000%    1.39m 
 99.000%    1.49m 
 99.900%    1.51m 
 99.990%    1.54m 
 99.999%    1.54m 
100.000%    1.54m 

  Detailed Percentile spectrum:
       Value   Percentile   TotalCount 1/(1-Percentile)

      18.399     0.000000            1         1.00
   31260.671     0.100000          440         1.11
   33030.143     0.200000          880         1.25
   35061.759     0.300000         1315         1.43
   37421.055     0.400000         1753         1.67
   40009.727     0.500000         2187         2.00
   43548.671     0.550000         2406         2.22
   75563.007     0.600000         2627         2.50
   77266.943     0.650000         2843         2.86
   78381.055     0.700000         3084         3.33
   79364.095     0.750000         3288         4.00
   79953.919     0.775000         3395         4.44
   80674.815     0.800000         3510         5.00
   81330.175     0.825000         3615         5.71
   81919.999     0.850000         3721         6.67
   82509.823     0.875000         3829         8.00
   82903.039     0.887500         3884         8.89
   83296.255     0.900000         3939        10.00
   83820.543     0.912500         3994        11.43
   84541.439     0.925000         4047        13.33
   85131.263     0.937500         4106        16.00
   85458.943     0.943750         4127        17.78
   85917.695     0.950000         4154        20.00
   86441.983     0.956250         4180        22.86
   86966.271     0.962500         4208        26.67
   87687.167     0.968750         4236        32.00
   88080.383     0.971875         4251        35.56
   88276.991     0.975000         4263        40.00
   88604.671     0.978125         4282        45.71
   88735.743     0.981250         4295        53.33
   88866.815     0.984375         4303        64.00
   88997.887     0.985938         4313        71.11
   89128.959     0.987500         4319        80.00
   89260.031     0.989062         4325        91.43
   89391.103     0.990625         4333       106.67
   89522.175     0.992188         4337       128.00
   89587.711     0.992969         4341       142.22
   89718.783     0.993750         4344       160.00
   89915.391     0.994531         4352       182.86
   89915.391     0.995313         4352       213.33
   90046.463     0.996094         4354       256.00
   90374.143     0.996484         4358       284.44
   90374.143     0.996875         4358       320.00
   90636.287     0.997266         4361       365.71
   90636.287     0.997656         4361       426.67
   90832.895     0.998047         4363       512.00
   90898.431     0.998242         4367       568.89
   90898.431     0.998437         4367       640.00
   90898.431     0.998633         4367       731.43
   90898.431     0.998828         4367       853.33
   90898.431     0.999023         4367      1024.00
   91095.039     0.999121         4368      1137.78
   91095.039     0.999219         4368      1280.00
   91488.255     0.999316         4369      1462.86
   91488.255     0.999414         4369      1706.67
   91488.255     0.999512         4369      2048.00
   91684.863     0.999561         4370      2275.56
   91684.863     0.999609         4370      2560.00
   91684.863     0.999658         4370      2925.71
   91684.863     0.999707         4370      3413.33
   91684.863     0.999756         4370      4096.00
   92143.615     0.999780         4371      4551.11
   92143.615     1.000000         4371          inf
#[Mean    =    53977.423, StdDeviation   =    24751.426]
#[Max     =    92078.080, Total count    =         4371]
#[Buckets =           27, SubBuckets     =         2048]
----------------------------------------------------------
  4459 requests in 15.00m, 0.91MB read
  Socket errors: connect 0, read 0, write 4, timeout 784
Requests/sec:      4.95
Transfer/sec:      1.04KB
