Running 15m test @ http://10.108.196.230:8080/wrk2-api/post/compose
  2 threads and 4 connections
  Thread calibration: mean lat.: 3269.064ms, rate sampling interval: 13418ms
  Thread calibration: mean lat.: 5708.711ms, rate sampling interval: 15253ms
  Thread Stats   Avg      Stdev     99%   +/- Stdev
    Latency     1.67m     6.57s    1.77m    98.52%
    Req/Sec    26.29      8.71    32.00     88.71%
  Latency Distribution (HdrHistogram - Recorded Latency)
 50.000%    1.67m 
 75.000%    1.71m 
 90.000%    1.74m 
 99.000%    1.77m 
 99.900%    1.81m 
 99.990%    1.82m 
 99.999%    1.82m 
100.000%    1.82m 

  Detailed Percentile spectrum:
       Value   Percentile   TotalCount 1/(1-Percentile)

    7393.279     0.000000            1         1.00
   96993.279     0.100000         4901         1.11
   98303.999     0.200000         9699         1.25
   99221.503     0.300000        14780         1.43
   99811.327     0.400000        19132         1.67
  100466.687     0.500000        24084         2.00
  100794.367     0.550000        26274         2.22
  101253.119     0.600000        29046         2.50
  101646.335     0.650000        31150         2.86
  102105.087     0.700000        33563         3.33
  102498.303     0.750000        35832         4.00
  102760.447     0.775000        37240         4.44
  103022.591     0.800000        38433         5.00
  103284.735     0.825000        39594         5.71
  103546.879     0.850000        40585         6.67
  103940.095     0.875000        41823         8.00
  104136.703     0.887500        42529         8.89
  104267.775     0.900000        42979        10.00
  104464.383     0.912500        43730        11.43
  104660.991     0.925000        44296        13.33
  104857.599     0.937500        44901        16.00
  104988.671     0.943750        45208        17.78
  105119.743     0.950000        45500        20.00
  105185.279     0.956250        45659        22.86
  105316.351     0.962500        45993        26.67
  105447.423     0.968750        46282        32.00
  105578.495     0.971875        46498        35.56
  105644.031     0.975000        46607        40.00
  105709.567     0.978125        46720        45.71
  105840.639     0.981250        46896        53.33
  105971.711     0.984375        47079        64.00
  105971.711     0.985938        47079        71.11
  106037.247     0.987500        47154        80.00
  106168.319     0.989062        47249        91.43
  106299.391     0.990625        47319       106.67
  106495.999     0.992188        47393       128.00
  106561.535     0.992969        47423       142.22
  106692.607     0.993750        47472       160.00
  106758.143     0.994531        47485       182.86
  106889.215     0.995313        47527       213.33
  107216.895     0.996094        47565       256.00
  107347.967     0.996484        47582       284.44
  107675.647     0.996875        47601       320.00
  107872.255     0.997266        47618       365.71
  108003.327     0.997656        47641       426.67
  108068.863     0.998047        47657       512.00
  108134.399     0.998242        47675       568.89
  108134.399     0.998437        47675       640.00
  108199.935     0.998633        47684       731.43
  108331.007     0.998828        47697       853.33
  108396.543     0.999023        47706      1024.00
  108396.543     0.999121        47706      1137.78
  108462.079     0.999219        47715      1280.00
  108462.079     0.999316        47715      1462.86
  108593.151     0.999414        47719      1706.67
  108724.223     0.999512        47723      2048.00
  108789.759     0.999561        47729      2275.56
  108789.759     0.999609        47729      2560.00
  108855.295     0.999658        47735      2925.71
  108855.295     0.999707        47735      3413.33
  108855.295     0.999756        47735      4096.00
  108920.831     0.999780        47739      4551.11
  108920.831     0.999805        47739      5120.00
  108920.831     0.999829        47739      5851.43
  108986.367     0.999854        47743      6826.67
  108986.367     0.999878        47743      8192.00
  108986.367     0.999890        47743      9102.22
  108986.367     0.999902        47743     10240.00
  108986.367     0.999915        47743     11702.86
  108986.367     0.999927        47743     13653.33
  109051.903     0.999939        47746     16384.00
  109051.903     1.000000        47746          inf
#[Mean    =   100072.197, StdDeviation   =     6567.821]
#[Max     =   108986.368, Total count    =        47746]
#[Buckets =           27, SubBuckets     =         2048]
----------------------------------------------------------
  47845 requests in 15.00m, 349.25MB read
  Socket errors: connect 0, read 0, write 6, timeout 0
Requests/sec:     53.16
Transfer/sec:    397.36KB
