Running 15m test @ http://10.108.196.230:8080/wrk2-api/post/compose
  2 threads and 4 connections
  Thread calibration: mean lat.: 5487.288ms, rate sampling interval: 15491ms
  Thread calibration: mean lat.: 4424.921ms, rate sampling interval: 12066ms
  Thread Stats   Avg      Stdev     99%   +/- Stdev
    Latency     1.37m    20.33s    1.74m    70.03%
    Req/Sec    13.12      3.79    17.00     89.23%
  Latency Distribution (HdrHistogram - Recorded Latency)
 50.000%    1.53m 
 75.000%    1.61m 
 90.000%    1.65m 
 99.000%    1.74m 
 99.900%    1.76m 
 99.990%    1.77m 
 99.999%    1.77m 
100.000%    1.77m 

  Detailed Percentile spectrum:
       Value   Percentile   TotalCount 1/(1-Percentile)

    6230.015     0.000000            1         1.00
   49905.663     0.100000         2443         1.11
   51806.207     0.200000         4875         1.25
   86638.591     0.300000         7297         1.43
   89587.711     0.400000         9736         1.67
   91619.327     0.500000        12219         2.00
   92602.367     0.550000        13403         2.22
   93585.407     0.600000        14606         2.50
   94437.375     0.650000        15852         2.86
   95289.343     0.700000        17031         3.33
   96534.527     0.750000        18242         4.00
   97058.815     0.775000        18925         4.44
   97386.495     0.800000        19460         5.00
   97779.711     0.825000        20159         5.71
   98172.927     0.850000        20728         6.67
   98697.215     0.875000        21315         8.00
   98959.359     0.887500        21625         8.89
   99221.503     0.900000        21887        10.00
   99549.183     0.912500        22173        11.43
   99876.863     0.925000        22491        13.33
  100270.079     0.937500        22807        16.00
  100597.759     0.943750        22939        17.78
  101122.047     0.950000        23092        20.00
  101777.407     0.956250        23253        22.86
  102432.767     0.962500        23391        26.67
  102891.519     0.968750        23544        32.00
  103088.127     0.971875        23624        35.56
  103350.271     0.975000        23692        40.00
  103612.415     0.978125        23776        45.71
  103809.023     0.981250        23858        53.33
  104005.631     0.984375        23931        64.00
  104136.703     0.985938        23966        71.11
  104267.775     0.987500        24000        80.00
  104398.847     0.989062        24036        91.43
  104529.919     0.990625        24074       106.67
  104660.991     0.992188        24108       128.00
  104792.063     0.992969        24140       142.22
  104857.599     0.993750        24148       160.00
  104988.671     0.994531        24172       182.86
  105054.207     0.995313        24184       213.33
  105185.279     0.996094        24213       256.00
  105185.279     0.996484        24213       284.44
  105250.815     0.996875        24226       320.00
  105316.351     0.997266        24237       365.71
  105381.887     0.997656        24250       426.67
  105381.887     0.998047        24250       512.00
  105447.423     0.998242        24255       568.89
  105512.959     0.998437        24272       640.00
  105512.959     0.998633        24272       731.43
  105512.959     0.998828        24272       853.33
  105578.495     0.999023        24283      1024.00
  105578.495     0.999121        24283      1137.78
  105578.495     0.999219        24283      1280.00
  105578.495     0.999316        24283      1462.86
  105578.495     0.999414        24283      1706.67
  105644.031     0.999512        24286      2048.00
  105709.567     0.999561        24291      2275.56
  105709.567     0.999609        24291      2560.00
  105709.567     0.999658        24291      2925.71
  105709.567     0.999707        24291      3413.33
  105775.103     0.999756        24294      4096.00
  105775.103     0.999780        24294      4551.11
  105775.103     0.999805        24294      5120.00
  105775.103     0.999829        24294      5851.43
  105775.103     0.999854        24294      6826.67
  105906.175     0.999878        24297      8192.00
  105906.175     1.000000        24297          inf
#[Mean    =    82300.298, StdDeviation   =    20325.860]
#[Max     =   105840.640, Total count    =        24297]
#[Buckets =           27, SubBuckets     =         2048]
----------------------------------------------------------
  24356 requests in 15.00m, 301.15MB read
  Socket errors: connect 0, read 0, write 5, timeout 0
Requests/sec:     27.06
Transfer/sec:    342.59KB
