Running 15m test @ http://10.109.24.68:8080/wrk2-api/post/compose
  2 threads and 4 connections
  Thread calibration: mean lat.: 18.904ms, rate sampling interval: 69ms
  Thread calibration: mean lat.: 49.072ms, rate sampling interval: 91ms
  Thread Stats   Avg      Stdev     99%   +/- Stdev
    Latency   500.72ms  491.90ms   2.30s    86.61%
    Req/Sec     4.81      7.83    29.00     80.20%
  Latency Distribution (HdrHistogram - Recorded Latency)
 50.000%  350.72ms
 75.000%  701.44ms
 90.000%    1.14s 
 99.000%    2.30s 
 99.900%    3.14s 
 99.990%    4.24s 
 99.999%    4.35s 
100.000%    4.35s 

  Detailed Percentile spectrum:
       Value   Percentile   TotalCount 1/(1-Percentile)

       9.351     0.000000            1         1.00
      49.855     0.100000          884         1.11
     113.919     0.200000         1768         1.25
     184.447     0.300000         2654         1.43
     261.247     0.400000         3536         1.67
     350.719     0.500000         4419         2.00
     406.783     0.550000         4862         2.22
     466.687     0.600000         5304         2.50
     532.479     0.650000         5749         2.86
     609.279     0.700000         6191         3.33
     701.439     0.750000         6629         4.00
     751.103     0.775000         6852         4.44
     809.471     0.800000         7072         5.00
     869.375     0.825000         7293         5.71
     939.519     0.850000         7517         6.67
    1022.463     0.875000         7735         8.00
    1082.367     0.887500         7845         8.89
    1142.783     0.900000         7956        10.00
    1207.295     0.912500         8065        11.43
    1276.927     0.925000         8176        13.33
    1359.871     0.937500         8286        16.00
    1412.095     0.943750         8341        17.78
    1460.223     0.950000         8397        20.00
    1526.783     0.956250         8453        22.86
    1611.775     0.962500         8507        26.67
    1720.319     0.968750         8562        32.00
    1780.735     0.971875         8591        35.56
    1824.767     0.975000         8618        40.00
    1895.423     0.978125         8645        45.71
    1965.055     0.981250         8673        53.33
    2060.287     0.984375         8700        64.00
    2131.967     0.985938         8714        71.11
    2222.079     0.987500         8728        80.00
    2271.231     0.989062         8742        91.43
    2361.343     0.990625         8756       106.67
    2451.455     0.992188         8769       128.00
    2482.175     0.992969         8776       142.22
    2541.567     0.993750         8783       160.00
    2596.863     0.994531         8791       182.86
    2646.015     0.995313         8797       213.33
    2732.031     0.996094         8804       256.00
    2766.847     0.996484         8807       284.44
    2801.663     0.996875         8811       320.00
    2838.527     0.997266         8814       365.71
    2879.487     0.997656         8818       426.67
    2918.399     0.998047         8821       512.00
    2959.359     0.998242         8823       568.89
    3028.991     0.998437         8825       640.00
    3035.135     0.998633         8826       731.43
    3135.487     0.998828         8828       853.33
    3305.471     0.999023         8830      1024.00
    3346.431     0.999121         8831      1137.78
    3356.671     0.999219         8832      1280.00
    3356.671     0.999316         8832      1462.86
    3450.879     0.999414         8833      1706.67
    3784.703     0.999512         8834      2048.00
    4079.615     0.999561         8835      2275.56
    4079.615     0.999609         8835      2560.00
    4079.615     0.999658         8835      2925.71
    4194.303     0.999707         8836      3413.33
    4194.303     0.999756         8836      4096.00
    4235.263     0.999780         8837      4551.11
    4235.263     0.999805         8837      5120.00
    4235.263     0.999829         8837      5851.43
    4235.263     0.999854         8837      6826.67
    4235.263     0.999878         8837      8192.00
    4345.855     0.999890         8838      9102.22
    4345.855     1.000000         8838          inf
#[Mean    =      500.721, StdDeviation   =      491.897]
#[Max     =     4341.760, Total count    =         8838]
#[Buckets =           27, SubBuckets     =         2048]
----------------------------------------------------------
  8954 requests in 15.00m, 1.84MB read
  Socket errors: connect 0, read 0, write 5, timeout 19
Requests/sec:      9.95
Transfer/sec:      2.09KB
