Running 15m test @ http://10.107.45.2:8080/wrk2-api/post/compose
  2 threads and 4 connections
  Thread calibration: mean lat.: 2334.050ms, rate sampling interval: 11165ms
  Thread calibration: mean lat.: 2792.789ms, rate sampling interval: 13115ms
  Thread Stats   Avg      Stdev     99%   +/- Stdev
    Latency     0.96m    19.79s    1.55m    68.06%
    Req/Sec     3.20      1.53     6.00     93.84%
  Latency Distribution (HdrHistogram - Recorded Latency)
 50.000%    0.94m 
 75.000%    1.28m 
 90.000%    1.38m 
 99.000%    1.55m 
 99.900%    1.59m 
 99.990%    1.60m 
 99.999%    1.60m 
100.000%    1.60m 

  Detailed Percentile spectrum:
       Value   Percentile   TotalCount 1/(1-Percentile)

    1800.191     0.000000            1         1.00
   39256.063     0.100000          641         1.11
   42958.847     0.200000         1283         1.25
   45547.519     0.300000         1914         1.43
   51707.903     0.400000         2550         1.67
   56164.351     0.500000         3193         2.00
   57704.447     0.550000         3511         2.22
   59539.455     0.600000         3826         2.50
   62357.503     0.650000         4144         2.86
   72351.743     0.700000         4464         3.33
   76611.583     0.750000         4787         4.00
   77987.839     0.775000         4942         4.44
   78774.271     0.800000         5102         5.00
   79822.847     0.825000         5261         5.71
   80805.887     0.850000         5426         6.67
   81723.391     0.875000         5587         8.00
   82313.215     0.887500         5659         8.89
   82968.575     0.900000         5744        10.00
   83558.399     0.912500         5826        11.43
   84475.903     0.925000         5897        13.33
   85458.943     0.937500         5982        16.00
   86048.767     0.943750         6022        17.78
   86704.127     0.950000         6058        20.00
   87228.415     0.956250         6102        22.86
   88211.455     0.962500         6138        26.67
   88997.887     0.968750         6179        32.00
   89456.639     0.971875         6197        35.56
   90308.607     0.975000         6216        40.00
   90963.967     0.978125         6237        45.71
   91553.791     0.981250         6258        53.33
   92012.543     0.984375         6276        64.00
   92340.223     0.985938         6289        71.11
   92471.295     0.987500         6296        80.00
   93061.119     0.989062         6313        91.43
   93126.655     0.990625         6317       106.67
   93388.799     0.992188         6331       128.00
   93388.799     0.992969         6331       142.22
   93650.943     0.993750         6336       160.00
   93847.551     0.994531         6342       182.86
   94044.159     0.995313         6346       213.33
   94175.231     0.996094         6351       256.00
   94240.767     0.996484         6354       284.44
   94371.839     0.996875         6357       320.00
   94502.911     0.997266         6358       365.71
   94896.127     0.997656         6361       426.67
   94961.663     0.998047         6363       512.00
   95158.271     0.998242         6366       568.89
   95158.271     0.998437         6366       640.00
   95289.343     0.998633         6369       731.43
   95289.343     0.998828         6369       853.33
   95289.343     0.999023         6369      1024.00
   95420.415     0.999121         6371      1137.78
   95420.415     0.999219         6371      1280.00
   95420.415     0.999316         6371      1462.86
   95485.951     0.999414         6372      1706.67
   95485.951     0.999512         6372      2048.00
   95551.487     0.999561         6373      2275.56
   95551.487     0.999609         6373      2560.00
   95551.487     0.999658         6373      2925.71
   95813.631     0.999707         6374      3413.33
   95813.631     0.999756         6374      4096.00
   95813.631     0.999780         6374      4551.11
   95813.631     0.999805         6374      5120.00
   95813.631     0.999829         6374      5851.43
   96010.239     0.999854         6375      6826.67
   96010.239     1.000000         6375          inf
#[Mean    =    57417.770, StdDeviation   =    19793.839]
#[Max     =    95944.704, Total count    =         6375]
#[Buckets =           27, SubBuckets     =         2048]
----------------------------------------------------------
  6433 requests in 15.00m, 1.32MB read
  Socket errors: connect 0, read 0, write 4, timeout 402
Requests/sec:      7.15
Transfer/sec:      1.50KB
