Running 15m test @ http://10.107.45.2:8080/wrk2-api/post/compose
  2 threads and 4 connections
  Thread calibration: mean lat.: 3253.473ms, rate sampling interval: 11591ms
  Thread calibration: mean lat.: 3055.876ms, rate sampling interval: 10444ms
  Thread Stats   Avg      Stdev     99%   +/- Stdev
    Latency     1.38m    25.21s    1.75m    73.16%
    Req/Sec    26.84      7.62    32.00     88.82%
  Latency Distribution (HdrHistogram - Recorded Latency)
 50.000%    1.60m 
 75.000%    1.65m 
 90.000%    1.69m 
 99.000%    1.75m 
 99.900%    1.78m 
 99.990%    1.79m 
 99.999%    1.79m 
100.000%    1.79m 

  Detailed Percentile spectrum:
       Value   Percentile   TotalCount 1/(1-Percentile)

    5812.223     0.000000            1         1.00
   41058.303     0.100000         4872         1.11
   42860.543     0.200000         9814         1.25
   92536.831     0.300000        14616         1.43
   94830.591     0.400000        19681         1.67
   96075.775     0.500000        24482         2.00
   96731.135     0.550000        26911         2.22
   97320.959     0.600000        29224         2.50
   97845.247     0.650000        31727         2.86
   98303.999     0.700000        34150         3.33
   98893.823     0.750000        36622         4.00
   99221.503     0.775000        37820         4.44
   99614.719     0.800000        39083         5.00
  100007.935     0.825000        40365         5.71
  100270.079     0.850000        41445         6.67
  100728.831     0.875000        42748         8.00
  100990.975     0.887500        43220         8.89
  101318.655     0.900000        43899        10.00
  101646.335     0.912500        44483        11.43
  102039.551     0.925000        45070        13.33
  102563.839     0.937500        45632        16.00
  102825.983     0.943750        46023        17.78
  103022.591     0.950000        46351        20.00
  103153.663     0.956250        46608        22.86
  103350.271     0.962500        46855        26.67
  103677.951     0.968750        47189        32.00
  103874.559     0.971875        47306        35.56
  104071.167     0.975000        47495        40.00
  104267.775     0.978125        47624        45.71
  104398.847     0.981250        47773        53.33
  104595.455     0.984375        47973        64.00
  104660.991     0.985938        48038        71.11
  104726.527     0.987500        48084        80.00
  104857.599     0.989062        48159        91.43
  104988.671     0.990625        48228       106.67
  105185.279     0.992188        48308       128.00
  105250.815     0.992969        48337       142.22
  105381.887     0.993750        48376       160.00
  105512.959     0.994531        48408       182.86
  105578.495     0.995313        48442       213.33
  105709.567     0.996094        48487       256.00
  105775.103     0.996484        48501       284.44
  105906.175     0.996875        48523       320.00
  106037.247     0.997266        48544       365.71
  106168.319     0.997656        48564       426.67
  106299.391     0.998047        48576       512.00
  106495.999     0.998242        48587       568.89
  106561.535     0.998437        48593       640.00
  106692.607     0.998633        48607       731.43
  106758.143     0.998828        48617       853.33
  106823.679     0.999023        48631      1024.00
  106823.679     0.999121        48631      1137.78
  106823.679     0.999219        48631      1280.00
  106889.215     0.999316        48645      1462.86
  106889.215     0.999414        48645      1706.67
  106889.215     0.999512        48645      2048.00
  106954.751     0.999561        48657      2275.56
  106954.751     0.999609        48657      2560.00
  106954.751     0.999658        48657      2925.71
  106954.751     0.999707        48657      3413.33
  106954.751     0.999756        48657      4096.00
  106954.751     0.999780        48657      4551.11
  107020.287     0.999805        48659      5120.00
  107020.287     0.999829        48659      5851.43
  107151.359     0.999854        48661      6826.67
  107216.895     0.999878        48664      8192.00
  107216.895     0.999890        48664      9102.22
  107216.895     0.999902        48664     10240.00
  107216.895     0.999915        48664     11702.86
  107216.895     0.999927        48664     13653.33
  107282.431     0.999939        48665     16384.00
  107282.431     0.999945        48665     18204.44
  107282.431     0.999951        48665     20480.00
  107282.431     0.999957        48665     23405.71
  107347.967     0.999963        48667     27306.67
  107347.967     1.000000        48667          inf
#[Mean    =    82573.102, StdDeviation   =    25212.485]
#[Max     =   107282.432, Total count    =        48667]
#[Buckets =           27, SubBuckets     =         2048]
----------------------------------------------------------
  48852 requests in 15.00m, 398.74MB read
  Socket errors: connect 0, read 0, write 5, timeout 0
Requests/sec:     54.28
Transfer/sec:    453.64KB
