Running 15m test @ http://10.107.45.2:8080/wrk2-api/post/compose
  2 threads and 4 connections
  Thread calibration: mean lat.: 7642.205ms, rate sampling interval: 18694ms
  Thread calibration: mean lat.: 4138.955ms, rate sampling interval: 13443ms
  Thread Stats   Avg      Stdev     99%   +/- Stdev
    Latency     1.38m    22.07s    1.77m    68.25%
    Req/Sec    13.04      3.89    16.00     89.38%
  Latency Distribution (HdrHistogram - Recorded Latency)
 50.000%    1.56m 
 75.000%    1.66m 
 90.000%    1.72m 
 99.000%    1.77m 
 99.900%    1.78m 
 99.990%    1.79m 
 99.999%    1.79m 
100.000%    1.79m 

  Detailed Percentile spectrum:
       Value   Percentile   TotalCount 1/(1-Percentile)

    7524.351     0.000000            1         1.00
   47349.759     0.100000         2433         1.11
   50331.647     0.200000         4862         1.25
   83165.183     0.300000         7321         1.43
   87031.807     0.400000         9730         1.67
   93323.263     0.500000        12159         2.00
   95682.559     0.550000        13376         2.22
   96600.063     0.600000        14660         2.50
   97320.959     0.650000        15849         2.86
   98303.999     0.700000        17042         3.33
   99352.575     0.750000        18252         4.00
   99942.399     0.775000        18892         4.44
  100597.759     0.800000        19482         5.00
  101384.191     0.825000        20068         5.71
  102039.551     0.850000        20689         6.67
  102760.447     0.875000        21317         8.00
  103088.127     0.887500        21567         8.89
  103481.343     0.900000        21888        10.00
  103874.559     0.912500        22186        11.43
  104267.775     0.925000        22545        13.33
  104529.919     0.937500        22812        16.00
  104660.991     0.943750        22945        17.78
  104857.599     0.950000        23148        20.00
  104988.671     0.956250        23280        22.86
  105119.743     0.962500        23393        26.67
  105316.351     0.968750        23565        32.00
  105381.887     0.971875        23618        35.56
  105512.959     0.975000        23725        40.00
  105644.031     0.978125        23801        45.71
  105709.567     0.981250        23845        53.33
  105840.639     0.984375        23943        64.00
  105906.175     0.985938        23969        71.11
  105971.711     0.987500        24000        80.00
  106037.247     0.989062        24034        91.43
  106168.319     0.990625        24077       106.67
  106299.391     0.992188        24117       128.00
  106364.927     0.992969        24137       142.22
  106430.463     0.993750        24167       160.00
  106430.463     0.994531        24167       182.86
  106495.999     0.995313        24187       213.33
  106561.535     0.996094        24208       256.00
  106627.071     0.996484        24224       284.44
  106627.071     0.996875        24224       320.00
  106758.143     0.997266        24249       365.71
  106758.143     0.997656        24249       426.67
  106823.679     0.998047        24259       512.00
  106823.679     0.998242        24259       568.89
  106889.215     0.998437        24271       640.00
  106889.215     0.998633        24271       731.43
  106889.215     0.998828        24271       853.33
  106954.751     0.999023        24280      1024.00
  106954.751     0.999121        24280      1137.78
  107020.287     0.999219        24284      1280.00
  107020.287     0.999316        24284      1462.86
  107085.823     0.999414        24293      1706.67
  107085.823     0.999512        24293      2048.00
  107085.823     0.999561        24293      2275.56
  107085.823     0.999609        24293      2560.00
  107085.823     0.999658        24293      2925.71
  107085.823     0.999707        24293      3413.33
  107151.359     0.999756        24298      4096.00
  107151.359     0.999780        24298      4551.11
  107151.359     0.999805        24298      5120.00
  107151.359     0.999829        24298      5851.43
  107151.359     0.999854        24298      6826.67
  107151.359     0.999878        24298      8192.00
  107151.359     0.999890        24298      9102.22
  107151.359     0.999902        24298     10240.00
  107151.359     0.999915        24298     11702.86
  107151.359     0.999927        24298     13653.33
  107151.359     0.999939        24298     16384.00
  107151.359     0.999945        24298     18204.44
  107151.359     0.999951        24298     20480.00
  107151.359     0.999957        24298     23405.71
  107216.895     0.999963        24299     27306.67
  107216.895     1.000000        24299          inf
#[Mean    =    82787.445, StdDeviation   =    22066.717]
#[Max     =   107151.360, Total count    =        24299]
#[Buckets =           27, SubBuckets     =         2048]
----------------------------------------------------------
  24351 requests in 15.00m, 317.24MB read
  Socket errors: connect 0, read 0, write 5, timeout 0
Requests/sec:     27.06
Transfer/sec:    360.94KB
