Running 15m test @ http://10.97.65.214:8080/wrk2-api/post/compose
  2 threads and 4 connections
  Thread calibration: mean lat.: 1171.320ms, rate sampling interval: 4243ms
  Thread calibration: mean lat.: 594.257ms, rate sampling interval: 1872ms
  Thread Stats   Avg      Stdev     99%   +/- Stdev
    Latency    31.28s     9.18s   43.45s    85.37%
    Req/Sec     3.56      1.71     8.00     94.30%
  Latency Distribution (HdrHistogram - Recorded Latency)
 50.000%   33.69s 
 75.000%   37.06s 
 90.000%   39.52s 
 99.000%   43.45s 
 99.900%   44.76s 
 99.990%   44.83s 
 99.999%   44.86s 
100.000%   44.86s 

  Detailed Percentile spectrum:
       Value   Percentile   TotalCount 1/(1-Percentile)

      21.967     0.000000            1         1.00
   23379.967     0.100000          656         1.11
   26771.455     0.200000         1313         1.25
   29261.823     0.300000         1970         1.43
   31457.279     0.400000         2622         1.67
   33685.503     0.500000         3284         2.00
   34406.399     0.550000         3614         2.22
   34996.223     0.600000         3942         2.50
   35684.351     0.650000         4269         2.86
   36405.247     0.700000         4590         3.33
   37060.607     0.750000         4924         4.00
   37388.287     0.775000         5089         4.44
   37715.967     0.800000         5248         5.00
   38109.183     0.825000         5420         5.71
   38469.631     0.850000         5579         6.67
   38961.151     0.875000         5744         8.00
   39223.295     0.887500         5817         8.89
   39518.207     0.900000         5902        10.00
   39911.423     0.912500         5984        11.43
   40239.103     0.925000         6065        13.33
   40665.087     0.937500         6148        16.00
   40861.695     0.943750         6197        17.78
   41025.535     0.950000         6229        20.00
   41254.911     0.956250         6273        22.86
   41582.591     0.962500         6312        26.67
   41943.039     0.968750         6351        32.00
   42139.647     0.971875         6371        35.56
   42434.559     0.975000         6391        40.00
   42827.775     0.978125         6416        45.71
   43024.383     0.981250         6435        53.33
   43155.455     0.984375         6454        64.00
   43253.759     0.985938         6466        71.11
   43319.295     0.987500         6475        80.00
   43384.831     0.989062         6484        91.43
   43515.903     0.990625         6494       106.67
   43614.207     0.992188         6503       128.00
   43712.511     0.992969         6511       142.22
   43745.279     0.993750         6514       160.00
   43810.815     0.994531         6520       182.86
   43909.119     0.995313         6524       213.33
   44204.031     0.996094         6529       256.00
   44302.335     0.996484         6531       284.44
   44400.639     0.996875         6534       320.00
   44466.175     0.997266         6538       365.71
   44498.943     0.997656         6539       426.67
   44531.711     0.998047         6542       512.00
   44597.247     0.998242         6544       568.89
   44597.247     0.998437         6544       640.00
   44728.319     0.998633         6546       731.43
   44761.087     0.998828         6550       853.33
   44761.087     0.999023         6550      1024.00
   44761.087     0.999121         6550      1137.78
   44761.087     0.999219         6550      1280.00
   44761.087     0.999316         6550      1462.86
   44793.855     0.999414         6551      1706.67
   44793.855     0.999512         6551      2048.00
   44826.623     0.999561         6553      2275.56
   44826.623     0.999609         6553      2560.00
   44826.623     0.999658         6553      2925.71
   44826.623     0.999707         6553      3413.33
   44826.623     0.999756         6553      4096.00
   44826.623     0.999780         6553      4551.11
   44826.623     0.999805         6553      5120.00
   44826.623     0.999829         6553      5851.43
   44859.391     0.999854         6554      6826.67
   44859.391     1.000000         6554          inf
#[Mean    =    31275.672, StdDeviation   =     9184.472]
#[Max     =    44826.624, Total count    =         6554]
#[Buckets =           27, SubBuckets     =         2048]
----------------------------------------------------------
  6658 requests in 15.00m, 1.37MB read
  Socket errors: connect 0, read 0, write 4, timeout 396
Requests/sec:      7.40
Transfer/sec:      1.55KB
