Running 15m test @ http://10.97.65.214:8080/wrk2-api/post/compose
  2 threads and 4 connections
  Thread calibration: mean lat.: 3928.404ms, rate sampling interval: 12132ms
  Thread calibration: mean lat.: 7333.888ms, rate sampling interval: 17612ms
  Thread Stats   Avg      Stdev     99%   +/- Stdev
    Latency     1.13m    23.77s    1.75m    69.11%
    Req/Sec    27.40      6.10    33.00     88.62%
  Latency Distribution (HdrHistogram - Recorded Latency)
 50.000%   50.56s 
 75.000%    1.48m 
 90.000%    1.68m 
 99.000%    1.75m 
 99.900%    1.80m 
 99.990%    1.81m 
 99.999%    1.82m 
100.000%    1.82m 

  Detailed Percentile spectrum:
       Value   Percentile   TotalCount 1/(1-Percentile)

    6270.975     0.000000            1         1.00
   44859.391     0.100000         4990         1.11
   46137.343     0.200000        10035         1.25
   47284.223     0.300000        14957         1.43
   48627.711     0.400000        19932         1.67
   50561.023     0.500000        24789         2.00
   80084.991     0.550000        27268         2.22
   82771.967     0.600000        29744         2.50
   83820.543     0.650000        32285         2.86
   85196.799     0.700000        34859         3.33
   88670.207     0.750000        37195         4.00
   95617.023     0.775000        38457         4.44
   96796.671     0.800000        39689         5.00
   97714.175     0.825000        40951         5.71
   98828.287     0.850000        42164         6.67
  100007.935     0.875000        43416         8.00
  100466.687     0.887500        44051         8.89
  100859.903     0.900000        44641        10.00
  101318.655     0.912500        45291        11.43
  101974.015     0.925000        45896        13.33
  102629.375     0.937500        46501        16.00
  103022.591     0.943750        46821        17.78
  103350.271     0.950000        47175        20.00
  103612.415     0.956250        47493        22.86
  103809.023     0.962500        47734        26.67
  104071.167     0.968750        48032        32.00
  104202.239     0.971875        48215        35.56
  104333.311     0.975000        48375        40.00
  104464.383     0.978125        48585        45.71
  104529.919     0.981250        48667        53.33
  104660.991     0.984375        48808        64.00
  104792.063     0.985938        48920        71.11
  104857.599     0.987500        48966        80.00
  104988.671     0.989062        49033        91.43
  105185.279     0.990625        49121       106.67
  106168.319     0.992188        49186       128.00
  106495.999     0.992969        49231       142.22
  106692.607     0.993750        49274       160.00
  106823.679     0.994531        49310       182.86
  107020.287     0.995313        49346       213.33
  107216.895     0.996094        49385       256.00
  107347.967     0.996484        49406       284.44
  107479.039     0.996875        49434       320.00
  107544.575     0.997266        49443       365.71
  107741.183     0.997656        49461       426.67
  107872.255     0.998047        49479       512.00
  107937.791     0.998242        49491       568.89
  108003.327     0.998437        49503       640.00
  108068.863     0.998633        49511       731.43
  108134.399     0.998828        49520       853.33
  108265.471     0.999023        49533      1024.00
  108265.471     0.999121        49533      1137.78
  108331.007     0.999219        49544      1280.00
  108331.007     0.999316        49544      1462.86
  108331.007     0.999414        49544      1706.67
  108396.543     0.999512        49552      2048.00
  108396.543     0.999561        49552      2275.56
  108462.079     0.999609        49555      2560.00
  108527.615     0.999658        49557      2925.71
  108658.687     0.999707        49562      3413.33
  108658.687     0.999756        49562      4096.00
  108724.223     0.999780        49564      4551.11
  108724.223     0.999805        49564      5120.00
  108789.759     0.999829        49565      5851.43
  108855.295     0.999854        49568      6826.67
  108855.295     0.999878        49568      8192.00
  108855.295     0.999890        49568      9102.22
  108920.831     0.999902        49570     10240.00
  108920.831     0.999915        49570     11702.86
  108920.831     0.999927        49570     13653.33
  108920.831     0.999939        49570     16384.00
  108986.367     0.999945        49573     18204.44
  108986.367     1.000000        49573          inf
#[Mean    =    68076.803, StdDeviation   =    23766.080]
#[Max     =   108920.832, Total count    =        49573]
#[Buckets =           27, SubBuckets     =         2048]
----------------------------------------------------------
  49712 requests in 15.00m, 409.95MB read
  Socket errors: connect 0, read 0, write 5, timeout 0
Requests/sec:     55.23
Transfer/sec:    466.42KB
