Running 15m test @ http://10.97.65.214:8080/wrk2-api/post/compose
  2 threads and 4 connections
  Thread calibration: mean lat.: 4574.677ms, rate sampling interval: 14925ms
  Thread calibration: mean lat.: 4036.749ms, rate sampling interval: 10944ms
  Thread Stats   Avg      Stdev     99%   +/- Stdev
    Latency     1.13m    19.08s    1.70m    61.32%
    Req/Sec    13.35      3.60    17.00     91.43%
  Latency Distribution (HdrHistogram - Recorded Latency)
 50.000%    1.01m 
 75.000%    1.34m 
 90.000%    1.60m 
 99.000%    1.70m 
 99.900%    1.76m 
 99.990%    1.77m 
 99.999%    1.77m 
100.000%    1.77m 

  Detailed Percentile spectrum:
       Value   Percentile   TotalCount 1/(1-Percentile)

    5169.151     0.000000            1         1.00
   48201.727     0.100000         2499         1.11
   50298.879     0.200000         4977         1.25
   52658.175     0.300000         7433         1.43
   55869.439     0.400000         9907         1.67
   60588.031     0.500000        12371         2.00
   72286.207     0.550000        13649         2.22
   73793.535     0.600000        14901         2.50
   75104.255     0.650000        16134         2.86
   76873.727     0.700000        17348         3.33
   80281.599     0.750000        18560         4.00
   92405.759     0.775000        19191         4.44
   93978.623     0.800000        19812         5.00
   94699.519     0.825000        20456         5.71
   95223.807     0.850000        21034         6.67
   95748.095     0.875000        21697         8.00
   96010.239     0.887500        22044         8.89
   96206.847     0.900000        22299        10.00
   96534.527     0.912500        22617        11.43
   96862.207     0.925000        22918        13.33
   97386.495     0.937500        23214        16.00
   97714.175     0.943750        23380        17.78
   98107.391     0.950000        23520        20.00
   98435.071     0.956250        23671        22.86
   98828.287     0.962500        23830        26.67
   99483.647     0.968750        23973        32.00
   99942.399     0.971875        24048        35.56
  100401.151     0.975000        24127        40.00
  100663.295     0.978125        24206        45.71
  100925.439     0.981250        24281        53.33
  101187.583     0.984375        24355        64.00
  101318.655     0.985938        24402        71.11
  101449.727     0.987500        24433        80.00
  101777.407     0.989062        24476        91.43
  102498.303     0.990625        24510       106.67
  103022.591     0.992188        24555       128.00
  103153.663     0.992969        24569       142.22
  103546.879     0.993750        24589       160.00
  103743.487     0.994531        24607       182.86
  104136.703     0.995313        24627       213.33
  104333.311     0.996094        24647       256.00
  104464.383     0.996484        24659       284.44
  104529.919     0.996875        24666       320.00
  104660.991     0.997266        24678       365.71
  104792.063     0.997656        24690       426.67
  104857.599     0.998047        24693       512.00
  105054.207     0.998242        24698       568.89
  105185.279     0.998437        24703       640.00
  105250.815     0.998633        24708       731.43
  105316.351     0.998828        24715       853.33
  105381.887     0.999023        24720      1024.00
  105381.887     0.999121        24720      1137.78
  105447.423     0.999219        24724      1280.00
  105578.495     0.999316        24726      1462.86
  105644.031     0.999414        24727      1706.67
  105775.103     0.999512        24729      2048.00
  105840.639     0.999561        24733      2275.56
  105840.639     0.999609        24733      2560.00
  105840.639     0.999658        24733      2925.71
  105906.175     0.999707        24735      3413.33
  105906.175     0.999756        24735      4096.00
  105971.711     0.999780        24737      4551.11
  105971.711     0.999805        24737      5120.00
  105971.711     0.999829        24737      5851.43
  106037.247     0.999854        24739      6826.67
  106037.247     0.999878        24739      8192.00
  106037.247     0.999890        24739      9102.22
  106037.247     0.999902        24739     10240.00
  106037.247     0.999915        24739     11702.86
  106102.783     0.999927        24740     13653.33
  106102.783     0.999939        24740     16384.00
  106102.783     0.999945        24740     18204.44
  106102.783     0.999951        24740     20480.00
  106102.783     0.999957        24740     23405.71
  106233.855     0.999963        24741     27306.67
  106233.855     1.000000        24741          inf
#[Mean    =    68054.060, StdDeviation   =    19076.859]
#[Max     =   106168.320, Total count    =        24741]
#[Buckets =           27, SubBuckets     =         2048]
----------------------------------------------------------
  24792 requests in 15.00m, 308.67MB read
  Socket errors: connect 0, read 0, write 5, timeout 0
Requests/sec:     27.54
Transfer/sec:    351.15KB
