Running 15m test @ http://10.100.18.140:8080/wrk2-api/post/compose
  2 threads and 4 connections
  Thread calibration: mean lat.: 16.656ms, rate sampling interval: 50ms
  Thread calibration: mean lat.: 17.319ms, rate sampling interval: 42ms
  Thread Stats   Avg      Stdev     99%   +/- Stdev
    Latency   644.62ms  561.62ms   2.58s    74.12%
    Req/Sec     3.87      9.37    46.00     84.06%
  Latency Distribution (HdrHistogram - Recorded Latency)
 50.000%  509.18ms
 75.000%  907.78ms
 90.000%    1.39s 
 99.000%    2.58s 
 99.900%    3.63s 
 99.990%    4.04s 
 99.999%    4.31s 
100.000%    4.31s 

  Detailed Percentile spectrum:
       Value   Percentile   TotalCount 1/(1-Percentile)

       9.935     0.000000            1         1.00
      68.351     0.100000          678         1.11
     174.207     0.200000         1355         1.25
     273.407     0.300000         2032         1.43
     388.863     0.400000         2710         1.67
     509.183     0.500000         3386         2.00
     575.999     0.550000         3725         2.22
     646.143     0.600000         4063         2.50
     726.015     0.650000         4402         2.86
     806.911     0.700000         4740         3.33
     907.775     0.750000         5080         4.00
     969.215     0.775000         5251         4.44
    1027.071     0.800000         5417         5.00
    1115.135     0.825000         5591         5.71
    1195.007     0.850000         5758         6.67
    1278.975     0.875000         5926         8.00
    1334.271     0.887500         6010         8.89
    1388.543     0.900000         6096        10.00
    1437.695     0.912500         6180        11.43
    1527.807     0.925000         6265        13.33
    1631.231     0.937500         6348        16.00
    1685.503     0.943750         6391        17.78
    1736.703     0.950000         6433        20.00
    1789.951     0.956250         6475        22.86
    1863.679     0.962500         6519        26.67
    1956.863     0.968750         6560        32.00
    1998.847     0.971875         6581        35.56
    2065.407     0.975000         6603        40.00
    2129.919     0.978125         6623        45.71
    2203.647     0.981250         6645        53.33
    2324.479     0.984375         6666        64.00
    2369.535     0.985938         6676        71.11
    2433.023     0.987500         6687        80.00
    2482.175     0.989062         6697        91.43
    2637.823     0.990625         6708       106.67
    2732.031     0.992188         6719       128.00
    2768.895     0.992969         6724       142.22
    2822.143     0.993750         6730       160.00
    2873.343     0.994531         6734       182.86
    2953.215     0.995313         6740       213.33
    3022.847     0.996094         6745       256.00
    3057.663     0.996484         6748       284.44
    3137.535     0.996875         6750       320.00
    3153.919     0.997266         6753       365.71
    3241.983     0.997656         6756       426.67
    3297.279     0.998047         6758       512.00
    3334.143     0.998242         6760       568.89
    3383.295     0.998437         6761       640.00
    3411.967     0.998633         6762       731.43
    3631.103     0.998828         6764       853.33
    3639.295     0.999023         6765      1024.00
    3844.095     0.999121         6766      1137.78
    3844.095     0.999219         6766      1280.00
    3936.255     0.999316         6767      1462.86
    4007.935     0.999414         6768      1706.67
    4007.935     0.999512         6768      2048.00
    4042.751     0.999561         6770      2275.56
    4042.751     0.999609         6770      2560.00
    4042.751     0.999658         6770      2925.71
    4042.751     0.999707         6770      3413.33
    4042.751     0.999756         6770      4096.00
    4042.751     0.999780         6770      4551.11
    4042.751     0.999805         6770      5120.00
    4042.751     0.999829         6770      5851.43
    4308.991     0.999854         6771      6826.67
    4308.991     1.000000         6771          inf
#[Mean    =      644.620, StdDeviation   =      561.618]
#[Max     =     4304.896, Total count    =         6771]
#[Buckets =           27, SubBuckets     =         2048]
----------------------------------------------------------
  6888 requests in 15.00m, 1.41MB read
  Socket errors: connect 0, read 0, write 5, timeout 405
Requests/sec:      7.65
Transfer/sec:      1.61KB
