Running 15m test @ http://10.100.18.140:8080/wrk2-api/post/compose
  2 threads and 4 connections
  Thread calibration: mean lat.: 31.700ms, rate sampling interval: 94ms
  Thread calibration: mean lat.: 32.264ms, rate sampling interval: 103ms
  Thread Stats   Avg      Stdev     99%   +/- Stdev
    Latency     7.33s    13.22s   35.29s    77.52%
    Req/Sec    14.43     12.23    49.00     58.22%
  Latency Distribution (HdrHistogram - Recorded Latency)
 50.000%  251.26ms
 75.000%  660.99ms
 90.000%   32.03s 
 99.000%   35.29s 
 99.900%   36.31s 
 99.990%   36.77s 
 99.999%   36.86s 
100.000%   36.86s 

  Detailed Percentile spectrum:
       Value   Percentile   TotalCount 1/(1-Percentile)

       4.639     0.000000            1         1.00
      47.679     0.100000         2631         1.11
      89.727     0.200000         5262         1.25
     137.599     0.300000         7895         1.43
     189.951     0.400000        10519         1.67
     251.263     0.500000        13143         2.00
     289.791     0.550000        14460         2.22
     336.127     0.600000        15776         2.50
     395.519     0.650000        17090         2.86
     480.511     0.700000        18405         3.33
     660.991     0.750000        19715         4.00
    1460.223     0.775000        20372         4.44
   29327.359     0.800000        21032         5.00
   30179.327     0.825000        21695         5.71
   31031.295     0.850000        22350         6.67
   31588.351     0.875000        23011         8.00
   31801.343     0.887500        23338         8.89
   32030.719     0.900000        23674        10.00
   32243.711     0.912500        24005        11.43
   32522.239     0.925000        24327        13.33
   32882.687     0.937500        24650        16.00
   33079.295     0.943750        24809        17.78
   33308.671     0.950000        24979        20.00
   33538.047     0.956250        25139        22.86
   33849.343     0.962500        25312        26.67
   34144.255     0.968750        25465        32.00
   34340.863     0.971875        25549        35.56
   34504.703     0.975000        25652        40.00
   34635.775     0.978125        25724        45.71
   34799.615     0.981250        25812        53.33
   34930.687     0.984375        25880        64.00
   35028.991     0.985938        25927        71.11
   35127.295     0.987500        25967        80.00
   35225.599     0.989062        26005        91.43
   35323.903     0.990625        26041       106.67
   35454.975     0.992188        26088       128.00
   35520.511     0.992969        26105       142.22
   35618.815     0.993750        26136       160.00
   35651.583     0.994531        26151       182.86
   35717.119     0.995313        26167       213.33
   35782.655     0.996094        26192       256.00
   35815.423     0.996484        26200       284.44
   35848.191     0.996875        26207       320.00
   35913.727     0.997266        26224       365.71
   35946.495     0.997656        26228       426.67
   36012.031     0.998047        26238       512.00
   36044.799     0.998242        26242       568.89
   36110.335     0.998437        26247       640.00
   36143.103     0.998633        26252       731.43
   36175.871     0.998828        26256       853.33
   36306.943     0.999023        26261      1024.00
   36339.711     0.999121        26263      1137.78
   36438.015     0.999219        26268      1280.00
   36470.783     0.999316        26270      1462.86
   36536.319     0.999414        26271      1706.67
   36601.855     0.999512        26276      2048.00
   36601.855     0.999561        26276      2275.56
   36601.855     0.999609        26276      2560.00
   36667.391     0.999658        26279      2925.71
   36667.391     0.999707        26279      3413.33
   36700.159     0.999756        26281      4096.00
   36700.159     0.999780        26281      4551.11
   36700.159     0.999805        26281      5120.00
   36765.695     0.999829        26283      5851.43
   36765.695     0.999854        26283      6826.67
   36765.695     0.999878        26283      8192.00
   36798.463     0.999890        26284      9102.22
   36798.463     0.999902        26284     10240.00
   36798.463     0.999915        26284     11702.86
   36831.231     0.999927        26285     13653.33
   36831.231     0.999939        26285     16384.00
   36831.231     0.999945        26285     18204.44
   36831.231     0.999951        26285     20480.00
   36831.231     0.999957        26285     23405.71
   36863.999     0.999963        26286     27306.67
   36863.999     1.000000        26286          inf
#[Mean    =     7327.952, StdDeviation   =    13218.134]
#[Max     =    36831.232, Total count    =        26286]
#[Buckets =           27, SubBuckets     =         2048]
----------------------------------------------------------
  26613 requests in 15.00m, 346.27MB read
  Socket errors: connect 0, read 0, write 5, timeout 0
Requests/sec:     29.57
Transfer/sec:    393.96KB
