Running 15m test @ http://10.99.191.96:8080/wrk2-api/post/compose
  2 threads and 4 connections
  Thread calibration: mean lat.: 1372.018ms, rate sampling interval: 9289ms
  Thread calibration: mean lat.: 2567.036ms, rate sampling interval: 8871ms
  Thread Stats   Avg      Stdev     99%   +/- Stdev
    Latency     1.02m    23.04s    1.60m    71.20%
    Req/Sec     3.04      1.46     6.00     94.36%
  Latency Distribution (HdrHistogram - Recorded Latency)
 50.000%    1.18m 
 75.000%    1.32m 
 90.000%    1.40m 
 99.000%    1.60m 
 99.900%    1.66m 
 99.990%    1.67m 
 99.999%    1.67m 
100.000%    1.67m 

  Detailed Percentile spectrum:
       Value   Percentile   TotalCount 1/(1-Percentile)

      56.927     0.000000            1         1.00
   35061.759     0.100000          634         1.11
   38535.167     0.200000         1265         1.25
   41615.359     0.300000         1898         1.43
   67436.543     0.400000         2532         1.67
   70975.487     0.500000         3174         2.00
   72482.815     0.550000         3478         2.22
   73990.143     0.600000         3795         2.50
   75694.079     0.650000         4123         2.86
   77856.767     0.700000         4426         3.33
   79429.631     0.750000         4748         4.00
   80281.599     0.775000         4910         4.44
   81002.495     0.800000         5068         5.00
   81854.463     0.825000         5219         5.71
   82640.895     0.850000         5386         6.67
   83361.791     0.875000         5539         8.00
   83820.543     0.887500         5630         8.89
   84213.759     0.900000         5690        10.00
   84803.583     0.912500         5777        11.43
   85262.335     0.925000         5848        13.33
   85983.231     0.937500         5927        16.00
   86441.983     0.943750         5970        17.78
   86966.271     0.950000         6006        20.00
   87556.095     0.956250         6049        22.86
   88735.743     0.962500         6086        26.67
   90046.463     0.968750         6125        32.00
   90767.359     0.971875         6146        35.56
   91226.111     0.975000         6164        40.00
   91947.007     0.978125         6185        45.71
   92667.903     0.981250         6206        53.33
   93192.191     0.984375         6227        64.00
   93388.799     0.985938         6234        71.11
   94437.375     0.987500         6244        80.00
   95485.951     0.989062         6254        91.43
   95944.703     0.990625         6263       106.67
   96600.063     0.992188         6275       128.00
   96665.599     0.992969         6278       142.22
   97058.815     0.993750         6285       160.00
   97320.959     0.994531         6289       182.86
   97517.567     0.995313         6293       213.33
   98435.071     0.996094         6298       256.00
   98500.607     0.996484         6301       284.44
   98566.143     0.996875         6303       320.00
   98631.679     0.997266         6305       365.71
   98828.287     0.997656         6308       426.67
   98959.359     0.998047         6310       512.00
   99024.895     0.998242         6311       568.89
   99418.111     0.998437         6313       640.00
   99614.719     0.998633         6315       731.43
   99614.719     0.998828         6315       853.33
   99680.255     0.999023         6316      1024.00
   99745.791     0.999121         6317      1137.78
   99876.863     0.999219         6318      1280.00
   99876.863     0.999316         6318      1462.86
   99942.399     0.999414         6319      1706.67
   99942.399     0.999512         6319      2048.00
  100007.935     0.999561         6321      2275.56
  100007.935     0.999609         6321      2560.00
  100007.935     0.999658         6321      2925.71
  100007.935     0.999707         6321      3413.33
  100007.935     0.999756         6321      4096.00
  100007.935     0.999780         6321      4551.11
  100007.935     0.999805         6321      5120.00
  100007.935     0.999829         6321      5851.43
  100270.079     0.999854         6322      6826.67
  100270.079     1.000000         6322          inf
#[Mean    =    60950.822, StdDeviation   =    23040.214]
#[Max     =   100204.544, Total count    =         6322]
#[Buckets =           27, SubBuckets     =         2048]
----------------------------------------------------------
  6397 requests in 15.00m, 1.31MB read
  Socket errors: connect 0, read 0, write 4, timeout 400
Requests/sec:      7.11
Transfer/sec:      1.49KB
