Running 15m test @ http://10.99.191.96:8080/wrk2-api/post/compose
  2 threads and 4 connections
  Thread calibration: mean lat.: 4287.930ms, rate sampling interval: 12492ms
  Thread calibration: mean lat.: 3936.519ms, rate sampling interval: 12804ms
  Thread Stats   Avg      Stdev     99%   +/- Stdev
    Latency     1.45m    26.05s    1.83m    73.19%
    Req/Sec    26.71      7.94    33.00     88.57%
  Latency Distribution (HdrHistogram - Recorded Latency)
 50.000%    1.68m 
 75.000%    1.74m 
 90.000%    1.78m 
 99.000%    1.83m 
 99.900%    1.85m 
 99.990%    1.85m 
 99.999%    1.86m 
100.000%    1.86m 

  Detailed Percentile spectrum:
       Value   Percentile   TotalCount 1/(1-Percentile)

    6995.967     0.000000            1         1.00
   44531.711     0.100000         4876         1.11
   45875.199     0.200000         9738         1.25
   95485.951     0.300000        14564         1.43
   98697.215     0.400000        19485         1.67
  100532.223     0.500000        24230         2.00
  101711.871     0.550000        26677         2.22
  102629.375     0.600000        29059         2.50
  103350.271     0.650000        31706         2.86
  103874.559     0.700000        33929         3.33
  104529.919     0.750000        36527         4.00
  104792.063     0.775000        37544         4.44
  105185.279     0.800000        38795         5.00
  105578.495     0.825000        40057         5.71
  105971.711     0.850000        41282         6.67
  106364.927     0.875000        42592         8.00
  106495.999     0.887500        43050         8.89
  106692.607     0.900000        43749        10.00
  106823.679     0.912500        44180        11.43
  107085.823     0.925000        44855        13.33
  107413.503     0.937500        45523        16.00
  107544.575     0.943750        45768        17.78
  107675.647     0.950000        46017        20.00
  107937.791     0.956250        46372        22.86
  108134.399     0.962500        46614        26.67
  108462.079     0.968750        46916        32.00
  108658.687     0.971875        47066        35.56
  108855.295     0.975000        47240        40.00
  108986.367     0.978125        47359        45.71
  109182.975     0.981250        47520        53.33
  109445.119     0.984375        47675        64.00
  109576.191     0.985938        47757        71.11
  109707.263     0.987500        47852        80.00
  109772.799     0.989062        47887        91.43
  109969.407     0.990625        47984       106.67
  110100.479     0.992188        48038       128.00
  110297.087     0.992969        48086       142.22
  110362.623     0.993750        48112       160.00
  110428.159     0.994531        48158       182.86
  110493.695     0.995313        48189       213.33
  110624.767     0.996094        48242       256.00
  110690.303     0.996484        48278       284.44
  110690.303     0.996875        48278       320.00
  110755.839     0.997266        48316       365.71
  110755.839     0.997656        48316       426.67
  110821.375     0.998047        48350       512.00
  110821.375     0.998242        48350       568.89
  110821.375     0.998437        48350       640.00
  110821.375     0.998633        48350       731.43
  110886.911     0.998828        48381       853.33
  110886.911     0.999023        48381      1024.00
  110886.911     0.999121        48381      1137.78
  110886.911     0.999219        48381      1280.00
  110886.911     0.999316        48381      1462.86
  110952.447     0.999414        48393      1706.67
  110952.447     0.999512        48393      2048.00
  110952.447     0.999561        48393      2275.56
  111017.983     0.999609        48399      2560.00
  111017.983     0.999658        48399      2925.71
  111017.983     0.999707        48399      3413.33
  111149.055     0.999756        48403      4096.00
  111149.055     0.999780        48403      4551.11
  111214.591     0.999805        48406      5120.00
  111214.591     0.999829        48406      5851.43
  111214.591     0.999854        48406      6826.67
  111280.127     0.999878        48408      8192.00
  111280.127     0.999890        48408      9102.22
  111345.663     0.999902        48410     10240.00
  111345.663     0.999915        48410     11702.86
  111345.663     0.999927        48410     13653.33
  111411.199     0.999939        48412     16384.00
  111411.199     0.999945        48412     18204.44
  111411.199     0.999951        48412     20480.00
  111411.199     0.999957        48412     23405.71
  111411.199     0.999963        48412     27306.67
  111411.199     0.999969        48412     32768.00
  111411.199     0.999973        48412     36408.89
  111411.199     0.999976        48412     40960.00
  111411.199     0.999979        48412     46811.43
  111476.735     0.999982        48413     54613.33
  111476.735     1.000000        48413          inf
#[Mean    =    86924.138, StdDeviation   =    26051.394]
#[Max     =   111411.200, Total count    =        48413]
#[Buckets =           27, SubBuckets     =         2048]
----------------------------------------------------------
  48588 requests in 15.00m, 385.47MB read
  Socket errors: connect 0, read 0, write 6, timeout 0
Requests/sec:     53.98
Transfer/sec:    438.56KB
