Running 15m test @ http://10.99.191.96:8080/wrk2-api/post/compose
  2 threads and 4 connections
  Thread calibration: mean lat.: 4916.693ms, rate sampling interval: 14704ms
  Thread calibration: mean lat.: 4554.825ms, rate sampling interval: 14458ms
  Thread Stats   Avg      Stdev     99%   +/- Stdev
    Latency     1.43m    22.12s    1.88m    65.54%
    Req/Sec    13.09      3.87    16.00     88.43%
  Latency Distribution (HdrHistogram - Recorded Latency)
 50.000%    1.56m 
 75.000%    1.73m 
 90.000%    1.78m 
 99.000%    1.88m 
 99.900%    1.90m 
 99.990%    1.92m 
 99.999%    1.92m 
100.000%    1.92m 

  Detailed Percentile spectrum:
       Value   Percentile   TotalCount 1/(1-Percentile)

    7938.047     0.000000            1         1.00
   52133.887     0.100000         2436         1.11
   54099.967     0.200000         4883         1.25
   81657.855     0.300000         7281         1.43
   86310.911     0.400000         9689         1.67
   93650.943     0.500000        12117         2.00
   98697.215     0.550000        13325         2.22
  100728.831     0.600000        14535         2.50
  101842.943     0.650000        15797         2.86
  102760.447     0.700000        16965         3.33
  103809.023     0.750000        18185         4.00
  104202.239     0.775000        18783         4.44
  104660.991     0.800000        19458         5.00
  105119.743     0.825000        19979         5.71
  105644.031     0.850000        20602         6.67
  106233.855     0.875000        21227         8.00
  106561.535     0.887500        21528         8.89
  106954.751     0.900000        21828        10.00
  107413.503     0.912500        22105        11.43
  107937.791     0.925000        22411        13.33
  108462.079     0.937500        22730        16.00
  108855.295     0.943750        22868        17.78
  109314.047     0.950000        23034        20.00
  109641.727     0.956250        23168        22.86
  110362.623     0.962500        23314        26.67
  110821.375     0.968750        23469        32.00
  111083.519     0.971875        23556        35.56
  111345.663     0.975000        23612        40.00
  111738.879     0.978125        23694        45.71
  112001.023     0.981250        23765        53.33
  112197.631     0.984375        23840        64.00
  112328.703     0.985938        23877        71.11
  112525.311     0.987500        23923        80.00
  112656.383     0.989062        23963        91.43
  112787.455     0.990625        24002       106.67
  112918.527     0.992188        24044       128.00
  112918.527     0.992969        24044       142.22
  113049.599     0.993750        24074       160.00
  113115.135     0.994531        24086       182.86
  113246.207     0.995313        24108       213.33
  113311.743     0.996094        24122       256.00
  113377.279     0.996484        24137       284.44
  113442.815     0.996875        24157       320.00
  113442.815     0.997266        24157       365.71
  113508.351     0.997656        24168       426.67
  113508.351     0.998047        24168       512.00
  113573.887     0.998242        24175       568.89
  113639.423     0.998437        24181       640.00
  113639.423     0.998633        24181       731.43
  113704.959     0.998828        24188       853.33
  113901.567     0.999023        24192      1024.00
  113967.103     0.999121        24193      1137.78
  114491.391     0.999219        24197      1280.00
  114556.927     0.999316        24199      1462.86
  114622.463     0.999414        24201      1706.67
  114687.999     0.999512        24205      2048.00
  114687.999     0.999561        24205      2275.56
  114687.999     0.999609        24205      2560.00
  114753.535     0.999658        24206      2925.71
  114819.071     0.999707        24209      3413.33
  114819.071     0.999756        24209      4096.00
  114819.071     0.999780        24209      4551.11
  114884.607     0.999805        24211      5120.00
  114884.607     0.999829        24211      5851.43
  114884.607     0.999854        24211      6826.67
  114950.143     0.999878        24212      8192.00
  114950.143     0.999890        24212      9102.22
  114950.143     0.999902        24212     10240.00
  114950.143     0.999915        24212     11702.86
  115015.679     0.999927        24213     13653.33
  115015.679     0.999939        24213     16384.00
  115015.679     0.999945        24213     18204.44
  115015.679     0.999951        24213     20480.00
  115015.679     0.999957        24213     23405.71
  115081.215     0.999963        24214     27306.67
  115081.215     1.000000        24214          inf
#[Mean    =    85765.367, StdDeviation   =    22118.007]
#[Max     =   115015.680, Total count    =        24214]
#[Buckets =           27, SubBuckets     =         2048]
----------------------------------------------------------
  24260 requests in 15.00m, 313.96MB read
  Socket errors: connect 0, read 0, write 5, timeout 0
Requests/sec:     26.95
Transfer/sec:    357.20KB
