Running 15m test @ http://10.102.21.234:8080/wrk2-api/post/compose
  2 threads and 4 connections
  Thread calibration: mean lat.: 702.167ms, rate sampling interval: 4206ms
  Thread calibration: mean lat.: 2838.124ms, rate sampling interval: 8437ms
  Thread Stats   Avg      Stdev     99%   +/- Stdev
    Latency     0.97m    25.98s    1.78m    64.35%
    Req/Sec     4.11      1.46     7.00     90.82%
  Latency Distribution (HdrHistogram - Recorded Latency)
 50.000%    0.91m 
 75.000%    1.27m 
 90.000%    1.58m 
 99.000%    1.78m 
 99.900%    1.89m 
 99.990%    1.89m 
 99.999%    1.90m 
100.000%    1.90m 

  Detailed Percentile spectrum:
       Value   Percentile   TotalCount 1/(1-Percentile)

      13.575     0.000000            1         1.00
   30359.551     0.100000          830         1.11
   34635.775     0.200000         1655         1.25
   41713.663     0.300000         2487         1.43
   47972.351     0.400000         3317         1.67
   54427.647     0.500000         4142         2.00
   63438.847     0.550000         4553         2.22
   66879.487     0.600000         4966         2.50
   70123.519     0.650000         5386         2.86
   72286.207     0.700000         5802         3.33
   75956.223     0.750000         6209         4.00
   82313.215     0.775000         6416         4.44
   85590.015     0.800000         6621         5.00
   88539.135     0.825000         6829         5.71
   91357.183     0.850000         7036         6.67
   93257.727     0.875000         7244         8.00
   94044.159     0.887500         7349         8.89
   94961.663     0.900000         7458        10.00
   96206.847     0.912500         7557        11.43
   97124.351     0.925000         7661        13.33
   98238.463     0.937500         7759        16.00
   98893.823     0.943750         7813        17.78
   99287.039     0.950000         7863        20.00
   99811.327     0.956250         7916        22.86
  100532.223     0.962500         7967        26.67
  101580.799     0.968750         8018        32.00
  102170.623     0.971875         8043        35.56
  104333.311     0.975000         8069        40.00
  105316.351     0.978125         8094        45.71
  105906.175     0.981250         8122        53.33
  106299.391     0.984375         8147        64.00
  106430.463     0.985938         8159        71.11
  106758.143     0.987500         8172        80.00
  106954.751     0.989062         8187        91.43
  107282.431     0.990625         8199       106.67
  107544.575     0.992188         8212       128.00
  107806.719     0.992969         8217       142.22
  108462.079     0.993750         8224       160.00
  109314.047     0.994531         8230       182.86
  110166.015     0.995313         8238       213.33
  110690.303     0.996094         8243       256.00
  111214.591     0.996484         8246       284.44
  111607.807     0.996875         8250       320.00
  112132.095     0.997266         8253       365.71
  112394.239     0.997656         8256       426.67
  112590.847     0.998047         8260       512.00
  112656.383     0.998242         8261       568.89
  112787.455     0.998437         8263       640.00
  113049.599     0.998633         8264       731.43
  113311.743     0.998828         8268       853.33
  113311.743     0.999023         8268      1024.00
  113311.743     0.999121         8268      1137.78
  113377.279     0.999219         8270      1280.00
  113377.279     0.999316         8270      1462.86
  113508.351     0.999414         8272      1706.67
  113508.351     0.999512         8272      2048.00
  113508.351     0.999561         8272      2275.56
  113508.351     0.999609         8272      2560.00
  113573.887     0.999658         8273      2925.71
  113573.887     0.999707         8273      3413.33
  113573.887     0.999756         8273      4096.00
  113639.423     0.999780         8274      4551.11
  113639.423     0.999805         8274      5120.00
  113639.423     0.999829         8274      5851.43
  113639.423     0.999854         8274      6826.67
  113639.423     0.999878         8274      8192.00
  113836.031     0.999890         8275      9102.22
  113836.031     1.000000         8275          inf
#[Mean    =    58259.684, StdDeviation   =    25979.315]
#[Max     =   113770.496, Total count    =         8275]
#[Buckets =           27, SubBuckets     =         2048]
----------------------------------------------------------
  8347 requests in 15.00m, 1.71MB read
  Socket errors: connect 0, read 0, write 5, timeout 25
Requests/sec:      9.27
Transfer/sec:      1.95KB
