Running 15m test @ http://10.102.21.234:8080/wrk2-api/post/compose
  2 threads and 4 connections
  Thread calibration: mean lat.: 5036.550ms, rate sampling interval: 15523ms
  Thread calibration: mean lat.: 5379.514ms, rate sampling interval: 17235ms
  Thread Stats   Avg      Stdev     99%   +/- Stdev
    Latency     1.78m     8.03s    1.96m    91.20%
    Req/Sec    26.08      9.01    32.00     87.96%
  Latency Distribution (HdrHistogram - Recorded Latency)
 50.000%    1.79m 
 75.000%    1.84m 
 90.000%    1.90m 
 99.000%    1.96m 
 99.900%    1.98m 
 99.990%    1.98m 
 99.999%    1.98m 
100.000%    1.98m 

  Detailed Percentile spectrum:
       Value   Percentile   TotalCount 1/(1-Percentile)

    8773.631     0.000000            1         1.00
  101842.943     0.100000         4809         1.11
  104464.383     0.200000         9536         1.25
  105578.495     0.300000        14529         1.43
  106364.927     0.400000        19010         1.67
  107347.967     0.500000        23857         2.00
  107872.255     0.550000        26136         2.22
  108396.543     0.600000        28512         2.50
  108986.367     0.650000        30872         2.86
  109576.191     0.700000        33192         3.33
  110166.015     0.750000        35623         4.00
  110624.767     0.775000        36829         4.44
  111083.519     0.800000        37996         5.00
  111542.271     0.825000        39092         5.71
  112132.095     0.850000        40340         6.67
  112787.455     0.875000        41483         8.00
  113508.351     0.887500        42087         8.89
  113967.103     0.900000        42705        10.00
  114360.319     0.912500        43236        11.43
  114753.535     0.925000        43905        13.33
  115212.287     0.937500        44426        16.00
  115474.431     0.943750        44697        17.78
  115802.111     0.950000        45033        20.00
  116064.255     0.956250        45307        22.86
  116326.399     0.962500        45582        26.67
  116654.079     0.968750        45886        32.00
  116785.151     0.971875        46031        35.56
  116981.759     0.975000        46208        40.00
  117112.831     0.978125        46320        45.71
  117309.439     0.981250        46468        53.33
  117571.583     0.984375        46647        64.00
  117637.119     0.985938        46727        71.11
  117702.655     0.987500        46803        80.00
  117768.191     0.989062        46880        91.43
  117833.727     0.990625        46936       106.67
  117899.263     0.992188        46999       128.00
  117964.799     0.992969        47030       142.22
  118030.335     0.993750        47055       160.00
  118161.407     0.994531        47099       182.86
  118226.943     0.995313        47126       213.33
  118358.015     0.996094        47175       256.00
  118423.551     0.996484        47205       284.44
  118423.551     0.996875        47205       320.00
  118489.087     0.997266        47241       365.71
  118489.087     0.997656        47241       426.67
  118554.623     0.998047        47272       512.00
  118554.623     0.998242        47272       568.89
  118554.623     0.998437        47272       640.00
  118620.159     0.998633        47301       731.43
  118620.159     0.998828        47301       853.33
  118620.159     0.999023        47301      1024.00
  118620.159     0.999121        47301      1137.78
  118685.695     0.999219        47318      1280.00
  118685.695     0.999316        47318      1462.86
  118685.695     0.999414        47318      1706.67
  118751.231     0.999512        47329      2048.00
  118751.231     0.999561        47329      2275.56
  118751.231     0.999609        47329      2560.00
  118751.231     0.999658        47329      2925.71
  118751.231     0.999707        47329      3413.33
  118816.767     0.999756        47337      4096.00
  118816.767     0.999780        47337      4551.11
  118816.767     0.999805        47337      5120.00
  118816.767     0.999829        47337      5851.43
  118816.767     0.999854        47337      6826.67
  118816.767     0.999878        47337      8192.00
  118816.767     0.999890        47337      9102.22
  118882.303     0.999902        47341     10240.00
  118882.303     0.999915        47341     11702.86
  118882.303     0.999927        47341     13653.33
  118882.303     0.999939        47341     16384.00
  118882.303     0.999945        47341     18204.44
  118882.303     0.999951        47341     20480.00
  118882.303     0.999957        47341     23405.71
  118882.303     0.999963        47341     27306.67
  118882.303     0.999969        47341     32768.00
  118882.303     0.999973        47341     36408.89
  118882.303     0.999976        47341     40960.00
  118882.303     0.999979        47341     46811.43
  119013.375     0.999982        47342     54613.33
  119013.375     1.000000        47342          inf
#[Mean    =   106999.228, StdDeviation   =     8034.426]
#[Max     =   118947.840, Total count    =        47342]
#[Buckets =           27, SubBuckets     =         2048]
----------------------------------------------------------
  47406 requests in 15.00m, 416.80MB read
  Socket errors: connect 0, read 0, write 4, timeout 34
Requests/sec:     52.67
Transfer/sec:    474.21KB
