Running 15m test @ http://10.102.21.234:8080/wrk2-api/post/compose
  2 threads and 4 connections
  Thread calibration: mean lat.: 3005.495ms, rate sampling interval: 10420ms
  Thread calibration: mean lat.: 6226.022ms, rate sampling interval: 14843ms
  Thread Stats   Avg      Stdev     99%   +/- Stdev
    Latency     1.42m    31.70s    1.92m    72.74%
    Req/Sec    13.10      3.78    17.00     88.89%
  Latency Distribution (HdrHistogram - Recorded Latency)
 50.000%    1.70m 
 75.000%    1.78m 
 90.000%    1.84m 
 99.000%    1.92m 
 99.900%    1.94m 
 99.990%    1.97m 
 99.999%    1.98m 
100.000%    1.98m 

  Detailed Percentile spectrum:
       Value   Percentile   TotalCount 1/(1-Percentile)

    3264.511     0.000000            1         1.00
   33980.415     0.100000         2420         1.11
   36175.871     0.200000         4838         1.25
   96862.207     0.300000         7258         1.43
   99090.431     0.400000         9710         1.67
  101908.479     0.500000        12133         2.00
  103153.663     0.550000        13322         2.22
  104202.239     0.600000        14579         2.50
  104988.671     0.650000        15793         2.86
  105840.639     0.700000        16936         3.33
  106758.143     0.750000        18171         4.00
  107282.431     0.775000        18800         4.44
  107741.183     0.800000        19420         5.00
  108199.935     0.825000        19993         5.71
  108724.223     0.850000        20618         6.67
  109314.047     0.875000        21175         8.00
  109707.263     0.887500        21493         8.89
  110166.015     0.900000        21776        10.00
  110690.303     0.912500        22086        11.43
  111280.127     0.925000        22388        13.33
  111673.343     0.937500        22701        16.00
  111804.415     0.943750        22833        17.78
  112001.023     0.950000        23021        20.00
  112197.631     0.956250        23140        22.86
  112394.239     0.962500        23278        26.67
  112787.455     0.968750        23434        32.00
  113115.135     0.971875        23505        35.56
  113508.351     0.975000        23587        40.00
  113770.495     0.978125        23671        45.71
  113967.103     0.981250        23745        53.33
  114229.247     0.984375        23806        64.00
  114622.463     0.985938        23845        71.11
  115015.679     0.987500        23886        80.00
  115277.823     0.989062        23936        91.43
  115474.431     0.990625        23975       106.67
  115539.967     0.992188        23994       128.00
  115671.039     0.992969        24021       142.22
  115736.575     0.993750        24040       160.00
  115802.111     0.994531        24051       182.86
  115867.647     0.995313        24069       213.33
  115998.719     0.996094        24099       256.00
  115998.719     0.996484        24099       284.44
  116064.255     0.996875        24114       320.00
  116129.791     0.997266        24121       365.71
  116195.327     0.997656        24129       426.67
  116260.863     0.998047        24137       512.00
  116326.399     0.998242        24143       568.89
  116391.935     0.998437        24150       640.00
  116391.935     0.998633        24150       731.43
  116523.007     0.998828        24157       853.33
  116588.543     0.999023        24162      1024.00
  116588.543     0.999121        24162      1137.78
  116654.079     0.999219        24166      1280.00
  116654.079     0.999316        24166      1462.86
  116981.759     0.999414        24168      1706.67
  117637.119     0.999512        24171      2048.00
  117768.191     0.999561        24173      2275.56
  117768.191     0.999609        24173      2560.00
  117833.727     0.999658        24174      2925.71
  117899.263     0.999707        24175      3413.33
  118292.479     0.999756        24178      4096.00
  118292.479     0.999780        24178      4551.11
  118292.479     0.999805        24178      5120.00
  118292.479     0.999829        24178      5851.43
  118358.015     0.999854        24179      6826.67
  118423.551     0.999878        24180      8192.00
  118423.551     0.999890        24180      9102.22
  118423.551     0.999902        24180     10240.00
  118423.551     0.999915        24180     11702.86
  118489.087     0.999927        24181     13653.33
  118489.087     0.999939        24181     16384.00
  118489.087     0.999945        24181     18204.44
  118489.087     0.999951        24181     20480.00
  118489.087     0.999957        24181     23405.71
  118751.231     0.999963        24182     27306.67
  118751.231     1.000000        24182          inf
#[Mean    =    85319.485, StdDeviation   =    31701.986]
#[Max     =   118685.696, Total count    =        24182]
#[Buckets =           27, SubBuckets     =         2048]
----------------------------------------------------------
  24254 requests in 15.00m, 300.03MB read
  Socket errors: connect 0, read 0, write 4, timeout 0
  Non-2xx or 3xx responses: 1
Requests/sec:     26.95
Transfer/sec:    341.35KB
