Running 15m test @ http://10.96.4.26:8080/wrk2-api/post/compose
  2 threads and 4 connections
  Thread calibration: mean lat.: 1517.218ms, rate sampling interval: 12222ms
  Thread calibration: mean lat.: 2937.449ms, rate sampling interval: 9142ms
  Thread Stats   Avg      Stdev     99%   +/- Stdev
    Latency    47.96s    30.28s    1.38m    69.55%
    Req/Sec     4.25      1.19     6.00     92.31%
  Latency Distribution (HdrHistogram - Recorded Latency)
 50.000%    1.07m 
 75.000%    1.15m 
 90.000%    1.22m 
 99.000%    1.38m 
 99.900%    1.44m 
 99.990%    1.46m 
 99.999%    1.46m 
100.000%    1.46m 

  Detailed Percentile spectrum:
       Value   Percentile   TotalCount 1/(1-Percentile)

      15.535     0.000000            1         1.00
     222.335     0.100000          841         1.11
     591.359     0.200000         1677         1.25
   41123.839     0.300000         2515         1.43
   61177.855     0.400000         3353         1.67
   64487.423     0.500000         4201         2.00
   65437.695     0.550000         4621         2.22
   66387.967     0.600000         5038         2.50
   67239.935     0.650000         5463         2.86
   68026.367     0.700000         5872         3.33
   68747.263     0.750000         6295         4.00
   69140.479     0.775000         6503         4.44
   69599.231     0.800000         6707         5.00
   70254.591     0.825000         6931         5.71
   71106.559     0.850000         7133         6.67
   72024.063     0.875000         7341         8.00
   72548.351     0.887500         7446         8.89
   73334.783     0.900000         7550        10.00
   74055.679     0.912500         7649        11.43
   74907.647     0.925000         7758        13.33
   75497.471     0.937500         7869        16.00
   75759.615     0.943750         7912        17.78
   76087.295     0.950000         7967        20.00
   76414.975     0.956250         8018        22.86
   76873.727     0.962500         8072        26.67
   77201.407     0.968750         8121        32.00
   77529.087     0.971875         8147        35.56
   77791.231     0.975000         8177        40.00
   78446.591     0.978125         8204        45.71
   79233.023     0.981250         8228        53.33
   80150.527     0.984375         8252        64.00
   81068.031     0.985938         8265        71.11
   81657.855     0.987500         8278        80.00
   82182.143     0.989062         8291        91.43
   83099.647     0.990625         8304       106.67
   84279.295     0.992188         8317       128.00
   84541.439     0.992969         8324       142.22
   84738.047     0.993750         8330       160.00
   85196.799     0.994531         8337       182.86
   85458.943     0.995313         8344       213.33
   85786.623     0.996094         8351       256.00
   85917.695     0.996484         8354       284.44
   85983.231     0.996875         8357       320.00
   86048.767     0.997266         8360       365.71
   86179.839     0.997656         8364       426.67
   86310.911     0.998047         8367       512.00
   86376.447     0.998242         8369       568.89
   86376.447     0.998437         8369       640.00
   86441.983     0.998633         8371       731.43
   86507.519     0.998828         8373       853.33
   86638.591     0.999023         8375      1024.00
   86638.591     0.999121         8375      1137.78
   86704.127     0.999219         8376      1280.00
   86769.663     0.999316         8378      1462.86
   86769.663     0.999414         8378      1706.67
   86769.663     0.999512         8378      2048.00
   86900.735     0.999561         8379      2275.56
   86900.735     0.999609         8379      2560.00
   87359.487     0.999658         8380      2925.71
   87359.487     0.999707         8380      3413.33
   87359.487     0.999756         8380      4096.00
   87556.095     0.999780         8381      4551.11
   87556.095     0.999805         8381      5120.00
   87556.095     0.999829         8381      5851.43
   87556.095     0.999854         8381      6826.67
   87556.095     0.999878         8381      8192.00
   87883.775     0.999890         8382      9102.22
   87883.775     1.000000         8382          inf
#[Mean    =    47962.715, StdDeviation   =    30281.551]
#[Max     =    87818.240, Total count    =         8382]
#[Buckets =           27, SubBuckets     =         2048]
----------------------------------------------------------
  8458 requests in 15.00m, 1.73MB read
  Socket errors: connect 0, read 0, write 6, timeout 19
Requests/sec:      9.40
Transfer/sec:      1.97KB
