Running 15m test @ http://10.96.4.26:8080/wrk2-api/post/compose
  2 threads and 4 connections
  Thread calibration: mean lat.: 4756.456ms, rate sampling interval: 15327ms
  Thread calibration: mean lat.: 1224.493ms, rate sampling interval: 4280ms
  Thread Stats   Avg      Stdev     99%   +/- Stdev
    Latency     1.27m    26.35s    1.83m    50.12%
    Req/Sec    26.92      7.63    35.00     88.30%
  Latency Distribution (HdrHistogram - Recorded Latency)
 50.000%    1.12m 
 75.000%    1.69m 
 90.000%    1.78m 
 99.000%    1.83m 
 99.900%    1.85m 
 99.990%    1.86m 
 99.999%    1.86m 
100.000%    1.86m 

  Detailed Percentile spectrum:
       Value   Percentile   TotalCount 1/(1-Percentile)

    2183.167     0.000000            1         1.00
   43909.119     0.100000         4925         1.11
   45481.983     0.200000         9839         1.25
   60948.479     0.300000        14750         1.43
   63242.239     0.400000        19720         1.67
   66912.255     0.500000        24520         2.00
   94699.519     0.550000        26998         2.22
   96403.455     0.600000        29455         2.50
   98172.927     0.650000        31876         2.86
  100335.615     0.700000        34324         3.33
  101449.727     0.750000        36821         4.00
  102367.231     0.775000        38099         4.44
  103153.663     0.800000        39293         5.00
  104005.631     0.825000        40494         5.71
  104792.063     0.850000        41713         6.67
  105512.959     0.875000        42961         8.00
  106037.247     0.887500        43550         8.89
  106627.071     0.900000        44150        10.00
  106954.751     0.912500        44822        11.43
  107282.431     0.925000        45478        13.33
  107610.111     0.937500        46041        16.00
  107872.255     0.943750        46331        17.78
  108068.863     0.950000        46626        20.00
  108265.471     0.956250        46904        22.86
  108527.615     0.962500        47224        26.67
  108920.831     0.968750        47548        32.00
  109051.903     0.971875        47696        35.56
  109182.975     0.975000        47852        40.00
  109314.047     0.978125        47976        45.71
  109510.655     0.981250        48114        53.33
  109707.263     0.984375        48265        64.00
  109772.799     0.985938        48333        71.11
  109903.871     0.987500        48456        80.00
  109969.407     0.989062        48502        91.43
  110100.479     0.990625        48578       106.67
  110231.551     0.992188        48677       128.00
  110231.551     0.992969        48677       142.22
  110297.087     0.993750        48724       160.00
  110362.623     0.994531        48782       182.86
  110428.159     0.995313        48818       213.33
  110493.695     0.996094        48853       256.00
  110493.695     0.996484        48853       284.44
  110559.231     0.996875        48874       320.00
  110624.767     0.997266        48895       365.71
  110690.303     0.997656        48912       426.67
  110755.839     0.998047        48930       512.00
  110821.375     0.998242        48946       568.89
  110821.375     0.998437        48946       640.00
  110886.911     0.998633        48963       731.43
  110952.447     0.998828        48972       853.33
  111017.983     0.999023        48982      1024.00
  111017.983     0.999121        48982      1137.78
  111083.519     0.999219        48989      1280.00
  111083.519     0.999316        48989      1462.86
  111149.055     0.999414        48998      1706.67
  111149.055     0.999512        48998      2048.00
  111214.591     0.999561        49002      2275.56
  111214.591     0.999609        49002      2560.00
  111280.127     0.999658        49008      2925.71
  111280.127     0.999707        49008      3413.33
  111345.663     0.999756        49014      4096.00
  111345.663     0.999780        49014      4551.11
  111345.663     0.999805        49014      5120.00
  111345.663     0.999829        49014      5851.43
  111345.663     0.999854        49014      6826.67
  111411.199     0.999878        49017      8192.00
  111411.199     0.999890        49017      9102.22
  111411.199     0.999902        49017     10240.00
  111411.199     0.999915        49017     11702.86
  111476.735     0.999927        49021     13653.33
  111476.735     1.000000        49021          inf
#[Mean    =    76029.840, StdDeviation   =    26347.365]
#[Max     =   111411.200, Total count    =        49021]
#[Buckets =           27, SubBuckets     =         2048]
----------------------------------------------------------
  49204 requests in 15.00m, 428.08MB read
  Socket errors: connect 0, read 0, write 4, timeout 18
Requests/sec:     54.67
Transfer/sec:    487.03KB
