Running 15m test @ http://10.96.4.26:8080/wrk2-api/post/compose
  2 threads and 4 connections
  Thread calibration: mean lat.: 4309.280ms, rate sampling interval: 13729ms
  Thread calibration: mean lat.: 4468.850ms, rate sampling interval: 14032ms
  Thread Stats   Avg      Stdev     99%   +/- Stdev
    Latency     1.36m    23.52s    1.72m    72.09%
    Req/Sec    13.17      3.74    17.00     90.55%
  Latency Distribution (HdrHistogram - Recorded Latency)
 50.000%    1.57m 
 75.000%    1.62m 
 90.000%    1.67m 
 99.000%    1.72m 
 99.900%    1.75m 
 99.990%    1.77m 
 99.999%    1.77m 
100.000%    1.77m 

  Detailed Percentile spectrum:
       Value   Percentile   TotalCount 1/(1-Percentile)

    7950.335     0.000000            1         1.00
   43909.119     0.100000         2464         1.11
   46170.111     0.200000         4866         1.25
   88014.847     0.300000         7301         1.43
   92471.295     0.400000         9780         1.67
   94437.375     0.500000        12213         2.00
   95092.735     0.550000        13403         2.22
   95748.095     0.600000        14692         2.50
   96337.919     0.650000        15897         2.86
   96862.207     0.700000        17038         3.33
   97452.031     0.750000        18254         4.00
   97779.711     0.775000        18881         4.44
   98172.927     0.800000        19473         5.00
   98566.143     0.825000        20102         5.71
   99090.431     0.850000        20734         6.67
   99614.719     0.875000        21312         8.00
   99876.863     0.887500        21676         8.89
  100073.471     0.900000        21949        10.00
  100270.079     0.912500        22215        11.43
  100466.687     0.925000        22504        13.33
  100794.367     0.937500        22862        16.00
  100925.439     0.943750        22990        17.78
  101056.511     0.950000        23115        20.00
  101253.119     0.956250        23324        22.86
  101384.191     0.962500        23425        26.67
  101580.799     0.968750        23562        32.00
  101777.407     0.971875        23656        35.56
  101908.479     0.975000        23743        40.00
  102039.551     0.978125        23822        45.71
  102170.623     0.981250        23899        53.33
  102301.695     0.984375        23942        64.00
  102432.767     0.985938        23986        71.11
  102563.839     0.987500        24030        80.00
  102694.911     0.989062        24057        91.43
  103088.127     0.990625        24093       106.67
  103612.415     0.992188        24136       128.00
  103743.487     0.992969        24153       142.22
  104071.167     0.993750        24175       160.00
  104202.239     0.994531        24190       182.86
  104398.847     0.995313        24209       213.33
  104529.919     0.996094        24229       256.00
  104595.455     0.996484        24239       284.44
  104726.527     0.996875        24256       320.00
  104726.527     0.997266        24256       365.71
  104792.063     0.997656        24265       426.67
  104857.599     0.998047        24277       512.00
  104923.135     0.998242        24285       568.89
  104923.135     0.998437        24285       640.00
  104988.671     0.998633        24293       731.43
  104988.671     0.998828        24293       853.33
  105054.207     0.999023        24299      1024.00
  105119.743     0.999121        24301      1137.78
  105185.279     0.999219        24302      1280.00
  105250.815     0.999316        24305      1462.86
  105316.351     0.999414        24311      1706.67
  105316.351     0.999512        24311      2048.00
  105316.351     0.999561        24311      2275.56
  105512.959     0.999609        24313      2560.00
  105512.959     0.999658        24313      2925.71
  105578.495     0.999707        24314      3413.33
  105840.639     0.999756        24317      4096.00
  105840.639     0.999780        24317      4551.11
  105840.639     0.999805        24317      5120.00
  105840.639     0.999829        24317      5851.43
  105906.175     0.999854        24321      6826.67
  105906.175     1.000000        24321          inf
#[Mean    =    81466.593, StdDeviation   =    23524.356]
#[Max     =   105840.640, Total count    =        24321]
#[Buckets =           27, SubBuckets     =         2048]
----------------------------------------------------------
  24387 requests in 15.00m, 301.42MB read
  Socket errors: connect 0, read 0, write 5, timeout 0
Requests/sec:     27.09
Transfer/sec:    342.90KB
