Running 15m test @ http://10.110.213.24:8080/wrk2-api/post/compose
  2 threads and 4 connections
  Thread calibration: mean lat.: 302.571ms, rate sampling interval: 1993ms
  Thread calibration: mean lat.: 1615.930ms, rate sampling interval: 10862ms
  Thread Stats   Avg      Stdev     99%   +/- Stdev
    Latency     8.32s    14.85s   42.57s    76.64%
    Req/Sec     4.64      1.46     8.00     91.46%
  Latency Distribution (HdrHistogram - Recorded Latency)
 50.000%   44.19ms
 75.000%    1.31s 
 90.000%   35.55s 
 99.000%   42.57s 
 99.900%   44.50s 
 99.990%   45.51s 
 99.999%   45.71s 
100.000%   45.71s 

  Detailed Percentile spectrum:
       Value   Percentile   TotalCount 1/(1-Percentile)

       7.519     0.000000            1         1.00
      14.375     0.100000          880         1.11
      16.239     0.200000         1756         1.25
      18.351     0.300000         2639         1.43
      22.031     0.400000         3509         1.67
      44.191     0.500000         4385         2.00
     134.399     0.550000         4824         2.22
     230.783     0.600000         5262         2.50
     354.815     0.650000         5701         2.86
     593.919     0.700000         6139         3.33
    1305.599     0.750000         6578         4.00
   29425.663     0.775000         6797         4.44
   30867.455     0.800000         7016         5.00
   31981.567     0.825000         7236         5.71
   33062.911     0.850000         7458         6.67
   34144.255     0.875000         7675         8.00
   34865.151     0.887500         7788         8.89
   35553.279     0.900000         7896        10.00
   36143.103     0.912500         8005        11.43
   36700.159     0.925000         8115        13.33
   37289.983     0.937500         8225        16.00
   37519.359     0.943750         8277        17.78
   37912.575     0.950000         8339        20.00
   38273.023     0.956250         8387        22.86
   38797.311     0.962500         8444        26.67
   39518.207     0.968750         8496        32.00
   39944.191     0.971875         8525        35.56
   40370.175     0.975000         8553        40.00
   40894.463     0.978125         8580        45.71
   41320.447     0.981250         8607        53.33
   41779.199     0.984375         8634        64.00
   42041.343     0.985938         8650        71.11
   42237.951     0.987500         8662        80.00
   42500.095     0.989062         8678        91.43
   42663.935     0.990625         8688       106.67
   42860.543     0.992188         8703       128.00
   43024.383     0.992969         8709       142.22
   43155.455     0.993750         8716       160.00
   43286.527     0.994531         8725       182.86
   43417.599     0.995313         8731       213.33
   43548.671     0.996094         8738       256.00
   43581.439     0.996484         8742       284.44
   43614.207     0.996875         8743       320.00
   43810.815     0.997266         8747       365.71
   43876.351     0.997656         8750       426.67
   44072.959     0.998047         8753       512.00
   44236.799     0.998242         8756       568.89
   44302.335     0.998437         8758       640.00
   44367.871     0.998633         8760       731.43
   44367.871     0.998828         8760       853.33
   44531.711     0.999023         8763      1024.00
   44531.711     0.999121         8763      1137.78
   44597.247     0.999219         8764      1280.00
   44662.783     0.999316         8767      1462.86
   44662.783     0.999414         8767      1706.67
   44662.783     0.999512         8767      2048.00
   44662.783     0.999561         8767      2275.56
   44662.783     0.999609         8767      2560.00
   44793.855     0.999658         8768      2925.71
   44793.855     0.999707         8768      3413.33
   44793.855     0.999756         8768      4096.00
   45514.751     0.999780         8769      4551.11
   45514.751     0.999805         8769      5120.00
   45514.751     0.999829         8769      5851.43
   45514.751     0.999854         8769      6826.67
   45514.751     0.999878         8769      8192.00
   45711.359     0.999890         8770      9102.22
   45711.359     1.000000         8770          inf
#[Mean    =     8322.012, StdDeviation   =    14847.702]
#[Max     =    45678.592, Total count    =         8770]
#[Buckets =           27, SubBuckets     =         2048]
----------------------------------------------------------
  8873 requests in 15.00m, 1.82MB read
  Socket errors: connect 0, read 0, write 2, timeout 18
Requests/sec:      9.86
Transfer/sec:      2.07KB
