Running 15m test @ http://10.110.213.24:8080/wrk2-api/post/compose
  2 threads and 4 connections
  Thread calibration: mean lat.: 948.647ms, rate sampling interval: 8822ms
  Thread calibration: mean lat.: 575.854ms, rate sampling interval: 85ms
  Thread Stats   Avg      Stdev     99%   +/- Stdev
    Latency    24.11s    24.64s    0.91m    73.22%
    Req/Sec    28.82     19.60    83.00     80.07%
  Latency Distribution (HdrHistogram - Recorded Latency)
 50.000%  177.92ms
 75.000%   49.32s 
 90.000%    0.87m 
 99.000%    0.91m 
 99.900%    0.95m 
 99.990%    0.95m 
 99.999%    0.95m 
100.000%    0.95m 

  Detailed Percentile spectrum:
       Value   Percentile   TotalCount 1/(1-Percentile)

       0.015     0.000000            1         1.00
       4.527     0.100000         5200         1.11
      11.047     0.200000        10395         1.25
      12.895     0.300000        15606         1.43
      15.839     0.400000        20790         1.67
     177.919     0.500000        25978         2.00
   44564.479     0.550000        28603         2.22
   45842.431     0.600000        31188         2.50
   47054.847     0.650000        33843         2.86
   47906.815     0.700000        36377         3.33
   49315.839     0.750000        39029         4.00
   50003.967     0.775000        40278         4.44
   50462.719     0.800000        41597         5.00
   50987.007     0.825000        42897         5.71
   51412.991     0.850000        44190         6.67
   51740.671     0.875000        45551         8.00
   51904.511     0.887500        46226         8.89
   52068.351     0.900000        46898        10.00
   52199.423     0.912500        47442        11.43
   52363.263     0.925000        48090        13.33
   52625.407     0.937500        48752        16.00
   52789.247     0.943750        49055        17.78
   52985.855     0.950000        49382        20.00
   53149.695     0.956250        49689        22.86
   53411.839     0.962500        50042        26.67
   53641.215     0.968750        50349        32.00
   53739.519     0.971875        50506        35.56
   53903.359     0.975000        50662        40.00
   54067.199     0.978125        50821        45.71
   54231.039     0.981250        50986        53.33
   54394.879     0.984375        51148        64.00
   54460.415     0.985938        51227        71.11
   54558.719     0.987500        51320        80.00
   54657.023     0.989062        51388        91.43
   54820.863     0.990625        51474       106.67
   54951.935     0.992188        51560       128.00
   54984.703     0.992969        51594       142.22
   55050.239     0.993750        51641       160.00
   55148.543     0.994531        51683       182.86
   55312.383     0.995313        51714       213.33
   55705.599     0.996094        51755       256.00
   55836.671     0.996484        51773       284.44
   56229.887     0.996875        51793       320.00
   56360.959     0.997266        51814       365.71
   56459.263     0.997656        51837       426.67
   56623.103     0.998047        51862       512.00
   56655.871     0.998242        51870       568.89
   56688.639     0.998437        51877       640.00
   56721.407     0.998633        51887       731.43
   56754.175     0.998828        51897       853.33
   56819.711     0.999023        51911      1024.00
   56819.711     0.999121        51911      1137.78
   56852.479     0.999219        51918      1280.00
   56885.247     0.999316        51926      1462.86
   56885.247     0.999414        51926      1706.67
   56918.015     0.999512        51932      2048.00
   56950.783     0.999561        51935      2275.56
   56950.783     0.999609        51935      2560.00
   57016.319     0.999658        51940      2925.71
   57016.319     0.999707        51940      3413.33
   57049.087     0.999756        51945      4096.00
   57049.087     0.999780        51945      4551.11
   57049.087     0.999805        51945      5120.00
   57081.855     0.999829        51952      5851.43
   57081.855     0.999854        51952      6826.67
   57081.855     0.999878        51952      8192.00
   57081.855     0.999890        51952      9102.22
   57081.855     0.999902        51952     10240.00
   57081.855     0.999915        51952     11702.86
   57081.855     0.999927        51952     13653.33
   57081.855     0.999939        51952     16384.00
   57114.623     0.999945        51954     18204.44
   57114.623     0.999951        51954     20480.00
   57114.623     0.999957        51954     23405.71
   57114.623     0.999963        51954     27306.67
   57114.623     0.999969        51954     32768.00
   57114.623     0.999973        51954     36408.89
   57114.623     0.999976        51954     40960.00
   57114.623     0.999979        51954     46811.43
   57147.391     0.999982        51955     54613.33
   57147.391     1.000000        51955          inf
#[Mean    =    24113.322, StdDeviation   =    24640.335]
#[Max     =    57114.624, Total count    =        51955]
#[Buckets =           27, SubBuckets     =         2048]
----------------------------------------------------------
  52374 requests in 15.00m, 454.00MB read
  Socket errors: connect 0, read 0, write 2, timeout 0
Requests/sec:     58.19
Transfer/sec:    516.53KB
