Running 15m test @ http://10.110.213.24:8080/wrk2-api/post/compose
  2 threads and 4 connections
  Thread calibration: mean lat.: 4715.840ms, rate sampling interval: 13729ms
  Thread calibration: mean lat.: 36.449ms, rate sampling interval: 99ms
  Thread Stats   Avg      Stdev     99%   +/- Stdev
    Latency    24.84s    25.53s    0.95m    71.54%
    Req/Sec    14.75     12.24    50.00     58.93%
  Latency Distribution (HdrHistogram - Recorded Latency)
 50.000%   85.06ms
 75.000%   50.89s 
 90.000%    0.88m 
 99.000%    0.95m 
 99.900%    0.98m 
 99.990%    0.98m 
 99.999%    0.99m 
100.000%    0.99m 

  Detailed Percentile spectrum:
       Value   Percentile   TotalCount 1/(1-Percentile)

       5.295     0.000000            1         1.00
      14.591     0.100000         2594         1.11
      16.751     0.200000         5184         1.25
      20.095     0.300000         7769         1.43
      25.487     0.400000        10360         1.67
      85.055     0.500000        12948         2.00
   47644.671     0.550000        14261         2.22
   48791.551     0.600000        15588         2.50
   49414.143     0.650000        16882         2.86
   50167.807     0.700000        18152         3.33
   50888.703     0.750000        19430         4.00
   51249.151     0.775000        20069         4.44
   51609.599     0.800000        20746         5.00
   51904.511     0.825000        21397         5.71
   52199.423     0.850000        22013         6.67
   52527.103     0.875000        22684         8.00
   52723.711     0.887500        23038         8.89
   52887.551     0.900000        23313        10.00
   53116.927     0.912500        23670        11.43
   53411.839     0.925000        23979        13.33
   53739.519     0.937500        24289        16.00
   53936.127     0.943750        24461        17.78
   54132.735     0.950000        24615        20.00
   54329.343     0.956250        24782        22.86
   54558.719     0.962500        24934        26.67
   54919.167     0.968750        25088        32.00
   55115.775     0.971875        25175        35.56
   55443.455     0.975000        25255        40.00
   55738.367     0.978125        25331        45.71
   56000.511     0.981250        25411        53.33
   56393.727     0.984375        25497        64.00
   56492.031     0.985938        25534        71.11
   56655.871     0.987500        25573        80.00
   56819.711     0.989062        25617        91.43
   57016.319     0.990625        25657       106.67
   57212.927     0.992188        25701       128.00
   57343.999     0.992969        25715       142.22
   57442.303     0.993750        25735       160.00
   57573.375     0.994531        25758       182.86
   57704.447     0.995313        25778       213.33
   57802.751     0.996094        25799       256.00
   57835.519     0.996484        25805       284.44
   57901.055     0.996875        25815       320.00
   57999.359     0.997266        25827       365.71
   58064.895     0.997656        25835       426.67
   58163.199     0.998047        25846       512.00
   58228.735     0.998242        25850       568.89
   58327.039     0.998437        25858       640.00
   58458.111     0.998633        25863       731.43
   58490.879     0.998828        25867       853.33
   58523.647     0.999023        25871      1024.00
   58556.415     0.999121        25873      1137.78
   58621.951     0.999219        25876      1280.00
   58654.719     0.999316        25882      1462.86
   58654.719     0.999414        25882      1706.67
   58720.255     0.999512        25883      2048.00
   58753.023     0.999561        25886      2275.56
   58753.023     0.999609        25886      2560.00
   58785.791     0.999658        25887      2925.71
   58818.559     0.999707        25890      3413.33
   58818.559     0.999756        25890      4096.00
   58818.559     0.999780        25890      4551.11
   58818.559     0.999805        25890      5120.00
   58851.327     0.999829        25891      5851.43
   59080.703     0.999854        25892      6826.67
   59080.703     0.999878        25892      8192.00
   59113.471     0.999890        25894      9102.22
   59113.471     0.999902        25894     10240.00
   59113.471     0.999915        25894     11702.86
   59113.471     0.999927        25894     13653.33
   59113.471     0.999939        25894     16384.00
   59113.471     0.999945        25894     18204.44
   59113.471     0.999951        25894     20480.00
   59113.471     0.999957        25894     23405.71
   59179.007     0.999963        25895     27306.67
   59179.007     1.000000        25895          inf
#[Mean    =    24838.935, StdDeviation   =    25525.401]
#[Max     =    59146.240, Total count    =        25895]
#[Buckets =           27, SubBuckets     =         2048]
----------------------------------------------------------
  26094 requests in 15.00m, 322.51MB read
  Socket errors: connect 0, read 0, write 2, timeout 0
Requests/sec:     28.99
Transfer/sec:    366.91KB
