Running 15m test @ http://10.107.62.14:8080/wrk2-api/post/compose
  2 threads and 4 connections
  Thread calibration: mean lat.: 88.574ms, rate sampling interval: 479ms
  Thread calibration: mean lat.: 56.331ms, rate sampling interval: 153ms
  Thread Stats   Avg      Stdev     99%   +/- Stdev
    Latency     7.20s    12.28s   35.42s    77.60%
    Req/Sec     4.74      5.20    19.00     85.50%
  Latency Distribution (HdrHistogram - Recorded Latency)
 50.000%  721.41ms
 75.000%    1.97s 
 90.000%   30.11s 
 99.000%   35.42s 
 99.900%   37.13s 
 99.990%   37.85s 
 99.999%   37.91s 
100.000%   37.91s 

  Detailed Percentile spectrum:
       Value   Percentile   TotalCount 1/(1-Percentile)

       9.095     0.000000            1         1.00
     120.831     0.100000          877         1.11
     244.607     0.200000         1754         1.25
     384.511     0.300000         2633         1.43
     531.455     0.400000         3508         1.67
     721.407     0.500000         4384         2.00
     831.487     0.550000         4824         2.22
     965.119     0.600000         5262         2.50
    1143.807     0.650000         5699         2.86
    1421.311     0.700000         6137         3.33
    1972.223     0.750000         6576         4.00
    4145.151     0.775000         6795         4.44
   26001.407     0.800000         7015         5.00
   27279.359     0.825000         7233         5.71
   28213.247     0.850000         7453         6.67
   29196.287     0.875000         7678         8.00
   29589.503     0.887500         7784         8.89
   30146.559     0.900000         7894        10.00
   30752.767     0.912500         8000        11.43
   31424.511     0.925000         8110        13.33
   31948.799     0.937500         8224        16.00
   32276.479     0.943750         8275        17.78
   32604.159     0.950000         8332        20.00
   32849.919     0.956250         8385        22.86
   33161.215     0.962500         8439        26.67
   33554.431     0.968750         8495        32.00
   33718.271     0.971875         8522        35.56
   33980.415     0.975000         8549        40.00
   34340.863     0.978125         8576        45.71
   34570.239     0.981250         8604        53.33
   34766.847     0.984375         8632        64.00
   34963.455     0.985938         8647        71.11
   35127.295     0.987500         8659        80.00
   35323.903     0.989062         8672        91.43
   35520.511     0.990625         8686       106.67
   35749.887     0.992188         8702       128.00
   35848.191     0.992969         8708       142.22
   35946.495     0.993750         8716       160.00
   36044.799     0.994531         8720       182.86
   36208.639     0.995313         8726       213.33
   36438.015     0.996094         8734       256.00
   36536.319     0.996484         8737       284.44
   36601.855     0.996875         8741       320.00
   36634.623     0.997266         8744       365.71
   36667.391     0.997656         8748       426.67
   36732.927     0.998047         8750       512.00
   36798.463     0.998242         8752       568.89
   36896.767     0.998437         8754       640.00
   37027.839     0.998633         8756       731.43
   37126.143     0.998828         8758       853.33
   37191.679     0.999023         8759      1024.00
   37224.447     0.999121         8760      1137.78
   37322.751     0.999219         8763      1280.00
   37322.751     0.999316         8763      1462.86
   37322.751     0.999414         8763      1706.67
   37322.751     0.999512         8763      2048.00
   37355.519     0.999561         8764      2275.56
   37355.519     0.999609         8764      2560.00
   37748.735     0.999658         8765      2925.71
   37748.735     0.999707         8765      3413.33
   37748.735     0.999756         8765      4096.00
   37847.039     0.999780         8766      4551.11
   37847.039     0.999805         8766      5120.00
   37847.039     0.999829         8766      5851.43
   37847.039     0.999854         8766      6826.67
   37847.039     0.999878         8766      8192.00
   37912.575     0.999890         8767      9102.22
   37912.575     1.000000         8767          inf
#[Mean    =     7202.358, StdDeviation   =    12281.549]
#[Max     =    37879.808, Total count    =         8767]
#[Buckets =           27, SubBuckets     =         2048]
----------------------------------------------------------
  8881 requests in 15.00m, 1.82MB read
  Socket errors: connect 0, read 0, write 9, timeout 19
Requests/sec:      9.87
Transfer/sec:      2.07KB
