Running 15m test @ http://10.107.62.14:8080/wrk2-api/post/compose
  2 threads and 4 connections
  Thread calibration: mean lat.: 16.456ms, rate sampling interval: 83ms
  Thread calibration: mean lat.: 13.776ms, rate sampling interval: 66ms
  Thread Stats   Avg      Stdev     99%   +/- Stdev
    Latency    13.25s    14.39s   32.59s    68.65%
    Req/Sec    29.37     20.35    90.00     75.51%
  Latency Distribution (HdrHistogram - Recorded Latency)
 50.000%  237.18ms
 75.000%   28.51s 
 90.000%   30.82s 
 99.000%   32.59s 
 99.900%   33.05s 
 99.990%   33.34s 
 99.999%   33.72s 
100.000%   33.78s 

  Detailed Percentile spectrum:
       Value   Percentile   TotalCount 1/(1-Percentile)

       2.871     0.000000            1         1.00
      28.255     0.100000         5238         1.11
      55.071     0.200000        10471         1.25
      89.535     0.300000        15704         1.43
     138.751     0.400000        20943         1.67
     237.183     0.500000        26172         2.00
   24854.527     0.550000        28802         2.22
   26345.471     0.600000        31453         2.50
   27131.903     0.650000        34053         2.86
   27852.799     0.700000        36704         3.33
   28508.159     0.750000        39323         4.00
   28852.223     0.775000        40578         4.44
   29212.671     0.800000        41902         5.00
   29605.887     0.825000        43204         5.71
   30081.023     0.850000        44504         6.67
   30474.239     0.875000        45838         8.00
   30638.079     0.887500        46502         8.89
   30818.303     0.900000        47173        10.00
   30982.143     0.912500        47795        11.43
   31145.983     0.925000        48427        13.33
   31293.439     0.937500        49102        16.00
   31375.359     0.943750        49415        17.78
   31473.663     0.950000        49775        20.00
   31588.351     0.956250        50055        22.86
   31735.807     0.962500        50404        26.67
   31899.647     0.968750        50710        32.00
   31981.567     0.971875        50870        35.56
   32063.487     0.975000        51055        40.00
   32145.407     0.978125        51202        45.71
   32276.479     0.981250        51380        53.33
   32391.167     0.984375        51541        64.00
   32440.319     0.985938        51618        71.11
   32489.471     0.987500        51690        80.00
   32538.623     0.989062        51772        91.43
   32620.543     0.990625        51870       106.67
   32669.695     0.992188        51947       128.00
   32702.463     0.992969        52000       142.22
   32718.847     0.993750        52022       160.00
   32767.999     0.994531        52068       182.86
   32800.767     0.995313        52103       213.33
   32833.535     0.996094        52138       256.00
   32849.919     0.996484        52158       284.44
   32866.303     0.996875        52181       320.00
   32899.071     0.997266        52205       365.71
   32915.455     0.997656        52220       426.67
   32948.223     0.998047        52241       512.00
   32964.607     0.998242        52251       568.89
   32980.991     0.998437        52261       640.00
   33013.759     0.998633        52280       731.43
   33030.143     0.998828        52286       853.33
   33046.527     0.999023        52293      1024.00
   33062.911     0.999121        52304      1137.78
   33062.911     0.999219        52304      1280.00
   33079.295     0.999316        52308      1462.86
   33112.063     0.999414        52313      1706.67
   33128.447     0.999512        52321      2048.00
   33128.447     0.999561        52321      2275.56
   33144.831     0.999609        52323      2560.00
   33161.215     0.999658        52328      2925.71
   33161.215     0.999707        52328      3413.33
   33193.983     0.999756        52331      4096.00
   33193.983     0.999780        52331      4551.11
   33210.367     0.999805        52333      5120.00
   33259.519     0.999829        52334      5851.43
   33308.671     0.999854        52336      6826.67
   33308.671     0.999878        52336      8192.00
   33341.439     0.999890        52337      9102.22
   33341.439     0.999902        52337     10240.00
   33439.743     0.999915        52338     11702.86
   33685.503     0.999927        52340     13653.33
   33685.503     0.999939        52340     16384.00
   33685.503     0.999945        52340     18204.44
   33685.503     0.999951        52340     20480.00
   33685.503     0.999957        52340     23405.71
   33718.271     0.999963        52341     27306.67
   33718.271     0.999969        52341     32768.00
   33718.271     0.999973        52341     36408.89
   33718.271     0.999976        52341     40960.00
   33718.271     0.999979        52341     46811.43
   33783.807     0.999982        52342     54613.33
   33783.807     1.000000        52342          inf
#[Mean    =    13248.792, StdDeviation   =    14391.063]
#[Max     =    33751.040, Total count    =        52342]
#[Buckets =           27, SubBuckets     =         2048]
----------------------------------------------------------
  52994 requests in 15.00m, 460.38MB read
  Socket errors: connect 0, read 0, write 8, timeout 0
Requests/sec:     58.88
Transfer/sec:    523.79KB
