Running 15m test @ http://10.109.170.205:8080/wrk2-api/post/compose
  2 threads and 4 connections
  Thread calibration: mean lat.: 20.703ms, rate sampling interval: 44ms
  Thread calibration: mean lat.: 17.479ms, rate sampling interval: 41ms
  Thread Stats   Avg      Stdev     99%   +/- Stdev
    Latency   692.58ms  560.17ms   2.56s    74.26%
    Req/Sec     4.95     10.72    46.00     80.83%
  Latency Distribution (HdrHistogram - Recorded Latency)
 50.000%  558.08ms
 75.000%  965.12ms
 90.000%    1.43s 
 99.000%    2.56s 
 99.900%    3.63s 
 99.990%    4.22s 
 99.999%    4.42s 
100.000%    4.42s 

  Detailed Percentile spectrum:
       Value   Percentile   TotalCount 1/(1-Percentile)

      10.103     0.000000            1         1.00
     116.543     0.100000          884         1.11
     221.823     0.200000         1767         1.25
     328.447     0.300000         2651         1.43
     436.991     0.400000         3534         1.67
     558.079     0.500000         4419         2.00
     621.055     0.550000         4864         2.22
     696.319     0.600000         5304         2.50
     776.703     0.650000         5743         2.86
     864.255     0.700000         6187         3.33
     965.119     0.750000         6628         4.00
    1021.951     0.775000         6848         4.44
    1085.439     0.800000         7068         5.00
    1159.167     0.825000         7289         5.71
    1234.943     0.850000         7515         6.67
    1337.343     0.875000         7731         8.00
    1383.423     0.887500         7842         8.89
    1434.623     0.900000         7953        10.00
    1494.015     0.912500         8063        11.43
    1571.839     0.925000         8173        13.33
    1669.119     0.937500         8283        16.00
    1729.535     0.943750         8339        17.78
    1779.711     0.950000         8394        20.00
    1838.079     0.956250         8449        22.86
    1925.119     0.962500         8504        26.67
    2002.943     0.968750         8559        32.00
    2060.287     0.971875         8587        35.56
    2111.487     0.975000         8616        40.00
    2187.263     0.978125         8644        45.71
    2256.895     0.981250         8670        53.33
    2369.535     0.984375         8697        64.00
    2404.351     0.985938         8711        71.11
    2457.599     0.987500         8725        80.00
    2510.847     0.989062         8739        91.43
    2582.527     0.990625         8753       106.67
    2662.399     0.992188         8766       128.00
    2729.983     0.992969         8773       142.22
    2791.423     0.993750         8780       160.00
    2842.623     0.994531         8787       182.86
    2902.015     0.995313         8794       213.33
    2971.647     0.996094         8801       256.00
    3024.895     0.996484         8804       284.44
    3076.095     0.996875         8808       320.00
    3102.719     0.997266         8811       365.71
    3278.847     0.997656         8815       426.67
    3305.471     0.998047         8818       512.00
    3356.671     0.998242         8820       568.89
    3409.919     0.998437         8822       640.00
    3426.303     0.998633         8823       731.43
    3520.511     0.998828         8825       853.33
    3944.447     0.999023         8827      1024.00
    3950.591     0.999121         8828      1137.78
    3954.687     0.999219         8829      1280.00
    3954.687     0.999316         8829      1462.86
    4007.935     0.999414         8830      1706.67
    4009.983     0.999512         8831      2048.00
    4079.615     0.999561         8832      2275.56
    4079.615     0.999609         8832      2560.00
    4079.615     0.999658         8832      2925.71
    4147.199     0.999707         8833      3413.33
    4147.199     0.999756         8833      4096.00
    4218.879     0.999780         8834      4551.11
    4218.879     0.999805         8834      5120.00
    4218.879     0.999829         8834      5851.43
    4218.879     0.999854         8834      6826.67
    4218.879     0.999878         8834      8192.00
    4415.487     0.999890         8835      9102.22
    4415.487     1.000000         8835          inf
#[Mean    =      692.582, StdDeviation   =      560.170]
#[Max     =     4411.392, Total count    =         8835]
#[Buckets =           27, SubBuckets     =         2048]
----------------------------------------------------------
  8952 requests in 15.00m, 1.84MB read
  Socket errors: connect 0, read 0, write 7, timeout 19
Requests/sec:      9.95
Transfer/sec:      2.09KB
