Running 15m test @ http://10.109.170.205:8080/wrk2-api/post/compose
  2 threads and 4 connections
  Thread calibration: mean lat.: 5.519ms, rate sampling interval: 12ms
  Thread calibration: mean lat.: 5.398ms, rate sampling interval: 14ms
  Thread Stats   Avg      Stdev     99%   +/- Stdev
    Latency     6.93s    12.51s   32.64s    77.18%
    Req/Sec    30.65     47.79   181.00     80.80%
  Latency Distribution (HdrHistogram - Recorded Latency)
 50.000%  153.60ms
 75.000%  366.08ms
 90.000%   30.06s 
 99.000%   32.64s 
 99.900%   33.65s 
 99.990%   33.98s 
 99.999%   33.98s 
100.000%   34.01s 

  Detailed Percentile spectrum:
       Value   Percentile   TotalCount 1/(1-Percentile)

       1.994     0.000000            1         1.00
      44.671     0.100000         5275         1.11
      69.887     0.200000        10555         1.25
      94.655     0.300000        15829         1.43
     121.535     0.400000        21098         1.67
     153.599     0.500000        26375         2.00
     173.055     0.550000        29015         2.22
     196.095     0.600000        31652         2.50
     225.535     0.650000        34287         2.86
     268.543     0.700000        36922         3.33
     366.079     0.750000        39560         4.00
   26836.991     0.775000        40881         4.44
   28393.471     0.800000        42216         5.00
   28917.759     0.825000        43542         5.71
   29425.663     0.850000        44844         6.67
   29769.727     0.875000        46152         8.00
   29917.183     0.887500        46831         8.89
   30064.639     0.900000        47539        10.00
   30195.711     0.912500        48130        11.43
   30375.935     0.925000        48819        13.33
   30539.775     0.937500        49486        16.00
   30638.079     0.943750        49794        17.78
   30752.767     0.950000        50138        20.00
   30867.455     0.956250        50467        22.86
   31064.063     0.962500        50791        26.67
   31358.975     0.968750        51107        32.00
   31506.431     0.971875        51264        35.56
   31670.271     0.975000        51443        40.00
   31784.959     0.978125        51614        45.71
   31899.647     0.981250        51761        53.33
   32096.255     0.984375        51922        64.00
   32194.559     0.985938        52012        71.11
   32342.015     0.987500        52089        80.00
   32538.623     0.989062        52175        91.43
   32686.079     0.990625        52251       106.67
   32817.151     0.992188        52343       128.00
   32882.687     0.992969        52381       142.22
   32931.839     0.993750        52421       160.00
   32980.991     0.994531        52460       182.86
   33046.527     0.995313        52498       213.33
   33177.599     0.996094        52544       256.00
   33226.751     0.996484        52565       284.44
   33275.903     0.996875        52587       320.00
   33325.055     0.997266        52604       365.71
   33390.591     0.997656        52627       426.67
   33439.743     0.998047        52644       512.00
   33488.895     0.998242        52656       568.89
   33538.047     0.998437        52665       640.00
   33587.199     0.998633        52679       731.43
   33619.967     0.998828        52686       853.33
   33652.735     0.999023        52696      1024.00
   33685.503     0.999121        52705      1137.78
   33685.503     0.999219        52705      1280.00
   33718.271     0.999316        52709      1462.86
   33816.575     0.999414        52716      1706.67
   33849.343     0.999512        52725      2048.00
   33849.343     0.999561        52725      2275.56
   33849.343     0.999609        52725      2560.00
   33882.111     0.999658        52729      2925.71
   33914.879     0.999707        52734      3413.33
   33914.879     0.999756        52734      4096.00
   33914.879     0.999780        52734      4551.11
   33947.647     0.999805        52738      5120.00
   33947.647     0.999829        52738      5851.43
   33947.647     0.999854        52738      6826.67
   33980.415     0.999878        52744      8192.00
   33980.415     0.999890        52744      9102.22
   33980.415     0.999902        52744     10240.00
   33980.415     0.999915        52744     11702.86
   33980.415     0.999927        52744     13653.33
   33980.415     0.999939        52744     16384.00
   33980.415     0.999945        52744     18204.44
   33980.415     0.999951        52744     20480.00
   33980.415     0.999957        52744     23405.71
   33980.415     0.999963        52744     27306.67
   33980.415     0.999969        52744     32768.00
   33980.415     0.999973        52744     36408.89
   33980.415     0.999976        52744     40960.00
   33980.415     0.999979        52744     46811.43
   34013.183     0.999982        52745     54613.33
   34013.183     1.000000        52745          inf
#[Mean    =     6927.766, StdDeviation   =    12505.410]
#[Max     =    33980.416, Total count    =        52745]
#[Buckets =           27, SubBuckets     =         2048]
----------------------------------------------------------
  53399 requests in 15.00m, 457.52MB read
  Socket errors: connect 0, read 0, write 9, timeout 0
Requests/sec:     59.33
Transfer/sec:    520.54KB
