Running 15m test @ http://10.96.159.22:8080/wrk2-api/post/compose
  2 threads and 4 connections
  Thread calibration: mean lat.: 19.504ms, rate sampling interval: 49ms
  Thread calibration: mean lat.: 17.600ms, rate sampling interval: 49ms
  Thread Stats   Avg      Stdev     99%   +/- Stdev
    Latency   394.25ms  402.45ms   1.82s    86.39%
    Req/Sec     4.89      9.93    41.00     78.35%
  Latency Distribution (HdrHistogram - Recorded Latency)
 50.000%  271.10ms
 75.000%  544.77ms
 90.000%  918.53ms
 99.000%    1.82s 
 99.900%    2.85s 
 99.990%    3.79s 
 99.999%    4.01s 
100.000%    4.01s 

  Detailed Percentile spectrum:
       Value   Percentile   TotalCount 1/(1-Percentile)

       9.959     0.000000            1         1.00
      35.295     0.100000          885         1.11
      79.935     0.200000         1768         1.25
     135.423     0.300000         2652         1.43
     198.911     0.400000         3536         1.67
     271.103     0.500000         4421         2.00
     312.063     0.550000         4862         2.22
     358.911     0.600000         5303         2.50
     413.695     0.650000         5745         2.86
     475.647     0.700000         6190         3.33
     544.767     0.750000         6629         4.00
     589.823     0.775000         6850         4.44
     636.927     0.800000         7071         5.00
     701.951     0.825000         7292         5.71
     759.807     0.850000         7514         6.67
     827.391     0.875000         7735         8.00
     873.471     0.887500         7844         8.89
     919.039     0.900000         7957        10.00
     959.487     0.912500         8066        11.43
    1010.175     0.925000         8176        13.33
    1094.655     0.937500         8286        16.00
    1141.759     0.943750         8341        17.78
    1200.127     0.950000         8398        20.00
    1244.159     0.956250         8454        22.86
    1307.647     0.962500         8507        26.67
    1383.423     0.968750         8562        32.00
    1411.071     0.971875         8590        35.56
    1453.055     0.975000         8618        40.00
    1508.351     0.978125         8646        45.71
    1568.767     0.981250         8674        53.33
    1636.351     0.984375         8700        64.00
    1689.599     0.985938         8714        71.11
    1740.799     0.987500         8728        80.00
    1794.047     0.989062         8742        91.43
    1854.463     0.990625         8756       106.67
    1960.959     0.992188         8769       128.00
    2017.279     0.992969         8776       142.22
    2051.071     0.993750         8783       160.00
    2154.495     0.994531         8791       182.86
    2236.415     0.995313         8797       213.33
    2312.191     0.996094         8804       256.00
    2328.575     0.996484         8807       284.44
    2371.583     0.996875         8811       320.00
    2439.167     0.997266         8814       365.71
    2484.223     0.997656         8818       426.67
    2643.967     0.998047         8821       512.00
    2693.119     0.998242         8823       568.89
    2762.751     0.998437         8825       640.00
    2793.471     0.998633         8826       731.43
    2834.431     0.998828         8828       853.33
    2867.199     0.999023         8830      1024.00
    2881.535     0.999121         8831      1137.78
    2967.551     0.999219         8832      1280.00
    2967.551     0.999316         8832      1462.86
    3041.279     0.999414         8833      1706.67
    3137.535     0.999512         8834      2048.00
    3147.775     0.999561         8835      2275.56
    3147.775     0.999609         8835      2560.00
    3147.775     0.999658         8835      2925.71
    3391.487     0.999707         8836      3413.33
    3391.487     0.999756         8836      4096.00
    3794.943     0.999780         8837      4551.11
    3794.943     0.999805         8837      5120.00
    3794.943     0.999829         8837      5851.43
    3794.943     0.999854         8837      6826.67
    3794.943     0.999878         8837      8192.00
    4014.079     0.999890         8838      9102.22
    4014.079     1.000000         8838          inf
#[Mean    =      394.246, StdDeviation   =      402.447]
#[Max     =     4012.032, Total count    =         8838]
#[Buckets =           27, SubBuckets     =         2048]
----------------------------------------------------------
  8955 requests in 15.00m, 1.84MB read
  Socket errors: connect 0, read 0, write 4, timeout 19
Requests/sec:      9.95
Transfer/sec:      2.09KB
