Running 15m test @ http://10.96.159.22:8080/wrk2-api/post/compose
  2 threads and 4 connections
  Thread calibration: mean lat.: 29.770ms, rate sampling interval: 91ms
  Thread calibration: mean lat.: 28.304ms, rate sampling interval: 92ms
  Thread Stats   Avg      Stdev     99%   +/- Stdev
    Latency     6.35s    11.45s   30.36s    77.47%
    Req/Sec    14.31     12.55    54.00     59.03%
  Latency Distribution (HdrHistogram - Recorded Latency)
 50.000%  202.88ms
 75.000%  613.89ms
 90.000%   27.80s 
 99.000%   30.36s 
 99.900%   31.46s 
 99.990%   32.26s 
 99.999%   32.49s 
100.000%   32.49s 

  Detailed Percentile spectrum:
       Value   Percentile   TotalCount 1/(1-Percentile)

       4.519     0.000000            1         1.00
      46.143     0.100000         2637         1.11
      70.783     0.200000         5268         1.25
     105.215     0.300000         7899         1.43
     147.839     0.400000        10528         1.67
     202.879     0.500000        13163         2.00
     238.463     0.550000        14478         2.22
     280.319     0.600000        15796         2.50
     338.431     0.650000        17110         2.86
     427.519     0.700000        18425         3.33
     613.887     0.750000        19743         4.00
   21839.871     0.775000        20398         4.44
   25526.271     0.800000        21056         5.00
   26312.703     0.825000        21714         5.71
   26869.759     0.850000        22380         6.67
   27361.279     0.875000        23047         8.00
   27541.503     0.887500        23359         8.89
   27803.647     0.900000        23689        10.00
   28065.791     0.912500        24020        11.43
   28311.551     0.925000        24365        13.33
   28540.927     0.937500        24677        16.00
   28671.999     0.943750        24853        17.78
   28835.839     0.950000        25004        20.00
   29032.447     0.956250        25180        22.86
   29229.055     0.962500        25341        26.67
   29442.047     0.968750        25498        32.00
   29573.119     0.971875        25580        35.56
   29687.807     0.975000        25664        40.00
   29835.263     0.978125        25759        45.71
   29933.567     0.981250        25832        53.33
   30064.639     0.984375        25915        64.00
   30146.559     0.985938        25959        71.11
   30228.479     0.987500        25994        80.00
   30326.783     0.989062        26043        91.43
   30392.319     0.990625        26079       106.67
   30474.239     0.992188        26117       128.00
   30523.391     0.992969        26136       142.22
   30572.543     0.993750        26160       160.00
   30621.695     0.994531        26182       182.86
   30719.999     0.995313        26198       213.33
   30834.687     0.996094        26219       256.00
   30916.607     0.996484        26229       284.44
   30965.759     0.996875        26238       320.00
   31047.679     0.997266        26249       365.71
   31129.599     0.997656        26261       426.67
   31211.519     0.998047        26271       512.00
   31277.055     0.998242        26274       568.89
   31309.823     0.998437        26279       640.00
   31358.975     0.998633        26286       731.43
   31440.895     0.998828        26291       853.33
   31457.279     0.999023        26298      1024.00
   31457.279     0.999121        26298      1137.78
   31522.815     0.999219        26300      1280.00
   31670.271     0.999316        26303      1462.86
   31817.727     0.999414        26307      1706.67
   31850.495     0.999512        26308      2048.00
   32014.335     0.999561        26309      2275.56
   32079.871     0.999609        26310      2560.00
   32112.639     0.999658        26313      2925.71
   32112.639     0.999707        26313      3413.33
   32145.407     0.999756        26314      4096.00
   32178.175     0.999780        26316      4551.11
   32178.175     0.999805        26316      5120.00
   32178.175     0.999829        26316      5851.43
   32260.095     0.999854        26317      6826.67
   32260.095     0.999878        26317      8192.00
   32423.935     0.999890        26318      9102.22
   32423.935     0.999902        26318     10240.00
   32423.935     0.999915        26318     11702.86
   32473.087     0.999927        26319     13653.33
   32473.087     0.999939        26319     16384.00
   32473.087     0.999945        26319     18204.44
   32473.087     0.999951        26319     20480.00
   32473.087     0.999957        26319     23405.71
   32489.471     0.999963        26320     27306.67
   32489.471     1.000000        26320          inf
#[Mean    =     6353.420, StdDeviation   =    11451.046]
#[Max     =    32473.088, Total count    =        26320]
#[Buckets =           27, SubBuckets     =         2048]
----------------------------------------------------------
  26646 requests in 15.00m, 347.99MB read
  Socket errors: connect 0, read 0, write 6, timeout 0
  Non-2xx or 3xx responses: 2
Requests/sec:     29.60
Transfer/sec:    395.89KB
