Running 15m test @ http://10.101.69.211:8080/wrk2-api/post/compose
  2 threads and 4 connections
  Thread calibration: mean lat.: 18.944ms, rate sampling interval: 53ms
  Thread calibration: mean lat.: 30.865ms, rate sampling interval: 79ms
  Thread Stats   Avg      Stdev     99%   +/- Stdev
    Latency   800.54ms  553.12ms   2.61s    74.97%
    Req/Sec     4.83      8.86    37.00     84.32%
  Latency Distribution (HdrHistogram - Recorded Latency)
 50.000%  679.93ms
 75.000%    1.06s 
 90.000%    1.54s 
 99.000%    2.61s 
 99.900%    3.53s 
 99.990%    4.25s 
 99.999%    4.33s 
100.000%    4.33s 

  Detailed Percentile spectrum:
       Value   Percentile   TotalCount 1/(1-Percentile)

      10.183     0.000000            1         1.00
     236.031     0.100000          884         1.11
     368.895     0.200000         1769         1.25
     473.343     0.300000         2652         1.43
     571.391     0.400000         3537         1.67
     679.935     0.500000         4419         2.00
     741.375     0.550000         4861         2.22
     805.375     0.600000         5303         2.50
     880.639     0.650000         5751         2.86
     968.703     0.700000         6186         3.33
    1060.863     0.750000         6631         4.00
    1117.183     0.775000         6850         4.44
    1178.623     0.800000         7069         5.00
    1248.255     0.825000         7290         5.71
    1335.295     0.850000         7512         6.67
    1427.455     0.875000         7732         8.00
    1485.823     0.887500         7842         8.89
    1542.143     0.900000         7954        10.00
    1604.607     0.912500         8064        11.43
    1684.479     0.925000         8175        13.33
    1765.375     0.937500         8286        16.00
    1811.455     0.943750         8340        17.78
    1856.511     0.950000         8395        20.00
    1925.119     0.956250         8450        22.86
    2016.255     0.962500         8505        26.67
    2091.007     0.968750         8560        32.00
    2134.015     0.971875         8589        35.56
    2201.599     0.975000         8616        40.00
    2246.655     0.978125         8643        45.71
    2312.191     0.981250         8671        53.33
    2381.823     0.984375         8698        64.00
    2451.455     0.985938         8713        71.11
    2498.559     0.987500         8726        80.00
    2584.575     0.989062         8742        91.43
    2623.487     0.990625         8754       106.67
    2738.175     0.992188         8767       128.00
    2783.231     0.992969         8774       142.22
    2850.815     0.993750         8781       160.00
    2938.879     0.994531         8788       182.86
    2985.983     0.995313         8795       213.33
    3071.999     0.996094         8802       256.00
    3119.103     0.996484         8805       284.44
    3178.495     0.996875         8809       320.00
    3231.743     0.997266         8812       365.71
    3307.519     0.997656         8816       426.67
    3379.199     0.998047         8819       512.00
    3399.679     0.998242         8821       568.89
    3467.263     0.998437         8823       640.00
    3491.839     0.998633         8824       731.43
    3522.559     0.998828         8826       853.33
    3547.135     0.999023         8828      1024.00
    3596.287     0.999121         8829      1137.78
    3629.055     0.999219         8830      1280.00
    3629.055     0.999316         8830      1462.86
    3749.887     0.999414         8831      1706.67
    3782.655     0.999512         8832      2048.00
    3905.535     0.999561         8833      2275.56
    3905.535     0.999609         8833      2560.00
    3905.535     0.999658         8833      2925.71
    4214.783     0.999707         8834      3413.33
    4214.783     0.999756         8834      4096.00
    4247.551     0.999780         8835      4551.11
    4247.551     0.999805         8835      5120.00
    4247.551     0.999829         8835      5851.43
    4247.551     0.999854         8835      6826.67
    4247.551     0.999878         8835      8192.00
    4329.471     0.999890         8836      9102.22
    4329.471     1.000000         8836          inf
#[Mean    =      800.544, StdDeviation   =      553.123]
#[Max     =     4325.376, Total count    =         8836]
#[Buckets =           27, SubBuckets     =         2048]
----------------------------------------------------------
  8953 requests in 15.00m, 1.84MB read
  Socket errors: connect 0, read 0, write 5, timeout 17
Requests/sec:      9.95
Transfer/sec:      2.09KB
