Running 15m test @ http://10.101.69.211:8080/wrk2-api/post/compose
  2 threads and 4 connections
  Thread calibration: mean lat.: 8.428ms, rate sampling interval: 21ms
  Thread calibration: mean lat.: 8.303ms, rate sampling interval: 20ms
  Thread Stats   Avg      Stdev     99%   +/- Stdev
    Latency     3.26m     2.89m    8.95m    54.78%
    Req/Sec    11.79     28.63   105.00     82.48%
  Latency Distribution (HdrHistogram - Recorded Latency)
 50.000%    2.63m 
 75.000%    5.72m 
 90.000%    7.77m 
 99.000%    8.95m 
 99.900%    9.20m 
 99.990%    9.26m 
 99.999%    9.27m 
100.000%    9.27m 

  Detailed Percentile spectrum:
       Value   Percentile   TotalCount 1/(1-Percentile)

       1.914     0.000000            1         1.00
      25.167     0.100000         2056         1.11
    9420.799     0.200000         4110         1.25
   47939.583     0.300000         6167         1.43
  100925.439     0.400000         8222         1.67
  157941.759     0.500000        10280         2.00
  191234.047     0.550000        11302         2.22
  227278.847     0.600000        12330         2.50
  265158.655     0.650000        13358         2.86
  304873.471     0.700000        14393         3.33
  343408.639     0.750000        15413         4.00
  361758.719     0.775000        15927         4.44
  381943.807     0.800000        16441         5.00
  401604.607     0.825000        16956         5.71
  422313.983     0.850000        17471         6.67
  443023.359     0.875000        17983         8.00
  453509.119     0.887500        18242         8.89
  466354.175     0.900000        18498        10.00
  475267.071     0.912500        18751        11.43
  484704.255     0.925000        19012        13.33
  494141.439     0.937500        19269        16.00
  498860.031     0.943750        19397        17.78
  504365.055     0.950000        19528        20.00
  508821.503     0.956250        19652        22.86
  513277.951     0.962500        19784        26.67
  518520.831     0.968750        19910        32.00
  520617.983     0.971875        19973        35.56
  523239.423     0.975000        20047        40.00
  525598.719     0.978125        20103        45.71
  527958.015     0.981250        20165        53.33
  530841.599     0.984375        20231        64.00
  532152.319     0.985938        20263        71.11
  534249.471     0.987500        20294        80.00
  536084.479     0.989062        20325        91.43
  537919.487     0.990625        20362       106.67
  539492.351     0.992188        20397       128.00
  540016.639     0.992969        20407       142.22
  541065.215     0.993750        20424       160.00
  542113.791     0.994531        20444       182.86
  543162.367     0.995313        20455       213.33
  544735.231     0.996094        20471       256.00
  545259.519     0.996484        20480       284.44
  545783.807     0.996875        20486       320.00
  546308.095     0.997266        20499       365.71
  546832.383     0.997656        20502       426.67
  548405.247     0.998047        20509       512.00
  549453.823     0.998242        20515       568.89
  549978.111     0.998437        20517       640.00
  550502.399     0.998633        20522       731.43
  551550.975     0.998828        20526       853.33
  552075.263     0.999023        20529      1024.00
  553123.839     0.999121        20532      1137.78
  553648.127     0.999219        20536      1280.00
  553648.127     0.999316        20536      1462.86
  554172.415     0.999414        20542      1706.67
  554172.415     0.999512        20542      2048.00
  554172.415     0.999561        20542      2275.56
  554172.415     0.999609        20542      2560.00
  554172.415     0.999658        20542      2925.71
  554696.703     0.999707        20544      3413.33
  554696.703     0.999756        20544      4096.00
  555220.991     0.999780        20546      4551.11
  555220.991     0.999805        20546      5120.00
  555220.991     0.999829        20546      5851.43
  555220.991     0.999854        20546      6826.67
  555745.279     0.999878        20548      8192.00
  555745.279     0.999890        20548      9102.22
  555745.279     0.999902        20548     10240.00
  555745.279     0.999915        20548     11702.86
  555745.279     0.999927        20548     13653.33
  555745.279     0.999939        20548     16384.00
  555745.279     0.999945        20548     18204.44
  555745.279     0.999951        20548     20480.00
  556269.567     0.999957        20549     23405.71
  556269.567     1.000000        20549          inf
#[Mean    =   195784.858, StdDeviation   =   173224.471]
#[Max     =   555745.280, Total count    =        20549]
#[Buckets =           27, SubBuckets     =         2048]
----------------------------------------------------------
  21201 requests in 15.00m, 156.36MB read
  Socket errors: connect 0, read 0, write 15, timeout 65
Requests/sec:     23.55
Transfer/sec:    177.88KB
