Running 15m test @ http://10.101.69.211:8080/wrk2-api/post/compose
  2 threads and 4 connections
  Thread calibration: mean lat.: 28.440ms, rate sampling interval: 88ms
  Thread calibration: mean lat.: 36.378ms, rate sampling interval: 117ms
  Thread Stats   Avg      Stdev     99%   +/- Stdev
    Latency     3.06m     2.31m    7.27m    55.17%
    Req/Sec     7.30      7.62    25.00     84.37%
  Latency Distribution (HdrHistogram - Recorded Latency)
 50.000%    2.91m 
 75.000%    5.03m 
 90.000%    6.38m 
 99.000%    7.27m 
 99.900%    7.51m 
 99.990%    7.55m 
 99.999%    7.55m 
100.000%    7.55m 

  Detailed Percentile spectrum:
       Value   Percentile   TotalCount 1/(1-Percentile)

       3.569     0.000000            1         1.00
     127.423     0.100000         1343         1.11
   29294.591     0.200000         2686         1.25
   77135.871     0.300000         4030         1.43
  124059.647     0.400000         5372         1.67
  174718.975     0.500000         6715         2.00
  200278.015     0.550000         7387         2.22
  225705.983     0.600000         8058         2.50
  251133.951     0.650000         8731         2.86
  277610.495     0.700000         9402         3.33
  301727.743     0.750000        10078         4.00
  316932.095     0.775000        10411         4.44
  329252.863     0.800000        10747         5.00
  342884.351     0.825000        11086         5.71
  356515.839     0.850000        11420         6.67
  370409.471     0.875000        11757         8.00
  376963.071     0.887500        11921         8.89
  382730.239     0.900000        12092        10.00
  390332.415     0.912500        12256        11.43
  397148.159     0.925000        12423        13.33
  404488.191     0.937500        12601        16.00
  406847.487     0.943750        12677        17.78
  409993.215     0.950000        12760        20.00
  413138.943     0.956250        12843        22.86
  416284.671     0.962500        12927        26.67
  420216.831     0.968750        13012        32.00
  422576.127     0.971875        13058        35.56
  423886.847     0.975000        13099        40.00
  424935.423     0.978125        13145        45.71
  427556.863     0.981250        13180        53.33
  431226.879     0.984375        13223        64.00
  432799.743     0.985938        13242        71.11
  434634.751     0.987500        13265        80.00
  435945.471     0.989062        13287        91.43
  436994.047     0.990625        13305       106.67
  438829.055     0.992188        13327       128.00
  440139.775     0.992969        13340       142.22
  440664.063     0.993750        13348       160.00
  441974.783     0.994531        13360       182.86
  443285.503     0.995313        13377       213.33
  443809.791     0.996094        13380       256.00
  444858.367     0.996484        13383       284.44
  446169.087     0.996875        13389       320.00
  446693.375     0.997266        13394       365.71
  447741.951     0.997656        13399       426.67
  448266.239     0.998047        13407       512.00
  448266.239     0.998242        13407       568.89
  448528.383     0.998437        13410       640.00
  449314.815     0.998633        13412       731.43
  450101.247     0.998828        13415       853.33
  450363.391     0.999023        13417      1024.00
  451411.967     0.999121        13419      1137.78
  451674.111     0.999219        13420      1280.00
  451936.255     0.999316        13423      1462.86
  451936.255     0.999414        13423      1706.67
  452198.399     0.999512        13425      2048.00
  452198.399     0.999561        13425      2275.56
  452198.399     0.999609        13425      2560.00
  452460.543     0.999658        13427      2925.71
  452460.543     0.999707        13427      3413.33
  452460.543     0.999756        13427      4096.00
  452722.687     0.999780        13430      4551.11
  452722.687     1.000000        13430          inf
#[Mean    =   183706.814, StdDeviation   =   138329.710]
#[Max     =   452460.544, Total count    =        13430]
#[Buckets =           27, SubBuckets     =         2048]
----------------------------------------------------------
  13755 requests in 15.00m, 179.36MB read
  Socket errors: connect 0, read 1, write 5, timeout 22
Requests/sec:     15.28
Transfer/sec:    204.07KB
