Running 15m test @ http://10.109.29.229:8080/wrk2-api/post/compose
  2 threads and 4 connections
  Thread calibration: mean lat.: 2154.320ms, rate sampling interval: 11026ms
  Thread calibration: mean lat.: 534.949ms, rate sampling interval: 2424ms
  Thread Stats   Avg      Stdev     99%   +/- Stdev
    Latency     0.91m    21.97s    1.43m    61.39%
    Req/Sec     4.08      1.74     8.00     85.23%
  Latency Distribution (HdrHistogram - Recorded Latency)
 50.000%    1.04m 
 75.000%    1.18m 
 90.000%    1.28m 
 99.000%    1.43m 
 99.900%    1.48m 
 99.990%    1.49m 
 99.999%    1.50m 
100.000%    1.50m 

  Detailed Percentile spectrum:
       Value   Percentile   TotalCount 1/(1-Percentile)

      13.487     0.000000            1         1.00
   23150.591     0.100000          833         1.11
   27246.591     0.200000         1659         1.25
   52363.263     0.300000         2490         1.43
   59703.295     0.400000         3324         1.67
   62128.127     0.500000         4157         2.00
   63963.135     0.550000         4563         2.22
   65798.143     0.600000         4985         2.50
   67436.543     0.650000         5392         2.86
   69337.087     0.700000         5808         3.33
   70844.415     0.750000         6225         4.00
   71958.527     0.775000         6437         4.44
   72810.495     0.800000         6640         5.00
   73793.535     0.825000         6846         5.71
   74711.039     0.850000         7062         6.67
   75890.687     0.875000         7265         8.00
   76546.047     0.887500         7364         8.89
   77070.335     0.900000         7467        10.00
   77725.695     0.912500         7584        11.43
   78249.983     0.925000         7680        13.33
   78774.271     0.937500         7777        16.00
   79167.487     0.943750         7839        17.78
   79757.311     0.950000         7882        20.00
   80740.351     0.956250         7933        22.86
   81657.855     0.962500         7985        26.67
   82837.503     0.968750         8038        32.00
   83230.719     0.971875         8064        35.56
   83558.399     0.975000         8090        40.00
   83886.079     0.978125         8118        45.71
   84213.759     0.981250         8143        53.33
   84672.511     0.984375         8167        64.00
   85000.191     0.985938         8179        71.11
   85393.407     0.987500         8192        80.00
   85655.551     0.989062         8205        91.43
   85917.695     0.990625         8220       106.67
   86573.055     0.992188         8233       128.00
   86704.127     0.992969         8239       142.22
   86900.735     0.993750         8244       160.00
   87031.807     0.994531         8250       182.86
   87293.951     0.995313         8258       213.33
   87425.023     0.996094         8263       256.00
   87687.167     0.996484         8266       284.44
   87818.239     0.996875         8270       320.00
   87883.775     0.997266         8273       365.71
   88080.383     0.997656         8278       426.67
   88145.919     0.998047         8281       512.00
   88145.919     0.998242         8281       568.89
   88211.455     0.998437         8283       640.00
   88276.991     0.998633         8284       731.43
   88801.279     0.998828         8286       853.33
   88932.351     0.999023         8288      1024.00
   88932.351     0.999121         8288      1137.78
   89063.423     0.999219         8289      1280.00
   89128.959     0.999316         8291      1462.86
   89128.959     0.999414         8291      1706.67
   89128.959     0.999512         8291      2048.00
   89194.495     0.999561         8292      2275.56
   89194.495     0.999609         8292      2560.00
   89325.567     0.999658         8293      2925.71
   89325.567     0.999707         8293      3413.33
   89325.567     0.999756         8293      4096.00
   89456.639     0.999780         8294      4551.11
   89456.639     0.999805         8294      5120.00
   89456.639     0.999829         8294      5851.43
   89456.639     0.999854         8294      6826.67
   89456.639     0.999878         8294      8192.00
   89849.855     0.999890         8295      9102.22
   89849.855     1.000000         8295          inf
#[Mean    =    54702.871, StdDeviation   =    21971.611]
#[Max     =    89784.320, Total count    =         8295]
#[Buckets =           27, SubBuckets     =         2048]
----------------------------------------------------------
  8389 requests in 15.00m, 1.72MB read
  Socket errors: connect 0, read 0, write 6, timeout 19
Requests/sec:      9.32
Transfer/sec:      1.96KB
