Running 15m test @ http://10.109.29.229:8080/wrk2-api/post/compose
  2 threads and 4 connections
  Thread calibration: mean lat.: 3106.197ms, rate sampling interval: 9084ms
  Thread calibration: mean lat.: 3199.414ms, rate sampling interval: 9248ms
  Thread Stats   Avg      Stdev     99%   +/- Stdev
    Latency     1.39m    25.24s    1.76m    73.11%
    Req/Sec    26.75      7.93    34.00     88.60%
  Latency Distribution (HdrHistogram - Recorded Latency)
 50.000%    1.61m 
 75.000%    1.66m 
 90.000%    1.69m 
 99.000%    1.76m 
 99.900%    1.77m 
 99.990%    1.78m 
 99.999%    1.78m 
100.000%    1.78m 

  Detailed Percentile spectrum:
       Value   Percentile   TotalCount 1/(1-Percentile)

    5382.143     0.000000            1         1.00
   41713.663     0.100000         4860         1.11
   44138.495     0.200000         9756         1.25
   92733.439     0.300000        14572         1.43
   95289.343     0.400000        19581         1.67
   96862.207     0.500000        24478         2.00
   97386.495     0.550000        26820         2.22
   97976.319     0.600000        29271         2.50
   98500.607     0.650000        31764         2.86
   98959.359     0.700000        34019         3.33
   99614.719     0.750000        36507         4.00
  100073.471     0.775000        37807         4.44
  100335.615     0.800000        39001         5.00
  100597.759     0.825000        40247         5.71
  100859.903     0.850000        41454         6.67
  101187.583     0.875000        42682         8.00
  101318.655     0.887500        43127         8.89
  101580.799     0.900000        43830        10.00
  101908.479     0.912500        44367        11.43
  102367.231     0.925000        44982        13.33
  102825.983     0.937500        45566        16.00
  103022.591     0.943750        45833        17.78
  103284.735     0.950000        46142        20.00
  103612.415     0.956250        46461        22.86
  104005.631     0.962500        46774        26.67
  104267.775     0.968750        47115        32.00
  104398.847     0.971875        47240        35.56
  104529.919     0.975000        47356        40.00
  104792.063     0.978125        47531        45.71
  104923.135     0.981250        47663        53.33
  105119.743     0.984375        47830        64.00
  105250.815     0.985938        47914        71.11
  105381.887     0.987500        47970        80.00
  105578.495     0.989062        48035        91.43
  105709.567     0.990625        48130       106.67
  105840.639     0.992188        48229       128.00
  105840.639     0.992969        48229       142.22
  105906.175     0.993750        48280       160.00
  105971.711     0.994531        48339       182.86
  105971.711     0.995313        48339       213.33
  106037.247     0.996094        48379       256.00
  106102.783     0.996484        48404       284.44
  106168.319     0.996875        48431       320.00
  106233.855     0.997266        48451       365.71
  106233.855     0.997656        48451       426.67
  106364.927     0.998047        48490       512.00
  106364.927     0.998242        48490       568.89
  106364.927     0.998437        48490       640.00
  106430.463     0.998633        48511       731.43
  106430.463     0.998828        48511       853.33
  106495.999     0.999023        48524      1024.00
  106495.999     0.999121        48524      1137.78
  106561.535     0.999219        48536      1280.00
  106561.535     0.999316        48536      1462.86
  106561.535     0.999414        48536      1706.67
  106627.071     0.999512        48545      2048.00
  106627.071     0.999561        48545      2275.56
  106692.607     0.999609        48552      2560.00
  106692.607     0.999658        48552      2925.71
  106692.607     0.999707        48552      3413.33
  106758.143     0.999756        48554      4096.00
  106758.143     0.999780        48554      4551.11
  106823.679     0.999805        48556      5120.00
  106823.679     0.999829        48556      5851.43
  106889.215     0.999854        48557      6826.67
  107020.287     0.999878        48563      8192.00
  107020.287     0.999890        48563      9102.22
  107020.287     0.999902        48563     10240.00
  107020.287     0.999915        48563     11702.86
  107020.287     0.999927        48563     13653.33
  107020.287     0.999939        48563     16384.00
  107020.287     0.999945        48563     18204.44
  107020.287     0.999951        48563     20480.00
  107020.287     0.999957        48563     23405.71
  107020.287     0.999963        48563     27306.67
  107020.287     0.999969        48563     32768.00
  107020.287     0.999973        48563     36408.89
  107020.287     0.999976        48563     40960.00
  107020.287     0.999979        48563     46811.43
  107085.823     0.999982        48564     54613.33
  107085.823     1.000000        48564          inf
#[Mean    =    83173.876, StdDeviation   =    25239.732]
#[Max     =   107020.288, Total count    =        48564]
#[Buckets =           27, SubBuckets     =         2048]
----------------------------------------------------------
  48805 requests in 15.00m, 424.76MB read
  Socket errors: connect 0, read 0, write 6, timeout 9
Requests/sec:     54.22
Transfer/sec:    483.26KB
