Running 15m test @ http://10.109.29.229:8080/wrk2-api/post/compose
  2 threads and 4 connections
  Thread calibration: mean lat.: 5087.744ms, rate sampling interval: 14663ms
  Thread calibration: mean lat.: 5308.352ms, rate sampling interval: 14966ms
  Thread Stats   Avg      Stdev     99%   +/- Stdev
    Latency     1.63m     9.66s    1.86m    81.81%
    Req/Sec    12.94      4.27    16.00     88.24%
  Latency Distribution (HdrHistogram - Recorded Latency)
 50.000%    1.63m 
 75.000%    1.71m 
 90.000%    1.81m 
 99.000%    1.86m 
 99.900%    1.88m 
 99.990%    1.88m 
 99.999%    1.89m 
100.000%    1.89m 

  Detailed Percentile spectrum:
       Value   Percentile   TotalCount 1/(1-Percentile)

    8278.015     0.000000            1         1.00
   91226.111     0.100000         2388         1.11
   93323.263     0.200000         4814         1.25
   94961.663     0.300000         7170         1.43
   96665.599     0.400000         9601         1.67
   97910.783     0.500000        11960         2.00
   98435.071     0.550000        13192         2.22
   98959.359     0.600000        14443         2.50
   99680.255     0.650000        15593         2.86
  100728.831     0.700000        16757         3.33
  102629.375     0.750000        17925         4.00
  103940.095     0.775000        18515         4.44
  104923.135     0.800000        19127         5.00
  106233.855     0.825000        19714         5.71
  107479.039     0.850000        20311         6.67
  108199.935     0.875000        20891         8.00
  108527.615     0.887500        21220         8.89
  108855.295     0.900000        21547        10.00
  109117.439     0.912500        21789        11.43
  109445.119     0.925000        22086        13.33
  109772.799     0.937500        22428        16.00
  109903.871     0.943750        22566        17.78
  110034.943     0.950000        22690        20.00
  110231.551     0.956250        22870        22.86
  110362.623     0.962500        23004        26.67
  110559.231     0.968750        23173        32.00
  110624.767     0.971875        23225        35.56
  110755.839     0.975000        23324        40.00
  110821.375     0.978125        23353        45.71
  111017.983     0.981250        23454        53.33
  111149.055     0.984375        23507        64.00
  111280.127     0.985938        23553        71.11
  111345.663     0.987500        23577        80.00
  111476.735     0.989062        23616        91.43
  111673.343     0.990625        23663       106.67
  111804.415     0.992188        23689       128.00
  111935.487     0.992969        23712       142.22
  112001.023     0.993750        23728       160.00
  112132.095     0.994531        23760       182.86
  112197.631     0.995313        23785       213.33
  112197.631     0.996094        23785       256.00
  112263.167     0.996484        23802       284.44
  112263.167     0.996875        23802       320.00
  112328.703     0.997266        23819       365.71
  112328.703     0.997656        23819       426.67
  112459.775     0.998047        23833       512.00
  112459.775     0.998242        23833       568.89
  112525.311     0.998437        23841       640.00
  112525.311     0.998633        23841       731.43
  112590.847     0.998828        23846       853.33
  112656.383     0.999023        23855      1024.00
  112656.383     0.999121        23855      1137.78
  112656.383     0.999219        23855      1280.00
  112721.919     0.999316        23861      1462.86
  112721.919     0.999414        23861      1706.67
  112721.919     0.999512        23861      2048.00
  112787.455     0.999561        23865      2275.56
  112787.455     0.999609        23865      2560.00
  112787.455     0.999658        23865      2925.71
  112852.991     0.999707        23866      3413.33
  112918.527     0.999756        23869      4096.00
  112918.527     0.999780        23869      4551.11
  112918.527     0.999805        23869      5120.00
  112918.527     0.999829        23869      5851.43
  112918.527     0.999854        23869      6826.67
  113049.599     0.999878        23870      8192.00
  113049.599     0.999890        23870      9102.22
  113049.599     0.999902        23870     10240.00
  113049.599     0.999915        23870     11702.86
  113115.135     0.999927        23871     13653.33
  113115.135     0.999939        23871     16384.00
  113115.135     0.999945        23871     18204.44
  113115.135     0.999951        23871     20480.00
  113115.135     0.999957        23871     23405.71
  113180.671     0.999963        23872     27306.67
  113180.671     1.000000        23872          inf
#[Mean    =    97971.123, StdDeviation   =     9663.499]
#[Max     =   113115.136, Total count    =        23872]
#[Buckets =           27, SubBuckets     =         2048]
----------------------------------------------------------
  23907 requests in 15.00m, 301.93MB read
  Socket errors: connect 0, read 0, write 4, timeout 0
  Non-2xx or 3xx responses: 1
Requests/sec:     26.56
Transfer/sec:    343.52KB
