Running 15m test @ http://10.101.51.136:8080/wrk2-api/post/compose
  2 threads and 4 connections
  Thread calibration: mean lat.: 1875.104ms, rate sampling interval: 11509ms
  Thread calibration: mean lat.: 2045.800ms, rate sampling interval: 5890ms
  Thread Stats   Avg      Stdev     99%   +/- Stdev
    Latency     0.89m    16.25s    1.19m    86.17%
    Req/Sec     2.00      0.89     5.00     92.54%
  Latency Distribution (HdrHistogram - Recorded Latency)
 50.000%    0.95m 
 75.000%    1.07m 
 90.000%    1.12m 
 99.000%    1.19m 
 99.900%    1.25m 
 99.990%    1.27m 
 99.999%    1.27m 
100.000%    1.27m 

  Detailed Percentile spectrum:
       Value   Percentile   TotalCount 1/(1-Percentile)

      34.815     0.000000            1         1.00
   36012.031     0.100000          438         1.11
   48463.871     0.200000          877         1.25
   50397.183     0.300000         1317         1.43
   53903.359     0.400000         1752         1.67
   57114.623     0.500000         2192         2.00
   58884.095     0.550000         2410         2.22
   60162.047     0.600000         2625         2.50
   61472.767     0.650000         2848         2.86
   62947.327     0.700000         3064         3.33
   64094.207     0.750000         3285         4.00
   64552.959     0.775000         3398         4.44
   64978.943     0.800000         3501         5.00
   65503.231     0.825000         3621         5.71
   65961.983     0.850000         3721         6.67
   66420.735     0.875000         3830         8.00
   66617.343     0.887500         3884         8.89
   66945.023     0.900000         3940        10.00
   67371.007     0.912500         4000        11.43
   67829.759     0.925000         4048        13.33
   68419.583     0.937500         4111        16.00
   68616.191     0.943750         4135        17.78
   68812.799     0.950000         4158        20.00
   69009.407     0.956250         4184        22.86
   69402.623     0.962500         4213        26.67
   69795.839     0.968750         4240        32.00
   69992.447     0.971875         4252        35.56
   70254.591     0.975000         4267        40.00
   70516.735     0.978125         4283        45.71
   70713.343     0.981250         4296        53.33
   70909.951     0.984375         4311        64.00
   70975.487     0.985938         4316        71.11
   71172.095     0.987500         4323        80.00
   71368.703     0.989062         4328        91.43
   71565.311     0.990625         4334       106.67
   72417.279     0.992188         4341       128.00
   73138.175     0.992969         4346       142.22
   73203.711     0.993750         4348       160.00
   73400.319     0.994531         4352       182.86
   73727.999     0.995313         4355       213.33
   73859.071     0.996094         4358       256.00
   74252.287     0.996484         4361       284.44
   74317.823     0.996875         4362       320.00
   74383.359     0.997266         4364       365.71
   74448.895     0.997656         4367       426.67
   74448.895     0.998047         4367       512.00
   74514.431     0.998242         4368       568.89
   74579.967     0.998437         4370       640.00
   74579.967     0.998633         4370       731.43
   74579.967     0.998828         4370       853.33
   74776.575     0.999023         4371      1024.00
   74973.183     0.999121         4372      1137.78
   74973.183     0.999219         4372      1280.00
   75104.255     0.999316         4373      1462.86
   75104.255     0.999414         4373      1706.67
   75104.255     0.999512         4373      2048.00
   75759.615     0.999561         4374      2275.56
   75759.615     0.999609         4374      2560.00
   75759.615     0.999658         4374      2925.71
   75759.615     0.999707         4374      3413.33
   75759.615     0.999756         4374      4096.00
   75956.223     0.999780         4375      4551.11
   75956.223     1.000000         4375          inf
#[Mean    =    53296.846, StdDeviation   =    16248.622]
#[Max     =    75890.688, Total count    =         4375]
#[Buckets =           27, SubBuckets     =         2048]
----------------------------------------------------------
  4455 requests in 15.00m, 0.91MB read
  Socket errors: connect 0, read 0, write 3, timeout 783
Requests/sec:      4.95
Transfer/sec:      1.04KB
