Running 15m test @ http://10.101.51.136:8080/wrk2-api/post/compose
  2 threads and 4 connections
  Thread calibration: mean lat.: 3136.039ms, rate sampling interval: 13467ms
  Thread calibration: mean lat.: 3730.613ms, rate sampling interval: 13836ms
  Thread Stats   Avg      Stdev     99%   +/- Stdev
    Latency     1.41m    24.58s    1.75m    73.11%
    Req/Sec    26.82      7.82    32.00     89.23%
  Latency Distribution (HdrHistogram - Recorded Latency)
 50.000%    1.63m 
 75.000%    1.68m 
 90.000%    1.71m 
 99.000%    1.75m 
 99.900%    1.76m 
 99.990%    1.76m 
 99.999%    1.76m 
100.000%    1.76m 

  Detailed Percentile spectrum:
       Value   Percentile   TotalCount 1/(1-Percentile)

    6840.319     0.000000            1         1.00
   44138.495     0.100000         4934         1.11
   45940.735     0.200000         9743         1.25
   94437.375     0.300000        14584         1.43
   96665.599     0.400000        19594         1.67
   97714.175     0.500000        24391         2.00
   98238.463     0.550000        26898         2.22
   98762.751     0.600000        29320         2.50
   99352.575     0.650000        31617         2.86
  100139.007     0.700000        34153         3.33
  100859.903     0.750000        36579         4.00
  101187.583     0.775000        37667         4.44
  101515.263     0.800000        38868         5.00
  101842.943     0.825000        40327         5.71
  102105.087     0.850000        41416         6.67
  102432.767     0.875000        42501         8.00
  102629.375     0.887500        43126         8.89
  102825.983     0.900000        43747        10.00
  103022.591     0.912500        44368        11.43
  103219.199     0.925000        44951        13.33
  103481.343     0.937500        45626        16.00
  103612.415     0.943750        45988        17.78
  103743.487     0.950000        46287        20.00
  103809.023     0.956250        46450        22.86
  104005.631     0.962500        46853        26.67
  104136.703     0.968750        47166        32.00
  104202.239     0.971875        47297        35.56
  104267.775     0.975000        47423        40.00
  104333.311     0.978125        47530        45.71
  104464.383     0.981250        47772        53.33
  104529.919     0.984375        47883        64.00
  104595.455     0.985938        47977        71.11
  104595.455     0.987500        47977        80.00
  104660.991     0.989062        48072        91.43
  104726.527     0.990625        48135       106.67
  104792.063     0.992188        48193       128.00
  104857.599     0.992969        48235       142.22
  104923.135     0.993750        48293       160.00
  104988.671     0.994531        48338       182.86
  105054.207     0.995313        48382       213.33
  105119.743     0.996094        48423       256.00
  105119.743     0.996484        48423       284.44
  105119.743     0.996875        48423       320.00
  105185.279     0.997266        48453       365.71
  105250.815     0.997656        48473       426.67
  105316.351     0.998047        48494       512.00
  105316.351     0.998242        48494       568.89
  105381.887     0.998437        48514       640.00
  105381.887     0.998633        48514       731.43
  105447.423     0.998828        48527       853.33
  105447.423     0.999023        48527      1024.00
  105512.959     0.999121        48544      1137.78
  105512.959     0.999219        48544      1280.00
  105512.959     0.999316        48544      1462.86
  105512.959     0.999414        48544      1706.67
  105578.495     0.999512        48555      2048.00
  105578.495     0.999561        48555      2275.56
  105578.495     0.999609        48555      2560.00
  105644.031     0.999658        48562      2925.71
  105644.031     0.999707        48562      3413.33
  105644.031     0.999756        48562      4096.00
  105644.031     0.999780        48562      4551.11
  105709.567     0.999805        48567      5120.00
  105709.567     0.999829        48567      5851.43
  105709.567     0.999854        48567      6826.67
  105709.567     0.999878        48567      8192.00
  105709.567     0.999890        48567      9102.22
  105775.103     0.999902        48571     10240.00
  105775.103     0.999915        48571     11702.86
  105775.103     0.999927        48571     13653.33
  105775.103     0.999939        48571     16384.00
  105775.103     0.999945        48571     18204.44
  105775.103     0.999951        48571     20480.00
  105775.103     0.999957        48571     23405.71
  105775.103     0.999963        48571     27306.67
  105775.103     0.999969        48571     32768.00
  105775.103     0.999973        48571     36408.89
  105775.103     0.999976        48571     40960.00
  105775.103     0.999979        48571     46811.43
  105840.639     0.999982        48572     54613.33
  105840.639     1.000000        48572          inf
#[Mean    =    84524.728, StdDeviation   =    24583.768]
#[Max     =   105775.104, Total count    =        48572]
#[Buckets =           27, SubBuckets     =         2048]
----------------------------------------------------------
  48733 requests in 15.00m, 350.60MB read
  Socket errors: connect 0, read 0, write 6, timeout 0
Requests/sec:     54.14
Transfer/sec:    398.87KB
