Running 15m test @ http://10.101.51.136:8080/wrk2-api/post/compose
  2 threads and 4 connections
  Thread calibration: mean lat.: 6224.861ms, rate sampling interval: 17661ms
  Thread calibration: mean lat.: 4545.396ms, rate sampling interval: 14114ms
  Thread Stats   Avg      Stdev     99%   +/- Stdev
    Latency     1.62m     8.49s    1.79m    96.06%
    Req/Sec    12.89      4.29    17.00     88.50%
  Latency Distribution (HdrHistogram - Recorded Latency)
 50.000%    1.63m 
 75.000%    1.70m 
 90.000%    1.74m 
 99.000%    1.79m 
 99.900%    1.82m 
 99.990%    1.83m 
 99.999%    1.83m 
100.000%    1.83m 

  Detailed Percentile spectrum:
       Value   Percentile   TotalCount 1/(1-Percentile)

    7806.975     0.000000            1         1.00
   92667.903     0.100000         2446         1.11
   94371.839     0.200000         4778         1.25
   95354.879     0.300000         7187         1.43
   96468.991     0.400000         9647         1.67
   97714.175     0.500000        11957         2.00
   98303.999     0.550000        13177         2.22
   98828.287     0.600000        14375         2.50
   99483.647     0.650000        15553         2.86
  100532.223     0.700000        16795         3.33
  101711.871     0.750000        17918         4.00
  102301.695     0.775000        18523         4.44
  102825.983     0.800000        19164         5.00
  103153.663     0.825000        19699         5.71
  103677.951     0.850000        20338         6.67
  104136.703     0.875000        20917         8.00
  104398.847     0.887500        21263         8.89
  104595.455     0.900000        21503        10.00
  104792.063     0.912500        21787        11.43
  105054.207     0.925000        22165        13.33
  105250.815     0.937500        22412        16.00
  105381.887     0.943750        22605        17.78
  105512.959     0.950000        22754        20.00
  105644.031     0.956250        22895        22.86
  105775.103     0.962500        23034        26.67
  105906.175     0.968750        23153        32.00
  106037.247     0.971875        23231        35.56
  106102.783     0.975000        23280        40.00
  106299.391     0.978125        23375        45.71
  106495.999     0.981250        23434        53.33
  106758.143     0.984375        23509        64.00
  106954.751     0.985938        23556        71.11
  107085.823     0.987500        23582        80.00
  107282.431     0.989062        23627        91.43
  107544.575     0.990625        23657       106.67
  107741.183     0.992188        23691       128.00
  107937.791     0.992969        23712       142.22
  108199.935     0.993750        23733       160.00
  108462.079     0.994531        23754       182.86
  108593.151     0.995313        23771       213.33
  108724.223     0.996094        23788       256.00
  108789.759     0.996484        23798       284.44
  108855.295     0.996875        23803       320.00
  108920.831     0.997266        23816       365.71
  108986.367     0.997656        23827       426.67
  109051.903     0.998047        23833       512.00
  109117.439     0.998242        23844       568.89
  109117.439     0.998437        23844       640.00
  109117.439     0.998633        23844       731.43
  109182.975     0.998828        23850       853.33
  109248.511     0.999023        23853      1024.00
  109314.047     0.999121        23856      1137.78
  109379.583     0.999219        23861      1280.00
  109379.583     0.999316        23861      1462.86
  109510.655     0.999414        23864      1706.67
  109641.727     0.999512        23868      2048.00
  109641.727     0.999561        23868      2275.56
  109641.727     0.999609        23868      2560.00
  109641.727     0.999658        23868      2925.71
  109772.799     0.999707        23875      3413.33
  109772.799     0.999756        23875      4096.00
  109772.799     0.999780        23875      4551.11
  109772.799     0.999805        23875      5120.00
  109772.799     0.999829        23875      5851.43
  109772.799     0.999854        23875      6826.67
  109772.799     0.999878        23875      8192.00
  109772.799     0.999890        23875      9102.22
  109772.799     0.999902        23875     10240.00
  109772.799     0.999915        23875     11702.86
  109772.799     0.999927        23875     13653.33
  109772.799     0.999939        23875     16384.00
  109772.799     0.999945        23875     18204.44
  109772.799     0.999951        23875     20480.00
  109772.799     0.999957        23875     23405.71
  109838.335     0.999963        23876     27306.67
  109838.335     1.000000        23876          inf
#[Mean    =    97483.592, StdDeviation   =     8494.681]
#[Max     =   109772.800, Total count    =        23876]
#[Buckets =           27, SubBuckets     =         2048]
----------------------------------------------------------
  23926 requests in 15.00m, 295.42MB read
  Socket errors: connect 0, read 0, write 6, timeout 0
Requests/sec:     26.58
Transfer/sec:    336.10KB
