Running 15m test @ http://10.107.150.159:8080/wrk2-api/post/compose
  2 threads and 4 connections
  Thread calibration: mean lat.: 5.212ms, rate sampling interval: 15ms
  Thread calibration: mean lat.: 6.434ms, rate sampling interval: 20ms
  Thread Stats   Avg      Stdev     99%   +/- Stdev
    Latency     2.78m     1.14m    4.27m    67.88%
    Req/Sec    24.10     42.77   200.00     87.53%
  Latency Distribution (HdrHistogram - Recorded Latency)
 50.000%    3.03m 
 75.000%    3.27m 
 90.000%    4.16m 
 99.000%    4.27m 
 99.900%    4.28m 
 99.990%    4.28m 
 99.999%    4.28m 
100.000%    4.28m 

  Detailed Percentile spectrum:
       Value   Percentile   TotalCount 1/(1-Percentile)

       1.949     0.000000            1         1.00
   36438.015     0.100000         4145         1.11
  149291.007     0.200000         8425         1.25
  154140.671     0.300000        12529         1.43
  175374.335     0.400000        16569         1.67
  181665.791     0.500000        20753         2.00
  183894.015     0.550000        22891         2.22
  186777.599     0.600000        24882         2.50
  192282.623     0.650000        27030         2.86
  194379.775     0.700000        29086         3.33
  196476.927     0.750000        31133         4.00
  197787.647     0.775000        32123         4.44
  209059.839     0.800000        33137         5.00
  237895.679     0.825000        34177         5.71
  245235.711     0.850000        35228         6.67
  248250.367     0.875000        36261         8.00
  249167.871     0.887500        36824         8.89
  249823.231     0.900000        37281        10.00
  250347.519     0.912500        37925        11.43
  250740.735     0.925000        38466        13.33
  251133.951     0.937500        38986        16.00
  251265.023     0.943750        39161        17.78
  251527.167     0.950000        39465        20.00
  251658.239     0.956250        39644        22.86
  252051.455     0.962500        39879        26.67
  252837.887     0.968750        40166        32.00
  253231.103     0.971875        40304        35.56
  253493.247     0.975000        40418        40.00
  254017.535     0.978125        40542        45.71
  255066.111     0.981250        40648        53.33
  255590.399     0.984375        40800        64.00
  255721.471     0.985938        40873        71.11
  255852.543     0.987500        40945        80.00
  255983.615     0.989062        41023        91.43
  256114.687     0.990625        41106       106.67
  256114.687     0.992188        41106       128.00
  256245.759     0.992969        41219       142.22
  256245.759     0.993750        41219       160.00
  256245.759     0.994531        41219       182.86
  256376.831     0.995313        41321       213.33
  256376.831     0.996094        41321       256.00
  256376.831     0.996484        41321       284.44
  256376.831     0.996875        41321       320.00
  256376.831     0.997266        41321       365.71
  256507.903     0.997656        41362       426.67
  256507.903     0.998047        41362       512.00
  256507.903     0.998242        41362       568.89
  256507.903     0.998437        41362       640.00
  256638.975     0.998633        41398       731.43
  256638.975     0.998828        41398       853.33
  256638.975     0.999023        41398      1024.00
  256638.975     0.999121        41398      1137.78
  256638.975     0.999219        41398      1280.00
  256638.975     0.999316        41398      1462.86
  256638.975     0.999414        41398      1706.67
  256770.047     0.999512        41419      2048.00
  256770.047     0.999561        41419      2275.56
  256770.047     0.999609        41419      2560.00
  256770.047     0.999658        41419      2925.71
  256770.047     0.999707        41419      3413.33
  256770.047     0.999756        41419      4096.00
  256770.047     0.999780        41419      4551.11
  256770.047     0.999805        41419      5120.00
  256770.047     0.999829        41419      5851.43
  256770.047     0.999854        41419      6826.67
  256770.047     0.999878        41419      8192.00
  256770.047     0.999890        41419      9102.22
  256770.047     0.999902        41419     10240.00
  256770.047     0.999915        41419     11702.86
  256770.047     0.999927        41419     13653.33
  256770.047     0.999939        41419     16384.00
  256770.047     0.999945        41419     18204.44
  256770.047     0.999951        41419     20480.00
  256901.119     0.999957        41421     23405.71
  256901.119     1.000000        41421          inf
#[Mean    =   167039.266, StdDeviation   =    68671.722]
#[Max     =   256770.048, Total count    =        41421]
#[Buckets =           27, SubBuckets     =         2048]
----------------------------------------------------------
  42076 requests in 15.00m, 364.28MB read
  Socket errors: connect 0, read 0, write 11, timeout 136
Requests/sec:     46.75
Transfer/sec:    414.45KB
