Running 15m test @ http://10.107.150.159:8080/wrk2-api/post/compose
  2 threads and 4 connections
  Thread calibration: mean lat.: 37.665ms, rate sampling interval: 105ms
  Thread calibration: mean lat.: 28.167ms, rate sampling interval: 86ms
  Thread Stats   Avg      Stdev     99%   +/- Stdev
    Latency     2.94m     1.43m    4.11m    83.84%
    Req/Sec    11.22     10.67    38.00     79.67%
  Latency Distribution (HdrHistogram - Recorded Latency)
 50.000%    3.88m 
 75.000%    4.03m 
 90.000%    4.07m 
 99.000%    4.11m 
 99.900%    4.12m 
 99.990%    4.13m 
 99.999%    4.14m 
100.000%    4.14m 

  Detailed Percentile spectrum:
       Value   Percentile   TotalCount 1/(1-Percentile)

       4.069     0.000000            1         1.00
   16310.271     0.100000         2033         1.11
  113901.567     0.200000         4072         1.25
  118489.087     0.300000         6116         1.43
  228065.279     0.400000         8145         1.67
  232783.871     0.500000        10225         2.00
  234881.023     0.550000        11219         2.22
  237502.463     0.600000        12218         2.50
  239861.759     0.650000        13231         2.86
  241303.551     0.700000        14285         3.33
  242089.983     0.750000        15283         4.00
  242483.199     0.775000        15862         4.44
  242745.343     0.800000        16408         5.00
  243007.487     0.825000        16882         5.71
  243400.703     0.850000        17371         6.67
  243793.919     0.875000        17795         8.00
  244056.063     0.887500        18108         8.89
  244318.207     0.900000        18430        10.00
  244449.279     0.912500        18574        11.43
  244711.423     0.925000        18858        13.33
  244973.567     0.937500        19133        16.00
  245104.639     0.943750        19275        17.78
  245235.711     0.950000        19412        20.00
  245366.783     0.956250        19502        22.86
  245497.855     0.962500        19581        26.67
  245759.999     0.968750        19753        32.00
  245891.071     0.971875        19855        35.56
  245891.071     0.975000        19855        40.00
  246022.143     0.978125        19943        45.71
  246153.215     0.981250        20013        53.33
  246153.215     0.984375        20013        64.00
  246284.287     0.985938        20089        71.11
  246284.287     0.987500        20089        80.00
  246415.359     0.989062        20167        91.43
  246415.359     0.990625        20167       106.67
  246546.431     0.992188        20211       128.00
  246546.431     0.992969        20211       142.22
  246546.431     0.993750        20211       160.00
  246677.503     0.994531        20250       182.86
  246677.503     0.995313        20250       213.33
  246808.575     0.996094        20274       256.00
  246808.575     0.996484        20274       284.44
  246808.575     0.996875        20274       320.00
  246939.647     0.997266        20283       365.71
  246939.647     0.997656        20283       426.67
  247070.719     0.998047        20296       512.00
  247070.719     0.998242        20296       568.89
  247201.791     0.998437        20307       640.00
  247201.791     0.998633        20307       731.43
  247201.791     0.998828        20307       853.33
  247332.863     0.999023        20318      1024.00
  247332.863     0.999121        20318      1137.78
  247332.863     0.999219        20318      1280.00
  247332.863     0.999316        20318      1462.86
  247463.935     0.999414        20323      1706.67
  247463.935     0.999512        20323      2048.00
  247463.935     0.999561        20323      2275.56
  247463.935     0.999609        20323      2560.00
  247595.007     0.999658        20327      2925.71
  247595.007     0.999707        20327      3413.33
  247595.007     0.999756        20327      4096.00
  247595.007     0.999780        20327      4551.11
  247595.007     0.999805        20327      5120.00
  247595.007     0.999829        20327      5851.43
  247726.079     0.999854        20328      6826.67
  247726.079     0.999878        20328      8192.00
  247726.079     0.999890        20328      9102.22
  247857.151     0.999902        20329     10240.00
  247857.151     0.999915        20329     11702.86
  247857.151     0.999927        20329     13653.33
  247857.151     0.999939        20329     16384.00
  247857.151     0.999945        20329     18204.44
  248119.295     0.999951        20330     20480.00
  248119.295     1.000000        20330          inf
#[Mean    =   176307.529, StdDeviation   =    85891.573]
#[Max     =   247988.224, Total count    =        20330]
#[Buckets =           27, SubBuckets     =         2048]
----------------------------------------------------------
  20657 requests in 15.00m, 270.36MB read
  Socket errors: connect 0, read 0, write 14, timeout 16
  Non-2xx or 3xx responses: 1
Requests/sec:     22.95
Transfer/sec:    307.57KB
