Running 15m test @ http://10.100.186.155:8080/wrk2-api/post/compose
  2 threads and 4 connections
  Thread calibration: mean lat.: 608.110ms, rate sampling interval: 4579ms
  Thread calibration: mean lat.: 34.936ms, rate sampling interval: 63ms
  Thread Stats   Avg      Stdev     99%   +/- Stdev
    Latency     2.06m     1.01m    3.20m    76.40%
    Req/Sec     4.25      8.20    32.00     76.53%
  Latency Distribution (HdrHistogram - Recorded Latency)
 50.000%    2.56m 
 75.000%    2.96m 
 90.000%    3.05m 
 99.000%    3.20m 
 99.900%    3.24m 
 99.990%    3.24m 
 99.999%    3.25m 
100.000%    3.25m 

  Detailed Percentile spectrum:
       Value   Percentile   TotalCount 1/(1-Percentile)

      10.503     0.000000            1         1.00
   16744.447     0.100000          735         1.11
   78249.983     0.200000         1470         1.25
   89325.567     0.300000         2207         1.43
  100335.615     0.400000         2942         1.67
  153354.239     0.500000         3687         2.00
  156631.039     0.550000         4059         2.22
  159383.551     0.600000         4417         2.50
  169607.167     0.650000         4781         2.86
  175374.335     0.700000         5150         3.33
  177471.487     0.750000         5531         4.00
  178388.991     0.775000         5700         4.44
  179175.423     0.800000         5901         5.00
  180223.999     0.825000         6071         5.71
  181141.503     0.850000         6250         6.67
  182190.079     0.875000         6463         8.00
  182452.223     0.887500         6533         8.89
  182845.439     0.900000         6623        10.00
  183238.655     0.912500         6708        11.43
  183894.015     0.925000         6813        13.33
  184418.303     0.937500         6895        16.00
  184811.519     0.943750         6936        17.78
  185204.735     0.950000         6997        20.00
  185597.951     0.956250         7038        22.86
  185991.167     0.962500         7073        26.67
  186646.527     0.968750         7119        32.00
  187039.743     0.971875         7142        35.56
  188219.391     0.975000         7166        40.00
  189399.039     0.978125         7188        45.71
  189792.255     0.981250         7213        53.33
  190447.615     0.984375         7235        64.00
  190709.759     0.985938         7245        71.11
  191102.975     0.987500         7259        80.00
  191496.191     0.989062         7268        91.43
  191889.407     0.990625         7282       106.67
  192282.623     0.992188         7291       128.00
  192675.839     0.992969         7298       142.22
  192806.911     0.993750         7303       160.00
  193069.055     0.994531         7313       182.86
  193200.127     0.995313         7320       213.33
  193200.127     0.996094         7320       256.00
  193462.271     0.996484         7324       284.44
  193593.343     0.996875         7328       320.00
  193593.343     0.997266         7328       365.71
  193724.415     0.997656         7332       426.67
  193855.487     0.998047         7335       512.00
  193986.559     0.998242         7337       568.89
  193986.559     0.998437         7337       640.00
  194117.631     0.998633         7341       731.43
  194117.631     0.998828         7341       853.33
  194117.631     0.999023         7341      1024.00
  194248.703     0.999121         7342      1137.78
  194379.775     0.999219         7345      1280.00
  194379.775     0.999316         7345      1462.86
  194379.775     0.999414         7345      1706.67
  194379.775     0.999512         7345      2048.00
  194379.775     0.999561         7345      2275.56
  194641.919     0.999609         7347      2560.00
  194641.919     0.999658         7347      2925.71
  194641.919     0.999707         7347      3413.33
  194641.919     0.999756         7347      4096.00
  194641.919     0.999780         7347      4551.11
  194641.919     0.999805         7347      5120.00
  194641.919     0.999829         7347      5851.43
  194641.919     0.999854         7347      6826.67
  194904.063     0.999878         7348      8192.00
  194904.063     1.000000         7348          inf
#[Mean    =   123305.272, StdDeviation   =    60870.331]
#[Max     =   194772.992, Total count    =         7348]
#[Buckets =           27, SubBuckets     =         2048]
----------------------------------------------------------
  7464 requests in 15.00m, 1.53MB read
  Socket errors: connect 0, read 0, write 12, timeout 24
Requests/sec:      8.29
Transfer/sec:      1.74KB
