Running 15m test @ http://10.100.186.155:8080/wrk2-api/post/compose
  2 threads and 4 connections
  Thread calibration: mean lat.: 10.947ms, rate sampling interval: 26ms
  Thread calibration: mean lat.: 13.473ms, rate sampling interval: 57ms
  Thread Stats   Avg      Stdev     99%   +/- Stdev
    Latency     3.76m     1.36m    5.04m    88.22%
    Req/Sec    20.46     33.42   153.00     88.17%
  Latency Distribution (HdrHistogram - Recorded Latency)
 50.000%    4.17m 
 75.000%    4.29m 
 90.000%    4.94m 
 99.000%    5.04m 
 99.900%    5.06m 
 99.990%    5.07m 
 99.999%    5.07m 
100.000%    5.07m 

  Detailed Percentile spectrum:
       Value   Percentile   TotalCount 1/(1-Percentile)

       4.139     0.000000            1         1.00
   34144.255     0.100000         3627         1.11
  221642.751     0.200000         7259         1.25
  246284.287     0.300000        10907         1.43
  248381.439     0.400000        14672         1.67
  249954.303     0.500000        18360         2.00
  250740.735     0.550000        20081         2.22
  252051.455     0.600000        21761         2.50
  253755.391     0.650000        23639         2.86
  255721.471     0.700000        25403         3.33
  257425.407     0.750000        27252         4.00
  258342.911     0.775000        28108         4.44
  262275.071     0.800000        29022         5.00
  278659.071     0.825000        29939         5.71
  280231.935     0.850000        30877         6.67
  283901.951     0.875000        31805         8.00
  295698.431     0.887500        32309         8.89
  296484.863     0.900000        32784        10.00
  297271.295     0.912500        33098        11.43
  298582.015     0.925000        33701        13.33
  299368.447     0.937500        34160        16.00
  299630.591     0.943750        34327        17.78
  299892.735     0.950000        34556        20.00
  300154.879     0.956250        34784        22.86
  300417.023     0.962500        34975        26.67
  300941.311     0.968750        35180        32.00
  301465.599     0.971875        35394        35.56
  301465.599     0.975000        35394        40.00
  301727.743     0.978125        35652        45.71
  301727.743     0.981250        35652        53.33
  301989.887     0.984375        35874        64.00
  301989.887     0.985938        35874        71.11
  301989.887     0.987500        35874        80.00
  301989.887     0.989062        35874        91.43
  302252.031     0.990625        35978       106.67
  302514.175     0.992188        36027       128.00
  302514.175     0.992969        36027       142.22
  302776.319     0.993750        36071       160.00
  302776.319     0.994531        36071       182.86
  303038.463     0.995313        36132       213.33
  303038.463     0.996094        36132       256.00
  303300.607     0.996484        36184       284.44
  303300.607     0.996875        36184       320.00
  303300.607     0.997266        36184       365.71
  303300.607     0.997656        36184       426.67
  303562.751     0.998047        36202       512.00
  303562.751     0.998242        36202       568.89
  303824.895     0.998437        36246       640.00
  303824.895     0.998633        36246       731.43
  303824.895     0.998828        36246       853.33
  303824.895     0.999023        36246      1024.00
  303824.895     0.999121        36246      1137.78
  303824.895     0.999219        36246      1280.00
  303824.895     0.999316        36246      1462.86
  303824.895     0.999414        36246      1706.67
  303824.895     0.999512        36246      2048.00
  304087.039     0.999561        36262      2275.56
  304087.039     1.000000        36262          inf
#[Mean    =   225828.921, StdDeviation   =    81898.042]
#[Max     =   303824.896, Total count    =        36262]
#[Buckets =           27, SubBuckets     =         2048]
----------------------------------------------------------
  36913 requests in 15.00m, 310.84MB read
  Socket errors: connect 0, read 0, write 15, timeout 141
Requests/sec:     41.01
Transfer/sec:    353.65KB
