Running 15m test @ http://10.98.104.124:8080/wrk2-api/post/compose
  2 threads and 4 connections
  Thread calibration: mean lat.: 17.372ms, rate sampling interval: 42ms
  Thread calibration: mean lat.: 20.139ms, rate sampling interval: 50ms
  Thread Stats   Avg      Stdev     99%   +/- Stdev
    Latency    12.79s    14.09s   39.88s    75.86%
    Req/Sec     4.85     10.36    47.00     80.10%
  Latency Distribution (HdrHistogram - Recorded Latency)
 50.000%    1.76s 
 75.000%   26.36s 
 90.000%   33.16s 
 99.000%   39.88s 
 99.900%   42.89s 
 99.990%   44.34s 
 99.999%   44.37s 
100.000%   44.37s 

  Detailed Percentile spectrum:
       Value   Percentile   TotalCount 1/(1-Percentile)

      10.199     0.000000            1         1.00
     168.575     0.100000          870         1.11
     495.615     0.200000         1740         1.25
     806.399     0.300000         2612         1.43
    1171.455     0.400000         3480         1.67
    1764.351     0.500000         4350         2.00
    2670.591     0.550000         4785         2.22
   20168.703     0.600000         5221         2.50
   22200.319     0.650000         5656         2.86
   24018.943     0.700000         6091         3.33
   26361.855     0.750000         6525         4.00
   27754.495     0.775000         6743         4.44
   28966.911     0.800000         6961         5.00
   29966.335     0.825000         7178         5.71
   30998.527     0.850000         7397         6.67
   32129.023     0.875000         7615         8.00
   32604.159     0.887500         7721         8.89
   33161.215     0.900000         7833        10.00
   33685.503     0.912500         7942        11.43
   34406.399     0.925000         8051        13.33
   35094.527     0.937500         8158        16.00
   35422.207     0.943750         8214        17.78
   35848.191     0.950000         8265        20.00
   36241.407     0.956250         8319        22.86
   36765.695     0.962500         8374        26.67
   37224.447     0.968750         8433        32.00
   37453.823     0.971875         8456        35.56
   37748.735     0.975000         8484        40.00
   37978.111     0.978125         8509        45.71
   38371.327     0.981250         8537        53.33
   38699.007     0.984375         8565        64.00
   38928.383     0.985938         8577        71.11
   39354.367     0.987500         8591        80.00
   39682.047     0.989062         8604        91.43
   39976.959     0.990625         8618       106.67
   40468.479     0.992188         8632       128.00
   40697.855     0.992969         8638       142.22
   40959.999     0.993750         8646       160.00
   41058.303     0.994531         8652       182.86
   41254.911     0.995313         8660       213.33
   41418.751     0.996094         8666       256.00
   41451.519     0.996484         8669       284.44
   41648.127     0.996875         8672       320.00
   41975.807     0.997266         8677       365.71
   42041.343     0.997656         8679       426.67
   42467.327     0.998047         8683       512.00
   42532.863     0.998242         8684       568.89
   42663.935     0.998437         8687       640.00
   42729.471     0.998633         8688       731.43
   42860.543     0.998828         8689       853.33
   43024.383     0.999023         8691      1024.00
   43057.151     0.999121         8692      1137.78
   43286.527     0.999219         8693      1280.00
   43352.063     0.999316         8695      1462.86
   43352.063     0.999414         8695      1706.67
   43352.063     0.999512         8695      2048.00
   43712.511     0.999561         8696      2275.56
   43712.511     0.999609         8696      2560.00
   44236.799     0.999658         8697      2925.71
   44236.799     0.999707         8697      3413.33
   44236.799     0.999756         8697      4096.00
   44335.103     0.999780         8698      4551.11
   44335.103     0.999805         8698      5120.00
   44335.103     0.999829         8698      5851.43
   44335.103     0.999854         8698      6826.67
   44335.103     0.999878         8698      8192.00
   44367.871     0.999890         8699      9102.22
   44367.871     1.000000         8699          inf
#[Mean    =    12789.284, StdDeviation   =    14093.820]
#[Max     =    44335.104, Total count    =         8699]
#[Buckets =           27, SubBuckets     =         2048]
----------------------------------------------------------
  8816 requests in 15.00m, 1.81MB read
  Socket errors: connect 0, read 0, write 8, timeout 19
Requests/sec:      9.79
Transfer/sec:      2.06KB
