Running 15m test @ http://10.98.104.124:8080/wrk2-api/post/compose
  2 threads and 4 connections
  Thread calibration: mean lat.: 4.350ms, rate sampling interval: 11ms
  Thread calibration: mean lat.: 5.134ms, rate sampling interval: 14ms
  Thread Stats   Avg      Stdev     99%   +/- Stdev
    Latency     2.16m     0.90m    2.79m    83.91%
    Req/Sec    25.67     48.33   200.00     81.02%
  Latency Distribution (HdrHistogram - Recorded Latency)
 50.000%    2.52m 
 75.000%    2.65m 
 90.000%    2.72m 
 99.000%    2.79m 
 99.900%    2.80m 
 99.990%    2.81m 
 99.999%    2.81m 
100.000%    2.81m 

  Detailed Percentile spectrum:
       Value   Percentile   TotalCount 1/(1-Percentile)

       0.013     0.000000            1         1.00
      98.303     0.100000         4399         1.11
  141819.903     0.200000         8803         1.25
  144965.631     0.300000        13440         1.43
  148766.719     0.400000        17760         1.67
  150994.943     0.500000        22237         2.00
  152174.591     0.550000        24337         2.22
  153878.527     0.600000        26493         2.50
  156499.967     0.650000        28692         2.86
  157810.687     0.700000        30829         3.33
  159121.407     0.750000        33089         4.00
  159514.623     0.775000        34136         4.44
  160038.911     0.800000        35213         5.00
  160563.199     0.825000        36500         5.71
  161087.487     0.850000        37469         6.67
  162660.351     0.875000        38600         8.00
  163184.639     0.887500        39213         8.89
  163446.783     0.900000        39595        10.00
  163839.999     0.912500        40213        11.43
  164233.215     0.925000        40684        13.33
  164757.503     0.937500        41397        16.00
  164888.575     0.943750        41602        17.78
  165019.647     0.950000        41784        20.00
  165412.863     0.956250        42153        22.86
  165675.007     0.962500        42393        26.67
  166068.223     0.968750        42753        32.00
  166068.223     0.971875        42753        35.56
  166199.295     0.975000        42901        40.00
  166461.439     0.978125        43122        45.71
  166592.511     0.981250        43208        53.33
  166854.655     0.984375        43362        64.00
  166985.727     0.985938        43409        71.11
  167116.799     0.987500        43494        80.00
  167247.871     0.989062        43577        91.43
  167247.871     0.990625        43577       106.67
  167510.015     0.992188        43661       128.00
  167641.087     0.992969        43716       142.22
  167641.087     0.993750        43716       160.00
  167772.159     0.994531        43766       182.86
  167903.231     0.995313        43812       213.33
  167903.231     0.996094        43812       256.00
  168034.303     0.996484        43856       284.44
  168034.303     0.996875        43856       320.00
  168165.375     0.997266        43901       365.71
  168165.375     0.997656        43901       426.67
  168165.375     0.998047        43901       512.00
  168296.447     0.998242        43942       568.89
  168296.447     0.998437        43942       640.00
  168296.447     0.998633        43942       731.43
  168296.447     0.998828        43942       853.33
  168296.447     0.999023        43942      1024.00
  168427.519     0.999121        43959      1137.78
  168427.519     0.999219        43959      1280.00
  168427.519     0.999316        43959      1462.86
  168427.519     0.999414        43959      1706.67
  168558.591     0.999512        43974      2048.00
  168558.591     0.999561        43974      2275.56
  168558.591     0.999609        43974      2560.00
  168558.591     0.999658        43974      2925.71
  168558.591     0.999707        43974      3413.33
  168558.591     0.999756        43974      4096.00
  168558.591     0.999780        43974      4551.11
  168558.591     0.999805        43974      5120.00
  168689.663     0.999829        43977      5851.43
  168689.663     0.999854        43977      6826.67
  168689.663     0.999878        43977      8192.00
  168820.735     0.999890        43982      9102.22
  168820.735     1.000000        43982          inf
#[Mean    =   129741.717, StdDeviation   =    53827.515]
#[Max     =   168689.664, Total count    =        43982]
#[Buckets =           27, SubBuckets     =         2048]
----------------------------------------------------------
  44636 requests in 15.00m, 391.22MB read
  Socket errors: connect 0, read 1, write 10, timeout 0
Requests/sec:     49.59
Transfer/sec:    445.10KB
