Running 15m test @ http://10.98.104.124:8080/wrk2-api/post/compose
  2 threads and 4 connections
  Thread calibration: mean lat.: 27.254ms, rate sampling interval: 79ms
  Thread calibration: mean lat.: 29.873ms, rate sampling interval: 80ms
  Thread Stats   Avg      Stdev     99%   +/- Stdev
    Latency     1.54m     0.98m    2.68m    52.28%
    Req/Sec    12.76     12.36    50.00     91.79%
  Latency Distribution (HdrHistogram - Recorded Latency)
 50.000%    2.16m 
 75.000%    2.34m 
 90.000%    2.54m 
 99.000%    2.68m 
 99.900%    2.73m 
 99.990%    2.75m 
 99.999%    2.75m 
100.000%    2.75m 

  Detailed Percentile spectrum:
       Value   Percentile   TotalCount 1/(1-Percentile)

       4.175     0.000000            1         1.00
     338.687     0.100000         2317         1.11
   29327.359     0.200000         4641         1.25
   31670.271     0.300000         6959         1.43
   74973.183     0.400000         9267         1.67
  129695.743     0.500000        11589         2.00
  131792.895     0.550000        12766         2.22
  133758.975     0.600000        13960         2.50
  135135.231     0.650000        15125         2.86
  136970.239     0.700000        16249         3.33
  140640.255     0.750000        17407         4.00
  142868.479     0.775000        17968         4.44
  144572.415     0.800000        18555         5.00
  147324.927     0.825000        19112         5.71
  149553.151     0.850000        19743         6.67
  150601.727     0.875000        20291         8.00
  151388.159     0.887500        20597         8.89
  152305.663     0.900000        20880        10.00
  152829.951     0.912500        21180        11.43
  153354.239     0.925000        21439        13.33
  154140.671     0.937500        21734        16.00
  154796.031     0.943750        21865        17.78
  156762.111     0.950000        22026        20.00
  157417.471     0.956250        22161        22.86
  158072.831     0.962500        22346        26.67
  158466.047     0.968750        22470        32.00
  158728.191     0.971875        22549        35.56
  158859.263     0.975000        22595        40.00
  159121.407     0.978125        22687        45.71
  159252.479     0.981250        22738        53.33
  159514.623     0.984375        22808        64.00
  159776.767     0.985938        22865        71.11
  160038.911     0.987500        22882        80.00
  160432.127     0.989062        22915        91.43
  161087.487     0.990625        22947       106.67
  161742.847     0.992188        22986       128.00
  162004.991     0.992969        23010       142.22
  162136.063     0.993750        23026       160.00
  162267.135     0.994531        23042       182.86
  162398.207     0.995313        23057       213.33
  162660.351     0.996094        23074       256.00
  162922.495     0.996484        23093       284.44
  162922.495     0.996875        23093       320.00
  163184.639     0.997266        23111       365.71
  163184.639     0.997656        23111       426.67
  163446.783     0.998047        23121       512.00
  163577.855     0.998242        23129       568.89
  163577.855     0.998437        23129       640.00
  163708.927     0.998633        23137       731.43
  163708.927     0.998828        23137       853.33
  163839.999     0.999023        23144      1024.00
  163839.999     0.999121        23144      1137.78
  163971.071     0.999219        23148      1280.00
  164102.143     0.999316        23152      1462.86
  164102.143     0.999414        23152      1706.67
  164233.215     0.999512        23155      2048.00
  164233.215     0.999561        23155      2275.56
  164233.215     0.999609        23155      2560.00
  164495.359     0.999658        23157      2925.71
  164757.503     0.999707        23163      3413.33
  164757.503     0.999756        23163      4096.00
  164757.503     0.999780        23163      4551.11
  164757.503     0.999805        23163      5120.00
  164757.503     0.999829        23163      5851.43
  164757.503     0.999854        23163      6826.67
  164757.503     0.999878        23163      8192.00
  164757.503     0.999890        23163      9102.22
  164757.503     0.999902        23163     10240.00
  164757.503     0.999915        23163     11702.86
  164757.503     0.999927        23163     13653.33
  164757.503     0.999939        23163     16384.00
  164757.503     0.999945        23163     18204.44
  164757.503     0.999951        23163     20480.00
  164888.575     0.999957        23164     23405.71
  164888.575     1.000000        23164          inf
#[Mean    =    92543.384, StdDeviation   =    58512.985]
#[Max     =   164757.504, Total count    =        23164]
#[Buckets =           27, SubBuckets     =         2048]
----------------------------------------------------------
  23490 requests in 15.00m, 307.90MB read
  Socket errors: connect 0, read 0, write 10, timeout 0
Requests/sec:     26.10
Transfer/sec:    350.27KB
