Running 15m test @ http://10.109.133.166:8080/wrk2-api/post/compose
  2 threads and 4 connections
  Thread calibration: mean lat.: 596.210ms, rate sampling interval: 1942ms
  Thread calibration: mean lat.: 488.882ms, rate sampling interval: 2025ms
  Thread Stats   Avg      Stdev     99%   +/- Stdev
    Latency    43.44s    20.56s    1.43m    70.54%
    Req/Sec     4.19      1.77     9.00     85.40%
  Latency Distribution (HdrHistogram - Recorded Latency)
 50.000%   37.16s 
 75.000%   44.83s 
 90.000%    1.30m 
 99.000%    1.43m 
 99.900%    1.49m 
 99.990%    1.51m 
 99.999%    1.51m 
100.000%    1.51m 

  Detailed Percentile spectrum:
       Value   Percentile   TotalCount 1/(1-Percentile)

      11.455     0.000000            1         1.00
   29229.055     0.100000          842         1.11
   31686.655     0.200000         1681         1.25
   33914.879     0.300000         2532         1.43
   35749.887     0.400000         3367         1.67
   37158.911     0.500000         4213         2.00
   37879.807     0.550000         4623         2.22
   38731.775     0.600000         5041         2.50
   40108.031     0.650000         5467         2.86
   41615.359     0.700000         5882         3.33
   44826.623     0.750000         6298         4.00
   68091.903     0.775000         6508         4.44
   71696.383     0.800000         6717         5.00
   73793.535     0.825000         6931         5.71
   75431.935     0.850000         7138         6.67
   76873.727     0.875000         7356         8.00
   77398.015     0.887500         7462         8.89
   77856.767     0.900000         7575        10.00
   78315.519     0.912500         7673        11.43
   78774.271     0.925000         7770        13.33
   79364.095     0.937500         7877        16.00
   79560.703     0.943750         7929        17.78
   79888.383     0.950000         7978        20.00
   80216.063     0.956250         8032        22.86
   80871.423     0.962500         8083        26.67
   81657.855     0.968750         8134        32.00
   82182.143     0.971875         8161        35.56
   82509.823     0.975000         8186        40.00
   83230.719     0.978125         8214        45.71
   83689.471     0.981250         8239        53.33
   84344.831     0.984375         8264        64.00
   85065.727     0.985938         8277        71.11
   85590.015     0.987500         8294        80.00
   85786.623     0.989062         8304        91.43
   85917.695     0.990625         8318       106.67
   86048.767     0.992188         8331       128.00
   86179.839     0.992969         8338       142.22
   86310.911     0.993750         8343       160.00
   86835.199     0.994531         8351       182.86
   87228.415     0.995313         8356       213.33
   87687.167     0.996094         8363       256.00
   87883.775     0.996484         8366       284.44
   88211.455     0.996875         8369       320.00
   88473.599     0.997266         8373       365.71
   88735.743     0.997656         8376       426.67
   88997.887     0.998047         8380       512.00
   89063.423     0.998242         8381       568.89
   89325.567     0.998437         8382       640.00
   89522.175     0.998633         8385       731.43
   89587.711     0.998828         8388       853.33
   89587.711     0.999023         8388      1024.00
   89587.711     0.999121         8388      1137.78
   89653.247     0.999219         8390      1280.00
   89653.247     0.999316         8390      1462.86
   90046.463     0.999414         8391      1706.67
   90046.463     0.999512         8391      2048.00
   90243.071     0.999561         8393      2275.56
   90243.071     0.999609         8393      2560.00
   90243.071     0.999658         8393      2925.71
   90243.071     0.999707         8393      3413.33
   90243.071     0.999756         8393      4096.00
   90439.679     0.999780         8395      4551.11
   90439.679     1.000000         8395          inf
#[Mean    =    43439.805, StdDeviation   =    20562.719]
#[Max     =    90374.144, Total count    =         8395]
#[Buckets =           27, SubBuckets     =         2048]
----------------------------------------------------------
  8501 requests in 15.00m, 1.74MB read
  Socket errors: connect 0, read 0, write 5, timeout 19
Requests/sec:      9.44
Transfer/sec:      1.98KB
