Running 15m test @ http://10.109.133.166:8080/wrk2-api/post/compose
  2 threads and 4 connections
  Thread calibration: mean lat.: 3798.571ms, rate sampling interval: 15687ms
  Thread calibration: mean lat.: 4090.523ms, rate sampling interval: 14573ms
  Thread Stats   Avg      Stdev     99%   +/- Stdev
    Latency     1.11m    27.46s    1.69m    58.61%
    Req/Sec    27.41      6.20    32.00     88.89%
  Latency Distribution (HdrHistogram - Recorded Latency)
 50.000%   45.38s 
 75.000%    1.58m 
 90.000%    1.64m 
 99.000%    1.69m 
 99.900%    1.71m 
 99.990%    1.71m 
 99.999%    1.72m 
100.000%    1.72m 

  Detailed Percentile spectrum:
       Value   Percentile   TotalCount 1/(1-Percentile)

    7696.383     0.000000            1         1.00
   38895.615     0.100000         5044         1.11
   39813.119     0.200000         9993         1.25
   40828.927     0.300000        14951         1.43
   42467.327     0.400000        19899         1.67
   45383.679     0.500000        24866         2.00
   90767.359     0.550000        27374         2.22
   91750.399     0.600000        29857         2.50
   92864.511     0.650000        32423         2.86
   93847.551     0.700000        34991         3.33
   94830.591     0.750000        37276         4.00
   95485.951     0.775000        38522         4.44
   96141.311     0.800000        39919         5.00
   96600.063     0.825000        41051         5.71
   97452.031     0.850000        42371         6.67
   98041.855     0.875000        43655         8.00
   98238.463     0.887500        44291         8.89
   98435.071     0.900000        44804        10.00
   98697.215     0.912500        45519        11.43
   98893.823     0.925000        46037        13.33
   99155.967     0.937500        46653        16.00
   99287.039     0.943750        46942        17.78
   99483.647     0.950000        47305        20.00
   99680.255     0.956250        47623        22.86
   99876.863     0.962500        47854        26.67
  100073.471     0.968750        48153        32.00
  100204.543     0.971875        48355        35.56
  100335.615     0.975000        48525        40.00
  100466.687     0.978125        48634        45.71
  100597.759     0.981250        48806        53.33
  100728.831     0.984375        48937        64.00
  100925.439     0.985938        49048        71.11
  100990.975     0.987500        49091        80.00
  101122.047     0.989062        49165        91.43
  101253.119     0.990625        49253       106.67
  101384.191     0.992188        49335       128.00
  101449.727     0.992969        49353       142.22
  101580.799     0.993750        49388       160.00
  101777.407     0.994531        49449       182.86
  101842.943     0.995313        49484       213.33
  101908.479     0.996094        49534       256.00
  101908.479     0.996484        49534       284.44
  101974.015     0.996875        49563       320.00
  101974.015     0.997266        49563       365.71
  102039.551     0.997656        49583       426.67
  102105.087     0.998047        49608       512.00
  102170.623     0.998242        49623       568.89
  102170.623     0.998437        49623       640.00
  102236.159     0.998633        49641       731.43
  102236.159     0.998828        49641       853.33
  102301.695     0.999023        49650      1024.00
  102367.231     0.999121        49659      1137.78
  102367.231     0.999219        49659      1280.00
  102432.767     0.999316        49667      1462.86
  102498.303     0.999414        49670      1706.67
  102629.375     0.999512        49676      2048.00
  102629.375     0.999561        49676      2275.56
  102694.911     0.999609        49679      2560.00
  102760.447     0.999658        49686      2925.71
  102760.447     0.999707        49686      3413.33
  102760.447     0.999756        49686      4096.00
  102825.983     0.999780        49692      4551.11
  102825.983     0.999805        49692      5120.00
  102825.983     0.999829        49692      5851.43
  102825.983     0.999854        49692      6826.67
  102825.983     0.999878        49692      8192.00
  102825.983     0.999890        49692      9102.22
  102891.519     0.999902        49696     10240.00
  102891.519     0.999915        49696     11702.86
  102891.519     0.999927        49696     13653.33
  102891.519     0.999939        49696     16384.00
  102891.519     0.999945        49696     18204.44
  102891.519     0.999951        49696     20480.00
  102891.519     0.999957        49696     23405.71
  102891.519     0.999963        49696     27306.67
  102891.519     0.999969        49696     32768.00
  102891.519     0.999973        49696     36408.89
  102891.519     0.999976        49696     40960.00
  102891.519     0.999979        49696     46811.43
  102957.055     0.999982        49697     54613.33
  102957.055     1.000000        49697          inf
#[Mean    =    66688.072, StdDeviation   =    27455.007]
#[Max     =   102891.520, Total count    =        49697]
#[Buckets =           27, SubBuckets     =         2048]
----------------------------------------------------------
  49796 requests in 15.00m, 426.80MB read
  Socket errors: connect 0, read 0, write 5, timeout 0
Requests/sec:     55.33
Transfer/sec:    485.59KB
