Running 15m test @ http://10.109.133.166:8080/wrk2-api/post/compose
  2 threads and 4 connections
  Thread calibration: mean lat.: 4690.261ms, rate sampling interval: 14753ms
  Thread calibration: mean lat.: 5671.509ms, rate sampling interval: 15204ms
  Thread Stats   Avg      Stdev     99%   +/- Stdev
    Latency     1.11m    25.17s    1.80m    66.54%
    Req/Sec    13.46      3.49    17.00     92.37%
  Latency Distribution (HdrHistogram - Recorded Latency)
 50.000%   47.22s 
 75.000%    1.52m 
 90.000%    1.63m 
 99.000%    1.80m 
 99.900%    1.82m 
 99.990%    1.82m 
 99.999%    1.82m 
100.000%    1.82m 

  Detailed Percentile spectrum:
       Value   Percentile   TotalCount 1/(1-Percentile)

    7729.151     0.000000            1         1.00
   41353.215     0.100000         2491         1.11
   42369.023     0.200000         5039         1.25
   43352.063     0.300000         7453         1.43
   44531.711     0.400000         9922         1.67
   47218.687     0.500000        12393         2.00
   82903.039     0.550000        13635         2.22
   85327.871     0.600000        14878         2.50
   87425.023     0.650000        16131         2.86
   88866.815     0.700000        17349         3.33
   91357.183     0.750000        18605         4.00
   92078.079     0.775000        19251         4.44
   93323.263     0.800000        19847         5.00
   94437.375     0.825000        20448         5.71
   95420.415     0.850000        21080         6.67
   96534.527     0.875000        21687         8.00
   97058.815     0.887500        21996         8.89
   97583.103     0.900000        22308        10.00
   98172.927     0.912500        22649        11.43
   98959.359     0.925000        22937        13.33
  100007.935     0.937500        23235        16.00
  101122.047     0.943750        23396        17.78
  101711.871     0.950000        23551        20.00
  102170.623     0.956250        23702        22.86
  102694.911     0.962500        23872        26.67
  103088.127     0.968750        24025        32.00
  103350.271     0.971875        24093        35.56
  103809.023     0.975000        24165        40.00
  104202.239     0.978125        24242        45.71
  104857.599     0.981250        24317        53.33
  106627.071     0.984375        24394        64.00
  107020.287     0.985938        24433        71.11
  107347.967     0.987500        24483        80.00
  107544.575     0.989062        24511        91.43
  107872.255     0.990625        24549       106.67
  108199.935     0.992188        24592       128.00
  108331.007     0.992969        24620       142.22
  108396.543     0.993750        24633       160.00
  108462.079     0.994531        24650       182.86
  108527.615     0.995313        24669       213.33
  108658.687     0.996094        24696       256.00
  108658.687     0.996484        24696       284.44
  108724.223     0.996875        24711       320.00
  108789.759     0.997266        24724       365.71
  108789.759     0.997656        24724       426.67
  108855.295     0.998047        24733       512.00
  108920.831     0.998242        24743       568.89
  108920.831     0.998437        24743       640.00
  108986.367     0.998633        24752       731.43
  108986.367     0.998828        24752       853.33
  109051.903     0.999023        24758      1024.00
  109117.439     0.999121        24764      1137.78
  109117.439     0.999219        24764      1280.00
  109182.975     0.999316        24768      1462.86
  109182.975     0.999414        24768      1706.67
  109248.511     0.999512        24770      2048.00
  109314.047     0.999561        24773      2275.56
  109314.047     0.999609        24773      2560.00
  109314.047     0.999658        24773      2925.71
  109379.583     0.999707        24776      3413.33
  109379.583     0.999756        24776      4096.00
  109379.583     0.999780        24776      4551.11
  109445.119     0.999805        24781      5120.00
  109445.119     1.000000        24781          inf
#[Mean    =    66460.820, StdDeviation   =    25169.927]
#[Max     =   109379.584, Total count    =        24781]
#[Buckets =           27, SubBuckets     =         2048]
----------------------------------------------------------
  24837 requests in 15.00m, 307.15MB read
  Socket errors: connect 0, read 0, write 5, timeout 0
Requests/sec:     27.60
Transfer/sec:    349.45KB
