Running 15m test @ http://10.110.15.178:8080/wrk2-api/post/compose
  2 threads and 4 connections
  Thread calibration: mean lat.: 84.946ms, rate sampling interval: 541ms
  Thread calibration: mean lat.: 53.896ms, rate sampling interval: 193ms
  Thread Stats   Avg      Stdev     99%   +/- Stdev
    Latency     9.08s    15.06s   42.63s    77.17%
    Req/Sec     4.65      4.21    15.00     80.65%
  Latency Distribution (HdrHistogram - Recorded Latency)
 50.000%    1.03s 
 75.000%    2.34s 
 90.000%   36.96s 
 99.000%   42.63s 
 99.900%   44.01s 
 99.990%   45.12s 
 99.999%   45.22s 
100.000%   45.22s 

  Detailed Percentile spectrum:
       Value   Percentile   TotalCount 1/(1-Percentile)

       9.447     0.000000            1         1.00
     414.719     0.100000          875         1.11
     558.591     0.200000         1751         1.25
     694.271     0.300000         2626         1.43
     847.871     0.400000         3506         1.67
    1027.583     0.500000         4377         2.00
    1146.879     0.550000         4812         2.22
    1282.047     0.600000         5249         2.50
    1458.175     0.650000         5687         2.86
    1722.367     0.700000         6124         3.33
    2336.767     0.750000         6561         4.00
   29163.519     0.775000         6781         4.44
   32653.311     0.800000         7000         5.00
   33914.879     0.825000         7222         5.71
   34930.687     0.850000         7436         6.67
   35848.191     0.875000         7662         8.00
   36372.479     0.887500         7765         8.89
   36962.303     0.900000         7877        10.00
   37486.591     0.912500         7988        11.43
   38273.023     0.925000         8097        13.33
   38961.151     0.937500         8203        16.00
   39321.599     0.943750         8259        17.78
   39714.815     0.950000         8315        20.00
   40108.031     0.956250         8371        22.86
   40370.175     0.962500         8421        26.67
   40665.087     0.968750         8475        32.00
   40861.695     0.971875         8507        35.56
   41025.535     0.975000         8532        40.00
   41254.911     0.978125         8560        45.71
   41648.127     0.981250         8584        53.33
   42008.575     0.984375         8612        64.00
   42172.415     0.985938         8627        71.11
   42336.255     0.987500         8639        80.00
   42532.863     0.989062         8654        91.43
   42696.703     0.990625         8666       106.67
   42893.311     0.992188         8682       128.00
   42958.847     0.992969         8689       142.22
   43089.919     0.993750         8695       160.00
   43155.455     0.994531         8701       182.86
   43319.295     0.995313         8713       213.33
   43352.063     0.996094         8716       256.00
   43417.599     0.996484         8718       284.44
   43450.367     0.996875         8721       320.00
   43515.903     0.997266         8725       365.71
   43581.439     0.997656         8728       426.67
   43646.975     0.998047         8731       512.00
   43679.743     0.998242         8733       568.89
   43778.047     0.998437         8736       640.00
   43974.655     0.998633         8738       731.43
   43974.655     0.998828         8738       853.33
   44269.567     0.999023         8740      1024.00
   44335.103     0.999121         8741      1137.78
   44433.407     0.999219         8743      1280.00
   44433.407     0.999316         8743      1462.86
   44433.407     0.999414         8743      1706.67
   44498.943     0.999512         8744      2048.00
   44564.479     0.999561         8745      2275.56
   44564.479     0.999609         8745      2560.00
   44695.551     0.999658         8746      2925.71
   44695.551     0.999707         8746      3413.33
   44695.551     0.999756         8746      4096.00
   45121.535     0.999780         8747      4551.11
   45121.535     0.999805         8747      5120.00
   45121.535     0.999829         8747      5851.43
   45121.535     0.999854         8747      6826.67
   45121.535     0.999878         8747      8192.00
   45219.839     0.999890         8748      9102.22
   45219.839     1.000000         8748          inf
#[Mean    =     9075.775, StdDeviation   =    15055.163]
#[Max     =    45187.072, Total count    =         8748]
#[Buckets =           27, SubBuckets     =         2048]
----------------------------------------------------------
  8862 requests in 15.00m, 1.82MB read
  Socket errors: connect 0, read 0, write 7, timeout 18
Requests/sec:      9.85
Transfer/sec:      2.07KB
