Running 15m test @ http://10.110.15.178:8080/wrk2-api/post/compose
  2 threads and 4 connections
  Thread calibration: mean lat.: 7.541ms, rate sampling interval: 18ms
  Thread calibration: mean lat.: 4.056ms, rate sampling interval: 12ms
  Thread Stats   Avg      Stdev     99%   +/- Stdev
    Latency     1.05m     1.22m    4.40m    82.14%
    Req/Sec    22.80     49.16   181.00     84.01%
  Latency Distribution (HdrHistogram - Recorded Latency)
 50.000%   31.62s 
 75.000%    1.84m 
 90.000%    2.89m 
 99.000%    4.40m 
 99.900%    4.60m 
 99.990%    4.63m 
 99.999%    4.63m 
100.000%    4.63m 

  Detailed Percentile spectrum:
       Value   Percentile   TotalCount 1/(1-Percentile)

       0.076     0.000000            1         1.00
      22.271     0.100000         4003         1.11
     130.111     0.200000         8005         1.25
    2695.167     0.300000        12007         1.43
   10215.423     0.400000        16008         1.67
   31621.119     0.500000        20012         2.00
   47349.759     0.550000        22014         2.22
   60686.335     0.600000        24012         2.50
   74645.503     0.650000        26025         2.86
   92274.687     0.700000        28017         3.33
  110231.551     0.750000        30015         4.00
  119603.199     0.775000        31019         4.44
  128843.775     0.800000        32017         5.00
  137625.599     0.825000        33017         5.71
  147062.783     0.850000        34017         6.67
  161480.703     0.875000        35024         8.00
  167903.231     0.887500        35519         8.89
  173670.399     0.900000        36020        10.00
  178782.207     0.912500        36521        11.43
  192020.479     0.925000        37019        13.33
  205127.679     0.937500        37518        16.00
  212074.495     0.943750        37768        17.78
  220725.247     0.950000        38022        20.00
  227934.207     0.956250        38271        22.86
  234356.735     0.962500        38524        26.67
  241958.911     0.968750        38772        32.00
  244711.423     0.971875        38894        35.56
  249036.799     0.975000        39019        40.00
  252837.887     0.978125        39148        45.71
  254935.039     0.981250        39271        53.33
  258211.839     0.984375        39394        64.00
  260308.991     0.985938        39463        71.11
  261619.711     0.987500        39523        80.00
  263192.575     0.989062        39586        91.43
  264765.439     0.990625        39647       106.67
  266993.663     0.992188        39712       128.00
  268042.239     0.992969        39742       142.22
  268959.743     0.993750        39779       160.00
  269746.175     0.994531        39810       182.86
  270532.607     0.995313        39836       213.33
  271581.183     0.996094        39865       256.00
  272105.471     0.996484        39882       284.44
  272367.615     0.996875        39896       320.00
  272891.903     0.997266        39910       365.71
  273416.191     0.997656        39942       426.67
  273416.191     0.998047        39942       512.00
  273678.335     0.998242        39950       568.89
  273940.479     0.998437        39958       640.00
  274464.767     0.998633        39967       731.43
  274989.055     0.998828        39974       853.33
  275775.487     0.999023        39983      1024.00
  276037.631     0.999121        39987      1137.78
  276299.775     0.999219        39989      1280.00
  276561.919     0.999316        39993      1462.86
  276824.063     0.999414        40006      1706.67
  276824.063     0.999512        40006      2048.00
  276824.063     0.999561        40006      2275.56
  276824.063     0.999609        40006      2560.00
  276824.063     0.999658        40006      2925.71
  277086.207     0.999707        40008      3413.33
  277348.351     0.999756        40012      4096.00
  277348.351     0.999780        40012      4551.11
  277348.351     0.999805        40012      5120.00
  277610.495     0.999829        40014      5851.43
  277610.495     0.999854        40014      6826.67
  277872.639     0.999878        40019      8192.00
  277872.639     1.000000        40019          inf
#[Mean    =    63096.883, StdDeviation   =    72999.749]
#[Max     =   277610.496, Total count    =        40019]
#[Buckets =           27, SubBuckets     =         2048]
----------------------------------------------------------
  40672 requests in 15.00m, 324.71MB read
  Socket errors: connect 0, read 1, write 4, timeout 62
Requests/sec:     45.19
Transfer/sec:    369.41KB
