Running 15m test @ http://10.110.15.178:8080/wrk2-api/post/compose
  2 threads and 4 connections
  Thread calibration: mean lat.: 38.319ms, rate sampling interval: 120ms
  Thread calibration: mean lat.: 35.522ms, rate sampling interval: 131ms
  Thread Stats   Avg      Stdev     99%   +/- Stdev
    Latency     1.10s     1.16s    5.15s    86.32%
    Req/Sec    14.51      8.17    33.00     79.02%
  Latency Distribution (HdrHistogram - Recorded Latency)
 50.000%  667.65ms
 75.000%    1.45s 
 90.000%    2.76s 
 99.000%    5.15s 
 99.900%    6.18s 
 99.990%    6.41s 
 99.999%    6.56s 
100.000%    6.56s 

  Detailed Percentile spectrum:
       Value   Percentile   TotalCount 1/(1-Percentile)

       3.121     0.000000            1         1.00
     154.879     0.100000         2652         1.11
     281.343     0.200000         5309         1.25
     393.215     0.300000         7954         1.43
     514.559     0.400000        10610         1.67
     667.647     0.500000        13258         2.00
     760.831     0.550000        14587         2.22
     886.271     0.600000        15910         2.50
    1037.823     0.650000        17237         2.86
    1227.775     0.700000        18560         3.33
    1453.055     0.750000        19887         4.00
    1586.175     0.775000        20551         4.44
    1748.991     0.800000        21216         5.00
    1921.023     0.825000        21874         5.71
    2134.015     0.850000        22541         6.67
    2396.159     0.875000        23199         8.00
    2568.191     0.887500        23532         8.89
    2758.655     0.900000        23862        10.00
    2985.983     0.912500        24195        11.43
    3233.791     0.925000        24527        13.33
    3469.311     0.937500        24857        16.00
    3612.671     0.943750        25024        17.78
    3758.079     0.950000        25188        20.00
    3911.679     0.956250        25354        22.86
    4075.519     0.962500        25520        26.67
    4239.359     0.968750        25685        32.00
    4354.047     0.971875        25768        35.56
    4481.023     0.975000        25851        40.00
    4591.615     0.978125        25936        45.71
    4698.111     0.981250        26017        53.33
    4845.567     0.984375        26100        64.00
    4915.199     0.985938        26141        71.11
    5005.311     0.987500        26184        80.00
    5083.135     0.989062        26224        91.43
    5201.919     0.990625        26266       106.67
    5373.951     0.992188        26306       128.00
    5545.983     0.992969        26327       142.22
    5681.151     0.993750        26348       160.00
    5754.879     0.994531        26370       182.86
    5812.223     0.995313        26389       213.33
    5865.471     0.996094        26412       256.00
    5902.335     0.996484        26420       284.44
    5939.199     0.996875        26431       320.00
    5967.871     0.997266        26442       365.71
    6004.735     0.997656        26451       426.67
    6045.695     0.998047        26463       512.00
    6062.079     0.998242        26468       568.89
    6098.943     0.998437        26473       640.00
    6119.423     0.998633        26479       731.43
    6127.615     0.998828        26482       853.33
    6197.247     0.999023        26488      1024.00
    6221.823     0.999121        26490      1137.78
    6258.687     0.999219        26493      1280.00
    6270.975     0.999316        26495      1462.86
    6283.263     0.999414        26498      1706.67
    6311.935     0.999512        26501      2048.00
    6320.127     0.999561        26503      2275.56
    6320.127     0.999609        26503      2560.00
    6324.223     0.999658        26504      2925.71
    6344.703     0.999707        26506      3413.33
    6352.895     0.999756        26507      4096.00
    6377.471     0.999780        26508      4551.11
    6377.471     0.999805        26508      5120.00
    6381.567     0.999829        26509      5851.43
    6406.143     0.999854        26510      6826.67
    6406.143     0.999878        26510      8192.00
    6418.431     0.999890        26511      9102.22
    6418.431     0.999902        26511     10240.00
    6418.431     0.999915        26511     11702.86
    6541.311     0.999927        26512     13653.33
    6541.311     0.999939        26512     16384.00
    6541.311     0.999945        26512     18204.44
    6541.311     0.999951        26512     20480.00
    6541.311     0.999957        26512     23405.71
    6557.695     0.999963        26513     27306.67
    6557.695     1.000000        26513          inf
#[Mean    =     1103.987, StdDeviation   =     1156.241]
#[Max     =     6553.600, Total count    =        26513]
#[Buckets =           27, SubBuckets     =         2048]
----------------------------------------------------------
  26838 requests in 15.00m, 351.05MB read
  Socket errors: connect 0, read 0, write 6, timeout 0
Requests/sec:     29.82
Transfer/sec:    399.38KB
