Running 15m test @ http://10.101.241.210:8080/wrk2-api/post/compose
  2 threads and 4 connections
  Thread calibration: mean lat.: 425.185ms, rate sampling interval: 1481ms
  Thread calibration: mean lat.: 805.681ms, rate sampling interval: 4313ms
  Thread Stats   Avg      Stdev     99%   +/- Stdev
    Latency    22.88s    15.67s   44.70s    54.93%
    Req/Sec     4.45      1.73     9.00     91.07%
  Latency Distribution (HdrHistogram - Recorded Latency)
 50.000%   27.93s 
 75.000%   35.45s 
 90.000%   40.34s 
 99.000%   44.70s 
 99.900%   46.79s 
 99.990%   47.28s 
 99.999%   48.17s 
100.000%   48.17s 

  Detailed Percentile spectrum:
       Value   Percentile   TotalCount 1/(1-Percentile)

      11.031     0.000000            1         1.00
     190.207     0.100000          863         1.11
     451.583     0.200000         1724         1.25
   17727.487     0.300000         2585         1.43
   24641.535     0.400000         3449         1.67
   27934.719     0.500000         4311         2.00
   29425.663     0.550000         4742         2.22
   30605.311     0.600000         5170         2.50
   32522.239     0.650000         5601         2.86
   34209.791     0.700000         6037         3.33
   35454.975     0.750000         6469         4.00
   36274.175     0.775000         6682         4.44
   37027.839     0.800000         6894         5.00
   37847.039     0.825000         7111         5.71
   38666.239     0.850000         7323         6.67
   39452.671     0.875000         7543         8.00
   39845.887     0.887500         7652         8.89
   40337.407     0.900000         7759        10.00
   40796.159     0.912500         7865        11.43
   41353.215     0.925000         7975        13.33
   41844.735     0.937500         8080        16.00
   42106.879     0.943750         8136        17.78
   42336.255     0.950000         8185        20.00
   42598.399     0.956250         8245        22.86
   42860.543     0.962500         8295        26.67
   43188.223     0.968750         8346        32.00
   43417.599     0.971875         8375        35.56
   43614.207     0.975000         8404        40.00
   43810.815     0.978125         8427        45.71
   44040.191     0.981250         8459        53.33
   44204.031     0.984375         8483        64.00
   44335.103     0.985938         8496        71.11
   44498.943     0.987500         8511        80.00
   44630.015     0.989062         8523        91.43
   44826.623     0.990625         8538       106.67
   44957.695     0.992188         8548       128.00
   45088.767     0.992969         8556       142.22
   45252.607     0.993750         8564       160.00
   45350.911     0.994531         8568       182.86
   45645.823     0.995313         8575       213.33
   45744.127     0.996094         8582       256.00
   45875.199     0.996484         8585       284.44
   45940.735     0.996875         8589       320.00
   46137.343     0.997266         8592       365.71
   46301.183     0.997656         8598       426.67
   46399.487     0.998047         8600       512.00
   46399.487     0.998242         8600       568.89
   46530.559     0.998437         8603       640.00
   46727.167     0.998633         8604       731.43
   46759.935     0.998828         8605       853.33
   46891.007     0.999023         8609      1024.00
   46891.007     0.999121         8609      1137.78
   46891.007     0.999219         8609      1280.00
   46956.543     0.999316         8611      1462.86
   46956.543     0.999414         8611      1706.67
   46956.543     0.999512         8611      2048.00
   47022.079     0.999561         8612      2275.56
   47022.079     0.999609         8612      2560.00
   47218.687     0.999658         8613      2925.71
   47218.687     0.999707         8613      3413.33
   47218.687     0.999756         8613      4096.00
   47284.223     0.999780         8614      4551.11
   47284.223     0.999805         8614      5120.00
   47284.223     0.999829         8614      5851.43
   47284.223     0.999854         8614      6826.67
   47284.223     0.999878         8614      8192.00
   48168.959     0.999890         8615      9102.22
   48168.959     1.000000         8615          inf
#[Mean    =    22883.735, StdDeviation   =    15669.209]
#[Max     =    48136.192, Total count    =         8615]
#[Buckets =           27, SubBuckets     =         2048]
----------------------------------------------------------
  8717 requests in 15.00m, 1.79MB read
  Socket errors: connect 0, read 0, write 5, timeout 18
Requests/sec:      9.68
Transfer/sec:      2.03KB
