Running 15m test @ http://10.101.241.210:8080/wrk2-api/post/compose
  2 threads and 4 connections
  Thread calibration: mean lat.: 3249.112ms, rate sampling interval: 9306ms
  Thread calibration: mean lat.: 3753.918ms, rate sampling interval: 10502ms
  Thread Stats   Avg      Stdev     99%   +/- Stdev
    Latency     1.09m    13.37s    1.31m    73.96%
    Req/Sec    27.40      6.18    33.00     88.83%
  Latency Distribution (HdrHistogram - Recorded Latency)
 50.000%    1.20m 
 75.000%    1.23m 
 90.000%    1.26m 
 99.000%    1.31m 
 99.900%    1.34m 
 99.990%    1.35m 
 99.999%    1.35m 
100.000%    1.35m 

  Detailed Percentile spectrum:
       Value   Percentile   TotalCount 1/(1-Percentile)

    4546.559     0.000000            1         1.00
   48005.119     0.100000         4964         1.11
   49971.199     0.200000         9968         1.25
   68091.903     0.300000        14893         1.43
   71106.559     0.400000        20224         1.67
   71892.991     0.500000        25161         2.00
   72220.671     0.550000        27662         2.22
   72548.351     0.600000        29970         2.50
   72876.031     0.650000        32281         2.86
   73269.247     0.700000        34920         3.33
   73662.463     0.750000        37266         4.00
   73990.143     0.775000        38702         4.44
   74252.287     0.800000        39906         5.00
   74514.431     0.825000        41242         5.71
   74776.575     0.850000        42269         6.67
   75235.327     0.875000        43633         8.00
   75431.935     0.887500        44206         8.89
   75628.543     0.900000        44835        10.00
   75825.151     0.912500        45454        11.43
   76021.759     0.925000        45946        13.33
   76218.367     0.937500        46541        16.00
   76349.439     0.943750        46879        17.78
   76480.511     0.950000        47228        20.00
   76611.583     0.956250        47492        22.86
   76808.191     0.962500        47847        26.67
   76939.263     0.968750        48105        32.00
   77070.335     0.971875        48278        35.56
   77201.407     0.975000        48401        40.00
   77529.087     0.978125        48572        45.71
   77725.695     0.981250        48729        53.33
   77922.303     0.984375        48880        64.00
   78053.375     0.985938        48979        71.11
   78118.911     0.987500        49042        80.00
   78184.447     0.989062        49085        91.43
   78381.055     0.990625        49171       106.67
   78577.663     0.992188        49252       128.00
   78643.199     0.992969        49291       142.22
   78708.735     0.993750        49318       160.00
   78905.343     0.994531        49360       182.86
   79298.559     0.995313        49393       213.33
   79560.703     0.996094        49436       256.00
   79626.239     0.996484        49454       284.44
   79757.311     0.996875        49483       320.00
   79822.847     0.997266        49503       365.71
   79888.383     0.997656        49517       426.67
   80084.991     0.998047        49528       512.00
   80347.135     0.998242        49538       568.89
   80412.671     0.998437        49547       640.00
   80478.207     0.998633        49556       731.43
   80543.743     0.998828        49565       853.33
   80609.279     0.999023        49574      1024.00
   80740.351     0.999121        49587      1137.78
   80740.351     0.999219        49587      1280.00
   80805.887     0.999316        49589      1462.86
   80871.423     0.999414        49595      1706.67
   80936.959     0.999512        49602      2048.00
   80936.959     0.999561        49602      2275.56
   81002.495     0.999609        49614      2560.00
   81002.495     0.999658        49614      2925.71
   81002.495     0.999707        49614      3413.33
   81002.495     0.999756        49614      4096.00
   81002.495     0.999780        49614      4551.11
   81002.495     0.999805        49614      5120.00
   81002.495     0.999829        49614      5851.43
   81068.031     0.999854        49621      6826.67
   81068.031     0.999878        49621      8192.00
   81068.031     0.999890        49621      9102.22
   81068.031     0.999902        49621     10240.00
   81068.031     0.999915        49621     11702.86
   81068.031     0.999927        49621     13653.33
   81068.031     0.999939        49621     16384.00
   81068.031     0.999945        49621     18204.44
   81068.031     0.999951        49621     20480.00
   81068.031     0.999957        49621     23405.71
   81068.031     0.999963        49621     27306.67
   81068.031     0.999969        49621     32768.00
   81068.031     0.999973        49621     36408.89
   81068.031     0.999976        49621     40960.00
   81068.031     0.999979        49621     46811.43
   81133.567     0.999982        49622     54613.33
   81133.567     1.000000        49622          inf
#[Mean    =    65367.813, StdDeviation   =    13374.641]
#[Max     =    81068.032, Total count    =        49622]
#[Buckets =           27, SubBuckets     =         2048]
----------------------------------------------------------
  49844 requests in 15.00m, 443.02MB read
  Socket errors: connect 0, read 0, write 4, timeout 0
Requests/sec:     55.38
Transfer/sec:    504.04KB
