Running 15m test @ http://10.101.241.210:8080/wrk2-api/post/compose
  2 threads and 4 connections
  Thread calibration: mean lat.: 5185.958ms, rate sampling interval: 15400ms
  Thread calibration: mean lat.: 5587.377ms, rate sampling interval: 16572ms
  Thread Stats   Avg      Stdev     99%   +/- Stdev
    Latency    48.60s     2.96s    0.89m    76.44%
    Req/Sec    13.75      2.95    17.00     94.55%
  Latency Distribution (HdrHistogram - Recorded Latency)
 50.000%   48.82s 
 75.000%   50.53s 
 90.000%    0.86m 
 99.000%    0.89m 
 99.900%    0.90m 
 99.990%    0.91m 
 99.999%    0.92m 
100.000%    0.92m 

  Detailed Percentile spectrum:
       Value   Percentile   TotalCount 1/(1-Percentile)

    9658.367     0.000000            1         1.00
   45350.911     0.100000         2548         1.11
   46661.631     0.200000         5120         1.25
   47513.599     0.300000         7629         1.43
   48168.959     0.400000        10219         1.67
   48824.319     0.500000        12717         2.00
   49151.999     0.550000        13962         2.22
   49479.679     0.600000        15270         2.50
   49807.359     0.650000        16582         2.86
   50135.039     0.700000        17829         3.33
   50528.255     0.750000        19134         4.00
   50724.863     0.775000        19768         4.44
   50888.703     0.800000        20317         5.00
   51085.311     0.825000        21006         5.71
   51281.919     0.850000        21618         6.67
   51511.295     0.875000        22233         8.00
   51642.367     0.887500        22580         8.89
   51740.671     0.900000        22842        10.00
   51904.511     0.912500        23217        11.43
   52035.583     0.925000        23515        13.33
   52166.655     0.937500        23802        16.00
   52264.959     0.943750        23997        17.78
   52330.495     0.950000        24130        20.00
   52428.799     0.956250        24287        22.86
   52559.871     0.962500        24464        26.67
   52690.943     0.968750        24602        32.00
   52756.479     0.971875        24668        35.56
   52854.783     0.975000        24772        40.00
   52920.319     0.978125        24817        45.71
   53051.391     0.981250        24903        53.33
   53149.695     0.984375        24985        64.00
   53215.231     0.985938        25027        71.11
   53247.999     0.987500        25052        80.00
   53346.303     0.989062        25110        91.43
   53379.071     0.990625        25133       106.67
   53477.375     0.992188        25178       128.00
   53510.143     0.992969        25192       142.22
   53575.679     0.993750        25214       160.00
   53641.215     0.994531        25237       182.86
   53739.519     0.995313        25255       213.33
   53805.055     0.996094        25274       256.00
   53837.823     0.996484        25284       284.44
   53870.591     0.996875        25297       320.00
   53903.359     0.997266        25303       365.71
   53936.127     0.997656        25313       426.67
   54001.663     0.998047        25321       512.00
   54067.199     0.998242        25325       568.89
   54132.735     0.998437        25334       640.00
   54165.503     0.998633        25335       731.43
   54231.039     0.998828        25344       853.33
   54263.807     0.999023        25345      1024.00
   54329.343     0.999121        25348      1137.78
   54427.647     0.999219        25352      1280.00
   54427.647     0.999316        25352      1462.86
   54624.255     0.999414        25356      1706.67
   54657.023     0.999512        25358      2048.00
   54657.023     0.999561        25358      2275.56
   54689.791     0.999609        25361      2560.00
   54689.791     0.999658        25361      2925.71
   54722.559     0.999707        25362      3413.33
   54820.863     0.999756        25364      4096.00
   54820.863     0.999780        25364      4551.11
   54853.631     0.999805        25368      5120.00
   54853.631     0.999829        25368      5851.43
   54853.631     0.999854        25368      6826.67
   54853.631     0.999878        25368      8192.00
   54853.631     0.999890        25368      9102.22
   54853.631     0.999902        25368     10240.00
   54853.631     0.999915        25368     11702.86
   54853.631     0.999927        25368     13653.33
   54853.631     0.999939        25368     16384.00
   54853.631     0.999945        25368     18204.44
   54853.631     0.999951        25368     20480.00
   54853.631     0.999957        25368     23405.71
   54919.167     0.999963        25369     27306.67
   54919.167     1.000000        25369          inf
#[Mean    =    48602.726, StdDeviation   =     2958.667]
#[Max     =    54886.400, Total count    =        25369]
#[Buckets =           27, SubBuckets     =         2048]
----------------------------------------------------------
  25404 requests in 15.00m, 326.18MB read
  Socket errors: connect 0, read 0, write 4, timeout 0
Requests/sec:     28.23
Transfer/sec:    371.10KB
