Running 15m test @ http://10.100.95.126:8080/wrk2-api/post/compose
  2 threads and 4 connections
  Thread calibration: mean lat.: 1672.156ms, rate sampling interval: 9428ms
  Thread calibration: mean lat.: 2698.697ms, rate sampling interval: 9887ms
  Thread Stats   Avg      Stdev     99%   +/- Stdev
    Latency     1.05m    17.45s    1.59m    72.93%
    Req/Sec     4.16      1.15     6.00     92.93%
  Latency Distribution (HdrHistogram - Recorded Latency)
 50.000%    1.02m 
 75.000%    1.30m 
 90.000%    1.40m 
 99.000%    1.59m 
 99.900%    1.63m 
 99.990%    1.64m 
 99.999%    1.64m 
100.000%    1.64m 

  Detailed Percentile spectrum:
       Value   Percentile   TotalCount 1/(1-Percentile)

    2193.407     0.000000            1         1.00
   46202.879     0.100000          827         1.11
   50036.735     0.200000         1655         1.25
   54427.647     0.300000         2483         1.43
   57704.447     0.400000         3308         1.67
   61079.551     0.500000         4137         2.00
   65732.607     0.550000         4544         2.22
   68222.975     0.600000         4961         2.50
   71565.311     0.650000         5376         2.86
   74776.575     0.700000         5791         3.33
   77725.695     0.750000         6201         4.00
   78774.271     0.775000         6410         4.44
   79822.847     0.800000         6610         5.00
   80805.887     0.825000         6834         5.71
   81657.855     0.850000         7021         6.67
   83034.111     0.875000         7228         8.00
   83558.399     0.887500         7336         8.89
   84148.223     0.900000         7443        10.00
   84803.583     0.912500         7537        11.43
   85786.623     0.925000         7640        13.33
   86966.271     0.937500         7749        16.00
   87490.559     0.943750         7800        17.78
   88080.383     0.950000         7847        20.00
   88997.887     0.956250         7903        22.86
   90243.071     0.962500         7951        26.67
   91291.647     0.968750         8004        32.00
   91750.399     0.971875         8027        35.56
   92209.151     0.975000         8056        40.00
   92733.439     0.978125         8083        45.71
   93913.087     0.981250         8105        53.33
   94568.447     0.984375         8132        64.00
   94830.591     0.985938         8144        71.11
   95223.807     0.987500         8158        80.00
   95485.951     0.989062         8172        91.43
   95879.167     0.990625         8182       106.67
   96272.383     0.992188         8197       128.00
   96403.455     0.992969         8201       142.22
   96534.527     0.993750         8208       160.00
   96731.135     0.994531         8215       182.86
   96993.279     0.995313         8222       213.33
   97124.351     0.996094         8227       256.00
   97189.887     0.996484         8231       284.44
   97320.959     0.996875         8241       320.00
   97320.959     0.997266         8241       365.71
   97320.959     0.997656         8241       426.67
   97452.031     0.998047         8243       512.00
   97517.567     0.998242         8246       568.89
   97583.103     0.998437         8250       640.00
   97583.103     0.998633         8250       731.43
   97583.103     0.998828         8250       853.33
   97648.639     0.999023         8252      1024.00
   97648.639     0.999121         8252      1137.78
   97714.175     0.999219         8253      1280.00
   97779.711     0.999316         8255      1462.86
   97779.711     0.999414         8255      1706.67
   97779.711     0.999512         8255      2048.00
   97845.247     0.999561         8256      2275.56
   97845.247     0.999609         8256      2560.00
   97976.319     0.999658         8257      2925.71
   97976.319     0.999707         8257      3413.33
   97976.319     0.999756         8257      4096.00
   98238.463     0.999780         8258      4551.11
   98238.463     0.999805         8258      5120.00
   98238.463     0.999829         8258      5851.43
   98238.463     0.999854         8258      6826.67
   98238.463     0.999878         8258      8192.00
   98369.535     0.999890         8259      9102.22
   98369.535     1.000000         8259          inf
#[Mean    =    63103.374, StdDeviation   =    17453.550]
#[Max     =    98304.000, Total count    =         8259]
#[Buckets =           27, SubBuckets     =         2048]
----------------------------------------------------------
  8306 requests in 15.00m, 1.70MB read
  Socket errors: connect 0, read 0, write 4, timeout 19
Requests/sec:      9.23
Transfer/sec:      1.94KB
