Running 15m test @ http://10.100.95.126:8080/wrk2-api/post/compose
  2 threads and 4 connections
  Thread calibration: mean lat.: 5935.055ms, rate sampling interval: 17989ms
  Thread calibration: mean lat.: 3570.816ms, rate sampling interval: 10936ms
  Thread Stats   Avg      Stdev     99%   +/- Stdev
    Latency     1.72m     8.92s    1.88m    97.22%
    Req/Sec    26.20      8.82    33.00     87.69%
  Latency Distribution (HdrHistogram - Recorded Latency)
 50.000%    1.74m 
 75.000%    1.78m 
 90.000%    1.81m 
 99.000%    1.88m 
 99.900%    1.90m 
 99.990%    1.91m 
 99.999%    1.92m 
100.000%    1.92m 

  Detailed Percentile spectrum:
       Value   Percentile   TotalCount 1/(1-Percentile)

    5640.191     0.000000            1         1.00
   99614.719     0.100000         4823         1.11
  100859.903     0.200000         9743         1.25
  102170.623     0.300000        14306         1.43
  103350.271     0.400000        19310         1.67
  104333.311     0.500000        23921         2.00
  104792.063     0.550000        26449         2.22
  105185.279     0.600000        28587         2.50
  105578.495     0.650000        31034         2.86
  106037.247     0.700000        33479         3.33
  106561.535     0.750000        35826         4.00
  106823.679     0.775000        36882         4.44
  107151.359     0.800000        38098         5.00
  107413.503     0.825000        39364         5.71
  107675.647     0.850000        40426         6.67
  108003.327     0.875000        41641         8.00
  108265.471     0.887500        42295         8.89
  108462.079     0.900000        42786        10.00
  108724.223     0.912500        43384        11.43
  109051.903     0.925000        44018        13.33
  109445.119     0.937500        44602        16.00
  109707.263     0.943750        44926        17.78
  109903.871     0.950000        45162        20.00
  110231.551     0.956250        45486        22.86
  110559.231     0.962500        45797        26.67
  110821.375     0.968750        46091        32.00
  110952.447     0.971875        46228        35.56
  111149.055     0.975000        46351        40.00
  111411.199     0.978125        46485        45.71
  111804.415     0.981250        46638        53.33
  112197.631     0.984375        46791        64.00
  112394.239     0.985938        46862        71.11
  112590.847     0.987500        46938        80.00
  112787.455     0.989062        47026        91.43
  112918.527     0.990625        47099       106.67
  113049.599     0.992188        47180       128.00
  113115.135     0.992969        47211       142.22
  113180.671     0.993750        47232       160.00
  113311.743     0.994531        47296       182.86
  113377.279     0.995313        47325       213.33
  113442.815     0.996094        47349       256.00
  113508.351     0.996484        47363       284.44
  113573.887     0.996875        47376       320.00
  113704.959     0.997266        47396       365.71
  113770.495     0.997656        47413       426.67
  113836.031     0.998047        47431       512.00
  113901.567     0.998242        47444       568.89
  113967.103     0.998437        47464       640.00
  113967.103     0.998633        47464       731.43
  114032.639     0.998828        47479       853.33
  114032.639     0.999023        47479      1024.00
  114098.175     0.999121        47483      1137.78
  114229.247     0.999219        47485      1280.00
  114294.783     0.999316        47499      1462.86
  114294.783     0.999414        47499      1706.67
  114294.783     0.999512        47499      2048.00
  114360.319     0.999561        47504      2275.56
  114360.319     0.999609        47504      2560.00
  114425.855     0.999658        47507      2925.71
  114491.391     0.999707        47511      3413.33
  114491.391     0.999756        47511      4096.00
  114687.999     0.999780        47513      4551.11
  114687.999     0.999805        47513      5120.00
  114753.535     0.999829        47515      5851.43
  114819.071     0.999854        47517      6826.67
  114819.071     0.999878        47517      8192.00
  114819.071     0.999890        47517      9102.22
  114884.607     0.999902        47518     10240.00
  114884.607     0.999915        47518     11702.86
  114950.143     0.999927        47521     13653.33
  114950.143     0.999939        47521     16384.00
  114950.143     0.999945        47521     18204.44
  114950.143     0.999951        47521     20480.00
  114950.143     0.999957        47521     23405.71
  114950.143     0.999963        47521     27306.67
  114950.143     0.999969        47521     32768.00
  114950.143     0.999973        47521     36408.89
  114950.143     0.999976        47521     40960.00
  114950.143     0.999979        47521     46811.43
  115015.679     0.999982        47522     54613.33
  115015.679     1.000000        47522          inf
#[Mean    =   103338.920, StdDeviation   =     8916.681]
#[Max     =   114950.144, Total count    =        47522]
#[Buckets =           27, SubBuckets     =         2048]
----------------------------------------------------------
  47626 requests in 15.00m, 413.27MB read
  Socket errors: connect 0, read 0, write 5, timeout 0
Requests/sec:     52.92
Transfer/sec:    470.19KB
