Running 15m test @ http://10.100.95.126:8080/wrk2-api/post/compose
  2 threads and 4 connections
  Thread calibration: mean lat.: 5814.912ms, rate sampling interval: 13516ms
  Thread calibration: mean lat.: 4053.031ms, rate sampling interval: 12845ms
  Thread Stats   Avg      Stdev     99%   +/- Stdev
    Latency     1.43m    23.10s    1.79m    72.43%
    Req/Sec    13.11      3.86    17.00     89.55%
  Latency Distribution (HdrHistogram - Recorded Latency)
 50.000%    1.62m 
 75.000%    1.69m 
 90.000%    1.74m 
 99.000%    1.79m 
 99.900%    1.82m 
 99.990%    1.82m 
 99.999%    1.83m 
100.000%    1.83m 

  Detailed Percentile spectrum:
       Value   Percentile   TotalCount 1/(1-Percentile)

    6713.343     0.000000            1         1.00
   49020.927     0.100000         2424         1.11
   51806.207     0.200000         4844         1.25
   92864.511     0.300000         7264         1.43
   95617.023     0.400000         9734         1.67
   97452.031     0.500000        12113         2.00
   98369.535     0.550000        13353         2.22
   99287.039     0.600000        14588         2.50
  100007.935     0.650000        15752         2.86
  100663.295     0.700000        16974         3.33
  101580.799     0.750000        18198         4.00
  102105.087     0.775000        18749         4.44
  102694.911     0.800000        19374         5.00
  103153.663     0.825000        20011         5.71
  103546.879     0.850000        20604         6.67
  103940.095     0.875000        21233         8.00
  104136.703     0.887500        21555         8.89
  104333.311     0.900000        21849        10.00
  104529.919     0.912500        22121        11.43
  104726.527     0.925000        22391        13.33
  104988.671     0.937500        22721        16.00
  105119.743     0.943750        22821        17.78
  105316.351     0.950000        23023        20.00
  105447.423     0.956250        23125        22.86
  105709.567     0.962500        23288        26.67
  105971.711     0.968750        23444        32.00
  106168.319     0.971875        23527        35.56
  106299.391     0.975000        23586        40.00
  106495.999     0.978125        23670        45.71
  106627.071     0.981250        23728        53.33
  106889.215     0.984375        23823        64.00
  107020.287     0.985938        23842        71.11
  107282.431     0.987500        23882        80.00
  107479.039     0.989062        23918        91.43
  107741.183     0.990625        23961       106.67
  107937.791     0.992188        24000       128.00
  108068.863     0.992969        24016       142.22
  108134.399     0.993750        24035       160.00
  108265.471     0.994531        24058       182.86
  108396.543     0.995313        24078       213.33
  108527.615     0.996094        24096       256.00
  108527.615     0.996484        24096       284.44
  108593.151     0.996875        24110       320.00
  108658.687     0.997266        24118       365.71
  108789.759     0.997656        24132       426.67
  108920.831     0.998047        24145       512.00
  108920.831     0.998242        24145       568.89
  108920.831     0.998437        24145       640.00
  108986.367     0.998633        24151       731.43
  109051.903     0.998828        24162       853.33
  109051.903     0.999023        24162      1024.00
  109051.903     0.999121        24162      1137.78
  109117.439     0.999219        24166      1280.00
  109117.439     0.999316        24166      1462.86
  109182.975     0.999414        24172      1706.67
  109182.975     0.999512        24172      2048.00
  109182.975     0.999561        24172      2275.56
  109182.975     0.999609        24172      2560.00
  109248.511     0.999658        24174      2925.71
  109248.511     0.999707        24174      3413.33
  109314.047     0.999756        24179      4096.00
  109314.047     0.999780        24179      4551.11
  109314.047     0.999805        24179      5120.00
  109314.047     0.999829        24179      5851.43
  109314.047     0.999854        24179      6826.67
  109314.047     0.999878        24179      8192.00
  109314.047     0.999890        24179      9102.22
  109314.047     0.999902        24179     10240.00
  109314.047     0.999915        24179     11702.86
  109445.119     0.999927        24180     13653.33
  109445.119     0.999939        24180     16384.00
  109445.119     0.999945        24180     18204.44
  109445.119     0.999951        24180     20480.00
  109445.119     0.999957        24180     23405.71
  109510.655     0.999963        24181     27306.67
  109510.655     1.000000        24181          inf
#[Mean    =    85780.997, StdDeviation   =    23098.913]
#[Max     =   109445.120, Total count    =        24181]
#[Buckets =           27, SubBuckets     =         2048]
----------------------------------------------------------
  24251 requests in 15.00m, 300.06MB read
  Socket errors: connect 0, read 0, write 5, timeout 0
  Non-2xx or 3xx responses: 1
Requests/sec:     26.94
Transfer/sec:    341.39KB
