Running 15m test @ http://10.100.147.32:8080/wrk2-api/post/compose
  2 threads and 4 connections
  Thread calibration: mean lat.: 5.804ms, rate sampling interval: 16ms
  Thread calibration: mean lat.: 5.528ms, rate sampling interval: 17ms
  Thread Stats   Avg      Stdev     99%   +/- Stdev
    Latency     3.15m     4.03m   12.64m    79.89%
    Req/Sec     3.89     17.31    66.00     94.50%
  Latency Distribution (HdrHistogram - Recorded Latency)
 50.000%   30.03s 
 75.000%    6.04m 
 90.000%   10.04m 
 99.000%   12.64m 
 99.900%   12.92m 
 99.990%   12.98m 
 99.999%   12.98m 
100.000%   12.98m 

  Detailed Percentile spectrum:
       Value   Percentile   TotalCount 1/(1-Percentile)

       2.207     0.000000            1         1.00
      26.751     0.100000          678         1.11
      64.255     0.200000         1354         1.25
     119.871     0.300000         2030         1.43
     301.311     0.400000         2706         1.67
   30031.871     0.500000         3383         2.00
   84738.047     0.550000         3721         2.22
  140771.327     0.600000         4061         2.50
  211812.351     0.650000         4397         2.86
  287834.111     0.700000         4735         3.33
  362545.151     0.750000         5073         4.00
  393215.999     0.775000         5243         4.44
  434372.607     0.800000         5412         5.00
  478412.799     0.825000         5581         5.71
  519569.407     0.850000         5752         6.67
  564658.175     0.875000         5919         8.00
  583008.255     0.887500         6005         8.89
  602406.911     0.900000         6088        10.00
  625475.583     0.912500         6173        11.43
  651165.695     0.925000         6259        13.33
  668991.487     0.937500         6342        16.00
  678428.671     0.943750         6384        17.78
  688390.143     0.950000         6427        20.00
  703594.495     0.956250         6470        22.86
  714080.255     0.962500         6512        26.67
  724566.015     0.968750         6555        32.00
  730333.183     0.971875         6574        35.56
  735051.775     0.975000         6595        40.00
  740294.655     0.978125         6622        45.71
  743440.383     0.981250         6638        53.33
  749207.551     0.984375         6661        64.00
  750780.415     0.985938         6672        71.11
  752877.567     0.987500         6681        80.00
  755499.007     0.989062         6691        91.43
  760217.599     0.990625         6702       106.67
  762314.751     0.992188         6715       128.00
  762839.039     0.992969         6718       142.22
  763887.615     0.993750         6724       160.00
  764936.191     0.994531         6728       182.86
  765984.767     0.995313         6733       213.33
  767033.343     0.996094         6738       256.00
  768606.207     0.996484         6743       284.44
  768606.207     0.996875         6743       320.00
  770179.071     0.997266         6746       365.71
  771751.935     0.997656         6750       426.67
  772800.511     0.998047         6752       512.00
  773324.799     0.998242         6753       568.89
  774373.375     0.998437         6754       640.00
  775421.951     0.998633         6757       731.43
  775421.951     0.998828         6757       853.33
  776470.527     0.999023         6758      1024.00
  776994.815     0.999121         6759      1137.78
  776994.815     0.999219         6759      1280.00
  777519.103     0.999316         6762      1462.86
  777519.103     0.999414         6762      1706.67
  777519.103     0.999512         6762      2048.00
  777519.103     0.999561         6762      2275.56
  777519.103     0.999609         6762      2560.00
  777519.103     0.999658         6762      2925.71
  778567.679     0.999707         6763      3413.33
  778567.679     0.999756         6763      4096.00
  778567.679     0.999780         6763      4551.11
  778567.679     0.999805         6763      5120.00
  778567.679     0.999829         6763      5851.43
  779091.967     0.999854         6764      6826.67
  779091.967     1.000000         6764          inf
#[Mean    =   189228.480, StdDeviation   =   241558.077]
#[Max     =   778567.680, Total count    =         6764]
#[Buckets =           27, SubBuckets     =         2048]
----------------------------------------------------------
  7417 requests in 15.00m, 33.29MB read
  Socket errors: connect 0, read 0, write 8, timeout 1285
Requests/sec:      8.24
Transfer/sec:     37.88KB
