Running 15m test @ http://10.100.147.32:8080/wrk2-api/post/compose
  2 threads and 4 connections
  Thread calibration: mean lat.: 34.137ms, rate sampling interval: 94ms
  Thread calibration: mean lat.: 31.550ms, rate sampling interval: 115ms
  Thread Stats   Avg      Stdev     99%   +/- Stdev
    Latency     3.63m     4.01m   11.98m    78.49%
    Req/Sec     2.49      5.71    26.00     87.48%
  Latency Distribution (HdrHistogram - Recorded Latency)
 50.000%    2.09m 
 75.000%    6.92m 
 90.000%   10.17m 
 99.000%   11.98m 
 99.900%   12.29m 
 99.990%   12.31m 
 99.999%   12.31m 
100.000%   12.31m 

  Detailed Percentile spectrum:
       Value   Percentile   TotalCount 1/(1-Percentile)

       5.399     0.000000            1         1.00
      56.863     0.100000          468         1.11
     108.287     0.200000          936         1.25
     215.167     0.300000         1403         1.43
    8085.503     0.400000         1871         1.67
  125239.295     0.500000         2338         2.00
  187826.175     0.550000         2572         2.22
  240517.119     0.600000         2806         2.50
  295960.575     0.650000         3040         2.86
  353894.399     0.700000         3275         3.33
  414973.951     0.750000         3508         4.00
  445906.943     0.775000         3627         4.44
  480509.951     0.800000         3741         5.00
  512491.519     0.825000         3861         5.71
  547356.671     0.850000         3975         6.67
  577241.087     0.875000         4096         8.00
  595066.879     0.887500         4150         8.89
  610271.231     0.900000         4209        10.00
  622854.143     0.912500         4267        11.43
  642252.799     0.925000         4327        13.33
  656932.863     0.937500         4386        16.00
  662175.743     0.943750         4414        17.78
  670564.351     0.950000         4444        20.00
  676855.807     0.956250         4473        22.86
  682622.975     0.962500         4503        26.67
  691011.583     0.968750         4533        32.00
  694157.311     0.971875         4545        35.56
  697827.327     0.975000         4561        40.00
  700973.055     0.978125         4574        45.71
  706740.223     0.981250         4590        53.33
  711458.815     0.984375         4603        64.00
  713555.967     0.985938         4611        71.11
  715128.831     0.987500         4622        80.00
  716701.695     0.989062         4625        91.43
  720895.999     0.990625         4634       106.67
  722468.863     0.992188         4641       128.00
  724041.727     0.992969         4645       142.22
  725090.303     0.993750         4648       160.00
  726663.167     0.994531         4651       182.86
  728236.031     0.995313         4656       213.33
  728760.319     0.996094         4658       256.00
  729808.895     0.996484         4661       284.44
  730333.183     0.996875         4662       320.00
  731381.759     0.997266         4664       365.71
  732954.623     0.997656         4666       426.67
  733478.911     0.998047         4667       512.00
  734527.487     0.998242         4668       568.89
  735051.775     0.998437         4669       640.00
  736624.639     0.998633         4670       731.43
  737148.927     0.998828         4672       853.33
  737148.927     0.999023         4672      1024.00
  737148.927     0.999121         4672      1137.78
  737673.215     0.999219         4674      1280.00
  737673.215     0.999316         4674      1462.86
  737673.215     0.999414         4674      1706.67
  737673.215     0.999512         4674      2048.00
  737673.215     0.999561         4674      2275.56
  738197.503     0.999609         4675      2560.00
  738197.503     0.999658         4675      2925.71
  738197.503     0.999707         4675      3413.33
  738197.503     0.999756         4675      4096.00
  738197.503     0.999780         4675      4551.11
  738721.791     0.999805         4676      5120.00
  738721.791     1.000000         4676          inf
#[Mean    =   217960.573, StdDeviation   =   240369.538]
#[Max     =   738197.504, Total count    =         4676]
#[Buckets =           27, SubBuckets     =         2048]
----------------------------------------------------------
  4988 requests in 15.00m, 63.99MB read
  Socket errors: connect 0, read 0, write 8, timeout 898
Requests/sec:      5.54
Transfer/sec:     72.80KB
