Running 15m test @ http://10.110.70.235:8080/wrk2-api/post/compose
  2 threads and 4 connections
  Thread calibration: mean lat.: 36.049ms, rate sampling interval: 71ms
  Thread calibration: mean lat.: 37.677ms, rate sampling interval: 52ms
  Thread Stats   Avg      Stdev     99%   +/- Stdev
    Latency   698.26ms  560.27ms   2.57s    74.35%
    Req/Sec     4.92      9.11    38.00     84.75%
  Latency Distribution (HdrHistogram - Recorded Latency)
 50.000%  563.71ms
 75.000%  973.31ms
 90.000%    1.44s 
 99.000%    2.57s 
 99.900%    3.79s 
 99.990%    4.42s 
 99.999%    4.53s 
100.000%    4.53s 

  Detailed Percentile spectrum:
       Value   Percentile   TotalCount 1/(1-Percentile)

       8.423     0.000000            1         1.00
     123.839     0.100000          884         1.11
     230.271     0.200000         1769         1.25
     330.751     0.300000         2653         1.43
     445.951     0.400000         3537         1.67
     563.711     0.500000         4421         2.00
     627.199     0.550000         4863         2.22
     706.047     0.600000         5305         2.50
     785.407     0.650000         5747         2.86
     871.423     0.700000         6187         3.33
     973.311     0.750000         6629         4.00
    1023.999     0.775000         6850         4.44
    1090.559     0.800000         7072         5.00
    1164.287     0.825000         7292         5.71
    1241.087     0.850000         7515         6.67
    1344.511     0.875000         7737         8.00
    1393.663     0.887500         7846         8.89
    1439.743     0.900000         7955        10.00
    1495.039     0.912500         8066        11.43
    1582.079     0.925000         8176        13.33
    1672.191     0.937500         8286        16.00
    1723.391     0.943750         8341        17.78
    1777.663     0.950000         8397        20.00
    1829.887     0.956250         8452        22.86
    1902.591     0.962500         8507        26.67
    2001.919     0.968750         8562        32.00
    2065.407     0.971875         8590        35.56
    2127.871     0.975000         8618        40.00
    2195.455     0.978125         8646        45.71
    2260.991     0.981250         8673        53.33
    2367.487     0.984375         8700        64.00
    2430.975     0.985938         8714        71.11
    2473.983     0.987500         8729        80.00
    2527.231     0.989062         8742        91.43
    2590.719     0.990625         8758       106.67
    2668.543     0.992188         8769       128.00
    2727.935     0.992969         8776       142.22
    2797.567     0.993750         8783       160.00
    2844.671     0.994531         8790       182.86
    2877.439     0.995313         8797       213.33
    3006.463     0.996094         8804       256.00
    3035.135     0.996484         8807       284.44
    3078.143     0.996875         8812       320.00
    3098.623     0.997266         8814       365.71
    3291.135     0.997656         8818       426.67
    3352.575     0.998047         8821       512.00
    3379.199     0.998242         8823       568.89
    3500.031     0.998437         8825       640.00
    3629.055     0.998633         8826       731.43
    3686.399     0.998828         8828       853.33
    3938.303     0.999023         8830      1024.00
    3946.495     0.999121         8831      1137.78
    3952.639     0.999219         8832      1280.00
    3952.639     0.999316         8832      1462.86
    4003.839     0.999414         8833      1706.67
    4007.935     0.999512         8834      2048.00
    4095.999     0.999561         8835      2275.56
    4095.999     0.999609         8835      2560.00
    4095.999     0.999658         8835      2925.71
    4198.399     0.999707         8836      3413.33
    4198.399     0.999756         8836      4096.00
    4415.487     0.999780         8837      4551.11
    4415.487     0.999805         8837      5120.00
    4415.487     0.999829         8837      5851.43
    4415.487     0.999854         8837      6826.67
    4415.487     0.999878         8837      8192.00
    4534.271     0.999890         8838      9102.22
    4534.271     1.000000         8838          inf
#[Mean    =      698.264, StdDeviation   =      560.274]
#[Max     =     4530.176, Total count    =         8838]
#[Buckets =           27, SubBuckets     =         2048]
----------------------------------------------------------
  8952 requests in 15.00m, 1.84MB read
  Socket errors: connect 0, read 0, write 7, timeout 18
Requests/sec:      9.95
Transfer/sec:      2.09KB
