Running 15m test @ http://10.106.5.63:8080/wrk2-api/post/compose
  2 threads and 4 connections
  Thread calibration: mean lat.: 19.010ms, rate sampling interval: 46ms
  Thread calibration: mean lat.: 15.934ms, rate sampling interval: 43ms
  Thread Stats   Avg      Stdev     99%   +/- Stdev
    Latency     7.17s    11.95s   34.11s    76.06%
    Req/Sec     4.89     10.41    46.00     80.18%
  Latency Distribution (HdrHistogram - Recorded Latency)
 50.000%  579.07ms
 75.000%    2.10s 
 90.000%   28.85s 
 99.000%   34.11s 
 99.900%   37.81s 
 99.990%   39.35s 
 99.999%   39.42s 
100.000%   39.42s 

  Detailed Percentile spectrum:
       Value   Percentile   TotalCount 1/(1-Percentile)

       9.903     0.000000            1         1.00
      74.431     0.100000          877         1.11
     171.007     0.200000         1755         1.25
     281.343     0.300000         2631         1.43
     408.575     0.400000         3509         1.67
     579.071     0.500000         4385         2.00
     689.663     0.550000         4826         2.22
     818.687     0.600000         5263         2.50
     987.647     0.650000         5700         2.86
    1275.903     0.700000         6139         3.33
    2103.295     0.750000         6578         4.00
   23871.487     0.775000         6796         4.44
   25247.743     0.800000         7018         5.00
   26394.623     0.825000         7235         5.71
   27262.975     0.850000         7454         6.67
   28082.175     0.875000         7675         8.00
   28508.159     0.887500         7787         8.89
   28852.223     0.900000         7893        10.00
   29294.591     0.912500         8003        11.43
   29720.575     0.925000         8112        13.33
   30146.559     0.937500         8222        16.00
   30343.167     0.943750         8276        17.78
   30539.775     0.950000         8333        20.00
   30736.383     0.956250         8389        22.86
   30916.607     0.962500         8443        26.67
   31162.367     0.968750         8496        32.00
   31309.823     0.971875         8524        35.56
   31506.431     0.975000         8552        40.00
   31801.343     0.978125         8578        45.71
   32309.247     0.981250         8605        53.33
   32767.999     0.984375         8632        64.00
   33046.527     0.985938         8647        71.11
   33357.823     0.987500         8660        80.00
   33718.271     0.989062         8674        91.43
   34209.791     0.990625         8688       106.67
   34439.167     0.992188         8701       128.00
   34603.007     0.992969         8708       142.22
   34766.847     0.993750         8715       160.00
   35323.903     0.994531         8722       182.86
   35586.047     0.995313         8729       213.33
   35913.727     0.996094         8735       256.00
   36372.479     0.996484         8739       284.44
   36601.855     0.996875         8742       320.00
   36831.231     0.997266         8747       365.71
   36896.767     0.997656         8749       426.67
   37289.983     0.998047         8752       512.00
   37650.431     0.998242         8754       568.89
   37748.735     0.998437         8756       640.00
   37781.503     0.998633         8759       731.43
   37781.503     0.998828         8759       853.33
   37879.807     0.999023         8761      1024.00
   37945.343     0.999121         8762      1137.78
   38076.415     0.999219         8763      1280.00
   38862.847     0.999316         8764      1462.86
   38862.847     0.999414         8764      1706.67
   39026.687     0.999512         8765      2048.00
   39059.455     0.999561         8766      2275.56
   39059.455     0.999609         8766      2560.00
   39092.223     0.999658         8767      2925.71
   39092.223     0.999707         8767      3413.33
   39092.223     0.999756         8767      4096.00
   39354.367     0.999780         8768      4551.11
   39354.367     0.999805         8768      5120.00
   39354.367     0.999829         8768      5851.43
   39354.367     0.999854         8768      6826.67
   39354.367     0.999878         8768      8192.00
   39419.903     0.999890         8769      9102.22
   39419.903     1.000000         8769          inf
#[Mean    =     7169.956, StdDeviation   =    11947.255]
#[Max     =    39387.136, Total count    =         8769]
#[Buckets =           27, SubBuckets     =         2048]
----------------------------------------------------------
  8886 requests in 15.00m, 1.82MB read
  Socket errors: connect 0, read 0, write 6, timeout 19
Requests/sec:      9.87
Transfer/sec:      2.07KB
