Running 15m test @ http://10.107.143.143:8080/wrk2-api/post/compose
  2 threads and 4 connections
  Thread calibration: mean lat.: 793.261ms, rate sampling interval: 3512ms
  Thread calibration: mean lat.: 1342.801ms, rate sampling interval: 7499ms
  Thread Stats   Avg      Stdev     99%   +/- Stdev
    Latency    48.52s    21.69s    1.41m    63.00%
    Req/Sec     4.18      1.36     7.00     93.80%
  Latency Distribution (HdrHistogram - Recorded Latency)
 50.000%   43.32s 
 75.000%    1.13m 
 90.000%    1.27m 
 99.000%    1.41m 
 99.900%    1.47m 
 99.990%    1.48m 
 99.999%    1.48m 
100.000%    1.48m 

  Detailed Percentile spectrum:
       Value   Percentile   TotalCount 1/(1-Percentile)

      14.839     0.000000            1         1.00
   24854.527     0.100000          838         1.11
   28393.471     0.200000         1672         1.25
   31342.591     0.300000         2511         1.43
   35586.047     0.400000         3349         1.67
   43319.295     0.500000         4180         2.00
   59670.527     0.550000         4602         2.22
   62062.591     0.600000         5020         2.50
   63602.687     0.650000         5441         2.86
   65306.623     0.700000         5859         3.33
   67502.079     0.750000         6272         4.00
   69402.623     0.775000         6483         4.44
   71172.095     0.800000         6695         5.00
   72876.031     0.825000         6909         5.71
   73990.143     0.850000         7112         6.67
   74973.183     0.875000         7321         8.00
   75431.935     0.887500         7419         8.89
   76087.295     0.900000         7531        10.00
   76742.655     0.912500         7633        11.43
   77529.087     0.925000         7736        13.33
   78249.983     0.937500         7845        16.00
   78708.735     0.943750         7889        17.78
   79364.095     0.950000         7946        20.00
   79888.383     0.956250         7995        22.86
   80543.743     0.962500         8049        26.67
   81461.247     0.968750         8102        32.00
   81854.463     0.971875         8128        35.56
   82313.215     0.975000         8153        40.00
   82640.895     0.978125         8178        45.71
   83099.647     0.981250         8206        53.33
   83558.399     0.984375         8232        64.00
   83755.007     0.985938         8244        71.11
   84017.151     0.987500         8255        80.00
   84279.295     0.989062         8270        91.43
   84606.975     0.990625         8282       106.67
   85458.943     0.992188         8294       128.00
   85721.087     0.992969         8301       142.22
   85983.231     0.993750         8307       160.00
   86310.911     0.994531         8315       182.86
   86441.983     0.995313         8322       213.33
   86573.055     0.996094         8327       256.00
   86769.663     0.996484         8330       284.44
   87097.343     0.996875         8333       320.00
   87490.559     0.997266         8339       365.71
   87556.095     0.997656         8340       426.67
   87752.703     0.998047         8343       512.00
   87883.775     0.998242         8345       568.89
   87949.311     0.998437         8347       640.00
   88014.847     0.998633         8349       731.43
   88145.919     0.998828         8350       853.33
   88211.455     0.999023         8351      1024.00
   88276.991     0.999121         8352      1137.78
   88408.063     0.999219         8353      1280.00
   88539.135     0.999316         8354      1462.86
   88801.279     0.999414         8356      1706.67
   88801.279     0.999512         8356      2048.00
   88801.279     0.999561         8356      2275.56
   88801.279     0.999609         8356      2560.00
   88997.887     0.999658         8357      2925.71
   88997.887     0.999707         8357      3413.33
   88997.887     0.999756         8357      4096.00
   89063.423     0.999780         8359      4551.11
   89063.423     1.000000         8359          inf
#[Mean    =    48520.459, StdDeviation   =    21694.763]
#[Max     =    88997.888, Total count    =         8359]
#[Buckets =           27, SubBuckets     =         2048]
----------------------------------------------------------
  8455 requests in 15.00m, 1.73MB read
  Socket errors: connect 0, read 0, write 6, timeout 20
Requests/sec:      9.39
Transfer/sec:      1.97KB
