Running 15m test @ http://10.107.143.143:8080/wrk2-api/post/compose
  2 threads and 4 connections
  Thread calibration: mean lat.: 4476.731ms, rate sampling interval: 14745ms
  Thread calibration: mean lat.: 4697.979ms, rate sampling interval: 15843ms
  Thread Stats   Avg      Stdev     99%   +/- Stdev
    Latency     1.45m    25.83s    1.85m    73.25%
    Req/Sec    26.72      7.78    32.00     89.66%
  Latency Distribution (HdrHistogram - Recorded Latency)
 50.000%    1.69m 
 75.000%    1.73m 
 90.000%    1.76m 
 99.000%    1.85m 
 99.900%    1.87m 
 99.990%    1.87m 
 99.999%    1.88m 
100.000%    1.88m 

  Detailed Percentile spectrum:
       Value   Percentile   TotalCount 1/(1-Percentile)

    7561.215     0.000000            1         1.00
   44728.319     0.100000         4931         1.11
   46792.703     0.200000         9762         1.25
   97648.639     0.300000        14586         1.43
   99811.327     0.400000        19530         1.67
  101580.799     0.500000        24432         2.00
  102039.551     0.550000        26695         2.22
  102367.231     0.600000        29110         2.50
  102694.911     0.650000        31819         2.86
  103088.127     0.700000        34169         3.33
  103546.879     0.750000        36472         4.00
  103809.023     0.775000        37559         4.44
  104136.703     0.800000        38788         5.00
  104464.383     0.825000        40043         5.71
  104857.599     0.850000        41471         6.67
  105119.743     0.875000        42456         8.00
  105316.351     0.887500        43069         8.89
  105512.959     0.900000        43738        10.00
  105709.567     0.912500        44339        11.43
  106037.247     0.925000        44871        13.33
  106561.535     0.937500        45466        16.00
  106889.215     0.943750        45718        17.78
  107216.895     0.950000        46077        20.00
  107479.039     0.956250        46328        22.86
  107872.255     0.962500        46628        26.67
  108265.471     0.968750        46928        32.00
  108462.079     0.971875        47115        35.56
  108658.687     0.975000        47248        40.00
  108920.831     0.978125        47393        45.71
  109445.119     0.981250        47532        53.33
  110166.015     0.984375        47691        64.00
  110493.695     0.985938        47791        71.11
  110559.231     0.987500        47841        80.00
  110690.303     0.989062        47917        91.43
  110886.911     0.990625        47983       106.67
  111017.983     0.992188        48071       128.00
  111083.519     0.992969        48102       142.22
  111149.055     0.993750        48144       160.00
  111214.591     0.994531        48187       182.86
  111280.127     0.995313        48226       213.33
  111345.663     0.996094        48260       256.00
  111411.199     0.996484        48289       284.44
  111411.199     0.996875        48289       320.00
  111476.735     0.997266        48314       365.71
  111542.271     0.997656        48336       426.67
  111607.807     0.998047        48346       512.00
  111673.343     0.998242        48364       568.89
  111673.343     0.998437        48364       640.00
  111804.415     0.998633        48377       731.43
  111869.951     0.998828        48387       853.33
  111935.487     0.999023        48393      1024.00
  112001.023     0.999121        48404      1137.78
  112001.023     0.999219        48404      1280.00
  112001.023     0.999316        48404      1462.86
  112132.095     0.999414        48418      1706.67
  112132.095     0.999512        48418      2048.00
  112132.095     0.999561        48418      2275.56
  112197.631     0.999609        48422      2560.00
  112197.631     0.999658        48422      2925.71
  112263.167     0.999707        48428      3413.33
  112263.167     0.999756        48428      4096.00
  112263.167     0.999780        48428      4551.11
  112263.167     0.999805        48428      5120.00
  112328.703     0.999829        48431      5851.43
  112328.703     0.999854        48431      6826.67
  112394.239     0.999878        48434      8192.00
  112394.239     0.999890        48434      9102.22
  112394.239     0.999902        48434     10240.00
  112394.239     0.999915        48434     11702.86
  112394.239     0.999927        48434     13653.33
  112459.775     0.999939        48436     16384.00
  112459.775     0.999945        48436     18204.44
  112459.775     0.999951        48436     20480.00
  112459.775     0.999957        48436     23405.71
  112459.775     0.999963        48436     27306.67
  112459.775     0.999969        48436     32768.00
  112459.775     0.999973        48436     36408.89
  112459.775     0.999976        48436     40960.00
  112459.775     0.999979        48436     46811.43
  112525.311     0.999982        48437     54613.33
  112525.311     1.000000        48437          inf
#[Mean    =    87050.931, StdDeviation   =    25825.317]
#[Max     =   112459.776, Total count    =        48437]
#[Buckets =           27, SubBuckets     =         2048]
----------------------------------------------------------
  48566 requests in 15.00m, 424.31MB read
  Socket errors: connect 0, read 0, write 6, timeout 16
Requests/sec:     53.96
Transfer/sec:    482.74KB
