Running 15m test @ http://10.107.143.143:8080/wrk2-api/post/compose
  2 threads and 4 connections
  Thread calibration: mean lat.: 4681.623ms, rate sampling interval: 15007ms
  Thread calibration: mean lat.: 4660.242ms, rate sampling interval: 14729ms
  Thread Stats   Avg      Stdev     99%   +/- Stdev
    Latency     1.62m     9.36s    1.80m    93.86%
    Req/Sec    12.92      4.27    17.00     88.24%
  Latency Distribution (HdrHistogram - Recorded Latency)
 50.000%    1.64m 
 75.000%    1.69m 
 90.000%    1.74m 
 99.000%    1.80m 
 99.900%    1.84m 
 99.990%    1.84m 
 99.999%    1.85m 
100.000%    1.85m 

  Detailed Percentile spectrum:
       Value   Percentile   TotalCount 1/(1-Percentile)

    7950.335     0.000000            1         1.00
   92667.903     0.100000         2440         1.11
   94306.303     0.200000         4773         1.25
   95813.631     0.300000         7259         1.43
   96927.743     0.400000         9563         1.67
   98172.927     0.500000        11994         2.00
   98762.751     0.550000        13134         2.22
   99352.575     0.600000        14366         2.50
  100007.935     0.650000        15608         2.86
  100597.759     0.700000        16728         3.33
  101253.119     0.750000        17936         4.00
  101646.335     0.775000        18537         4.44
  102105.087     0.800000        19115         5.00
  102629.375     0.825000        19750         5.71
  103350.271     0.850000        20355         6.67
  103940.095     0.875000        20932         8.00
  104267.775     0.887500        21214         8.89
  104595.455     0.900000        21478        10.00
  104988.671     0.912500        21792        11.43
  105316.351     0.925000        22076        13.33
  105644.031     0.937500        22383        16.00
  105775.103     0.943750        22522        17.78
  106037.247     0.950000        22691        20.00
  106233.855     0.956250        22827        22.86
  106495.999     0.962500        22991        26.67
  106823.679     0.968750        23147        32.00
  107020.287     0.971875        23218        35.56
  107216.895     0.975000        23274        40.00
  107479.039     0.978125        23358        45.71
  107741.183     0.981250        23437        53.33
  107937.791     0.984375        23509        64.00
  108003.327     0.985938        23533        71.11
  108134.399     0.987500        23577        80.00
  108199.935     0.989062        23606        91.43
  108396.543     0.990625        23658       106.67
  108527.615     0.992188        23686       128.00
  108593.151     0.992969        23702       142.22
  108724.223     0.993750        23718       160.00
  108855.295     0.994531        23746       182.86
  108920.831     0.995313        23754       213.33
  109117.439     0.996094        23775       256.00
  109248.511     0.996484        23783       284.44
  109379.583     0.996875        23791       320.00
  109576.191     0.997266        23799       365.71
  109707.263     0.997656        23810       426.67
  109838.335     0.998047        23823       512.00
  109838.335     0.998242        23823       568.89
  109903.871     0.998437        23827       640.00
  110034.943     0.998633        23838       731.43
  110034.943     0.998828        23838       853.33
  110100.479     0.999023        23844      1024.00
  110100.479     0.999121        23844      1137.78
  110166.015     0.999219        23849      1280.00
  110166.015     0.999316        23849      1462.86
  110297.087     0.999414        23855      1706.67
  110297.087     0.999512        23855      2048.00
  110297.087     0.999561        23855      2275.56
  110297.087     0.999609        23855      2560.00
  110362.623     0.999658        23858      2925.71
  110362.623     0.999707        23858      3413.33
  110428.159     0.999756        23860      4096.00
  110428.159     0.999780        23860      4551.11
  110428.159     0.999805        23860      5120.00
  110428.159     0.999829        23860      5851.43
  110559.231     0.999854        23862      6826.67
  110559.231     0.999878        23862      8192.00
  110559.231     0.999890        23862      9102.22
  110559.231     0.999902        23862     10240.00
  110559.231     0.999915        23862     11702.86
  110624.767     0.999927        23863     13653.33
  110624.767     0.999939        23863     16384.00
  110624.767     0.999945        23863     18204.44
  110624.767     0.999951        23863     20480.00
  110624.767     0.999957        23863     23405.71
  110755.839     0.999963        23864     27306.67
  110755.839     1.000000        23864          inf
#[Mean    =    97359.201, StdDeviation   =     9363.767]
#[Max     =   110690.304, Total count    =        23864]
#[Buckets =           27, SubBuckets     =         2048]
----------------------------------------------------------
  23921 requests in 15.00m, 295.73MB read
  Socket errors: connect 0, read 0, write 4, timeout 0
Requests/sec:     26.58
Transfer/sec:    336.46KB
