Running 15m test @ http://10.105.199.124:8080/wrk2-api/post/compose
  2 threads and 4 connections
  Thread calibration: mean lat.: 17.631ms, rate sampling interval: 44ms
  Thread calibration: mean lat.: 17.316ms, rate sampling interval: 46ms
  Thread Stats   Avg      Stdev     99%   +/- Stdev
    Latency   595.77ms  533.39ms   2.43s    76.51%
    Req/Sec     4.92     10.38    45.00     79.81%
  Latency Distribution (HdrHistogram - Recorded Latency)
 50.000%  456.45ms
 75.000%  839.68ms
 90.000%    1.30s 
 99.000%    2.43s 
 99.900%    3.69s 
 99.990%    4.42s 
 99.999%    4.53s 
100.000%    4.53s 

  Detailed Percentile spectrum:
       Value   Percentile   TotalCount 1/(1-Percentile)

       9.679     0.000000            1         1.00
      70.719     0.100000          884         1.11
     158.079     0.200000         1769         1.25
     246.655     0.300000         2651         1.43
     343.551     0.400000         3536         1.67
     456.447     0.500000         4419         2.00
     516.863     0.550000         4861         2.22
     578.559     0.600000         5304         2.50
     650.239     0.650000         5745         2.86
     745.471     0.700000         6186         3.33
     839.679     0.750000         6627         4.00
     896.511     0.775000         6849         4.44
     955.391     0.800000         7069         5.00
    1020.415     0.825000         7291         5.71
    1102.847     0.850000         7511         6.67
    1200.127     0.875000         7733         8.00
    1243.135     0.887500         7842         8.89
    1303.551     0.900000         7953        10.00
    1364.991     0.912500         8063        11.43
    1435.647     0.925000         8174        13.33
    1522.687     0.937500         8284        16.00
    1566.719     0.943750         8339        17.78
    1624.063     0.950000         8395        20.00
    1707.007     0.956250         8452        22.86
    1769.471     0.962500         8507        26.67
    1855.487     0.968750         8560        32.00
    1910.783     0.971875         8588        35.56
    1959.935     0.975000         8617        40.00
    2037.759     0.978125         8643        45.71
    2115.583     0.981250         8671        53.33
    2209.791     0.984375         8699        64.00
    2250.751     0.985938         8712        71.11
    2318.335     0.987500         8726        80.00
    2392.063     0.989062         8740        91.43
    2449.407     0.990625         8754       106.67
    2557.951     0.992188         8767       128.00
    2586.623     0.992969         8774       142.22
    2664.447     0.993750         8781       160.00
    2738.175     0.994531         8788       182.86
    2807.807     0.995313         8795       213.33
    2854.911     0.996094         8802       256.00
    2873.343     0.996484         8805       284.44
    2942.975     0.996875         8809       320.00
    3074.047     0.997266         8812       365.71
    3098.623     0.997656         8816       426.67
    3203.071     0.998047         8819       512.00
    3325.951     0.998242         8821       568.89
    3461.119     0.998437         8823       640.00
    3493.887     0.998633         8824       731.43
    3624.959     0.998828         8826       853.33
    3940.351     0.999023         8828      1024.00
    3946.495     0.999121         8829      1137.78
    3950.591     0.999219         8830      1280.00
    3950.591     0.999316         8830      1462.86
    4014.079     0.999414         8832      1706.67
    4014.079     0.999512         8832      2048.00
    4087.807     0.999561         8833      2275.56
    4087.807     0.999609         8833      2560.00
    4087.807     0.999658         8833      2925.71
    4194.303     0.999707         8834      3413.33
    4194.303     0.999756         8834      4096.00
    4415.487     0.999780         8835      4551.11
    4415.487     0.999805         8835      5120.00
    4415.487     0.999829         8835      5851.43
    4415.487     0.999854         8835      6826.67
    4415.487     0.999878         8835      8192.00
    4534.271     0.999890         8836      9102.22
    4534.271     1.000000         8836          inf
#[Mean    =      595.774, StdDeviation   =      533.391]
#[Max     =     4530.176, Total count    =         8836]
#[Buckets =           27, SubBuckets     =         2048]
----------------------------------------------------------
  8953 requests in 15.00m, 1.84MB read
  Socket errors: connect 0, read 0, write 6, timeout 19
Requests/sec:      9.95
Transfer/sec:      2.09KB
