Running 15m test @ http://10.104.194.122:8080/wrk2-api/post/compose
  2 threads and 4 connections
  Thread calibration: mean lat.: 29.112ms, rate sampling interval: 47ms
  Thread calibration: mean lat.: 25.822ms, rate sampling interval: 37ms
  Thread Stats   Avg      Stdev     99%   +/- Stdev
    Latency     5.81s     9.74s   29.46s    77.57%
    Req/Sec     4.93     10.89    43.00     81.39%
  Latency Distribution (HdrHistogram - Recorded Latency)
 50.000%  717.31ms
 75.000%    1.92s 
 90.000%   23.95s 
 99.000%   29.46s 
 99.900%   32.60s 
 99.990%   33.46s 
 99.999%   33.59s 
100.000%   33.59s 

  Detailed Percentile spectrum:
       Value   Percentile   TotalCount 1/(1-Percentile)

      10.191     0.000000            1         1.00
     107.327     0.100000          879         1.11
     236.415     0.200000         1757         1.25
     379.135     0.300000         2635         1.43
     529.919     0.400000         3513         1.67
     717.311     0.500000         4391         2.00
     830.975     0.550000         4830         2.22
     961.023     0.600000         5270         2.50
    1139.711     0.650000         5711         2.86
    1389.567     0.700000         6149         3.33
    1923.071     0.750000         6586         4.00
    3647.487     0.775000         6806         4.44
   19644.415     0.800000         7027         5.00
   20856.831     0.825000         7245         5.71
   21708.799     0.850000         7464         6.67
   22740.991     0.875000         7687         8.00
   23265.279     0.887500         7794         8.89
   23953.407     0.900000         7903        10.00
   24608.767     0.912500         8013        11.43
   25296.895     0.925000         8123        13.33
   25903.103     0.937500         8235        16.00
   26132.479     0.943750         8288        17.78
   26411.007     0.950000         8346        20.00
   26705.919     0.956250         8398        22.86
   27099.135     0.962500         8452        26.67
   27426.815     0.968750         8511        32.00
   27574.271     0.971875         8536        35.56
   27869.183     0.975000         8562        40.00
   28098.559     0.978125         8589        45.71
   28459.007     0.981250         8618        53.33
   28721.151     0.984375         8644        64.00
   28934.143     0.985938         8658        71.11
   29147.135     0.987500         8672        80.00
   29376.511     0.989062         8688        91.43
   29540.351     0.990625         8699       106.67
   30064.639     0.992188         8713       128.00
   30326.783     0.992969         8720       142.22
   30638.079     0.993750         8727       160.00
   31031.295     0.994531         8733       182.86
   31178.751     0.995313         8740       213.33
   31326.207     0.996094         8747       256.00
   31375.359     0.996484         8751       284.44
   31473.663     0.996875         8755       320.00
   31637.503     0.997266         8757       365.71
   31850.495     0.997656         8761       426.67
   32014.335     0.998047         8765       512.00
   32030.719     0.998242         8766       568.89
   32194.559     0.998437         8769       640.00
   32194.559     0.998633         8769       731.43
   32571.391     0.998828         8771       853.33
   32948.223     0.999023         8773      1024.00
   33030.143     0.999121         8774      1137.78
   33046.527     0.999219         8775      1280.00
   33046.527     0.999316         8775      1462.86
   33161.215     0.999414         8776      1706.67
   33275.903     0.999512         8777      2048.00
   33341.439     0.999561         8779      2275.56
   33341.439     0.999609         8779      2560.00
   33341.439     0.999658         8779      2925.71
   33341.439     0.999707         8779      3413.33
   33341.439     0.999756         8779      4096.00
   33456.127     0.999780         8780      4551.11
   33456.127     0.999805         8780      5120.00
   33456.127     0.999829         8780      5851.43
   33456.127     0.999854         8780      6826.67
   33456.127     0.999878         8780      8192.00
   33587.199     0.999890         8781      9102.22
   33587.199     1.000000         8781          inf
#[Mean    =     5806.047, StdDeviation   =     9741.367]
#[Max     =    33554.432, Total count    =         8781]
#[Buckets =           27, SubBuckets     =         2048]
----------------------------------------------------------
  8896 requests in 15.00m, 1.82MB read
  Socket errors: connect 0, read 0, write 6, timeout 18
Requests/sec:      9.88
Transfer/sec:      2.08KB
