Running 15m test @ http://10.104.194.122:8080/wrk2-api/post/compose
  2 threads and 4 connections
  Thread calibration: mean lat.: 5.355ms, rate sampling interval: 15ms
  Thread calibration: mean lat.: 9.094ms, rate sampling interval: 27ms
  Thread Stats   Avg      Stdev     99%   +/- Stdev
    Latency     6.98s    12.61s   32.11s    77.17%
    Req/Sec    30.25     40.49   142.00     88.79%
  Latency Distribution (HdrHistogram - Recorded Latency)
 50.000%  153.34ms
 75.000%  397.82ms
 90.000%   30.57s 
 99.000%   32.11s 
 99.900%   33.01s 
 99.990%   33.46s 
 99.999%   33.55s 
100.000%   33.62s 

  Detailed Percentile spectrum:
       Value   Percentile   TotalCount 1/(1-Percentile)

       2.453     0.000000            1         1.00
      29.279     0.100000         5277         1.11
      54.271     0.200000        10552         1.25
      83.007     0.300000        15829         1.43
     115.135     0.400000        21105         1.67
     153.343     0.500000        26377         2.00
     175.871     0.550000        29017         2.22
     202.367     0.600000        31648         2.50
     237.823     0.650000        34290         2.86
     289.535     0.700000        36922         3.33
     397.823     0.750000        39560         4.00
   26869.759     0.775000        40883         4.44
   28098.559     0.800000        42232         5.00
   29229.055     0.825000        43544         5.71
   29786.111     0.850000        44862         6.67
   30179.327     0.875000        46181         8.00
   30392.319     0.887500        46848         8.89
   30572.543     0.900000        47476        10.00
   30769.151     0.912500        48182        11.43
   30916.607     0.925000        48824        13.33
   31096.831     0.937500        49471        16.00
   31211.519     0.943750        49821        17.78
   31293.439     0.950000        50127        20.00
   31375.359     0.956250        50457        22.86
   31457.279     0.962500        50797        26.67
   31539.199     0.968750        51097        32.00
   31604.735     0.971875        51294        35.56
   31653.887     0.975000        51432        40.00
   31735.807     0.978125        51610        45.71
   31801.343     0.981250        51757        53.33
   31899.647     0.984375        51932        64.00
   31965.183     0.985938        52030        71.11
   32014.335     0.987500        52100        80.00
   32079.871     0.989062        52180        91.43
   32145.407     0.990625        52265       106.67
   32210.943     0.992188        52340       128.00
   32260.095     0.992969        52385       142.22
   32292.863     0.993750        52419       160.00
   32374.783     0.994531        52464       182.86
   32489.471     0.995313        52508       213.33
   32555.007     0.996094        52545       256.00
   32620.543     0.996484        52564       284.44
   32702.463     0.996875        52587       320.00
   32751.615     0.997266        52605       365.71
   32800.767     0.997656        52626       426.67
   32849.919     0.998047        52645       512.00
   32899.071     0.998242        52659       568.89
   32915.455     0.998437        52665       640.00
   32931.839     0.998633        52675       731.43
   32964.607     0.998828        52684       853.33
   33030.143     0.999023        52695      1024.00
   33062.911     0.999121        52699      1137.78
   33112.063     0.999219        52705      1280.00
   33144.831     0.999316        52709      1462.86
   33243.135     0.999414        52716      1706.67
   33292.287     0.999512        52724      2048.00
   33292.287     0.999561        52724      2275.56
   33325.055     0.999609        52726      2560.00
   33341.439     0.999658        52731      2925.71
   33341.439     0.999707        52731      3413.33
   33390.591     0.999756        52734      4096.00
   33390.591     0.999780        52734      4551.11
   33406.975     0.999805        52736      5120.00
   33406.975     0.999829        52736      5851.43
   33423.359     0.999854        52738      6826.67
   33456.127     0.999878        52741      8192.00
   33456.127     0.999890        52741      9102.22
   33456.127     0.999902        52741     10240.00
   33456.127     0.999915        52741     11702.86
   33538.047     0.999927        52742     13653.33
   33538.047     0.999939        52742     16384.00
   33554.431     0.999945        52744     18204.44
   33554.431     0.999951        52744     20480.00
   33554.431     0.999957        52744     23405.71
   33554.431     0.999963        52744     27306.67
   33554.431     0.999969        52744     32768.00
   33554.431     0.999973        52744     36408.89
   33554.431     0.999976        52744     40960.00
   33554.431     0.999979        52744     46811.43
   33619.967     0.999982        52745     54613.33
   33619.967     1.000000        52745          inf
#[Mean    =     6984.108, StdDeviation   =    12607.930]
#[Max     =    33587.200, Total count    =        52745]
#[Buckets =           27, SubBuckets     =         2048]
----------------------------------------------------------
  53397 requests in 15.00m, 458.02MB read
  Socket errors: connect 0, read 0, write 6, timeout 0
Requests/sec:     59.33
Transfer/sec:    521.10KB
