Running 15m test @ http://10.96.186.230:8080/wrk2-api/post/compose
  2 threads and 4 connections
  Thread calibration: mean lat.: 1514.710ms, rate sampling interval: 8749ms
  Thread calibration: mean lat.: 1198.930ms, rate sampling interval: 5881ms
  Thread Stats   Avg      Stdev     99%   +/- Stdev
    Latency     1.05m    21.43s    1.68m    62.56%
    Req/Sec     4.13      1.28     6.00     93.25%
  Latency Distribution (HdrHistogram - Recorded Latency)
 50.000%    1.08m 
 75.000%    1.28m 
 90.000%    1.49m 
 99.000%    1.68m 
 99.900%    1.76m 
 99.990%    1.77m 
 99.999%    1.77m 
100.000%    1.77m 

  Detailed Percentile spectrum:
       Value   Percentile   TotalCount 1/(1-Percentile)

     103.871     0.000000            1         1.00
   36700.159     0.100000          822         1.11
   41910.271     0.200000         1649         1.25
   56131.583     0.300000         2465         1.43
   62554.111     0.400000         3289         1.67
   65077.247     0.500000         4113         2.00
   66748.415     0.550000         4521         2.22
   68681.727     0.600000         4941         2.50
   70647.807     0.650000         5351         2.86
   72941.567     0.700000         5759         3.33
   76808.191     0.750000         6163         4.00
   81919.999     0.775000         6368         4.44
   83623.935     0.800000         6586         5.00
   84869.119     0.825000         6781         5.71
   86114.303     0.850000         6986         6.67
   87752.703     0.875000         7192         8.00
   88539.135     0.887500         7299         8.89
   89325.567     0.900000         7393        10.00
   90439.679     0.912500         7501        11.43
   91422.719     0.925000         7602        13.33
   94109.695     0.937500         7702        16.00
   94961.663     0.943750         7752        17.78
   95551.487     0.950000         7808        20.00
   96075.775     0.956250         7855        22.86
   96600.063     0.962500         7909        26.67
   97189.887     0.968750         7959        32.00
   97452.031     0.971875         7985        35.56
   97910.783     0.975000         8012        40.00
   98303.999     0.978125         8038        45.71
   98631.679     0.981250         8060        53.33
   99352.575     0.984375         8087        64.00
   99680.255     0.985938         8099        71.11
  100204.543     0.987500         8112        80.00
  100663.295     0.989062         8127        91.43
  100794.367     0.990625         8137       106.67
  101318.655     0.992188         8150       128.00
  102367.231     0.992969         8157       142.22
  102891.519     0.993750         8163       160.00
  103743.487     0.994531         8170       182.86
  104464.383     0.995313         8176       213.33
  104792.063     0.996094         8184       256.00
  104857.599     0.996484         8189       284.44
  104857.599     0.996875         8189       320.00
  105119.743     0.997266         8193       365.71
  105250.815     0.997656         8198       426.67
  105250.815     0.998047         8198       512.00
  105316.351     0.998242         8201       568.89
  105381.887     0.998437         8202       640.00
  105447.423     0.998633         8203       731.43
  105512.959     0.998828         8205       853.33
  105578.495     0.999023         8206      1024.00
  105644.031     0.999121         8210      1137.78
  105644.031     0.999219         8210      1280.00
  105644.031     0.999316         8210      1462.86
  105644.031     0.999414         8210      1706.67
  105644.031     0.999512         8210      2048.00
  105709.567     0.999561         8212      2275.56
  105709.567     0.999609         8212      2560.00
  105709.567     0.999658         8212      2925.71
  105709.567     0.999707         8212      3413.33
  105709.567     0.999756         8212      4096.00
  105971.711     0.999780         8213      4551.11
  105971.711     0.999805         8213      5120.00
  105971.711     0.999829         8213      5851.43
  105971.711     0.999854         8213      6826.67
  105971.711     0.999878         8213      8192.00
  106168.319     0.999890         8214      9102.22
  106168.319     1.000000         8214          inf
#[Mean    =    62957.264, StdDeviation   =    21434.639]
#[Max     =   106102.784, Total count    =         8214]
#[Buckets =           27, SubBuckets     =         2048]
----------------------------------------------------------
  8307 requests in 15.00m, 1.70MB read
  Socket errors: connect 0, read 0, write 6, timeout 18
Requests/sec:      9.23
Transfer/sec:      1.94KB
