Running 15m test @ http://10.96.186.230:8080/wrk2-api/post/compose
  2 threads and 4 connections
  Thread calibration: mean lat.: 4614.985ms, rate sampling interval: 14467ms
  Thread calibration: mean lat.: 4052.136ms, rate sampling interval: 14131ms
  Thread Stats   Avg      Stdev     99%   +/- Stdev
    Latency     1.48m    25.91s    1.92m    71.11%
    Req/Sec    26.64      7.77    33.00     87.80%
  Latency Distribution (HdrHistogram - Recorded Latency)
 50.000%    1.67m 
 75.000%    1.79m 
 90.000%    1.86m 
 99.000%    1.92m 
 99.900%    1.95m 
 99.990%    1.96m 
 99.999%    1.96m 
100.000%    1.96m 

  Detailed Percentile spectrum:
       Value   Percentile   TotalCount 1/(1-Percentile)

    7462.911     0.000000            1         1.00
   47775.743     0.100000         4909         1.11
   49446.911     0.200000         9668         1.25
   94502.911     0.300000        14535         1.43
   97386.495     0.400000        19408         1.67
  100466.687     0.500000        24198         2.00
  101777.407     0.550000        26657         2.22
  102957.055     0.600000        29095         2.50
  104988.671     0.650000        31422         2.86
  106364.927     0.700000        33834         3.33
  107610.111     0.750000        36307         4.00
  108199.935     0.775000        37487         4.44
  108724.223     0.800000        38777         5.00
  109182.975     0.825000        40017         5.71
  109772.799     0.850000        41140         6.67
  110559.231     0.875000        42277         8.00
  111083.519     0.887500        42924         8.89
  111476.735     0.900000        43476        10.00
  111869.951     0.912500        44103        11.43
  112394.239     0.925000        44754        13.33
  113049.599     0.937500        45289        16.00
  113442.815     0.943750        45622        17.78
  113704.959     0.950000        45905        20.00
  113967.103     0.956250        46258        22.86
  114163.711     0.962500        46611        26.67
  114294.783     0.968750        46861        32.00
  114360.319     0.971875        46982        35.56
  114491.391     0.975000        47123        40.00
  114622.463     0.978125        47284        45.71
  114753.535     0.981250        47439        53.33
  114884.607     0.984375        47561        64.00
  114950.143     0.985938        47634        71.11
  115081.215     0.987500        47745        80.00
  115212.287     0.989062        47821        91.43
  115343.359     0.990625        47867       106.67
  115474.431     0.992188        47929       128.00
  115605.503     0.992969        47986       142.22
  115671.039     0.993750        48014       160.00
  115736.575     0.994531        48048       182.86
  115867.647     0.995313        48100       213.33
  115933.183     0.996094        48118       256.00
  115998.719     0.996484        48137       284.44
  116129.791     0.996875        48161       320.00
  116326.399     0.997266        48175       365.71
  116523.007     0.997656        48195       426.67
  116850.687     0.998047        48220       512.00
  116916.223     0.998242        48233       568.89
  116916.223     0.998437        48233       640.00
  116981.759     0.998633        48250       731.43
  116981.759     0.998828        48250       853.33
  117047.295     0.999023        48259      1024.00
  117112.831     0.999121        48269      1137.78
  117112.831     0.999219        48269      1280.00
  117178.367     0.999316        48281      1462.86
  117178.367     0.999414        48281      1706.67
  117243.903     0.999512        48285      2048.00
  117243.903     0.999561        48285      2275.56
  117309.439     0.999609        48292      2560.00
  117309.439     0.999658        48292      2925.71
  117309.439     0.999707        48292      3413.33
  117374.975     0.999756        48299      4096.00
  117374.975     0.999780        48299      4551.11
  117374.975     0.999805        48299      5120.00
  117374.975     0.999829        48299      5851.43
  117374.975     0.999854        48299      6826.67
  117440.511     0.999878        48303      8192.00
  117440.511     0.999890        48303      9102.22
  117440.511     0.999902        48303     10240.00
  117440.511     0.999915        48303     11702.86
  117440.511     0.999927        48303     13653.33
  117506.047     0.999939        48306     16384.00
  117506.047     1.000000        48306          inf
#[Mean    =    88786.889, StdDeviation   =    25912.923]
#[Max     =   117440.512, Total count    =        48306]
#[Buckets =           27, SubBuckets     =         2048]
----------------------------------------------------------
  48444 requests in 15.00m, 419.10MB read
  Socket errors: connect 0, read 0, write 4, timeout 0
Requests/sec:     53.82
Transfer/sec:    476.82KB
