Running 15m test @ http://10.96.186.230:8080/wrk2-api/post/compose
  2 threads and 4 connections
  Thread calibration: mean lat.: 5636.608ms, rate sampling interval: 16908ms
  Thread calibration: mean lat.: 3856.680ms, rate sampling interval: 12107ms
  Thread Stats   Avg      Stdev     99%   +/- Stdev
    Latency     1.74m     9.90s    1.92m    95.56%
    Req/Sec    12.83      4.43    17.00     88.00%
  Latency Distribution (HdrHistogram - Recorded Latency)
 50.000%    1.77m 
 75.000%    1.81m 
 90.000%    1.86m 
 99.000%    1.92m 
 99.900%    1.94m 
 99.990%    1.95m 
 99.999%    1.95m 
100.000%    1.95m 

  Detailed Percentile spectrum:
       Value   Percentile   TotalCount 1/(1-Percentile)

    7311.359     0.000000            1         1.00
   98631.679     0.100000         2367         1.11
  100401.151     0.200000         4775         1.25
  102694.911     0.300000         7114         1.43
  104726.527     0.400000         9511         1.67
  106037.247     0.500000        11938         2.00
  106495.999     0.550000        13174         2.22
  107020.287     0.600000        14357         2.50
  107413.503     0.650000        15434         2.86
  108003.327     0.700000        16628         3.33
  108593.151     0.750000        17840         4.00
  108920.831     0.775000        18375         4.44
  109314.047     0.800000        18950         5.00
  109903.871     0.825000        19585         5.71
  110428.159     0.850000        20134         6.67
  111017.983     0.875000        20710         8.00
  111345.663     0.887500        21023         8.89
  111673.343     0.900000        21340        10.00
  112001.023     0.912500        21604        11.43
  112328.703     0.925000        21885        13.33
  112721.919     0.937500        22214        16.00
  112918.527     0.943750        22338        17.78
  113115.135     0.950000        22478        20.00
  113311.743     0.956250        22625        22.86
  113508.351     0.962500        22792        26.67
  113704.959     0.968750        22921        32.00
  113836.031     0.971875        23004        35.56
  113967.103     0.975000        23072        40.00
  114163.711     0.978125        23155        45.71
  114425.855     0.981250        23225        53.33
  114753.535     0.984375        23305        64.00
  114884.607     0.985938        23347        71.11
  114950.143     0.987500        23377        80.00
  115015.679     0.989062        23402        91.43
  115146.751     0.990625        23457       106.67
  115212.287     0.992188        23476       128.00
  115277.823     0.992969        23496       142.22
  115343.359     0.993750        23522       160.00
  115408.895     0.994531        23536       182.86
  115474.431     0.995313        23552       213.33
  115605.503     0.996094        23573       256.00
  115671.039     0.996484        23591       284.44
  115671.039     0.996875        23591       320.00
  115736.575     0.997266        23596       365.71
  115802.111     0.997656        23607       426.67
  115867.647     0.998047        23616       512.00
  115867.647     0.998242        23616       568.89
  115933.183     0.998437        23621       640.00
  115998.719     0.998633        23626       731.43
  116129.791     0.998828        23631       853.33
  116195.327     0.999023        23636      1024.00
  116260.863     0.999121        23639      1137.78
  116260.863     0.999219        23639      1280.00
  116391.935     0.999316        23642      1462.86
  116457.471     0.999414        23645      1706.67
  116523.007     0.999512        23646      2048.00
  116588.543     0.999561        23648      2275.56
  116588.543     0.999609        23648      2560.00
  116654.079     0.999658        23649      2925.71
  116785.151     0.999707        23652      3413.33
  116785.151     0.999756        23652      4096.00
  116785.151     0.999780        23652      4551.11
  116916.223     0.999805        23655      5120.00
  116916.223     0.999829        23655      5851.43
  116916.223     0.999854        23655      6826.67
  116916.223     0.999878        23655      8192.00
  116916.223     0.999890        23655      9102.22
  116916.223     0.999902        23655     10240.00
  116916.223     0.999915        23655     11702.86
  116981.759     0.999927        23657     13653.33
  116981.759     1.000000        23657          inf
#[Mean    =   104442.341, StdDeviation   =     9895.168]
#[Max     =   116916.224, Total count    =        23657]
#[Buckets =           27, SubBuckets     =         2048]
----------------------------------------------------------
  23711 requests in 15.00m, 293.03MB read
  Socket errors: connect 0, read 0, write 6, timeout 0
  Non-2xx or 3xx responses: 1
Requests/sec:     26.34
Transfer/sec:    333.39KB
