Running 15m test @ http://10.104.126.224:8080/wrk2-api/post/compose
  2 threads and 4 connections
  Thread calibration: mean lat.: 67.553ms, rate sampling interval: 493ms
  Thread calibration: mean lat.: 565.707ms, rate sampling interval: 3491ms
  Thread Stats   Avg      Stdev     99%   +/- Stdev
    Latency     9.35s    16.94s   47.81s    76.67%
    Req/Sec     4.83      2.95    12.00     83.62%
  Latency Distribution (HdrHistogram - Recorded Latency)
 50.000%   19.31ms
 75.000%  235.26ms
 90.000%   40.11s 
 99.000%   47.81s 
 99.900%   50.46s 
 99.990%    0.87m 
 99.999%    0.88m 
100.000%    0.88m 

  Detailed Percentile spectrum:
       Value   Percentile   TotalCount 1/(1-Percentile)

      10.311     0.000000            1         1.00
      14.975     0.100000          875         1.11
      16.023     0.200000         1760         1.25
      16.943     0.300000         2625         1.43
      17.967     0.400000         3509         1.67
      19.311     0.500000         4375         2.00
      20.303     0.550000         4812         2.22
      21.935     0.600000         5249         2.50
      24.575     0.650000         5689         2.86
      33.343     0.700000         6124         3.33
     235.263     0.750000         6562         4.00
   33751.039     0.775000         6780         4.44
   36241.407     0.800000         7002         5.00
   37421.055     0.825000         7218         5.71
   38502.399     0.850000         7443         6.67
   39256.063     0.875000         7657         8.00
   39682.047     0.887500         7771         8.89
   40108.031     0.900000         7874        10.00
   40534.015     0.912500         7992        11.43
   40992.767     0.925000         8099        13.33
   41451.519     0.937500         8203        16.00
   41844.735     0.943750         8263        17.78
   42172.415     0.950000         8315        20.00
   42532.863     0.956250         8369        22.86
   42958.847     0.962500         8424        26.67
   43483.135     0.968750         8476        32.00
   43909.119     0.971875         8503        35.56
   44466.175     0.975000         8530        40.00
   45645.823     0.978125         8557        45.71
   46661.631     0.981250         8584        53.33
   47153.151     0.984375         8612        64.00
   47382.527     0.985938         8626        71.11
   47546.367     0.987500         8639        80.00
   47710.207     0.989062         8653        91.43
   47906.815     0.990625         8666       106.67
   48168.959     0.992188         8681       128.00
   48365.567     0.992969         8689       142.22
   48496.639     0.993750         8694       160.00
   48627.711     0.994531         8703       182.86
   48693.247     0.995313         8708       213.33
   49020.927     0.996094         8715       256.00
   49217.535     0.996484         8720       284.44
   49250.303     0.996875         8721       320.00
   49414.143     0.997266         8725       365.71
   49479.679     0.997656         8728       426.67
   49545.215     0.998047         8731       512.00
   49610.751     0.998242         8733       568.89
   49709.055     0.998437         8735       640.00
   49971.199     0.998633         8737       731.43
   50364.415     0.998828         8738       853.33
   50659.327     0.999023         8740      1024.00
   51281.919     0.999121         8742      1137.78
   51281.919     0.999219         8742      1280.00
   51314.687     0.999316         8743      1462.86
   51314.687     0.999414         8743      1706.67
   51347.455     0.999512         8744      2048.00
   51511.295     0.999561         8745      2275.56
   51511.295     0.999609         8745      2560.00
   51904.511     0.999658         8746      2925.71
   51904.511     0.999707         8746      3413.33
   51904.511     0.999756         8746      4096.00
   52363.263     0.999780         8747      4551.11
   52363.263     0.999805         8747      5120.00
   52363.263     0.999829         8747      5851.43
   52363.263     0.999854         8747      6826.67
   52363.263     0.999878         8747      8192.00
   52822.015     0.999890         8748      9102.22
   52822.015     1.000000         8748          inf
#[Mean    =     9353.475, StdDeviation   =    16938.755]
#[Max     =    52789.248, Total count    =         8748]
#[Buckets =           27, SubBuckets     =         2048]
----------------------------------------------------------
  8861 requests in 15.00m, 1.82MB read
  Socket errors: connect 0, read 0, write 1, timeout 18
Requests/sec:      9.84
Transfer/sec:      2.07KB
