Running 15m test @ http://10.104.126.224:8080/wrk2-api/post/compose
  2 threads and 4 connections
  Thread calibration: mean lat.: 643.543ms, rate sampling interval: 6451ms
  Thread calibration: mean lat.: 872.773ms, rate sampling interval: 8159ms
  Thread Stats   Avg      Stdev     99%   +/- Stdev
    Latency    26.30s    27.24s    1.02m    75.03%
    Req/Sec    28.62      3.84    35.00     92.28%
  Latency Distribution (HdrHistogram - Recorded Latency)
 50.000%   31.63ms
 75.000%    0.89m 
 90.000%    0.97m 
 99.000%    1.02m 
 99.900%    1.03m 
 99.990%    1.04m 
 99.999%    1.05m 
100.000%    1.05m 

  Detailed Percentile spectrum:
       Value   Percentile   TotalCount 1/(1-Percentile)

       0.018     0.000000            1         1.00
       4.499     0.100000         5191         1.11
       9.807     0.200000        10375         1.25
      11.479     0.300000        15594         1.43
      13.639     0.400000        20744         1.67
      31.631     0.500000        25926         2.00
   48726.015     0.550000        28533         2.22
   49709.055     0.600000        31149         2.50
   50692.095     0.650000        33724         2.86
   52035.583     0.700000        36301         3.33
   53542.911     0.750000        38905         4.00
   55541.759     0.775000        40221         4.44
   56295.423     0.800000        41519         5.00
   56754.175     0.825000        42810         5.71
   57180.159     0.850000        44116         6.67
   57802.751     0.875000        45389         8.00
   58064.895     0.887500        46115         8.89
   58294.271     0.900000        46727        10.00
   58523.647     0.912500        47347        11.43
   58785.791     0.925000        47966        13.33
   59146.239     0.937500        48618        16.00
   59342.847     0.943750        48977        17.78
   59506.687     0.950000        49285        20.00
   59736.063     0.956250        49609        22.86
   60030.975     0.962500        49924        26.67
   60293.119     0.968750        50233        32.00
   60456.959     0.971875        50418        35.56
   60620.799     0.975000        50566        40.00
   60784.639     0.978125        50718        45.71
   60948.479     0.981250        50903        53.33
   61079.551     0.984375        51050        64.00
   61177.855     0.985938        51130        71.11
   61276.159     0.987500        51233        80.00
   61341.695     0.989062        51314        91.43
   61407.231     0.990625        51373       106.67
   61505.535     0.992188        51451       128.00
   61538.303     0.992969        51490       142.22
   61603.839     0.993750        51542       160.00
   61669.375     0.994531        51597       182.86
   61702.143     0.995313        51616       213.33
   61767.679     0.996094        51679       256.00
   61767.679     0.996484        51679       284.44
   61800.447     0.996875        51699       320.00
   61833.215     0.997266        51720       365.71
   61865.983     0.997656        51739       426.67
   61898.751     0.998047        51758       512.00
   61931.519     0.998242        51774       568.89
   61931.519     0.998437        51774       640.00
   61964.287     0.998633        51786       731.43
   61997.055     0.998828        51794       853.33
   62029.823     0.999023        51808      1024.00
   62029.823     0.999121        51808      1137.78
   62062.591     0.999219        51812      1280.00
   62095.359     0.999316        51817      1462.86
   62128.127     0.999414        51827      1706.67
   62128.127     0.999512        51827      2048.00
   62160.895     0.999561        51831      2275.56
   62193.663     0.999609        51839      2560.00
   62193.663     0.999658        51839      2925.71
   62193.663     0.999707        51839      3413.33
   62226.431     0.999756        51840      4096.00
   62259.199     0.999780        51843      4551.11
   62259.199     0.999805        51843      5120.00
   62324.735     0.999829        51844      5851.43
   62455.807     0.999854        51845      6826.67
   62488.575     0.999878        51846      8192.00
   62521.343     0.999890        51847      9102.22
   62521.343     0.999902        51847     10240.00
   62619.647     0.999915        51848     11702.86
   62717.951     0.999927        51849     13653.33
   62717.951     0.999939        51849     16384.00
   62816.255     0.999945        51850     18204.44
   62816.255     0.999951        51850     20480.00
   62816.255     0.999957        51850     23405.71
   62881.791     0.999963        51851     27306.67
   62881.791     0.999969        51851     32768.00
   62881.791     0.999973        51851     36408.89
   62881.791     0.999976        51851     40960.00
   62881.791     0.999979        51851     46811.43
   62947.327     0.999982        51852     54613.33
   62947.327     1.000000        51852          inf
#[Mean    =    26302.367, StdDeviation   =    27238.212]
#[Max     =    62914.560, Total count    =        51852]
#[Buckets =           27, SubBuckets     =         2048]
----------------------------------------------------------
  52239 requests in 15.00m, 456.36MB read
  Socket errors: connect 0, read 0, write 2, timeout 0
Requests/sec:     58.04
Transfer/sec:    519.22KB
