Running 15m test @ http://10.104.126.224:8080/wrk2-api/post/compose
  2 threads and 4 connections
  Thread calibration: mean lat.: 363.329ms, rate sampling interval: 127ms
  Thread calibration: mean lat.: 5056.896ms, rate sampling interval: 14958ms
  Thread Stats   Avg      Stdev     99%   +/- Stdev
    Latency    40.89s    24.88s    1.08m    72.57%
    Req/Sec    14.07     11.29    47.00     71.29%
  Latency Distribution (HdrHistogram - Recorded Latency)
 50.000%    0.89m 
 75.000%    0.95m 
 90.000%    1.00m 
 99.000%    1.08m 
 99.900%    1.13m 
 99.990%    1.14m 
 99.999%    1.14m 
100.000%    1.14m 

  Detailed Percentile spectrum:
       Value   Percentile   TotalCount 1/(1-Percentile)

       5.867     0.000000            1         1.00
      14.215     0.100000         2553         1.11
      21.599     0.200000         5105         1.25
   50561.023     0.300000         7658         1.43
   52363.263     0.400000        10249         1.67
   53608.447     0.500000        12756         2.00
   54296.575     0.550000        14030         2.22
   54984.703     0.600000        15363         2.50
   55672.831     0.650000        16587         2.86
   56328.191     0.700000        17912         3.33
   57016.319     0.750000        19187         4.00
   57343.999     0.775000        19818         4.44
   57737.215     0.800000        20439         5.00
   58195.967     0.825000        21068         5.71
   58654.719     0.850000        21705         6.67
   59179.007     0.875000        22332         8.00
   59637.759     0.887500        22654         8.89
   60162.047     0.900000        22961        10.00
   60850.175     0.912500        23283        11.43
   61407.231     0.925000        23602        13.33
   61833.215     0.937500        23916        16.00
   62062.591     0.943750        24085        17.78
   62259.199     0.950000        24244        20.00
   62488.575     0.956250        24408        22.86
   62750.719     0.962500        24556        26.67
   63143.935     0.968750        24716        32.00
   63340.543     0.971875        24798        35.56
   63537.151     0.975000        24884        40.00
   63700.991     0.978125        24952        45.71
   64094.207     0.981250        25035        53.33
   64454.655     0.984375        25120        64.00
   64618.495     0.985938        25155        71.11
   64815.103     0.987500        25195        80.00
   64978.943     0.989062        25234        91.43
   65142.783     0.990625        25270       106.67
   65535.999     0.992188        25311       128.00
   65830.911     0.992969        25330       142.22
   66060.287     0.993750        25352       160.00
   66289.663     0.994531        25371       182.86
   66453.503     0.995313        25390       213.33
   66813.951     0.996094        25412       256.00
   66945.023     0.996484        25425       284.44
   67010.559     0.996875        25433       320.00
   67436.543     0.997266        25442       365.71
   67633.151     0.997656        25451       426.67
   67764.223     0.998047        25461       512.00
   67829.759     0.998242        25467       568.89
   67895.295     0.998437        25474       640.00
   67960.831     0.998633        25480       731.43
   67960.831     0.998828        25480       853.33
   68091.903     0.999023        25491      1024.00
   68091.903     0.999121        25491      1137.78
   68091.903     0.999219        25491      1280.00
   68157.439     0.999316        25495      1462.86
   68157.439     0.999414        25495      1706.67
   68222.975     0.999512        25498      2048.00
   68222.975     0.999561        25498      2275.56
   68288.511     0.999609        25500      2560.00
   68354.047     0.999658        25507      2925.71
   68354.047     0.999707        25507      3413.33
   68354.047     0.999756        25507      4096.00
   68354.047     0.999780        25507      4551.11
   68354.047     0.999805        25507      5120.00
   68354.047     0.999829        25507      5851.43
   68354.047     0.999854        25507      6826.67
   68354.047     0.999878        25507      8192.00
   68354.047     0.999890        25507      9102.22
   68354.047     0.999902        25507     10240.00
   68354.047     0.999915        25507     11702.86
   68419.583     0.999927        25508     13653.33
   68419.583     0.999939        25508     16384.00
   68419.583     0.999945        25508     18204.44
   68419.583     0.999951        25508     20480.00
   68419.583     0.999957        25508     23405.71
   68550.655     0.999963        25509     27306.67
   68550.655     1.000000        25509          inf
#[Mean    =    40894.249, StdDeviation   =    24879.483]
#[Max     =    68485.120, Total count    =        25509]
#[Buckets =           27, SubBuckets     =         2048]
----------------------------------------------------------
  25615 requests in 15.00m, 316.85MB read
  Socket errors: connect 0, read 0, write 3, timeout 0
Requests/sec:     28.46
Transfer/sec:    360.47KB
