Running 15m test @ http://10.96.124.79:8080/wrk2-api/post/compose
  2 threads and 4 connections
  Thread calibration: mean lat.: 705.213ms, rate sampling interval: 2406ms
  Thread calibration: mean lat.: 3324.819ms, rate sampling interval: 9936ms
  Thread Stats   Avg      Stdev     99%   +/- Stdev
    Latency    49.08s    19.12s    1.43m    72.00%
    Req/Sec     4.20      1.64     8.00     86.90%
  Latency Distribution (HdrHistogram - Recorded Latency)
 50.000%   44.60s 
 75.000%    0.91m 
 90.000%    1.33m 
 99.000%    1.43m 
 99.900%    1.46m 
 99.990%    1.47m 
 99.999%    1.48m 
100.000%    1.48m 

  Detailed Percentile spectrum:
       Value   Percentile   TotalCount 1/(1-Percentile)

      27.167     0.000000            1         1.00
   33325.055     0.100000          837         1.11
   36732.927     0.200000         1685         1.25
   40402.943     0.300000         2521         1.43
   42696.703     0.400000         3360         1.67
   44597.247     0.500000         4195         2.00
   45547.519     0.550000         4609         2.22
   46759.935     0.600000         5032         2.50
   47775.743     0.650000         5445         2.86
   49315.839     0.700000         5862         3.33
   54362.111     0.750000         6277         4.00
   72679.423     0.775000         6486         4.44
   75104.255     0.800000         6703         5.00
   76349.439     0.825000         6905         5.71
   77529.087     0.850000         7117         6.67
   78774.271     0.875000         7330         8.00
   79233.023     0.887500         7433         8.89
   79691.775     0.900000         7535        10.00
   80281.599     0.912500         7643        11.43
   81068.031     0.925000         7745        13.33
   81788.927     0.937500         7854        16.00
   82116.607     0.943750         7905        17.78
   82509.823     0.950000         7956        20.00
   82903.039     0.956250         8007        22.86
   83427.327     0.962500         8059        26.67
   83951.615     0.968750         8111        32.00
   84213.759     0.971875         8144        35.56
   84410.367     0.975000         8164        40.00
   84672.511     0.978125         8190        45.71
   84934.655     0.981250         8215        53.33
   85327.871     0.984375         8244        64.00
   85524.479     0.985938         8254        71.11
   85655.551     0.987500         8268        80.00
   85786.623     0.989062         8279        91.43
   85917.695     0.990625         8291       106.67
   86048.767     0.992188         8306       128.00
   86179.839     0.992969         8315       142.22
   86245.375     0.993750         8320       160.00
   86310.911     0.994531         8324       182.86
   86441.983     0.995313         8330       213.33
   86638.591     0.996094         8338       256.00
   86704.127     0.996484         8340       284.44
   86835.199     0.996875         8343       320.00
   86966.271     0.997266         8347       365.71
   87097.343     0.997656         8352       426.67
   87162.879     0.998047         8353       512.00
   87228.415     0.998242         8358       568.89
   87228.415     0.998437         8358       640.00
   87228.415     0.998633         8358       731.43
   87359.487     0.998828         8360       853.33
   87425.023     0.999023         8361      1024.00
   87490.559     0.999121         8364      1137.78
   87490.559     0.999219         8364      1280.00
   87490.559     0.999316         8364      1462.86
   87556.095     0.999414         8365      1706.67
   87556.095     0.999512         8365      2048.00
   87621.631     0.999561         8366      2275.56
   87621.631     0.999609         8366      2560.00
   87687.167     0.999658         8367      2925.71
   87687.167     0.999707         8367      3413.33
   87687.167     0.999756         8367      4096.00
   88145.919     0.999780         8368      4551.11
   88145.919     0.999805         8368      5120.00
   88145.919     0.999829         8368      5851.43
   88145.919     0.999854         8368      6826.67
   88145.919     0.999878         8368      8192.00
   88735.743     0.999890         8369      9102.22
   88735.743     1.000000         8369          inf
#[Mean    =    49078.835, StdDeviation   =    19121.714]
#[Max     =    88670.208, Total count    =         8369]
#[Buckets =           27, SubBuckets     =         2048]
----------------------------------------------------------
  8449 requests in 15.00m, 1.73MB read
  Socket errors: connect 0, read 0, write 5, timeout 18
Requests/sec:      9.39
Transfer/sec:      1.97KB
