Running 15m test @ http://10.96.124.79:8080/wrk2-api/post/compose
  2 threads and 4 connections
  Thread calibration: mean lat.: 4109.571ms, rate sampling interval: 13041ms
  Thread calibration: mean lat.: 4455.522ms, rate sampling interval: 13090ms
  Thread Stats   Avg      Stdev     99%   +/- Stdev
    Latency     1.16m    26.25s    1.83m    65.83%
    Req/Sec    27.21      6.40    33.00     88.15%
  Latency Distribution (HdrHistogram - Recorded Latency)
 50.000%   50.04s 
 75.000%    1.50m 
 90.000%    1.76m 
 99.000%    1.83m 
 99.900%    1.85m 
 99.990%    1.86m 
 99.999%    1.86m 
100.000%    1.86m 

  Detailed Percentile spectrum:
       Value   Percentile   TotalCount 1/(1-Percentile)

    7118.847     0.000000            1         1.00
   43122.687     0.100000         5029         1.11
   44728.319     0.200000         9903         1.25
   46366.719     0.300000        14912         1.43
   47808.511     0.400000        19864         1.67
   50036.735     0.500000        24761         2.00
   83427.327     0.550000        27266         2.22
   85131.263     0.600000        29746         2.50
   86704.127     0.650000        32231         2.86
   88276.991     0.700000        34646         3.33
   89784.319     0.750000        37148         4.00
  101384.191     0.775000        38370         4.44
  102891.519     0.800000        39655         5.00
  103415.807     0.825000        40821         5.71
  104005.631     0.850000        42152         6.67
  104660.991     0.875000        43338         8.00
  105054.207     0.887500        43979         8.89
  105447.423     0.900000        44559        10.00
  105971.711     0.912500        45176        11.43
  106495.999     0.925000        45773        13.33
  107020.287     0.937500        46393        16.00
  107413.503     0.943750        46727        17.78
  107806.719     0.950000        47067        20.00
  108068.863     0.956250        47315        22.86
  108396.543     0.962500        47713        26.67
  108593.151     0.968750        47935        32.00
  108789.759     0.971875        48152        35.56
  108920.831     0.975000        48248        40.00
  109182.975     0.978125        48439        45.71
  109379.583     0.981250        48616        53.33
  109510.655     0.984375        48783        64.00
  109576.191     0.985938        48857        71.11
  109641.727     0.987500        48923        80.00
  109707.263     0.989062        48981        91.43
  109772.799     0.990625        49022       106.67
  110034.943     0.992188        49106       128.00
  110100.479     0.992969        49140       142.22
  110166.015     0.993750        49175       160.00
  110297.087     0.994531        49230       182.86
  110362.623     0.995313        49248       213.33
  110493.695     0.996094        49290       256.00
  110624.767     0.996484        49323       284.44
  110690.303     0.996875        49330       320.00
  110755.839     0.997266        49345       365.71
  110821.375     0.997656        49366       426.67
  110952.447     0.998047        49389       512.00
  111017.983     0.998242        49403       568.89
  111017.983     0.998437        49403       640.00
  111083.519     0.998633        49423       731.43
  111083.519     0.998828        49423       853.33
  111149.055     0.999023        49438      1024.00
  111149.055     0.999121        49438      1137.78
  111214.591     0.999219        49448      1280.00
  111214.591     0.999316        49448      1462.86
  111280.127     0.999414        49462      1706.67
  111280.127     0.999512        49462      2048.00
  111280.127     0.999561        49462      2275.56
  111280.127     0.999609        49462      2560.00
  111345.663     0.999658        49468      2925.71
  111345.663     0.999707        49468      3413.33
  111345.663     0.999756        49468      4096.00
  111411.199     0.999780        49473      4551.11
  111411.199     0.999805        49473      5120.00
  111411.199     0.999829        49473      5851.43
  111411.199     0.999854        49473      6826.67
  111411.199     0.999878        49473      8192.00
  111476.735     0.999890        49475      9102.22
  111476.735     0.999902        49475     10240.00
  111476.735     0.999915        49475     11702.86
  111542.271     0.999927        49478     13653.33
  111542.271     0.999939        49478     16384.00
  111542.271     0.999945        49478     18204.44
  111542.271     0.999951        49478     20480.00
  111542.271     0.999957        49478     23405.71
  111542.271     0.999963        49478     27306.67
  111542.271     0.999969        49478     32768.00
  111542.271     0.999973        49478     36408.89
  111542.271     0.999976        49478     40960.00
  111542.271     0.999979        49478     46811.43
  111607.807     0.999982        49479     54613.33
  111607.807     1.000000        49479          inf
#[Mean    =    69396.002, StdDeviation   =    26252.852]
#[Max     =   111542.272, Total count    =        49479]
#[Buckets =           27, SubBuckets     =         2048]
----------------------------------------------------------
  49626 requests in 15.00m, 433.83MB read
  Socket errors: connect 0, read 0, write 5, timeout 0
Requests/sec:     55.14
Transfer/sec:    493.58KB
