Running 15m test @ http://10.96.124.79:8080/wrk2-api/post/compose
  2 threads and 4 connections
  Thread calibration: mean lat.: 4859.050ms, rate sampling interval: 13221ms
  Thread calibration: mean lat.: 5048.560ms, rate sampling interval: 15908ms
  Thread Stats   Avg      Stdev     99%   +/- Stdev
    Latency     1.15m    21.62s    1.63m    59.09%
    Req/Sec    13.39      3.19    16.00     89.34%
  Latency Distribution (HdrHistogram - Recorded Latency)
 50.000%    0.91m 
 75.000%    1.51m 
 90.000%    1.59m 
 99.000%    1.63m 
 99.900%    1.65m 
 99.990%    1.66m 
 99.999%    1.66m 
100.000%    1.66m 

  Detailed Percentile spectrum:
       Value   Percentile   TotalCount 1/(1-Percentile)

    7630.847     0.000000            1         1.00
   46006.271     0.100000         2495         1.11
   48398.335     0.200000         4978         1.25
   50003.967     0.300000         7457         1.43
   51642.367     0.400000         9886         1.67
   54689.791     0.500000        12358         2.00
   83492.863     0.550000        13599         2.22
   86573.055     0.600000        14832         2.50
   88539.135     0.650000        16126         2.86
   89456.639     0.700000        17303         3.33
   90832.895     0.750000        18550         4.00
   91684.863     0.775000        19183         4.44
   92340.223     0.800000        19795         5.00
   93061.119     0.825000        20443         5.71
   93716.479     0.850000        21024         6.67
   94502.911     0.875000        21655         8.00
   94961.663     0.887500        21967         8.89
   95289.343     0.900000        22259        10.00
   95551.487     0.912500        22549        11.43
   95879.167     0.925000        22863        13.33
   96206.847     0.937500        23196        16.00
   96337.919     0.943750        23323        17.78
   96534.527     0.950000        23509        20.00
   96731.135     0.956250        23654        22.86
   96927.743     0.962500        23851        26.67
   97058.815     0.968750        23973        32.00
   97124.351     0.971875        24020        35.56
   97255.423     0.975000        24110        40.00
   97386.495     0.978125        24183        45.71
   97517.567     0.981250        24256        53.33
   97648.639     0.984375        24326        64.00
   97714.175     0.985938        24375        71.11
   97779.711     0.987500        24405        80.00
   97910.783     0.989062        24456        91.43
   97976.319     0.990625        24479       106.67
   98172.927     0.992188        24533       128.00
   98238.463     0.992969        24549       142.22
   98303.999     0.993750        24577       160.00
   98303.999     0.994531        24577       182.86
   98369.535     0.995313        24595       213.33
   98435.071     0.996094        24620       256.00
   98500.607     0.996484        24629       284.44
   98566.143     0.996875        24637       320.00
   98631.679     0.997266        24644       365.71
   98697.215     0.997656        24654       426.67
   98762.751     0.998047        24667       512.00
   98762.751     0.998242        24667       568.89
   98828.287     0.998437        24672       640.00
   98893.823     0.998633        24679       731.43
   98959.359     0.998828        24681       853.33
   99024.895     0.999023        24686      1024.00
   99090.431     0.999121        24688      1137.78
   99155.967     0.999219        24691      1280.00
   99221.503     0.999316        24694      1462.86
   99287.039     0.999414        24696      1706.67
   99352.575     0.999512        24702      2048.00
   99352.575     0.999561        24702      2275.56
   99352.575     0.999609        24702      2560.00
   99352.575     0.999658        24702      2925.71
   99352.575     0.999707        24702      3413.33
   99549.183     0.999756        24704      4096.00
   99549.183     0.999780        24704      4551.11
   99680.255     0.999805        24706      5120.00
   99680.255     0.999829        24706      5851.43
   99680.255     0.999854        24706      6826.67
   99680.255     0.999878        24706      8192.00
   99745.791     0.999890        24708      9102.22
   99745.791     0.999902        24708     10240.00
   99745.791     0.999915        24708     11702.86
   99745.791     0.999927        24708     13653.33
   99745.791     0.999939        24708     16384.00
   99745.791     0.999945        24708     18204.44
   99745.791     0.999951        24708     20480.00
   99745.791     0.999957        24708     23405.71
   99811.327     0.999963        24709     27306.67
   99811.327     1.000000        24709          inf
#[Mean    =    68942.094, StdDeviation   =    21624.820]
#[Max     =    99745.792, Total count    =        24709]
#[Buckets =           27, SubBuckets     =         2048]
----------------------------------------------------------
  24763 requests in 15.00m, 306.02MB read
  Socket errors: connect 0, read 0, write 5, timeout 0
Requests/sec:     27.51
Transfer/sec:    348.13KB
