Running 15m test @ http://10.103.24.248:8080/wrk2-api/post/compose
  2 threads and 4 connections
  Thread calibration: mean lat.: 1423.896ms, rate sampling interval: 5001ms
  Thread calibration: mean lat.: 657.304ms, rate sampling interval: 2574ms
  Thread Stats   Avg      Stdev     99%   +/- Stdev
    Latency    42.27s    20.58s    1.45m    73.49%
    Req/Sec     4.30      1.53     8.00     90.04%
  Latency Distribution (HdrHistogram - Recorded Latency)
 50.000%   34.34s 
 75.000%   41.55s 
 90.000%    1.31m 
 99.000%    1.45m 
 99.900%    1.51m 
 99.990%    1.53m 
 99.999%    1.53m 
100.000%    1.53m 

  Detailed Percentile spectrum:
       Value   Percentile   TotalCount 1/(1-Percentile)

      76.671     0.000000            1         1.00
   27901.951     0.100000          842         1.11
   30015.487     0.200000         1691         1.25
   31637.503     0.300000         2533         1.43
   32997.375     0.400000         3377         1.67
   34340.863     0.500000         4216         2.00
   35028.991     0.550000         4631         2.22
   35913.727     0.600000         5052         2.50
   37060.607     0.650000         5483         2.86
   38404.095     0.700000         5894         3.33
   41549.823     0.750000         6315         4.00
   63799.295     0.775000         6526         4.44
   68812.799     0.800000         6736         5.00
   72613.887     0.825000         6948         5.71
   74973.183     0.850000         7159         6.67
   76677.119     0.875000         7372         8.00
   77660.159     0.887500         7473         8.89
   78512.127     0.900000         7578        10.00
   79364.095     0.912500         7693        11.43
   80347.135     0.925000         7792        13.33
   81461.247     0.937500         7894        16.00
   82051.071     0.943750         7947        17.78
   82903.039     0.950000         8003        20.00
   83492.863     0.956250         8053        22.86
   84148.223     0.962500         8106        26.67
   84934.655     0.968750         8164        32.00
   85327.871     0.971875         8191        35.56
   85524.479     0.975000         8212        40.00
   85786.623     0.978125         8239        45.71
   86048.767     0.981250         8265        53.33
   86376.447     0.984375         8289        64.00
   86573.055     0.985938         8302        71.11
   86835.199     0.987500         8315        80.00
   87031.807     0.989062         8331        91.43
   87228.415     0.990625         8342       106.67
   87425.023     0.992188         8357       128.00
   87687.167     0.992969         8362       142.22
   88276.991     0.993750         8368       160.00
   88670.207     0.994531         8376       182.86
   89194.495     0.995313         8381       213.33
   89915.391     0.996094         8390       256.00
   89980.927     0.996484         8392       284.44
   90046.463     0.996875         8394       320.00
   90177.535     0.997266         8397       365.71
   90374.143     0.997656         8401       426.67
   90439.679     0.998047         8405       512.00
   90505.215     0.998242         8406       568.89
   90570.751     0.998437         8408       640.00
   90636.287     0.998633         8409       731.43
   90898.431     0.998828         8412       853.33
   90898.431     0.999023         8412      1024.00
   91029.503     0.999121         8413      1137.78
   91160.575     0.999219         8415      1280.00
   91160.575     0.999316         8415      1462.86
   91291.647     0.999414         8416      1706.67
   91291.647     0.999512         8416      2048.00
   91619.327     0.999561         8417      2275.56
   91619.327     0.999609         8417      2560.00
   91750.399     0.999658         8418      2925.71
   91750.399     0.999707         8418      3413.33
   91750.399     0.999756         8418      4096.00
   91815.935     0.999780         8419      4551.11
   91815.935     0.999805         8419      5120.00
   91815.935     0.999829         8419      5851.43
   91815.935     0.999854         8419      6826.67
   91815.935     0.999878         8419      8192.00
   91947.007     0.999890         8420      9102.22
   91947.007     1.000000         8420          inf
#[Mean    =    42268.189, StdDeviation   =    20582.511]
#[Max     =    91881.472, Total count    =         8420]
#[Buckets =           27, SubBuckets     =         2048]
----------------------------------------------------------
  8521 requests in 15.00m, 1.75MB read
  Socket errors: connect 0, read 0, write 5, timeout 19
Requests/sec:      9.47
Transfer/sec:      1.99KB
