Running 15m test @ http://10.103.24.248:8080/wrk2-api/post/compose
  2 threads and 4 connections
  Thread calibration: mean lat.: 4025.548ms, rate sampling interval: 15466ms
  Thread calibration: mean lat.: 3676.752ms, rate sampling interval: 12935ms
  Thread Stats   Avg      Stdev     99%   +/- Stdev
    Latency     1.21m    22.98s    1.83m    72.96%
    Req/Sec    27.20      6.49    33.00     88.00%
  Latency Distribution (HdrHistogram - Recorded Latency)
 50.000%    0.93m 
 75.000%    1.46m 
 90.000%    1.77m 
 99.000%    1.83m 
 99.900%    1.86m 
 99.990%    1.87m 
 99.999%    1.87m 
100.000%    1.87m 

  Detailed Percentile spectrum:
       Value   Percentile   TotalCount 1/(1-Percentile)

    6729.727     0.000000            1         1.00
   50724.863     0.100000         5038         1.11
   51806.207     0.200000         9949         1.25
   52985.855     0.300000        14812         1.43
   54099.967     0.400000        19842         1.67
   56098.815     0.500000        24701         2.00
   81264.639     0.550000        27188         2.22
   83034.111     0.600000        29659         2.50
   84082.687     0.650000        32169         2.86
   85262.335     0.700000        34580         3.33
   87556.095     0.750000        36997         4.00
  101646.335     0.775000        38306         4.44
  102498.303     0.800000        39506         5.00
  103612.415     0.825000        40775         5.71
  104726.527     0.850000        41930         6.67
  105775.103     0.875000        43232         8.00
  106037.247     0.887500        43843         8.89
  106299.391     0.900000        44412        10.00
  106692.607     0.912500        45103        11.43
  106954.751     0.925000        45675        13.33
  107216.895     0.937500        46381        16.00
  107347.967     0.943750        46682        17.78
  107479.039     0.950000        46993        20.00
  107610.111     0.956250        47195        22.86
  107806.719     0.962500        47546        26.67
  108003.327     0.968750        47858        32.00
  108068.863     0.971875        47956        35.56
  108199.935     0.975000        48131        40.00
  108331.007     0.978125        48262        45.71
  108527.615     0.981250        48446        53.33
  108658.687     0.984375        48569        64.00
  108855.295     0.985938        48661        71.11
  108986.367     0.987500        48727        80.00
  109379.583     0.989062        48793        91.43
  109838.335     0.990625        48879       106.67
  110034.943     0.992188        48948       128.00
  110166.015     0.992969        49000       142.22
  110231.551     0.993750        49026       160.00
  110362.623     0.994531        49070       182.86
  110428.159     0.995313        49097       213.33
  110559.231     0.996094        49149       256.00
  110624.767     0.996484        49169       284.44
  110690.303     0.996875        49181       320.00
  110821.375     0.997266        49198       365.71
  111083.519     0.997656        49219       426.67
  111214.591     0.998047        49247       512.00
  111214.591     0.998242        49247       568.89
  111280.127     0.998437        49256       640.00
  111411.199     0.998633        49268       731.43
  111476.735     0.998828        49278       853.33
  111542.271     0.999023        49284      1024.00
  111542.271     0.999121        49284      1137.78
  111607.807     0.999219        49293      1280.00
  111673.343     0.999316        49300      1462.86
  111673.343     0.999414        49300      1706.67
  111869.951     0.999512        49307      2048.00
  111869.951     0.999561        49307      2275.56
  111935.487     0.999609        49313      2560.00
  111935.487     0.999658        49313      2925.71
  111935.487     0.999707        49313      3413.33
  112001.023     0.999756        49319      4096.00
  112001.023     0.999780        49319      4551.11
  112001.023     0.999805        49319      5120.00
  112001.023     0.999829        49319      5851.43
  112066.559     0.999854        49324      6826.67
  112066.559     0.999878        49324      8192.00
  112066.559     0.999890        49324      9102.22
  112066.559     0.999902        49324     10240.00
  112066.559     0.999915        49324     11702.86
  112066.559     0.999927        49324     13653.33
  112066.559     0.999939        49324     16384.00
  112132.095     0.999945        49325     18204.44
  112132.095     0.999951        49325     20480.00
  112132.095     0.999957        49325     23405.71
  112197.631     0.999963        49327     27306.67
  112197.631     1.000000        49327          inf
#[Mean    =    72323.521, StdDeviation   =    22979.605]
#[Max     =   112132.096, Total count    =        49327]
#[Buckets =           27, SubBuckets     =         2048]
----------------------------------------------------------
  49453 requests in 15.00m, 431.69MB read
  Socket errors: connect 0, read 0, write 5, timeout 0
Requests/sec:     54.95
Transfer/sec:    491.15KB
