Running 15m test @ http://10.103.24.248:8080/wrk2-api/post/compose
  2 threads and 4 connections
  Thread calibration: mean lat.: 5795.249ms, rate sampling interval: 16146ms
  Thread calibration: mean lat.: 3708.856ms, rate sampling interval: 11157ms
  Thread Stats   Avg      Stdev     99%   +/- Stdev
    Latency     1.19m    20.31s    1.78m    67.30%
    Req/Sec    13.29      3.64    17.00     90.30%
  Latency Distribution (HdrHistogram - Recorded Latency)
 50.000%    1.03m 
 75.000%    1.35m 
 90.000%    1.72m 
 99.000%    1.78m 
 99.900%    1.81m 
 99.990%    1.82m 
 99.999%    1.82m 
100.000%    1.82m 

  Detailed Percentile spectrum:
       Value   Percentile   TotalCount 1/(1-Percentile)

    5963.775     0.000000            1         1.00
   51183.615     0.100000         2471         1.11
   53510.143     0.200000         4950         1.25
   55836.671     0.300000         7411         1.43
   58195.967     0.400000         9891         1.67
   62062.591     0.500000        12328         2.00
   73400.319     0.550000        13560         2.22
   75235.327     0.600000        14820         2.50
   76808.191     0.650000        16050         2.86
   78249.983     0.700000        17260         3.33
   81002.495     0.750000        18490         4.00
   97452.031     0.775000        19111         4.44
   99024.895     0.800000        19728         5.00
  100663.295     0.825000        20357         5.71
  101515.263     0.850000        20954         6.67
  102367.231     0.875000        21582         8.00
  102760.447     0.887500        21890         8.89
  103219.199     0.900000        22218        10.00
  103612.415     0.912500        22509        11.43
  104071.167     0.925000        22800        13.33
  104595.455     0.937500        23135        16.00
  104857.599     0.943750        23261        17.78
  105316.351     0.950000        23448        20.00
  105644.031     0.956250        23587        22.86
  105971.711     0.962500        23760        26.67
  106233.855     0.968750        23916        32.00
  106364.927     0.971875        23989        35.56
  106495.999     0.975000        24044        40.00
  106627.071     0.978125        24128        45.71
  106758.143     0.981250        24221        53.33
  106823.679     0.984375        24262        64.00
  106889.215     0.985938        24308        71.11
  106954.751     0.987500        24342        80.00
  107020.287     0.989062        24378        91.43
  107151.359     0.990625        24430       106.67
  107282.431     0.992188        24479       128.00
  107282.431     0.992969        24479       142.22
  107347.967     0.993750        24504       160.00
  107413.503     0.994531        24515       182.86
  107675.647     0.995313        24538       213.33
  107806.719     0.996094        24557       256.00
  107872.255     0.996484        24566       284.44
  107937.791     0.996875        24576       320.00
  108003.327     0.997266        24583       365.71
  108068.863     0.997656        24590       426.67
  108134.399     0.998047        24604       512.00
  108134.399     0.998242        24604       568.89
  108199.935     0.998437        24613       640.00
  108199.935     0.998633        24613       731.43
  108331.007     0.998828        24622       853.33
  108331.007     0.999023        24622      1024.00
  108396.543     0.999121        24626      1137.78
  108462.079     0.999219        24627      1280.00
  108527.615     0.999316        24633      1462.86
  108527.615     0.999414        24633      1706.67
  108593.151     0.999512        24637      2048.00
  108593.151     0.999561        24637      2275.56
  108593.151     0.999609        24637      2560.00
  108789.759     0.999658        24639      2925.71
  108789.759     0.999707        24639      3413.33
  108855.295     0.999756        24641      4096.00
  108855.295     0.999780        24641      4551.11
  108920.831     0.999805        24645      5120.00
  108920.831     0.999829        24645      5851.43
  108920.831     0.999854        24645      6826.67
  108920.831     0.999878        24645      8192.00
  108920.831     0.999890        24645      9102.22
  108920.831     0.999902        24645     10240.00
  108920.831     0.999915        24645     11702.86
  108920.831     0.999927        24645     13653.33
  108920.831     0.999939        24645     16384.00
  108920.831     0.999945        24645     18204.44
  108920.831     0.999951        24645     20480.00
  108920.831     0.999957        24645     23405.71
  108986.367     0.999963        24646     27306.67
  108986.367     1.000000        24646          inf
#[Mean    =    71162.803, StdDeviation   =    20314.417]
#[Max     =   108920.832, Total count    =        24646]
#[Buckets =           27, SubBuckets     =         2048]
----------------------------------------------------------
  24696 requests in 15.00m, 305.48MB read
  Socket errors: connect 0, read 0, write 5, timeout 0
Requests/sec:     27.44
Transfer/sec:    347.53KB
