Running 15m test @ http://10.106.252.122:8080/wrk2-api/post/compose
  2 threads and 4 connections
  Thread calibration: mean lat.: 601.393ms, rate sampling interval: 2394ms
  Thread calibration: mean lat.: 2166.937ms, rate sampling interval: 6307ms
  Thread Stats   Avg      Stdev     99%   +/- Stdev
    Latency     0.92m    27.42s    1.75m    71.28%
    Req/Sec     4.26      1.68     8.00     86.91%
  Latency Distribution (HdrHistogram - Recorded Latency)
 50.000%   41.68s 
 75.000%    1.33m 
 90.000%    1.57m 
 99.000%    1.75m 
 99.900%    1.80m 
 99.990%    1.82m 
 99.999%    1.82m 
100.000%    1.82m 

  Detailed Percentile spectrum:
       Value   Percentile   TotalCount 1/(1-Percentile)

      96.447     0.000000            1         1.00
   31047.679     0.100000          829         1.11
   33554.431     0.200000         1658         1.25
   35291.135     0.300000         2485         1.43
   37650.431     0.400000         3318         1.67
   41680.895     0.500000         4145         2.00
   62816.255     0.550000         4558         2.22
   66748.415     0.600000         4972         2.50
   69271.551     0.650000         5386         2.86
   72220.671     0.700000         5799         3.33
   79822.847     0.750000         6216         4.00
   82968.575     0.775000         6423         4.44
   86769.663     0.800000         6630         5.00
   88801.279     0.825000         6842         5.71
   91160.575     0.850000         7045         6.67
   92340.223     0.875000         7248         8.00
   93257.727     0.887500         7359         8.89
   94109.695     0.900000         7467        10.00
   94765.055     0.912500         7567        11.43
   95354.879     0.925000         7668        13.33
   96206.847     0.937500         7768        16.00
   96600.063     0.943750         7819        17.78
   97189.887     0.950000         7873        20.00
   97976.319     0.956250         7928        22.86
   98893.823     0.962500         7975        26.67
   99680.255     0.968750         8025        32.00
  100466.687     0.971875         8053        35.56
  101449.727     0.975000         8076        40.00
  102236.159     0.978125         8103        45.71
  103153.663     0.981250         8129        53.33
  103940.095     0.984375         8155        64.00
  104136.703     0.985938         8167        71.11
  104398.847     0.987500         8180        80.00
  104857.599     0.989062         8195        91.43
  105185.279     0.990625         8206       106.67
  105775.103     0.992188         8220       128.00
  105840.639     0.992969         8226       142.22
  106168.319     0.993750         8233       160.00
  106430.463     0.994531         8239       182.86
  106692.607     0.995313         8245       213.33
  107085.823     0.996094         8254       256.00
  107085.823     0.996484         8254       284.44
  107282.431     0.996875         8259       320.00
  107347.967     0.997266         8261       365.71
  107413.503     0.997656         8265       426.67
  107479.039     0.998047         8270       512.00
  107479.039     0.998242         8270       568.89
  107610.111     0.998437         8271       640.00
  107675.647     0.998633         8272       731.43
  108003.327     0.998828         8274       853.33
  108134.399     0.999023         8276      1024.00
  108134.399     0.999121         8276      1137.78
  108265.471     0.999219         8277      1280.00
  108331.007     0.999316         8279      1462.86
  108331.007     0.999414         8279      1706.67
  108331.007     0.999512         8279      2048.00
  108593.151     0.999561         8280      2275.56
  108593.151     0.999609         8280      2560.00
  108724.223     0.999658         8281      2925.71
  108724.223     0.999707         8281      3413.33
  108724.223     0.999756         8281      4096.00
  109117.439     0.999780         8282      4551.11
  109117.439     0.999805         8282      5120.00
  109117.439     0.999829         8282      5851.43
  109117.439     0.999854         8282      6826.67
  109117.439     0.999878         8282      8192.00
  109445.119     0.999890         8283      9102.22
  109445.119     1.000000         8283          inf
#[Mean    =    55204.653, StdDeviation   =    27419.757]
#[Max     =   109379.584, Total count    =         8283]
#[Buckets =           27, SubBuckets     =         2048]
----------------------------------------------------------
  8378 requests in 15.00m, 1.72MB read
  Socket errors: connect 0, read 0, write 5, timeout 19
Requests/sec:      9.31
Transfer/sec:      1.95KB
