Running 15m test @ http://10.106.252.122:8080/wrk2-api/post/compose
  2 threads and 4 connections
  Thread calibration: mean lat.: 4046.222ms, rate sampling interval: 12197ms
  Thread calibration: mean lat.: 5023.795ms, rate sampling interval: 14524ms
  Thread Stats   Avg      Stdev     99%   +/- Stdev
    Latency     1.69m     9.22s    1.80m    98.28%
    Req/Sec    26.25      8.63    33.00     87.97%
  Latency Distribution (HdrHistogram - Recorded Latency)
 50.000%    1.71m 
 75.000%    1.75m 
 90.000%    1.77m 
 99.000%    1.80m 
 99.900%    1.83m 
 99.990%    1.83m 
 99.999%    1.84m 
100.000%    1.84m 

  Detailed Percentile spectrum:
       Value   Percentile   TotalCount 1/(1-Percentile)

    6529.023     0.000000            1         1.00
   96206.847     0.100000         4839         1.11
   99221.503     0.200000         9561         1.25
  101187.583     0.300000        14441         1.43
  102170.623     0.400000        19136         1.67
  102891.519     0.500000        24082         2.00
  103219.199     0.550000        26469         2.22
  103612.415     0.600000        28928         2.50
  104005.631     0.650000        31169         2.86
  104398.847     0.700000        33370         3.33
  104923.135     0.750000        35698         4.00
  105250.815     0.775000        36984         4.44
  105512.959     0.800000        38139         5.00
  105775.103     0.825000        39525         5.71
  105971.711     0.850000        40600         6.67
  106233.855     0.875000        41847         8.00
  106364.927     0.887500        42435         8.89
  106495.999     0.900000        42933        10.00
  106692.607     0.912500        43483        11.43
  106954.751     0.925000        44177        13.33
  107151.359     0.937500        44661        16.00
  107282.431     0.943750        44977        17.78
  107413.503     0.950000        45287        20.00
  107544.575     0.956250        45602        22.86
  107675.647     0.962500        45920        26.67
  107741.183     0.968750        46107        32.00
  107806.719     0.971875        46260        35.56
  107872.255     0.975000        46424        40.00
  107937.791     0.978125        46601        45.71
  108003.327     0.981250        46751        53.33
  108068.863     0.984375        46879        64.00
  108134.399     0.985938        46990        71.11
  108199.935     0.987500        47080        80.00
  108199.935     0.989062        47080        91.43
  108331.007     0.990625        47188       106.67
  108396.543     0.992188        47224       128.00
  108462.079     0.992969        47268       142.22
  108527.615     0.993750        47297       160.00
  108658.687     0.994531        47352       182.86
  108724.223     0.995313        47377       213.33
  108855.295     0.996094        47412       256.00
  108920.831     0.996484        47426       284.44
  109051.903     0.996875        47453       320.00
  109117.439     0.997266        47471       365.71
  109182.975     0.997656        47491       426.67
  109314.047     0.998047        47508       512.00
  109445.119     0.998242        47513       568.89
  109641.727     0.998437        47525       640.00
  109707.263     0.998633        47533       731.43
  109772.799     0.998828        47543       853.33
  109838.335     0.999023        47554      1024.00
  109838.335     0.999121        47554      1137.78
  109903.871     0.999219        47565      1280.00
  109903.871     0.999316        47565      1462.86
  109969.407     0.999414        47577      1706.67
  109969.407     0.999512        47577      2048.00
  109969.407     0.999561        47577      2275.56
  109969.407     0.999609        47577      2560.00
  109969.407     0.999658        47577      2925.71
  110034.943     0.999707        47590      3413.33
  110034.943     0.999756        47590      4096.00
  110034.943     0.999780        47590      4551.11
  110034.943     0.999805        47590      5120.00
  110034.943     0.999829        47590      5851.43
  110034.943     0.999854        47590      6826.67
  110034.943     0.999878        47590      8192.00
  110034.943     0.999890        47590      9102.22
  110034.943     0.999902        47590     10240.00
  110034.943     0.999915        47590     11702.86
  110034.943     0.999927        47590     13653.33
  110100.479     0.999939        47592     16384.00
  110100.479     0.999945        47592     18204.44
  110100.479     0.999951        47592     20480.00
  110100.479     0.999957        47592     23405.71
  110100.479     0.999963        47592     27306.67
  110100.479     0.999969        47592     32768.00
  110100.479     0.999973        47592     36408.89
  110100.479     0.999976        47592     40960.00
  110100.479     0.999979        47592     46811.43
  110166.015     0.999982        47593     54613.33
  110166.015     1.000000        47593          inf
#[Mean    =   101376.988, StdDeviation   =     9216.939]
#[Max     =   110100.480, Total count    =        47593]
#[Buckets =           27, SubBuckets     =         2048]
----------------------------------------------------------
  47739 requests in 15.00m, 420.68MB read
  Socket errors: connect 0, read 0, write 6, timeout 3
Requests/sec:     53.04
Transfer/sec:    478.61KB
