Running 15m test @ http://10.106.252.122:8080/wrk2-api/post/compose
  2 threads and 4 connections
  Thread calibration: mean lat.: 5230.246ms, rate sampling interval: 16187ms
  Thread calibration: mean lat.: 4417.872ms, rate sampling interval: 15040ms
  Thread Stats   Avg      Stdev     99%   +/- Stdev
    Latency     1.45m    25.73s    1.96m    61.41%
    Req/Sec    13.06      3.85    17.00     88.50%
  Latency Distribution (HdrHistogram - Recorded Latency)
 50.000%    1.58m 
 75.000%    1.77m 
 90.000%    1.89m 
 99.000%    1.96m 
 99.900%    1.99m 
 99.990%    2.00m 
 99.999%    2.00m 
100.000%    2.00m 

  Detailed Percentile spectrum:
       Value   Percentile   TotalCount 1/(1-Percentile)

    8314.879     0.000000            1         1.00
   46792.703     0.100000         2421         1.11
   50135.039     0.200000         4844         1.25
   86835.199     0.300000         7265         1.43
   90374.143     0.400000         9686         1.67
   94961.663     0.500000        12094         2.00
   98893.823     0.550000        13313         2.22
  101384.191     0.600000        14507         2.50
  103350.271     0.650000        15732         2.86
  104726.527     0.700000        16969         3.33
  106495.999     0.750000        18119         4.00
  108068.863     0.775000        18740         4.44
  109182.975     0.800000        19350         5.00
  110034.943     0.825000        19951         5.71
  110952.447     0.850000        20562         6.67
  112197.631     0.875000        21154         8.00
  112787.455     0.887500        21447         8.89
  113442.815     0.900000        21781        10.00
  113901.567     0.912500        22063        11.43
  114425.855     0.925000        22358        13.33
  114950.143     0.937500        22671        16.00
  115212.287     0.943750        22827        17.78
  115474.431     0.950000        22970        20.00
  115802.111     0.956250        23107        22.86
  116195.327     0.962500        23269        26.67
  116523.007     0.968750        23406        32.00
  116719.615     0.971875        23478        35.56
  116850.687     0.975000        23557        40.00
  116981.759     0.978125        23644        45.71
  117112.831     0.981250        23739        53.33
  117243.903     0.984375        23812        64.00
  117309.439     0.985938        23833        71.11
  117374.975     0.987500        23858        80.00
  117506.047     0.989062        23896        91.43
  117637.119     0.990625        23940       106.67
  117899.263     0.992188        23976       128.00
  118030.335     0.992969        23993       142.22
  118161.407     0.993750        24008       160.00
  118292.479     0.994531        24026       182.86
  118423.551     0.995313        24046       213.33
  118620.159     0.996094        24069       256.00
  118685.695     0.996484        24072       284.44
  118816.767     0.996875        24084       320.00
  118882.303     0.997266        24090       365.71
  119013.375     0.997656        24104       426.67
  119078.911     0.998047        24110       512.00
  119144.447     0.998242        24117       568.89
  119209.983     0.998437        24121       640.00
  119275.519     0.998633        24128       731.43
  119275.519     0.998828        24128       853.33
  119341.055     0.999023        24137      1024.00
  119341.055     0.999121        24137      1137.78
  119406.591     0.999219        24143      1280.00
  119406.591     0.999316        24143      1462.86
  119406.591     0.999414        24143      1706.67
  119472.127     0.999512        24147      2048.00
  119472.127     0.999561        24147      2275.56
  119472.127     0.999609        24147      2560.00
  119537.663     0.999658        24148      2925.71
  119603.199     0.999707        24149      3413.33
  119799.807     0.999756        24154      4096.00
  119799.807     0.999780        24154      4551.11
  119799.807     0.999805        24154      5120.00
  119799.807     0.999829        24154      5851.43
  119799.807     0.999854        24154      6826.67
  119799.807     0.999878        24154      8192.00
  119799.807     0.999890        24154      9102.22
  119799.807     0.999902        24154     10240.00
  119799.807     0.999915        24154     11702.86
  119865.343     0.999927        24155     13653.33
  119865.343     0.999939        24155     16384.00
  119865.343     0.999945        24155     18204.44
  119865.343     0.999951        24155     20480.00
  119865.343     0.999957        24155     23405.71
  119930.879     0.999963        24156     27306.67
  119930.879     1.000000        24156          inf
#[Mean    =    86890.917, StdDeviation   =    25732.741]
#[Max     =   119865.344, Total count    =        24156]
#[Buckets =           27, SubBuckets     =         2048]
----------------------------------------------------------
  24209 requests in 15.00m, 299.21MB read
  Socket errors: connect 0, read 0, write 5, timeout 0
Requests/sec:     26.90
Transfer/sec:    340.38KB
