Running 15m test @ http://10.106.250.61:8080/wrk2-api/post/compose
  2 threads and 4 connections
  Thread calibration: mean lat.: 150.758ms, rate sampling interval: 885ms
  Thread calibration: mean lat.: 86.569ms, rate sampling interval: 530ms
  Thread Stats   Avg      Stdev     99%   +/- Stdev
    Latency   696.17ms  559.77ms   2.59s    74.55%
    Req/Sec     4.41      2.87    13.00     84.05%
  Latency Distribution (HdrHistogram - Recorded Latency)
 50.000%  566.27ms
 75.000%  956.93ms
 90.000%    1.43s 
 99.000%    2.59s 
 99.900%    3.68s 
 99.990%    4.22s 
 99.999%    4.42s 
100.000%    4.42s 

  Detailed Percentile spectrum:
       Value   Percentile   TotalCount 1/(1-Percentile)

      10.935     0.000000            1         1.00
     119.167     0.100000          884         1.11
     232.063     0.200000         1769         1.25
     340.479     0.300000         2654         1.43
     443.903     0.400000         3536         1.67
     566.271     0.500000         4422         2.00
     628.223     0.550000         4862         2.22
     703.999     0.600000         5305         2.50
     779.775     0.650000         5745         2.86
     861.183     0.700000         6187         3.33
     956.927     0.750000         6630         4.00
    1012.223     0.775000         6850         4.44
    1076.223     0.800000         7074         5.00
    1147.903     0.825000         7292         5.71
    1221.631     0.850000         7514         6.67
    1318.911     0.875000         7734         8.00
    1374.207     0.887500         7844         8.89
    1425.407     0.900000         7956        10.00
    1480.703     0.912500         8065        11.43
    1561.599     0.925000         8177        13.33
    1670.143     0.937500         8287        16.00
    1728.511     0.943750         8342        17.78
    1796.095     0.950000         8397        20.00
    1848.319     0.956250         8452        22.86
    1936.383     0.962500         8507        26.67
    2033.663     0.968750         8562        32.00
    2087.935     0.971875         8591        35.56
    2166.783     0.975000         8618        40.00
    2230.271     0.978125         8645        45.71
    2308.095     0.981250         8673        53.33
    2404.351     0.984375         8700        64.00
    2447.359     0.985938         8714        71.11
    2502.655     0.987500         8728        80.00
    2559.999     0.989062         8742        91.43
    2605.055     0.990625         8757       106.67
    2697.215     0.992188         8769       128.00
    2738.175     0.992969         8776       142.22
    2787.327     0.993750         8783       160.00
    2830.335     0.994531         8790       182.86
    2924.543     0.995313         8797       213.33
    3026.943     0.996094         8804       256.00
    3071.999     0.996484         8807       284.44
    3096.575     0.996875         8811       320.00
    3147.775     0.997266         8814       365.71
    3303.423     0.997656         8818       426.67
    3358.719     0.998047         8821       512.00
    3403.775     0.998242         8823       568.89
    3465.215     0.998437         8825       640.00
    3495.935     0.998633         8826       731.43
    3659.775     0.998828         8828       853.33
    3946.495     0.999023         8830      1024.00
    3948.543     0.999121         8831      1137.78
    3954.687     0.999219         8832      1280.00
    3954.687     0.999316         8832      1462.86
    4001.791     0.999414         8833      1706.67
    4005.887     0.999512         8834      2048.00
    4143.103     0.999561         8835      2275.56
    4143.103     0.999609         8835      2560.00
    4143.103     0.999658         8835      2925.71
    4198.399     0.999707         8836      3413.33
    4198.399     0.999756         8836      4096.00
    4218.879     0.999780         8837      4551.11
    4218.879     0.999805         8837      5120.00
    4218.879     0.999829         8837      5851.43
    4218.879     0.999854         8837      6826.67
    4218.879     0.999878         8837      8192.00
    4419.583     0.999890         8838      9102.22
    4419.583     1.000000         8838          inf
#[Mean    =      696.171, StdDeviation   =      559.768]
#[Max     =     4415.488, Total count    =         8838]
#[Buckets =           27, SubBuckets     =         2048]
----------------------------------------------------------
  8952 requests in 15.00m, 1.84MB read
  Socket errors: connect 0, read 0, write 10, timeout 19
Requests/sec:      9.95
Transfer/sec:      2.09KB
