Running 15m test @ http://10.106.250.61:8080/wrk2-api/post/compose
  2 threads and 4 connections
  Thread calibration: mean lat.: 19.681ms, rate sampling interval: 100ms
  Thread calibration: mean lat.: 9.504ms, rate sampling interval: 35ms
  Thread Stats   Avg      Stdev     99%   +/- Stdev
    Latency     6.77s    12.31s   31.75s    77.22%
    Req/Sec    29.57     26.37   114.00     50.32%
  Latency Distribution (HdrHistogram - Recorded Latency)
 50.000%  100.61ms
 75.000%  304.64ms
 90.000%   29.62s 
 99.000%   31.75s 
 99.900%   33.03s 
 99.990%   33.62s 
 99.999%   33.65s 
100.000%   33.69s 

  Detailed Percentile spectrum:
       Value   Percentile   TotalCount 1/(1-Percentile)

       1.873     0.000000            1         1.00
      21.167     0.100000         5284         1.11
      34.175     0.200000        10561         1.25
      51.519     0.300000        15836         1.43
      73.663     0.400000        21110         1.67
     100.607     0.500000        26386         2.00
     118.463     0.550000        29022         2.22
     139.903     0.600000        31671         2.50
     167.679     0.650000        34299         2.86
     211.327     0.700000        36945         3.33
     304.639     0.750000        39573         4.00
   26951.679     0.775000        40891         4.44
   27951.103     0.800000        42241         5.00
   28311.551     0.825000        43533         5.71
   28721.151     0.850000        44897         6.67
   29179.903     0.875000        46183         8.00
   29409.279     0.887500        46832         8.89
   29622.271     0.900000        47534        10.00
   29802.495     0.912500        48152        11.43
   29982.719     0.925000        48833        13.33
   30195.711     0.937500        49475        16.00
   30310.399     0.943750        49820        17.78
   30425.087     0.950000        50131        20.00
   30556.159     0.956250        50455        22.86
   30736.383     0.962500        50797        26.67
   30932.991     0.968750        51134        32.00
   31014.911     0.971875        51279        35.56
   31129.599     0.975000        51448        40.00
   31244.287     0.978125        51618        45.71
   31342.591     0.981250        51775        53.33
   31457.279     0.984375        51954        64.00
   31522.815     0.985938        52030        71.11
   31604.735     0.987500        52108        80.00
   31703.039     0.989062        52190        91.43
   31801.343     0.990625        52276       106.67
   31899.647     0.992188        52361       128.00
   31948.799     0.992969        52398       142.22
   32030.719     0.993750        52436       160.00
   32145.407     0.994531        52480       182.86
   32260.095     0.995313        52515       213.33
   32473.087     0.996094        52556       256.00
   32538.623     0.996484        52577       284.44
   32604.159     0.996875        52598       320.00
   32653.311     0.997266        52618       365.71
   32800.767     0.997656        52640       426.67
   32882.687     0.998047        52662       512.00
   32899.071     0.998242        52670       568.89
   32931.839     0.998437        52679       640.00
   32980.991     0.998633        52694       731.43
   32997.375     0.998828        52702       853.33
   33030.143     0.999023        52711      1024.00
   33046.527     0.999121        52716      1137.78
   33062.911     0.999219        52721      1280.00
   33095.679     0.999316        52725      1462.86
   33161.215     0.999414        52734      1706.67
   33177.599     0.999512        52736      2048.00
   33210.367     0.999561        52738      2275.56
   33243.135     0.999609        52742      2560.00
   33259.519     0.999658        52744      2925.71
   33308.671     0.999707        52746      3413.33
   33374.207     0.999756        52749      4096.00
   33390.591     0.999780        52751      4551.11
   33390.591     0.999805        52751      5120.00
   33456.127     0.999829        52752      5851.43
   33587.199     0.999854        52755      6826.67
   33587.199     0.999878        52755      8192.00
   33619.967     0.999890        52757      9102.22
   33619.967     0.999902        52757     10240.00
   33619.967     0.999915        52757     11702.86
   33652.735     0.999927        52760     13653.33
   33652.735     0.999939        52760     16384.00
   33652.735     0.999945        52760     18204.44
   33652.735     0.999951        52760     20480.00
   33652.735     0.999957        52760     23405.71
   33652.735     0.999963        52760     27306.67
   33652.735     0.999969        52760     32768.00
   33652.735     0.999973        52760     36408.89
   33652.735     0.999976        52760     40960.00
   33652.735     0.999979        52760     46811.43
   33685.503     0.999982        52761     54613.33
   33685.503     1.000000        52761          inf
#[Mean    =     6773.600, StdDeviation   =    12313.228]
#[Max     =    33652.736, Total count    =        52761]
#[Buckets =           27, SubBuckets     =         2048]
----------------------------------------------------------
  53414 requests in 15.00m, 458.36MB read
  Socket errors: connect 0, read 0, write 6, timeout 0
Requests/sec:     59.35
Transfer/sec:    521.48KB
