Running 15m test @ http://10.97.141.253:8080/wrk2-api/post/compose
  2 threads and 4 connections
  Thread calibration: mean lat.: 3097.659ms, rate sampling interval: 11411ms
  Thread calibration: mean lat.: 1454.242ms, rate sampling interval: 7282ms
  Thread Stats   Avg      Stdev     99%   +/- Stdev
    Latency     0.88m    19.58s    1.46m    68.44%
    Req/Sec     4.18      1.19     7.00     95.00%
  Latency Distribution (HdrHistogram - Recorded Latency)
 50.000%    0.86m 
 75.000%    1.10m 
 90.000%    1.32m 
 99.000%    1.46m 
 99.900%    1.52m 
 99.990%    1.53m 
 99.999%    1.53m 
100.000%    1.53m 

  Detailed Percentile spectrum:
       Value   Percentile   TotalCount 1/(1-Percentile)

     103.295     0.000000            1         1.00
   32555.007     0.100000          834         1.11
   36732.927     0.200000         1671         1.25
   41484.287     0.300000         2503         1.43
   46661.631     0.400000         3345         1.67
   51478.527     0.500000         4168         2.00
   55083.007     0.550000         4586         2.22
   57704.447     0.600000         5004         2.50
   61112.319     0.650000         5420         2.86
   63242.239     0.700000         5841         3.33
   66125.823     0.750000         6250         4.00
   69926.911     0.775000         6461         4.44
   72613.887     0.800000         6669         5.00
   75300.863     0.825000         6875         5.71
   76873.727     0.850000         7087         6.67
   77987.839     0.875000         7308         8.00
   78512.127     0.887500         7403         8.89
   79101.951     0.900000         7503        10.00
   79953.919     0.912500         7612        11.43
   80871.423     0.925000         7714        13.33
   81919.999     0.937500         7813        16.00
   82378.751     0.943750         7865        17.78
   83034.111     0.950000         7919        20.00
   83623.935     0.956250         7969        22.86
   84213.759     0.962500         8024        26.67
   85000.191     0.968750         8073        32.00
   85393.407     0.971875         8103        35.56
   85655.551     0.975000         8130        40.00
   85917.695     0.978125         8155        45.71
   86310.911     0.981250         8178        53.33
   86966.271     0.984375         8207        64.00
   87228.415     0.985938         8218        71.11
   87425.023     0.987500         8230        80.00
   87687.167     0.989062         8243        91.43
   87949.311     0.990625         8258       106.67
   88080.383     0.992188         8271       128.00
   88211.455     0.992969         8276       142.22
   88342.527     0.993750         8282       160.00
   88473.599     0.994531         8288       182.86
   88670.207     0.995313         8295       213.33
   88997.887     0.996094         8304       256.00
   88997.887     0.996484         8304       284.44
   89128.959     0.996875         8307       320.00
   89522.175     0.997266         8311       365.71
   89784.319     0.997656         8314       426.67
   90111.999     0.998047         8317       512.00
   90243.071     0.998242         8320       568.89
   90243.071     0.998437         8320       640.00
   90439.679     0.998633         8322       731.43
   90701.823     0.998828         8324       853.33
   91160.575     0.999023         8325      1024.00
   91226.111     0.999121         8327      1137.78
   91226.111     0.999219         8327      1280.00
   91291.647     0.999316         8328      1462.86
   91357.183     0.999414         8329      1706.67
   91357.183     0.999512         8329      2048.00
   91684.863     0.999561         8331      2275.56
   91684.863     0.999609         8331      2560.00
   91684.863     0.999658         8331      2925.71
   91684.863     0.999707         8331      3413.33
   91684.863     0.999756         8331      4096.00
   91815.935     0.999780         8332      4551.11
   91815.935     0.999805         8332      5120.00
   91815.935     0.999829         8332      5851.43
   91815.935     0.999854         8332      6826.67
   91815.935     0.999878         8332      8192.00
   92012.543     0.999890         8333      9102.22
   92012.543     1.000000         8333          inf
#[Mean    =    52698.927, StdDeviation   =    19576.183]
#[Max     =    91947.008, Total count    =         8333]
#[Buckets =           27, SubBuckets     =         2048]
----------------------------------------------------------
  8406 requests in 15.00m, 1.72MB read
  Socket errors: connect 0, read 0, write 4, timeout 19
Requests/sec:      9.34
Transfer/sec:      1.96KB
