Running 15m test @ http://10.97.141.253:8080/wrk2-api/post/compose
  2 threads and 4 connections
  Thread calibration: mean lat.: 3656.907ms, rate sampling interval: 14876ms
  Thread calibration: mean lat.: 3029.974ms, rate sampling interval: 10764ms
  Thread Stats   Avg      Stdev     99%   +/- Stdev
    Latency     1.45m    27.78s    1.85m    73.06%
    Req/Sec    26.73      7.66    33.00     87.94%
  Latency Distribution (HdrHistogram - Recorded Latency)
 50.000%    1.70m 
 75.000%    1.75m 
 90.000%    1.79m 
 99.000%    1.85m 
 99.900%    1.89m 
 99.990%    1.89m 
 99.999%    1.90m 
100.000%    1.90m 

  Detailed Percentile spectrum:
       Value   Percentile   TotalCount 1/(1-Percentile)

    5898.239     0.000000            1         1.00
   41779.199     0.100000         4866         1.11
   43253.759     0.200000         9767         1.25
   97714.175     0.300000        14559         1.43
  100532.223     0.400000        19398         1.67
  102105.087     0.500000        24404         2.00
  102694.911     0.550000        26817         2.22
  103350.271     0.600000        29218         2.50
  103940.095     0.650000        31749         2.86
  104398.847     0.700000        34039         3.33
  104988.671     0.750000        36523         4.00
  105250.815     0.775000        37587         4.44
  105578.495     0.800000        38757         5.00
  105971.711     0.825000        40055         5.71
  106299.391     0.850000        41234         6.67
  106627.071     0.875000        42351         8.00
  106889.215     0.887500        42982         8.89
  107151.359     0.900000        43716        10.00
  107413.503     0.912500        44243        11.43
  107806.719     0.925000        44820        13.33
  108134.399     0.937500        45420        16.00
  108331.007     0.943750        45750        17.78
  108527.615     0.950000        45990        20.00
  108855.295     0.956250        46324        22.86
  109182.975     0.962500        46609        26.67
  109576.191     0.968750        46922        32.00
  109707.263     0.971875        47040        35.56
  109903.871     0.975000        47230        40.00
  110034.943     0.978125        47349        45.71
  110231.551     0.981250        47502        53.33
  110428.159     0.984375        47683        64.00
  110493.695     0.985938        47738        71.11
  110624.767     0.987500        47818        80.00
  110821.375     0.989062        47895        91.43
  111017.983     0.990625        47955       106.67
  111411.199     0.992188        48020       128.00
  111738.879     0.992969        48063       142.22
  111935.487     0.993750        48098       160.00
  112066.559     0.994531        48143       182.86
  112132.095     0.995313        48176       213.33
  112263.167     0.996094        48215       256.00
  112328.703     0.996484        48227       284.44
  112590.847     0.996875        48248       320.00
  112721.919     0.997266        48271       365.71
  112787.455     0.997656        48284       426.67
  112852.991     0.998047        48303       512.00
  112918.527     0.998242        48314       568.89
  113049.599     0.998437        48333       640.00
  113049.599     0.998633        48333       731.43
  113115.135     0.998828        48348       853.33
  113180.671     0.999023        48359      1024.00
  113180.671     0.999121        48359      1137.78
  113246.207     0.999219        48362      1280.00
  113311.743     0.999316        48368      1462.86
  113377.279     0.999414        48372      1706.67
  113442.815     0.999512        48378      2048.00
  113442.815     0.999561        48378      2275.56
  113508.351     0.999609        48381      2560.00
  113508.351     0.999658        48381      2925.71
  113573.887     0.999707        48385      3413.33
  113639.423     0.999756        48393      4096.00
  113639.423     0.999780        48393      4551.11
  113639.423     0.999805        48393      5120.00
  113639.423     0.999829        48393      5851.43
  113639.423     0.999854        48393      6826.67
  113639.423     0.999878        48393      8192.00
  113639.423     0.999890        48393      9102.22
  113639.423     0.999902        48393     10240.00
  113639.423     0.999915        48393     11702.86
  113704.959     0.999927        48396     13653.33
  113704.959     0.999939        48396     16384.00
  113704.959     0.999945        48396     18204.44
  113704.959     0.999951        48396     20480.00
  113704.959     0.999957        48396     23405.71
  113704.959     0.999963        48396     27306.67
  113704.959     0.999969        48396     32768.00
  113704.959     0.999973        48396     36408.89
  113704.959     0.999976        48396     40960.00
  113704.959     0.999979        48396     46811.43
  113770.495     0.999982        48397     54613.33
  113770.495     1.000000        48397          inf
#[Mean    =    86765.580, StdDeviation   =    27781.763]
#[Max     =   113704.960, Total count    =        48397]
#[Buckets =           27, SubBuckets     =         2048]
----------------------------------------------------------
  48566 requests in 15.00m, 425.49MB read
  Socket errors: connect 0, read 0, write 5, timeout 22
Requests/sec:     53.96
Transfer/sec:    484.10KB
