Running 15m test @ http://10.97.141.253:8080/wrk2-api/post/compose
  2 threads and 4 connections
  Thread calibration: mean lat.: 5817.748ms, rate sampling interval: 16007ms
  Thread calibration: mean lat.: 3242.381ms, rate sampling interval: 10059ms
  Thread Stats   Avg      Stdev     99%   +/- Stdev
    Latency     1.66m    10.32s    1.88m    90.07%
    Req/Sec    12.90      4.25    17.00     87.41%
  Latency Distribution (HdrHistogram - Recorded Latency)
 50.000%    1.67m 
 75.000%    1.76m 
 90.000%    1.82m 
 99.000%    1.88m 
 99.900%    1.91m 
 99.990%    1.92m 
 99.999%    1.92m 
100.000%    1.92m 

  Detailed Percentile spectrum:
       Value   Percentile   TotalCount 1/(1-Percentile)

    5300.223     0.000000            1         1.00
   92078.079     0.100000         2385         1.11
   94699.519     0.200000         4768         1.25
   97255.423     0.300000         7204         1.43
   98828.287     0.400000         9538         1.67
  100335.615     0.500000        11946         2.00
  101384.191     0.550000        13132         2.22
  102694.911     0.600000        14295         2.50
  103677.951     0.650000        15481         2.86
  104595.455     0.700000        16713         3.33
  105447.423     0.750000        17934         4.00
  105840.639     0.775000        18456         4.44
  106364.927     0.800000        19104         5.00
  106954.751     0.825000        19663         5.71
  107741.183     0.850000        20239         6.67
  108789.759     0.875000        20818         8.00
  109117.439     0.887500        21136         8.89
  109379.583     0.900000        21430        10.00
  109707.263     0.912500        21743        11.43
  110034.943     0.925000        22015        13.33
  110428.159     0.937500        22339        16.00
  110559.231     0.943750        22459        17.78
  110821.375     0.950000        22624        20.00
  111149.055     0.956250        22752        22.86
  111542.271     0.962500        22898        26.67
  111935.487     0.968750        23073        32.00
  112066.559     0.971875        23164        35.56
  112132.095     0.975000        23210        40.00
  112263.167     0.978125        23292        45.71
  112394.239     0.981250        23371        53.33
  112525.311     0.984375        23447        64.00
  112590.847     0.985938        23479        71.11
  112656.383     0.987500        23515        80.00
  112721.919     0.989062        23536        91.43
  112852.991     0.990625        23586       106.67
  112918.527     0.992188        23605       128.00
  112984.063     0.992969        23633       142.22
  113049.599     0.993750        23655       160.00
  113115.135     0.994531        23667       182.86
  113246.207     0.995313        23681       213.33
  113377.279     0.996094        23696       256.00
  113508.351     0.996484        23708       284.44
  113639.423     0.996875        23717       320.00
  113704.959     0.997266        23724       365.71
  113836.031     0.997656        23737       426.67
  113901.567     0.998047        23743       512.00
  114163.711     0.998242        23749       568.89
  114294.783     0.998437        23752       640.00
  114360.319     0.998633        23758       731.43
  114425.855     0.998828        23763       853.33
  114556.927     0.999023        23765      1024.00
  114687.999     0.999121        23769      1137.78
  114753.535     0.999219        23772      1280.00
  114753.535     0.999316        23772      1462.86
  114950.143     0.999414        23777      1706.67
  114950.143     0.999512        23777      2048.00
  115015.679     0.999561        23779      2275.56
  115015.679     0.999609        23779      2560.00
  115081.215     0.999658        23782      2925.71
  115081.215     0.999707        23782      3413.33
  115212.287     0.999756        23783      4096.00
  115212.287     0.999780        23783      4551.11
  115277.823     0.999805        23786      5120.00
  115277.823     0.999829        23786      5851.43
  115277.823     0.999854        23786      6826.67
  115277.823     0.999878        23786      8192.00
  115277.823     0.999890        23786      9102.22
  115277.823     0.999902        23786     10240.00
  115277.823     0.999915        23786     11702.86
  115343.359     0.999927        23787     13653.33
  115343.359     0.999939        23787     16384.00
  115343.359     0.999945        23787     18204.44
  115343.359     0.999951        23787     20480.00
  115343.359     0.999957        23787     23405.71
  115474.431     0.999963        23788     27306.67
  115474.431     1.000000        23788          inf
#[Mean    =    99830.143, StdDeviation   =    10319.093]
#[Max     =   115408.896, Total count    =        23788]
#[Buckets =           27, SubBuckets     =         2048]
----------------------------------------------------------
  23847 requests in 15.00m, 295.00MB read
  Socket errors: connect 0, read 0, write 5, timeout 0
Requests/sec:     26.50
Transfer/sec:    335.63KB
