Running 15m test @ http://10.101.62.157:8080/wrk2-api/post/compose
  2 threads and 4 connections
  Thread calibration: mean lat.: 1171.648ms, rate sampling interval: 5656ms
  Thread calibration: mean lat.: 2222.009ms, rate sampling interval: 6361ms
  Thread Stats   Avg      Stdev     99%   +/- Stdev
    Latency     0.87m    23.63s    1.67m    71.48%
    Req/Sec     4.17      1.21     7.00     96.28%
  Latency Distribution (HdrHistogram - Recorded Latency)
 50.000%   47.87s 
 75.000%    0.97m 
 90.000%    1.52m 
 99.000%    1.67m 
 99.900%    1.75m 
 99.990%    1.76m 
 99.999%    1.76m 
100.000%    1.76m 

  Detailed Percentile spectrum:
       Value   Percentile   TotalCount 1/(1-Percentile)

      12.287     0.000000            1         1.00
   31211.519     0.100000          834         1.11
   33947.647     0.200000         1675         1.25
   39714.815     0.300000         2503         1.43
   44990.463     0.400000         3343         1.67
   47874.047     0.500000         4172         2.00
   49184.767     0.550000         4592         2.22
   50429.951     0.600000         5011         2.50
   51838.975     0.650000         5423         2.86
   53673.983     0.700000         5841         3.33
   58458.111     0.750000         6259         4.00
   77266.943     0.775000         6464         4.44
   82903.039     0.800000         6672         5.00
   86376.447     0.825000         6885         5.71
   88080.383     0.850000         7094         6.67
   89653.247     0.875000         7298         8.00
   90570.751     0.887500         7404         8.89
   91357.183     0.900000         7509        10.00
   92078.079     0.912500         7614        11.43
   93257.727     0.925000         7723        13.33
   94699.519     0.937500         7819        16.00
   95354.879     0.943750         7872        17.78
   96010.239     0.950000         7930        20.00
   96468.991     0.956250         7982        22.86
   96796.671     0.962500         8032        26.67
   97452.031     0.968750         8082        32.00
   97779.711     0.971875         8105        35.56
   98369.535     0.975000         8138        40.00
   98697.215     0.978125         8157        45.71
   99155.967     0.981250         8186        53.33
   99614.719     0.984375         8210        64.00
   99745.791     0.985938         8225        71.11
  100007.935     0.987500         8237        80.00
  100270.079     0.989062         8248        91.43
  100597.759     0.990625         8261       106.67
  101253.119     0.992188         8274       128.00
  101974.015     0.992969         8281       142.22
  102498.303     0.993750         8288       160.00
  103415.807     0.994531         8295       182.86
  103809.023     0.995313         8300       213.33
  104202.239     0.996094         8307       256.00
  104333.311     0.996484         8311       284.44
  104464.383     0.996875         8313       320.00
  104595.455     0.997266         8317       365.71
  104660.991     0.997656         8320       426.67
  104792.063     0.998047         8324       512.00
  104857.599     0.998242         8325       568.89
  104923.135     0.998437         8326       640.00
  104988.671     0.998633         8328       731.43
  105119.743     0.998828         8330       853.33
  105185.279     0.999023         8332      1024.00
  105185.279     0.999121         8332      1137.78
  105250.815     0.999219         8333      1280.00
  105316.351     0.999316         8334      1462.86
  105381.887     0.999414         8336      1706.67
  105381.887     0.999512         8336      2048.00
  105381.887     0.999561         8336      2275.56
  105381.887     0.999609         8336      2560.00
  105447.423     0.999658         8337      2925.71
  105447.423     0.999707         8337      3413.33
  105447.423     0.999756         8337      4096.00
  105578.495     0.999780         8339      4551.11
  105578.495     1.000000         8339          inf
#[Mean    =    52451.604, StdDeviation   =    23628.367]
#[Max     =   105512.960, Total count    =         8339]
#[Buckets =           27, SubBuckets     =         2048]
----------------------------------------------------------
  8413 requests in 15.00m, 1.73MB read
  Socket errors: connect 0, read 0, write 5, timeout 19
Requests/sec:      9.35
Transfer/sec:      1.96KB
