Running 15m test @ http://10.101.62.157:8080/wrk2-api/post/compose
  2 threads and 4 connections
  Thread calibration: mean lat.: 4474.987ms, rate sampling interval: 13549ms
  Thread calibration: mean lat.: 3617.661ms, rate sampling interval: 12328ms
  Thread Stats   Avg      Stdev     99%   +/- Stdev
    Latency     1.55m    13.37s    1.83m    85.34%
    Req/Sec    26.47      8.01    33.00     87.59%
  Latency Distribution (HdrHistogram - Recorded Latency)
 50.000%    1.56m 
 75.000%    1.63m 
 90.000%    1.78m 
 99.000%    1.83m 
 99.900%    1.85m 
 99.990%    1.85m 
 99.999%    1.86m 
100.000%    1.86m 

  Detailed Percentile spectrum:
       Value   Percentile   TotalCount 1/(1-Percentile)

    6795.263     0.000000            1         1.00
   82509.823     0.100000         4945         1.11
   85196.799     0.200000         9643         1.25
   89915.391     0.300000        14444         1.43
   92471.295     0.400000        19316         1.67
   93847.551     0.500000        24051         2.00
   94371.839     0.550000        26532         2.22
   94896.127     0.600000        28941         2.50
   95485.951     0.650000        31256         2.86
   96337.919     0.700000        33722         3.33
   97910.783     0.750000        36067         4.00
  103350.271     0.775000        37368         4.44
  104005.631     0.800000        38521         5.00
  104792.063     0.825000        39695         5.71
  105447.423     0.850000        40847         6.67
  106037.247     0.875000        42189         8.00
  106364.927     0.887500        42754         8.89
  106627.071     0.900000        43358        10.00
  106954.751     0.912500        43898        11.43
  107675.647     0.925000        44524        13.33
  108068.863     0.937500        45101        16.00
  108265.471     0.943750        45454        17.78
  108462.079     0.950000        45715        20.00
  108658.687     0.956250        46005        22.86
  108855.295     0.962500        46329        26.67
  108986.367     0.968750        46563        32.00
  109117.439     0.971875        46766        35.56
  109182.975     0.975000        46897        40.00
  109314.047     0.978125        47079        45.71
  109379.583     0.981250        47171        53.33
  109510.655     0.984375        47326        64.00
  109576.191     0.985938        47385        71.11
  109707.263     0.987500        47488        80.00
  109772.799     0.989062        47530        91.43
  109903.871     0.990625        47621       106.67
  110034.943     0.992188        47712       128.00
  110100.479     0.992969        47743       142.22
  110166.015     0.993750        47764       160.00
  110362.623     0.994531        47809       182.86
  110428.159     0.995313        47834       213.33
  110559.231     0.996094        47872       256.00
  110624.767     0.996484        47892       284.44
  110690.303     0.996875        47915       320.00
  110755.839     0.997266        47934       365.71
  110821.375     0.997656        47956       426.67
  110886.911     0.998047        47978       512.00
  110886.911     0.998242        47978       568.89
  110952.447     0.998437        47997       640.00
  110952.447     0.998633        47997       731.43
  111017.983     0.998828        48008       853.33
  111017.983     0.999023        48008      1024.00
  111083.519     0.999121        48021      1137.78
  111083.519     0.999219        48021      1280.00
  111149.055     0.999316        48040      1462.86
  111149.055     0.999414        48040      1706.67
  111149.055     0.999512        48040      2048.00
  111149.055     0.999561        48040      2275.56
  111149.055     0.999609        48040      2560.00
  111149.055     0.999658        48040      2925.71
  111149.055     0.999707        48040      3413.33
  111214.591     0.999756        48044      4096.00
  111214.591     0.999780        48044      4551.11
  111280.127     0.999805        48049      5120.00
  111280.127     0.999829        48049      5851.43
  111280.127     0.999854        48049      6826.67
  111280.127     0.999878        48049      8192.00
  111280.127     0.999890        48049      9102.22
  111345.663     0.999902        48050     10240.00
  111345.663     0.999915        48050     11702.86
  111476.735     0.999927        48053     13653.33
  111476.735     0.999939        48053     16384.00
  111476.735     0.999945        48053     18204.44
  111476.735     0.999951        48053     20480.00
  111476.735     0.999957        48053     23405.71
  111476.735     0.999963        48053     27306.67
  111476.735     0.999969        48053     32768.00
  111476.735     0.999973        48053     36408.89
  111476.735     0.999976        48053     40960.00
  111476.735     0.999979        48053     46811.43
  111542.271     0.999982        48054     54613.33
  111542.271     1.000000        48054          inf
#[Mean    =    92731.192, StdDeviation   =    13370.589]
#[Max     =   111476.736, Total count    =        48054]
#[Buckets =           27, SubBuckets     =         2048]
----------------------------------------------------------
  48216 requests in 15.00m, 421.93MB read
  Socket errors: connect 0, read 0, write 5, timeout 0
Requests/sec:     53.57
Transfer/sec:    480.04KB
