Running 15m test @ http://10.101.62.157:8080/wrk2-api/post/compose
  2 threads and 4 connections
  Thread calibration: mean lat.: 4946.816ms, rate sampling interval: 15294ms
  Thread calibration: mean lat.: 5094.934ms, rate sampling interval: 15818ms
  Thread Stats   Avg      Stdev     99%   +/- Stdev
    Latency     1.33m    27.82s    2.01m    62.05%
    Req/Sec    13.18      3.59    17.00     89.47%
  Latency Distribution (HdrHistogram - Recorded Latency)
 50.000%    1.02m 
 75.000%    1.79m 
 90.000%    1.93m 
 99.000%    2.01m 
 99.900%    2.03m 
 99.990%    2.03m 
 99.999%    2.03m 
100.000%    2.03m 

  Detailed Percentile spectrum:
       Value   Percentile   TotalCount 1/(1-Percentile)

    8650.751     0.000000            2         1.00
   51478.527     0.100000         2467         1.11
   53116.927     0.200000         4932         1.25
   54558.719     0.300000         7326         1.43
   56262.655     0.400000         9757         1.67
   61374.463     0.500000        12198         2.00
   97452.031     0.550000        13418         2.22
   99418.111     0.600000        14641         2.50
  101384.191     0.650000        15892         2.86
  103415.807     0.700000        17067         3.33
  107151.359     0.750000        18289         4.00
  108724.223     0.775000        18901         4.44
  111738.879     0.800000        19535         5.00
  113115.135     0.825000        20139         5.71
  113836.031     0.850000        20749         6.67
  114556.927     0.875000        21356         8.00
  114950.143     0.887500        21651         8.89
  115539.967     0.900000        21951        10.00
  116326.399     0.912500        22267        11.43
  117440.511     0.925000        22560        13.33
  118292.479     0.937500        22879        16.00
  118685.695     0.943750        23039        17.78
  118947.839     0.950000        23177        20.00
  119209.983     0.956250        23318        22.86
  119537.663     0.962500        23476        26.67
  119865.343     0.968750        23634        32.00
  119996.415     0.971875        23710        35.56
  120127.487     0.975000        23788        40.00
  120324.095     0.978125        23872        45.71
  120455.167     0.981250        23938        53.33
  120586.239     0.984375        24006        64.00
  120651.775     0.985938        24044        71.11
  120717.311     0.987500        24083        80.00
  120848.383     0.989062        24145        91.43
  120913.919     0.990625        24183       106.67
  120979.455     0.992188        24213       128.00
  120979.455     0.992969        24213       142.22
  121044.991     0.993750        24239       160.00
  121110.527     0.994531        24266       182.86
  121110.527     0.995313        24266       213.33
  121176.063     0.996094        24287       256.00
  121241.599     0.996484        24307       284.44
  121241.599     0.996875        24307       320.00
  121307.135     0.997266        24319       365.71
  121372.671     0.997656        24327       426.67
  121438.207     0.998047        24342       512.00
  121438.207     0.998242        24342       568.89
  121438.207     0.998437        24342       640.00
  121503.743     0.998633        24353       731.43
  121503.743     0.998828        24353       853.33
  121569.279     0.999023        24361      1024.00
  121569.279     0.999121        24361      1137.78
  121569.279     0.999219        24361      1280.00
  121634.815     0.999316        24368      1462.86
  121634.815     0.999414        24368      1706.67
  121634.815     0.999512        24368      2048.00
  121700.351     0.999561        24372      2275.56
  121700.351     0.999609        24372      2560.00
  121700.351     0.999658        24372      2925.71
  121700.351     0.999707        24372      3413.33
  121831.423     0.999756        24374      4096.00
  121831.423     0.999780        24374      4551.11
  121896.959     0.999805        24375      5120.00
  121896.959     0.999829        24375      5851.43
  121962.495     0.999854        24378      6826.67
  121962.495     0.999878        24378      8192.00
  121962.495     0.999890        24378      9102.22
  121962.495     0.999902        24378     10240.00
  121962.495     0.999915        24378     11702.86
  121962.495     0.999927        24378     13653.33
  121962.495     0.999939        24378     16384.00
  121962.495     0.999945        24378     18204.44
  121962.495     0.999951        24378     20480.00
  121962.495     0.999957        24378     23405.71
  122028.031     0.999963        24379     27306.67
  122028.031     1.000000        24379          inf
#[Mean    =    79997.617, StdDeviation   =    27822.784]
#[Max     =   121962.496, Total count    =        24379]
#[Buckets =           27, SubBuckets     =         2048]
----------------------------------------------------------
  24427 requests in 15.00m, 302.23MB read
  Socket errors: connect 0, read 0, write 6, timeout 0
Requests/sec:     27.14
Transfer/sec:    343.82KB
