Running 15m test @ http://10.106.173.71:8080/wrk2-api/post/compose
  2 threads and 4 connections
  Thread calibration: mean lat.: 2119.833ms, rate sampling interval: 11100ms
  Thread calibration: mean lat.: 1600.528ms, rate sampling interval: 9895ms
  Thread Stats   Avg      Stdev     99%   +/- Stdev
    Latency     0.89m    22.97s    1.47m    58.71%
    Req/Sec     4.14      1.16     6.00     95.86%
  Latency Distribution (HdrHistogram - Recorded Latency)
 50.000%   45.61s 
 75.000%    1.27m 
 90.000%    1.37m 
 99.000%    1.47m 
 99.900%    1.52m 
 99.990%    1.53m 
 99.999%    1.53m 
100.000%    1.53m 

  Detailed Percentile spectrum:
       Value   Percentile   TotalCount 1/(1-Percentile)

     123.967     0.000000            1         1.00
   28393.471     0.100000          833         1.11
   31490.047     0.200000         1667         1.25
   34701.311     0.300000         2495         1.43
   38862.847     0.400000         3335         1.67
   45613.055     0.500000         4158         2.00
   65798.143     0.550000         4573         2.22
   69402.623     0.600000         4993         2.50
   71958.527     0.650000         5406         2.86
   74448.895     0.700000         5824         3.33
   76414.975     0.750000         6255         4.00
   77266.943     0.775000         6447         4.44
   78118.911     0.800000         6652         5.00
   78970.879     0.825000         6871         5.71
   80019.455     0.850000         7070         6.67
   81068.031     0.875000         7276         8.00
   81526.783     0.887500         7389         8.89
   82051.071     0.900000         7489        10.00
   82706.431     0.912500         7595        11.43
   83427.327     0.925000         7696        13.33
   84606.975     0.937500         7801        16.00
   84934.655     0.943750         7849        17.78
   85327.871     0.950000         7910        20.00
   85655.551     0.956250         7958        22.86
   86048.767     0.962500         8003        26.67
   86376.447     0.968750         8055        32.00
   86573.055     0.971875         8082        35.56
   86900.735     0.975000         8112        40.00
   87097.343     0.978125         8136        45.71
   87425.023     0.981250         8165        53.33
   87687.167     0.984375         8192        64.00
   87752.703     0.985938         8200        71.11
   88014.847     0.987500         8213        80.00
   88342.527     0.989062         8227        91.43
   88604.671     0.990625         8237       106.67
   88997.887     0.992188         8250       128.00
   89194.495     0.992969         8260       142.22
   89391.103     0.993750         8264       160.00
   89522.175     0.994531         8269       182.86
   89784.319     0.995313         8277       213.33
   89980.927     0.996094         8284       256.00
   90046.463     0.996484         8286       284.44
   90111.999     0.996875         8289       320.00
   90243.071     0.997266         8293       365.71
   90374.143     0.997656         8297       426.67
   90439.679     0.998047         8298       512.00
   90570.751     0.998242         8300       568.89
   90701.823     0.998437         8302       640.00
   90767.359     0.998633         8305       731.43
   90767.359     0.998828         8305       853.33
   91160.575     0.999023         8309      1024.00
   91160.575     0.999121         8309      1137.78
   91160.575     0.999219         8309      1280.00
   91160.575     0.999316         8309      1462.86
   91291.647     0.999414         8311      1706.67
   91291.647     0.999512         8311      2048.00
   91291.647     0.999561         8311      2275.56
   91291.647     0.999609         8311      2560.00
   91357.183     0.999658         8312      2925.71
   91357.183     0.999707         8312      3413.33
   91357.183     0.999756         8312      4096.00
   91684.863     0.999780         8314      4551.11
   91684.863     1.000000         8314          inf
#[Mean    =    53613.397, StdDeviation   =    22971.173]
#[Max     =    91619.328, Total count    =         8314]
#[Buckets =           27, SubBuckets     =         2048]
----------------------------------------------------------
  8406 requests in 15.00m, 1.72MB read
  Socket errors: connect 0, read 0, write 5, timeout 19
Requests/sec:      9.34
Transfer/sec:      1.96KB
