Running 15m test @ http://10.106.173.71:8080/wrk2-api/post/compose
  2 threads and 4 connections
  Thread calibration: mean lat.: 4121.195ms, rate sampling interval: 13901ms
  Thread calibration: mean lat.: 3451.141ms, rate sampling interval: 12886ms
  Thread Stats   Avg      Stdev     99%   +/- Stdev
    Latency     1.38m    26.88s    1.73m    73.20%
    Req/Sec    26.89      7.56    32.00     88.72%
  Latency Distribution (HdrHistogram - Recorded Latency)
 50.000%    1.64m 
 75.000%    1.67m 
 90.000%    1.70m 
 99.000%    1.73m 
 99.900%    1.75m 
 99.990%    1.75m 
 99.999%    1.75m 
100.000%    1.75m 

  Detailed Percentile spectrum:
       Value   Percentile   TotalCount 1/(1-Percentile)

    5943.295     0.000000            1         1.00
   38535.167     0.100000         4923         1.11
   40108.031     0.200000         9744         1.25
   94044.159     0.300000        14632         1.43
   96337.919     0.400000        19495         1.67
   98107.391     0.500000        24371         2.00
   98697.215     0.550000        26827         2.22
   99221.503     0.600000        29582         2.50
   99549.183     0.650000        31763         2.86
   99942.399     0.700000        34409         3.33
  100270.079     0.750000        36594         4.00
  100466.687     0.775000        37973         4.44
  100663.295     0.800000        39192         5.00
  100859.903     0.825000        40170         5.71
  101122.047     0.850000        41406         6.67
  101449.727     0.875000        42593         8.00
  101646.335     0.887500        43334         8.89
  101777.407     0.900000        43799        10.00
  101974.015     0.912500        44469        11.43
  102170.623     0.925000        45195        13.33
  102301.695     0.937500        45621        16.00
  102432.767     0.943750        45943        17.78
  102629.375     0.950000        46341        20.00
  102760.447     0.956250        46598        22.86
  102891.519     0.962500        46827        26.67
  103088.127     0.968750        47154        32.00
  103219.199     0.971875        47367        35.56
  103284.735     0.975000        47466        40.00
  103415.807     0.978125        47666        45.71
  103546.879     0.981250        47795        53.33
  103677.951     0.984375        47928        64.00
  103743.487     0.985938        47997        71.11
  103809.023     0.987500        48062        80.00
  103874.559     0.989062        48127        91.43
  104005.631     0.990625        48213       106.67
  104136.703     0.992188        48277       128.00
  104267.775     0.992969        48317       142.22
  104333.311     0.993750        48346       160.00
  104464.383     0.994531        48395       182.86
  104529.919     0.995313        48424       213.33
  104595.455     0.996094        48469       256.00
  104660.991     0.996484        48517       284.44
  104660.991     0.996875        48517       320.00
  104660.991     0.997266        48517       365.71
  104726.527     0.997656        48549       426.67
  104792.063     0.998047        48571       512.00
  104792.063     0.998242        48571       568.89
  104857.599     0.998437        48589       640.00
  104857.599     0.998633        48589       731.43
  104923.135     0.998828        48607       853.33
  104923.135     0.999023        48607      1024.00
  104923.135     0.999121        48607      1137.78
  104988.671     0.999219        48625      1280.00
  104988.671     0.999316        48625      1462.86
  104988.671     0.999414        48625      1706.67
  105054.207     0.999512        48636      2048.00
  105054.207     0.999561        48636      2275.56
  105054.207     0.999609        48636      2560.00
  105054.207     0.999658        48636      2925.71
  105054.207     0.999707        48636      3413.33
  105119.743     0.999756        48644      4096.00
  105119.743     0.999780        48644      4551.11
  105119.743     0.999805        48644      5120.00
  105119.743     0.999829        48644      5851.43
  105119.743     0.999854        48644      6826.67
  105119.743     0.999878        48644      8192.00
  105119.743     0.999890        48644      9102.22
  105185.279     0.999902        48648     10240.00
  105185.279     0.999915        48648     11702.86
  105185.279     0.999927        48648     13653.33
  105185.279     0.999939        48648     16384.00
  105185.279     0.999945        48648     18204.44
  105185.279     0.999951        48648     20480.00
  105185.279     0.999957        48648     23405.71
  105185.279     0.999963        48648     27306.67
  105185.279     0.999969        48648     32768.00
  105185.279     0.999973        48648     36408.89
  105185.279     0.999976        48648     40960.00
  105185.279     0.999979        48648     46811.43
  105250.815     0.999982        48649     54613.33
  105250.815     1.000000        48649          inf
#[Mean    =    82808.521, StdDeviation   =    26880.219]
#[Max     =   105185.280, Total count    =        48649]
#[Buckets =           27, SubBuckets     =         2048]
----------------------------------------------------------
  48827 requests in 15.00m, 425.76MB read
  Socket errors: connect 0, read 0, write 6, timeout 0
Requests/sec:     54.25
Transfer/sec:    484.40KB
