Running 15m test @ http://10.106.173.71:8080/wrk2-api/post/compose
  2 threads and 4 connections
  Thread calibration: mean lat.: 4821.913ms, rate sampling interval: 16646ms
  Thread calibration: mean lat.: 4396.435ms, rate sampling interval: 13615ms
  Thread Stats   Avg      Stdev     99%   +/- Stdev
    Latency     1.36m    26.27s    1.83m    69.04%
    Req/Sec    13.19      3.72    17.00     90.68%
  Latency Distribution (HdrHistogram - Recorded Latency)
 50.000%    1.49m 
 75.000%    1.71m 
 90.000%    1.76m 
 99.000%    1.83m 
 99.900%    1.85m 
 99.990%    1.85m 
 99.999%    1.86m 
100.000%    1.86m 

  Detailed Percentile spectrum:
       Value   Percentile   TotalCount 1/(1-Percentile)

    7622.655     0.000000            1         1.00
   40501.247     0.100000         2448         1.11
   42827.775     0.200000         4899         1.25
   83165.183     0.300000         7316         1.43
   85458.943     0.400000         9755         1.67
   89260.031     0.500000        12186         2.00
   97124.351     0.550000        13401         2.22
   99287.039     0.600000        14633         2.50
  100728.831     0.650000        15847         2.86
  101777.407     0.700000        17136         3.33
  102694.911     0.750000        18265         4.00
  103153.663     0.775000        18957         4.44
  103481.343     0.800000        19495         5.00
  103874.559     0.825000        20106         5.71
  104333.311     0.850000        20732         6.67
  104923.135     0.875000        21308         8.00
  105316.351     0.887500        21630         8.89
  105644.031     0.900000        21938        10.00
  105971.711     0.912500        22199        11.43
  106364.927     0.925000        22523        13.33
  106692.607     0.937500        22812        16.00
  106954.751     0.943750        22988        17.78
  107151.359     0.950000        23119        20.00
  107413.503     0.956250        23282        22.86
  107675.647     0.962500        23434        26.67
  108003.327     0.968750        23568        32.00
  108199.935     0.971875        23654        35.56
  108396.543     0.975000        23733        40.00
  108527.615     0.978125        23800        45.71
  108724.223     0.981250        23871        53.33
  108986.367     0.984375        23950        64.00
  109117.439     0.985938        23986        71.11
  109314.047     0.987500        24026        80.00
  109576.191     0.989062        24070        91.43
  109772.799     0.990625        24099       106.67
  110034.943     0.992188        24159       128.00
  110034.943     0.992969        24159       142.22
  110166.015     0.993750        24194       160.00
  110166.015     0.994531        24194       182.86
  110297.087     0.995313        24226       213.33
  110362.623     0.996094        24241       256.00
  110428.159     0.996484        24253       284.44
  110428.159     0.996875        24253       320.00
  110493.695     0.997266        24264       365.71
  110559.231     0.997656        24272       426.67
  110624.767     0.998047        24281       512.00
  110690.303     0.998242        24288       568.89
  110755.839     0.998437        24294       640.00
  110755.839     0.998633        24294       731.43
  110821.375     0.998828        24303       853.33
  110886.911     0.999023        24311      1024.00
  110886.911     0.999121        24311      1137.78
  110886.911     0.999219        24311      1280.00
  110886.911     0.999316        24311      1462.86
  110952.447     0.999414        24316      1706.67
  110952.447     0.999512        24316      2048.00
  111017.983     0.999561        24319      2275.56
  111017.983     0.999609        24319      2560.00
  111017.983     0.999658        24319      2925.71
  111083.519     0.999707        24322      3413.33
  111083.519     0.999756        24322      4096.00
  111083.519     0.999780        24322      4551.11
  111149.055     0.999805        24325      5120.00
  111149.055     0.999829        24325      5851.43
  111149.055     0.999854        24325      6826.67
  111149.055     0.999878        24325      8192.00
  111149.055     0.999890        24325      9102.22
  111149.055     0.999902        24325     10240.00
  111149.055     0.999915        24325     11702.86
  111280.127     0.999927        24326     13653.33
  111280.127     0.999939        24326     16384.00
  111280.127     0.999945        24326     18204.44
  111280.127     0.999951        24326     20480.00
  111280.127     0.999957        24326     23405.71
  111345.663     0.999963        24327     27306.67
  111345.663     1.000000        24327          inf
#[Mean    =    81476.676, StdDeviation   =    26265.132]
#[Max     =   111280.128, Total count    =        24327]
#[Buckets =           27, SubBuckets     =         2048]
----------------------------------------------------------
  24381 requests in 15.00m, 301.30MB read
  Socket errors: connect 0, read 0, write 4, timeout 0
Requests/sec:     27.09
Transfer/sec:    342.77KB
