Running 15m test @ http://10.110.115.79:8080/wrk2-api/post/compose
  2 threads and 4 connections
  Thread calibration: mean lat.: 17.431ms, rate sampling interval: 42ms
  Thread calibration: mean lat.: 17.157ms, rate sampling interval: 43ms
  Thread Stats   Avg      Stdev     99%   +/- Stdev
    Latency     6.65s    11.79s   34.64s    77.67%
    Req/Sec     4.88     10.63    47.00     80.97%
  Latency Distribution (HdrHistogram - Recorded Latency)
 50.000%  401.66ms
 75.000%    1.32s 
 90.000%   28.38s 
 99.000%   34.64s 
 99.900%   38.01s 
 99.990%   38.50s 
 99.999%   38.99s 
100.000%   38.99s 

  Detailed Percentile spectrum:
       Value   Percentile   TotalCount 1/(1-Percentile)

      10.455     0.000000            1         1.00
      44.863     0.100000          877         1.11
     109.823     0.200000         1754         1.25
     187.135     0.300000         2631         1.43
     278.271     0.400000         3511         1.67
     401.663     0.500000         4386         2.00
     482.559     0.550000         4824         2.22
     583.167     0.600000         5265         2.50
     726.527     0.650000         5700         2.86
     912.895     0.700000         6139         3.33
    1324.031     0.750000         6578         4.00
    2633.727     0.775000         6796         4.44
   24182.783     0.800000         7017         5.00
   25690.111     0.825000         7239         5.71
   26640.383     0.850000         7455         6.67
   27492.351     0.875000         7674         8.00
   27885.567     0.887500         7787         8.89
   28377.087     0.900000         7894        10.00
   28983.295     0.912500         8003        11.43
   29802.495     0.925000         8113        13.33
   30638.079     0.937500         8222        16.00
   30932.991     0.943750         8278        17.78
   31227.903     0.950000         8333        20.00
   31571.967     0.956250         8386        22.86
   32014.335     0.962500         8443        26.67
   32456.703     0.968750         8496        32.00
   32751.615     0.971875         8523        35.56
   33046.527     0.975000         8550        40.00
   33292.287     0.978125         8579        45.71
   33488.895     0.981250         8605        53.33
   33849.343     0.984375         8632        64.00
   34045.951     0.985938         8646        71.11
   34275.327     0.987500         8660        80.00
   34537.471     0.989062         8676        91.43
   34701.311     0.990625         8688       106.67
   34799.615     0.992188         8701       128.00
   34865.151     0.992969         8708       142.22
   34963.455     0.993750         8715       160.00
   35291.135     0.994531         8722       182.86
   35487.743     0.995313         8728       213.33
   36110.335     0.996094         8735       256.00
   36503.551     0.996484         8740       284.44
   36667.391     0.996875         8742       320.00
   36929.535     0.997266         8746       365.71
   37060.607     0.997656         8750       426.67
   37224.447     0.998047         8752       512.00
   37388.287     0.998242         8754       568.89
   37486.591     0.998437         8756       640.00
   37945.343     0.998633         8758       731.43
   38010.879     0.998828         8760       853.33
   38043.647     0.999023         8761      1024.00
   38076.415     0.999121         8762      1137.78
   38174.719     0.999219         8764      1280.00
   38174.719     0.999316         8764      1462.86
   38174.719     0.999414         8764      1706.67
   38207.487     0.999512         8765      2048.00
   38338.559     0.999561         8766      2275.56
   38338.559     0.999609         8766      2560.00
   38371.327     0.999658         8767      2925.71
   38371.327     0.999707         8767      3413.33
   38371.327     0.999756         8767      4096.00
   38502.399     0.999780         8768      4551.11
   38502.399     0.999805         8768      5120.00
   38502.399     0.999829         8768      5851.43
   38502.399     0.999854         8768      6826.67
   38502.399     0.999878         8768      8192.00
   38993.919     0.999890         8769      9102.22
   38993.919     1.000000         8769          inf
#[Mean    =     6648.219, StdDeviation   =    11789.881]
#[Max     =    38961.152, Total count    =         8769]
#[Buckets =           27, SubBuckets     =         2048]
----------------------------------------------------------
  8886 requests in 15.00m, 1.82MB read
  Socket errors: connect 0, read 0, write 5, timeout 18
Requests/sec:      9.87
Transfer/sec:      2.07KB
