Running 15m test @ http://10.110.115.79:8080/wrk2-api/post/compose
  2 threads and 4 connections
  Thread calibration: mean lat.: 5.518ms, rate sampling interval: 16ms
  Thread calibration: mean lat.: 5.499ms, rate sampling interval: 16ms
  Thread Stats   Avg      Stdev     99%   +/- Stdev
    Latency     7.77s    13.59s   33.78s    75.75%
    Req/Sec    30.42     42.49   133.00     92.20%
  Latency Distribution (HdrHistogram - Recorded Latency)
 50.000%  106.50ms
 75.000%  386.56ms
 90.000%   32.31s 
 99.000%   33.78s 
 99.900%   34.41s 
 99.990%   34.64s 
 99.999%   34.67s 
100.000%   34.67s 

  Detailed Percentile spectrum:
       Value   Percentile   TotalCount 1/(1-Percentile)

       0.029     0.000000            1         1.00
      24.255     0.100000         5274         1.11
      37.727     0.200000        10557         1.25
      55.295     0.300000        15825         1.43
      77.695     0.400000        21094         1.67
     106.495     0.500000        26366         2.00
     124.223     0.550000        29004         2.22
     147.455     0.600000        31637         2.50
     178.687     0.650000        34273         2.86
     227.967     0.700000        36912         3.33
     386.559     0.750000        39542         4.00
   29573.119     0.775000        40863         4.44
   30261.247     0.800000        42188         5.00
   30916.607     0.825000        43521         5.71
   31522.815     0.850000        44848         6.67
   31948.799     0.875000        46142         8.00
   32129.023     0.887500        46818         8.89
   32309.247     0.900000        47501        10.00
   32456.703     0.912500        48180        11.43
   32587.775     0.925000        48779        13.33
   32767.999     0.937500        49477        16.00
   32849.919     0.943750        49764        17.78
   32948.223     0.950000        50109        20.00
   33046.527     0.956250        50442        22.86
   33144.831     0.962500        50764        26.67
   33243.135     0.968750        51099        32.00
   33292.287     0.971875        51270        35.56
   33341.439     0.975000        51434        40.00
   33390.591     0.978125        51607        45.71
   33456.127     0.981250        51746        53.33
   33538.047     0.984375        51914        64.00
   33587.199     0.985938        52000        71.11
   33652.735     0.987500        52089        80.00
   33718.271     0.989062        52159        91.43
   33849.343     0.990625        52248       106.67
   33914.879     0.992188        52326       128.00
   33947.647     0.992969        52362       142.22
   33980.415     0.993750        52393       160.00
   34045.951     0.994531        52444       182.86
   34111.487     0.995313        52511       213.33
   34144.255     0.996094        52533       256.00
   34177.023     0.996484        52555       284.44
   34209.791     0.996875        52576       320.00
   34242.559     0.997266        52603       365.71
   34242.559     0.997656        52603       426.67
   34275.327     0.998047        52622       512.00
   34308.095     0.998242        52639       568.89
   34340.863     0.998437        52656       640.00
   34340.863     0.998633        52656       731.43
   34373.631     0.998828        52662       853.33
   34406.399     0.999023        52673      1024.00
   34439.167     0.999121        52682      1137.78
   34439.167     0.999219        52682      1280.00
   34471.935     0.999316        52691      1462.86
   34504.703     0.999414        52695      1706.67
   34537.471     0.999512        52701      2048.00
   34537.471     0.999561        52701      2275.56
   34570.239     0.999609        52710      2560.00
   34570.239     0.999658        52710      2925.71
   34570.239     0.999707        52710      3413.33
   34570.239     0.999756        52710      4096.00
   34603.007     0.999780        52714      4551.11
   34603.007     0.999805        52714      5120.00
   34603.007     0.999829        52714      5851.43
   34635.775     0.999854        52720      6826.67
   34635.775     0.999878        52720      8192.00
   34635.775     0.999890        52720      9102.22
   34635.775     0.999902        52720     10240.00
   34635.775     0.999915        52720     11702.86
   34635.775     0.999927        52720     13653.33
   34635.775     0.999939        52720     16384.00
   34635.775     0.999945        52720     18204.44
   34635.775     0.999951        52720     20480.00
   34635.775     0.999957        52720     23405.71
   34668.543     0.999963        52722     27306.67
   34668.543     1.000000        52722          inf
#[Mean    =     7774.131, StdDeviation   =    13587.379]
#[Max     =    34635.776, Total count    =        52722]
#[Buckets =           27, SubBuckets     =         2048]
----------------------------------------------------------
  53376 requests in 15.00m, 457.16MB read
  Socket errors: connect 0, read 0, write 5, timeout 0
Requests/sec:     59.30
Transfer/sec:    520.12KB
