Running 15m test @ http://10.97.174.160:8080/wrk2-api/post/compose
  2 threads and 4 connections
  Thread calibration: mean lat.: 22.546ms, rate sampling interval: 48ms
  Thread calibration: mean lat.: 18.215ms, rate sampling interval: 43ms
  Thread Stats   Avg      Stdev     99%   +/- Stdev
    Latency   693.46ms  558.87ms   2.57s    74.74%
    Req/Sec     4.91     10.29    46.00     79.63%
  Latency Distribution (HdrHistogram - Recorded Latency)
 50.000%  559.10ms
 75.000%  962.05ms
 90.000%    1.43s 
 99.000%    2.57s 
 99.900%    3.93s 
 99.990%    4.42s 
 99.999%    4.53s 
100.000%    4.53s 

  Detailed Percentile spectrum:
       Value   Percentile   TotalCount 1/(1-Percentile)

      11.711     0.000000            1         1.00
     118.911     0.100000          884         1.11
     230.271     0.200000         1767         1.25
     335.103     0.300000         2653         1.43
     439.807     0.400000         3535         1.67
     559.103     0.500000         4422         2.00
     619.519     0.550000         4864         2.22
     695.807     0.600000         5301         2.50
     778.751     0.650000         5745         2.86
     866.303     0.700000         6187         3.33
     962.559     0.750000         6629         4.00
    1017.343     0.775000         6849         4.44
    1081.343     0.800000         7070         5.00
    1150.975     0.825000         7289         5.71
    1225.727     0.850000         7511         6.67
    1320.959     0.875000         7732         8.00
    1371.135     0.887500         7844         8.89
    1426.431     0.900000         7952        10.00
    1477.631     0.912500         8062        11.43
    1563.647     0.925000         8173        13.33
    1663.999     0.937500         8283        16.00
    1725.439     0.943750         8340        17.78
    1779.711     0.950000         8394        20.00
    1839.103     0.956250         8449        22.86
    1916.927     0.962500         8504        26.67
    2015.231     0.968750         8560        32.00
    2069.503     0.971875         8587        35.56
    2113.535     0.975000         8615        40.00
    2193.407     0.978125         8642        45.71
    2256.895     0.981250         8670        53.33
    2361.343     0.984375         8697        64.00
    2422.783     0.985938         8712        71.11
    2463.743     0.987500         8725        80.00
    2523.135     0.989062         8739        91.43
    2596.863     0.990625         8754       106.67
    2668.543     0.992188         8767       128.00
    2729.983     0.992969         8773       142.22
    2785.279     0.993750         8780       160.00
    2840.575     0.994531         8787       182.86
    2897.919     0.995313         8795       213.33
    2992.127     0.996094         8801       256.00
    3043.327     0.996484         8804       284.44
    3082.239     0.996875         8808       320.00
    3098.623     0.997266         8811       365.71
    3301.375     0.997656         8815       426.67
    3409.919     0.998047         8818       512.00
    3450.879     0.998242         8820       568.89
    3524.607     0.998437         8822       640.00
    3649.535     0.998633         8823       731.43
    3786.751     0.998828         8825       853.33
    3944.447     0.999023         8827      1024.00
    3956.735     0.999121         8828      1137.78
    4012.031     0.999219         8829      1280.00
    4012.031     0.999316         8829      1462.86
    4083.711     0.999414         8830      1706.67
    4143.103     0.999512         8831      2048.00
    4194.303     0.999561         8832      2275.56
    4194.303     0.999609         8832      2560.00
    4194.303     0.999658         8832      2925.71
    4218.879     0.999707         8833      3413.33
    4218.879     0.999756         8833      4096.00
    4419.583     0.999780         8834      4551.11
    4419.583     0.999805         8834      5120.00
    4419.583     0.999829         8834      5851.43
    4419.583     0.999854         8834      6826.67
    4419.583     0.999878         8834      8192.00
    4534.271     0.999890         8835      9102.22
    4534.271     1.000000         8835          inf
#[Mean    =      693.460, StdDeviation   =      558.870]
#[Max     =     4530.176, Total count    =         8835]
#[Buckets =           27, SubBuckets     =         2048]
----------------------------------------------------------
  8952 requests in 15.00m, 1.84MB read
  Socket errors: connect 0, read 0, write 7, timeout 19
Requests/sec:      9.95
Transfer/sec:      2.09KB
