Running 15m test @ http://10.97.174.160:8080/wrk2-api/post/compose
  2 threads and 4 connections
  Thread calibration: mean lat.: 7.416ms, rate sampling interval: 20ms
  Thread calibration: mean lat.: 5.373ms, rate sampling interval: 15ms
  Thread Stats   Avg      Stdev     99%   +/- Stdev
    Latency    14.46s    15.11s   33.23s    68.38%
    Req/Sec    30.15     41.71   150.00     90.91%
  Latency Distribution (HdrHistogram - Recorded Latency)
 50.000%  364.03ms
 75.000%   30.26s 
 90.000%   31.52s 
 99.000%   33.23s 
 99.900%   33.95s 
 99.990%   34.28s 
 99.999%   34.37s 
100.000%   34.41s 

  Detailed Percentile spectrum:
       Value   Percentile   TotalCount 1/(1-Percentile)

       2.465     0.000000            1         1.00
      35.359     0.100000         5231         1.11
      74.623     0.200000        10462         1.25
     128.575     0.300000        15694         1.43
     204.031     0.400000        20916         1.67
     364.031     0.500000        26144         2.00
   28033.023     0.550000        28760         2.22
   28803.071     0.600000        31385         2.50
   29245.439     0.650000        34030         2.86
   29769.727     0.700000        36665         3.33
   30261.247     0.750000        39236         4.00
   30523.391     0.775000        40572         4.44
   30752.767     0.800000        41916         5.00
   30916.607     0.825000        43161         5.71
   31096.831     0.850000        44479         6.67
   31293.439     0.875000        45763         8.00
   31408.127     0.887500        46484         8.89
   31522.815     0.900000        47101        10.00
   31670.271     0.912500        47736        11.43
   31834.111     0.925000        48385        13.33
   32030.719     0.937500        49046        16.00
   32129.023     0.943750        49409        17.78
   32210.943     0.950000        49692        20.00
   32309.247     0.956250        50012        22.86
   32407.551     0.962500        50337        26.67
   32555.007     0.968750        50675        32.00
   32636.927     0.971875        50855        35.56
   32718.847     0.975000        51006        40.00
   32800.767     0.978125        51177        45.71
   32866.303     0.981250        51330        53.33
   32964.607     0.984375        51492        64.00
   33013.759     0.985938        51556        71.11
   33079.295     0.987500        51641        80.00
   33161.215     0.989062        51724        91.43
   33259.519     0.990625        51804       106.67
   33357.823     0.992188        51888       128.00
   33423.359     0.992969        51935       142.22
   33456.127     0.993750        51963       160.00
   33505.279     0.994531        52010       182.86
   33554.431     0.995313        52046       213.33
   33619.967     0.996094        52098       256.00
   33652.735     0.996484        52114       284.44
   33685.503     0.996875        52133       320.00
   33718.271     0.997266        52156       365.71
   33751.039     0.997656        52169       426.67
   33816.575     0.998047        52198       512.00
   33816.575     0.998242        52198       568.89
   33849.343     0.998437        52212       640.00
   33882.111     0.998633        52224       731.43
   33914.879     0.998828        52235       853.33
   33947.647     0.999023        52243      1024.00
   33947.647     0.999121        52243      1137.78
   33980.415     0.999219        52251      1280.00
   34013.183     0.999316        52260      1462.86
   34013.183     0.999414        52260      1706.67
   34045.951     0.999512        52267      2048.00
   34045.951     0.999561        52267      2275.56
   34078.719     0.999609        52274      2560.00
   34078.719     0.999658        52274      2925.71
   34078.719     0.999707        52274      3413.33
   34144.255     0.999756        52276      4096.00
   34177.023     0.999780        52282      4551.11
   34177.023     0.999805        52282      5120.00
   34177.023     0.999829        52282      5851.43
   34177.023     0.999854        52282      6826.67
   34177.023     0.999878        52282      8192.00
   34275.327     0.999890        52283      9102.22
   34275.327     0.999902        52283     10240.00
   34308.095     0.999915        52284     11702.86
   34373.631     0.999927        52287     13653.33
   34373.631     0.999939        52287     16384.00
   34373.631     0.999945        52287     18204.44
   34373.631     0.999951        52287     20480.00
   34373.631     0.999957        52287     23405.71
   34373.631     0.999963        52287     27306.67
   34373.631     0.999969        52287     32768.00
   34373.631     0.999973        52287     36408.89
   34373.631     0.999976        52287     40960.00
   34373.631     0.999979        52287     46811.43
   34406.399     0.999982        52288     54613.33
   34406.399     1.000000        52288          inf
#[Mean    =    14461.447, StdDeviation   =    15113.088]
#[Max     =    34373.632, Total count    =        52288]
#[Buckets =           27, SubBuckets     =         2048]
----------------------------------------------------------
  52942 requests in 15.00m, 464.20MB read
  Socket errors: connect 0, read 0, write 14, timeout 0
Requests/sec:     58.82
Transfer/sec:    528.13KB
