Running 15m test @ http://10.97.174.160:8080/wrk2-api/post/compose
  2 threads and 4 connections
  Thread calibration: mean lat.: 37.818ms, rate sampling interval: 131ms
  Thread calibration: mean lat.: 26.481ms, rate sampling interval: 79ms
  Thread Stats   Avg      Stdev     99%   +/- Stdev
    Latency     7.39s    13.41s   35.75s    77.73%
    Req/Sec    14.38     12.34    50.00     63.24%
  Latency Distribution (HdrHistogram - Recorded Latency)
 50.000%  253.18ms
 75.000%  638.97ms
 90.000%   32.74s 
 99.000%   35.75s 
 99.900%   36.96s 
 99.990%   37.49s 
 99.999%   37.58s 
100.000%   37.58s 

  Detailed Percentile spectrum:
       Value   Percentile   TotalCount 1/(1-Percentile)

       3.927     0.000000            1         1.00
      59.551     0.100000         2632         1.11
      99.775     0.200000         5260         1.25
     143.871     0.300000         7887         1.43
     192.639     0.400000        10517         1.67
     253.183     0.500000        13143         2.00
     289.023     0.550000        14457         2.22
     334.079     0.600000        15772         2.50
     392.447     0.650000        17092         2.86
     473.343     0.700000        18399         3.33
     638.975     0.750000        19713         4.00
    1036.799     0.775000        20371         4.44
   29589.503     0.800000        21028         5.00
   30769.151     0.825000        21690         5.71
   31604.735     0.850000        22359         6.67
   32194.559     0.875000        23013         8.00
   32473.087     0.887500        23338         8.89
   32735.231     0.900000        23668        10.00
   32997.375     0.912500        23985        11.43
   33275.903     0.925000        24336        13.33
   33538.047     0.937500        24658        16.00
   33685.503     0.943750        24809        17.78
   33882.111     0.950000        24977        20.00
   34111.487     0.956250        25158        22.86
   34340.863     0.962500        25312        26.67
   34537.471     0.968750        25467        32.00
   34668.543     0.971875        25548        35.56
   34832.383     0.975000        25635        40.00
   34996.223     0.978125        25719        45.71
   35160.063     0.981250        25803        53.33
   35356.671     0.984375        25898        64.00
   35422.207     0.985938        25915        71.11
   35553.279     0.987500        25967        80.00
   35651.583     0.989062        26002        91.43
   35782.655     0.990625        26041       106.67
   36012.031     0.992188        26089       128.00
   36077.567     0.992969        26100       142.22
   36175.871     0.993750        26121       160.00
   36274.175     0.994531        26146       182.86
   36339.711     0.995313        26166       213.33
   36405.247     0.996094        26182       256.00
   36503.551     0.996484        26194       284.44
   36569.087     0.996875        26204       320.00
   36634.623     0.997266        26216       365.71
   36700.159     0.997656        26227       426.67
   36765.695     0.998047        26237       512.00
   36798.463     0.998242        26242       568.89
   36831.231     0.998437        26246       640.00
   36863.999     0.998633        26252       731.43
   36896.767     0.998828        26255       853.33
   36962.303     0.999023        26259      1024.00
   37060.607     0.999121        26262      1137.78
   37126.143     0.999219        26264      1280.00
   37257.215     0.999316        26268      1462.86
   37289.983     0.999414        26269      1706.67
   37388.287     0.999512        26272      2048.00
   37421.055     0.999561        26278      2275.56
   37421.055     0.999609        26278      2560.00
   37421.055     0.999658        26278      2925.71
   37421.055     0.999707        26278      3413.33
   37421.055     0.999756        26278      4096.00
   37453.823     0.999780        26279      4551.11
   37453.823     0.999805        26279      5120.00
   37486.591     0.999829        26281      5851.43
   37486.591     0.999854        26281      6826.67
   37486.591     0.999878        26281      8192.00
   37552.127     0.999890        26283      9102.22
   37552.127     0.999902        26283     10240.00
   37552.127     0.999915        26283     11702.86
   37552.127     0.999927        26283     13653.33
   37552.127     0.999939        26283     16384.00
   37552.127     0.999945        26283     18204.44
   37552.127     0.999951        26283     20480.00
   37552.127     0.999957        26283     23405.71
   37584.895     0.999963        26284     27306.67
   37584.895     1.000000        26284          inf
#[Mean    =     7388.821, StdDeviation   =    13405.192]
#[Max     =    37552.128, Total count    =        26284]
#[Buckets =           27, SubBuckets     =         2048]
----------------------------------------------------------
  26610 requests in 15.00m, 347.60MB read
  Socket errors: connect 0, read 0, write 9, timeout 0
Requests/sec:     29.56
Transfer/sec:    395.44KB
