Running 15m test @ http://10.108.167.123:8080/wrk2-api/post/compose
  2 threads and 4 connections
  Thread calibration: mean lat.: 669.659ms, rate sampling interval: 2564ms
  Thread calibration: mean lat.: 2001.900ms, rate sampling interval: 6889ms
  Thread Stats   Avg      Stdev     99%   +/- Stdev
    Latency    35.23s    13.35s    0.95m    73.15%
    Req/Sec     1.96      1.05     5.00     97.69%
  Latency Distribution (HdrHistogram - Recorded Latency)
 50.000%   31.05s 
 75.000%   47.05s 
 90.000%    0.86m 
 99.000%    0.95m 
 99.900%    0.97m 
 99.990%    0.98m 
 99.999%    0.98m 
100.000%    0.98m 

  Detailed Percentile spectrum:
       Value   Percentile   TotalCount 1/(1-Percentile)

      28.031     0.000000            1         1.00
   23281.663     0.100000          440         1.11
   25919.487     0.200000          880         1.25
   27508.735     0.300000         1320         1.43
   29081.599     0.400000         1765         1.67
   31047.679     0.500000         2200         2.00
   32800.767     0.550000         2419         2.22
   43417.599     0.600000         2640         2.50
   44826.623     0.650000         2860         2.86
   45940.735     0.700000         3082         3.33
   47054.847     0.750000         3300         4.00
   47742.975     0.775000         3412         4.44
   48300.031     0.800000         3519         5.00
   48889.855     0.825000         3635         5.71
   49905.663     0.850000         3740         6.67
   50757.631     0.875000         3849         8.00
   51249.151     0.887500         3908         8.89
   51576.831     0.900000         3960        10.00
   52133.887     0.912500         4015        11.43
   52658.175     0.925000         4069        13.33
   53346.303     0.937500         4124        16.00
   53739.519     0.943750         4151        17.78
   54263.807     0.950000         4180        20.00
   54624.255     0.956250         4207        22.86
   55083.007     0.962500         4235        26.67
   55410.687     0.968750         4265        32.00
   55541.759     0.971875         4277        35.56
   55705.599     0.975000         4289        40.00
   55869.439     0.978125         4303        45.71
   56098.815     0.981250         4316        53.33
   56360.959     0.984375         4330        64.00
   56426.495     0.985938         4337        71.11
   56492.031     0.987500         4344        80.00
   56688.639     0.989062         4352        91.43
   56852.479     0.990625         4357       106.67
   56983.551     0.992188         4364       128.00
   57147.391     0.992969         4368       142.22
   57245.695     0.993750         4372       160.00
   57311.231     0.994531         4374       182.86
   57376.767     0.995313         4379       213.33
   57507.839     0.996094         4382       256.00
   57573.375     0.996484         4384       284.44
   57737.215     0.996875         4385       320.00
   57802.751     0.997266         4386       365.71
   57999.359     0.997656         4388       426.67
   58228.735     0.998047         4391       512.00
   58228.735     0.998242         4391       568.89
   58261.503     0.998437         4392       640.00
   58261.503     0.998633         4392       731.43
   58294.271     0.998828         4394       853.33
   58294.271     0.999023         4394      1024.00
   58392.575     0.999121         4395      1137.78
   58392.575     0.999219         4395      1280.00
   58392.575     0.999316         4395      1462.86
   58425.343     0.999414         4396      1706.67
   58425.343     0.999512         4396      2048.00
   58523.647     0.999561         4397      2275.56
   58523.647     0.999609         4397      2560.00
   58523.647     0.999658         4397      2925.71
   58523.647     0.999707         4397      3413.33
   58523.647     0.999756         4397      4096.00
   58556.415     0.999780         4398      4551.11
   58556.415     1.000000         4398          inf
#[Mean    =    35225.905, StdDeviation   =    13348.216]
#[Max     =    58523.648, Total count    =         4398]
#[Buckets =           27, SubBuckets     =         2048]
----------------------------------------------------------
  4479 requests in 15.00m, 0.92MB read
  Socket errors: connect 0, read 0, write 2, timeout 821
Requests/sec:      4.98
Transfer/sec:      1.04KB
