Running 15m test @ http://10.108.167.123:8080/wrk2-api/post/compose
  2 threads and 4 connections
  Thread calibration: mean lat.: 4086.574ms, rate sampling interval: 15376ms
  Thread calibration: mean lat.: 4325.640ms, rate sampling interval: 14024ms
  Thread Stats   Avg      Stdev     99%   +/- Stdev
    Latency     1.58m     9.72s    1.80m    75.78%
    Req/Sec    26.44      8.53    32.00     89.17%
  Latency Distribution (HdrHistogram - Recorded Latency)
 50.000%    1.59m 
 75.000%    1.69m 
 90.000%    1.77m 
 99.000%    1.80m 
 99.900%    1.81m 
 99.990%    1.82m 
 99.999%    1.82m 
100.000%    1.82m 

  Detailed Percentile spectrum:
       Value   Percentile   TotalCount 1/(1-Percentile)

    7077.887     0.000000            1         1.00
   85327.871     0.100000         4885         1.11
   87949.311     0.200000         9678         1.25
   91619.327     0.300000        14429         1.43
   94109.695     0.400000        19353         1.67
   95485.951     0.500000        24040         2.00
   96468.991     0.550000        26584         2.22
   97320.959     0.600000        28851         2.50
   98172.927     0.650000        31285         2.86
   99811.327     0.700000        33679         3.33
  101580.799     0.750000        36006         4.00
  102498.303     0.775000        37308         4.44
  103153.663     0.800000        38476         5.00
  103809.023     0.825000        39725         5.71
  104529.919     0.850000        40854         6.67
  105250.815     0.875000        42049         8.00
  105644.031     0.887500        42677         8.89
  105906.175     0.900000        43314        10.00
  106102.783     0.912500        43843        11.43
  106364.927     0.925000        44515        13.33
  106561.535     0.937500        45134        16.00
  106692.607     0.943750        45416        17.78
  106823.679     0.950000        45669        20.00
  106954.751     0.956250        45956        22.86
  107151.359     0.962500        46309        26.67
  107282.431     0.968750        46578        32.00
  107347.967     0.971875        46695        35.56
  107413.503     0.975000        46831        40.00
  107544.575     0.978125        47046        45.71
  107610.111     0.981250        47138        53.33
  107741.183     0.984375        47350        64.00
  107741.183     0.985938        47350        71.11
  107806.719     0.987500        47459        80.00
  107872.255     0.989062        47538        91.43
  107937.791     0.990625        47609       106.67
  108003.327     0.992188        47675       128.00
  108003.327     0.992969        47675       142.22
  108068.863     0.993750        47730       160.00
  108134.399     0.994531        47769       182.86
  108199.935     0.995313        47806       213.33
  108265.471     0.996094        47844       256.00
  108265.471     0.996484        47844       284.44
  108331.007     0.996875        47872       320.00
  108396.543     0.997266        47909       365.71
  108396.543     0.997656        47909       426.67
  108462.079     0.998047        47926       512.00
  108462.079     0.998242        47926       568.89
  108527.615     0.998437        47952       640.00
  108527.615     0.998633        47952       731.43
  108527.615     0.998828        47952       853.33
  108593.151     0.999023        47969      1024.00
  108593.151     0.999121        47969      1137.78
  108593.151     0.999219        47969      1280.00
  108658.687     0.999316        47978      1462.86
  108658.687     0.999414        47978      1706.67
  108789.759     0.999512        47986      2048.00
  108789.759     0.999561        47986      2275.56
  108855.295     0.999609        47988      2560.00
  108920.831     0.999658        47991      2925.71
  108986.367     0.999707        47993      3413.33
  109051.903     0.999756        47999      4096.00
  109051.903     0.999780        47999      4551.11
  109051.903     0.999805        47999      5120.00
  109051.903     0.999829        47999      5851.43
  109051.903     0.999854        47999      6826.67
  109117.439     0.999878        48005      8192.00
  109117.439     0.999890        48005      9102.22
  109117.439     0.999902        48005     10240.00
  109117.439     0.999915        48005     11702.86
  109117.439     0.999927        48005     13653.33
  109117.439     0.999939        48005     16384.00
  109117.439     0.999945        48005     18204.44
  109117.439     0.999951        48005     20480.00
  109117.439     0.999957        48005     23405.71
  109117.439     0.999963        48005     27306.67
  109117.439     0.999969        48005     32768.00
  109117.439     0.999973        48005     36408.89
  109117.439     0.999976        48005     40960.00
  109117.439     0.999979        48005     46811.43
  109182.975     0.999982        48006     54613.33
  109182.975     1.000000        48006          inf
#[Mean    =    95069.024, StdDeviation   =     9722.117]
#[Max     =   109117.440, Total count    =        48006]
#[Buckets =           27, SubBuckets     =         2048]
----------------------------------------------------------
  48132 requests in 15.00m, 354.52MB read
  Socket errors: connect 0, read 0, write 6, timeout 0
Requests/sec:     53.48
Transfer/sec:    403.35KB
