Running 15m test @ http://10.108.167.123:8080/wrk2-api/post/compose
  2 threads and 4 connections
  Thread calibration: mean lat.: 5370.191ms, rate sampling interval: 14811ms
  Thread calibration: mean lat.: 5290.496ms, rate sampling interval: 15056ms
  Thread Stats   Avg      Stdev     99%   +/- Stdev
    Latency     1.34m    24.60s    1.76m    70.60%
    Req/Sec    13.24      3.70    16.00     89.92%
  Latency Distribution (HdrHistogram - Recorded Latency)
 50.000%    1.45m 
 75.000%    1.69m 
 90.000%    1.73m 
 99.000%    1.76m 
 99.900%    1.77m 
 99.990%    1.77m 
 99.999%    1.78m 
100.000%    1.78m 

  Detailed Percentile spectrum:
       Value   Percentile   TotalCount 1/(1-Percentile)

    7454.719     0.000000            1         1.00
   42270.719     0.100000         2466         1.11
   44433.407     0.200000         4897         1.25
   76808.191     0.300000         7336         1.43
   80871.423     0.400000         9780         1.67
   86835.199     0.500000        12196         2.00
   96927.743     0.550000        13452         2.22
   98238.463     0.600000        14633         2.50
   99549.183     0.650000        15930         2.86
  100401.151     0.700000        17145         3.33
  101187.583     0.750000        18340         4.00
  101580.799     0.775000        18928         4.44
  101974.015     0.800000        19582         5.00
  102367.231     0.825000        20200         5.71
  102760.447     0.850000        20766         6.67
  103153.663     0.875000        21349         8.00
  103350.271     0.887500        21688         8.89
  103546.879     0.900000        21976        10.00
  103743.487     0.912500        22308        11.43
  103940.095     0.925000        22609        13.33
  104136.703     0.937500        22908        16.00
  104202.239     0.943750        23016        17.78
  104333.311     0.950000        23187        20.00
  104464.383     0.956250        23387        22.86
  104529.919     0.962500        23466        26.67
  104660.991     0.968750        23619        32.00
  104792.063     0.971875        23746        35.56
  104857.599     0.975000        23807        40.00
  104923.135     0.978125        23861        45.71
  105054.207     0.981250        23973        53.33
  105119.743     0.984375        24019        64.00
  105185.279     0.985938        24074        71.11
  105185.279     0.987500        24074        80.00
  105316.351     0.989062        24141        91.43
  105381.887     0.990625        24170       106.67
  105447.423     0.992188        24199       128.00
  105512.959     0.992969        24231       142.22
  105512.959     0.993750        24231       160.00
  105578.495     0.994531        24256       182.86
  105644.031     0.995313        24278       213.33
  105709.567     0.996094        24290       256.00
  105775.103     0.996484        24296       284.44
  105840.639     0.996875        24304       320.00
  105906.175     0.997266        24314       365.71
  106037.247     0.997656        24328       426.67
  106102.783     0.998047        24337       512.00
  106102.783     0.998242        24337       568.89
  106168.319     0.998437        24346       640.00
  106168.319     0.998633        24346       731.43
  106233.855     0.998828        24353       853.33
  106299.391     0.999023        24360      1024.00
  106299.391     0.999121        24360      1137.78
  106299.391     0.999219        24360      1280.00
  106364.927     0.999316        24367      1462.86
  106364.927     0.999414        24367      1706.67
  106364.927     0.999512        24367      2048.00
  106364.927     0.999561        24367      2275.56
  106430.463     0.999609        24374      2560.00
  106430.463     0.999658        24374      2925.71
  106430.463     0.999707        24374      3413.33
  106430.463     0.999756        24374      4096.00
  106430.463     0.999780        24374      4551.11
  106430.463     0.999805        24374      5120.00
  106430.463     0.999829        24374      5851.43
  106430.463     0.999854        24374      6826.67
  106495.999     0.999878        24375      8192.00
  106495.999     0.999890        24375      9102.22
  106495.999     0.999902        24375     10240.00
  106495.999     0.999915        24375     11702.86
  106561.535     0.999927        24376     13653.33
  106561.535     0.999939        24376     16384.00
  106561.535     0.999945        24376     18204.44
  106561.535     0.999951        24376     20480.00
  106561.535     0.999957        24376     23405.71
  106758.143     0.999963        24377     27306.67
  106758.143     1.000000        24377          inf
#[Mean    =    80231.757, StdDeviation   =    24603.783]
#[Max     =   106692.608, Total count    =        24377]
#[Buckets =           27, SubBuckets     =         2048]
----------------------------------------------------------
  24427 requests in 15.00m, 302.37MB read
  Socket errors: connect 0, read 0, write 6, timeout 0
Requests/sec:     27.14
Transfer/sec:    344.01KB
