Running 15m test @ http://10.103.106.254:8080/wrk2-api/post/compose
  2 threads and 4 connections
  Thread calibration: mean lat.: 16.945ms, rate sampling interval: 47ms
  Thread calibration: mean lat.: 16.805ms, rate sampling interval: 41ms
  Thread Stats   Avg      Stdev     99%   +/- Stdev
    Latency   392.99ms  402.24ms   1.82s    86.30%
    Req/Sec     4.95     10.52    43.00     80.23%
  Latency Distribution (HdrHistogram - Recorded Latency)
 50.000%  268.80ms
 75.000%  544.26ms
 90.000%  916.99ms
 99.000%    1.82s 
 99.900%    2.84s 
 99.990%    3.80s 
 99.999%    4.01s 
100.000%    4.01s 

  Detailed Percentile spectrum:
       Value   Percentile   TotalCount 1/(1-Percentile)

       8.807     0.000000            1         1.00
      35.359     0.100000          885         1.11
      78.655     0.200000         1769         1.25
     133.247     0.300000         2654         1.43
     197.119     0.400000         3536         1.67
     268.799     0.500000         4419         2.00
     311.295     0.550000         4861         2.22
     356.863     0.600000         5304         2.50
     413.183     0.650000         5745         2.86
     475.391     0.700000         6189         3.33
     544.255     0.750000         6632         4.00
     591.359     0.775000         6850         4.44
     637.439     0.800000         7072         5.00
     701.951     0.825000         7295         5.71
     760.319     0.850000         7516         6.67
     826.367     0.875000         7734         8.00
     871.935     0.887500         7845         8.89
     916.991     0.900000         7955        10.00
     959.487     0.912500         8065        11.43
    1010.687     0.925000         8177        13.33
    1093.631     0.937500         8287        16.00
    1142.783     0.943750         8341        17.78
    1196.031     0.950000         8398        20.00
    1241.087     0.956250         8452        22.86
    1305.599     0.962500         8508        26.67
    1369.087     0.968750         8562        32.00
    1407.999     0.971875         8590        35.56
    1446.911     0.975000         8619        40.00
    1496.063     0.978125         8645        45.71
    1566.719     0.981250         8673        53.33
    1628.159     0.984375         8700        64.00
    1686.527     0.985938         8714        71.11
    1727.487     0.987500         8728        80.00
    1793.023     0.989062         8742        91.43
    1856.511     0.990625         8756       106.67
    1947.647     0.992188         8769       128.00
    1998.847     0.992969         8776       142.22
    2056.191     0.993750         8783       160.00
    2144.255     0.994531         8790       182.86
    2242.559     0.995313         8797       213.33
    2316.287     0.996094         8804       256.00
    2349.055     0.996484         8807       284.44
    2385.919     0.996875         8811       320.00
    2428.927     0.997266         8814       365.71
    2469.887     0.997656         8818       426.67
    2643.967     0.998047         8821       512.00
    2689.023     0.998242         8823       568.89
    2766.847     0.998437         8825       640.00
    2795.519     0.998633         8826       731.43
    2838.527     0.998828         8828       853.33
    2852.863     0.999023         8830      1024.00
    2885.631     0.999121         8831      1137.78
    2975.743     0.999219         8832      1280.00
    2975.743     0.999316         8832      1462.86
    3039.231     0.999414         8833      1706.67
    3137.535     0.999512         8834      2048.00
    3143.679     0.999561         8835      2275.56
    3143.679     0.999609         8835      2560.00
    3143.679     0.999658         8835      2925.71
    3385.343     0.999707         8836      3413.33
    3385.343     0.999756         8836      4096.00
    3799.039     0.999780         8837      4551.11
    3799.039     0.999805         8837      5120.00
    3799.039     0.999829         8837      5851.43
    3799.039     0.999854         8837      6826.67
    3799.039     0.999878         8837      8192.00
    4009.983     0.999890         8838      9102.22
    4009.983     1.000000         8838          inf
#[Mean    =      392.994, StdDeviation   =      402.243]
#[Max     =     4007.936, Total count    =         8838]
#[Buckets =           27, SubBuckets     =         2048]
----------------------------------------------------------
  8955 requests in 15.00m, 1.84MB read
  Socket errors: connect 0, read 0, write 4, timeout 19
Requests/sec:      9.95
Transfer/sec:      2.09KB
