Running 15m test @ http://10.103.106.254:8080/wrk2-api/post/compose
  2 threads and 4 connections
  Thread calibration: mean lat.: 4.530ms, rate sampling interval: 12ms
  Thread calibration: mean lat.: 5.127ms, rate sampling interval: 14ms
  Thread Stats   Avg      Stdev     99%   +/- Stdev
    Latency     6.95s    12.65s   32.82s    77.49%
    Req/Sec    30.67     47.72   181.00     80.87%
  Latency Distribution (HdrHistogram - Recorded Latency)
 50.000%  152.32ms
 75.000%  357.12ms
 90.000%   30.64s 
 99.000%   32.82s 
 99.900%   34.01s 
 99.990%   34.28s 
 99.999%   34.37s 
100.000%   34.44s 

  Detailed Percentile spectrum:
       Value   Percentile   TotalCount 1/(1-Percentile)

       0.030     0.000000            1         1.00
      45.887     0.100000         5277         1.11
      69.887     0.200000        10565         1.25
      94.143     0.300000        15826         1.43
     120.703     0.400000        21107         1.67
     152.319     0.500000        26377         2.00
     171.647     0.550000        29016         2.22
     194.943     0.600000        31660         2.50
     223.487     0.650000        34296         2.86
     266.239     0.700000        36927         3.33
     357.119     0.750000        39558         4.00
   27246.591     0.775000        40878         4.44
   28590.079     0.800000        42202         5.00
   29212.671     0.825000        43539         5.71
   29851.647     0.850000        44847         6.67
   30244.863     0.875000        46179         8.00
   30425.087     0.887500        46834         8.89
   30638.079     0.900000        47508        10.00
   30818.303     0.912500        48136        11.43
   31014.911     0.925000        48812        13.33
   31227.903     0.937500        49494        16.00
   31342.591     0.943750        49799        17.78
   31457.279     0.950000        50132        20.00
   31588.351     0.956250        50440        22.86
   31735.807     0.962500        50809        26.67
   31883.263     0.968750        51119        32.00
   31965.183     0.971875        51262        35.56
   32079.871     0.975000        51445        40.00
   32194.559     0.978125        51606        45.71
   32325.631     0.981250        51771        53.33
   32473.087     0.984375        51936        64.00
   32555.007     0.985938        52010        71.11
   32669.695     0.987500        52093        80.00
   32767.999     0.989062        52184        91.43
   32882.687     0.990625        52261       106.67
   32997.375     0.992188        52336       128.00
   33062.911     0.992969        52382       142.22
   33144.831     0.993750        52417       160.00
   33226.751     0.994531        52464       182.86
   33325.055     0.995313        52503       213.33
   33456.127     0.996094        52538       256.00
   33538.047     0.996484        52559       284.44
   33652.735     0.996875        52594       320.00
   33685.503     0.997266        52605       365.71
   33751.039     0.997656        52627       426.67
   33816.575     0.998047        52647       512.00
   33849.343     0.998242        52658       568.89
   33882.111     0.998437        52665       640.00
   33914.879     0.998633        52673       731.43
   33980.415     0.998828        52684       853.33
   34045.951     0.999023        52705      1024.00
   34045.951     0.999121        52705      1137.78
   34045.951     0.999219        52705      1280.00
   34078.719     0.999316        52714      1462.86
   34078.719     0.999414        52714      1706.67
   34111.487     0.999512        52720      2048.00
   34144.255     0.999561        52725      2275.56
   34144.255     0.999609        52725      2560.00
   34177.023     0.999658        52732      2925.71
   34177.023     0.999707        52732      3413.33
   34177.023     0.999756        52732      4096.00
   34209.791     0.999780        52737      4551.11
   34209.791     0.999805        52737      5120.00
   34209.791     0.999829        52737      5851.43
   34209.791     0.999854        52737      6826.67
   34242.559     0.999878        52738      8192.00
   34275.327     0.999890        52740      9102.22
   34275.327     0.999902        52740     10240.00
   34275.327     0.999915        52740     11702.86
   34308.095     0.999927        52741     13653.33
   34308.095     0.999939        52741     16384.00
   34340.863     0.999945        52742     18204.44
   34340.863     0.999951        52742     20480.00
   34340.863     0.999957        52742     23405.71
   34373.631     0.999963        52743     27306.67
   34373.631     0.999969        52743     32768.00
   34373.631     0.999973        52743     36408.89
   34373.631     0.999976        52743     40960.00
   34373.631     0.999979        52743     46811.43
   34439.167     0.999982        52744     54613.33
   34439.167     1.000000        52744          inf
#[Mean    =     6949.312, StdDeviation   =    12654.382]
#[Max     =    34406.400, Total count    =        52744]
#[Buckets =           27, SubBuckets     =         2048]
----------------------------------------------------------
  53398 requests in 15.00m, 458.64MB read
  Socket errors: connect 0, read 4, write 7, timeout 0
Requests/sec:     59.33
Transfer/sec:    521.81KB
