Running 15m test @ http://10.103.106.254:8080/wrk2-api/post/compose
  2 threads and 4 connections
  Thread calibration: mean lat.: 62.026ms, rate sampling interval: 122ms
  Thread calibration: mean lat.: 27.758ms, rate sampling interval: 81ms
  Thread Stats   Avg      Stdev     99%   +/- Stdev
    Latency     6.49s    11.58s   30.87s    77.02%
    Req/Sec    14.58     12.32    49.00     64.48%
  Latency Distribution (HdrHistogram - Recorded Latency)
 50.000%  205.18ms
 75.000%  612.35ms
 90.000%   28.21s 
 99.000%   30.87s 
 99.900%   32.46s 
 99.990%   32.93s 
 99.999%   33.08s 
100.000%   33.08s 

  Detailed Percentile spectrum:
       Value   Percentile   TotalCount 1/(1-Percentile)

       3.339     0.000000            1         1.00
      46.559     0.100000         2632         1.11
      71.743     0.200000         5265         1.25
     108.159     0.300000         7899         1.43
     150.015     0.400000        10530         1.67
     205.183     0.500000        13160         2.00
     240.767     0.550000        14475         2.22
     283.903     0.600000        15797         2.50
     339.199     0.650000        17108         2.86
     425.983     0.700000        18421         3.33
     612.351     0.750000        19738         4.00
   22740.991     0.775000        20398         4.44
   24674.303     0.800000        21057         5.00
   25985.023     0.825000        21714         5.71
   26968.063     0.850000        22369         6.67
   27721.727     0.875000        23045         8.00
   27951.103     0.887500        23368         8.89
   28213.247     0.900000        23688        10.00
   28475.391     0.912500        24029        11.43
   28803.071     0.925000        24348        13.33
   29196.287     0.937500        24677        16.00
   29360.127     0.943750        24843        17.78
   29523.967     0.950000        25007        20.00
   29687.807     0.956250        25174        22.86
   29835.263     0.962500        25340        26.67
   29982.719     0.968750        25509        32.00
   30064.639     0.971875        25582        35.56
   30146.559     0.975000        25659        40.00
   30228.479     0.978125        25751        45.71
   30310.399     0.981250        25822        53.33
   30457.855     0.984375        25912        64.00
   30556.159     0.985938        25954        71.11
   30654.463     0.987500        25991        80.00
   30785.535     0.989062        26032        91.43
   30949.375     0.990625        26070       106.67
   31113.215     0.992188        26113       128.00
   31178.751     0.992969        26131       142.22
   31342.591     0.993750        26152       160.00
   31571.967     0.994531        26173       182.86
   31719.423     0.995313        26196       213.33
   31834.111     0.996094        26215       256.00
   31899.647     0.996484        26225       284.44
   31965.183     0.996875        26234       320.00
   32030.719     0.997266        26246       365.71
   32096.255     0.997656        26254       426.67
   32194.559     0.998047        26264       512.00
   32260.095     0.998242        26271       568.89
   32276.479     0.998437        26275       640.00
   32374.783     0.998633        26280       731.43
   32423.935     0.998828        26286       853.33
   32456.703     0.999023        26290      1024.00
   32489.471     0.999121        26292      1137.78
   32522.239     0.999219        26296      1280.00
   32587.775     0.999316        26300      1462.86
   32587.775     0.999414        26300      1706.67
   32669.695     0.999512        26304      2048.00
   32669.695     0.999561        26304      2275.56
   32702.463     0.999609        26306      2560.00
   32718.847     0.999658        26307      2925.71
   32784.383     0.999707        26308      3413.33
   32882.687     0.999756        26309      4096.00
   32899.071     0.999780        26310      4551.11
   32899.071     0.999805        26310      5120.00
   32915.455     0.999829        26311      5851.43
   32931.839     0.999854        26312      6826.67
   32931.839     0.999878        26312      8192.00
   33013.759     0.999890        26314      9102.22
   33013.759     0.999902        26314     10240.00
   33013.759     0.999915        26314     11702.86
   33013.759     0.999927        26314     13653.33
   33013.759     0.999939        26314     16384.00
   33013.759     0.999945        26314     18204.44
   33013.759     0.999951        26314     20480.00
   33013.759     0.999957        26314     23405.71
   33079.295     0.999963        26315     27306.67
   33079.295     1.000000        26315          inf
#[Mean    =     6488.515, StdDeviation   =    11580.431]
#[Max     =    33062.912, Total count    =        26315]
#[Buckets =           27, SubBuckets     =         2048]
----------------------------------------------------------
  26642 requests in 15.00m, 349.17MB read
  Socket errors: connect 0, read 0, write 5, timeout 0
Requests/sec:     29.60
Transfer/sec:    397.26KB
