Running 15m test @ http://10.100.199.44:8080/wrk2-api/post/compose
  2 threads and 4 connections
  Thread calibration: mean lat.: 1381.444ms, rate sampling interval: 6529ms
  Thread calibration: mean lat.: 2246.787ms, rate sampling interval: 8585ms
  Thread Stats   Avg      Stdev     99%   +/- Stdev
    Latency     1.02m    26.35s    1.81m    71.93%
    Req/Sec     4.17      1.31     6.00     94.56%
  Latency Distribution (HdrHistogram - Recorded Latency)
 50.000%   50.23s 
 75.000%    1.31m 
 90.000%    1.68m 
 99.000%    1.81m 
 99.900%    1.88m 
 99.990%    1.89m 
 99.999%    1.89m 
100.000%    1.89m 

  Detailed Percentile spectrum:
       Value   Percentile   TotalCount 1/(1-Percentile)

      46.751     0.000000            1         1.00
   38830.079     0.100000          829         1.11
   41910.271     0.200000         1665         1.25
   43974.655     0.300000         2475         1.43
   46104.575     0.400000         3303         1.67
   50233.343     0.500000         4120         2.00
   66256.895     0.550000         4533         2.22
   68812.799     0.600000         4958         2.50
   71172.095     0.650000         5369         2.86
   73465.855     0.700000         5773         3.33
   78381.055     0.750000         6183         4.00
   89391.103     0.775000         6389         4.44
   95092.735     0.800000         6594         5.00
   97124.351     0.825000         6801         5.71
   98631.679     0.850000         7010         6.67
   99811.327     0.875000         7215         8.00
  100532.223     0.887500         7327         8.89
  100990.975     0.900000         7416        10.00
  101449.727     0.912500         7529        11.43
  101974.015     0.925000         7628        13.33
  102694.911     0.937500         7733        16.00
  103088.127     0.943750         7778        17.78
  103612.415     0.950000         7839        20.00
  104005.631     0.956250         7887        22.86
  104464.383     0.962500         7934        26.67
  104923.135     0.968750         7986        32.00
  105185.279     0.971875         8015        35.56
  105512.959     0.975000         8037        40.00
  105775.103     0.978125         8061        45.71
  106102.783     0.981250         8089        53.33
  106627.071     0.984375         8113        64.00
  106823.679     0.985938         8124        71.11
  107413.503     0.987500         8140        80.00
  107610.111     0.989062         8149        91.43
  108658.687     0.990625         8162       106.67
  109314.047     0.992188         8177       128.00
  109445.119     0.992969         8183       142.22
  109641.727     0.993750         8188       160.00
  109838.335     0.994531         8194       182.86
  110166.015     0.995313         8201       213.33
  110559.231     0.996094         8207       256.00
  110886.911     0.996484         8211       284.44
  111149.055     0.996875         8214       320.00
  111673.343     0.997266         8217       365.71
  112066.559     0.997656         8220       426.67
  112132.095     0.998047         8223       512.00
  112394.239     0.998242         8226       568.89
  112459.775     0.998437         8228       640.00
  112459.775     0.998633         8228       731.43
  112656.383     0.998828         8230       853.33
  112787.455     0.999023         8231      1024.00
  112852.991     0.999121         8232      1137.78
  112918.527     0.999219         8233      1280.00
  112984.063     0.999316         8235      1462.86
  112984.063     0.999414         8235      1706.67
  112984.063     0.999512         8235      2048.00
  113246.207     0.999561         8236      2275.56
  113246.207     0.999609         8236      2560.00
  113311.743     0.999658         8237      2925.71
  113311.743     0.999707         8237      3413.33
  113311.743     0.999756         8237      4096.00
  113442.815     0.999780         8238      4551.11
  113442.815     0.999805         8238      5120.00
  113442.815     0.999829         8238      5851.43
  113442.815     0.999854         8238      6826.67
  113442.815     0.999878         8238      8192.00
  113639.423     0.999890         8239      9102.22
  113639.423     1.000000         8239          inf
#[Mean    =    61382.036, StdDeviation   =    26346.902]
#[Max     =   113573.888, Total count    =         8239]
#[Buckets =           27, SubBuckets     =         2048]
----------------------------------------------------------
  8320 requests in 15.00m, 1.71MB read
  Socket errors: connect 0, read 0, write 6, timeout 19
Requests/sec:      9.24
Transfer/sec:      1.94KB
