Running 15m test @ http://10.100.199.44:8080/wrk2-api/post/compose
  2 threads and 4 connections
  Thread calibration: mean lat.: 3734.543ms, rate sampling interval: 15532ms
  Thread calibration: mean lat.: 4642.011ms, rate sampling interval: 13705ms
  Thread Stats   Avg      Stdev     99%   +/- Stdev
    Latency     1.27m    26.13s    1.92m    68.17%
    Req/Sec    27.12      6.84    32.00     87.60%
  Latency Distribution (HdrHistogram - Recorded Latency)
 50.000%    0.93m 
 75.000%    1.63m 
 90.000%    1.86m 
 99.000%    1.92m 
 99.900%    1.94m 
 99.990%    1.94m 
 99.999%    1.95m 
100.000%    1.95m 

  Detailed Percentile spectrum:
       Value   Percentile   TotalCount 1/(1-Percentile)

    7352.319     0.000000            1         1.00
   50331.647     0.100000         5012         1.11
   51544.063     0.200000         9824         1.25
   52625.407     0.300000        14756         1.43
   53542.911     0.400000        19719         1.67
   55869.439     0.500000        24571         2.00
   91357.183     0.550000        27040         2.22
   92733.439     0.600000        29490         2.50
   94240.767     0.650000        31933         2.86
   95223.807     0.700000        34420         3.33
   98041.855     0.750000        36846         4.00
  105709.567     0.775000        38105         4.44
  108068.863     0.800000        39293         5.00
  109445.119     0.825000        40577         5.71
  109969.407     0.850000        41748         6.67
  110755.839     0.875000        43009         8.00
  111083.519     0.887500        43597         8.89
  111411.199     0.900000        44229        10.00
  111804.415     0.912500        44815        11.43
  112197.631     0.925000        45431        13.33
  112656.383     0.937500        46088        16.00
  112852.991     0.943750        46378        17.78
  113115.135     0.950000        46713        20.00
  113377.279     0.956250        47024        22.86
  113573.887     0.962500        47311        26.67
  113770.495     0.968750        47591        32.00
  113901.567     0.971875        47765        35.56
  114032.639     0.975000        47883        40.00
  114294.783     0.978125        48091        45.71
  114425.855     0.981250        48228        53.33
  114556.927     0.984375        48377        64.00
  114622.463     0.985938        48417        71.11
  114819.071     0.987500        48515        80.00
  115015.679     0.989062        48591        91.43
  115146.751     0.990625        48647       106.67
  115343.359     0.992188        48736       128.00
  115408.895     0.992969        48770       142.22
  115474.431     0.993750        48798       160.00
  115671.039     0.994531        48861       182.86
  115802.111     0.995313        48889       213.33
  115933.183     0.996094        48944       256.00
  115933.183     0.996484        48944       284.44
  115998.719     0.996875        48962       320.00
  116064.255     0.997266        48981       365.71
  116129.791     0.997656        48990       426.67
  116195.327     0.998047        49022       512.00
  116195.327     0.998242        49022       568.89
  116260.863     0.998437        49049       640.00
  116260.863     0.998633        49049       731.43
  116260.863     0.998828        49049       853.33
  116326.399     0.999023        49059      1024.00
  116391.935     0.999121        49071      1137.78
  116391.935     0.999219        49071      1280.00
  116391.935     0.999316        49071      1462.86
  116457.471     0.999414        49076      1706.67
  116523.007     0.999512        49089      2048.00
  116523.007     0.999561        49089      2275.56
  116523.007     0.999609        49089      2560.00
  116523.007     0.999658        49089      2925.71
  116588.543     0.999707        49099      3413.33
  116588.543     0.999756        49099      4096.00
  116588.543     0.999780        49099      4551.11
  116588.543     0.999805        49099      5120.00
  116588.543     0.999829        49099      5851.43
  116588.543     0.999854        49099      6826.67
  116588.543     0.999878        49099      8192.00
  116588.543     0.999890        49099      9102.22
  116654.079     0.999902        49101     10240.00
  116654.079     0.999915        49101     11702.86
  116654.079     0.999927        49101     13653.33
  116719.615     0.999939        49102     16384.00
  116719.615     0.999945        49102     18204.44
  116719.615     0.999951        49102     20480.00
  116719.615     0.999957        49102     23405.71
  116785.151     0.999963        49104     27306.67
  116785.151     1.000000        49104          inf
#[Mean    =    76096.830, StdDeviation   =    26130.722]
#[Max     =   116719.616, Total count    =        49104]
#[Buckets =           27, SubBuckets     =         2048]
----------------------------------------------------------
  49228 requests in 15.00m, 414.16MB read
  Socket errors: connect 0, read 0, write 5, timeout 0
Requests/sec:     54.69
Transfer/sec:    471.20KB
