Running 15m test @ http://10.100.199.44:8080/wrk2-api/post/compose
  2 threads and 4 connections
  Thread calibration: mean lat.: 4614.344ms, rate sampling interval: 13844ms
  Thread calibration: mean lat.: 4979.386ms, rate sampling interval: 14491ms
  Thread Stats   Avg      Stdev     99%   +/- Stdev
    Latency     1.42m    23.74s    1.94m    60.95%
    Req/Sec    13.11      3.74    17.00     89.60%
  Latency Distribution (HdrHistogram - Recorded Latency)
 50.000%    1.44m 
 75.000%    1.77m 
 90.000%    1.83m 
 99.000%    1.94m 
 99.900%    1.96m 
 99.990%    1.97m 
 99.999%    1.97m 
100.000%    1.97m 

  Detailed Percentile spectrum:
       Value   Percentile   TotalCount 1/(1-Percentile)

    7110.655     0.000000            1         1.00
   52035.583     0.100000         2422         1.11
   54263.807     0.200000         4854         1.25
   76087.295     0.300000         7264         1.43
   81264.639     0.400000         9722         1.67
   86245.375     0.500000        12119         2.00
  102105.087     0.550000        13348         2.22
  103415.807     0.600000        14587         2.50
  104398.847     0.650000        15734         2.86
  105185.279     0.700000        16965         3.33
  105971.711     0.750000        18211         4.00
  106430.463     0.775000        18812         4.44
  106889.215     0.800000        19381         5.00
  107413.503     0.825000        20005         5.71
  108003.327     0.850000        20580         6.67
  108724.223     0.875000        21215         8.00
  109182.975     0.887500        21495         8.89
  109772.799     0.900000        21801        10.00
  110493.695     0.912500        22131        11.43
  111017.983     0.925000        22404        13.33
  111542.271     0.937500        22700        16.00
  111804.415     0.943750        22853        17.78
  112066.559     0.950000        23001        20.00
  112328.703     0.956250        23165        22.86
  112590.847     0.962500        23297        26.67
  113180.671     0.968750        23469        32.00
  113442.815     0.971875        23540        35.56
  113704.959     0.975000        23601        40.00
  114098.175     0.978125        23681        45.71
  114491.391     0.981250        23751        53.33
  115408.895     0.984375        23828        64.00
  115867.647     0.985938        23866        71.11
  116129.791     0.987500        23906        80.00
  116391.935     0.989062        23946        91.43
  116654.079     0.990625        23986       106.67
  116785.151     0.992188        24016       128.00
  116916.223     0.992969        24035       142.22
  116981.759     0.993750        24053       160.00
  117112.831     0.994531        24073       182.86
  117178.367     0.995313        24090       213.33
  117309.439     0.996094        24111       256.00
  117374.975     0.996484        24119       284.44
  117440.511     0.996875        24132       320.00
  117506.047     0.997266        24141       365.71
  117571.583     0.997656        24154       426.67
  117637.119     0.998047        24164       512.00
  117637.119     0.998242        24164       568.89
  117702.655     0.998437        24174       640.00
  117702.655     0.998633        24174       731.43
  117768.191     0.998828        24181       853.33
  117768.191     0.999023        24181      1024.00
  117833.727     0.999121        24187      1137.78
  117833.727     0.999219        24187      1280.00
  117833.727     0.999316        24187      1462.86
  117899.263     0.999414        24189      1706.67
  118095.871     0.999512        24196      2048.00
  118095.871     0.999561        24196      2275.56
  118095.871     0.999609        24196      2560.00
  118095.871     0.999658        24196      2925.71
  118095.871     0.999707        24196      3413.33
  118161.407     0.999756        24198      4096.00
  118161.407     0.999780        24198      4551.11
  118226.943     0.999805        24199      5120.00
  118226.943     0.999829        24199      5851.43
  118358.015     0.999854        24200      6826.67
  118423.551     0.999878        24201      8192.00
  118423.551     0.999890        24201      9102.22
  118423.551     0.999902        24201     10240.00
  118423.551     0.999915        24201     11702.86
  118489.087     0.999927        24203     13653.33
  118489.087     1.000000        24203          inf
#[Mean    =    85307.275, StdDeviation   =    23736.767]
#[Max     =   118423.552, Total count    =        24203]
#[Buckets =           27, SubBuckets     =         2048]
----------------------------------------------------------
  24264 requests in 15.00m, 299.80MB read
  Socket errors: connect 0, read 0, write 6, timeout 0
Requests/sec:     26.96
Transfer/sec:    341.07KB
