Running 15m test @ http://10.106.3.160:8080/wrk2-api/post/compose
  2 threads and 4 connections
  Thread calibration: mean lat.: 18.755ms, rate sampling interval: 46ms
  Thread calibration: mean lat.: 17.140ms, rate sampling interval: 37ms
  Thread Stats   Avg      Stdev     99%   +/- Stdev
    Latency     7.65s    13.51s   38.86s    77.91%
    Req/Sec     4.91     10.95    44.00     81.60%
  Latency Distribution (HdrHistogram - Recorded Latency)
 50.000%  546.82ms
 75.000%    1.62s 
 90.000%   33.18s 
 99.000%   38.86s 
 99.900%   42.21s 
 99.990%   42.93s 
 99.999%   43.68s 
100.000%   43.68s 

  Detailed Percentile spectrum:
       Value   Percentile   TotalCount 1/(1-Percentile)

      10.351     0.000000            1         1.00
      56.735     0.100000          877         1.11
     147.839     0.200000         1752         1.25
     258.815     0.300000         2629         1.43
     388.607     0.400000         3505         1.67
     546.815     0.500000         4383         2.00
     646.143     0.550000         4819         2.22
     776.191     0.600000         5256         2.50
     927.231     0.650000         5694         2.86
    1154.047     0.700000         6135         3.33
    1618.943     0.750000         6570         4.00
    2603.007     0.775000         6788         4.44
   28049.407     0.800000         7007         5.00
   29835.263     0.825000         7226         5.71
   31064.063     0.850000         7445         6.67
   32096.255     0.875000         7668         8.00
   32522.239     0.887500         7773         8.89
   33177.599     0.900000         7886        10.00
   33816.575     0.912500         7994        11.43
   34537.471     0.925000         8106        13.33
   34963.455     0.937500         8212        16.00
   35160.063     0.943750         8273        17.78
   35389.439     0.950000         8330        20.00
   35586.047     0.956250         8376        22.86
   35913.727     0.962500         8432        26.67
   36274.175     0.968750         8491        32.00
   36405.247     0.971875         8512        35.56
   36667.391     0.975000         8540        40.00
   37027.839     0.978125         8568        45.71
   37289.983     0.981250         8594        53.33
   37650.431     0.984375         8622        64.00
   37781.503     0.985938         8637        71.11
   38076.415     0.987500         8649        80.00
   38699.007     0.989062         8663        91.43
   39288.831     0.990625         8676       106.67
   39747.583     0.992188         8690       128.00
   40206.335     0.992969         8697       142.22
   40435.711     0.993750         8704       160.00
   40763.391     0.994531         8711       182.86
   41058.303     0.995313         8719       213.33
   41254.911     0.996094         8724       256.00
   41451.519     0.996484         8728       284.44
   41484.287     0.996875         8731       320.00
   41582.591     0.997266         8735       365.71
   41648.127     0.997656         8739       426.67
   41713.663     0.998047         8741       512.00
   41811.967     0.998242         8745       568.89
   41811.967     0.998437         8745       640.00
   42106.879     0.998633         8747       731.43
   42172.415     0.998828         8748       853.33
   42237.951     0.999023         8750      1024.00
   42336.255     0.999121         8751      1137.78
   42500.095     0.999219         8752      1280.00
   42565.631     0.999316         8753      1462.86
   42565.631     0.999414         8753      1706.67
   42631.167     0.999512         8754      2048.00
   42696.703     0.999561         8755      2275.56
   42696.703     0.999609         8755      2560.00
   42827.775     0.999658         8756      2925.71
   42827.775     0.999707         8756      3413.33
   42827.775     0.999756         8756      4096.00
   42926.079     0.999780         8757      4551.11
   42926.079     0.999805         8757      5120.00
   42926.079     0.999829         8757      5851.43
   42926.079     0.999854         8757      6826.67
   42926.079     0.999878         8757      8192.00
   43679.743     0.999890         8758      9102.22
   43679.743     1.000000         8758          inf
#[Mean    =     7649.151, StdDeviation   =    13505.377]
#[Max     =    43646.976, Total count    =         8758]
#[Buckets =           27, SubBuckets     =         2048]
----------------------------------------------------------
  8875 requests in 15.00m, 1.82MB read
  Socket errors: connect 0, read 0, write 5, timeout 19
Requests/sec:      9.86
Transfer/sec:      2.07KB
