Running 15m test @ http://10.106.3.160:8080/wrk2-api/post/compose
  2 threads and 4 connections
  Thread calibration: mean lat.: 3.973ms, rate sampling interval: 10ms
  Thread calibration: mean lat.: 5.110ms, rate sampling interval: 15ms
  Thread Stats   Avg      Stdev     99%   +/- Stdev
    Latency    13.45s    14.64s   31.82s    61.17%
    Req/Sec    30.77     51.00   200.00     81.39%
  Latency Distribution (HdrHistogram - Recorded Latency)
 50.000%  233.60ms
 75.000%   29.28s 
 90.000%   30.43s 
 99.000%   31.82s 
 99.900%   32.56s 
 99.990%   32.88s 
 99.999%   32.98s 
100.000%   33.03s 

  Detailed Percentile spectrum:
       Value   Percentile   TotalCount 1/(1-Percentile)

       1.324     0.000000            1         1.00
      26.479     0.100000         5232         1.11
      52.671     0.200000        10465         1.25
      86.911     0.300000        15704         1.43
     136.063     0.400000        20932         1.67
     233.599     0.500000        26163         2.00
   27230.207     0.550000        28777         2.22
   28000.255     0.600000        31482         2.50
   28442.623     0.650000        34088         2.86
   28884.991     0.700000        36653         3.33
   29278.207     0.750000        39279         4.00
   29458.431     0.775000        40563         4.44
   29638.655     0.800000        41897         5.00
   29818.879     0.825000        43226         5.71
   30015.487     0.850000        44517         6.67
   30212.095     0.875000        45865         8.00
   30326.783     0.887500        46528         8.89
   30425.087     0.900000        47120        10.00
   30539.775     0.912500        47758        11.43
   30670.847     0.925000        48396        13.33
   30834.687     0.937500        49073        16.00
   30916.607     0.943750        49379        17.78
   31014.911     0.950000        49757        20.00
   31129.599     0.956250        50058        22.86
   31260.671     0.962500        50392        26.67
   31358.975     0.968750        50730        32.00
   31408.127     0.971875        50884        35.56
   31457.279     0.975000        51031        40.00
   31522.815     0.978125        51201        45.71
   31571.967     0.981250        51341        53.33
   31653.887     0.984375        51517        64.00
   31686.655     0.985938        51591        71.11
   31735.807     0.987500        51690        80.00
   31784.959     0.989062        51773        91.43
   31850.495     0.990625        51838       106.67
   31916.031     0.992188        51921       128.00
   31948.799     0.992969        51961       142.22
   31981.567     0.993750        51994       160.00
   32047.103     0.994531        52034       182.86
   32129.023     0.995313        52081       213.33
   32194.559     0.996094        52116       256.00
   32227.327     0.996484        52144       284.44
   32243.711     0.996875        52162       320.00
   32260.095     0.997266        52176       365.71
   32309.247     0.997656        52200       426.67
   32358.399     0.998047        52218       512.00
   32407.551     0.998242        52232       568.89
   32440.319     0.998437        52242       640.00
   32456.703     0.998633        52248       731.43
   32489.471     0.998828        52258       853.33
   32571.391     0.999023        52269      1024.00
   32587.775     0.999121        52274      1137.78
   32620.543     0.999219        52279      1280.00
   32636.927     0.999316        52284      1462.86
   32669.695     0.999414        52290      1706.67
   32718.847     0.999512        52296      2048.00
   32735.231     0.999561        52300      2275.56
   32735.231     0.999609        52300      2560.00
   32767.999     0.999658        52304      2925.71
   32767.999     0.999707        52304      3413.33
   32784.383     0.999756        52307      4096.00
   32800.767     0.999780        52308      4551.11
   32817.151     0.999805        52309      5120.00
   32833.535     0.999829        52312      5851.43
   32833.535     0.999854        52312      6826.67
   32849.919     0.999878        52313      8192.00
   32882.687     0.999890        52316      9102.22
   32882.687     0.999902        52316     10240.00
   32882.687     0.999915        52316     11702.86
   32882.687     0.999927        52316     13653.33
   32882.687     0.999939        52316     16384.00
   32899.071     0.999945        52317     18204.44
   32899.071     0.999951        52317     20480.00
   32899.071     0.999957        52317     23405.71
   32980.991     0.999963        52318     27306.67
   32980.991     0.999969        52318     32768.00
   32980.991     0.999973        52318     36408.89
   32980.991     0.999976        52318     40960.00
   32980.991     0.999979        52318     46811.43
   33030.143     0.999982        52319     54613.33
   33030.143     1.000000        52319          inf
#[Mean    =    13452.372, StdDeviation   =    14638.604]
#[Max     =    33013.760, Total count    =        52319]
#[Buckets =           27, SubBuckets     =         2048]
----------------------------------------------------------
  52973 requests in 15.00m, 459.59MB read
  Socket errors: connect 0, read 2, write 5, timeout 0
Requests/sec:     58.86
Transfer/sec:    522.90KB
