Running 15m test @ http://10.106.3.160:8080/wrk2-api/post/compose
  2 threads and 4 connections
  Thread calibration: mean lat.: 30.257ms, rate sampling interval: 89ms
  Thread calibration: mean lat.: 30.607ms, rate sampling interval: 96ms
  Thread Stats   Avg      Stdev     99%   +/- Stdev
    Latency    12.80s    13.84s   31.82s    66.51%
    Req/Sec    14.43     12.52    52.00     58.47%
  Latency Distribution (HdrHistogram - Recorded Latency)
 50.000%  541.70ms
 75.000%   27.75s 
 90.000%   29.57s 
 99.000%   31.82s 
 99.900%   33.51s 
 99.990%   33.72s 
 99.999%   33.85s 
100.000%   33.85s 

  Detailed Percentile spectrum:
       Value   Percentile   TotalCount 1/(1-Percentile)

       3.635     0.000000            1         1.00
     110.655     0.100000         2613         1.11
     178.559     0.200000         5225         1.25
     252.543     0.300000         7834         1.43
     351.999     0.400000        10447         1.67
     541.695     0.500000        13059         2.00
   22593.535     0.550000        14362         2.22
   25493.503     0.600000        15671         2.50
   26443.775     0.650000        16992         2.86
   27164.671     0.700000        18294         3.33
   27754.495     0.750000        19586         4.00
   28082.175     0.775000        20269         4.44
   28360.703     0.800000        20888         5.00
   28639.231     0.825000        21541         5.71
   28950.527     0.850000        22228         6.67
   29278.207     0.875000        22866         8.00
   29425.663     0.887500        23178         8.89
   29573.119     0.900000        23511        10.00
   29736.959     0.912500        23853        11.43
   29900.799     0.925000        24160        13.33
   30097.407     0.937500        24480        16.00
   30195.711     0.943750        24652        17.78
   30294.015     0.950000        24810        20.00
   30408.703     0.956250        24969        22.86
   30539.775     0.962500        25139        26.67
   30736.383     0.968750        25299        32.00
   30834.687     0.971875        25385        35.56
   30932.991     0.975000        25459        40.00
   31064.063     0.978125        25548        45.71
   31211.519     0.981250        25623        53.33
   31424.511     0.984375        25704        64.00
   31522.815     0.985938        25743        71.11
   31637.503     0.987500        25784        80.00
   31752.191     0.989062        25833        91.43
   31883.263     0.990625        25871       106.67
   32047.103     0.992188        25907       128.00
   32112.639     0.992969        25930       142.22
   32227.327     0.993750        25948       160.00
   32358.399     0.994531        25969       182.86
   32522.239     0.995313        25993       213.33
   32636.927     0.996094        26011       256.00
   32735.231     0.996484        26021       284.44
   32931.839     0.996875        26033       320.00
   32964.607     0.997266        26039       365.71
   33030.143     0.997656        26049       426.67
   33226.751     0.998047        26061       512.00
   33341.439     0.998242        26068       568.89
   33357.823     0.998437        26070       640.00
   33406.975     0.998633        26075       731.43
   33456.127     0.998828        26081       853.33
   33505.279     0.999023        26088      1024.00
   33505.279     0.999121        26088      1137.78
   33554.431     0.999219        26090      1280.00
   33587.199     0.999316        26095      1462.86
   33587.199     0.999414        26095      1706.67
   33619.967     0.999512        26099      2048.00
   33619.967     0.999561        26099      2275.56
   33652.735     0.999609        26104      2560.00
   33652.735     0.999658        26104      2925.71
   33652.735     0.999707        26104      3413.33
   33652.735     0.999756        26104      4096.00
   33685.503     0.999780        26106      4551.11
   33685.503     0.999805        26106      5120.00
   33685.503     0.999829        26106      5851.43
   33718.271     0.999854        26108      6826.67
   33718.271     0.999878        26108      8192.00
   33718.271     0.999890        26108      9102.22
   33718.271     0.999902        26108     10240.00
   33718.271     0.999915        26108     11702.86
   33783.807     0.999927        26109     13653.33
   33783.807     0.999939        26109     16384.00
   33783.807     0.999945        26109     18204.44
   33783.807     0.999951        26109     20480.00
   33783.807     0.999957        26109     23405.71
   33849.343     0.999963        26110     27306.67
   33849.343     1.000000        26110          inf
#[Mean    =    12796.497, StdDeviation   =    13843.505]
#[Max     =    33816.576, Total count    =        26110]
#[Buckets =           27, SubBuckets     =         2048]
----------------------------------------------------------
  26437 requests in 15.00m, 346.18MB read
  Socket errors: connect 0, read 0, write 13, timeout 0
Requests/sec:     29.37
Transfer/sec:    393.86KB
