Running 2m test @ http://10.100.86.68:8080/wrk2-api/post/compose
  2 threads and 4 connections
  Thread calibration: mean lat.: 4301.509ms, rate sampling interval: 13836ms
  Thread calibration: mean lat.: 4705.179ms, rate sampling interval: 15400ms
  Thread Stats   Avg      Stdev     99%   +/- Stdev
    Latency    47.86s    22.34s    1.74m    66.51%
    Req/Sec     6.71      4.38    14.00     78.57%
  Latency Distribution (HdrHistogram - Recorded Latency)
 50.000%   48.04s 
 75.000%   49.25s 
 90.000%    1.35m 
 99.000%    1.74m 
 99.900%    1.75m 
 99.990%    1.75m 
 99.999%    1.75m 
100.000%    1.75m 

  Detailed Percentile spectrum:
       Value   Percentile   TotalCount 1/(1-Percentile)

    8269.823     0.000000            1         1.00
   18038.783     0.100000          177         1.11
   28164.095     0.200000          351         1.25
   43122.687     0.300000          526         1.43
   47284.223     0.400000          703         1.67
   48037.887     0.500000          879         2.00
   48267.263     0.550000          965         2.22
   48496.639     0.600000         1061         2.50
   48660.479     0.650000         1151         2.86
   48889.855     0.700000         1234         3.33
   49250.303     0.750000         1323         4.00
   49414.143     0.775000         1363         4.44
   52854.783     0.800000         1403         5.00
   63504.383     0.825000         1447         5.71
   75235.327     0.850000         1492         6.67
   78512.127     0.875000         1534         8.00
   80084.991     0.887500         1556         8.89
   81199.103     0.900000         1579        10.00
   82968.575     0.912500         1601        11.43
   83820.543     0.925000         1623        13.33
   87359.487     0.937500         1644        16.00
   97714.175     0.943750         1655        17.78
   98500.607     0.950000         1667        20.00
  103415.807     0.956250         1677        22.86
  103743.487     0.962500         1688        26.67
  104333.311     0.968750         1701        32.00
  104464.383     0.971875         1711        35.56
  104464.383     0.975000         1711        40.00
  104529.919     0.978125         1720        45.71
  104595.455     0.981250         1725        53.33
  104660.991     0.984375         1737        64.00
  104660.991     0.985938         1737        71.11
  104660.991     0.987500         1737        80.00
  104660.991     0.989062         1737        91.43
  104660.991     0.990625         1737       106.67
  104726.527     0.992188         1742       128.00
  104726.527     0.992969         1742       142.22
  104792.063     0.993750         1744       160.00
  104792.063     0.994531         1744       182.86
  104857.599     0.995313         1749       213.33
  104857.599     0.996094         1749       256.00
  104857.599     0.996484         1749       284.44
  104857.599     0.996875         1749       320.00
  104857.599     0.997266         1749       365.71
  104857.599     0.997656         1749       426.67
  104923.135     0.998047         1752       512.00
  104923.135     0.998242         1752       568.89
  104923.135     0.998437         1752       640.00
  104923.135     0.998633         1752       731.43
  104923.135     0.998828         1752       853.33
  104923.135     0.999023         1752      1024.00
  104923.135     0.999121         1752      1137.78
  104923.135     0.999219         1752      1280.00
  104923.135     0.999316         1752      1462.86
  104923.135     0.999414         1752      1706.67
  104988.671     0.999512         1753      2048.00
  104988.671     1.000000         1753          inf
#[Mean    =    47858.544, StdDeviation   =    22344.503]
#[Max     =   104923.136, Total count    =         1753]
#[Buckets =           27, SubBuckets     =         2048]
----------------------------------------------------------
  1855 requests in 2.00m, 444.88KB read
  Socket errors: connect 0, read 0, write 5, timeout 60
  Non-2xx or 3xx responses: 1268
Requests/sec:     15.45
Transfer/sec:      3.71KB
