Running 2m test @ http://10.100.86.68:8080/wrk2-api/post/compose
  2 threads and 4 connections
  Thread calibration: mean lat.: 5031.197ms, rate sampling interval: 17432ms
  Thread calibration: mean lat.: 4935.146ms, rate sampling interval: 16375ms
  Thread Stats   Avg      Stdev     99%   +/- Stdev
    Latency     1.48m    32.62s    1.83m    81.07%
    Req/Sec     6.92      5.91    21.00     75.00%
  Latency Distribution (HdrHistogram - Recorded Latency)
 50.000%    1.78m 
 75.000%    1.81m 
 90.000%    1.82m 
 99.000%    1.83m 
 99.900%    1.83m 
 99.990%    1.83m 
 99.999%    1.83m 
100.000%    1.83m 

  Detailed Percentile spectrum:
       Value   Percentile   TotalCount 1/(1-Percentile)

    9297.919     0.000000            1         1.00
   21200.895     0.100000          383         1.11
   58818.559     0.200000          765         1.25
  104398.847     0.300000         1159         1.43
  106168.319     0.400000         1535         1.67
  106758.143     0.500000         1984         2.00
  106889.215     0.550000         2133         2.22
  107675.647     0.600000         2297         2.50
  108658.687     0.650000         2585         2.86
  108724.223     0.700000         2722         3.33
  108855.295     0.750000         2908         4.00
  108920.831     0.775000         3014         4.44
  108986.367     0.800000         3115         5.00
  109051.903     0.825000         3206         5.71
  109117.439     0.850000         3335         6.67
  109182.975     0.875000         3408         8.00
  109182.975     0.887500         3408         8.89
  109248.511     0.900000         3455        10.00
  109379.583     0.912500         3550        11.43
  109379.583     0.925000         3550        13.33
  109510.655     0.937500         3619        16.00
  109510.655     0.943750         3619        17.78
  109576.191     0.950000         3721        20.00
  109576.191     0.956250         3721        22.86
  109576.191     0.962500         3721        26.67
  109576.191     0.968750         3721        32.00
  109576.191     0.971875         3721        35.56
  109641.727     0.975000         3800        40.00
  109641.727     0.978125         3800        45.71
  109641.727     0.981250         3800        53.33
  109641.727     0.984375         3800        64.00
  109641.727     0.985938         3800        71.11
  109641.727     0.987500         3800        80.00
  109641.727     0.989062         3800        91.43
  109641.727     0.990625         3800       106.67
  109641.727     0.992188         3800       128.00
  109641.727     0.992969         3800       142.22
  109707.263     0.993750         3825       160.00
  109707.263     1.000000         3825          inf
#[Mean    =    88670.898, StdDeviation   =    32623.380]
#[Max     =   109641.728, Total count    =         3825]
#[Buckets =           27, SubBuckets     =         2048]
----------------------------------------------------------
  4078 requests in 2.00m, 792.50KB read
  Socket errors: connect 0, read 0, write 7, timeout 46
Requests/sec:     33.98
Transfer/sec:      6.60KB
