Running 2m test @ http://10.100.86.68:8080/wrk2-api/post/compose
  2 threads and 4 connections
  Thread calibration: mean lat.: 4725.827ms, rate sampling interval: 15319ms
  Thread calibration: mean lat.: 4443.805ms, rate sampling interval: 15302ms
  Thread Stats   Avg      Stdev     99%   +/- Stdev
    Latency     0.87m    26.17s    1.79m    67.57%
    Req/Sec    19.07     15.07    46.00     57.14%
  Latency Distribution (HdrHistogram - Recorded Latency)
 50.000%   46.96s 
 75.000%   48.53s 
 90.000%    1.69m 
 99.000%    1.79m 
 99.900%    1.79m 
 99.990%    1.79m 
 99.999%    1.79m 
100.000%    1.79m 

  Detailed Percentile spectrum:
       Value   Percentile   TotalCount 1/(1-Percentile)

    8155.135     0.000000            1         1.00
   18972.671     0.100000          465         1.11
   38961.151     0.200000          926         1.25
   45219.839     0.300000         1412         1.43
   45580.287     0.400000         1861         1.67
   46956.543     0.500000         2334         2.00
   47415.295     0.550000         2553         2.22
   47677.439     0.600000         2805         2.50
   47906.815     0.650000         3024         2.86
   48103.423     0.700000         3282         3.33
   48529.407     0.750000         3481         4.00
   51085.311     0.775000         3588         4.44
   65372.159     0.800000         3704         5.00
   93782.015     0.825000         3819         5.71
   94044.159     0.850000         3957         6.67
  100990.975     0.875000         4059         8.00
  101122.047     0.887500         4127         8.89
  101253.119     0.900000         4211        10.00
  101318.655     0.912500         4264        11.43
  101384.191     0.925000         4299        13.33
  106889.215     0.937500         4343        16.00
  107020.287     0.943750         4391        17.78
  107085.823     0.950000         4441        20.00
  107085.823     0.956250         4441        22.86
  107151.359     0.962500         4470        26.67
  107216.895     0.968750         4526        32.00
  107216.895     0.971875         4526        35.56
  107216.895     0.975000         4526        40.00
  107282.431     0.978125         4579        45.71
  107282.431     0.981250         4579        53.33
  107282.431     0.984375         4579        64.00
  107282.431     0.985938         4579        71.11
  107282.431     0.987500         4579        80.00
  107282.431     0.989062         4579        91.43
  107347.967     0.990625         4610       106.67
  107347.967     0.992188         4610       128.00
  107347.967     0.992969         4610       142.22
  107347.967     0.993750         4610       160.00
  107347.967     0.994531         4610       182.86
  107347.967     0.995313         4610       213.33
  107413.503     0.996094         4627       256.00
  107413.503     0.996484         4627       284.44
  107413.503     0.996875         4627       320.00
  107413.503     0.997266         4627       365.71
  107413.503     0.997656         4627       426.67
  107413.503     0.998047         4627       512.00
  107413.503     0.998242         4627       568.89
  107413.503     0.998437         4627       640.00
  107413.503     0.998633         4627       731.43
  107413.503     0.998828         4627       853.33
  107413.503     0.999023         4627      1024.00
  107413.503     0.999121         4627      1137.78
  107413.503     0.999219         4627      1280.00
  107413.503     0.999316         4627      1462.86
  107413.503     0.999414         4627      1706.67
  107413.503     0.999512         4627      2048.00
  107413.503     0.999561         4627      2275.56
  107479.039     0.999609         4629      2560.00
  107479.039     1.000000         4629          inf
#[Mean    =    52334.543, StdDeviation   =    26165.445]
#[Max     =   107413.504, Total count    =         4629]
#[Buckets =           27, SubBuckets     =         2048]
----------------------------------------------------------
  4889 requests in 2.00m, 0.94MB read
  Socket errors: connect 0, read 0, write 5, timeout 18
Requests/sec:     40.74
Transfer/sec:      8.05KB
