Running 15m test @ http://10.97.187.117:8080/wrk2-api/post/compose
  2 threads and 4 connections
  Thread calibration: mean lat.: 17.729ms, rate sampling interval: 49ms
  Thread calibration: mean lat.: 17.241ms, rate sampling interval: 43ms
  Thread Stats   Avg      Stdev     99%   +/- Stdev
    Latency    11.66s    22.43s    1.51m    87.86%
    Req/Sec     3.55      8.56    40.00     84.38%
  Latency Distribution (HdrHistogram - Recorded Latency)
 50.000%    1.75s 
 75.000%    5.13s 
 90.000%   46.17s 
 99.000%    1.51m 
 99.900%    1.58m 
 99.990%    1.60m 
 99.999%    1.60m 
100.000%    1.60m 

  Detailed Percentile spectrum:
       Value   Percentile   TotalCount 1/(1-Percentile)

       9.511     0.000000            1         1.00
     643.583     0.100000          654         1.11
    1000.447     0.200000         1309         1.25
    1249.279     0.300000         1961         1.43
    1480.703     0.400000         2614         1.67
    1748.991     0.500000         3268         2.00
    1933.311     0.550000         3595         2.22
    2134.015     0.600000         3920         2.50
    2457.599     0.650000         4247         2.86
    2912.255     0.700000         4574         3.33
    5132.287     0.750000         4901         4.00
   10625.023     0.775000         5064         4.44
   16457.727     0.800000         5227         5.00
   20856.831     0.825000         5390         5.71
   23035.903     0.850000         5554         6.67
   31539.199     0.875000         5717         8.00
   41418.751     0.887500         5799         8.89
   46170.111     0.900000         5880        10.00
   53149.695     0.912500         5962        11.43
   62881.791     0.925000         6044        13.33
   66584.575     0.937500         6125        16.00
   69468.159     0.943750         6166        17.78
   74055.679     0.950000         6207        20.00
   76021.759     0.956250         6250        22.86
   77463.551     0.962500         6290        26.67
   84672.511     0.968750         6329        32.00
   85721.087     0.971875         6351        35.56
   86573.055     0.975000         6370        40.00
   87883.775     0.978125         6393        45.71
   88670.207     0.981250         6411        53.33
   89456.639     0.984375         6433        64.00
   89849.855     0.985938         6444        71.11
   90243.071     0.987500         6452        80.00
   90570.751     0.989062         6463        91.43
   90832.895     0.990625         6473       106.67
   91160.575     0.992188         6482       128.00
   91357.183     0.992969         6488       142.22
   91750.399     0.993750         6493       160.00
   91947.007     0.994531         6498       182.86
   92274.687     0.995313         6504       213.33
   92733.439     0.996094         6509       256.00
   92995.583     0.996484         6511       284.44
   93126.655     0.996875         6515       320.00
   93192.191     0.997266         6516       365.71
   93323.263     0.997656         6518       426.67
   93847.551     0.998047         6521       512.00
   94044.159     0.998242         6522       568.89
   94240.767     0.998437         6523       640.00
   94437.375     0.998633         6525       731.43
   94765.055     0.998828         6526       853.33
   95158.271     0.999023         6527      1024.00
   95223.807     0.999121         6528      1137.78
   95223.807     0.999219         6528      1280.00
   95813.631     0.999316         6529      1462.86
   96010.239     0.999414         6530      1706.67
   96010.239     0.999512         6530      2048.00
   96075.775     0.999561         6531      2275.56
   96075.775     0.999609         6531      2560.00
   96075.775     0.999658         6531      2925.71
   96141.311     0.999707         6532      3413.33
   96141.311     0.999756         6532      4096.00
   96141.311     0.999780         6532      4551.11
   96141.311     0.999805         6532      5120.00
   96141.311     0.999829         6532      5851.43
   96272.383     0.999854         6533      6826.67
   96272.383     1.000000         6533          inf
#[Mean    =    11661.224, StdDeviation   =    22429.506]
#[Max     =    96206.848, Total count    =         6533]
#[Buckets =           27, SubBuckets     =         2048]
----------------------------------------------------------
  6651 requests in 15.00m, 1.36MB read
  Socket errors: connect 0, read 0, write 6, timeout 477
Requests/sec:      7.39
Transfer/sec:      1.55KB
