Running 15m test @ http://10.97.187.117:8080/wrk2-api/post/compose
  2 threads and 4 connections
  Thread calibration: mean lat.: 18.395ms, rate sampling interval: 48ms
  Thread calibration: mean lat.: 22.307ms, rate sampling interval: 57ms
  Thread Stats   Avg      Stdev     99%   +/- Stdev
    Latency     3.27m     2.62m    9.02m    55.26%
    Req/Sec     6.54     11.27    42.00     82.36%
  Latency Distribution (HdrHistogram - Recorded Latency)
 50.000%    2.99m 
 75.000%    5.45m 
 90.000%    6.97m 
 99.000%    9.02m 
 99.900%    9.59m 
 99.990%    9.67m 
 99.999%    9.68m 
100.000%    9.68m 

  Detailed Percentile spectrum:
       Value   Percentile   TotalCount 1/(1-Percentile)

       2.421     0.000000            1         1.00
      66.559     0.100000         1178         1.11
   21118.975     0.200000         2356         1.25
   72024.063     0.300000         3536         1.43
  125304.831     0.400000         4712         1.67
  179306.495     0.500000         5894         2.00
  208535.551     0.550000         6477         2.22
  238419.967     0.600000         7067         2.50
  268697.599     0.650000         7661         2.86
  297795.583     0.700000         8244         3.33
  327155.711     0.750000         8833         4.00
  343670.783     0.775000         9132         4.44
  358875.135     0.800000         9423         5.00
  375914.495     0.825000         9723         5.71
  389808.127     0.850000        10010         6.67
  404750.335     0.875000        10312         8.00
  411303.935     0.887500        10456         8.89
  418381.823     0.900000        10600        10.00
  426508.287     0.912500        10746        11.43
  435945.471     0.925000        10897        13.33
  442499.071     0.937500        11041        16.00
  445906.943     0.943750        11116        17.78
  449839.103     0.950000        11193        20.00
  456130.559     0.956250        11261        22.86
  463994.879     0.962500        11339        26.67
  474742.783     0.968750        11409        32.00
  478412.799     0.971875        11445        35.56
  484704.255     0.975000        11483        40.00
  493617.151     0.978125        11519        45.71
  507248.639     0.981250        11556        53.33
  518520.831     0.984375        11592        64.00
  525860.863     0.985938        11612        71.11
  532152.319     0.987500        11629        80.00
  537919.487     0.989062        11648        91.43
  543162.367     0.990625        11667       106.67
  548929.535     0.992188        11684       128.00
  552599.551     0.992969        11695       142.22
  554696.703     0.993750        11703       160.00
  557842.431     0.994531        11713       182.86
  560988.159     0.995313        11721       213.33
  563609.599     0.996094        11730       256.00
  566755.327     0.996484        11736       284.44
  568328.191     0.996875        11742       320.00
  568852.479     0.997266        11746       365.71
  569901.055     0.997656        11750       426.67
  570949.631     0.998047        11753       512.00
  572522.495     0.998242        11758       568.89
  572522.495     0.998437        11758       640.00
  573571.071     0.998633        11760       731.43
  575143.935     0.998828        11763       853.33
  575668.223     0.999023        11765      1024.00
  576192.511     0.999121        11767      1137.78
  576192.511     0.999219        11767      1280.00
  576716.799     0.999316        11768      1462.86
  577765.375     0.999414        11770      1706.67
  578289.663     0.999512        11771      2048.00
  578289.663     0.999561        11771      2275.56
  578813.951     0.999609        11772      2560.00
  578813.951     0.999658        11772      2925.71
  579338.239     0.999707        11773      3413.33
  579862.527     0.999756        11774      4096.00
  579862.527     0.999780        11774      4551.11
  579862.527     0.999805        11774      5120.00
  579862.527     0.999829        11774      5851.43
  580386.815     0.999854        11775      6826.67
  580386.815     0.999878        11775      8192.00
  580386.815     0.999890        11775      9102.22
  580386.815     0.999902        11775     10240.00
  580386.815     0.999915        11775     11702.86
  580911.103     0.999927        11776     13653.33
  580911.103     1.000000        11776          inf
#[Mean    =   196237.464, StdDeviation   =   156908.978]
#[Max     =   580386.816, Total count    =        11776]
#[Buckets =           27, SubBuckets     =         2048]
----------------------------------------------------------
  12101 requests in 15.00m, 156.73MB read
  Socket errors: connect 0, read 0, write 9, timeout 25
Requests/sec:     13.44
Transfer/sec:    178.30KB
