Running 15m test @ http://10.111.83.3:8080/wrk2-api/post/compose
  2 threads and 4 connections
  Thread calibration: mean lat.: 821.862ms, rate sampling interval: 3231ms
  Thread calibration: mean lat.: 3384.588ms, rate sampling interval: 11673ms
  Thread Stats   Avg      Stdev     99%   +/- Stdev
    Latency     0.90m    21.06s    1.56m    61.76%
    Req/Sec     4.15      1.39     7.00     92.88%
  Latency Distribution (HdrHistogram - Recorded Latency)
 50.000%    0.89m 
 75.000%    1.08m 
 90.000%    1.41m 
 99.000%    1.56m 
 99.900%    1.59m 
 99.990%    1.61m 
 99.999%    1.61m 
100.000%    1.61m 

  Detailed Percentile spectrum:
       Value   Percentile   TotalCount 1/(1-Percentile)

      13.079     0.000000            1         1.00
   30998.527     0.100000          832         1.11
   36044.799     0.200000         1663         1.25
   43745.279     0.300000         2495         1.43
   49971.199     0.400000         3327         1.67
   53542.911     0.500000         4163         2.00
   55181.311     0.550000         4580         2.22
   56786.943     0.600000         4991         2.50
   58654.719     0.650000         5409         2.86
   60555.263     0.700000         5821         3.33
   64847.871     0.750000         6236         4.00
   76349.439     0.775000         6445         4.44
   78381.055     0.800000         6657         5.00
   79888.383     0.825000         6864         5.71
   81199.103     0.850000         7068         6.67
   83099.647     0.875000         7281         8.00
   83886.079     0.887500         7387         8.89
   84606.975     0.900000         7488        10.00
   85262.335     0.912500         7587        11.43
   86048.767     0.925000         7695        13.33
   87097.343     0.937500         7796        16.00
   87621.631     0.943750         7856        17.78
   88080.383     0.950000         7899        20.00
   89063.423     0.956250         7952        22.86
   90046.463     0.962500         8006        26.67
   90767.359     0.968750         8058        32.00
   91357.183     0.971875         8083        35.56
   91815.935     0.975000         8114        40.00
   92078.079     0.978125         8138        45.71
   92340.223     0.981250         8164        53.33
   92602.367     0.984375         8186        64.00
   92864.511     0.985938         8202        71.11
   93061.119     0.987500         8213        80.00
   93192.191     0.989062         8224        91.43
   93650.943     0.990625         8241       106.67
   93847.551     0.992188         8251       128.00
   93978.623     0.992969         8258       142.22
   94240.767     0.993750         8266       160.00
   94371.839     0.994531         8269       182.86
   94568.447     0.995313         8276       213.33
   94699.519     0.996094         8283       256.00
   94765.055     0.996484         8286       284.44
   94830.591     0.996875         8291       320.00
   94896.127     0.997266         8294       365.71
   94961.663     0.997656         8295       426.67
   95158.271     0.998047         8298       512.00
   95289.343     0.998242         8300       568.89
   95354.879     0.998437         8303       640.00
   95354.879     0.998633         8303       731.43
   95551.487     0.998828         8307       853.33
   95551.487     0.999023         8307      1024.00
   95551.487     0.999121         8307      1137.78
   95617.023     0.999219         8308      1280.00
   95813.631     0.999316         8310      1462.86
   95813.631     0.999414         8310      1706.67
   95813.631     0.999512         8310      2048.00
   96075.775     0.999561         8311      2275.56
   96075.775     0.999609         8311      2560.00
   96403.455     0.999658         8312      2925.71
   96403.455     0.999707         8312      3413.33
   96403.455     0.999756         8312      4096.00
   96468.991     0.999780         8313      4551.11
   96468.991     0.999805         8313      5120.00
   96468.991     0.999829         8313      5851.43
   96468.991     0.999854         8313      6826.67
   96468.991     0.999878         8313      8192.00
   96796.671     0.999890         8314      9102.22
   96796.671     1.000000         8314          inf
#[Mean    =    54199.451, StdDeviation   =    21056.896]
#[Max     =    96731.136, Total count    =         8314]
#[Buckets =           27, SubBuckets     =         2048]
----------------------------------------------------------
  8393 requests in 15.00m, 1.72MB read
  Socket errors: connect 0, read 0, write 5, timeout 26
Requests/sec:      9.32
Transfer/sec:      1.96KB
