Running 15m test @ http://10.111.83.3:8080/wrk2-api/post/compose
  2 threads and 4 connections
  Thread calibration: mean lat.: 4586.043ms, rate sampling interval: 15245ms
  Thread calibration: mean lat.: 3175.018ms, rate sampling interval: 10534ms
  Thread Stats   Avg      Stdev     99%   +/- Stdev
    Latency     1.41m    29.59s    1.87m    73.02%
    Req/Sec    26.91      7.45    33.00     88.73%
  Latency Distribution (HdrHistogram - Recorded Latency)
 50.000%    1.67m 
 75.000%    1.74m 
 90.000%    1.80m 
 99.000%    1.87m 
 99.900%    1.89m 
 99.990%    1.90m 
 99.999%    1.90m 
100.000%    1.90m 

  Detailed Percentile spectrum:
       Value   Percentile   TotalCount 1/(1-Percentile)

    5554.175     0.000000            1         1.00
   36339.711     0.100000         4941         1.11
   37978.111     0.200000         9747         1.25
   94044.159     0.300000        14630         1.43
   98500.607     0.400000        19594         1.67
  100204.543     0.500000        24333         2.00
  100990.975     0.550000        26893         2.22
  101646.335     0.600000        29402         2.50
  102236.159     0.650000        31636         2.86
  103350.271     0.700000        34168         3.33
  104136.703     0.750000        36454         4.00
  104595.455     0.775000        37720         4.44
  105185.279     0.800000        38985         5.00
  105906.175     0.825000        40192         5.71
  106430.463     0.850000        41336         6.67
  107347.967     0.875000        42511         8.00
  107872.255     0.887500        43195         8.89
  108199.935     0.900000        43767        10.00
  108593.151     0.912500        44383        11.43
  108986.367     0.925000        44935        13.33
  109510.655     0.937500        45565        16.00
  109838.335     0.943750        45869        17.78
  110100.479     0.950000        46181        20.00
  110428.159     0.956250        46513        22.86
  110821.375     0.962500        46800        26.67
  111280.127     0.968750        47062        32.00
  111411.199     0.971875        47222        35.56
  111542.271     0.975000        47383        40.00
  111738.879     0.978125        47569        45.71
  111869.951     0.981250        47723        53.33
  112001.023     0.984375        47856        64.00
  112066.559     0.985938        47906        71.11
  112197.631     0.987500        48023        80.00
  112263.167     0.989062        48076        91.43
  112328.703     0.990625        48131       106.67
  112459.775     0.992188        48232       128.00
  112525.311     0.992969        48277       142.22
  112525.311     0.993750        48277       160.00
  112590.847     0.994531        48337       182.86
  112656.383     0.995313        48369       213.33
  112721.919     0.996094        48393       256.00
  112787.455     0.996484        48409       284.44
  112852.991     0.996875        48430       320.00
  112918.527     0.997266        48450       365.71
  112984.063     0.997656        48468       426.67
  113180.671     0.998047        48490       512.00
  113246.207     0.998242        48505       568.89
  113246.207     0.998437        48505       640.00
  113311.743     0.998633        48529       731.43
  113311.743     0.998828        48529       853.33
  113377.279     0.999023        48542      1024.00
  113377.279     0.999121        48542      1137.78
  113377.279     0.999219        48542      1280.00
  113442.815     0.999316        48546      1462.86
  113508.351     0.999414        48556      1706.67
  113508.351     0.999512        48556      2048.00
  113508.351     0.999561        48556      2275.56
  113573.887     0.999609        48561      2560.00
  113573.887     0.999658        48561      2925.71
  113639.423     0.999707        48567      3413.33
  113639.423     0.999756        48567      4096.00
  113639.423     0.999780        48567      4551.11
  113704.959     0.999805        48573      5120.00
  113704.959     0.999829        48573      5851.43
  113704.959     0.999854        48573      6826.67
  113704.959     0.999878        48573      8192.00
  113704.959     0.999890        48573      9102.22
  113704.959     0.999902        48573     10240.00
  113704.959     0.999915        48573     11702.86
  113770.495     0.999927        48577     13653.33
  113770.495     1.000000        48577          inf
#[Mean    =    84637.668, StdDeviation   =    29591.357]
#[Max     =   113704.960, Total count    =        48577]
#[Buckets =           27, SubBuckets     =         2048]
----------------------------------------------------------
  48706 requests in 15.00m, 418.07MB read
  Socket errors: connect 0, read 0, write 4, timeout 24
  Non-2xx or 3xx responses: 1
Requests/sec:     54.11
Transfer/sec:    475.65KB
