Running 15m test @ http://10.111.83.3:8080/wrk2-api/post/compose
  2 threads and 4 connections
  Thread calibration: mean lat.: 4824.496ms, rate sampling interval: 14671ms
  Thread calibration: mean lat.: 3282.414ms, rate sampling interval: 10952ms
  Thread Stats   Avg      Stdev     99%   +/- Stdev
    Latency     1.37m    24.79s    1.75m    72.92%
    Req/Sec    13.20      3.71    17.00     90.07%
  Latency Distribution (HdrHistogram - Recorded Latency)
 50.000%    1.60m 
 75.000%    1.64m 
 90.000%    1.68m 
 99.000%    1.75m 
 99.900%    1.78m 
 99.990%    1.78m 
 99.999%    1.78m 
100.000%    1.78m 

  Detailed Percentile spectrum:
       Value   Percentile   TotalCount 1/(1-Percentile)

    5971.967     0.000000            1         1.00
   41779.199     0.100000         2476         1.11
   44072.959     0.200000         4875         1.25
   91553.791     0.300000         7321         1.43
   94306.303     0.400000         9754         1.67
   95748.095     0.500000        12244         2.00
   96337.919     0.550000        13440         2.22
   97058.815     0.600000        14654         2.50
   97714.175     0.650000        15875         2.86
   98238.463     0.700000        17141         3.33
   98697.215     0.750000        18347         4.00
   98893.823     0.775000        18868         4.44
   99155.967     0.800000        19486         5.00
   99418.111     0.825000        20054         5.71
   99745.791     0.850000        20666         6.67
  100139.007     0.875000        21337         8.00
  100335.615     0.887500        21621         8.89
  100532.223     0.900000        21898        10.00
  100794.367     0.912500        22229        11.43
  101122.047     0.925000        22495        13.33
  101646.335     0.937500        22794        16.00
  101908.479     0.943750        22936        17.78
  102236.159     0.950000        23108        20.00
  102563.839     0.956250        23233        22.86
  103022.591     0.962500        23397        26.67
  103350.271     0.968750        23575        32.00
  103415.807     0.971875        23617        35.56
  103612.415     0.975000        23692        40.00
  103874.559     0.978125        23778        45.71
  104136.703     0.981250        23847        53.33
  104529.919     0.984375        23916        64.00
  104660.991     0.985938        23962        71.11
  104792.063     0.987500        24013        80.00
  104857.599     0.989062        24037        91.43
  104988.671     0.990625        24075       106.67
  105119.743     0.992188        24107       128.00
  105185.279     0.992969        24124       142.22
  105316.351     0.993750        24148       160.00
  105447.423     0.994531        24170       182.86
  105512.959     0.995313        24179       213.33
  105644.031     0.996094        24211       256.00
  105644.031     0.996484        24211       284.44
  105709.567     0.996875        24221       320.00
  105775.103     0.997266        24231       365.71
  105906.175     0.997656        24238       426.67
  106102.783     0.998047        24245       512.00
  106364.927     0.998242        24251       568.89
  106495.999     0.998437        24255       640.00
  106627.071     0.998633        24264       731.43
  106627.071     0.998828        24264       853.33
  106692.607     0.999023        24269      1024.00
  106823.679     0.999121        24276      1137.78
  106823.679     0.999219        24276      1280.00
  106823.679     0.999316        24276      1462.86
  106889.215     0.999414        24279      1706.67
  106954.751     0.999512        24282      2048.00
  106954.751     0.999561        24282      2275.56
  107020.287     0.999609        24285      2560.00
  107020.287     0.999658        24285      2925.71
  107020.287     0.999707        24285      3413.33
  107085.823     0.999756        24292      4096.00
  107085.823     1.000000        24292          inf
#[Mean    =    82291.890, StdDeviation   =    24790.078]
#[Max     =   107020.288, Total count    =        24292]
#[Buckets =           27, SubBuckets     =         2048]
----------------------------------------------------------
  24359 requests in 15.00m, 301.29MB read
  Socket errors: connect 0, read 0, write 4, timeout 0
Requests/sec:     27.06
Transfer/sec:    342.79KB
