Running 15m test @ http://10.110.89.181:8080/wrk2-api/post/compose
  2 threads and 4 connections
  Thread calibration: mean lat.: 595.457ms, rate sampling interval: 2564ms
  Thread calibration: mean lat.: 754.697ms, rate sampling interval: 4163ms
  Thread Stats   Avg      Stdev     99%   +/- Stdev
    Latency    42.05s    17.60s    1.32m    72.20%
    Req/Sec     4.30      1.48     7.00     89.29%
  Latency Distribution (HdrHistogram - Recorded Latency)
 50.000%   37.22s 
 75.000%   43.84s 
 90.000%    1.19m 
 99.000%    1.32m 
 99.900%    1.36m 
 99.990%    1.37m 
 99.999%    1.37m 
100.000%    1.37m 

  Detailed Percentile spectrum:
       Value   Percentile   TotalCount 1/(1-Percentile)

      24.207     0.000000            1         1.00
   28999.679     0.100000          842         1.11
   31752.191     0.200000         1682         1.25
   33652.735     0.300000         2523         1.43
   35618.815     0.400000         3365         1.67
   37224.447     0.500000         4212         2.00
   38174.719     0.550000         4628         2.22
   39124.991     0.600000         5055         2.50
   40370.175     0.650000         5465         2.86
   42139.647     0.700000         5896         3.33
   43843.583     0.750000         6305         4.00
   60391.423     0.775000         6518         4.44
   65339.391     0.800000         6724         5.00
   67108.863     0.825000         6939         5.71
   68485.119     0.850000         7145         6.67
   69664.767     0.875000         7359         8.00
   70320.127     0.887500         7461         8.89
   71106.559     0.900000         7570        10.00
   71761.919     0.912500         7674        11.43
   72351.743     0.925000         7779        13.33
   73072.639     0.937500         7890        16.00
   73400.319     0.943750         7933        17.78
   73859.071     0.950000         7992        20.00
   74383.359     0.956250         8041        22.86
   75235.327     0.962500         8095        26.67
   76021.759     0.968750         8146        32.00
   76480.511     0.971875         8177        35.56
   76808.191     0.975000         8197        40.00
   77201.407     0.978125         8228        45.71
   77594.623     0.981250         8250        53.33
   77922.303     0.984375         8276        64.00
   78118.911     0.985938         8288        71.11
   78577.663     0.987500         8303        80.00
   79036.415     0.989062         8314        91.43
   79691.775     0.990625         8328       106.67
   80084.991     0.992188         8343       128.00
   80216.063     0.992969         8347       142.22
   80412.671     0.993750         8354       160.00
   80543.743     0.994531         8361       182.86
   80805.887     0.995313         8369       213.33
   80871.423     0.996094         8374       256.00
   81002.495     0.996484         8379       284.44
   81002.495     0.996875         8379       320.00
   81068.031     0.997266         8384       365.71
   81133.567     0.997656         8388       426.67
   81264.639     0.998047         8393       512.00
   81264.639     0.998242         8393       568.89
   81264.639     0.998437         8393       640.00
   81395.711     0.998633         8394       731.43
   81461.247     0.998828         8396       853.33
   81526.783     0.999023         8398      1024.00
   81526.783     0.999121         8398      1137.78
   81592.319     0.999219         8400      1280.00
   81592.319     0.999316         8400      1462.86
   81854.463     0.999414         8403      1706.67
   81854.463     0.999512         8403      2048.00
   81854.463     0.999561         8403      2275.56
   81854.463     0.999609         8403      2560.00
   81854.463     0.999658         8403      2925.71
   81854.463     0.999707         8403      3413.33
   81854.463     0.999756         8403      4096.00
   81919.999     0.999780         8404      4551.11
   81919.999     0.999805         8404      5120.00
   81919.999     0.999829         8404      5851.43
   81919.999     0.999854         8404      6826.67
   81919.999     0.999878         8404      8192.00
   82182.143     0.999890         8405      9102.22
   82182.143     1.000000         8405          inf
#[Mean    =    42049.562, StdDeviation   =    17602.071]
#[Max     =    82116.608, Total count    =         8405]
#[Buckets =           27, SubBuckets     =         2048]
----------------------------------------------------------
  8520 requests in 15.00m, 1.75MB read
  Socket errors: connect 0, read 0, write 5, timeout 19
Requests/sec:      9.46
Transfer/sec:      1.99KB
