Running 15m test @ http://10.110.89.181:8080/wrk2-api/post/compose
  2 threads and 4 connections
  Thread calibration: mean lat.: 4272.859ms, rate sampling interval: 13713ms
  Thread calibration: mean lat.: 4173.096ms, rate sampling interval: 12795ms
  Thread Stats   Avg      Stdev     99%   +/- Stdev
    Latency     1.40m    27.93s    1.83m    73.31%
    Req/Sec    26.71      7.90    33.00     88.72%
  Latency Distribution (HdrHistogram - Recorded Latency)
 50.000%    1.65m 
 75.000%    1.71m 
 90.000%    1.76m 
 99.000%    1.83m 
 99.900%    1.84m 
 99.990%    1.85m 
 99.999%    1.85m 
100.000%    1.85m 

  Detailed Percentile spectrum:
       Value   Percentile   TotalCount 1/(1-Percentile)

    6508.543     0.000000            1         1.00
   38141.951     0.100000         4939         1.11
   40206.335     0.200000         9710         1.25
   94175.231     0.300000        14572         1.43
   97058.815     0.400000        19610         1.67
   98893.823     0.500000        24446         2.00
   99680.255     0.550000        26830         2.22
  100466.687     0.600000        29171         2.50
  101318.655     0.650000        31584         2.86
  101974.015     0.700000        34091         3.33
  102629.375     0.750000        36584         4.00
  102891.519     0.775000        37688         4.44
  103153.663     0.800000        38846         5.00
  103546.879     0.825000        40092         5.71
  104136.703     0.850000        41369         6.67
  104726.527     0.875000        42486         8.00
  105054.207     0.887500        43137         8.89
  105447.423     0.900000        43727        10.00
  105906.175     0.912500        44392        11.43
  106364.927     0.925000        44921        13.33
  106954.751     0.937500        45526        16.00
  107151.359     0.943750        45833        17.78
  107347.967     0.950000        46134        20.00
  107610.111     0.956250        46486        22.86
  107937.791     0.962500        46753        26.67
  108396.543     0.968750        47046        32.00
  108724.223     0.971875        47182        35.56
  109182.975     0.975000        47352        40.00
  109379.583     0.978125        47502        45.71
  109576.191     0.981250        47692        53.33
  109707.263     0.984375        47835        64.00
  109772.799     0.985938        47895        71.11
  109838.335     0.987500        47946        80.00
  109969.407     0.989062        48071        91.43
  110034.943     0.990625        48121       106.67
  110100.479     0.992188        48182       128.00
  110166.015     0.992969        48229       142.22
  110231.551     0.993750        48293       160.00
  110231.551     0.994531        48293       182.86
  110297.087     0.995313        48355       213.33
  110362.623     0.996094        48392       256.00
  110362.623     0.996484        48392       284.44
  110428.159     0.996875        48424       320.00
  110428.159     0.997266        48424       365.71
  110493.695     0.997656        48452       426.67
  110493.695     0.998047        48452       512.00
  110559.231     0.998242        48478       568.89
  110559.231     0.998437        48478       640.00
  110624.767     0.998633        48493       731.43
  110624.767     0.998828        48493       853.33
  110690.303     0.999023        48511      1024.00
  110690.303     0.999121        48511      1137.78
  110690.303     0.999219        48511      1280.00
  110755.839     0.999316        48525      1462.86
  110755.839     0.999414        48525      1706.67
  110755.839     0.999512        48525      2048.00
  110755.839     0.999561        48525      2275.56
  110821.375     0.999609        48538      2560.00
  110821.375     0.999658        48538      2925.71
  110821.375     0.999707        48538      3413.33
  110821.375     0.999756        48538      4096.00
  110821.375     0.999780        48538      4551.11
  110821.375     0.999805        48538      5120.00
  110821.375     0.999829        48538      5851.43
  110886.911     0.999854        48542      6826.67
  110886.911     0.999878        48542      8192.00
  110886.911     0.999890        48542      9102.22
  110886.911     0.999902        48542     10240.00
  110886.911     0.999915        48542     11702.86
  111149.055     0.999927        48544     13653.33
  111149.055     0.999939        48544     16384.00
  111149.055     0.999945        48544     18204.44
  111149.055     0.999951        48544     20480.00
  111149.055     0.999957        48544     23405.71
  111214.591     0.999963        48546     27306.67
  111214.591     1.000000        48546          inf
#[Mean    =    84207.139, StdDeviation   =    27925.294]
#[Max     =   111149.056, Total count    =        48546]
#[Buckets =           27, SubBuckets     =         2048]
----------------------------------------------------------
  48741 requests in 15.00m, 425.56MB read
  Socket errors: connect 0, read 0, write 6, timeout 3
Requests/sec:     54.15
Transfer/sec:    484.18KB
