Running 15m test @ http://10.110.89.181:8080/wrk2-api/post/compose
  2 threads and 4 connections
  Thread calibration: mean lat.: 4682.905ms, rate sampling interval: 14516ms
  Thread calibration: mean lat.: 3571.609ms, rate sampling interval: 10919ms
  Thread Stats   Avg      Stdev     99%   +/- Stdev
    Latency     1.62m     9.47s    1.83m    86.82%
    Req/Sec    12.94      4.30    17.00     88.73%
  Latency Distribution (HdrHistogram - Recorded Latency)
 50.000%    1.63m 
 75.000%    1.69m 
 90.000%    1.76m 
 99.000%    1.83m 
 99.900%    1.86m 
 99.990%    1.88m 
 99.999%    1.88m 
100.000%    1.88m 

  Detailed Percentile spectrum:
       Value   Percentile   TotalCount 1/(1-Percentile)

    7888.895     0.000000            1         1.00
   89522.175     0.100000         2406         1.11
   93782.015     0.200000         4832         1.25
   95420.415     0.300000         7275         1.43
   96665.599     0.400000         9583         1.67
   97779.711     0.500000        11973         2.00
   98435.071     0.550000        13244         2.22
   99024.895     0.600000        14389         2.50
   99745.791     0.650000        15591         2.86
  100532.223     0.700000        16754         3.33
  101318.655     0.750000        17953         4.00
  101777.407     0.775000        18553         4.44
  102694.911     0.800000        19153         5.00
  103481.343     0.825000        19735         5.71
  104267.775     0.850000        20310         6.67
  104988.671     0.875000        20944         8.00
  105316.351     0.887500        21278         8.89
  105578.495     0.900000        21536        10.00
  105906.175     0.912500        21801        11.43
  106364.927     0.925000        22102        13.33
  107020.287     0.937500        22417        16.00
  107282.431     0.943750        22573        17.78
  107544.575     0.950000        22720        20.00
  107806.719     0.956250        22860        22.86
  108134.399     0.962500        23025        26.67
  108396.543     0.968750        23154        32.00
  108527.615     0.971875        23228        35.56
  108658.687     0.975000        23305        40.00
  108855.295     0.978125        23380        45.71
  108986.367     0.981250        23457        53.33
  109182.975     0.984375        23518        64.00
  109314.047     0.985938        23575        71.11
  109379.583     0.987500        23604        80.00
  109510.655     0.989062        23649        91.43
  109576.191     0.990625        23671       106.67
  109707.263     0.992188        23716       128.00
  109772.799     0.992969        23724       142.22
  109903.871     0.993750        23750       160.00
  110034.943     0.994531        23766       182.86
  110166.015     0.995313        23788       213.33
  110362.623     0.996094        23803       256.00
  110493.695     0.996484        23817       284.44
  110493.695     0.996875        23817       320.00
  110690.303     0.997266        23828       365.71
  110886.911     0.997656        23844       426.67
  110952.447     0.998047        23850       512.00
  110952.447     0.998242        23850       568.89
  111083.519     0.998437        23855       640.00
  111149.055     0.998633        23859       731.43
  111280.127     0.998828        23864       853.33
  111542.271     0.999023        23868      1024.00
  111607.807     0.999121        23871      1137.78
  111804.415     0.999219        23874      1280.00
  111869.951     0.999316        23877      1462.86
  111935.487     0.999414        23879      1706.67
  112001.023     0.999512        23881      2048.00
  112001.023     0.999561        23881      2275.56
  112066.559     0.999609        23883      2560.00
  112066.559     0.999658        23883      2925.71
  112197.631     0.999707        23885      3413.33
  112525.311     0.999756        23887      4096.00
  112525.311     0.999780        23887      4551.11
  112525.311     0.999805        23887      5120.00
  112525.311     0.999829        23887      5851.43
  112590.847     0.999854        23888      6826.67
  112656.383     0.999878        23889      8192.00
  112656.383     0.999890        23889      9102.22
  112656.383     0.999902        23889     10240.00
  112656.383     0.999915        23889     11702.86
  112721.919     0.999927        23890     13653.33
  112721.919     0.999939        23890     16384.00
  112721.919     0.999945        23890     18204.44
  112721.919     0.999951        23890     20480.00
  112721.919     0.999957        23890     23405.71
  112984.063     0.999963        23891     27306.67
  112984.063     1.000000        23891          inf
#[Mean    =    97082.215, StdDeviation   =     9470.390]
#[Max     =   112918.528, Total count    =        23891]
#[Buckets =           27, SubBuckets     =         2048]
----------------------------------------------------------
  23933 requests in 15.00m, 295.70MB read
  Socket errors: connect 0, read 0, write 4, timeout 0
Requests/sec:     26.59
Transfer/sec:    336.43KB
