Running 15m test @ http://10.108.135.216:8080/wrk2-api/post/compose
  2 threads and 4 connections
  Thread calibration: mean lat.: 2061.544ms, rate sampling interval: 6885ms
  Thread calibration: mean lat.: 1550.599ms, rate sampling interval: 6090ms
  Thread Stats   Avg      Stdev     99%   +/- Stdev
    Latency    44.15s    16.42s    1.19m    76.99%
    Req/Sec     3.20      1.56     6.00     89.09%
  Latency Distribution (HdrHistogram - Recorded Latency)
 50.000%   46.01s 
 75.000%    0.93m 
 90.000%    1.04m 
 99.000%    1.19m 
 99.900%    1.24m 
 99.990%    1.25m 
 99.999%    1.25m 
100.000%    1.25m 

  Detailed Percentile spectrum:
       Value   Percentile   TotalCount 1/(1-Percentile)

      16.479     0.000000            1         1.00
   31277.055     0.100000          647         1.11
   35979.263     0.200000         1298         1.25
   38240.255     0.300000         1941         1.43
   42598.399     0.400000         2585         1.67
   46006.271     0.500000         3230         2.00
   47284.223     0.550000         3559         2.22
   48693.247     0.600000         3876         2.50
   50528.255     0.650000         4199         2.86
   53477.375     0.700000         4523         3.33
   55934.975     0.750000         4849         4.00
   57212.927     0.775000         5012         4.44
   58261.503     0.800000         5171         5.00
   59211.775     0.825000         5333         5.71
   60227.583     0.850000         5491         6.67
   61210.623     0.875000         5656         8.00
   61636.607     0.887500         5734         8.89
   62160.895     0.900000         5816        10.00
   62750.719     0.912500         5900        11.43
   63340.543     0.925000         5976        13.33
   64028.671     0.937500         6059        16.00
   64520.191     0.943750         6096        17.78
   65110.015     0.950000         6137        20.00
   65961.983     0.956250         6177        22.86
   66682.879     0.962500         6218        26.67
   67436.543     0.968750         6258        32.00
   67633.151     0.971875         6278        35.56
   67960.831     0.975000         6300        40.00
   68288.511     0.978125         6318        45.71
   68747.263     0.981250         6340        53.33
   69533.695     0.984375         6360        64.00
   69992.447     0.985938         6371        71.11
   70516.735     0.987500         6379        80.00
   70844.415     0.989062         6389        91.43
   71434.239     0.990625         6399       106.67
   71696.383     0.992188         6409       128.00
   71892.991     0.992969         6414       142.22
   72089.599     0.993750         6419       160.00
   72351.743     0.994531         6424       182.86
   72548.351     0.995313         6429       213.33
   72810.495     0.996094         6435       256.00
   72876.031     0.996484         6437       284.44
   73007.103     0.996875         6440       320.00
   73400.319     0.997266         6442       365.71
   73531.391     0.997656         6444       426.67
   73859.071     0.998047         6449       512.00
   73859.071     0.998242         6449       568.89
   73859.071     0.998437         6449       640.00
   74055.679     0.998633         6451       731.43
   74121.215     0.998828         6452       853.33
   74252.287     0.999023         6453      1024.00
   74383.359     0.999121         6454      1137.78
   74383.359     0.999219         6454      1280.00
   74514.431     0.999316         6456      1462.86
   74514.431     0.999414         6456      1706.67
   74514.431     0.999512         6456      2048.00
   74776.575     0.999561         6458      2275.56
   74776.575     0.999609         6458      2560.00
   74776.575     0.999658         6458      2925.71
   74776.575     0.999707         6458      3413.33
   74776.575     0.999756         6458      4096.00
   74776.575     0.999780         6458      4551.11
   74776.575     0.999805         6458      5120.00
   74776.575     0.999829         6458      5851.43
   74973.183     0.999854         6459      6826.67
   74973.183     1.000000         6459          inf
#[Mean    =    44145.726, StdDeviation   =    16424.351]
#[Max     =    74907.648, Total count    =         6459]
#[Buckets =           27, SubBuckets     =         2048]
----------------------------------------------------------
  6561 requests in 15.00m, 1.35MB read
  Socket errors: connect 0, read 0, write 4, timeout 397
Requests/sec:      7.29
Transfer/sec:      1.53KB
