Running 15m test @ http://10.108.135.216:8080/wrk2-api/post/compose
  2 threads and 4 connections
  Thread calibration: mean lat.: 4102.325ms, rate sampling interval: 12771ms
  Thread calibration: mean lat.: 4791.176ms, rate sampling interval: 15269ms
  Thread Stats   Avg      Stdev     99%   +/- Stdev
    Latency     1.43m    25.33s    1.81m    73.02%
    Req/Sec    26.74      7.88    33.00     88.98%
  Latency Distribution (HdrHistogram - Recorded Latency)
 50.000%    1.65m 
 75.000%    1.70m 
 90.000%    1.74m 
 99.000%    1.81m 
 99.900%    1.84m 
 99.990%    1.85m 
 99.999%    1.85m 
100.000%    1.85m 

  Detailed Percentile spectrum:
       Value   Percentile   TotalCount 1/(1-Percentile)

    6520.831     0.000000            1         1.00
   44433.407     0.100000         4877         1.11
   46268.415     0.200000         9795         1.25
   96010.239     0.300000        14643         1.43
   98303.999     0.400000        19429         1.67
   99287.039     0.500000        24527         2.00
   99680.255     0.550000        26705         2.22
  100270.079     0.600000        29377         2.50
  100859.903     0.650000        31581         2.86
  101515.263     0.700000        34213         3.33
  102236.159     0.750000        36459         4.00
  102629.375     0.775000        37608         4.44
  103022.591     0.800000        38841         5.00
  103415.807     0.825000        40283         5.71
  103677.951     0.850000        41285         6.67
  104071.167     0.875000        42510         8.00
  104267.775     0.887500        43156         8.89
  104464.383     0.900000        43811        10.00
  104660.991     0.912500        44415        11.43
  104857.599     0.925000        44999        13.33
  105119.743     0.937500        45644        16.00
  105250.815     0.943750        45891        17.78
  105381.887     0.950000        46118        20.00
  105578.495     0.956250        46428        22.86
  105840.639     0.962500        46716        26.67
  106168.319     0.968750        47011        32.00
  106495.999     0.971875        47167        35.56
  106954.751     0.975000        47337        40.00
  107347.967     0.978125        47466        45.71
  107806.719     0.981250        47634        53.33
  108003.327     0.984375        47770        64.00
  108134.399     0.985938        47860        71.11
  108265.471     0.987500        47944        80.00
  108396.543     0.989062        48013        91.43
  108527.615     0.990625        48073       106.67
  109117.439     0.992188        48148       128.00
  109379.583     0.992969        48190       142.22
  109576.191     0.993750        48231       160.00
  109838.335     0.994531        48269       182.86
  110034.943     0.995313        48302       213.33
  110166.015     0.996094        48355       256.00
  110166.015     0.996484        48355       284.44
  110231.551     0.996875        48379       320.00
  110297.087     0.997266        48403       365.71
  110362.623     0.997656        48432       426.67
  110362.623     0.998047        48432       512.00
  110428.159     0.998242        48452       568.89
  110428.159     0.998437        48452       640.00
  110493.695     0.998633        48472       731.43
  110493.695     0.998828        48472       853.33
  110559.231     0.999023        48481      1024.00
  110624.767     0.999121        48495      1137.78
  110624.767     0.999219        48495      1280.00
  110624.767     0.999316        48495      1462.86
  110690.303     0.999414        48510      1706.67
  110690.303     0.999512        48510      2048.00
  110690.303     0.999561        48510      2275.56
  110690.303     0.999609        48510      2560.00
  110690.303     0.999658        48510      2925.71
  110755.839     0.999707        48517      3413.33
  110755.839     0.999756        48517      4096.00
  110755.839     0.999780        48517      4551.11
  110755.839     0.999805        48517      5120.00
  110755.839     0.999829        48517      5851.43
  110821.375     0.999854        48520      6826.67
  110821.375     0.999878        48520      8192.00
  110821.375     0.999890        48520      9102.22
  110886.911     0.999902        48523     10240.00
  110886.911     0.999915        48523     11702.86
  110886.911     0.999927        48523     13653.33
  110886.911     0.999939        48523     16384.00
  110886.911     0.999945        48523     18204.44
  110886.911     0.999951        48523     20480.00
  110886.911     0.999957        48523     23405.71
  110952.447     0.999963        48525     27306.67
  110952.447     1.000000        48525          inf
#[Mean    =    85714.130, StdDeviation   =    25330.243]
#[Max     =   110886.912, Total count    =        48525]
#[Buckets =           27, SubBuckets     =         2048]
----------------------------------------------------------
  48655 requests in 15.00m, 400.69MB read
  Socket errors: connect 0, read 0, write 5, timeout 0
  Non-2xx or 3xx responses: 1
Requests/sec:     54.06
Transfer/sec:    455.87KB
