Running 15m test @ http://10.108.135.216:8080/wrk2-api/post/compose
  2 threads and 4 connections
  Thread calibration: mean lat.: 4965.366ms, rate sampling interval: 15220ms
  Thread calibration: mean lat.: 3944.308ms, rate sampling interval: 13049ms
  Thread Stats   Avg      Stdev     99%   +/- Stdev
    Latency     0.97m    18.87s    1.61m    74.22%
    Req/Sec    13.61      3.07    16.00     91.27%
  Latency Distribution (HdrHistogram - Recorded Latency)
 50.000%   50.10s 
 75.000%    0.90m 
 90.000%    1.54m 
 99.000%    1.61m 
 99.900%    1.65m 
 99.990%    1.65m 
 99.999%    1.66m 
100.000%    1.66m 

  Detailed Percentile spectrum:
       Value   Percentile   TotalCount 1/(1-Percentile)

    8904.703     0.000000            1         1.00
   44007.423     0.100000         2524         1.11
   46006.271     0.200000         5059         1.25
   47349.759     0.300000         7567         1.43
   48824.319     0.400000        10019         1.67
   50102.271     0.500000        12551         2.00
   50626.559     0.550000        13777         2.22
   51150.847     0.600000        15025         2.50
   51707.903     0.650000        16286         2.86
   52592.639     0.700000        17535         3.33
   54132.735     0.750000        18791         4.00
   83427.327     0.775000        19413         4.44
   87556.095     0.800000        20038         5.00
   89653.247     0.825000        20689         5.71
   90767.359     0.850000        21315         6.67
   91553.791     0.875000        21935         8.00
   91947.007     0.887500        22247         8.89
   92405.759     0.900000        22577        10.00
   92930.047     0.912500        22872        11.43
   93388.799     0.925000        23195        13.33
   93782.015     0.937500        23481        16.00
   93978.623     0.943750        23633        17.78
   94240.767     0.950000        23816        20.00
   94437.375     0.956250        23947        22.86
   94699.519     0.962500        24107        26.67
   94961.663     0.968750        24276        32.00
   95092.735     0.971875        24336        35.56
   95289.343     0.975000        24425        40.00
   95485.951     0.978125        24502        45.71
   95748.095     0.981250        24582        53.33
   96010.239     0.984375        24680        64.00
   96075.775     0.985938        24696        71.11
   96206.847     0.987500        24738        80.00
   96337.919     0.989062        24765        91.43
   96534.527     0.990625        24809       106.67
   96796.671     0.992188        24849       128.00
   96862.207     0.992969        24864       142.22
   97058.815     0.993750        24893       160.00
   97189.887     0.994531        24911       182.86
   97320.959     0.995313        24921       213.33
   97517.567     0.996094        24943       256.00
   97648.639     0.996484        24951       284.44
   97845.247     0.996875        24960       320.00
   98041.855     0.997266        24977       365.71
   98107.391     0.997656        24981       426.67
   98238.463     0.998047        24993       512.00
   98303.999     0.998242        24998       568.89
   98369.535     0.998437        24999       640.00
   98697.215     0.998633        25004       731.43
   98828.287     0.998828        25013       853.33
   98893.823     0.999023        25018      1024.00
   98893.823     0.999121        25018      1137.78
   98959.359     0.999219        25020      1280.00
   99024.895     0.999316        25021      1462.86
   99090.431     0.999414        25025      1706.67
   99155.967     0.999512        25028      2048.00
   99155.967     0.999561        25028      2275.56
   99221.503     0.999609        25033      2560.00
   99221.503     0.999658        25033      2925.71
   99221.503     0.999707        25033      3413.33
   99221.503     0.999756        25033      4096.00
   99221.503     0.999780        25033      4551.11
   99287.039     0.999805        25035      5120.00
   99287.039     0.999829        25035      5851.43
   99287.039     0.999854        25035      6826.67
   99287.039     0.999878        25035      8192.00
   99352.575     0.999890        25037      9102.22
   99352.575     0.999902        25037     10240.00
   99352.575     0.999915        25037     11702.86
   99352.575     0.999927        25037     13653.33
   99352.575     0.999939        25037     16384.00
   99352.575     0.999945        25037     18204.44
   99352.575     0.999951        25037     20480.00
   99352.575     0.999957        25037     23405.71
   99418.111     0.999963        25038     27306.67
   99418.111     1.000000        25038          inf
#[Mean    =    58220.499, StdDeviation   =    18869.989]
#[Max     =    99352.576, Total count    =        25038]
#[Buckets =           27, SubBuckets     =         2048]
----------------------------------------------------------
  25089 requests in 15.00m, 319.35MB read
  Socket errors: connect 0, read 0, write 4, timeout 0
Requests/sec:     27.88
Transfer/sec:    363.34KB
