Running 15m test @ http://10.101.252.197:8080/wrk2-api/post/compose
  2 threads and 4 connections
  Thread calibration: mean lat.: 18.005ms, rate sampling interval: 44ms
  Thread calibration: mean lat.: 20.361ms, rate sampling interval: 49ms
  Thread Stats   Avg      Stdev     99%   +/- Stdev
    Latency   592.05ms  529.90ms   2.44s    76.58%
    Req/Sec     4.91     10.20    45.00     79.31%
  Latency Distribution (HdrHistogram - Recorded Latency)
 50.000%  452.86ms
 75.000%  836.61ms
 90.000%    1.30s 
 99.000%    2.44s 
 99.900%    3.50s 
 99.990%    4.22s 
 99.999%    4.41s 
100.000%    4.41s 

  Detailed Percentile spectrum:
       Value   Percentile   TotalCount 1/(1-Percentile)

      10.975     0.000000            1         1.00
      69.439     0.100000          884         1.11
     153.599     0.200000         1772         1.25
     241.919     0.300000         2652         1.43
     342.015     0.400000         3535         1.67
     452.863     0.500000         4418         2.00
     511.999     0.550000         4863         2.22
     581.119     0.600000         5306         2.50
     651.263     0.650000         5746         2.86
     747.007     0.700000         6188         3.33
     836.607     0.750000         6629         4.00
     891.903     0.775000         6848         4.44
     945.151     0.800000         7071         5.00
    1011.199     0.825000         7290         5.71
    1092.607     0.850000         7512         6.67
    1192.959     0.875000         7732         8.00
    1235.967     0.887500         7844         8.89
    1295.359     0.900000         7953        10.00
    1364.991     0.912500         8065        11.43
    1432.575     0.925000         8175        13.33
    1513.471     0.937500         8285        16.00
    1575.935     0.943750         8339        17.78
    1631.231     0.950000         8395        20.00
    1692.671     0.956250         8450        22.86
    1768.447     0.962500         8506        26.67
    1838.079     0.968750         8561        32.00
    1891.327     0.971875         8588        35.56
    1944.575     0.975000         8616        40.00
    2018.303     0.978125         8643        45.71
    2093.055     0.981250         8671        53.33
    2166.783     0.984375         8698        64.00
    2220.031     0.985938         8712        71.11
    2281.471     0.987500         8726        80.00
    2365.439     0.989062         8740        91.43
    2469.887     0.990625         8754       106.67
    2584.575     0.992188         8767       128.00
    2623.487     0.992969         8774       142.22
    2654.207     0.993750         8781       160.00
    2752.511     0.994531         8788       182.86
    2797.567     0.995313         8795       213.33
    2863.103     0.996094         8802       256.00
    2885.631     0.996484         8805       284.44
    2928.639     0.996875         8809       320.00
    2992.127     0.997266         8812       365.71
    3028.991     0.997656         8816       426.67
    3074.047     0.998047         8819       512.00
    3098.623     0.998242         8821       568.89
    3282.943     0.998437         8823       640.00
    3311.615     0.998633         8824       731.43
    3379.199     0.998828         8826       853.33
    3651.583     0.999023         8828      1024.00
    3801.087     0.999121         8829      1137.78
    3946.495     0.999219         8830      1280.00
    3946.495     0.999316         8830      1462.86
    3948.543     0.999414         8831      1706.67
    4007.935     0.999512         8832      2048.00
    4079.615     0.999561         8833      2275.56
    4079.615     0.999609         8833      2560.00
    4079.615     0.999658         8833      2925.71
    4147.199     0.999707         8834      3413.33
    4147.199     0.999756         8834      4096.00
    4222.975     0.999780         8835      4551.11
    4222.975     0.999805         8835      5120.00
    4222.975     0.999829         8835      5851.43
    4222.975     0.999854         8835      6826.67
    4222.975     0.999878         8835      8192.00
    4411.391     0.999890         8836      9102.22
    4411.391     1.000000         8836          inf
#[Mean    =      592.055, StdDeviation   =      529.902]
#[Max     =     4407.296, Total count    =         8836]
#[Buckets =           27, SubBuckets     =         2048]
----------------------------------------------------------
  8953 requests in 15.00m, 1.84MB read
  Socket errors: connect 0, read 0, write 6, timeout 19
Requests/sec:      9.95
Transfer/sec:      2.09KB
