Running 15m test @ http://10.101.252.197:8080/wrk2-api/post/compose
  2 threads and 4 connections
  Thread calibration: mean lat.: 5.112ms, rate sampling interval: 16ms
  Thread calibration: mean lat.: 5.093ms, rate sampling interval: 15ms
  Thread Stats   Avg      Stdev     99%   +/- Stdev
    Latency    14.11s    15.38s   33.85s    62.31%
    Req/Sec    30.17     43.38   142.00     92.55%
  Latency Distribution (HdrHistogram - Recorded Latency)
 50.000%  271.10ms
 75.000%   30.79s 
 90.000%   32.16s 
 99.000%   33.85s 
 99.900%   34.54s 
 99.990%   34.80s 
 99.999%   34.93s 
100.000%   34.93s 

  Detailed Percentile spectrum:
       Value   Percentile   TotalCount 1/(1-Percentile)

       1.893     0.000000            1         1.00
      51.519     0.100000         5230         1.11
      85.759     0.200000        10460         1.25
     123.775     0.300000        15684         1.43
     174.591     0.400000        20911         1.67
     271.103     0.500000        26141         2.00
   26623.999     0.550000        28760         2.22
   29229.055     0.600000        31373         2.50
   29802.495     0.650000        33980         2.86
   30343.167     0.700000        36653         3.33
   30785.535     0.750000        39284         4.00
   31014.911     0.775000        40545         4.44
   31244.287     0.800000        41912         5.00
   31490.047     0.825000        43154         5.71
   31735.807     0.850000        44485         6.67
   31965.183     0.875000        45814         8.00
   32063.487     0.887500        46437         8.89
   32161.791     0.900000        47081        10.00
   32276.479     0.912500        47761        11.43
   32391.167     0.925000        48421        13.33
   32522.239     0.937500        49021        16.00
   32620.543     0.943750        49370        17.78
   32718.847     0.950000        49667        20.00
   32866.303     0.956250        49995        22.86
   33030.143     0.962500        50330        26.67
   33161.215     0.968750        50656        32.00
   33226.751     0.971875        50825        35.56
   33308.671     0.975000        50981        40.00
   33406.975     0.978125        51140        45.71
   33521.663     0.981250        51303        53.33
   33652.735     0.984375        51490        64.00
   33685.503     0.985938        51545        71.11
   33783.807     0.987500        51661        80.00
   33849.343     0.989062        51753        91.43
   33882.111     0.990625        51801       106.67
   33947.647     0.992188        51873       128.00
   34013.183     0.992969        51920       142.22
   34078.719     0.993750        51968       160.00
   34111.487     0.994531        52002       182.86
   34177.023     0.995313        52044       213.33
   34242.559     0.996094        52087       256.00
   34275.327     0.996484        52099       284.44
   34308.095     0.996875        52125       320.00
   34340.863     0.997266        52137       365.71
   34406.399     0.997656        52168       426.67
   34439.167     0.998047        52181       512.00
   34471.935     0.998242        52199       568.89
   34471.935     0.998437        52199       640.00
   34504.703     0.998633        52210       731.43
   34537.471     0.998828        52225       853.33
   34537.471     0.999023        52225      1024.00
   34570.239     0.999121        52231      1137.78
   34603.007     0.999219        52238      1280.00
   34635.775     0.999316        52250      1462.86
   34635.775     0.999414        52250      1706.67
   34668.543     0.999512        52258      2048.00
   34668.543     0.999561        52258      2275.56
   34668.543     0.999609        52258      2560.00
   34701.311     0.999658        52261      2925.71
   34701.311     0.999707        52261      3413.33
   34734.079     0.999756        52265      4096.00
   34734.079     0.999780        52265      4551.11
   34766.847     0.999805        52270      5120.00
   34766.847     0.999829        52270      5851.43
   34766.847     0.999854        52270      6826.67
   34766.847     0.999878        52270      8192.00
   34799.615     0.999890        52271      9102.22
   34799.615     0.999902        52271     10240.00
   34832.383     0.999915        52272     11702.86
   34865.151     0.999927        52273     13653.33
   34865.151     0.999939        52273     16384.00
   34897.919     0.999945        52274     18204.44
   34897.919     0.999951        52274     20480.00
   34897.919     0.999957        52274     23405.71
   34930.687     0.999963        52276     27306.67
   34930.687     1.000000        52276          inf
#[Mean    =    14105.399, StdDeviation   =    15375.111]
#[Max     =    34897.920, Total count    =        52276]
#[Buckets =           27, SubBuckets     =         2048]
----------------------------------------------------------
  52930 requests in 15.00m, 458.29MB read
  Socket errors: connect 0, read 1, write 7, timeout 0
Requests/sec:     58.81
Transfer/sec:    521.41KB
