Running 15m test @ http://10.102.20.0:8080/wrk2-api/post/compose
  2 threads and 4 connections
  Thread calibration: mean lat.: 559.360ms, rate sampling interval: 2035ms
  Thread calibration: mean lat.: 1004.118ms, rate sampling interval: 6483ms
  Thread Stats   Avg      Stdev     99%   +/- Stdev
    Latency     0.88m    17.03s    1.36m    74.74%
    Req/Sec     4.14      1.77     8.00     85.19%
  Latency Distribution (HdrHistogram - Recorded Latency)
 50.000%    0.86m 
 75.000%    1.04m 
 90.000%    1.24m 
 99.000%    1.36m 
 99.900%    1.40m 
 99.990%    1.41m 
 99.999%    1.42m 
100.000%    1.42m 

  Detailed Percentile spectrum:
       Value   Percentile   TotalCount 1/(1-Percentile)

      26.655     0.000000            1         1.00
   39518.207     0.100000          835         1.11
   43745.279     0.200000         1671         1.25
   46563.327     0.300000         2501         1.43
   49119.231     0.400000         3332         1.67
   51478.527     0.500000         4159         2.00
   52723.711     0.550000         4575         2.22
   54755.327     0.600000         4994         2.50
   56524.799     0.650000         5404         2.86
   58392.575     0.700000         5821         3.33
   62455.807     0.750000         6236         4.00
   65929.215     0.775000         6442         4.44
   69206.015     0.800000         6655         5.00
   70844.415     0.825000         6860         5.71
   72089.599     0.850000         7068         6.67
   73138.175     0.875000         7276         8.00
   73662.463     0.887500         7377         8.89
   74317.823     0.900000         7486        10.00
   75038.719     0.912500         7591        11.43
   75825.151     0.925000         7690        13.33
   76742.655     0.937500         7799        16.00
   77201.407     0.943750         7849        17.78
   77791.231     0.950000         7902        20.00
   78249.983     0.956250         7951        22.86
   78643.199     0.962500         8002        26.67
   79167.487     0.968750         8060        32.00
   79364.095     0.971875         8081        35.56
   79691.775     0.975000         8105        40.00
   80150.527     0.978125         8131        45.71
   80543.743     0.981250         8161        53.33
   80805.887     0.984375         8186        64.00
   81002.495     0.985938         8203        71.11
   81133.567     0.987500         8210        80.00
   81395.711     0.989062         8223        91.43
   81526.783     0.990625         8235       106.67
   81788.927     0.992188         8248       128.00
   81919.999     0.992969         8254       142.22
   82182.143     0.993750         8262       160.00
   82378.751     0.994531         8268       182.86
   82509.823     0.995313         8276       213.33
   82771.967     0.996094         8283       256.00
   82771.967     0.996484         8283       284.44
   83099.647     0.996875         8287       320.00
   83361.791     0.997266         8291       365.71
   83427.327     0.997656         8294       426.67
   83755.007     0.998047         8297       512.00
   83820.543     0.998242         8298       568.89
   84017.151     0.998437         8301       640.00
   84017.151     0.998633         8301       731.43
   84148.223     0.998828         8305       853.33
   84148.223     0.999023         8305      1024.00
   84148.223     0.999121         8305      1137.78
   84213.759     0.999219         8306      1280.00
   84279.295     0.999316         8308      1462.86
   84279.295     0.999414         8308      1706.67
   84279.295     0.999512         8308      2048.00
   84344.831     0.999561         8309      2275.56
   84344.831     0.999609         8309      2560.00
   84541.439     0.999658         8310      2925.71
   84541.439     0.999707         8310      3413.33
   84541.439     0.999756         8310      4096.00
   84869.119     0.999780         8311      4551.11
   84869.119     0.999805         8311      5120.00
   84869.119     0.999829         8311      5851.43
   84869.119     0.999854         8311      6826.67
   84869.119     0.999878         8311      8192.00
   85131.263     0.999890         8312      9102.22
   85131.263     1.000000         8312          inf
#[Mean    =    52521.790, StdDeviation   =    17032.528]
#[Max     =    85065.728, Total count    =         8312]
#[Buckets =           27, SubBuckets     =         2048]
----------------------------------------------------------
  8407 requests in 15.00m, 1.72MB read
  Socket errors: connect 0, read 0, write 5, timeout 19
Requests/sec:      9.34
Transfer/sec:      1.96KB
