Running 15m test @ http://10.102.20.0:8080/wrk2-api/post/compose
  2 threads and 4 connections
  Thread calibration: mean lat.: 5339.461ms, rate sampling interval: 16711ms
  Thread calibration: mean lat.: 3646.523ms, rate sampling interval: 9846ms
  Thread Stats   Avg      Stdev     99%   +/- Stdev
    Latency     1.74m     8.78s    1.95m    94.01%
    Req/Sec    26.10      8.81    33.00     88.11%
  Latency Distribution (HdrHistogram - Recorded Latency)
 50.000%    1.74m 
 75.000%    1.81m 
 90.000%    1.86m 
 99.000%    1.95m 
 99.900%    1.98m 
 99.990%    1.99m 
 99.999%    1.99m 
100.000%    1.99m 

  Detailed Percentile spectrum:
       Value   Percentile   TotalCount 1/(1-Percentile)

    5316.607     0.000000            1         1.00
  100139.007     0.100000         4767         1.11
  101384.191     0.200000         9658         1.25
  102236.159     0.300000        14328         1.43
  103415.807     0.400000        19200         1.67
  104398.847     0.500000        23933         2.00
  104857.599     0.550000        26295         2.22
  105578.495     0.600000        28505         2.50
  106692.607     0.650000        30919         2.86
  107741.183     0.700000        33333         3.33
  108658.687     0.750000        35605         4.00
  109117.439     0.775000        36783         4.44
  109641.727     0.800000        38082         5.00
  110166.015     0.825000        39230         5.71
  110624.767     0.850000        40410         6.67
  111083.519     0.875000        41544         8.00
  111411.199     0.887500        42241         8.89
  111673.343     0.900000        42746        10.00
  111935.487     0.912500        43334        11.43
  112197.631     0.925000        43898        13.33
  112525.311     0.937500        44553        16.00
  112787.455     0.943750        44828        17.78
  113115.135     0.950000        45109        20.00
  113442.815     0.956250        45422        22.86
  113770.495     0.962500        45708        26.67
  114229.247     0.968750        45973        32.00
  114753.535     0.971875        46128        35.56
  115343.359     0.975000        46276        40.00
  115539.967     0.978125        46466        45.71
  115671.039     0.981250        46599        53.33
  115933.183     0.984375        46715        64.00
  116260.863     0.985938        46799        71.11
  116523.007     0.987500        46867        80.00
  116850.687     0.989062        46944        91.43
  117112.831     0.990625        47028       106.67
  117243.903     0.992188        47083       128.00
  117440.511     0.992969        47131       142.22
  117571.583     0.993750        47175       160.00
  117637.119     0.994531        47199       182.86
  117768.191     0.995313        47233       213.33
  117964.799     0.996094        47275       256.00
  118095.871     0.996484        47294       284.44
  118161.407     0.996875        47313       320.00
  118292.479     0.997266        47327       365.71
  118423.551     0.997656        47340       426.67
  118554.623     0.998047        47357       512.00
  118620.159     0.998242        47370       568.89
  118685.695     0.998437        47382       640.00
  118751.231     0.998633        47391       731.43
  118816.767     0.998828        47396       853.33
  118882.303     0.999023        47406      1024.00
  118947.839     0.999121        47420      1137.78
  118947.839     0.999219        47420      1280.00
  118947.839     0.999316        47420      1462.86
  119013.375     0.999414        47431      1706.67
  119013.375     0.999512        47431      2048.00
  119013.375     0.999561        47431      2275.56
  119013.375     0.999609        47431      2560.00
  119078.911     0.999658        47435      2925.71
  119078.911     0.999707        47435      3413.33
  119144.447     0.999756        47437      4096.00
  119209.983     0.999780        47440      4551.11
  119209.983     0.999805        47440      5120.00
  119209.983     0.999829        47440      5851.43
  119275.519     0.999854        47442      6826.67
  119341.055     0.999878        47443      8192.00
  119341.055     0.999890        47443      9102.22
  119406.591     0.999902        47444     10240.00
  119406.591     0.999915        47444     11702.86
  119537.663     0.999927        47445     13653.33
  119603.199     0.999939        47446     16384.00
  119603.199     0.999945        47446     18204.44
  119603.199     0.999951        47446     20480.00
  119603.199     0.999957        47446     23405.71
  119668.735     0.999963        47448     27306.67
  119668.735     1.000000        47448          inf
#[Mean    =   104513.201, StdDeviation   =     8783.781]
#[Max     =   119603.200, Total count    =        47448]
#[Buckets =           27, SubBuckets     =         2048]
----------------------------------------------------------
  47566 requests in 15.00m, 422.47MB read
  Socket errors: connect 0, read 0, write 7, timeout 0
Requests/sec:     52.85
Transfer/sec:    480.66KB
