Running 15m test @ http://10.102.20.0:8080/wrk2-api/post/compose
  2 threads and 4 connections
  Thread calibration: mean lat.: 5352.723ms, rate sampling interval: 16326ms
  Thread calibration: mean lat.: 4459.076ms, rate sampling interval: 12787ms
  Thread Stats   Avg      Stdev     99%   +/- Stdev
    Latency     1.17m    24.21s    1.77m    61.03%
    Req/Sec    13.34      3.19    17.00     89.43%
  Latency Distribution (HdrHistogram - Recorded Latency)
 50.000%    0.88m 
 75.000%    1.58m 
 90.000%    1.64m 
 99.000%    1.77m 
 99.900%    1.78m 
 99.990%    1.80m 
 99.999%    1.80m 
100.000%    1.80m 

  Detailed Percentile spectrum:
       Value   Percentile   TotalCount 1/(1-Percentile)

    6684.671     0.000000            1         1.00
   45613.055     0.100000         2491         1.11
   47448.063     0.200000         4955         1.25
   49086.463     0.300000         7399         1.43
   50692.095     0.400000         9868         1.67
   52920.319     0.500000        12331         2.00
   89784.319     0.550000        13576         2.22
   91553.791     0.600000        14861         2.50
   92733.439     0.650000        16093         2.86
   93716.479     0.700000        17282         3.33
   94961.663     0.750000        18533         4.00
   95617.023     0.775000        19170         4.44
   96075.775     0.800000        19730         5.00
   96731.135     0.825000        20386         5.71
   97255.423     0.850000        21027         6.67
   97714.175     0.875000        21635         8.00
   97976.319     0.887500        21923         8.89
   98238.463     0.900000        22193        10.00
   98697.215     0.912500        22526        11.43
   99155.967     0.925000        22841        13.33
   99680.255     0.937500        23128        16.00
   99942.399     0.943750        23293        17.78
  100335.615     0.950000        23439        20.00
  101318.655     0.956250        23585        22.86
  102432.767     0.962500        23734        26.67
  103350.271     0.968750        23890        32.00
  103809.023     0.971875        23969        35.56
  104202.239     0.975000        24045        40.00
  104595.455     0.978125        24117        45.71
  105054.207     0.981250        24194        53.33
  105316.351     0.984375        24274        64.00
  105447.423     0.985938        24316        71.11
  105578.495     0.987500        24350        80.00
  105775.103     0.989062        24399        91.43
  105971.711     0.990625        24440       106.67
  106102.783     0.992188        24471       128.00
  106233.855     0.992969        24494       142.22
  106299.391     0.993750        24515       160.00
  106364.927     0.994531        24531       182.86
  106430.463     0.995313        24545       213.33
  106561.535     0.996094        24567       256.00
  106627.071     0.996484        24579       284.44
  106627.071     0.996875        24579       320.00
  106692.607     0.997266        24592       365.71
  106758.143     0.997656        24599       426.67
  106889.215     0.998047        24612       512.00
  106954.751     0.998242        24621       568.89
  106954.751     0.998437        24621       640.00
  107020.287     0.998633        24628       731.43
  107020.287     0.998828        24628       853.33
  107085.823     0.999023        24638      1024.00
  107085.823     0.999121        24638      1137.78
  107085.823     0.999219        24638      1280.00
  107151.359     0.999316        24644      1462.86
  107151.359     0.999414        24644      1706.67
  107151.359     0.999512        24644      2048.00
  107282.431     0.999561        24646      2275.56
  107413.503     0.999609        24648      2560.00
  107413.503     0.999658        24648      2925.71
  107544.575     0.999707        24649      3413.33
  107610.111     0.999756        24650      4096.00
  107675.647     0.999780        24651      4551.11
  107741.183     0.999805        24653      5120.00
  107741.183     0.999829        24653      5851.43
  107741.183     0.999854        24653      6826.67
  107741.183     0.999878        24653      8192.00
  107937.791     0.999890        24655      9102.22
  107937.791     0.999902        24655     10240.00
  107937.791     0.999915        24655     11702.86
  107937.791     0.999927        24655     13653.33
  107937.791     0.999939        24655     16384.00
  107937.791     0.999945        24655     18204.44
  107937.791     0.999951        24655     20480.00
  107937.791     0.999957        24655     23405.71
  108003.327     0.999963        24656     27306.67
  108003.327     1.000000        24656          inf
#[Mean    =    70265.351, StdDeviation   =    24212.638]
#[Max     =   107937.792, Total count    =        24656]
#[Buckets =           27, SubBuckets     =         2048]
----------------------------------------------------------
  24716 requests in 15.00m, 305.97MB read
  Socket errors: connect 0, read 0, write 4, timeout 0
  Non-2xx or 3xx responses: 1
Requests/sec:     27.46
Transfer/sec:    348.11KB
