Running 15m test @ http://10.99.96.21:8080/wrk2-api/post/compose
  2 threads and 4 connections
  Thread calibration: mean lat.: 5447.976ms, rate sampling interval: 13516ms
  Thread calibration: mean lat.: 1457.918ms, rate sampling interval: 4980ms
  Thread Stats   Avg      Stdev     99%   +/- Stdev
    Latency    43.24s    23.07s    1.50m    69.08%
    Req/Sec     4.33      1.28     7.00     93.00%
  Latency Distribution (HdrHistogram - Recorded Latency)
 50.000%   37.16s 
 75.000%   47.09s 
 90.000%    1.37m 
 99.000%    1.50m 
 99.900%    1.52m 
 99.990%    1.53m 
 99.999%    1.53m 
100.000%    1.53m 

  Detailed Percentile spectrum:
       Value   Percentile   TotalCount 1/(1-Percentile)

      12.175     0.000000            1         1.00
   25231.359     0.100000          846         1.11
   28655.615     0.200000         1690         1.25
   31719.423     0.300000         2535         1.43
   34177.023     0.400000         3382         1.67
   37158.911     0.500000         4229         2.00
   38469.631     0.550000         4643         2.22
   39845.887     0.600000         5072         2.50
   41222.143     0.650000         5486         2.86
   43483.135     0.700000         5911         3.33
   47087.615     0.750000         6330         4.00
   68550.655     0.775000         6541         4.44
   74711.039     0.800000         6752         5.00
   77070.335     0.825000         6965         5.71
   79101.951     0.850000         7182         6.67
   80412.671     0.875000         7385         8.00
   81330.175     0.887500         7490         8.89
   82116.607     0.900000         7598        10.00
   82837.503     0.912500         7706        11.43
   84017.151     0.925000         7811        13.33
   85000.191     0.937500         7913        16.00
   85458.943     0.943750         7968        17.78
   86179.839     0.950000         8019        20.00
   86573.055     0.956250         8070        22.86
   87097.343     0.962500         8124        26.67
   87621.631     0.968750         8184        32.00
   87752.703     0.971875         8202        35.56
   88014.847     0.975000         8229        40.00
   88342.527     0.978125         8258        45.71
   88735.743     0.981250         8285        53.33
   88997.887     0.984375         8311        64.00
   89194.495     0.985938         8323        71.11
   89391.103     0.987500         8336        80.00
   89587.711     0.989062         8349        91.43
   89784.319     0.990625         8361       106.67
   89980.927     0.992188         8381       128.00
   89980.927     0.992969         8381       142.22
   90111.999     0.993750         8387       160.00
   90243.071     0.994531         8394       182.86
   90374.143     0.995313         8401       213.33
   90505.215     0.996094         8407       256.00
   90570.751     0.996484         8410       284.44
   90636.287     0.996875         8414       320.00
   90767.359     0.997266         8416       365.71
   90898.431     0.997656         8421       426.67
   90963.967     0.998047         8424       512.00
   91095.039     0.998242         8426       568.89
   91095.039     0.998437         8426       640.00
   91226.111     0.998633         8429       731.43
   91291.647     0.998828         8431       853.33
   91291.647     0.999023         8431      1024.00
   91357.183     0.999121         8434      1137.78
   91357.183     0.999219         8434      1280.00
   91357.183     0.999316         8434      1462.86
   91422.719     0.999414         8436      1706.67
   91422.719     0.999512         8436      2048.00
   91422.719     0.999561         8436      2275.56
   91422.719     0.999609         8436      2560.00
   91553.791     0.999658         8437      2925.71
   91553.791     0.999707         8437      3413.33
   91553.791     0.999756         8437      4096.00
   91947.007     0.999780         8438      4551.11
   91947.007     0.999805         8438      5120.00
   91947.007     0.999829         8438      5851.43
   91947.007     0.999854         8438      6826.67
   91947.007     0.999878         8438      8192.00
   92078.079     0.999890         8439      9102.22
   92078.079     1.000000         8439          inf
#[Mean    =    43241.037, StdDeviation   =    23072.821]
#[Max     =    92012.544, Total count    =         8439]
#[Buckets =           27, SubBuckets     =         2048]
----------------------------------------------------------
  8496 requests in 15.00m, 1.74MB read
  Socket errors: connect 0, read 0, write 4, timeout 23
Requests/sec:      9.44
Transfer/sec:      1.98KB
