Running 15m test @ http://10.99.96.21:8080/wrk2-api/post/compose
  2 threads and 4 connections
  Thread calibration: mean lat.: 4734.759ms, rate sampling interval: 13918ms
  Thread calibration: mean lat.: 3556.645ms, rate sampling interval: 12181ms
  Thread Stats   Avg      Stdev     99%   +/- Stdev
    Latency     1.72m    10.09s    1.90m    93.89%
    Req/Sec    26.19      8.83    33.00     87.50%
  Latency Distribution (HdrHistogram - Recorded Latency)
 50.000%    1.74m 
 75.000%    1.80m 
 90.000%    1.85m 
 99.000%    1.90m 
 99.900%    1.92m 
 99.990%    1.93m 
 99.999%    1.93m 
100.000%    1.93m 

  Detailed Percentile spectrum:
       Value   Percentile   TotalCount 1/(1-Percentile)

    7102.463     0.000000            1         1.00
   95944.703     0.100000         4771         1.11
   99024.895     0.200000         9574         1.25
  101318.655     0.300000        14259         1.43
  103088.127     0.400000        19122         1.67
  104529.919     0.500000        23814         2.00
  105512.959     0.550000        26205         2.22
  106364.927     0.600000        28688         2.50
  106889.215     0.650000        30947         2.86
  107479.039     0.700000        33283         3.33
  108199.935     0.750000        35772         4.00
  108527.615     0.775000        36873         4.44
  108920.831     0.800000        38121         5.00
  109248.511     0.825000        39188         5.71
  109707.263     0.850000        40439         6.67
  110231.551     0.875000        41564         8.00
  110493.695     0.887500        42234         8.89
  110755.839     0.900000        42860        10.00
  111017.983     0.912500        43390        11.43
  111476.735     0.925000        43951        13.33
  112132.095     0.937500        44512        16.00
  112459.775     0.943750        44823        17.78
  112787.455     0.950000        45163        20.00
  113049.599     0.956250        45472        22.86
  113180.671     0.962500        45724        26.67
  113311.743     0.968750        46016        32.00
  113377.279     0.971875        46159        35.56
  113442.815     0.975000        46286        40.00
  113573.887     0.978125        46530        45.71
  113639.423     0.981250        46638        53.33
  113704.959     0.984375        46733        64.00
  113770.495     0.985938        46829        71.11
  113836.031     0.987500        46917        80.00
  113901.567     0.989062        46991        91.43
  113967.103     0.990625        47045       106.67
  114098.175     0.992188        47135       128.00
  114163.711     0.992969        47178       142.22
  114163.711     0.993750        47178       160.00
  114229.247     0.994531        47213       182.86
  114360.319     0.995313        47257       213.33
  114491.391     0.996094        47290       256.00
  114556.927     0.996484        47306       284.44
  114753.535     0.996875        47332       320.00
  114819.071     0.997266        47347       365.71
  114884.607     0.997656        47366       426.67
  114950.143     0.998047        47382       512.00
  115015.679     0.998242        47398       568.89
  115015.679     0.998437        47398       640.00
  115081.215     0.998633        47408       731.43
  115212.287     0.998828        47425       853.33
  115212.287     0.999023        47425      1024.00
  115277.823     0.999121        47431      1137.78
  115343.359     0.999219        47436      1280.00
  115408.895     0.999316        47443      1462.86
  115474.431     0.999414        47451      1706.67
  115474.431     0.999512        47451      2048.00
  115474.431     0.999561        47451      2275.56
  115539.967     0.999609        47462      2560.00
  115539.967     0.999658        47462      2925.71
  115539.967     0.999707        47462      3413.33
  115539.967     0.999756        47462      4096.00
  115539.967     0.999780        47462      4551.11
  115539.967     0.999805        47462      5120.00
  115605.503     0.999829        47467      5851.43
  115605.503     0.999854        47467      6826.67
  115605.503     0.999878        47467      8192.00
  115605.503     0.999890        47467      9102.22
  115605.503     0.999902        47467     10240.00
  115605.503     0.999915        47467     11702.86
  115671.039     0.999927        47470     13653.33
  115671.039     0.999939        47470     16384.00
  115671.039     0.999945        47470     18204.44
  115671.039     0.999951        47470     20480.00
  115671.039     0.999957        47470     23405.71
  115671.039     0.999963        47470     27306.67
  115671.039     0.999969        47470     32768.00
  115671.039     0.999973        47470     36408.89
  115671.039     0.999976        47470     40960.00
  115671.039     0.999979        47470     46811.43
  115736.575     0.999982        47471     54613.33
  115736.575     1.000000        47471          inf
#[Mean    =   103209.395, StdDeviation   =    10092.626]
#[Max     =   115671.040, Total count    =        47471]
#[Buckets =           27, SubBuckets     =         2048]
----------------------------------------------------------
  47625 requests in 15.00m, 426.10MB read
  Socket errors: connect 0, read 0, write 5, timeout 14
Requests/sec:     52.91
Transfer/sec:    484.78KB
