Running 15m test @ http://10.99.96.21:8080/wrk2-api/post/compose
  2 threads and 4 connections
  Thread calibration: mean lat.: 4164.626ms, rate sampling interval: 14139ms
  Thread calibration: mean lat.: 4873.351ms, rate sampling interval: 14532ms
  Thread Stats   Avg      Stdev     99%   +/- Stdev
    Latency     1.49m    24.82s    1.93m    67.49%
    Req/Sec    13.01      3.94    16.00     88.62%
  Latency Distribution (HdrHistogram - Recorded Latency)
 50.000%    1.57m 
 75.000%    1.83m 
 90.000%    1.88m 
 99.000%    1.93m 
 99.900%    1.96m 
 99.990%    1.96m 
 99.999%    1.96m 
100.000%    1.96m 

  Detailed Percentile spectrum:
       Value   Percentile   TotalCount 1/(1-Percentile)

    8048.639     0.000000            1         1.00
   51314.687     0.100000         2428         1.11
   54099.967     0.200000         4846         1.25
   87687.167     0.300000         7238         1.43
   90505.215     0.400000         9655         1.67
   94044.159     0.500000        12052         2.00
  105709.567     0.550000        13270         2.22
  107216.895     0.600000        14452         2.50
  108199.935     0.650000        15766         2.86
  108986.367     0.700000        16904         3.33
  109772.799     0.750000        18137         4.00
  110100.479     0.775000        18712         4.44
  110428.159     0.800000        19305         5.00
  110886.911     0.825000        19925         5.71
  111411.199     0.850000        20482         6.67
  112132.095     0.875000        21075         8.00
  112525.311     0.887500        21419         8.89
  112852.991     0.900000        21729        10.00
  113115.135     0.912500        21995        11.43
  113377.279     0.925000        22281        13.33
  113770.495     0.937500        22629        16.00
  113901.567     0.943750        22758        17.78
  114032.639     0.950000        22899        20.00
  114229.247     0.956250        23040        22.86
  114491.391     0.962500        23211        26.67
  114753.535     0.968750        23350        32.00
  114884.607     0.971875        23415        35.56
  115015.679     0.975000        23506        40.00
  115146.751     0.978125        23565        45.71
  115277.823     0.981250        23640        53.33
  115474.431     0.984375        23721        64.00
  115539.967     0.985938        23759        71.11
  115605.503     0.987500        23798        80.00
  115671.039     0.989062        23826        91.43
  115802.111     0.990625        23863       106.67
  115998.719     0.992188        23898       128.00
  116129.791     0.992969        23918       142.22
  116326.399     0.993750        23942       160.00
  116457.471     0.994531        23955       182.86
  116719.615     0.995313        23980       213.33
  116850.687     0.996094        23997       256.00
  116916.223     0.996484        24004       284.44
  116981.759     0.996875        24015       320.00
  117047.295     0.997266        24025       365.71
  117112.831     0.997656        24037       426.67
  117178.367     0.998047        24043       512.00
  117178.367     0.998242        24043       568.89
  117243.903     0.998437        24051       640.00
  117309.439     0.998633        24061       731.43
  117309.439     0.998828        24061       853.33
  117374.975     0.999023        24064      1024.00
  117374.975     0.999121        24064      1137.78
  117440.511     0.999219        24070      1280.00
  117440.511     0.999316        24070      1462.86
  117506.047     0.999414        24071      1706.67
  117571.583     0.999512        24079      2048.00
  117571.583     0.999561        24079      2275.56
  117571.583     0.999609        24079      2560.00
  117571.583     0.999658        24079      2925.71
  117571.583     0.999707        24079      3413.33
  117637.119     0.999756        24082      4096.00
  117637.119     0.999780        24082      4551.11
  117637.119     0.999805        24082      5120.00
  117637.119     0.999829        24082      5851.43
  117637.119     0.999854        24082      6826.67
  117702.655     0.999878        24084      8192.00
  117702.655     0.999890        24084      9102.22
  117702.655     0.999902        24084     10240.00
  117702.655     0.999915        24084     11702.86
  117702.655     0.999927        24084     13653.33
  117702.655     0.999939        24084     16384.00
  117702.655     0.999945        24084     18204.44
  117702.655     0.999951        24084     20480.00
  117702.655     0.999957        24084     23405.71
  117768.191     0.999963        24085     27306.67
  117768.191     1.000000        24085          inf
#[Mean    =    89202.722, StdDeviation   =    24816.739]
#[Max     =   117702.656, Total count    =        24085]
#[Buckets =           27, SubBuckets     =         2048]
----------------------------------------------------------
  24150 requests in 15.00m, 298.70MB read
  Socket errors: connect 0, read 0, write 6, timeout 0
Requests/sec:     26.83
Transfer/sec:    339.79KB
