Running 15m test @ http://10.110.213.15:8080/wrk2-api/post/compose
  2 threads and 4 connections
  Thread calibration: mean lat.: 2622.215ms, rate sampling interval: 13975ms
  Thread calibration: mean lat.: 786.159ms, rate sampling interval: 2457ms
  Thread Stats   Avg      Stdev     99%   +/- Stdev
    Latency    44.10s    20.55s    1.43m    70.32%
    Req/Sec     4.24      1.60     8.00     90.35%
  Latency Distribution (HdrHistogram - Recorded Latency)
 50.000%   38.73s 
 75.000%   46.89s 
 90.000%    1.30m 
 99.000%    1.43m 
 99.900%    1.46m 
 99.990%    1.47m 
 99.999%    1.48m 
100.000%    1.48m 

  Detailed Percentile spectrum:
       Value   Percentile   TotalCount 1/(1-Percentile)

      14.719     0.000000            1         1.00
   28721.151     0.100000          845         1.11
   32505.855     0.200000         1684         1.25
   34668.543     0.300000         2530         1.43
   36634.623     0.400000         3373         1.67
   38731.775     0.500000         4204         2.00
   39714.815     0.550000         4628         2.22
   40959.999     0.600000         5047         2.50
   42369.023     0.650000         5471         2.86
   43876.351     0.700000         5890         3.33
   46891.007     0.750000         6308         4.00
   66125.823     0.775000         6515         4.44
   68354.047     0.800000         6724         5.00
   72351.743     0.825000         6937         5.71
   74186.751     0.850000         7146         6.67
   75825.151     0.875000         7353         8.00
   77004.799     0.887500         7457         8.89
   78118.911     0.900000         7567        10.00
   79429.631     0.912500         7669        11.43
   80478.207     0.925000         7777        13.33
   81723.391     0.937500         7878        16.00
   82313.215     0.943750         7931        17.78
   82837.503     0.950000         7984        20.00
   83427.327     0.956250         8039        22.86
   83886.079     0.962500         8096        26.67
   84410.367     0.968750         8146        32.00
   84606.975     0.971875         8169        35.56
   84803.583     0.975000         8202        40.00
   85000.191     0.978125         8225        45.71
   85196.799     0.981250         8251        53.33
   85393.407     0.984375         8276        64.00
   85524.479     0.985938         8287        71.11
   85721.087     0.987500         8301        80.00
   85917.695     0.989062         8312        91.43
   86114.303     0.990625         8324       106.67
   86310.911     0.992188         8339       128.00
   86376.447     0.992969         8345       142.22
   86441.983     0.993750         8350       160.00
   86573.055     0.994531         8360       182.86
   86638.591     0.995313         8365       213.33
   86835.199     0.996094         8371       256.00
   86900.735     0.996484         8376       284.44
   86900.735     0.996875         8376       320.00
   86966.271     0.997266         8382       365.71
   87031.807     0.997656         8385       426.67
   87097.343     0.998047         8390       512.00
   87097.343     0.998242         8390       568.89
   87097.343     0.998437         8390       640.00
   87162.879     0.998633         8391       731.43
   87293.951     0.998828         8393       853.33
   87425.023     0.999023         8395      1024.00
   87425.023     0.999121         8395      1137.78
   87621.631     0.999219         8396      1280.00
   87752.703     0.999316         8398      1462.86
   87752.703     0.999414         8398      1706.67
   87752.703     0.999512         8398      2048.00
   87818.239     0.999561         8399      2275.56
   87818.239     0.999609         8399      2560.00
   87949.311     0.999658         8400      2925.71
   87949.311     0.999707         8400      3413.33
   87949.311     0.999756         8400      4096.00
   88276.991     0.999780         8401      4551.11
   88276.991     0.999805         8401      5120.00
   88276.991     0.999829         8401      5851.43
   88276.991     0.999854         8401      6826.67
   88276.991     0.999878         8401      8192.00
   88997.887     0.999890         8402      9102.22
   88997.887     1.000000         8402          inf
#[Mean    =    44100.715, StdDeviation   =    20545.211]
#[Max     =    88932.352, Total count    =         8402]
#[Buckets =           27, SubBuckets     =         2048]
----------------------------------------------------------
  8493 requests in 15.00m, 1.74MB read
  Socket errors: connect 0, read 0, write 5, timeout 19
Requests/sec:      9.44
Transfer/sec:      1.98KB
