Running 15m test @ http://10.110.213.15:8080/wrk2-api/post/compose
  2 threads and 4 connections
  Thread calibration: mean lat.: 4836.758ms, rate sampling interval: 13754ms
  Thread calibration: mean lat.: 3527.201ms, rate sampling interval: 10665ms
  Thread Stats   Avg      Stdev     99%   +/- Stdev
    Latency     1.29m    23.51s    1.82m    48.29%
    Req/Sec    27.05      6.93    32.00     89.12%
  Latency Distribution (HdrHistogram - Recorded Latency)
 50.000%    1.37m 
 75.000%    1.51m 
 90.000%    1.78m 
 99.000%    1.82m 
 99.900%    1.84m 
 99.990%    1.85m 
 99.999%    1.85m 
100.000%    1.85m 

  Detailed Percentile spectrum:
       Value   Percentile   TotalCount 1/(1-Percentile)

    5865.471     0.000000            1         1.00
   44400.639     0.100000         4943         1.11
   46170.111     0.200000         9799         1.25
   75956.223     0.300000        14736         1.43
   79233.023     0.400000        19683         1.67
   82051.071     0.500000        24588         2.00
   83427.327     0.550000        26960         2.22
   85065.727     0.600000        29422         2.50
   86179.839     0.650000        31858         2.86
   87621.631     0.700000        34372         3.33
   90767.359     0.750000        36734         4.00
  102957.055     0.775000        37990         4.44
  104267.775     0.800000        39201         5.00
  104923.135     0.825000        40497         5.71
  105578.495     0.850000        41634         6.67
  106233.855     0.875000        42906         8.00
  106495.999     0.887500        43634         8.89
  106692.607     0.900000        44188        10.00
  106889.215     0.912500        44719        11.43
  107151.359     0.925000        45404        13.33
  107413.503     0.937500        46025        16.00
  107544.575     0.943750        46326        17.78
  107675.647     0.950000        46658        20.00
  107741.183     0.956250        46829        22.86
  107937.791     0.962500        47213        26.67
  108134.399     0.968750        47455        32.00
  108265.471     0.971875        47597        35.56
  108396.543     0.975000        47759        40.00
  108527.615     0.978125        47893        45.71
  108724.223     0.981250        48105        53.33
  108855.295     0.984375        48200        64.00
  109051.903     0.985938        48316        71.11
  109117.439     0.987500        48353        80.00
  109248.511     0.989062        48447        91.43
  109379.583     0.990625        48520       106.67
  109576.191     0.992188        48592       128.00
  109707.263     0.992969        48629       142.22
  109838.335     0.993750        48678       160.00
  109903.871     0.994531        48700       182.86
  110034.943     0.995313        48745       213.33
  110231.551     0.996094        48782       256.00
  110297.087     0.996484        48808       284.44
  110362.623     0.996875        48832       320.00
  110362.623     0.997266        48832       365.71
  110428.159     0.997656        48854       426.67
  110559.231     0.998047        48875       512.00
  110624.767     0.998242        48906       568.89
  110624.767     0.998437        48906       640.00
  110624.767     0.998633        48906       731.43
  110690.303     0.998828        48921       853.33
  110690.303     0.999023        48921      1024.00
  110690.303     0.999121        48921      1137.78
  110755.839     0.999219        48930      1280.00
  110821.375     0.999316        48938      1462.86
  110821.375     0.999414        48938      1706.67
  110886.911     0.999512        48950      2048.00
  110886.911     0.999561        48950      2275.56
  110886.911     0.999609        48950      2560.00
  110886.911     0.999658        48950      2925.71
  110886.911     0.999707        48950      3413.33
  110952.447     0.999756        48955      4096.00
  110952.447     0.999780        48955      4551.11
  110952.447     0.999805        48955      5120.00
  111017.983     0.999829        48958      5851.43
  111017.983     0.999854        48958      6826.67
  111083.519     0.999878        48963      8192.00
  111083.519     0.999890        48963      9102.22
  111083.519     0.999902        48963     10240.00
  111083.519     0.999915        48963     11702.86
  111083.519     0.999927        48963     13653.33
  111083.519     0.999939        48963     16384.00
  111083.519     0.999945        48963     18204.44
  111083.519     0.999951        48963     20480.00
  111083.519     0.999957        48963     23405.71
  111083.519     0.999963        48963     27306.67
  111083.519     0.999969        48963     32768.00
  111083.519     0.999973        48963     36408.89
  111083.519     0.999976        48963     40960.00
  111083.519     0.999979        48963     46811.43
  111149.055     0.999982        48964     54613.33
  111149.055     1.000000        48964          inf
#[Mean    =    77441.236, StdDeviation   =    23512.392]
#[Max     =   111083.520, Total count    =        48964]
#[Buckets =           27, SubBuckets     =         2048]
----------------------------------------------------------
  49126 requests in 15.00m, 428.59MB read
  Socket errors: connect 0, read 0, write 5, timeout 0
Requests/sec:     54.58
Transfer/sec:    487.61KB
