Running 15m test @ http://10.110.213.15:8080/wrk2-api/post/compose
  2 threads and 4 connections
  Thread calibration: mean lat.: 4696.678ms, rate sampling interval: 13484ms
  Thread calibration: mean lat.: 4772.174ms, rate sampling interval: 14475ms
  Thread Stats   Avg      Stdev     99%   +/- Stdev
    Latency     1.25m    30.30s    1.93m    50.79%
    Req/Sec    13.28      3.46    17.00     89.76%
  Latency Distribution (HdrHistogram - Recorded Latency)
 50.000%    0.92m 
 75.000%    1.76m 
 90.000%    1.84m 
 99.000%    1.93m 
 99.900%    1.96m 
 99.990%    1.97m 
 99.999%    1.98m 
100.000%    1.98m 

  Detailed Percentile spectrum:
       Value   Percentile   TotalCount 1/(1-Percentile)

    7737.343     0.000000            1         1.00
   41058.303     0.100000         2480         1.11
   42991.615     0.200000         4927         1.25
   48594.943     0.300000         7371         1.43
   51281.919     0.400000         9820         1.67
   55050.239     0.500000        12272         2.00
   99024.895     0.550000        13523         2.22
  101384.191     0.600000        14767         2.50
  102957.055     0.650000        15958         2.86
  104136.703     0.700000        17204         3.33
  105316.351     0.750000        18472         4.00
  105775.103     0.775000        19096         4.44
  106233.855     0.800000        19681         5.00
  106889.215     0.825000        20246         5.71
  108199.935     0.850000        20869         6.67
  109182.975     0.875000        21490         8.00
  109772.799     0.887500        21798         8.89
  110231.551     0.900000        22086        10.00
  110952.447     0.912500        22417        11.43
  111476.735     0.925000        22713        13.33
  112132.095     0.937500        23021        16.00
  112394.239     0.943750        23158        17.78
  112787.455     0.950000        23315        20.00
  113115.135     0.956250        23487        22.86
  113508.351     0.962500        23651        26.67
  113836.031     0.968750        23800        32.00
  113967.103     0.971875        23854        35.56
  114163.711     0.975000        23933        40.00
  114360.319     0.978125        24012        45.71
  114556.927     0.981250        24090        53.33
  114753.535     0.984375        24154        64.00
  115015.679     0.985938        24200        71.11
  115212.287     0.987500        24236        80.00
  115539.967     0.989062        24274        91.43
  115802.111     0.990625        24307       106.67
  115998.719     0.992188        24346       128.00
  116129.791     0.992969        24369       142.22
  116260.863     0.993750        24387       160.00
  116588.543     0.994531        24406       182.86
  116850.687     0.995313        24430       213.33
  116916.223     0.996094        24442       256.00
  117047.295     0.996484        24458       284.44
  117112.831     0.996875        24468       320.00
  117178.367     0.997266        24476       365.71
  117243.903     0.997656        24480       426.67
  117440.511     0.998047        24494       512.00
  117440.511     0.998242        24494       568.89
  117571.583     0.998437        24500       640.00
  117702.655     0.998633        24505       731.43
  117768.191     0.998828        24509       853.33
  117899.263     0.999023        24515      1024.00
  117964.799     0.999121        24518      1137.78
  117964.799     0.999219        24518      1280.00
  118030.335     0.999316        24522      1462.86
  118095.871     0.999414        24525      1706.67
  118161.407     0.999512        24526      2048.00
  118226.943     0.999561        24527      2275.56
  118292.479     0.999609        24531      2560.00
  118292.479     0.999658        24531      2925.71
  118292.479     0.999707        24531      3413.33
  118358.015     0.999756        24534      4096.00
  118358.015     0.999780        24534      4551.11
  118358.015     0.999805        24534      5120.00
  118358.015     0.999829        24534      5851.43
  118358.015     0.999854        24534      6826.67
  118423.551     0.999878        24535      8192.00
  118423.551     0.999890        24535      9102.22
  118423.551     0.999902        24535     10240.00
  118423.551     0.999915        24535     11702.86
  118620.159     0.999927        24536     13653.33
  118620.159     0.999939        24536     16384.00
  118620.159     0.999945        24536     18204.44
  118620.159     0.999951        24536     20480.00
  118620.159     0.999957        24536     23405.71
  118685.695     0.999963        24537     27306.67
  118685.695     1.000000        24537          inf
#[Mean    =    74961.525, StdDeviation   =    30298.070]
#[Max     =   118620.160, Total count    =        24537]
#[Buckets =           27, SubBuckets     =         2048]
----------------------------------------------------------
  24580 requests in 15.00m, 303.97MB read
  Socket errors: connect 0, read 0, write 6, timeout 0
Requests/sec:     27.31
Transfer/sec:    345.83KB
