Running 15m test @ http://10.103.35.62:8080/wrk2-api/post/compose
  2 threads and 4 connections
  Thread calibration: mean lat.: 782.251ms, rate sampling interval: 2920ms
  Thread calibration: mean lat.: 1114.187ms, rate sampling interval: 5349ms
  Thread Stats   Avg      Stdev     99%   +/- Stdev
    Latency    48.24s    19.23s    1.40m    62.10%
    Req/Sec     4.23      1.51     7.00     91.49%
  Latency Distribution (HdrHistogram - Recorded Latency)
 50.000%   48.23s 
 75.000%    0.98m 
 90.000%    1.27m 
 99.000%    1.40m 
 99.900%    1.45m 
 99.990%    1.46m 
 99.999%    1.46m 
100.000%    1.46m 

  Detailed Percentile spectrum:
       Value   Percentile   TotalCount 1/(1-Percentile)

      14.111     0.000000            1         1.00
   26984.447     0.100000          842         1.11
   30162.943     0.200000         1673         1.25
   39485.439     0.300000         2508         1.43
   45055.999     0.400000         3345         1.67
   48234.495     0.500000         4183         2.00
   49938.431     0.550000         4599         2.22
   51347.455     0.600000         5018         2.50
   52461.567     0.650000         5440         2.86
   54296.575     0.700000         5856         3.33
   58982.399     0.750000         6270         4.00
   63995.903     0.775000         6479         4.44
   70516.735     0.800000         6692         5.00
   72941.567     0.825000         6904         5.71
   74252.287     0.850000         7115         6.67
   75169.791     0.875000         7326         8.00
   75628.543     0.887500         7425         8.89
   76152.831     0.900000         7533        10.00
   76677.119     0.912500         7636        11.43
   77201.407     0.925000         7737        13.33
   77725.695     0.937500         7851        16.00
   77987.839     0.943750         7897        17.78
   78381.055     0.950000         7947        20.00
   78970.879     0.956250         7996        22.86
   79822.847     0.962500         8046        26.67
   80412.671     0.968750         8098        32.00
   80674.815     0.971875         8124        35.56
   80936.959     0.975000         8151        40.00
   81199.103     0.978125         8177        45.71
   81723.391     0.981250         8206        53.33
   82313.215     0.984375         8232        64.00
   83099.647     0.985938         8243        71.11
   83558.399     0.987500         8256        80.00
   83951.615     0.989062         8268        91.43
   84410.367     0.990625         8282       106.67
   84869.119     0.992188         8294       128.00
   85065.727     0.992969         8302       142.22
   85196.799     0.993750         8307       160.00
   85393.407     0.994531         8319       182.86
   85458.943     0.995313         8320       213.33
   85917.695     0.996094         8328       256.00
   86048.767     0.996484         8330       284.44
   86179.839     0.996875         8333       320.00
   86376.447     0.997266         8340       365.71
   86376.447     0.997656         8340       426.67
   86441.983     0.998047         8343       512.00
   86573.055     0.998242         8346       568.89
   86573.055     0.998437         8346       640.00
   86900.735     0.998633         8350       731.43
   86900.735     0.998828         8350       853.33
   87031.807     0.999023         8352      1024.00
   87031.807     0.999121         8352      1137.78
   87097.343     0.999219         8353      1280.00
   87293.951     0.999316         8354      1462.86
   87359.487     0.999414         8356      1706.67
   87359.487     0.999512         8356      2048.00
   87359.487     0.999561         8356      2275.56
   87359.487     0.999609         8356      2560.00
   87556.095     0.999658         8357      2925.71
   87556.095     0.999707         8357      3413.33
   87556.095     0.999756         8357      4096.00
   87752.703     0.999780         8358      4551.11
   87752.703     0.999805         8358      5120.00
   87752.703     0.999829         8358      5851.43
   87752.703     0.999854         8358      6826.67
   87752.703     0.999878         8358      8192.00
   87883.775     0.999890         8359      9102.22
   87883.775     1.000000         8359          inf
#[Mean    =    48240.718, StdDeviation   =    19231.874]
#[Max     =    87818.240, Total count    =         8359]
#[Buckets =           27, SubBuckets     =         2048]
----------------------------------------------------------
  8455 requests in 15.00m, 1.73MB read
  Socket errors: connect 0, read 0, write 5, timeout 19
Requests/sec:      9.39
Transfer/sec:      1.97KB
