Running 15m test @ http://10.103.35.62:8080/wrk2-api/post/compose
  2 threads and 4 connections
  Thread calibration: mean lat.: 3465.188ms, rate sampling interval: 12673ms
  Thread calibration: mean lat.: 3938.265ms, rate sampling interval: 12165ms
  Thread Stats   Avg      Stdev     99%   +/- Stdev
    Latency     1.18m    28.33s    1.96m    75.05%
    Req/Sec    27.24      7.20    32.00     90.91%
  Latency Distribution (HdrHistogram - Recorded Latency)
 50.000%   48.92s 
 75.000%    1.48m 
 90.000%    1.89m 
 99.000%    1.96m 
 99.900%    1.99m 
 99.990%    1.99m 
 99.999%    2.00m 
100.000%    2.00m 

  Detailed Percentile spectrum:
       Value   Percentile   TotalCount 1/(1-Percentile)

    7225.343     0.000000            1         1.00
   44466.175     0.100000         4979         1.11
   45580.287     0.200000        10029         1.25
   46563.327     0.300000        14840         1.43
   47611.903     0.400000        19878         1.67
   48922.623     0.500000        24705         2.00
   83099.647     0.550000        27199         2.22
   84410.367     0.600000        29688         2.50
   85262.335     0.650000        32234         2.86
   86835.199     0.700000        34657         3.33
   88866.815     0.750000        37070         4.00
  107544.575     0.775000        38292         4.44
  109903.871     0.800000        39529         5.00
  111083.519     0.825000        40764         5.71
  112001.023     0.850000        42016         6.67
  112852.991     0.875000        43217         8.00
  113246.207     0.887500        43884         8.89
  113573.887     0.900000        44502        10.00
  113770.495     0.912500        45069        11.43
  113967.103     0.925000        45750        13.33
  114163.711     0.937500        46318        16.00
  114294.783     0.943750        46687        17.78
  114425.855     0.950000        47024        20.00
  114556.927     0.956250        47235        22.86
  114753.535     0.962500        47542        26.67
  115015.679     0.968750        47864        32.00
  115277.823     0.971875        47998        35.56
  115671.039     0.975000        48175        40.00
  115867.647     0.978125        48326        45.71
  116129.791     0.981250        48466        53.33
  116523.007     0.984375        48616        64.00
  116916.223     0.985938        48696        71.11
  117112.831     0.987500        48772        80.00
  117440.511     0.989062        48858        91.43
  117637.119     0.990625        48936       106.67
  117833.727     0.992188        49028       128.00
  117899.263     0.992969        49083       142.22
  117899.263     0.993750        49083       160.00
  117964.799     0.994531        49125       182.86
  118030.335     0.995313        49169       213.33
  118095.871     0.996094        49209       256.00
  118161.407     0.996484        49234       284.44
  118161.407     0.996875        49234       320.00
  118226.943     0.997266        49267       365.71
  118292.479     0.997656        49286       426.67
  118358.015     0.998047        49289       512.00
  118423.551     0.998242        49298       568.89
  118489.087     0.998437        49310       640.00
  118816.767     0.998633        49317       731.43
  119013.375     0.998828        49327       853.33
  119209.983     0.999023        49341      1024.00
  119209.983     0.999121        49341      1137.78
  119275.519     0.999219        49357      1280.00
  119275.519     0.999316        49357      1462.86
  119275.519     0.999414        49357      1706.67
  119341.055     0.999512        49363      2048.00
  119341.055     0.999561        49363      2275.56
  119406.591     0.999609        49373      2560.00
  119406.591     0.999658        49373      2925.71
  119406.591     0.999707        49373      3413.33
  119406.591     0.999756        49373      4096.00
  119472.127     0.999780        49380      4551.11
  119472.127     0.999805        49380      5120.00
  119472.127     0.999829        49380      5851.43
  119472.127     0.999854        49380      6826.67
  119472.127     0.999878        49380      8192.00
  119472.127     0.999890        49380      9102.22
  119472.127     0.999902        49380     10240.00
  119472.127     0.999915        49380     11702.86
  119537.663     0.999927        49383     13653.33
  119537.663     0.999939        49383     16384.00
  119537.663     0.999945        49383     18204.44
  119537.663     0.999951        49383     20480.00
  119537.663     0.999957        49383     23405.71
  119537.663     0.999963        49383     27306.67
  119537.663     0.999969        49383     32768.00
  119537.663     0.999973        49383     36408.89
  119537.663     0.999976        49383     40960.00
  119537.663     0.999979        49383     46811.43
  119734.271     0.999982        49384     54613.33
  119734.271     1.000000        49384          inf
#[Mean    =    71032.563, StdDeviation   =    28327.331]
#[Max     =   119668.736, Total count    =        49384]
#[Buckets =           27, SubBuckets     =         2048]
----------------------------------------------------------
  49517 requests in 15.00m, 428.60MB read
  Socket errors: connect 0, read 0, write 5, timeout 0
Requests/sec:     55.02
Transfer/sec:    487.62KB
