Running 15m test @ http://10.103.35.62:8080/wrk2-api/post/compose
  2 threads and 4 connections
  Thread calibration: mean lat.: 5010.199ms, rate sampling interval: 16195ms
  Thread calibration: mean lat.: 4573.843ms, rate sampling interval: 12320ms
  Thread Stats   Avg      Stdev     99%   +/- Stdev
    Latency     1.40m    25.00s    1.96m    52.26%
    Req/Sec    13.17      3.66    16.00     89.68%
  Latency Distribution (HdrHistogram - Recorded Latency)
 50.000%    1.39m 
 75.000%    1.78m 
 90.000%    1.87m 
 99.000%    1.96m 
 99.900%    1.98m 
 99.990%    1.99m 
 99.999%    1.99m 
100.000%    1.99m 

  Detailed Percentile spectrum:
       Value   Percentile   TotalCount 1/(1-Percentile)

    6479.871     0.000000            1         1.00
   49315.839     0.100000         2469         1.11
   51085.311     0.200000         4886         1.25
   75235.327     0.300000         7295         1.43
   78839.807     0.400000         9738         1.67
   83296.255     0.500000        12136         2.00
   96927.743     0.550000        13334         2.22
  100007.935     0.600000        14565         2.50
  101908.479     0.650000        15796         2.86
  104136.703     0.700000        16983         3.33
  106758.143     0.750000        18199         4.00
  108134.399     0.775000        18804         4.44
  109248.511     0.800000        19444         5.00
  110034.943     0.825000        20005         5.71
  110690.303     0.850000        20625         6.67
  111345.663     0.875000        21252         8.00
  111738.879     0.887500        21524         8.89
  112197.631     0.900000        21846        10.00
  112590.847     0.912500        22124        11.43
  113115.135     0.925000        22427        13.33
  113639.423     0.937500        22780        16.00
  113836.031     0.943750        22909        17.78
  114098.175     0.950000        23061        20.00
  114425.855     0.956250        23207        22.86
  114687.999     0.962500        23341        26.67
  115146.751     0.968750        23505        32.00
  115277.823     0.971875        23576        35.56
  115474.431     0.975000        23656        40.00
  115802.111     0.978125        23724        45.71
  116260.863     0.981250        23797        53.33
  116654.079     0.984375        23867        64.00
  116916.223     0.985938        23905        71.11
  117178.367     0.987500        23949        80.00
  117440.511     0.989062        23982        91.43
  117702.655     0.990625        24031       106.67
  117833.727     0.992188        24060       128.00
  117899.263     0.992969        24074       142.22
  118095.871     0.993750        24094       160.00
  118226.943     0.994531        24118       182.86
  118292.479     0.995313        24132       213.33
  118489.087     0.996094        24154       256.00
  118554.623     0.996484        24160       284.44
  118685.695     0.996875        24171       320.00
  118751.231     0.997266        24183       365.71
  118816.767     0.997656        24188       426.67
  118947.839     0.998047        24202       512.00
  118947.839     0.998242        24202       568.89
  119013.375     0.998437        24212       640.00
  119013.375     0.998633        24212       731.43
  119078.911     0.998828        24223       853.33
  119078.911     0.999023        24223      1024.00
  119078.911     0.999121        24223      1137.78
  119144.447     0.999219        24230      1280.00
  119144.447     0.999316        24230      1462.86
  119144.447     0.999414        24230      1706.67
  119209.983     0.999512        24237      2048.00
  119209.983     0.999561        24237      2275.56
  119209.983     0.999609        24237      2560.00
  119209.983     0.999658        24237      2925.71
  119209.983     0.999707        24237      3413.33
  119275.519     0.999756        24240      4096.00
  119275.519     0.999780        24240      4551.11
  119275.519     0.999805        24240      5120.00
  119275.519     0.999829        24240      5851.43
  119275.519     0.999854        24240      6826.67
  119341.055     0.999878        24241      8192.00
  119341.055     0.999890        24241      9102.22
  119341.055     0.999902        24241     10240.00
  119341.055     0.999915        24241     11702.86
  119406.591     0.999927        24242     13653.33
  119406.591     0.999939        24242     16384.00
  119406.591     0.999945        24242     18204.44
  119406.591     0.999951        24242     20480.00
  119406.591     0.999957        24242     23405.71
  119537.663     0.999963        24243     27306.67
  119537.663     1.000000        24243          inf
#[Mean    =    83929.777, StdDeviation   =    24999.654]
#[Max     =   119472.128, Total count    =        24243]
#[Buckets =           27, SubBuckets     =         2048]
----------------------------------------------------------
  24307 requests in 15.00m, 300.66MB read
  Socket errors: connect 0, read 0, write 6, timeout 0
Requests/sec:     27.01
Transfer/sec:    342.07KB
