Running 15m test @ http://10.111.180.85:8080/wrk2-api/post/compose
  2 threads and 4 connections
  Thread calibration: mean lat.: 44.556ms, rate sampling interval: 96ms
  Thread calibration: mean lat.: 20.988ms, rate sampling interval: 57ms
  Thread Stats   Avg      Stdev     99%   +/- Stdev
    Latency    16.96s    14.92s   39.68s    38.75%
    Req/Sec     4.71      8.29    35.00     81.82%
  Latency Distribution (HdrHistogram - Recorded Latency)
 50.000%   23.94s 
 75.000%   30.13s 
 90.000%   34.41s 
 99.000%   39.68s 
 99.900%   43.75s 
 99.990%   45.58s 
 99.999%   45.88s 
100.000%   45.88s 

  Detailed Percentile spectrum:
       Value   Percentile   TotalCount 1/(1-Percentile)

      10.255     0.000000            1         1.00
     111.295     0.100000          862         1.11
     302.591     0.200000         1725         1.25
     623.103     0.300000         2587         1.43
    1342.463     0.400000         3449         1.67
   23937.023     0.500000         4311         2.00
   25378.815     0.550000         4741         2.22
   26623.999     0.600000         5177         2.50
   27852.799     0.650000         5607         2.86
   28950.527     0.700000         6039         3.33
   30146.559     0.750000         6472         4.00
   30900.223     0.775000         6682         4.44
   31571.967     0.800000         6897         5.00
   32309.247     0.825000         7117         5.71
   32997.375     0.850000         7328         6.67
   33652.735     0.875000         7542         8.00
   33947.647     0.887500         7651         8.89
   34406.399     0.900000         7759        10.00
   34897.919     0.912500         7869        11.43
   35323.903     0.925000         7977        13.33
   35782.655     0.937500         8087        16.00
   36012.031     0.943750         8136        17.78
   36306.943     0.950000         8191        20.00
   36667.391     0.956250         8244        22.86
   37126.143     0.962500         8298        26.67
   37584.895     0.968750         8350        32.00
   37814.271     0.971875         8380        35.56
   38076.415     0.975000         8404        40.00
   38338.559     0.978125         8432        45.71
   38633.471     0.981250         8458        53.33
   38993.919     0.984375         8487        64.00
   39157.759     0.985938         8498        71.11
   39354.367     0.987500         8512        80.00
   39518.207     0.989062         8525        91.43
   39747.583     0.990625         8539       106.67
   40042.495     0.992188         8552       128.00
   40173.567     0.992969         8560       142.22
   40337.407     0.993750         8569       160.00
   40435.711     0.994531         8573       182.86
   40566.783     0.995313         8580       213.33
   40697.855     0.996094         8587       256.00
   40959.999     0.996484         8589       284.44
   41189.375     0.996875         8593       320.00
   41320.447     0.997266         8596       365.71
   41779.199     0.997656         8599       426.67
   42237.951     0.998047         8603       512.00
   42401.791     0.998242         8604       568.89
   42893.311     0.998437         8606       640.00
   43548.671     0.998633         8608       731.43
   43646.975     0.998828         8609       853.33
   43810.815     0.999023         8611      1024.00
   43876.351     0.999121         8612      1137.78
   44040.191     0.999219         8613      1280.00
   44072.959     0.999316         8614      1462.86
   44072.959     0.999414         8614      1706.67
   44957.695     0.999512         8615      2048.00
   45121.535     0.999561         8616      2275.56
   45121.535     0.999609         8616      2560.00
   45547.519     0.999658         8617      2925.71
   45547.519     0.999707         8617      3413.33
   45547.519     0.999756         8617      4096.00
   45580.287     0.999780         8618      4551.11
   45580.287     0.999805         8618      5120.00
   45580.287     0.999829         8618      5851.43
   45580.287     0.999854         8618      6826.67
   45580.287     0.999878         8618      8192.00
   45875.199     0.999890         8619      9102.22
   45875.199     1.000000         8619          inf
#[Mean    =    16957.412, StdDeviation   =    14917.690]
#[Max     =    45842.432, Total count    =         8619]
#[Buckets =           27, SubBuckets     =         2048]
----------------------------------------------------------
  8730 requests in 15.00m, 1.79MB read
  Socket errors: connect 0, read 0, write 12, timeout 16
Requests/sec:      9.70
Transfer/sec:      2.04KB
