Running 15m test @ http://10.111.180.85:8080/wrk2-api/post/compose
  2 threads and 4 connections
  Thread calibration: mean lat.: 12.366ms, rate sampling interval: 50ms
  Thread calibration: mean lat.: 16.131ms, rate sampling interval: 80ms
  Thread Stats   Avg      Stdev     99%   +/- Stdev
    Latency     4.66s    10.66s   31.82s    85.03%
    Req/Sec    29.54     22.78   100.00     66.33%
  Latency Distribution (HdrHistogram - Recorded Latency)
 50.000%  174.98ms
 75.000%  381.70ms
 90.000%   29.54s 
 99.000%   31.82s 
 99.900%   32.65s 
 99.990%   32.85s 
 99.999%   32.92s 
100.000%   32.93s 

  Detailed Percentile spectrum:
       Value   Percentile   TotalCount 1/(1-Percentile)

       2.487     0.000000            1         1.00
      37.247     0.100000         5233         1.11
      67.391     0.200000        10465         1.25
      97.919     0.300000        15695         1.43
     132.479     0.400000        20928         1.67
     174.975     0.500000        26160         2.00
     201.343     0.550000        28778         2.22
     231.807     0.600000        31381         2.50
     268.031     0.650000        33998         2.86
     316.671     0.700000        36612         3.33
     381.695     0.750000        39231         4.00
     425.471     0.775000        40539         4.44
     484.095     0.800000        41841         5.00
     579.071     0.825000        43149         5.71
    1360.895     0.850000        44454         6.67
   29048.831     0.875000        45770         8.00
   29310.975     0.887500        46440         8.89
   29540.351     0.900000        47070        10.00
   29753.343     0.912500        47731        11.43
   29933.567     0.925000        48409        13.33
   30097.407     0.937500        49057        16.00
   30195.711     0.943750        49372        17.78
   30326.783     0.950000        49685        20.00
   30490.623     0.956250        50011        22.86
   30703.615     0.962500        50345        26.67
   31014.911     0.968750        50674        32.00
   31129.599     0.971875        50829        35.56
   31227.903     0.975000        50998        40.00
   31326.207     0.978125        51175        45.71
   31424.511     0.981250        51329        53.33
   31539.199     0.984375        51491        64.00
   31604.735     0.985938        51568        71.11
   31703.039     0.987500        51661        80.00
   31768.575     0.989062        51731        91.43
   31850.495     0.990625        51825       106.67
   31932.415     0.992188        51900       128.00
   31981.567     0.992969        51940       142.22
   32047.103     0.993750        51975       160.00
   32145.407     0.994531        52021       182.86
   32210.943     0.995313        52055       213.33
   32309.247     0.996094        52098       256.00
   32342.015     0.996484        52117       284.44
   32391.167     0.996875        52137       320.00
   32440.319     0.997266        52159       365.71
   32505.855     0.997656        52179       426.67
   32555.007     0.998047        52200       512.00
   32587.775     0.998242        52217       568.89
   32587.775     0.998437        52217       640.00
   32604.159     0.998633        52227       731.43
   32636.927     0.998828        52243       853.33
   32653.311     0.999023        52248      1024.00
   32669.695     0.999121        52259      1137.78
   32669.695     0.999219        52259      1280.00
   32702.463     0.999316        52264      1462.86
   32718.847     0.999414        52270      1706.67
   32735.231     0.999512        52276      2048.00
   32735.231     0.999561        52276      2275.56
   32751.615     0.999609        52279      2560.00
   32767.999     0.999658        52285      2925.71
   32767.999     0.999707        52285      3413.33
   32784.383     0.999756        52288      4096.00
   32784.383     0.999780        52288      4551.11
   32784.383     0.999805        52288      5120.00
   32800.767     0.999829        52291      5851.43
   32800.767     0.999854        52291      6826.67
   32849.919     0.999878        52294      8192.00
   32849.919     0.999890        52294      9102.22
   32849.919     0.999902        52294     10240.00
   32849.919     0.999915        52294     11702.86
   32882.687     0.999927        52295     13653.33
   32882.687     0.999939        52295     16384.00
   32899.071     0.999945        52296     18204.44
   32899.071     0.999951        52296     20480.00
   32899.071     0.999957        52296     23405.71
   32915.455     0.999963        52297     27306.67
   32915.455     0.999969        52297     32768.00
   32915.455     0.999973        52297     36408.89
   32915.455     0.999976        52297     40960.00
   32915.455     0.999979        52297     46811.43
   32931.839     0.999982        52298     54613.33
   32931.839     1.000000        52298          inf
#[Mean    =     4658.422, StdDeviation   =    10663.715]
#[Max     =    32915.456, Total count    =        52298]
#[Buckets =           27, SubBuckets     =         2048]
----------------------------------------------------------
  52949 requests in 15.00m, 441.06MB read
  Socket errors: connect 0, read 5, write 12, timeout 0
Requests/sec:     58.83
Transfer/sec:    501.81KB
