Running 15m test @ http://10.111.180.85:8080/wrk2-api/post/compose
  2 threads and 4 connections
  Thread calibration: mean lat.: 25.859ms, rate sampling interval: 77ms
  Thread calibration: mean lat.: 28.805ms, rate sampling interval: 75ms
  Thread Stats   Avg      Stdev     99%   +/- Stdev
    Latency    15.03s    15.61s   35.65s    70.55%
    Req/Sec    14.38     13.36    53.00     58.73%
  Latency Distribution (HdrHistogram - Recorded Latency)
 50.000%  654.85ms
 75.000%   31.20s 
 90.000%   33.06s 
 99.000%   35.65s 
 99.900%   37.68s 
 99.990%   38.11s 
 99.999%   38.21s 
100.000%   38.21s 

  Detailed Percentile spectrum:
       Value   Percentile   TotalCount 1/(1-Percentile)

       4.779     0.000000            1         1.00
      51.583     0.100000         2609         1.11
     112.127     0.200000         5217         1.25
     196.863     0.300000         7823         1.43
     332.799     0.400000        10431         1.67
     654.847     0.500000        13040         2.00
   28016.639     0.550000        14346         2.22
   29196.287     0.600000        15668         2.50
   29917.183     0.650000        16971         2.86
   30588.927     0.700000        18267         3.33
   31195.135     0.750000        19561         4.00
   31473.663     0.775000        20227         4.44
   31784.959     0.800000        20865         5.00
   32079.871     0.825000        21512         5.71
   32391.167     0.850000        22171         6.67
   32702.463     0.875000        22835         8.00
   32882.687     0.887500        23146         8.89
   33062.911     0.900000        23475        10.00
   33259.519     0.912500        23794        11.43
   33521.663     0.925000        24130        13.33
   33849.343     0.937500        24472        16.00
   33980.415     0.943750        24644        17.78
   34078.719     0.950000        24801        20.00
   34209.791     0.956250        24951        22.86
   34340.863     0.962500        25101        26.67
   34537.471     0.968750        25271        32.00
   34635.775     0.971875        25353        35.56
   34766.847     0.975000        25439        40.00
   34897.919     0.978125        25517        45.71
   35028.991     0.981250        25588        53.33
   35225.599     0.984375        25678        64.00
   35323.903     0.985938        25715        71.11
   35454.975     0.987500        25754        80.00
   35553.279     0.989062        25790        91.43
   35717.119     0.990625        25837       106.67
   35880.959     0.992188        25874       128.00
   35979.263     0.992969        25896       142.22
   36044.799     0.993750        25916       160.00
   36175.871     0.994531        25934       182.86
   36306.943     0.995313        25953       213.33
   36929.535     0.996094        25974       256.00
   37126.143     0.996484        25985       284.44
   37224.447     0.996875        25994       320.00
   37322.751     0.997266        26006       365.71
   37388.287     0.997656        26014       426.67
   37486.591     0.998047        26026       512.00
   37584.895     0.998242        26037       568.89
   37584.895     0.998437        26037       640.00
   37617.663     0.998633        26040       731.43
   37650.431     0.998828        26046       853.33
   37683.199     0.999023        26051      1024.00
   37715.967     0.999121        26054      1137.78
   37748.735     0.999219        26056      1280.00
   37781.503     0.999316        26059      1462.86
   37814.271     0.999414        26063      1706.67
   37814.271     0.999512        26063      2048.00
   37847.039     0.999561        26067      2275.56
   37847.039     0.999609        26067      2560.00
   37847.039     0.999658        26067      2925.71
   37879.807     0.999707        26068      3413.33
   37978.111     0.999756        26069      4096.00
   38109.183     0.999780        26072      4551.11
   38109.183     0.999805        26072      5120.00
   38109.183     0.999829        26072      5851.43
   38109.183     0.999854        26072      6826.67
   38109.183     0.999878        26072      8192.00
   38141.951     0.999890        26074      9102.22
   38141.951     0.999902        26074     10240.00
   38141.951     0.999915        26074     11702.86
   38141.951     0.999927        26074     13653.33
   38141.951     0.999939        26074     16384.00
   38141.951     0.999945        26074     18204.44
   38141.951     0.999951        26074     20480.00
   38141.951     0.999957        26074     23405.71
   38207.487     0.999963        26075     27306.67
   38207.487     1.000000        26075          inf
#[Mean    =    15027.299, StdDeviation   =    15612.022]
#[Max     =    38174.720, Total count    =        26075]
#[Buckets =           27, SubBuckets     =         2048]
----------------------------------------------------------
  26380 requests in 15.00m, 344.53MB read
  Socket errors: connect 0, read 0, write 12, timeout 0
Requests/sec:     29.31
Transfer/sec:    391.98KB
