Running 15m test @ http://10.100.147.7:8080/wrk2-api/post/compose
  2 threads and 4 connections
  Thread calibration: mean lat.: 17.043ms, rate sampling interval: 46ms
  Thread calibration: mean lat.: 18.472ms, rate sampling interval: 45ms
  Thread Stats   Avg      Stdev     99%   +/- Stdev
    Latency     2.56m     2.16m    8.60m    73.52%
    Req/Sec     3.09      8.34    43.00     86.95%
  Latency Distribution (HdrHistogram - Recorded Latency)
 50.000%    2.24m 
 75.000%    3.54m 
 90.000%    4.75m 
 99.000%    8.60m 
 99.900%    8.63m 
 99.990%    8.64m 
 99.999%    8.64m 
100.000%    8.64m 

  Detailed Percentile spectrum:
       Value   Percentile   TotalCount 1/(1-Percentile)

       8.039     0.000000            1         1.00
     613.375     0.100000          555         1.11
   37453.823     0.200000         1109         1.25
   81788.927     0.300000         1663         1.43
  114360.319     0.400000         2218         1.67
  134479.871     0.500000         2772         2.00
  147980.287     0.550000         3050         2.22
  159907.839     0.600000         3328         2.50
  167641.087     0.650000         3603         2.86
  183500.799     0.700000         3881         3.33
  212205.567     0.750000         4160         4.00
  221118.463     0.775000         4296         4.44
  228720.639     0.800000         4435         5.00
  239730.687     0.825000         4574         5.71
  247857.151     0.850000         4713         6.67
  265158.655     0.875000         4851         8.00
  273416.191     0.887500         4920         8.89
  284950.527     0.900000         4989        10.00
  320602.111     0.912500         5058        11.43
  408682.495     0.925000         5128        13.33
  479723.519     0.937500         5198        16.00
  492830.719     0.943750         5233        17.78
  501481.471     0.950000         5267        20.00
  509083.647     0.956250         5304        22.86
  512491.519     0.962500         5345        26.67
  513277.951     0.968750         5389        32.00
  513277.951     0.971875         5389        35.56
  513802.239     0.975000         5414        40.00
  514064.383     0.978125         5426        45.71
  514588.671     0.981250         5445        53.33
  515112.959     0.984375         5458        64.00
  515375.103     0.985938         5468        71.11
  515637.247     0.987500         5482        80.00
  515899.391     0.989062         5494        91.43
  515899.391     0.990625         5494       106.67
  516161.535     0.992188         5501       128.00
  516423.679     0.992969         5511       142.22
  516423.679     0.993750         5511       160.00
  516685.823     0.994531         5518       182.86
  516685.823     0.995313         5518       213.33
  516947.967     0.996094         5524       256.00
  516947.967     0.996484         5524       284.44
  517210.111     0.996875         5529       320.00
  517210.111     0.997266         5529       365.71
  517472.255     0.997656         5535       426.67
  517472.255     0.998047         5535       512.00
  517472.255     0.998242         5535       568.89
  517472.255     0.998437         5535       640.00
  517734.399     0.998633         5541       731.43
  517734.399     0.998828         5541       853.33
  517734.399     0.999023         5541      1024.00
  517734.399     0.999121         5541      1137.78
  517734.399     0.999219         5541      1280.00
  517734.399     0.999316         5541      1462.86
  517734.399     0.999414         5541      1706.67
  517734.399     0.999512         5541      2048.00
  517734.399     0.999561         5541      2275.56
  517734.399     0.999609         5541      2560.00
  518258.687     0.999658         5542      2925.71
  518258.687     0.999707         5542      3413.33
  518258.687     0.999756         5542      4096.00
  518258.687     0.999780         5542      4551.11
  518258.687     0.999805         5542      5120.00
  518520.831     0.999829         5543      5851.43
  518520.831     1.000000         5543          inf
#[Mean    =   153438.700, StdDeviation   =   129415.975]
#[Max     =   518258.688, Total count    =         5543]
#[Buckets =           27, SubBuckets     =         2048]
----------------------------------------------------------
  5660 requests in 15.00m, 1.16MB read
  Socket errors: connect 0, read 0, write 12, timeout 539
  Non-2xx or 3xx responses: 2
Requests/sec:      6.29
Transfer/sec:      1.32KB
