Running 15m test @ http://10.100.147.7:8080/wrk2-api/post/compose
  2 threads and 4 connections
  Thread calibration: mean lat.: 5.095ms, rate sampling interval: 15ms
  Thread calibration: mean lat.: 5.019ms, rate sampling interval: 13ms
  Thread Stats   Avg      Stdev     99%   +/- Stdev
    Latency     5.90m     5.35m   12.22m    27.43%
    Req/Sec     5.69     23.00   133.00     93.45%
  Latency Distribution (HdrHistogram - Recorded Latency)
 50.000%    5.95m 
 75.000%   11.53m 
 90.000%   11.67m 
 99.000%   12.22m 
 99.900%   12.36m 
 99.990%   12.37m 
 99.999%   12.37m 
100.000%   12.37m 

  Detailed Percentile spectrum:
       Value   Percentile   TotalCount 1/(1-Percentile)

       0.041     0.000000            1         1.00
       3.801     0.100000          975         1.11
       6.003     0.200000         1949         1.25
      21.071     0.300000         2924         1.43
   60948.479     0.400000         3898         1.67
  356777.983     0.500000         4874         2.00
  550502.399     0.550000         5360         2.22
  665845.759     0.600000         5871         2.50
  673710.079     0.650000         6347         2.86
  681574.399     0.700000         6842         3.33
  692060.159     0.750000         7311         4.00
  696254.463     0.775000         7677         4.44
  696778.751     0.800000         7991         5.00
  697303.039     0.825000         8295         5.71
  697303.039     0.850000         8295         6.67
  698351.615     0.875000         8622         8.00
  698875.903     0.887500         8716         8.89
  700448.767     0.900000         8794        10.00
  704643.071     0.912500         8902        11.43
  708837.375     0.925000         9035        13.33
  713031.679     0.937500         9150        16.00
  715128.831     0.943750         9204        17.78
  717750.271     0.950000         9261        20.00
  719323.135     0.956250         9324        22.86
  721420.287     0.962500         9382        26.67
  723517.439     0.968750         9449        32.00
  724041.727     0.971875         9473        35.56
  725614.591     0.975000         9513        40.00
  726663.167     0.978125         9534        45.71
  728236.031     0.981250         9566        53.33
  730333.183     0.984375         9598        64.00
  731381.759     0.985938         9614        71.11
  731906.047     0.987500         9626        80.00
  732954.623     0.989062         9644        91.43
  734003.199     0.990625         9657       106.67
  735051.775     0.992188         9671       128.00
  736100.351     0.992969         9678       142.22
  737148.927     0.993750         9690       160.00
  737673.215     0.994531         9695       182.86
  738721.791     0.995313         9701       213.33
  739246.079     0.996094         9711       256.00
  739246.079     0.996484         9711       284.44
  739770.367     0.996875         9716       320.00
  740294.655     0.997266         9728       365.71
  740294.655     0.997656         9728       426.67
  740294.655     0.998047         9728       512.00
  740294.655     0.998242         9728       568.89
  740818.943     0.998437         9734       640.00
  740818.943     0.998633         9734       731.43
  740818.943     0.998828         9734       853.33
  741343.231     0.999023         9736      1024.00
  741867.519     0.999121         9740      1137.78
  741867.519     0.999219         9740      1280.00
  741867.519     0.999316         9740      1462.86
  741867.519     0.999414         9740      1706.67
  742391.807     0.999512         9745      2048.00
  742391.807     1.000000         9745          inf
#[Mean    =   353901.927, StdDeviation   =   321237.684]
#[Max     =   741867.520, Total count    =         9745]
#[Buckets =           27, SubBuckets     =         2048]
----------------------------------------------------------
  10399 requests in 15.00m, 63.53MB read
  Socket errors: connect 0, read 2, write 10, timeout 950
Requests/sec:     11.55
Transfer/sec:     72.28KB
