Running 15m test @ http://10.100.147.7:8080/wrk2-api/post/compose
  2 threads and 4 connections
  Thread calibration: mean lat.: 30.723ms, rate sampling interval: 85ms
  Thread calibration: mean lat.: 26.699ms, rate sampling interval: 82ms
  Thread Stats   Avg      Stdev     99%   +/- Stdev
    Latency     6.51m     4.72m   11.96m    51.42%
    Req/Sec     3.14      6.65    24.00     77.95%
  Latency Distribution (HdrHistogram - Recorded Latency)
 50.000%    9.15m 
 75.000%   10.89m 
 90.000%   11.53m 
 99.000%   11.96m 
 99.900%   12.07m 
 99.990%   12.08m 
 99.999%   12.08m 
100.000%   12.08m 

  Detailed Percentile spectrum:
       Value   Percentile   TotalCount 1/(1-Percentile)

       3.519     0.000000            1         1.00
      42.943     0.100000          578         1.11
     213.503     0.200000         1156         1.25
   97255.423     0.300000         1735         1.43
  356253.695     0.400000         2313         1.67
  548929.535     0.500000         2900         2.00
  563609.599     0.550000         3180         2.22
  565706.751     0.600000         3509         2.50
  568328.191     0.650000         3788         2.86
  641728.511     0.700000         4047         3.33
  653262.847     0.750000         4345         4.00
  655359.999     0.775000         4538         4.44
  660078.591     0.800000         4629         5.00
  678428.671     0.825000         4769         5.71
  689963.007     0.850000         4916         6.67
  691011.583     0.875000         5160         8.00
  691011.583     0.887500         5160         8.89
  691535.871     0.900000         5253        10.00
  692060.159     0.912500         5372        11.43
  692060.159     0.925000         5372        13.33
  693633.023     0.937500         5420        16.00
  696778.751     0.943750         5463        17.78
  698875.903     0.950000         5491        20.00
  702545.919     0.956250         5533        22.86
  705167.359     0.962500         5570        26.67
  708313.087     0.968750         5602        32.00
  709885.951     0.971875         5622        35.56
  711458.815     0.975000         5636        40.00
  713555.967     0.978125         5663        45.71
  714604.543     0.981250         5678        53.33
  715653.119     0.984375         5692        64.00
  716177.407     0.985938         5705        71.11
  716701.695     0.987500         5710        80.00
  717225.983     0.989062         5718        91.43
  718274.559     0.990625         5732       106.67
  718798.847     0.992188         5737       128.00
  719323.135     0.992969         5741       142.22
  720371.711     0.993750         5747       160.00
  720895.999     0.994531         5752       182.86
  721420.287     0.995313         5757       213.33
  721944.575     0.996094         5760       256.00
  721944.575     0.996484         5760       284.44
  722993.151     0.996875         5764       320.00
  723517.439     0.997266         5767       365.71
  723517.439     0.997656         5767       426.67
  724041.727     0.998047         5775       512.00
  724041.727     0.998242         5775       568.89
  724041.727     0.998437         5775       640.00
  724041.727     0.998633         5775       731.43
  724041.727     0.998828         5775       853.33
  724041.727     0.999023         5775      1024.00
  724041.727     0.999121         5775      1137.78
  724566.015     0.999219         5778      1280.00
  724566.015     0.999316         5778      1462.86
  724566.015     0.999414         5778      1706.67
  724566.015     0.999512         5778      2048.00
  724566.015     0.999561         5778      2275.56
  724566.015     0.999609         5778      2560.00
  725090.303     0.999658         5780      2925.71
  725090.303     1.000000         5780          inf
#[Mean    =   390466.675, StdDeviation   =   283150.863]
#[Max     =   724566.016, Total count    =         5780]
#[Buckets =           27, SubBuckets     =         2048]
----------------------------------------------------------
  6107 requests in 15.00m, 79.33MB read
  Socket errors: connect 0, read 0, write 13, timeout 634
  Non-2xx or 3xx responses: 1
Requests/sec:      6.78
Transfer/sec:     90.25KB
