Running 15m test @ http://10.110.70.220:8080/wrk2-api/post/compose
  2 threads and 4 connections
  Thread calibration: mean lat.: 1880.306ms, rate sampling interval: 6017ms
  Thread calibration: mean lat.: 1840.571ms, rate sampling interval: 11206ms
  Thread Stats   Avg      Stdev     99%   +/- Stdev
    Latency    43.13s    18.83s    1.40m    71.44%
    Req/Sec     4.19      1.14     6.00     94.69%
  Latency Distribution (HdrHistogram - Recorded Latency)
 50.000%   38.80s 
 75.000%   47.45s 
 90.000%    1.22m 
 99.000%    1.40m 
 99.900%    1.44m 
 99.990%    1.45m 
 99.999%    1.45m 
100.000%    1.45m 

  Detailed Percentile spectrum:
       Value   Percentile   TotalCount 1/(1-Percentile)

     101.183     0.000000            1         1.00
   26558.463     0.100000          844         1.11
   30572.543     0.200000         1688         1.25
   34177.023     0.300000         2532         1.43
   36438.015     0.400000         3379         1.67
   38797.311     0.500000         4223         2.00
   39944.191     0.550000         4652         2.22
   41091.071     0.600000         5071         2.50
   42893.311     0.650000         5484         2.86
   44761.087     0.700000         5902         3.33
   47448.063     0.750000         6325         4.00
   61702.143     0.775000         6536         4.44
   67502.079     0.800000         6746         5.00
   69271.551     0.825000         6960         5.71
   71106.559     0.850000         7175         6.67
   72220.671     0.875000         7384         8.00
   72679.423     0.887500         7498         8.89
   73138.175     0.900000         7590        10.00
   73662.463     0.912500         7700        11.43
   74579.967     0.925000         7803        13.33
   75563.007     0.937500         7912        16.00
   76218.367     0.943750         7958        17.78
   77135.871     0.950000         8011        20.00
   78184.447     0.956250         8063        22.86
   79298.559     0.962500         8116        26.67
   80150.527     0.968750         8171        32.00
   80478.207     0.971875         8196        35.56
   80936.959     0.975000         8224        40.00
   81330.175     0.978125         8249        45.71
   82116.607     0.981250         8275        53.33
   82509.823     0.984375         8300        64.00
   82903.039     0.985938         8315        71.11
   83361.791     0.987500         8328        80.00
   83492.863     0.989062         8339        91.43
   83820.543     0.990625         8357       106.67
   83886.079     0.992188         8366       128.00
   84017.151     0.992969         8375       142.22
   84082.687     0.993750         8380       160.00
   84213.759     0.994531         8385       182.86
   84541.439     0.995313         8392       213.33
   84803.583     0.996094         8401       256.00
   84869.119     0.996484         8404       284.44
   84934.655     0.996875         8409       320.00
   84934.655     0.997266         8409       365.71
   85131.263     0.997656         8413       426.67
   85327.871     0.998047         8417       512.00
   85327.871     0.998242         8417       568.89
   85524.479     0.998437         8418       640.00
   85655.551     0.998633         8420       731.43
   86048.767     0.998828         8422       853.33
   86114.303     0.999023         8423      1024.00
   86245.375     0.999121         8424      1137.78
   86310.911     0.999219         8426      1280.00
   86310.911     0.999316         8426      1462.86
   86376.447     0.999414         8427      1706.67
   86376.447     0.999512         8427      2048.00
   86769.663     0.999561         8429      2275.56
   86769.663     0.999609         8429      2560.00
   86769.663     0.999658         8429      2925.71
   86769.663     0.999707         8429      3413.33
   86769.663     0.999756         8429      4096.00
   86835.199     0.999780         8430      4551.11
   86835.199     0.999805         8430      5120.00
   86835.199     0.999829         8430      5851.43
   86835.199     0.999854         8430      6826.67
   86835.199     0.999878         8430      8192.00
   87162.879     0.999890         8431      9102.22
   87162.879     1.000000         8431          inf
#[Mean    =    43128.080, StdDeviation   =    18828.261]
#[Max     =    87097.344, Total count    =         8431]
#[Buckets =           27, SubBuckets     =         2048]
----------------------------------------------------------
  8508 requests in 15.00m, 1.74MB read
  Socket errors: connect 0, read 0, write 5, timeout 19
Requests/sec:      9.45
Transfer/sec:      1.98KB
