Running 15m test @ http://10.110.70.220:8080/wrk2-api/post/compose
  2 threads and 4 connections
  Thread calibration: mean lat.: 4495.695ms, rate sampling interval: 12558ms
  Thread calibration: mean lat.: 4382.027ms, rate sampling interval: 14237ms
  Thread Stats   Avg      Stdev     99%   +/- Stdev
    Latency     1.39m    22.01s    1.75m    72.28%
    Req/Sec    26.79      7.55    33.00     88.64%
  Latency Distribution (HdrHistogram - Recorded Latency)
 50.000%    1.57m 
 75.000%    1.63m 
 90.000%    1.69m 
 99.000%    1.75m 
 99.900%    1.78m 
 99.990%    1.79m 
 99.999%    1.79m 
100.000%    1.79m 

  Detailed Percentile spectrum:
       Value   Percentile   TotalCount 1/(1-Percentile)

    6471.679     0.000000            1         1.00
   47841.279     0.100000         4890         1.11
   49872.895     0.200000         9778         1.25
   90177.535     0.300000        14592         1.43
   92733.439     0.400000        19528         1.67
   94240.767     0.500000        24397         2.00
   94896.127     0.550000        26864         2.22
   95617.023     0.600000        29349         2.50
   96272.383     0.650000        31754         2.86
   97058.815     0.700000        34143         3.33
   97976.319     0.750000        36492         4.00
   98435.071     0.775000        37822         4.44
   98762.751     0.800000        38995         5.00
   99090.431     0.825000        40244         5.71
   99549.183     0.850000        41376         6.67
  100270.079     0.875000        42565         8.00
  100794.367     0.887500        43229         8.89
  101122.047     0.900000        43799        10.00
  101580.799     0.912500        44408        11.43
  101974.015     0.925000        45072        13.33
  102301.695     0.937500        45638        16.00
  102432.767     0.943750        45965        17.78
  102563.839     0.950000        46251        20.00
  102694.911     0.956250        46519        22.86
  102891.519     0.962500        46893        26.67
  103022.591     0.968750        47119        32.00
  103153.663     0.971875        47264        35.56
  103284.735     0.975000        47418        40.00
  103481.343     0.978125        47568        45.71
  103743.487     0.981250        47721        53.33
  104136.703     0.984375        47876        64.00
  104464.383     0.985938        47947        71.11
  104792.063     0.987500        48025        80.00
  104988.671     0.989062        48122        91.43
  105185.279     0.990625        48181       106.67
  105578.495     0.992188        48272       128.00
  105709.567     0.992969        48301       142.22
  105971.711     0.993750        48331       160.00
  106299.391     0.994531        48369       182.86
  106430.463     0.995313        48427       213.33
  106495.999     0.996094        48452       256.00
  106561.535     0.996484        48463       284.44
  106692.607     0.996875        48495       320.00
  106758.143     0.997266        48517       365.71
  106758.143     0.997656        48517       426.67
  106823.679     0.998047        48545       512.00
  106823.679     0.998242        48545       568.89
  106889.215     0.998437        48575       640.00
  106889.215     0.998633        48575       731.43
  106889.215     0.998828        48575       853.33
  106954.751     0.999023        48599      1024.00
  106954.751     0.999121        48599      1137.78
  106954.751     0.999219        48599      1280.00
  106954.751     0.999316        48599      1462.86
  107020.287     0.999414        48602      1706.67
  107085.823     0.999512        48610      2048.00
  107085.823     0.999561        48610      2275.56
  107151.359     0.999609        48618      2560.00
  107151.359     0.999658        48618      2925.71
  107151.359     0.999707        48618      3413.33
  107216.895     0.999756        48622      4096.00
  107216.895     0.999780        48622      4551.11
  107216.895     0.999805        48622      5120.00
  107216.895     0.999829        48622      5851.43
  107282.431     0.999854        48628      6826.67
  107282.431     0.999878        48628      8192.00
  107282.431     0.999890        48628      9102.22
  107282.431     0.999902        48628     10240.00
  107282.431     0.999915        48628     11702.86
  107282.431     0.999927        48628     13653.33
  107282.431     0.999939        48628     16384.00
  107282.431     0.999945        48628     18204.44
  107282.431     0.999951        48628     20480.00
  107282.431     0.999957        48628     23405.71
  107413.503     0.999963        48629     27306.67
  107413.503     0.999969        48629     32768.00
  107413.503     0.999973        48629     36408.89
  107413.503     0.999976        48629     40960.00
  107413.503     0.999979        48629     46811.43
  107479.039     0.999982        48630     54613.33
  107479.039     1.000000        48630          inf
#[Mean    =    83250.209, StdDeviation   =    22009.630]
#[Max     =   107413.504, Total count    =        48630]
#[Buckets =           27, SubBuckets     =         2048]
----------------------------------------------------------
  48799 requests in 15.00m, 423.63MB read
  Socket errors: connect 0, read 0, write 4, timeout 0
Requests/sec:     54.22
Transfer/sec:    481.98KB
