Running 15m test @ http://10.110.70.220:8080/wrk2-api/post/compose
  2 threads and 4 connections
  Thread calibration: mean lat.: 4671.511ms, rate sampling interval: 15409ms
  Thread calibration: mean lat.: 5413.167ms, rate sampling interval: 16515ms
  Thread Stats   Avg      Stdev     99%   +/- Stdev
    Latency     0.98m    19.43s    1.64m    75.61%
    Req/Sec    13.57      3.05    17.00     91.82%
  Latency Distribution (HdrHistogram - Recorded Latency)
 50.000%   49.41s 
 75.000%    0.92m 
 90.000%    1.55m 
 99.000%    1.64m 
 99.900%    1.68m 
 99.990%    1.69m 
 99.999%    1.69m 
100.000%    1.69m 

  Detailed Percentile spectrum:
       Value   Percentile   TotalCount 1/(1-Percentile)

    9150.463     0.000000            1         1.00
   44924.927     0.100000         2528         1.11
   46235.647     0.200000         5046         1.25
   47251.455     0.300000         7585         1.43
   48300.031     0.400000        10048         1.67
   49414.143     0.500000        12518         2.00
   50003.967     0.550000        13775         2.22
   50724.863     0.600000        15066         2.50
   51544.063     0.650000        16277         2.86
   53084.159     0.700000        17527         3.33
   55083.007     0.750000        18786         4.00
   87621.631     0.775000        19406         4.44
   89456.639     0.800000        20039         5.00
   90374.143     0.825000        20679         5.71
   91422.719     0.850000        21333         6.67
   92209.151     0.875000        21931         8.00
   92667.903     0.887500        22227         8.89
   93192.191     0.900000        22540        10.00
   93716.479     0.912500        22851        11.43
   94371.839     0.925000        23174        13.33
   95223.807     0.937500        23477        16.00
   95748.095     0.943750        23635        17.78
   96272.383     0.950000        23783        20.00
   96665.599     0.956250        23967        22.86
   96927.743     0.962500        24096        26.67
   97255.423     0.968750        24272        32.00
   97386.495     0.971875        24350        35.56
   97517.567     0.975000        24413        40.00
   97714.175     0.978125        24501        45.71
   97910.783     0.981250        24568        53.33
   98107.391     0.984375        24655        64.00
   98238.463     0.985938        24700        71.11
   98303.999     0.987500        24724        80.00
   98500.607     0.989062        24765        91.43
   98762.751     0.990625        24803       106.67
   98959.359     0.992188        24836       128.00
   99221.503     0.992969        24857       142.22
   99418.111     0.993750        24881       160.00
   99549.183     0.994531        24907       182.86
   99614.719     0.995313        24919       213.33
   99745.791     0.996094        24937       256.00
   99876.863     0.996484        24953       284.44
   99876.863     0.996875        24953       320.00
  100007.935     0.997266        24966       365.71
  100139.007     0.997656        24977       426.67
  100335.615     0.998047        24985       512.00
  100401.151     0.998242        24988       568.89
  100597.759     0.998437        24995       640.00
  100663.295     0.998633        25006       731.43
  100663.295     0.998828        25006       853.33
  100728.831     0.999023        25007      1024.00
  100794.367     0.999121        25013      1137.78
  100794.367     0.999219        25013      1280.00
  100859.903     0.999316        25014      1462.86
  100925.439     0.999414        25018      1706.67
  100990.975     0.999512        25021      2048.00
  100990.975     0.999561        25021      2275.56
  101056.511     0.999609        25024      2560.00
  101056.511     0.999658        25024      2925.71
  101056.511     0.999707        25024      3413.33
  101187.583     0.999756        25028      4096.00
  101187.583     0.999780        25028      4551.11
  101187.583     0.999805        25028      5120.00
  101187.583     0.999829        25028      5851.43
  101187.583     0.999854        25028      6826.67
  101187.583     0.999878        25028      8192.00
  101515.263     0.999890        25030      9102.22
  101515.263     0.999902        25030     10240.00
  101515.263     0.999915        25030     11702.86
  101515.263     0.999927        25030     13653.33
  101515.263     0.999939        25030     16384.00
  101515.263     0.999945        25030     18204.44
  101515.263     0.999951        25030     20480.00
  101515.263     0.999957        25030     23405.71
  101580.799     0.999963        25031     27306.67
  101580.799     1.000000        25031          inf
#[Mean    =    58691.795, StdDeviation   =    19428.052]
#[Max     =   101515.264, Total count    =        25031]
#[Buckets =           27, SubBuckets     =         2048]
----------------------------------------------------------
  25082 requests in 15.00m, 309.56MB read
  Socket errors: connect 0, read 0, write 4, timeout 0
Requests/sec:     27.87
Transfer/sec:    352.20KB
