Running 15m test @ http://10.106.43.97:8080/wrk2-api/post/compose
  2 threads and 4 connections
  Thread calibration: mean lat.: 1084.680ms, rate sampling interval: 3307ms
  Thread calibration: mean lat.: 1164.431ms, rate sampling interval: 4792ms
  Thread Stats   Avg      Stdev     99%   +/- Stdev
    Latency    34.36s     8.90s   47.42s    87.50%
    Req/Sec     4.32      1.40     7.00     93.61%
  Latency Distribution (HdrHistogram - Recorded Latency)
 50.000%   35.45s 
 75.000%   39.19s 
 90.000%   42.47s 
 99.000%   47.42s 
 99.900%   48.89s 
 99.990%   49.15s 
 99.999%   49.22s 
100.000%   49.22s 

  Detailed Percentile spectrum:
       Value   Percentile   TotalCount 1/(1-Percentile)

      15.335     0.000000            1         1.00
   29409.279     0.100000          856         1.11
   31375.359     0.200000         1712         1.25
   32800.767     0.300000         2567         1.43
   34078.719     0.400000         3415         1.67
   35454.975     0.500000         4273         2.00
   36175.871     0.550000         4684         2.22
   36929.535     0.600000         5132         2.50
   37617.663     0.650000         5545         2.86
   38371.327     0.700000         5976         3.33
   39190.527     0.750000         6385         4.00
   39649.279     0.775000         6600         4.44
   40042.495     0.800000         6811         5.00
   40566.783     0.825000         7027         5.71
   41156.607     0.850000         7245         6.67
   41811.967     0.875000         7450         8.00
   42106.879     0.887500         7564         8.89
   42467.327     0.900000         7668        10.00
   42827.775     0.912500         7771        11.43
   43220.991     0.925000         7885        13.33
   43581.439     0.937500         7985        16.00
   43778.047     0.943750         8038        17.78
   44040.191     0.950000         8102        20.00
   44204.031     0.956250         8141        22.86
   44466.175     0.962500         8198        26.67
   44859.391     0.968750         8248        32.00
   45088.767     0.971875         8274        35.56
   45416.447     0.975000         8301        40.00
   45711.359     0.978125         8328        45.71
   46071.807     0.981250         8356        53.33
   46432.255     0.984375         8380        64.00
   46727.167     0.985938         8394        71.11
   46989.311     0.987500         8407        80.00
   47284.223     0.989062         8422        91.43
   47480.831     0.990625         8436       106.67
   47775.743     0.992188         8449       128.00
   47939.583     0.992969         8454       142.22
   48103.423     0.993750         8462       160.00
   48168.959     0.994531         8468       182.86
   48300.031     0.995313         8475       213.33
   48398.335     0.996094         8482       256.00
   48463.871     0.996484         8484       284.44
   48496.639     0.996875         8487       320.00
   48529.407     0.997266         8491       365.71
   48594.943     0.997656         8494       426.67
   48660.479     0.998047         8497       512.00
   48791.551     0.998242         8499       568.89
   48824.319     0.998437         8502       640.00
   48824.319     0.998633         8502       731.43
   48889.855     0.998828         8504       853.33
   48955.391     0.999023         8505      1024.00
   48988.159     0.999121         8507      1137.78
   48988.159     0.999219         8507      1280.00
   49053.695     0.999316         8508      1462.86
   49086.463     0.999414         8509      1706.67
   49086.463     0.999512         8509      2048.00
   49119.231     0.999561         8510      2275.56
   49119.231     0.999609         8510      2560.00
   49151.999     0.999658         8512      2925.71
   49151.999     0.999707         8512      3413.33
   49151.999     0.999756         8512      4096.00
   49151.999     0.999780         8512      4551.11
   49151.999     0.999805         8512      5120.00
   49151.999     0.999829         8512      5851.43
   49151.999     0.999854         8512      6826.67
   49151.999     0.999878         8512      8192.00
   49217.535     0.999890         8513      9102.22
   49217.535     1.000000         8513          inf
#[Mean    =    34362.568, StdDeviation   =     8901.149]
#[Max     =    49184.768, Total count    =         8513]
#[Buckets =           27, SubBuckets     =         2048]
----------------------------------------------------------
  8601 requests in 15.00m, 1.76MB read
  Socket errors: connect 0, read 0, write 4, timeout 19
Requests/sec:      9.56
Transfer/sec:      2.01KB
