Running 15m test @ http://10.106.43.97:8080/wrk2-api/post/compose
  2 threads and 4 connections
  Thread calibration: mean lat.: 4562.528ms, rate sampling interval: 16318ms
  Thread calibration: mean lat.: 3905.794ms, rate sampling interval: 12820ms
  Thread Stats   Avg      Stdev     99%   +/- Stdev
    Latency     1.19m    23.08s    1.76m    67.10%
    Req/Sec    27.20      6.50    32.00     88.62%
  Latency Distribution (HdrHistogram - Recorded Latency)
 50.000%    0.92m 
 75.000%    1.53m 
 90.000%    1.71m 
 99.000%    1.76m 
 99.900%    1.78m 
 99.990%    1.78m 
 99.999%    1.78m 
100.000%    1.78m 

  Detailed Percentile spectrum:
       Value   Percentile   TotalCount 1/(1-Percentile)

    6938.623     0.000000            1         1.00
   48726.015     0.100000         4935         1.11
   49807.359     0.200000         9927         1.25
   50823.167     0.300000        14816         1.43
   52297.727     0.400000        19769         1.67
   54951.935     0.500000        24724         2.00
   84279.295     0.550000        27165         2.22
   87097.343     0.600000        29641         2.50
   88735.743     0.650000        32241         2.86
   89653.247     0.700000        34585         3.33
   91553.791     0.750000        37018         4.00
   98238.463     0.775000        38293         4.44
   99418.111     0.800000        39478         5.00
  100270.079     0.825000        40768         5.71
  101187.583     0.850000        42011         6.67
  102039.551     0.875000        43264         8.00
  102367.231     0.887500        43939         8.89
  102563.839     0.900000        44427        10.00
  102825.983     0.912500        45130        11.43
  103088.127     0.925000        45804        13.33
  103350.271     0.937500        46330        16.00
  103481.343     0.943750        46592        17.78
  103677.951     0.950000        46882        20.00
  103940.095     0.956250        47240        22.86
  104136.703     0.962500        47537        26.67
  104333.311     0.968750        47829        32.00
  104464.383     0.971875        47986        35.56
  104595.455     0.975000        48142        40.00
  104792.063     0.978125        48324        45.71
  104923.135     0.981250        48425        53.33
  105119.743     0.984375        48605        64.00
  105185.279     0.985938        48662        71.11
  105316.351     0.987500        48765        80.00
  105381.887     0.989062        48818        91.43
  105512.959     0.990625        48925       106.67
  105578.495     0.992188        48969       128.00
  105644.031     0.992969        49005       142.22
  105709.567     0.993750        49041       160.00
  105775.103     0.994531        49076       182.86
  105906.175     0.995313        49147       213.33
  105971.711     0.996094        49179       256.00
  105971.711     0.996484        49179       284.44
  106037.247     0.996875        49194       320.00
  106168.319     0.997266        49223       365.71
  106233.855     0.997656        49240       426.67
  106299.391     0.998047        49256       512.00
  106364.927     0.998242        49266       568.89
  106430.463     0.998437        49276       640.00
  106495.999     0.998633        49285       731.43
  106561.535     0.998828        49293       853.33
  106627.071     0.999023        49306      1024.00
  106627.071     0.999121        49306      1137.78
  106627.071     0.999219        49306      1280.00
  106692.607     0.999316        49321      1462.86
  106692.607     0.999414        49321      1706.67
  106692.607     0.999512        49321      2048.00
  106758.143     0.999561        49331      2275.56
  106758.143     0.999609        49331      2560.00
  106758.143     0.999658        49331      2925.71
  106758.143     0.999707        49331      3413.33
  106823.679     0.999756        49337      4096.00
  106823.679     0.999780        49337      4551.11
  106823.679     0.999805        49337      5120.00
  106823.679     0.999829        49337      5851.43
  106823.679     0.999854        49337      6826.67
  106889.215     0.999878        49344      8192.00
  106889.215     1.000000        49344          inf
#[Mean    =    71624.860, StdDeviation   =    23082.107]
#[Max     =   106823.680, Total count    =        49344]
#[Buckets =           27, SubBuckets     =         2048]
----------------------------------------------------------
  49497 requests in 15.00m, 438.50MB read
  Socket errors: connect 0, read 0, write 5, timeout 0
Requests/sec:     54.99
Transfer/sec:    498.89KB
