Running 15m test @ http://10.106.43.97:8080/wrk2-api/post/compose
  2 threads and 4 connections
  Thread calibration: mean lat.: 4812.881ms, rate sampling interval: 14467ms
  Thread calibration: mean lat.: 4722.867ms, rate sampling interval: 15187ms
  Thread Stats   Avg      Stdev     99%   +/- Stdev
    Latency     1.22m    24.92s    1.84m    59.88%
    Req/Sec    13.29      3.80    17.00     91.60%
  Latency Distribution (HdrHistogram - Recorded Latency)
 50.000%    0.93m 
 75.000%    1.65m 
 90.000%    1.72m 
 99.000%    1.84m 
 99.900%    1.87m 
 99.990%    1.87m 
 99.999%    1.87m 
100.000%    1.87m 

  Detailed Percentile spectrum:
       Value   Percentile   TotalCount 1/(1-Percentile)

    7860.223     0.000000            1         1.00
   47611.903     0.100000         2474         1.11
   49381.375     0.200000         4943         1.25
   50561.023     0.300000         7405         1.43
   51970.047     0.400000         9873         1.67
   55672.831     0.500000        12299         2.00
   89325.567     0.550000        13524         2.22
   92340.223     0.600000        14775         2.50
   94633.983     0.650000        15991         2.86
   96665.599     0.700000        17224         3.33
   98959.359     0.750000        18483         4.00
   99549.183     0.775000        19077         4.44
  100204.543     0.800000        19719         5.00
  100925.439     0.825000        20338         5.71
  101646.335     0.850000        20933         6.67
  102760.447     0.875000        21554         8.00
  103088.127     0.887500        21826         8.89
  103546.879     0.900000        22182        10.00
  104136.703     0.912500        22457        11.43
  104923.135     0.925000        22766        13.33
  105578.495     0.937500        23086        16.00
  105775.103     0.943750        23213        17.78
  106037.247     0.950000        23361        20.00
  106430.463     0.956250        23534        22.86
  106758.143     0.962500        23676        26.67
  107347.967     0.968750        23827        32.00
  107675.647     0.971875        23908        35.56
  107937.791     0.975000        24008        40.00
  108068.863     0.978125        24057        45.71
  108265.471     0.981250        24135        53.33
  108658.687     0.984375        24214        64.00
  108920.831     0.985938        24246        71.11
  109248.511     0.987500        24283        80.00
  109838.335     0.989062        24322        91.43
  110493.695     0.990625        24365       106.67
  110952.447     0.992188        24402       128.00
  111149.055     0.992969        24424       142.22
  111280.127     0.993750        24449       160.00
  111345.663     0.994531        24463       182.86
  111476.735     0.995313        24481       213.33
  111542.271     0.996094        24493       256.00
  111607.807     0.996484        24503       284.44
  111804.415     0.996875        24514       320.00
  111935.487     0.997266        24523       365.71
  112001.023     0.997656        24536       426.67
  112066.559     0.998047        24550       512.00
  112066.559     0.998242        24550       568.89
  112132.095     0.998437        24558       640.00
  112132.095     0.998633        24558       731.43
  112197.631     0.998828        24571       853.33
  112197.631     0.999023        24571      1024.00
  112197.631     0.999121        24571      1137.78
  112197.631     0.999219        24571      1280.00
  112263.167     0.999316        24583      1462.86
  112263.167     0.999414        24583      1706.67
  112263.167     0.999512        24583      2048.00
  112263.167     0.999561        24583      2275.56
  112263.167     0.999609        24583      2560.00
  112263.167     0.999658        24583      2925.71
  112263.167     0.999707        24583      3413.33
  112263.167     0.999756        24583      4096.00
  112328.703     0.999780        24587      4551.11
  112328.703     0.999805        24587      5120.00
  112328.703     0.999829        24587      5851.43
  112328.703     0.999854        24587      6826.67
  112328.703     0.999878        24587      8192.00
  112328.703     0.999890        24587      9102.22
  112328.703     0.999902        24587     10240.00
  112328.703     0.999915        24587     11702.86
  112394.239     0.999927        24588     13653.33
  112394.239     0.999939        24588     16384.00
  112394.239     0.999945        24588     18204.44
  112394.239     0.999951        24588     20480.00
  112394.239     0.999957        24588     23405.71
  112459.775     0.999963        24589     27306.67
  112459.775     1.000000        24589          inf
#[Mean    =    73163.613, StdDeviation   =    24920.796]
#[Max     =   112394.240, Total count    =        24589]
#[Buckets =           27, SubBuckets     =         2048]
----------------------------------------------------------
  24636 requests in 15.00m, 323.38MB read
  Socket errors: connect 0, read 0, write 5, timeout 0
Requests/sec:     27.37
Transfer/sec:    367.92KB
