Running 15m test @ http://10.105.101.47:8080/wrk2-api/post/compose
  2 threads and 4 connections
  Thread calibration: mean lat.: 16.925ms, rate sampling interval: 39ms
  Thread calibration: mean lat.: 22.989ms, rate sampling interval: 43ms
  Thread Stats   Avg      Stdev     99%   +/- Stdev
    Latency     6.70s    11.10s   34.05s    77.35%
    Req/Sec     4.90     10.92    47.00     81.63%
  Latency Distribution (HdrHistogram - Recorded Latency)
 50.000%  862.72ms
 75.000%    2.14s 
 90.000%   27.43s 
 99.000%   34.05s 
 99.900%   37.98s 
 99.990%   38.73s 
 99.999%   39.22s 
100.000%   39.22s 

  Detailed Percentile spectrum:
       Value   Percentile   TotalCount 1/(1-Percentile)

      11.103     0.000000            1         1.00
     224.511     0.100000          877         1.11
     375.551     0.200000         1754         1.25
     517.375     0.300000         2631         1.43
     675.327     0.400000         3508         1.67
     862.719     0.500000         4386         2.00
     982.015     0.550000         4823         2.22
    1124.351     0.600000         5264         2.50
    1306.623     0.650000         5700         2.86
    1569.791     0.700000         6139         3.33
    2142.207     0.750000         6578         4.00
   18710.527     0.775000         6796         4.44
   22102.015     0.800000         7017         5.00
   23969.791     0.825000         7235         5.71
   25133.055     0.850000         7459         6.67
   26247.167     0.875000         7679         8.00
   26836.991     0.887500         7783         8.89
   27443.199     0.900000         7894        10.00
   28213.247     0.912500         8007        11.43
   28753.919     0.925000         8112        13.33
   29294.591     0.937500         8222        16.00
   29540.351     0.943750         8276        17.78
   29818.879     0.950000         8331        20.00
   30179.327     0.956250         8388        22.86
   30588.927     0.962500         8442        26.67
   31047.679     0.968750         8495        32.00
   31309.823     0.971875         8524        35.56
   31571.967     0.975000         8553        40.00
   31916.031     0.978125         8580        45.71
   32292.863     0.981250         8605        53.33
   32653.311     0.984375         8632        64.00
   33030.143     0.985938         8646        71.11
   33439.743     0.987500         8661        80.00
   33718.271     0.989062         8675        91.43
   34340.863     0.990625         8689       106.67
   34668.543     0.992188         8701       128.00
   34766.847     0.992969         8708       142.22
   35258.367     0.993750         8715       160.00
   35520.511     0.994531         8723       182.86
   35618.815     0.995313         8728       213.33
   35880.959     0.996094         8735       256.00
   36143.103     0.996484         8739       284.44
   36569.087     0.996875         8742       320.00
   36798.463     0.997266         8746       365.71
   36863.999     0.997656         8750       426.67
   37257.215     0.998047         8752       512.00
   37355.519     0.998242         8754       568.89
   37584.895     0.998437         8756       640.00
   37912.575     0.998633         8758       731.43
   37945.343     0.998828         8759       853.33
   38043.647     0.999023         8761      1024.00
   38076.415     0.999121         8762      1137.78
   38174.719     0.999219         8763      1280.00
   38240.255     0.999316         8765      1462.86
   38240.255     0.999414         8765      1706.67
   38240.255     0.999512         8765      2048.00
   38535.167     0.999561         8766      2275.56
   38535.167     0.999609         8766      2560.00
   38567.935     0.999658         8767      2925.71
   38567.935     0.999707         8767      3413.33
   38567.935     0.999756         8767      4096.00
   38731.775     0.999780         8768      4551.11
   38731.775     0.999805         8768      5120.00
   38731.775     0.999829         8768      5851.43
   38731.775     0.999854         8768      6826.67
   38731.775     0.999878         8768      8192.00
   39223.295     0.999890         8769      9102.22
   39223.295     1.000000         8769          inf
#[Mean    =     6698.126, StdDeviation   =    11104.314]
#[Max     =    39190.528, Total count    =         8769]
#[Buckets =           27, SubBuckets     =         2048]
----------------------------------------------------------
  8886 requests in 15.00m, 1.82MB read
  Socket errors: connect 0, read 0, write 8, timeout 18
Requests/sec:      9.87
Transfer/sec:      2.07KB
