Running 15m test @ http://10.105.101.47:8080/wrk2-api/post/compose
  2 threads and 4 connections
  Thread calibration: mean lat.: 31.681ms, rate sampling interval: 107ms
  Thread calibration: mean lat.: 29.337ms, rate sampling interval: 86ms
  Thread Stats   Avg      Stdev     99%   +/- Stdev
    Latency     6.78s    12.31s   33.52s    77.85%
    Req/Sec    14.49     12.52    47.00     64.46%
  Latency Distribution (HdrHistogram - Recorded Latency)
 50.000%  254.59ms
 75.000%  646.14ms
 90.000%   29.90s 
 99.000%   33.52s 
 99.900%   35.72s 
 99.990%   36.24s 
 99.999%   36.34s 
100.000%   36.34s 

  Detailed Percentile spectrum:
       Value   Percentile   TotalCount 1/(1-Percentile)

       1.294     0.000000            1         1.00
      53.599     0.100000         2634         1.11
      95.423     0.200000         5263         1.25
     143.103     0.300000         7895         1.43
     193.919     0.400000        10526         1.67
     254.591     0.500000        13158         2.00
     289.279     0.550000        14476         2.22
     334.335     0.600000        15789         2.50
     393.727     0.650000        17106         2.86
     480.255     0.700000        18419         3.33
     646.143     0.750000        19736         4.00
    1061.887     0.775000        20393         4.44
   27213.823     0.800000        21052         5.00
   28278.783     0.825000        21708         5.71
   28950.527     0.850000        22367         6.67
   29442.047     0.875000        23034         8.00
   29655.039     0.887500        23358         8.89
   29900.799     0.900000        23700        10.00
   30113.791     0.912500        24031        11.43
   30326.783     0.925000        24347        13.33
   30654.463     0.937500        24678        16.00
   30867.455     0.943750        24843        17.78
   31096.831     0.950000        25003        20.00
   31408.127     0.956250        25174        22.86
   31703.039     0.962500        25339        26.67
   31981.567     0.968750        25497        32.00
   32194.559     0.971875        25574        35.56
   32358.399     0.975000        25659        40.00
   32571.391     0.978125        25748        45.71
   32767.999     0.981250        25820        53.33
   33046.527     0.984375        25904        64.00
   33161.215     0.985938        25942        71.11
   33325.055     0.987500        25991        80.00
   33406.975     0.989062        26025        91.43
   33587.199     0.990625        26068       106.67
   33783.807     0.992188        26113       128.00
   33882.111     0.992969        26127       142.22
   34078.719     0.993750        26154       160.00
   34177.023     0.994531        26172       182.86
   34308.095     0.995313        26195       213.33
   34439.167     0.996094        26211       256.00
   34537.471     0.996484        26223       284.44
   34603.007     0.996875        26231       320.00
   34734.079     0.997266        26244       365.71
   34832.383     0.997656        26253       426.67
   34930.687     0.998047        26261       512.00
   34996.223     0.998242        26268       568.89
   35061.759     0.998437        26271       640.00
   35291.135     0.998633        26278       731.43
   35422.207     0.998828        26282       853.33
   35782.655     0.999023        26288      1024.00
   35815.423     0.999121        26289      1137.78
   35913.727     0.999219        26292      1280.00
   35979.263     0.999316        26295      1462.86
   36012.031     0.999414        26298      1706.67
   36077.567     0.999512        26300      2048.00
   36110.335     0.999561        26301      2275.56
   36143.103     0.999609        26304      2560.00
   36143.103     0.999658        26304      2925.71
   36175.871     0.999707        26306      3413.33
   36175.871     0.999756        26306      4096.00
   36208.639     0.999780        26308      4551.11
   36208.639     0.999805        26308      5120.00
   36208.639     0.999829        26308      5851.43
   36241.407     0.999854        26309      6826.67
   36241.407     0.999878        26309      8192.00
   36274.175     0.999890        26311      9102.22
   36274.175     0.999902        26311     10240.00
   36274.175     0.999915        26311     11702.86
   36274.175     0.999927        26311     13653.33
   36274.175     0.999939        26311     16384.00
   36274.175     0.999945        26311     18204.44
   36274.175     0.999951        26311     20480.00
   36274.175     0.999957        26311     23405.71
   36339.711     0.999963        26312     27306.67
   36339.711     1.000000        26312          inf
#[Mean    =     6782.828, StdDeviation   =    12313.603]
#[Max     =    36306.944, Total count    =        26312]
#[Buckets =           27, SubBuckets     =         2048]
----------------------------------------------------------
  26632 requests in 15.00m, 348.50MB read
  Socket errors: connect 0, read 0, write 6, timeout 0
Requests/sec:     29.59
Transfer/sec:    396.49KB
