Running 15m test @ http://10.104.202.156:8080/wrk2-api/post/compose
  2 threads and 4 connections
  Thread calibration: mean lat.: 25.925ms, rate sampling interval: 57ms
  Thread calibration: mean lat.: 21.299ms, rate sampling interval: 47ms
  Thread Stats   Avg      Stdev     99%   +/- Stdev
    Latency   217.43ms  347.90ms   1.56s    87.29%
    Req/Sec     4.88      9.72    42.00     77.39%
  Latency Distribution (HdrHistogram - Recorded Latency)
 50.000%   29.20ms
 75.000%  296.45ms
 90.000%  668.67ms
 99.000%    1.56s 
 99.900%    2.67s 
 99.990%    3.04s 
 99.999%    3.38s 
100.000%    3.38s 

  Detailed Percentile spectrum:
       Value   Percentile   TotalCount 1/(1-Percentile)

       8.271     0.000000            1         1.00
      12.895     0.100000          888         1.11
      14.199     0.200000         1769         1.25
      15.711     0.300000         2653         1.43
      18.479     0.400000         3540         1.67
      29.199     0.500000         4420         2.00
      59.007     0.550000         4862         2.22
     107.903     0.600000         5305         2.50
     161.663     0.650000         5747         2.86
     222.463     0.700000         6189         3.33
     296.447     0.750000         6632         4.00
     337.663     0.775000         6853         4.44
     384.255     0.800000         7072         5.00
     441.087     0.825000         7294         5.71
     499.199     0.850000         7514         6.67
     571.903     0.875000         7735         8.00
     619.519     0.887500         7846         8.89
     668.671     0.900000         7956        10.00
     722.431     0.912500         8067        11.43
     792.063     0.925000         8177        13.33
     855.039     0.937500         8288        16.00
     898.047     0.943750         8344        17.78
     933.887     0.950000         8398        20.00
     983.551     0.956250         8454        22.86
    1039.871     0.962500         8509        26.67
    1121.279     0.968750         8565        32.00
    1171.455     0.971875         8592        35.56
    1215.487     0.975000         8620        40.00
    1257.471     0.978125         8647        45.71
    1315.839     0.981250         8675        53.33
    1391.615     0.984375         8702        64.00
    1436.671     0.985938         8716        71.11
    1480.703     0.987500         8731        80.00
    1537.023     0.989062         8744        91.43
    1590.271     0.990625         8758       106.67
    1680.383     0.992188         8772       128.00
    1727.487     0.992969         8778       142.22
    1773.567     0.993750         8785       160.00
    1799.167     0.994531         8792       182.86
    1904.639     0.995313         8799       213.33
    2003.967     0.996094         8806       256.00
    2042.879     0.996484         8809       284.44
    2131.967     0.996875         8813       320.00
    2183.167     0.997266         8816       365.71
    2285.567     0.997656         8820       426.67
    2316.287     0.998047         8823       512.00
    2344.959     0.998242         8825       568.89
    2371.583     0.998437         8827       640.00
    2435.071     0.998633         8828       731.43
    2646.015     0.998828         8830       853.33
    2711.551     0.999023         8832      1024.00
    2732.031     0.999121         8833      1137.78
    2766.847     0.999219         8834      1280.00
    2766.847     0.999316         8834      1462.86
    2797.567     0.999414         8835      1706.67
    2840.575     0.999512         8836      2048.00
    2885.631     0.999561         8837      2275.56
    2885.631     0.999609         8837      2560.00
    2885.631     0.999658         8837      2925.71
    2971.647     0.999707         8838      3413.33
    2971.647     0.999756         8838      4096.00
    3041.279     0.999780         8839      4551.11
    3041.279     0.999805         8839      5120.00
    3041.279     0.999829         8839      5851.43
    3041.279     0.999854         8839      6826.67
    3041.279     0.999878         8839      8192.00
    3375.103     0.999890         8840      9102.22
    3375.103     1.000000         8840          inf
#[Mean    =      217.426, StdDeviation   =      347.896]
#[Max     =     3373.056, Total count    =         8840]
#[Buckets =           27, SubBuckets     =         2048]
----------------------------------------------------------
  8957 requests in 15.00m, 1.84MB read
  Socket errors: connect 0, read 0, write 2, timeout 18
Requests/sec:      9.95
Transfer/sec:      2.09KB
