Running 15m test @ http://10.104.202.156:8080/wrk2-api/post/compose
  2 threads and 4 connections
  Thread calibration: mean lat.: 5.399ms, rate sampling interval: 14ms
  Thread calibration: mean lat.: 5.319ms, rate sampling interval: 17ms
  Thread Stats   Avg      Stdev     99%   +/- Stdev
    Latency     7.55s    13.15s   33.85s    75.52%
    Req/Sec    30.40     43.94   153.00     86.62%
  Latency Distribution (HdrHistogram - Recorded Latency)
 50.000%   86.21ms
 75.000%  409.34ms
 90.000%   30.93s 
 99.000%   33.85s 
 99.900%   35.13s 
 99.990%   35.39s 
 99.999%   35.45s 
100.000%   35.62s 

  Detailed Percentile spectrum:
       Value   Percentile   TotalCount 1/(1-Percentile)

       0.023     0.000000            1         1.00
      10.399     0.100000         5282         1.11
      14.375     0.200000        10551         1.25
      26.527     0.300000        15829         1.43
      51.935     0.400000        21098         1.67
      86.207     0.500000        26378         2.00
     107.647     0.550000        29013         2.22
     134.271     0.600000        31646         2.50
     168.831     0.650000        34282         2.86
     222.079     0.700000        36917         3.33
     409.343     0.750000        39554         4.00
   28327.935     0.775000        40877         4.44
   29179.903     0.800000        42217         5.00
   29655.039     0.825000        43552         5.71
   30031.871     0.850000        44840         6.67
   30474.239     0.875000        46175         8.00
   30687.231     0.887500        46810         8.89
   30932.991     0.900000        47481        10.00
   31162.367     0.912500        48169        11.43
   31391.743     0.925000        48813        13.33
   31653.887     0.937500        49466        16.00
   31768.575     0.943750        49776        17.78
   31899.647     0.950000        50113        20.00
   32047.103     0.956250        50446        22.86
   32178.175     0.962500        50766        26.67
   32391.167     0.968750        51102        32.00
   32538.623     0.971875        51268        35.56
   32653.311     0.975000        51438        40.00
   32800.767     0.978125        51589        45.71
   32980.991     0.981250        51756        53.33
   33275.903     0.984375        51922        64.00
   33374.207     0.985938        52001        71.11
   33521.663     0.987500        52087        80.00
   33751.039     0.989062        52166        91.43
   33914.879     0.990625        52251       106.67
   34111.487     0.992188        52333       128.00
   34209.791     0.992969        52376       142.22
   34308.095     0.993750        52413       160.00
   34406.399     0.994531        52453       182.86
   34537.471     0.995313        52502       213.33
   34635.775     0.996094        52543       256.00
   34668.543     0.996484        52558       284.44
   34701.311     0.996875        52574       320.00
   34766.847     0.997266        52598       365.71
   34799.615     0.997656        52619       426.67
   34897.919     0.998047        52641       512.00
   34930.687     0.998242        52651       568.89
   34963.455     0.998437        52660       640.00
   34996.223     0.998633        52670       731.43
   35061.759     0.998828        52679       853.33
   35127.295     0.999023        52691      1024.00
   35160.063     0.999121        52699      1137.78
   35160.063     0.999219        52699      1280.00
   35192.831     0.999316        52705      1462.86
   35225.599     0.999414        52711      1706.67
   35258.367     0.999512        52719      2048.00
   35258.367     0.999561        52719      2275.56
   35258.367     0.999609        52719      2560.00
   35291.135     0.999658        52721      2925.71
   35323.903     0.999707        52726      3413.33
   35323.903     0.999756        52726      4096.00
   35356.671     0.999780        52729      4551.11
   35356.671     0.999805        52729      5120.00
   35356.671     0.999829        52729      5851.43
   35389.439     0.999854        52733      6826.67
   35389.439     0.999878        52733      8192.00
   35389.439     0.999890        52733      9102.22
   35389.439     0.999902        52733     10240.00
   35422.207     0.999915        52736     11702.86
   35422.207     0.999927        52736     13653.33
   35422.207     0.999939        52736     16384.00
   35422.207     0.999945        52736     18204.44
   35422.207     0.999951        52736     20480.00
   35422.207     0.999957        52736     23405.71
   35454.975     0.999963        52737     27306.67
   35454.975     0.999969        52737     32768.00
   35454.975     0.999973        52737     36408.89
   35454.975     0.999976        52737     40960.00
   35454.975     0.999979        52737     46811.43
   35618.815     0.999982        52738     54613.33
   35618.815     1.000000        52738          inf
#[Mean    =     7547.445, StdDeviation   =    13145.293]
#[Max     =    35586.048, Total count    =        52738]
#[Buckets =           27, SubBuckets     =         2048]
----------------------------------------------------------
  53392 requests in 15.00m, 461.16MB read
  Socket errors: connect 0, read 0, write 3, timeout 0
Requests/sec:     59.32
Transfer/sec:    524.67KB
