Running 15m test @ http://10.104.202.156:8080/wrk2-api/post/compose
  2 threads and 4 connections
  Thread calibration: mean lat.: 31.125ms, rate sampling interval: 89ms
  Thread calibration: mean lat.: 32.287ms, rate sampling interval: 97ms
  Thread Stats   Avg      Stdev     99%   +/- Stdev
    Latency    23.91ms   28.43ms  55.33ms   98.75%
    Req/Sec    14.64     12.43    52.00     59.07%
  Latency Distribution (HdrHistogram - Recorded Latency)
 50.000%   21.81ms
 75.000%   26.38ms
 90.000%   32.17ms
 99.000%   55.33ms
 99.900%  413.95ms
 99.990%    1.04s 
 99.999%    1.26s 
100.000%    1.26s 

  Detailed Percentile spectrum:
       Value   Percentile   TotalCount 1/(1-Percentile)

       0.027     0.000000            1         1.00
      14.063     0.100000         2663         1.11
      16.263     0.200000         5306         1.25
      18.079     0.300000         7975         1.43
      19.935     0.400000        10617         1.67
      21.807     0.500000        13275         2.00
      22.735     0.550000        14612         2.22
      23.615     0.600000        15935         2.50
      24.479     0.650000        17253         2.86
      25.375     0.700000        18591         3.33
      26.383     0.750000        19896         4.00
      26.943     0.775000        20560         4.44
      27.583     0.800000        21237         5.00
      28.319     0.825000        21898         5.71
      29.343     0.850000        22559         6.67
      30.495     0.875000        23216         8.00
      31.231     0.887500        23550         8.89
      32.175     0.900000        23880        10.00
      33.311     0.912500        24213        11.43
      34.623     0.925000        24542        13.33
      36.287     0.937500        24875        16.00
      37.119     0.943750        25039        17.78
      38.431     0.950000        25204        20.00
      39.679     0.956250        25372        22.86
      41.183     0.962500        25534        26.67
      42.847     0.968750        25700        32.00
      43.903     0.971875        25782        35.56
      45.023     0.975000        25868        40.00
      46.175     0.978125        25951        45.71
      47.903     0.981250        26032        53.33
      49.823     0.984375        26114        64.00
      51.103     0.985938        26155        71.11
      52.287     0.987500        26197        80.00
      54.175     0.989062        26238        91.43
      56.447     0.990625        26281       106.67
      59.711     0.992188        26321       128.00
      61.631     0.992969        26342       142.22
      64.095     0.993750        26363       160.00
      67.327     0.994531        26383       182.86
      72.895     0.995313        26404       213.33
      88.127     0.996094        26425       256.00
     104.767     0.996484        26435       284.44
     137.087     0.996875        26446       320.00
     165.247     0.997266        26456       365.71
     215.295     0.997656        26466       426.67
     228.223     0.998047        26477       512.00
     234.879     0.998242        26482       568.89
     246.143     0.998437        26487       640.00
     262.015     0.998633        26492       731.43
     286.207     0.998828        26497       853.33
     480.511     0.999023        26503      1024.00
     527.871     0.999121        26505      1137.78
     602.111     0.999219        26508      1280.00
     693.247     0.999316        26510      1462.86
     728.063     0.999414        26513      1706.67
     804.351     0.999512        26516      2048.00
     806.399     0.999561        26517      2275.56
     821.247     0.999609        26518      2560.00
     873.983     0.999658        26519      2925.71
     930.303     0.999707        26521      3413.33
     993.791     0.999756        26522      4096.00
    1019.391     0.999780        26523      4551.11
    1019.391     0.999805        26523      5120.00
    1027.583     0.999829        26524      5851.43
    1040.895     0.999854        26525      6826.67
    1040.895     0.999878        26525      8192.00
    1050.623     0.999890        26526      9102.22
    1050.623     0.999902        26526     10240.00
    1050.623     0.999915        26526     11702.86
    1051.647     0.999927        26527     13653.33
    1051.647     0.999939        26527     16384.00
    1051.647     0.999945        26527     18204.44
    1051.647     0.999951        26527     20480.00
    1051.647     0.999957        26527     23405.71
    1263.615     0.999963        26528     27306.67
    1263.615     1.000000        26528          inf
#[Mean    =       23.909, StdDeviation   =       28.430]
#[Max     =     1262.592, Total count    =        26528]
#[Buckets =           27, SubBuckets     =         2048]
----------------------------------------------------------
  26855 requests in 15.00m, 350.84MB read
Requests/sec:     29.84
Transfer/sec:    399.16KB
