Running 15m test @ http://10.102.4.41:8080/wrk2-api/post/compose
  2 threads and 4 connections
  Thread calibration: mean lat.: 728.685ms, rate sampling interval: 2609ms
  Thread calibration: mean lat.: 889.727ms, rate sampling interval: 3510ms
  Thread Stats   Avg      Stdev     99%   +/- Stdev
    Latency    41.06s    11.49s    1.04m    73.67%
    Req/Sec     4.21      1.55     8.00     89.23%
  Latency Distribution (HdrHistogram - Recorded Latency)
 50.000%   39.78s 
 75.000%   50.46s 
 90.000%    0.91m 
 99.000%    1.04m 
 99.900%    1.08m 
 99.990%    1.09m 
 99.999%    1.09m 
100.000%    1.09m 

  Detailed Percentile spectrum:
       Value   Percentile   TotalCount 1/(1-Percentile)

      29.439     0.000000            1         1.00
   29507.583     0.100000          845         1.11
   32620.543     0.200000         1687         1.25
   34603.007     0.300000         2538         1.43
   36765.695     0.400000         3388         1.67
   39780.351     0.500000         4220         2.00
   43450.367     0.550000         4640         2.22
   45613.055     0.600000         5068         2.50
   47448.063     0.650000         5486         2.86
   49250.303     0.700000         5909         3.33
   50462.719     0.750000         6327         4.00
   51052.543     0.775000         6547         4.44
   51642.367     0.800000         6748         5.00
   52199.423     0.825000         6959         5.71
   52985.855     0.850000         7173         6.67
   53936.127     0.875000         7384         8.00
   54394.879     0.887500         7488         8.89
   54820.863     0.900000         7597        10.00
   55279.615     0.912500         7700        11.43
   55803.903     0.925000         7804        13.33
   56426.495     0.937500         7912        16.00
   56852.479     0.943750         7964        17.78
   57311.231     0.950000         8016        20.00
   57704.447     0.956250         8068        22.86
   58228.735     0.962500         8118        26.67
   58785.791     0.968750         8171        32.00
   59310.079     0.971875         8198        35.56
   59801.599     0.975000         8224        40.00
   60456.959     0.978125         8252        45.71
   61046.783     0.981250         8277        53.33
   61407.231     0.984375         8303        64.00
   61702.143     0.985938         8316        71.11
   61997.055     0.987500         8332        80.00
   62160.895     0.989062         8342        91.43
   62488.575     0.990625         8357       106.67
   62881.791     0.992188         8371       128.00
   62980.095     0.992969         8375       142.22
   63242.239     0.993750         8382       160.00
   63373.311     0.994531         8388       182.86
   63504.383     0.995313         8397       213.33
   63602.687     0.996094         8402       256.00
   63700.991     0.996484         8405       284.44
   63864.831     0.996875         8408       320.00
   63963.135     0.997266         8412       365.71
   64028.671     0.997656         8416       426.67
   64061.439     0.998047         8418       512.00
   64126.975     0.998242         8421       568.89
   64126.975     0.998437         8421       640.00
   64192.511     0.998633         8423       731.43
   64323.583     0.998828         8425       853.33
   64749.567     0.999023         8428      1024.00
   64749.567     0.999121         8428      1137.78
   64749.567     0.999219         8428      1280.00
   64815.103     0.999316         8429      1462.86
   64847.871     0.999414         8430      1706.67
   64847.871     0.999512         8430      2048.00
   64913.407     0.999561         8431      2275.56
   64913.407     0.999609         8431      2560.00
   64978.943     0.999658         8432      2925.71
   64978.943     0.999707         8432      3413.33
   64978.943     0.999756         8432      4096.00
   65142.783     0.999780         8433      4551.11
   65142.783     0.999805         8433      5120.00
   65142.783     0.999829         8433      5851.43
   65142.783     0.999854         8433      6826.67
   65142.783     0.999878         8433      8192.00
   65306.623     0.999890         8434      9102.22
   65306.623     1.000000         8434          inf
#[Mean    =    41063.495, StdDeviation   =    11493.310]
#[Max     =    65273.856, Total count    =         8434]
#[Buckets =           27, SubBuckets     =         2048]
----------------------------------------------------------
  8534 requests in 15.00m, 1.75MB read
  Socket errors: connect 0, read 0, write 4, timeout 19
Requests/sec:      9.48
Transfer/sec:      1.99KB
