Running 15m test @ http://10.102.4.41:8080/wrk2-api/post/compose
  2 threads and 4 connections
  Thread calibration: mean lat.: 4087.290ms, rate sampling interval: 13942ms
  Thread calibration: mean lat.: 3983.089ms, rate sampling interval: 14106ms
  Thread Stats   Avg      Stdev     99%   +/- Stdev
    Latency     1.48m    25.61s    1.85m    73.45%
    Req/Sec    26.66      7.95    32.00     88.89%
  Latency Distribution (HdrHistogram - Recorded Latency)
 50.000%    1.71m 
 75.000%    1.76m 
 90.000%    1.81m 
 99.000%    1.85m 
 99.900%    1.87m 
 99.990%    1.88m 
 99.999%    1.88m 
100.000%    1.88m 

  Detailed Percentile spectrum:
       Value   Percentile   TotalCount 1/(1-Percentile)

    7462.911     0.000000            1         1.00
   46563.327     0.100000         4956         1.11
   47972.351     0.200000         9674         1.25
   98893.823     0.300000        14559         1.43
  101122.047     0.400000        19419         1.67
  102301.695     0.500000        24427         2.00
  102760.447     0.550000        26836         2.22
  103284.735     0.600000        29268         2.50
  103874.559     0.650000        31682         2.86
  104529.919     0.700000        34007         3.33
  105512.959     0.750000        36416         4.00
  105971.711     0.775000        37569         4.44
  106364.927     0.800000        38716         5.00
  106823.679     0.825000        39933         5.71
  107282.431     0.850000        41234         6.67
  107872.255     0.875000        42368         8.00
  108134.399     0.887500        42956         8.89
  108396.543     0.900000        43636        10.00
  108593.151     0.912500        44288        11.43
  108789.759     0.925000        44878        13.33
  108986.367     0.937500        45455        16.00
  109117.439     0.943750        45725        17.78
  109248.511     0.950000        46048        20.00
  109379.583     0.956250        46271        22.86
  109641.727     0.962500        46600        26.67
  109838.335     0.968750        46859        32.00
  109969.407     0.971875        47044        35.56
  110034.943     0.975000        47126        40.00
  110231.551     0.978125        47324        45.71
  110362.623     0.981250        47451        53.33
  110493.695     0.984375        47579        64.00
  110624.767     0.985938        47695        71.11
  110690.303     0.987500        47748        80.00
  110755.839     0.989062        47808        91.43
  110886.911     0.990625        47943       106.67
  110952.447     0.992188        48002       128.00
  110952.447     0.992969        48002       142.22
  111017.983     0.993750        48056       160.00
  111083.519     0.994531        48117       182.86
  111083.519     0.995313        48117       213.33
  111149.055     0.996094        48145       256.00
  111214.591     0.996484        48164       284.44
  111345.663     0.996875        48185       320.00
  111476.735     0.997266        48201       365.71
  111673.343     0.997656        48221       426.67
  111869.951     0.998047        48239       512.00
  112066.559     0.998242        48253       568.89
  112132.095     0.998437        48258       640.00
  112263.167     0.998633        48272       731.43
  112328.703     0.998828        48282       853.33
  112394.239     0.999023        48294      1024.00
  112394.239     0.999121        48294      1137.78
  112394.239     0.999219        48294      1280.00
  112459.775     0.999316        48312      1462.86
  112459.775     0.999414        48312      1706.67
  112459.775     0.999512        48312      2048.00
  112459.775     0.999561        48312      2275.56
  112525.311     0.999609        48316      2560.00
  112525.311     0.999658        48316      2925.71
  112590.847     0.999707        48326      3413.33
  112590.847     0.999756        48326      4096.00
  112590.847     0.999780        48326      4551.11
  112590.847     0.999805        48326      5120.00
  112590.847     0.999829        48326      5851.43
  112590.847     0.999854        48326      6826.67
  112590.847     0.999878        48326      8192.00
  112590.847     0.999890        48326      9102.22
  112656.383     0.999902        48329     10240.00
  112656.383     0.999915        48329     11702.86
  112656.383     0.999927        48329     13653.33
  112656.383     0.999939        48329     16384.00
  112656.383     0.999945        48329     18204.44
  112656.383     0.999951        48329     20480.00
  112656.383     0.999957        48329     23405.71
  112787.455     0.999963        48331     27306.67
  112787.455     1.000000        48331          inf
#[Mean    =    88796.651, StdDeviation   =    25613.354]
#[Max     =   112721.920, Total count    =        48331]
#[Buckets =           27, SubBuckets     =         2048]
----------------------------------------------------------
  48477 requests in 15.00m, 430.63MB read
  Socket errors: connect 0, read 0, write 5, timeout 0
Requests/sec:     53.86
Transfer/sec:    489.94KB
