Running 15m test @ http://10.102.4.41:8080/wrk2-api/post/compose
  2 threads and 4 connections
  Thread calibration: mean lat.: 6006.077ms, rate sampling interval: 16687ms
  Thread calibration: mean lat.: 4976.786ms, rate sampling interval: 16564ms
  Thread Stats   Avg      Stdev     99%   +/- Stdev
    Latency     1.17m    21.68s    1.66m    57.23%
    Req/Sec    13.38      3.12    16.00     88.68%
  Latency Distribution (HdrHistogram - Recorded Latency)
 50.000%    0.93m 
 75.000%    1.54m 
 90.000%    1.59m 
 99.000%    1.66m 
 99.900%    1.69m 
 99.990%    1.70m 
 99.999%    1.71m 
100.000%    1.71m 

  Detailed Percentile spectrum:
       Value   Percentile   TotalCount 1/(1-Percentile)

    7806.975     0.000000            1         1.00
   47710.207     0.100000         2470         1.11
   49184.767     0.200000         4984         1.25
   50528.255     0.300000         7418         1.43
   52461.567     0.400000         9890         1.67
   55869.439     0.500000        12349         2.00
   85983.231     0.550000        13595         2.22
   87752.703     0.600000        14811         2.50
   90046.463     0.650000        16068         2.86
   91422.719     0.700000        17299         3.33
   92536.831     0.750000        18593         4.00
   92995.583     0.775000        19153         4.44
   93585.407     0.800000        19822         5.00
   93978.623     0.825000        20398         5.71
   94437.375     0.850000        20992         6.67
   95027.199     0.875000        21613         8.00
   95354.879     0.887500        21916         8.89
   95682.559     0.900000        22277        10.00
   95944.703     0.912500        22523        11.43
   96337.919     0.925000        22845        13.33
   96665.599     0.937500        23157        16.00
   96862.207     0.943750        23311        17.78
   97058.815     0.950000        23456        20.00
   97255.423     0.956250        23619        22.86
   97452.031     0.962500        23783        26.67
   97714.175     0.968750        23941        32.00
   97845.247     0.971875        24005        35.56
   97976.319     0.975000        24065        40.00
   98238.463     0.978125        24164        45.71
   98435.071     0.981250        24226        53.33
   98697.215     0.984375        24296        64.00
   98893.823     0.985938        24343        71.11
   99090.431     0.987500        24382        80.00
   99287.039     0.989062        24413        91.43
   99418.111     0.990625        24450       106.67
   99680.255     0.992188        24493       128.00
   99811.327     0.992969        24511       142.22
   99942.399     0.993750        24537       160.00
  100007.935     0.994531        24552       182.86
  100139.007     0.995313        24568       213.33
  100270.079     0.996094        24583       256.00
  100466.687     0.996484        24599       284.44
  100532.223     0.996875        24602       320.00
  100794.367     0.997266        24617       365.71
  100859.903     0.997656        24623       426.67
  100925.439     0.998047        24631       512.00
  100990.975     0.998242        24638       568.89
  101056.511     0.998437        24644       640.00
  101122.047     0.998633        24649       731.43
  101187.583     0.998828        24654       853.33
  101253.119     0.999023        24662      1024.00
  101253.119     0.999121        24662      1137.78
  101253.119     0.999219        24662      1280.00
  101318.655     0.999316        24668      1462.86
  101318.655     0.999414        24668      1706.67
  101318.655     0.999512        24668      2048.00
  101384.191     0.999561        24671      2275.56
  101384.191     0.999609        24671      2560.00
  101384.191     0.999658        24671      2925.71
  101449.727     0.999707        24672      3413.33
  101515.263     0.999756        24674      4096.00
  101515.263     0.999780        24674      4551.11
  101777.407     0.999805        24675      5120.00
  101777.407     0.999829        24675      5851.43
  101842.943     0.999854        24676      6826.67
  101842.943     0.999878        24676      8192.00
  101908.479     0.999890        24678      9102.22
  101908.479     0.999902        24678     10240.00
  101908.479     0.999915        24678     11702.86
  101908.479     0.999927        24678     13653.33
  101908.479     0.999939        24678     16384.00
  101908.479     0.999945        24678     18204.44
  101908.479     0.999951        24678     20480.00
  101908.479     0.999957        24678     23405.71
  102301.695     0.999963        24679     27306.67
  102301.695     1.000000        24679          inf
#[Mean    =    70100.753, StdDeviation   =    21680.821]
#[Max     =   102236.160, Total count    =        24679]
#[Buckets =           27, SubBuckets     =         2048]
----------------------------------------------------------
  24723 requests in 15.00m, 305.74MB read
  Socket errors: connect 0, read 0, write 4, timeout 0
Requests/sec:     27.47
Transfer/sec:    347.81KB
