Running 15m test @ http://10.100.156.44:8080/wrk2-api/post/compose
  2 threads and 4 connections
  Thread calibration: mean lat.: 1137.013ms, rate sampling interval: 6406ms
  Thread calibration: mean lat.: 1683.815ms, rate sampling interval: 9732ms
  Thread Stats   Avg      Stdev     99%   +/- Stdev
    Latency    43.49s    19.05s    1.43m    70.14%
    Req/Sec     4.22      1.14     7.00     91.27%
  Latency Distribution (HdrHistogram - Recorded Latency)
 50.000%   35.39s 
 75.000%    0.94m 
 90.000%    1.22m 
 99.000%    1.43m 
 99.900%    1.48m 
 99.990%    1.48m 
 99.999%    1.49m 
100.000%    1.49m 

  Detailed Percentile spectrum:
       Value   Percentile   TotalCount 1/(1-Percentile)

      14.479     0.000000            1         1.00
   25214.975     0.100000          844         1.11
   27394.047     0.200000         1694         1.25
   29261.823     0.300000         2532         1.43
   31113.215     0.400000         3375         1.67
   35389.439     0.500000         4217         2.00
   42729.471     0.550000         4637         2.22
   47087.615     0.600000         5058         2.50
   49414.143     0.650000         5482         2.86
   51478.527     0.700000         5901         3.33
   56131.583     0.750000         6323         4.00
   62488.575     0.775000         6534         4.44
   65273.855     0.800000         6744         5.00
   68091.903     0.825000         6955         5.71
   69533.695     0.850000         7176         6.67
   70975.487     0.875000         7382         8.00
   72089.599     0.887500         7484         8.89
   73465.855     0.900000         7589        10.00
   74711.039     0.912500         7695        11.43
   75825.151     0.925000         7808        13.33
   77201.407     0.937500         7907        16.00
   77594.623     0.943750         7958        17.78
   78053.375     0.950000         8014        20.00
   78577.663     0.956250         8062        22.86
   79036.415     0.962500         8118        26.67
   79953.919     0.968750         8169        32.00
   80478.207     0.971875         8194        35.56
   81199.103     0.975000         8223        40.00
   81854.463     0.978125         8246        45.71
   82706.431     0.981250         8273        53.33
   84082.687     0.984375         8299        64.00
   84606.975     0.985938         8314        71.11
   85000.191     0.987500         8325        80.00
   85524.479     0.989062         8338        91.43
   85917.695     0.990625         8353       106.67
   86310.911     0.992188         8367       128.00
   86441.983     0.992969         8378       142.22
   86441.983     0.993750         8378       160.00
   86573.055     0.994531         8386       182.86
   86704.127     0.995313         8391       213.33
   87556.095     0.996094         8400       256.00
   87621.631     0.996484         8402       284.44
   87818.239     0.996875         8407       320.00
   87818.239     0.997266         8407       365.71
   87883.775     0.997656         8411       426.67
   88080.383     0.998047         8414       512.00
   88211.455     0.998242         8416       568.89
   88276.991     0.998437         8417       640.00
   88473.599     0.998633         8419       731.43
   88604.671     0.998828         8421       853.33
   88801.279     0.999023         8424      1024.00
   88801.279     0.999121         8424      1137.78
   88801.279     0.999219         8424      1280.00
   88866.815     0.999316         8427      1462.86
   88866.815     0.999414         8427      1706.67
   88866.815     0.999512         8427      2048.00
   88866.815     0.999561         8427      2275.56
   88866.815     0.999609         8427      2560.00
   89063.423     0.999658         8429      2925.71
   89063.423     0.999707         8429      3413.33
   89063.423     0.999756         8429      4096.00
   89063.423     0.999780         8429      4551.11
   89063.423     0.999805         8429      5120.00
   89063.423     0.999829         8429      5851.43
   89063.423     0.999854         8429      6826.67
   89063.423     0.999878         8429      8192.00
   89128.959     0.999890         8430      9102.22
   89128.959     1.000000         8430          inf
#[Mean    =    43494.066, StdDeviation   =    19046.409]
#[Max     =    89063.424, Total count    =         8430]
#[Buckets =           27, SubBuckets     =         2048]
----------------------------------------------------------
  8511 requests in 15.00m, 1.75MB read
  Socket errors: connect 0, read 0, write 4, timeout 19
Requests/sec:      9.46
Transfer/sec:      1.99KB
