Running 15m test @ http://10.100.156.44:8080/wrk2-api/post/compose
  2 threads and 4 connections
  Thread calibration: mean lat.: 5541.744ms, rate sampling interval: 15040ms
  Thread calibration: mean lat.: 2115.169ms, rate sampling interval: 10567ms
  Thread Stats   Avg      Stdev     99%   +/- Stdev
    Latency     1.39m    24.49s    1.80m    71.73%
    Req/Sec    26.92      7.48    34.00     88.81%
  Latency Distribution (HdrHistogram - Recorded Latency)
 50.000%    1.48m 
 75.000%    1.72m 
 90.000%    1.75m 
 99.000%    1.80m 
 99.900%    1.83m 
 99.990%    1.84m 
 99.999%    1.84m 
100.000%    1.84m 

  Detailed Percentile spectrum:
       Value   Percentile   TotalCount 1/(1-Percentile)

    1934.335     0.000000            1         1.00
   45318.143     0.100000         4929         1.11
   46596.095     0.200000         9733         1.25
   83296.255     0.300000        14601         1.43
   86048.767     0.400000        19497         1.67
   88604.671     0.500000        24363         2.00
  100073.471     0.550000        26797         2.22
  101253.119     0.600000        29210         2.50
  102039.551     0.650000        31674         2.86
  102563.839     0.700000        34048         3.33
  103088.127     0.750000        36587         4.00
  103350.271     0.775000        37898         4.44
  103546.879     0.800000        39000         5.00
  103809.023     0.825000        40170         5.71
  104136.703     0.850000        41454         6.67
  104464.383     0.875000        42784         8.00
  104595.455     0.887500        43357         8.89
  104726.527     0.900000        43793        10.00
  104988.671     0.912500        44506        11.43
  105185.279     0.925000        45027        13.33
  105512.959     0.937500        45674        16.00
  105709.567     0.943750        45940        17.78
  105906.175     0.950000        46212        20.00
  106102.783     0.956250        46516        22.86
  106430.463     0.962500        46845        26.67
  106889.215     0.968750        47168        32.00
  107020.287     0.971875        47301        35.56
  107151.359     0.975000        47416        40.00
  107347.967     0.978125        47619        45.71
  107479.039     0.981250        47764        53.33
  107610.111     0.984375        47889        64.00
  107741.183     0.985938        47985        71.11
  107806.719     0.987500        48026        80.00
  108003.327     0.989062        48102        91.43
  108199.935     0.990625        48189       106.67
  108462.079     0.992188        48261       128.00
  108658.687     0.992969        48281       142.22
  108986.367     0.993750        48325       160.00
  109182.975     0.994531        48358       182.86
  109510.655     0.995313        48402       213.33
  109707.263     0.996094        48458       256.00
  109707.263     0.996484        48458       284.44
  109772.799     0.996875        48478       320.00
  109838.335     0.997266        48502       365.71
  109903.871     0.997656        48533       426.67
  109903.871     0.998047        48533       512.00
  109969.407     0.998242        48561       568.89
  109969.407     0.998437        48561       640.00
  109969.407     0.998633        48561       731.43
  110034.943     0.998828        48586       853.33
  110034.943     0.999023        48586      1024.00
  110034.943     0.999121        48586      1137.78
  110034.943     0.999219        48586      1280.00
  110100.479     0.999316        48601      1462.86
  110100.479     0.999414        48601      1706.67
  110100.479     0.999512        48601      2048.00
  110100.479     0.999561        48601      2275.56
  110166.015     0.999609        48607      2560.00
  110166.015     0.999658        48607      2925.71
  110231.551     0.999707        48614      3413.33
  110231.551     0.999756        48614      4096.00
  110231.551     0.999780        48614      4551.11
  110231.551     0.999805        48614      5120.00
  110231.551     0.999829        48614      5851.43
  110297.087     0.999854        48618      6826.67
  110297.087     0.999878        48618      8192.00
  110297.087     0.999890        48618      9102.22
  110297.087     0.999902        48618     10240.00
  110297.087     0.999915        48618     11702.86
  110362.623     0.999927        48620     13653.33
  110362.623     0.999939        48620     16384.00
  110362.623     0.999945        48620     18204.44
  110362.623     0.999951        48620     20480.00
  110362.623     0.999957        48620     23405.71
  110428.159     0.999963        48622     27306.67
  110428.159     1.000000        48622          inf
#[Mean    =    83214.410, StdDeviation   =    24487.760]
#[Max     =   110362.624, Total count    =        48622]
#[Buckets =           27, SubBuckets     =         2048]
----------------------------------------------------------
  48806 requests in 15.00m, 431.54MB read
  Socket errors: connect 0, read 0, write 5, timeout 0
Requests/sec:     54.23
Transfer/sec:    490.98KB
