Running 15m test @ http://10.100.156.44:8080/wrk2-api/post/compose
  2 threads and 4 connections
  Thread calibration: mean lat.: 4543.138ms, rate sampling interval: 13680ms
  Thread calibration: mean lat.: 5107.139ms, rate sampling interval: 15441ms
  Thread Stats   Avg      Stdev     99%   +/- Stdev
    Latency     1.37m    24.50s    1.73m    73.17%
    Req/Sec    13.17      3.66    16.00     89.34%
  Latency Distribution (HdrHistogram - Recorded Latency)
 50.000%    1.59m 
 75.000%    1.64m 
 90.000%    1.68m 
 99.000%    1.73m 
 99.900%    1.76m 
 99.990%    1.77m 
 99.999%    1.77m 
100.000%    1.77m 

  Detailed Percentile spectrum:
       Value   Percentile   TotalCount 1/(1-Percentile)

    6791.167     0.000000            1         1.00
   42369.023     0.100000         2468         1.11
   44105.727     0.200000         4900         1.25
   90243.071     0.300000         7312         1.43
   93388.799     0.400000         9754         1.67
   95485.951     0.500000        12238         2.00
   96206.847     0.550000        13464         2.22
   96796.671     0.600000        14604         2.50
   97386.495     0.650000        15841         2.86
   97976.319     0.700000        17071         3.33
   98500.607     0.750000        18342         4.00
   98762.751     0.775000        18982         4.44
   99024.895     0.800000        19569         5.00
   99352.575     0.825000        20102         5.71
   99811.327     0.850000        20706         6.67
  100270.079     0.875000        21273         8.00
  100532.223     0.887500        21585         8.89
  100859.903     0.900000        21881        10.00
  101187.583     0.912500        22200        11.43
  101580.799     0.925000        22530        13.33
  101908.479     0.937500        22862        16.00
  102039.551     0.943750        23002        17.78
  102170.623     0.950000        23102        20.00
  102367.231     0.956250        23300        22.86
  102498.303     0.962500        23424        26.67
  102694.911     0.968750        23589        32.00
  102760.447     0.971875        23641        35.56
  102891.519     0.975000        23737        40.00
  102957.055     0.978125        23786        45.71
  103153.663     0.981250        23885        53.33
  103284.735     0.984375        23939        64.00
  103415.807     0.985938        23974        71.11
  103612.415     0.987500        24024        80.00
  103743.487     0.989062        24058        91.43
  103940.095     0.990625        24089       106.67
  104202.239     0.992188        24124       128.00
  104333.311     0.992969        24144       142.22
  104464.383     0.993750        24162       160.00
  104726.527     0.994531        24185       182.86
  104857.599     0.995313        24210       213.33
  104923.135     0.996094        24218       256.00
  105054.207     0.996484        24234       284.44
  105119.743     0.996875        24244       320.00
  105185.279     0.997266        24255       365.71
  105250.815     0.997656        24260       426.67
  105316.351     0.998047        24265       512.00
  105447.423     0.998242        24276       568.89
  105447.423     0.998437        24276       640.00
  105512.959     0.998633        24286       731.43
  105512.959     0.998828        24286       853.33
  105578.495     0.999023        24292      1024.00
  105578.495     0.999121        24292      1137.78
  105644.031     0.999219        24301      1280.00
  105644.031     0.999316        24301      1462.86
  105644.031     0.999414        24301      1706.67
  105644.031     0.999512        24301      2048.00
  105709.567     0.999561        24305      2275.56
  105709.567     0.999609        24305      2560.00
  105709.567     0.999658        24305      2925.71
  105709.567     0.999707        24305      3413.33
  105775.103     0.999756        24309      4096.00
  105775.103     0.999780        24309      4551.11
  105775.103     0.999805        24309      5120.00
  105775.103     0.999829        24309      5851.43
  105775.103     0.999854        24309      6826.67
  105906.175     0.999878        24311      8192.00
  105906.175     0.999890        24311      9102.22
  105906.175     0.999902        24311     10240.00
  105906.175     0.999915        24311     11702.86
  105906.175     0.999927        24311     13653.33
  105906.175     0.999939        24311     16384.00
  105906.175     0.999945        24311     18204.44
  105906.175     0.999951        24311     20480.00
  105906.175     0.999957        24311     23405.71
  105971.711     0.999963        24312     27306.67
  105971.711     1.000000        24312          inf
#[Mean    =    82189.472, StdDeviation   =    24496.951]
#[Max     =   105906.176, Total count    =        24312]
#[Buckets =           27, SubBuckets     =         2048]
----------------------------------------------------------
  24364 requests in 15.00m, 301.15MB read
  Socket errors: connect 0, read 0, write 4, timeout 0
Requests/sec:     27.07
Transfer/sec:    342.63KB
