Running 15m test @ http://10.101.86.100:8080/wrk2-api/post/compose
  2 threads and 4 connections
  Thread calibration: mean lat.: 19.662ms, rate sampling interval: 48ms
  Thread calibration: mean lat.: 18.736ms, rate sampling interval: 43ms
  Thread Stats   Avg      Stdev     99%   +/- Stdev
    Latency   825.96ms  560.77ms   2.70s    77.43%
    Req/Sec     4.92     10.51    46.00     80.20%
  Latency Distribution (HdrHistogram - Recorded Latency)
 50.000%  686.59ms
 75.000%    1.09s 
 90.000%    1.56s 
 99.000%    2.70s 
 99.900%    4.01s 
 99.990%    4.52s 
 99.999%    4.67s 
100.000%    4.67s 

  Detailed Percentile spectrum:
       Value   Percentile   TotalCount 1/(1-Percentile)

      10.591     0.000000            1         1.00
     283.135     0.100000          885         1.11
     379.135     0.200000         1767         1.25
     476.159     0.300000         2653         1.43
     573.951     0.400000         3535         1.67
     686.591     0.500000         4419         2.00
     753.151     0.550000         4862         2.22
     823.807     0.600000         5301         2.50
     909.311     0.650000         5747         2.86
     989.695     0.700000         6185         3.33
    1090.559     0.750000         6629         4.00
    1143.807     0.775000         6852         4.44
    1206.271     0.800000         7070         5.00
    1279.999     0.825000         7289         5.71
    1356.799     0.850000         7511         6.67
    1452.031     0.875000         7732         8.00
    1501.183     0.887500         7842         8.89
    1562.623     0.900000         7953        10.00
    1630.207     0.912500         8065        11.43
    1700.863     0.925000         8174        13.33
    1801.215     0.937500         8283        16.00
    1848.319     0.943750         8339        17.78
    1916.927     0.950000         8395        20.00
    1973.247     0.956250         8449        22.86
    2044.927     0.962500         8504        26.67
    2148.351     0.968750         8559        32.00
    2205.695     0.971875         8587        35.56
    2269.183     0.975000         8616        40.00
    2353.151     0.978125         8643        45.71
    2412.543     0.981250         8670        53.33
    2514.943     0.984375         8697        64.00
    2555.903     0.985938         8711        71.11
    2609.151     0.987500         8725        80.00
    2670.591     0.989062         8739        91.43
    2746.367     0.990625         8753       106.67
    2805.759     0.992188         8766       128.00
    2844.671     0.992969         8773       142.22
    2940.927     0.993750         8781       160.00
    3000.319     0.994531         8787       182.86
    3049.471     0.995313         8794       213.33
    3149.823     0.996094         8801       256.00
    3174.399     0.996484         8804       284.44
    3223.551     0.996875         8808       320.00
    3252.223     0.997266         8811       365.71
    3471.359     0.997656         8815       426.67
    3567.615     0.998047         8818       512.00
    3598.335     0.998242         8820       568.89
    3698.687     0.998437         8822       640.00
    3737.599     0.998633         8823       731.43
    3993.599     0.998828         8825       853.33
    4093.951     0.999023         8827      1024.00
    4095.999     0.999121         8828      1137.78
    4130.815     0.999219         8829      1280.00
    4130.815     0.999316         8829      1462.86
    4145.151     0.999414         8830      1706.67
    4296.703     0.999512         8831      2048.00
    4300.799     0.999561         8832      2275.56
    4300.799     0.999609         8832      2560.00
    4300.799     0.999658         8832      2925.71
    4362.239     0.999707         8833      3413.33
    4362.239     0.999756         8833      4096.00
    4517.887     0.999780         8834      4551.11
    4517.887     0.999805         8834      5120.00
    4517.887     0.999829         8834      5851.43
    4517.887     0.999854         8834      6826.67
    4517.887     0.999878         8834      8192.00
    4673.535     0.999890         8835      9102.22
    4673.535     1.000000         8835          inf
#[Mean    =      825.959, StdDeviation   =      560.770]
#[Max     =     4669.440, Total count    =         8835]
#[Buckets =           27, SubBuckets     =         2048]
----------------------------------------------------------
  8952 requests in 15.00m, 1.84MB read
  Socket errors: connect 0, read 0, write 7, timeout 18
Requests/sec:      9.95
Transfer/sec:      2.09KB
