Running 15m test @ http://10.101.86.100:8080/wrk2-api/post/compose
  2 threads and 4 connections
  Thread calibration: mean lat.: 5.314ms, rate sampling interval: 15ms
  Thread calibration: mean lat.: 4.914ms, rate sampling interval: 14ms
  Thread Stats   Avg      Stdev     99%   +/- Stdev
    Latency     1.90m     2.27m    7.71m    80.74%
    Req/Sec    18.29     38.15   153.00     78.76%
  Latency Distribution (HdrHistogram - Recorded Latency)
 50.000%   31.41s 
 75.000%    3.15m 
 90.000%    5.96m 
 99.000%    7.71m 
 99.900%    7.92m 
 99.990%    7.99m 
 99.999%    7.99m 
100.000%    7.99m 

  Detailed Percentile spectrum:
       Value   Percentile   TotalCount 1/(1-Percentile)

       2.155     0.000000            1         1.00
      34.879     0.100000         3140         1.11
   28475.391     0.200000         6294         1.25
   29769.727     0.300000         9466         1.43
   30605.311     0.400000        12593         1.67
   31408.127     0.500000        15749         2.00
   32161.791     0.550000        17291         2.22
   54001.663     0.600000        18842         2.50
   92798.975     0.650000        20412         2.86
  137232.383     0.700000        21981         3.33
  189267.967     0.750000        23554         4.00
  213778.431     0.775000        24339         4.44
  239730.687     0.800000        25121         5.00
  270794.751     0.825000        25916         5.71
  299892.735     0.850000        26692         6.67
  326369.279     0.875000        27478         8.00
  342360.063     0.887500        27870         8.89
  357826.559     0.900000        28263        10.00
  371982.335     0.912500        28654        11.43
  387186.687     0.925000        29046        13.33
  402128.895     0.937500        29447        16.00
  409993.215     0.943750        29636        17.78
  416284.671     0.950000        29831        20.00
  423886.847     0.956250        30030        22.86
  432799.743     0.962500        30222        26.67
  440139.775     0.968750        30423        32.00
  443547.647     0.971875        30520        35.56
  446693.375     0.975000        30621        40.00
  450101.247     0.978125        30713        45.71
  453246.975     0.981250        30813        53.33
  456130.559     0.984375        30909        64.00
  457965.567     0.985938        30963        71.11
  459800.575     0.987500        31009        80.00
  461897.727     0.989062        31068        91.43
  463208.447     0.990625        31106       106.67
  465043.455     0.992188        31156       128.00
  465829.887     0.992969        31183       142.22
  466354.175     0.993750        31207       160.00
  467140.607     0.994531        31230       182.86
  467664.895     0.995313        31255       213.33
  468713.471     0.996094        31277       256.00
  469499.903     0.996484        31292       284.44
  470286.335     0.996875        31303       320.00
  470810.623     0.997266        31315       365.71
  471334.911     0.997656        31330       426.67
  472121.343     0.998047        31340       512.00
  472383.487     0.998242        31345       568.89
  472907.775     0.998437        31352       640.00
  473694.207     0.998633        31358       731.43
  474480.639     0.998828        31363       853.33
  475004.927     0.999023        31372      1024.00
  475004.927     0.999121        31372      1137.78
  475267.071     0.999219        31375      1280.00
  475529.215     0.999316        31379      1462.86
  475791.359     0.999414        31381      1706.67
  476315.647     0.999512        31384      2048.00
  476577.791     0.999561        31386      2275.56
  477102.079     0.999609        31387      2560.00
  477888.511     0.999658        31389      2925.71
  478150.655     0.999707        31390      3413.33
  478412.799     0.999756        31392      4096.00
  478674.943     0.999780        31393      4551.11
  478674.943     0.999805        31393      5120.00
  478937.087     0.999829        31394      5851.43
  479199.231     0.999854        31399      6826.67
  479199.231     1.000000        31399          inf
#[Mean    =   113765.265, StdDeviation   =   136333.547]
#[Max     =   478937.088, Total count    =        31399]
#[Buckets =           27, SubBuckets     =         2048]
----------------------------------------------------------
  32053 requests in 15.00m, 258.86MB read
  Socket errors: connect 0, read 0, write 5, timeout 589
Requests/sec:     35.61
Transfer/sec:    294.48KB
