Running 15m test @ http://10.101.86.100:8080/wrk2-api/post/compose
  2 threads and 4 connections
  Thread calibration: mean lat.: 23.503ms, rate sampling interval: 69ms
  Thread calibration: mean lat.: 23.355ms, rate sampling interval: 70ms
  Thread Stats   Avg      Stdev     99%   +/- Stdev
    Latency     2.61m     1.99m    7.00m    57.96%
    Req/Sec     8.39      9.93    29.00     89.20%
  Latency Distribution (HdrHistogram - Recorded Latency)
 50.000%    2.43m 
 75.000%    4.22m 
 90.000%    5.28m 
 99.000%    7.00m 
 99.900%    7.36m 
 99.990%    7.39m 
 99.999%    7.40m 
100.000%    7.40m 

  Detailed Percentile spectrum:
       Value   Percentile   TotalCount 1/(1-Percentile)

       3.109     0.000000            1         1.00
      26.175     0.100000         1530         1.11
   28540.927     0.200000         3059         1.25
   66060.287     0.300000         4589         1.43
  106233.855     0.400000         6118         1.67
  145620.991     0.500000         7652         2.00
  165675.007     0.550000         8414         2.22
  187301.887     0.600000         9178         2.50
  209846.271     0.650000         9941         2.86
  232128.511     0.700000        10705         3.33
  253493.247     0.750000        11471         4.00
  264634.367     0.775000        11855         4.44
  273416.191     0.800000        12237         5.00
  283901.951     0.825000        12620         5.71
  293339.135     0.850000        13002         6.67
  304873.471     0.875000        13385         8.00
  310378.495     0.887500        13575         8.89
  316932.095     0.900000        13763        10.00
  324272.127     0.912500        13957        11.43
  337641.471     0.925000        14146        13.33
  351272.959     0.937500        14337        16.00
  360447.999     0.943750        14434        17.78
  368574.463     0.950000        14531        20.00
  378011.647     0.956250        14625        22.86
  385613.823     0.962500        14722        26.67
  394526.719     0.968750        14816        32.00
  398458.879     0.971875        14863        35.56
  401866.751     0.975000        14910        40.00
  405274.623     0.978125        14960        45.71
  408944.639     0.981250        15006        53.33
  413401.087     0.984375        15056        64.00
  415236.095     0.985938        15077        71.11
  417333.247     0.987500        15101        80.00
  419168.255     0.989062        15126        91.43
  420741.119     0.990625        15149       106.67
  423100.415     0.992188        15173       128.00
  424935.423     0.992969        15185       142.22
  426770.431     0.993750        15197       160.00
  428343.295     0.994531        15209       182.86
  429916.159     0.995313        15221       213.33
  432799.743     0.996094        15233       256.00
  433848.319     0.996484        15239       284.44
  434634.751     0.996875        15245       320.00
  435683.327     0.997266        15251       365.71
  436469.759     0.997656        15257       426.67
  437256.191     0.998047        15263       512.00
  438304.767     0.998242        15266       568.89
  439091.199     0.998437        15269       640.00
  440664.063     0.998633        15273       731.43
  441188.351     0.998828        15275       853.33
  441712.639     0.999023        15278      1024.00
  441974.783     0.999121        15279      1137.78
  442499.071     0.999219        15282      1280.00
  442499.071     0.999316        15282      1462.86
  443023.359     0.999414        15287      1706.67
  443023.359     0.999512        15287      2048.00
  443023.359     0.999561        15287      2275.56
  443023.359     0.999609        15287      2560.00
  443023.359     0.999658        15287      2925.71
  443285.503     0.999707        15288      3413.33
  443547.647     0.999756        15291      4096.00
  443547.647     0.999780        15291      4551.11
  443547.647     0.999805        15291      5120.00
  443547.647     0.999829        15291      5851.43
  443547.647     0.999854        15291      6826.67
  443547.647     0.999878        15291      8192.00
  443547.647     0.999890        15291      9102.22
  443547.647     0.999902        15291     10240.00
  443547.647     0.999915        15291     11702.86
  443547.647     0.999927        15291     13653.33
  443809.791     0.999939        15292     16384.00
  443809.791     1.000000        15292          inf
#[Mean    =   156441.178, StdDeviation   =   119495.150]
#[Max     =   443547.648, Total count    =        15292]
#[Buckets =           27, SubBuckets     =         2048]
----------------------------------------------------------
  15619 requests in 15.00m, 203.72MB read
  Socket errors: connect 0, read 0, write 6, timeout 128
Requests/sec:     17.35
Transfer/sec:    231.76KB
