Running 15m test @ http://10.98.127.92:8080/wrk2-api/post/compose
  2 threads and 4 connections
  Thread calibration: mean lat.: 19.823ms, rate sampling interval: 51ms
  Thread calibration: mean lat.: 20.221ms, rate sampling interval: 54ms
  Thread Stats   Avg      Stdev     99%   +/- Stdev
    Latency   739.75ms  558.63ms   2.60s    74.43%
    Req/Sec     4.91      9.71    39.00     77.21%
  Latency Distribution (HdrHistogram - Recorded Latency)
 50.000%  608.77ms
 75.000%    1.01s 
 90.000%    1.48s 
 99.000%    2.60s 
 99.900%    3.66s 
 99.990%    4.22s 
 99.999%    4.57s 
100.000%    4.57s 

  Detailed Percentile spectrum:
       Value   Percentile   TotalCount 1/(1-Percentile)

      10.655     0.000000            1         1.00
     166.271     0.100000          885         1.11
     282.623     0.200000         1767         1.25
     386.047     0.300000         2653         1.43
     496.895     0.400000         3537         1.67
     608.767     0.500000         4418         2.00
     675.327     0.550000         4860         2.22
     744.447     0.600000         5301         2.50
     823.807     0.650000         5743         2.86
     905.215     0.700000         6186         3.33
    1007.103     0.750000         6627         4.00
    1069.055     0.775000         6852         4.44
    1128.447     0.800000         7071         5.00
    1197.055     0.825000         7290         5.71
    1279.999     0.850000         7511         6.67
    1375.231     0.875000         7731         8.00
    1420.287     0.887500         7842         8.89
    1477.631     0.900000         7954        10.00
    1540.095     0.912500         8062        11.43
    1625.087     0.925000         8174        13.33
    1709.055     0.937500         8283        16.00
    1762.303     0.943750         8339        17.78
    1818.623     0.950000         8396        20.00
    1873.919     0.956250         8449        22.86
    1948.671     0.962500         8504        26.67
    2049.023     0.968750         8559        32.00
    2085.887     0.971875         8587        35.56
    2142.207     0.975000         8615        40.00
    2222.079     0.978125         8642        45.71
    2299.903     0.981250         8670        53.33
    2404.351     0.984375         8697        64.00
    2480.127     0.985938         8711        71.11
    2523.135     0.987500         8725        80.00
    2578.431     0.989062         8739        91.43
    2625.535     0.990625         8753       106.67
    2699.263     0.992188         8766       128.00
    2740.223     0.992969         8773       142.22
    2818.047     0.993750         8780       160.00
    2863.103     0.994531         8787       182.86
    2906.111     0.995313         8794       213.33
    3008.511     0.996094         8801       256.00
    3047.423     0.996484         8804       284.44
    3129.343     0.996875         8808       320.00
    3219.455     0.997266         8811       365.71
    3375.103     0.997656         8815       426.67
    3401.727     0.998047         8818       512.00
    3430.399     0.998242         8820       568.89
    3502.079     0.998437         8822       640.00
    3520.511     0.998633         8823       731.43
    3624.959     0.998828         8825       853.33
    3950.591     0.999023         8827      1024.00
    3962.879     0.999121         8828      1137.78
    3989.503     0.999219         8829      1280.00
    3989.503     0.999316         8829      1462.86
    4020.223     0.999414         8830      1706.67
    4063.231     0.999512         8831      2048.00
    4079.615     0.999561         8832      2275.56
    4079.615     0.999609         8832      2560.00
    4079.615     0.999658         8832      2925.71
    4143.103     0.999707         8833      3413.33
    4143.103     0.999756         8833      4096.00
    4218.879     0.999780         8834      4551.11
    4218.879     0.999805         8834      5120.00
    4218.879     0.999829         8834      5851.43
    4218.879     0.999854         8834      6826.67
    4218.879     0.999878         8834      8192.00
    4567.039     0.999890         8835      9102.22
    4567.039     1.000000         8835          inf
#[Mean    =      739.754, StdDeviation   =      558.631]
#[Max     =     4562.944, Total count    =         8835]
#[Buckets =           27, SubBuckets     =         2048]
----------------------------------------------------------
  8952 requests in 15.00m, 1.84MB read
  Socket errors: connect 0, read 0, write 7, timeout 18
Requests/sec:      9.95
Transfer/sec:      2.09KB
