Running 15m test @ http://10.98.127.92:8080/wrk2-api/post/compose
  2 threads and 4 connections
  Thread calibration: mean lat.: 5.260ms, rate sampling interval: 13ms
  Thread calibration: mean lat.: 4.905ms, rate sampling interval: 13ms
  Thread Stats   Avg      Stdev     99%   +/- Stdev
    Latency     7.47s    11.74s   30.10s    75.73%
    Req/Sec    30.48     53.73   230.00     91.54%
  Latency Distribution (HdrHistogram - Recorded Latency)
 50.000%  311.04ms
 75.000%    9.90s 
 90.000%   28.21s 
 99.000%   30.10s 
 99.900%   31.21s 
 99.990%   31.46s 
 99.999%   31.52s 
100.000%   31.62s 

  Detailed Percentile spectrum:
       Value   Percentile   TotalCount 1/(1-Percentile)

       2.201     0.000000            1         1.00
      36.255     0.100000         5247         1.11
      81.343     0.200000        10501         1.25
     133.119     0.300000        15747         1.43
     200.447     0.400000        20988         1.67
     311.039     0.500000        26240         2.00
     428.031     0.550000        28859         2.22
     757.759     0.600000        31485         2.50
    1615.871     0.650000        34106         2.86
    3678.207     0.700000        36729         3.33
    9904.127     0.750000        39354         4.00
   26247.167     0.775000        40675         4.44
   26918.911     0.800000        41982         5.00
   27262.975     0.825000        43330         5.71
   27590.655     0.850000        44633         6.67
   27869.183     0.875000        45913         8.00
   28049.407     0.887500        46622         8.89
   28213.247     0.900000        47294        10.00
   28377.087     0.912500        47897        11.43
   28557.311     0.925000        48556        13.33
   28737.535     0.937500        49213        16.00
   28852.223     0.943750        49536        17.78
   28983.295     0.950000        49863        20.00
   29114.367     0.956250        50184        22.86
   29261.823     0.962500        50510        26.67
   29425.663     0.968750        50866        32.00
   29474.815     0.971875        51001        35.56
   29556.735     0.975000        51160        40.00
   29638.655     0.978125        51332        45.71
   29736.959     0.981250        51509        53.33
   29835.263     0.984375        51667        64.00
   29884.415     0.985938        51744        71.11
   29949.951     0.987500        51837        80.00
   30015.487     0.989062        51898        91.43
   30146.559     0.990625        51980       106.67
   30277.631     0.992188        52063       128.00
   30343.167     0.992969        52106       142.22
   30425.087     0.993750        52145       160.00
   30474.239     0.994531        52184       182.86
   30556.159     0.995313        52231       213.33
   30621.695     0.996094        52270       256.00
   30670.847     0.996484        52288       284.44
   30719.999     0.996875        52307       320.00
   30801.919     0.997266        52327       365.71
   30949.375     0.997656        52351       426.67
   31014.911     0.998047        52372       512.00
   31047.679     0.998242        52378       568.89
   31096.831     0.998437        52390       640.00
   31129.599     0.998633        52401       731.43
   31178.751     0.998828        52409       853.33
   31211.519     0.999023        52421      1024.00
   31227.903     0.999121        52424      1137.78
   31260.671     0.999219        52433      1280.00
   31293.439     0.999316        52441      1462.86
   31293.439     0.999414        52441      1706.67
   31326.207     0.999512        52446      2048.00
   31342.591     0.999561        52451      2275.56
   31342.591     0.999609        52451      2560.00
   31358.975     0.999658        52455      2925.71
   31358.975     0.999707        52455      3413.33
   31375.359     0.999756        52458      4096.00
   31424.511     0.999780        52461      4551.11
   31424.511     0.999805        52461      5120.00
   31440.895     0.999829        52463      5851.43
   31440.895     0.999854        52463      6826.67
   31457.279     0.999878        52467      8192.00
   31457.279     0.999890        52467      9102.22
   31457.279     0.999902        52467     10240.00
   31457.279     0.999915        52467     11702.86
   31457.279     0.999927        52467     13653.33
   31457.279     0.999939        52467     16384.00
   31522.815     0.999945        52469     18204.44
   31522.815     0.999951        52469     20480.00
   31522.815     0.999957        52469     23405.71
   31522.815     0.999963        52469     27306.67
   31522.815     0.999969        52469     32768.00
   31522.815     0.999973        52469     36408.89
   31522.815     0.999976        52469     40960.00
   31522.815     0.999979        52469     46811.43
   31621.119     0.999982        52470     54613.33
   31621.119     1.000000        52470          inf
#[Mean    =     7473.200, StdDeviation   =    11744.740]
#[Max     =    31604.736, Total count    =        52470]
#[Buckets =           27, SubBuckets     =         2048]
----------------------------------------------------------
  53125 requests in 15.00m, 453.08MB read
  Socket errors: connect 0, read 1, write 7, timeout 0
Requests/sec:     59.03
Transfer/sec:    515.50KB
