Running 15m test @ http://10.105.4.25:8080/wrk2-api/post/compose
  2 threads and 4 connections
  Thread calibration: mean lat.: 20.640ms, rate sampling interval: 54ms
  Thread calibration: mean lat.: 21.630ms, rate sampling interval: 61ms
  Thread Stats   Avg      Stdev     99%   +/- Stdev
    Latency   697.20ms  559.10ms   2.57s    74.59%
    Req/Sec     4.86      9.14    37.00     75.15%
  Latency Distribution (HdrHistogram - Recorded Latency)
 50.000%  563.71ms
 75.000%  964.61ms
 90.000%    1.43s 
 99.000%    2.57s 
 99.900%    3.66s 
 99.990%    4.22s 
 99.999%    4.42s 
100.000%    4.42s 

  Detailed Percentile spectrum:
       Value   Percentile   TotalCount 1/(1-Percentile)

      12.871     0.000000            1         1.00
     123.519     0.100000          884         1.11
     232.319     0.200000         1768         1.25
     337.407     0.300000         2652         1.43
     444.927     0.400000         3534         1.67
     563.711     0.500000         4420         2.00
     624.639     0.550000         4860         2.22
     698.879     0.600000         5301         2.50
     778.751     0.650000         5744         2.86
     863.743     0.700000         6187         3.33
     965.119     0.750000         6628         4.00
    1019.391     0.775000         6848         4.44
    1082.367     0.800000         7068         5.00
    1160.191     0.825000         7290         5.71
    1233.919     0.850000         7511         6.67
    1330.175     0.875000         7731         8.00
    1383.423     0.887500         7842         8.89
    1434.623     0.900000         7952        10.00
    1497.087     0.912500         8062        11.43
    1579.007     0.925000         8175        13.33
    1673.215     0.937500         8283        16.00
    1727.487     0.943750         8340        17.78
    1786.879     0.950000         8394        20.00
    1848.319     0.956250         8449        22.86
    1936.383     0.962500         8504        26.67
    2024.447     0.968750         8560        32.00
    2071.551     0.971875         8587        35.56
    2123.775     0.975000         8617        40.00
    2193.407     0.978125         8642        45.71
    2289.663     0.981250         8670        53.33
    2387.967     0.984375         8698        64.00
    2433.023     0.985938         8714        71.11
    2473.983     0.987500         8725        80.00
    2529.279     0.989062         8739        91.43
    2590.719     0.990625         8753       106.67
    2658.303     0.992188         8766       128.00
    2709.503     0.992969         8773       142.22
    2768.895     0.993750         8780       160.00
    2822.143     0.994531         8787       182.86
    2885.631     0.995313         8794       213.33
    2967.551     0.996094         8801       256.00
    3020.799     0.996484         8804       284.44
    3080.191     0.996875         8808       320.00
    3098.623     0.997266         8811       365.71
    3284.991     0.997656         8815       426.67
    3356.671     0.998047         8818       512.00
    3414.015     0.998242         8820       568.89
    3452.927     0.998437         8822       640.00
    3497.983     0.998633         8823       731.43
    3622.911     0.998828         8825       853.33
    3690.495     0.999023         8827      1024.00
    3950.591     0.999121         8828      1137.78
    3954.687     0.999219         8829      1280.00
    3954.687     0.999316         8829      1462.86
    3956.735     0.999414         8830      1706.67
    4005.887     0.999512         8831      2048.00
    4141.055     0.999561         8832      2275.56
    4141.055     0.999609         8832      2560.00
    4141.055     0.999658         8832      2925.71
    4194.303     0.999707         8833      3413.33
    4194.303     0.999756         8833      4096.00
    4218.879     0.999780         8834      4551.11
    4218.879     0.999805         8834      5120.00
    4218.879     0.999829         8834      5851.43
    4218.879     0.999854         8834      6826.67
    4218.879     0.999878         8834      8192.00
    4419.583     0.999890         8835      9102.22
    4419.583     1.000000         8835          inf
#[Mean    =      697.197, StdDeviation   =      559.099]
#[Max     =     4415.488, Total count    =         8835]
#[Buckets =           27, SubBuckets     =         2048]
----------------------------------------------------------
  8952 requests in 15.00m, 1.84MB read
  Socket errors: connect 0, read 0, write 7, timeout 19
Requests/sec:      9.95
Transfer/sec:      2.09KB
