Running 15m test @ http://10.107.119.145:8080/wrk2-api/post/compose
  2 threads and 4 connections
  Thread calibration: mean lat.: 1084.953ms, rate sampling interval: 6074ms
  Thread calibration: mean lat.: 2991.273ms, rate sampling interval: 11255ms
  Thread Stats   Avg      Stdev     99%   +/- Stdev
    Latency     1.05m    22.13s    1.62m    67.08%
    Req/Sec     4.09      1.27     6.00     95.11%
  Latency Distribution (HdrHistogram - Recorded Latency)
 50.000%    0.94m 
 75.000%    1.39m 
 90.000%    1.51m 
 99.000%    1.62m 
 99.900%    1.65m 
 99.990%    1.68m 
 99.999%    1.69m 
100.000%    1.69m 

  Detailed Percentile spectrum:
       Value   Percentile   TotalCount 1/(1-Percentile)

      15.087     0.000000            1         1.00
   40173.567     0.100000          830         1.11
   43745.279     0.200000         1657         1.25
   46759.935     0.300000         2477         1.43
   49905.663     0.400000         3301         1.67
   56459.263     0.500000         4119         2.00
   73072.639     0.550000         4535         2.22
   76742.655     0.600000         4949         2.50
   79626.239     0.650000         5364         2.86
   81526.783     0.700000         5769         3.33
   83427.327     0.750000         6178         4.00
   84344.831     0.775000         6384         4.44
   85655.551     0.800000         6593         5.00
   86769.663     0.825000         6802         5.71
   87752.703     0.850000         7005         6.67
   88801.279     0.875000         7209         8.00
   89587.711     0.887500         7321         8.89
   90308.607     0.900000         7416        10.00
   91095.039     0.912500         7527        11.43
   91881.471     0.925000         7625        13.33
   92536.831     0.937500         7727        16.00
   92864.511     0.943750         7774        17.78
   93192.191     0.950000         7829        20.00
   93519.871     0.956250         7886        22.86
   93978.623     0.962500         7935        26.67
   94437.375     0.968750         7983        32.00
   94765.055     0.971875         8011        35.56
   94961.663     0.975000         8034        40.00
   95158.271     0.978125         8058        45.71
   95485.951     0.981250         8088        53.33
   96010.239     0.984375         8110        64.00
   96272.383     0.985938         8124        71.11
   96600.063     0.987500         8136        80.00
   96731.135     0.989062         8148        91.43
   97058.815     0.990625         8160       106.67
   97320.959     0.992188         8173       128.00
   97386.495     0.992969         8180       142.22
   97583.103     0.993750         8188       160.00
   97714.175     0.994531         8193       182.86
   97910.783     0.995313         8202       213.33
   98041.855     0.996094         8205       256.00
   98172.927     0.996484         8210       284.44
   98369.535     0.996875         8212       320.00
   98500.607     0.997266         8216       365.71
   98631.679     0.997656         8218       426.67
   98697.215     0.998047         8221       512.00
   98762.751     0.998242         8223       568.89
   98828.287     0.998437         8225       640.00
   98893.823     0.998633         8226       731.43
   99024.895     0.998828         8228       853.33
   99090.431     0.999023         8230      1024.00
   99090.431     0.999121         8230      1137.78
   99483.647     0.999219         8231      1280.00
   99614.719     0.999316         8232      1462.86
   99811.327     0.999414         8233      1706.67
   99811.327     0.999512         8233      2048.00
  100204.543     0.999561         8234      2275.56
  100204.543     0.999609         8234      2560.00
  100728.831     0.999658         8235      2925.71
  100728.831     0.999707         8235      3413.33
  100728.831     0.999756         8235      4096.00
  100990.975     0.999780         8236      4551.11
  100990.975     0.999805         8236      5120.00
  100990.975     0.999829         8236      5851.43
  100990.975     0.999854         8236      6826.67
  100990.975     0.999878         8236      8192.00
  101122.047     0.999890         8237      9102.22
  101122.047     1.000000         8237          inf
#[Mean    =    62925.871, StdDeviation   =    22134.223]
#[Max     =   101056.512, Total count    =         8237]
#[Buckets =           27, SubBuckets     =         2048]
----------------------------------------------------------
  8311 requests in 15.00m, 1.70MB read
  Socket errors: connect 0, read 0, write 6, timeout 19
Requests/sec:      9.23
Transfer/sec:      1.94KB
