Running 15m test @ http://10.107.119.145:8080/wrk2-api/post/compose
  2 threads and 4 connections
  Thread calibration: mean lat.: 5410.304ms, rate sampling interval: 15065ms
  Thread calibration: mean lat.: 4744.648ms, rate sampling interval: 13033ms
  Thread Stats   Avg      Stdev     99%   +/- Stdev
    Latency     1.10m    22.32s    1.83m    76.07%
    Req/Sec    27.53      6.68    32.00     91.34%
  Latency Distribution (HdrHistogram - Recorded Latency)
 50.000%    0.92m 
 75.000%    1.00m 
 90.000%    1.77m 
 99.000%    1.83m 
 99.900%    1.85m 
 99.990%    1.87m 
 99.999%    1.87m 
100.000%    1.87m 

  Detailed Percentile spectrum:
       Value   Percentile   TotalCount 1/(1-Percentile)

    8904.703     0.000000            1         1.00
   50462.719     0.100000         5121         1.11
   51511.295     0.200000        10016         1.25
   52658.175     0.300000        15024         1.43
   54001.663     0.400000        19938         1.67
   55214.079     0.500000        24954         2.00
   55771.135     0.550000        27377         2.22
   56328.191     0.600000        29884         2.50
   57049.087     0.650000        32397         2.86
   58195.967     0.700000        34876         3.33
   60129.279     0.750000        37336         4.00
  101777.407     0.775000        38604         4.44
  102825.983     0.800000        39864         5.00
  103612.415     0.825000        41113         5.71
  104726.527     0.850000        42382         6.67
  105709.567     0.875000        43578         8.00
  106037.247     0.887500        44227         8.89
  106299.391     0.900000        44837        10.00
  106561.535     0.912500        45479        11.43
  106823.679     0.925000        46061        13.33
  107216.895     0.937500        46758        16.00
  107347.967     0.943750        46999        17.78
  107544.575     0.950000        47368        20.00
  107741.183     0.956250        47708        22.86
  107872.255     0.962500        48021        26.67
  108003.327     0.968750        48291        32.00
  108068.863     0.971875        48438        35.56
  108134.399     0.975000        48543        40.00
  108265.471     0.978125        48722        45.71
  108462.079     0.981250        48891        53.33
  108724.223     0.984375        49001        64.00
  108920.831     0.985938        49083        71.11
  109248.511     0.987500        49159        80.00
  109641.727     0.989062        49241        91.43
  109969.407     0.990625        49313       106.67
  110166.015     0.992188        49388       128.00
  110297.087     0.992969        49438       142.22
  110428.159     0.993750        49469       160.00
  110624.767     0.994531        49523       182.86
  110690.303     0.995313        49551       213.33
  110821.375     0.996094        49596       256.00
  110886.911     0.996484        49609       284.44
  110952.447     0.996875        49632       320.00
  111017.983     0.997266        49661       365.71
  111017.983     0.997656        49661       426.67
  111083.519     0.998047        49683       512.00
  111149.055     0.998242        49705       568.89
  111149.055     0.998437        49705       640.00
  111149.055     0.998633        49705       731.43
  111214.591     0.998828        49721       853.33
  111280.127     0.999023        49738      1024.00
  111280.127     0.999121        49738      1137.78
  111280.127     0.999219        49738      1280.00
  111345.663     0.999316        49744      1462.86
  111345.663     0.999414        49744      1706.67
  111411.199     0.999512        49750      2048.00
  111476.735     0.999561        49752      2275.56
  111542.271     0.999609        49754      2560.00
  111607.807     0.999658        49757      2925.71
  111673.343     0.999707        49759      3413.33
  111738.879     0.999756        49761      4096.00
  111869.951     0.999780        49763      4551.11
  111935.487     0.999805        49765      5120.00
  111935.487     0.999829        49765      5851.43
  112066.559     0.999854        49769      6826.67
  112066.559     0.999878        49769      8192.00
  112066.559     0.999890        49769      9102.22
  112066.559     0.999902        49769     10240.00
  112066.559     0.999915        49769     11702.86
  112197.631     0.999927        49772     13653.33
  112197.631     0.999939        49772     16384.00
  112197.631     0.999945        49772     18204.44
  112197.631     0.999951        49772     20480.00
  112197.631     0.999957        49772     23405.71
  112197.631     0.999963        49772     27306.67
  112197.631     0.999969        49772     32768.00
  112197.631     0.999973        49772     36408.89
  112197.631     0.999976        49772     40960.00
  112197.631     0.999979        49772     46811.43
  112328.703     0.999982        49773     54613.33
  112328.703     1.000000        49773          inf
#[Mean    =    65895.556, StdDeviation   =    22317.714]
#[Max     =   112263.168, Total count    =        49773]
#[Buckets =           27, SubBuckets     =         2048]
----------------------------------------------------------
  49858 requests in 15.00m, 422.25MB read
  Socket errors: connect 0, read 0, write 5, timeout 0
Requests/sec:     55.39
Transfer/sec:    480.41KB
