Running 15m test @ http://10.107.119.145:8080/wrk2-api/post/compose
  2 threads and 4 connections
  Thread calibration: mean lat.: 3888.615ms, rate sampling interval: 12959ms
  Thread calibration: mean lat.: 4761.551ms, rate sampling interval: 15597ms
  Thread Stats   Avg      Stdev     99%   +/- Stdev
    Latency     1.62m    11.85s    1.83m    89.83%
    Req/Sec    12.93      4.14    17.00     88.00%
  Latency Distribution (HdrHistogram - Recorded Latency)
 50.000%    1.67m 
 75.000%    1.72m 
 90.000%    1.78m 
 99.000%    1.83m 
 99.900%    1.87m 
 99.990%    1.87m 
 99.999%    1.88m 
100.000%    1.88m 

  Detailed Percentile spectrum:
       Value   Percentile   TotalCount 1/(1-Percentile)

    7045.119     0.000000            1         1.00
   88080.383     0.100000         2404         1.11
   92012.543     0.200000         4786         1.25
   96206.847     0.300000         7191         1.43
   98566.143     0.400000         9545         1.67
  100270.079     0.500000        11992         2.00
  100925.439     0.550000        13143         2.22
  101515.263     0.600000        14390         2.50
  102105.087     0.650000        15576         2.86
  102760.447     0.700000        16708         3.33
  103481.343     0.750000        17900         4.00
  103940.095     0.775000        18519         4.44
  104398.847     0.800000        19113         5.00
  104857.599     0.825000        19741         5.71
  105316.351     0.850000        20284         6.67
  105971.711     0.875000        20908         8.00
  106299.391     0.887500        21182         8.89
  106627.071     0.900000        21478        10.00
  106954.751     0.912500        21802        11.43
  107282.431     0.925000        22071        13.33
  107675.647     0.937500        22393        16.00
  107872.255     0.943750        22546        17.78
  108003.327     0.950000        22658        20.00
  108199.935     0.956250        22816        22.86
  108396.543     0.962500        22970        26.67
  108658.687     0.968750        23147        32.00
  108724.223     0.971875        23179        35.56
  108920.831     0.975000        23261        40.00
  109117.439     0.978125        23324        45.71
  109379.583     0.981250        23406        53.33
  109576.191     0.984375        23475        64.00
  109707.263     0.985938        23510        71.11
  109838.335     0.987500        23561        80.00
  109903.871     0.989062        23591        91.43
  110034.943     0.990625        23644       106.67
  110100.479     0.992188        23656       128.00
  110166.015     0.992969        23681       142.22
  110231.551     0.993750        23699       160.00
  110297.087     0.994531        23716       182.86
  110428.159     0.995313        23732       213.33
  110559.231     0.996094        23751       256.00
  110624.767     0.996484        23760       284.44
  110690.303     0.996875        23770       320.00
  110755.839     0.997266        23777       365.71
  111083.519     0.997656        23787       426.67
  111476.735     0.998047        23796       512.00
  111607.807     0.998242        23800       568.89
  111738.879     0.998437        23805       640.00
  111869.951     0.998633        23810       731.43
  112001.023     0.998828        23814       853.33
  112066.559     0.999023        23821      1024.00
  112066.559     0.999121        23821      1137.78
  112132.095     0.999219        23825      1280.00
  112132.095     0.999316        23825      1462.86
  112263.167     0.999414        23829      1706.67
  112328.703     0.999512        23831      2048.00
  112328.703     0.999561        23831      2275.56
  112394.239     0.999609        23835      2560.00
  112394.239     0.999658        23835      2925.71
  112394.239     0.999707        23835      3413.33
  112459.775     0.999756        23840      4096.00
  112459.775     0.999780        23840      4551.11
  112459.775     0.999805        23840      5120.00
  112459.775     0.999829        23840      5851.43
  112459.775     0.999854        23840      6826.67
  112459.775     0.999878        23840      8192.00
  112459.775     0.999890        23840      9102.22
  112459.775     0.999902        23840     10240.00
  112459.775     0.999915        23840     11702.86
  112459.775     0.999927        23840     13653.33
  112459.775     0.999939        23840     16384.00
  112459.775     0.999945        23840     18204.44
  112459.775     0.999951        23840     20480.00
  112459.775     0.999957        23840     23405.71
  112590.847     0.999963        23841     27306.67
  112590.847     1.000000        23841          inf
#[Mean    =    97468.638, StdDeviation   =    11851.395]
#[Max     =   112525.312, Total count    =        23841]
#[Buckets =           27, SubBuckets     =         2048]
----------------------------------------------------------
  23906 requests in 15.00m, 295.85MB read
  Socket errors: connect 0, read 0, write 5, timeout 0
Requests/sec:     26.56
Transfer/sec:    336.61KB
