Running 15m test @ http://10.96.142.84:8080/wrk2-api/post/compose
  2 threads and 4 connections
  Thread calibration: mean lat.: 271.229ms, rate sampling interval: 1040ms
  Thread calibration: mean lat.: 2606.257ms, rate sampling interval: 9707ms
  Thread Stats   Avg      Stdev     99%   +/- Stdev
    Latency     1.15m    20.06s    1.76m    71.82%
    Req/Sec     3.86      2.32    10.00     86.26%
  Latency Distribution (HdrHistogram - Recorded Latency)
 50.000%    1.10m 
 75.000%    1.42m 
 90.000%    1.59m 
 99.000%    1.76m 
 99.900%    1.84m 
 99.990%    1.86m 
 99.999%    1.86m 
100.000%    1.86m 

  Detailed Percentile spectrum:
       Value   Percentile   TotalCount 1/(1-Percentile)

      22.255     0.000000            1         1.00
   50495.487     0.100000          817         1.11
   54362.111     0.200000         1635         1.25
   58851.327     0.300000         2450         1.43
   62357.503     0.400000         3265         1.67
   65765.375     0.500000         4086         2.00
   69009.407     0.550000         4499         2.22
   73662.463     0.600000         4900         2.50
   76808.191     0.650000         5306         2.86
   81330.175     0.700000         5716         3.33
   85000.191     0.750000         6132         4.00
   87359.487     0.775000         6332         4.44
   89260.031     0.800000         6531         5.00
   91095.039     0.825000         6738         5.71
   92798.975     0.850000         6938         6.67
   94109.695     0.875000         7156         8.00
   94699.519     0.887500         7252         8.89
   95354.879     0.900000         7346        10.00
   96403.455     0.912500         7449        11.43
   97386.495     0.925000         7554        13.33
   98238.463     0.937500         7655        16.00
   98631.679     0.943750         7703        17.78
   99614.719     0.950000         7756        20.00
  100597.759     0.956250         7807        22.86
  101187.583     0.962500         7859        26.67
  102170.623     0.968750         7910        32.00
  102498.303     0.971875         7934        35.56
  102957.055     0.975000         7964        40.00
  103481.343     0.978125         7988        45.71
  104005.631     0.981250         8010        53.33
  104726.527     0.984375         8039        64.00
  104988.671     0.985938         8048        71.11
  105250.815     0.987500         8061        80.00
  105578.495     0.989062         8074        91.43
  105840.639     0.990625         8086       106.67
  106102.783     0.992188         8099       128.00
  106233.855     0.992969         8105       142.22
  106430.463     0.993750         8112       160.00
  106823.679     0.994531         8119       182.86
  107151.359     0.995313         8124       213.33
  108462.079     0.996094         8131       256.00
  108593.151     0.996484         8134       284.44
  108724.223     0.996875         8138       320.00
  109051.903     0.997266         8141       365.71
  109117.439     0.997656         8143       426.67
  109445.119     0.998047         8147       512.00
  109838.335     0.998242         8148       568.89
  109969.407     0.998437         8152       640.00
  109969.407     0.998633         8152       731.43
  110100.479     0.998828         8153       853.33
  110362.623     0.999023         8155      1024.00
  110362.623     0.999121         8155      1137.78
  110690.303     0.999219         8156      1280.00
  110755.839     0.999316         8157      1462.86
  110886.911     0.999414         8158      1706.67
  111280.127     0.999512         8159      2048.00
  111280.127     0.999561         8159      2275.56
  111280.127     0.999609         8159      2560.00
  111345.663     0.999658         8160      2925.71
  111345.663     0.999707         8160      3413.33
  111542.271     0.999756         8161      4096.00
  111542.271     0.999780         8161      4551.11
  111542.271     0.999805         8161      5120.00
  111542.271     0.999829         8161      5851.43
  111542.271     0.999854         8161      6826.67
  111607.807     0.999878         8162      8192.00
  111607.807     1.000000         8162          inf
#[Mean    =    69163.748, StdDeviation   =    20057.772]
#[Max     =   111542.272, Total count    =         8162]
#[Buckets =           27, SubBuckets     =         2048]
----------------------------------------------------------
  8247 requests in 15.00m, 1.69MB read
  Socket errors: connect 0, read 0, write 6, timeout 19
Requests/sec:      9.16
Transfer/sec:      1.92KB
