Running 15m test @ http://10.96.142.84:8080/wrk2-api/post/compose
  2 threads and 4 connections
  Thread calibration: mean lat.: 3929.159ms, rate sampling interval: 15851ms
  Thread calibration: mean lat.: 2579.886ms, rate sampling interval: 8511ms
  Thread Stats   Avg      Stdev     99%   +/- Stdev
    Latency     1.64m     9.07s    1.76m    98.13%
    Req/Sec    26.33      8.68    33.00     88.12%
  Latency Distribution (HdrHistogram - Recorded Latency)
 50.000%    1.67m 
 75.000%    1.70m 
 90.000%    1.72m 
 99.000%    1.76m 
 99.900%    1.78m 
 99.990%    1.79m 
 99.999%    1.79m 
100.000%    1.79m 

  Detailed Percentile spectrum:
       Value   Percentile   TotalCount 1/(1-Percentile)

    2340.863     0.000000            1         1.00
   92930.047     0.100000         4923         1.11
   94568.447     0.200000         9630         1.25
   97058.815     0.300000        14486         1.43
   98697.215     0.400000        19255         1.67
   99942.399     0.500000        23977         2.00
  100466.687     0.550000        26404         2.22
  100925.439     0.600000        28719         2.50
  101384.191     0.650000        31302         2.86
  101711.871     0.700000        33587         3.33
  102105.087     0.750000        36190         4.00
  102301.695     0.775000        37397         4.44
  102498.303     0.800000        38611         5.00
  102629.375     0.825000        39460         5.71
  102825.983     0.850000        40708         6.67
  103022.591     0.875000        41818         8.00
  103153.663     0.887500        42469         8.89
  103284.735     0.900000        43134        10.00
  103415.807     0.912500        43736        11.43
  103546.879     0.925000        44172        13.33
  103809.023     0.937500        44813        16.00
  103940.095     0.943750        45111        17.78
  104071.167     0.950000        45438        20.00
  104202.239     0.956250        45737        22.86
  104333.311     0.962500        45966        26.67
  104529.919     0.968750        46292        32.00
  104660.991     0.971875        46471        35.56
  104726.527     0.975000        46552        40.00
  104857.599     0.978125        46706        45.71
  104988.671     0.981250        46845        53.33
  105119.743     0.984375        47003        64.00
  105185.279     0.985938        47068        71.11
  105316.351     0.987500        47210        80.00
  105316.351     0.989062        47210        91.43
  105447.423     0.990625        47324       106.67
  105512.959     0.992188        47367       128.00
  105644.031     0.992969        47413       142.22
  105709.567     0.993750        47438       160.00
  105840.639     0.994531        47479       182.86
  106037.247     0.995313        47523       213.33
  106168.319     0.996094        47562       256.00
  106233.855     0.996484        47578       284.44
  106299.391     0.996875        47592       320.00
  106364.927     0.997266        47617       365.71
  106430.463     0.997656        47622       426.67
  106495.999     0.998047        47638       512.00
  106627.071     0.998242        47659       568.89
  106627.071     0.998437        47659       640.00
  106692.607     0.998633        47670       731.43
  106758.143     0.998828        47679       853.33
  106823.679     0.999023        47686      1024.00
  106889.215     0.999121        47692      1137.78
  106954.751     0.999219        47695      1280.00
  107085.823     0.999316        47702      1462.86
  107151.359     0.999414        47704      1706.67
  107216.895     0.999512        47713      2048.00
  107216.895     0.999561        47713      2275.56
  107216.895     0.999609        47713      2560.00
  107282.431     0.999658        47721      2925.71
  107282.431     0.999707        47721      3413.33
  107282.431     0.999756        47721      4096.00
  107282.431     0.999780        47721      4551.11
  107347.967     0.999805        47729      5120.00
  107347.967     0.999829        47729      5851.43
  107347.967     0.999854        47729      6826.67
  107347.967     0.999878        47729      8192.00
  107347.967     0.999890        47729      9102.22
  107347.967     0.999902        47729     10240.00
  107347.967     0.999915        47729     11702.86
  107347.967     0.999927        47729     13653.33
  107347.967     0.999939        47729     16384.00
  107347.967     0.999945        47729     18204.44
  107347.967     0.999951        47729     20480.00
  107347.967     0.999957        47729     23405.71
  107413.503     0.999963        47731     27306.67
  107413.503     1.000000        47731          inf
#[Mean    =    98109.101, StdDeviation   =     9073.463]
#[Max     =   107347.968, Total count    =        47731]
#[Buckets =           27, SubBuckets     =         2048]
----------------------------------------------------------
  47939 requests in 15.00m, 415.39MB read
  Socket errors: connect 0, read 0, write 5, timeout 0
Requests/sec:     53.26
Transfer/sec:    472.61KB
