Running 15m test @ http://10.96.142.84:8080/wrk2-api/post/compose
  2 threads and 4 connections
  Thread calibration: mean lat.: 5805.804ms, rate sampling interval: 17481ms
  Thread calibration: mean lat.: 4282.078ms, rate sampling interval: 13246ms
  Thread Stats   Avg      Stdev     99%   +/- Stdev
    Latency     1.67m     8.73s    1.87m    92.44%
    Req/Sec    12.85      4.37    17.00     88.03%
  Latency Distribution (HdrHistogram - Recorded Latency)
 50.000%    1.68m 
 75.000%    1.72m 
 90.000%    1.77m 
 99.000%    1.87m 
 99.900%    1.89m 
 99.990%    1.90m 
 99.999%    1.90m 
100.000%    1.90m 

  Detailed Percentile spectrum:
       Value   Percentile   TotalCount 1/(1-Percentile)

    6868.991     0.000000            1         1.00
   94633.983     0.100000         2388         1.11
   97517.567     0.200000         4791         1.25
   98762.751     0.300000         7275         1.43
   99745.791     0.400000         9619         1.67
  100597.759     0.500000        11910         2.00
  101122.047     0.550000        13184         2.22
  101646.335     0.600000        14292         2.50
  102236.159     0.650000        15478         2.86
  102825.983     0.700000        16701         3.33
  103415.807     0.750000        17942         4.00
  103743.487     0.775000        18548         4.44
  104005.631     0.800000        19046         5.00
  104333.311     0.825000        19717         5.71
  104726.527     0.850000        20294         6.67
  105250.815     0.875000        20900         8.00
  105512.959     0.887500        21138         8.89
  105906.175     0.900000        21449        10.00
  106430.463     0.912500        21722        11.43
  107151.359     0.925000        22029        13.33
  107610.111     0.937500        22312        16.00
  107937.791     0.943750        22490        17.78
  108265.471     0.950000        22619        20.00
  108658.687     0.956250        22758        22.86
  109248.511     0.962500        22911        26.67
  109903.871     0.968750        23070        32.00
  110166.015     0.971875        23137        35.56
  110428.159     0.975000        23214        40.00
  110690.303     0.978125        23281        45.71
  111280.127     0.981250        23359        53.33
  111607.807     0.984375        23436        64.00
  111738.879     0.985938        23472        71.11
  111935.487     0.987500        23508        80.00
  112132.095     0.989062        23556        91.43
  112263.167     0.990625        23587       106.67
  112394.239     0.992188        23626       128.00
  112459.775     0.992969        23649       142.22
  112525.311     0.993750        23665       160.00
  112590.847     0.994531        23681       182.86
  112656.383     0.995313        23693       213.33
  112787.455     0.996094        23709       256.00
  112918.527     0.996484        23717       284.44
  113049.599     0.996875        23728       320.00
  113115.135     0.997266        23735       365.71
  113246.207     0.997656        23749       426.67
  113311.743     0.998047        23752       512.00
  113442.815     0.998242        23762       568.89
  113442.815     0.998437        23762       640.00
  113508.351     0.998633        23767       731.43
  113573.887     0.998828        23775       853.33
  113573.887     0.999023        23775      1024.00
  113639.423     0.999121        23780      1137.78
  113639.423     0.999219        23780      1280.00
  113704.959     0.999316        23784      1462.86
  113770.495     0.999414        23787      1706.67
  113770.495     0.999512        23787      2048.00
  113836.031     0.999561        23789      2275.56
  113836.031     0.999609        23789      2560.00
  113901.567     0.999658        23791      2925.71
  113967.103     0.999707        23792      3413.33
  114032.639     0.999756        23795      4096.00
  114032.639     0.999780        23795      4551.11
  114032.639     0.999805        23795      5120.00
  114032.639     0.999829        23795      5851.43
  114032.639     0.999854        23795      6826.67
  114098.175     0.999878        23798      8192.00
  114098.175     1.000000        23798          inf
#[Mean    =    99904.418, StdDeviation   =     8725.058]
#[Max     =   114032.640, Total count    =        23798]
#[Buckets =           27, SubBuckets     =         2048]
----------------------------------------------------------
  23850 requests in 15.00m, 295.35MB read
  Socket errors: connect 0, read 0, write 5, timeout 0
Requests/sec:     26.50
Transfer/sec:    336.01KB
