Running 15m test @ http://10.105.228.105:8080/wrk2-api/post/compose
  2 threads and 4 connections
  Thread calibration: mean lat.: 682.214ms, rate sampling interval: 2762ms
  Thread calibration: mean lat.: 1361.152ms, rate sampling interval: 4370ms
  Thread Stats   Avg      Stdev     99%   +/- Stdev
    Latency    47.85s    17.83s    1.20m    53.10%
    Req/Sec     2.74      1.66     6.00     88.76%
  Latency Distribution (HdrHistogram - Recorded Latency)
 50.000%    0.90m 
 75.000%    1.06m 
 90.000%    1.14m 
 99.000%    1.20m 
 99.900%    1.23m 
 99.990%    1.24m 
 99.999%    1.25m 
100.000%    1.25m 

  Detailed Percentile spectrum:
       Value   Percentile   TotalCount 1/(1-Percentile)

     102.975     0.000000            1         1.00
   25280.511     0.100000          627         1.11
   27688.959     0.200000         1259         1.25
   30212.095     0.300000         1882         1.43
   49053.695     0.400000         2507         1.67
   53706.751     0.500000         3134         2.00
   56754.175     0.550000         3449         2.22
   58327.039     0.600000         3764         2.50
   59998.207     0.650000         4076         2.86
   61997.055     0.700000         4390         3.33
   63373.311     0.750000         4703         4.00
   64323.583     0.775000         4860         4.44
   65044.479     0.800000         5019         5.00
   65699.839     0.825000         5171         5.71
   66420.735     0.850000         5338         6.67
   67305.471     0.875000         5494         8.00
   67764.223     0.887500         5565         8.89
   68157.439     0.900000         5650        10.00
   68485.119     0.912500         5723        11.43
   68878.335     0.925000         5799        13.33
   69271.551     0.937500         5896        16.00
   69468.159     0.943750         5923        17.78
   69664.767     0.950000         5964        20.00
   69992.447     0.956250         5994        22.86
   70320.127     0.962500         6034        26.67
   70713.343     0.968750         6074        32.00
   70844.415     0.971875         6091        35.56
   70975.487     0.975000         6112        40.00
   71172.095     0.978125         6133        45.71
   71368.703     0.981250         6150        53.33
   71630.847     0.984375         6172        64.00
   71761.919     0.985938         6183        71.11
   71827.455     0.987500         6189        80.00
   72089.599     0.989062         6200        91.43
   72220.671     0.990625         6209       106.67
   72417.279     0.992188         6221       128.00
   72482.815     0.992969         6222       142.22
   72744.959     0.993750         6227       160.00
   72810.495     0.994531         6232       182.86
   72876.031     0.995313         6237       213.33
   73007.103     0.996094         6245       256.00
   73007.103     0.996484         6245       284.44
   73072.639     0.996875         6247       320.00
   73138.175     0.997266         6249       365.71
   73269.247     0.997656         6254       426.67
   73269.247     0.998047         6254       512.00
   73400.319     0.998242         6257       568.89
   73400.319     0.998437         6257       640.00
   73531.391     0.998633         6258       731.43
   73596.927     0.998828         6259       853.33
   73662.463     0.999023         6260      1024.00
   73793.535     0.999121         6261      1137.78
   73924.607     0.999219         6262      1280.00
   73924.607     0.999316         6262      1462.86
   73990.143     0.999414         6263      1706.67
   73990.143     0.999512         6263      2048.00
   74121.215     0.999561         6264      2275.56
   74121.215     0.999609         6264      2560.00
   74121.215     0.999658         6264      2925.71
   74252.287     0.999707         6265      3413.33
   74252.287     0.999756         6265      4096.00
   74252.287     0.999780         6265      4551.11
   74252.287     0.999805         6265      5120.00
   74252.287     0.999829         6265      5851.43
   75104.255     0.999854         6266      6826.67
   75104.255     1.000000         6266          inf
#[Mean    =    47847.968, StdDeviation   =    17827.628]
#[Max     =    75038.720, Total count    =         6266]
#[Buckets =           27, SubBuckets     =         2048]
----------------------------------------------------------
  6359 requests in 15.00m, 1.30MB read
  Socket errors: connect 0, read 0, write 4, timeout 438
Requests/sec:      7.06
Transfer/sec:      1.48KB
