Running 15m test @ http://10.105.228.105:8080/wrk2-api/post/compose
  2 threads and 4 connections
  Thread calibration: mean lat.: 4586.137ms, rate sampling interval: 15179ms
  Thread calibration: mean lat.: 3891.096ms, rate sampling interval: 11796ms
  Thread Stats   Avg      Stdev     99%   +/- Stdev
    Latency     1.32m    24.47s    1.74m    72.12%
    Req/Sec    26.99      7.32    34.00     90.23%
  Latency Distribution (HdrHistogram - Recorded Latency)
 50.000%    1.53m 
 75.000%    1.59m 
 90.000%    1.66m 
 99.000%    1.74m 
 99.900%    1.77m 
 99.990%    1.78m 
 99.999%    1.78m 
100.000%    1.78m 

  Detailed Percentile spectrum:
       Value   Percentile   TotalCount 1/(1-Percentile)

    6119.423     0.000000            1         1.00
   39256.063     0.100000         4905         1.11
   41058.303     0.200000         9805         1.25
   87359.487     0.300000        14752         1.43
   90243.071     0.400000        19684         1.67
   91815.935     0.500000        24633         2.00
   92340.223     0.550000        26959         2.22
   92864.511     0.600000        29378         2.50
   93454.335     0.650000        31998         2.86
   94240.767     0.700000        34248         3.33
   95223.807     0.750000        36756         4.00
   95748.095     0.775000        37987         4.44
   96337.919     0.800000        39128         5.00
   97320.959     0.825000        40424         5.71
   98238.463     0.850000        41588         6.67
   98828.287     0.875000        42856         8.00
   99090.431     0.887500        43472         8.89
   99418.111     0.900000        44056        10.00
  100204.543     0.912500        44627        11.43
  100990.975     0.925000        45228        13.33
  101384.191     0.937500        45899        16.00
  101646.335     0.943750        46166        17.78
  101974.015     0.950000        46505        20.00
  102170.623     0.956250        46767        22.86
  102498.303     0.962500        47133        26.67
  102694.911     0.968750        47371        32.00
  102891.519     0.971875        47566        35.56
  103022.591     0.975000        47679        40.00
  103219.199     0.978125        47829        45.71
  103481.343     0.981250        48014        53.33
  103612.415     0.984375        48133        64.00
  103809.023     0.985938        48224        71.11
  104005.631     0.987500        48304        80.00
  104202.239     0.989062        48367        91.43
  104464.383     0.990625        48456       106.67
  104660.991     0.992188        48532       128.00
  104792.063     0.992969        48561       142.22
  104923.135     0.993750        48602       160.00
  105119.743     0.994531        48628       182.86
  105381.887     0.995313        48669       213.33
  105578.495     0.996094        48715       256.00
  105644.031     0.996484        48723       284.44
  105840.639     0.996875        48746       320.00
  105971.711     0.997266        48778       365.71
  106037.247     0.997656        48795       426.67
  106102.783     0.998047        48814       512.00
  106102.783     0.998242        48814       568.89
  106168.319     0.998437        48827       640.00
  106168.319     0.998633        48827       731.43
  106233.855     0.998828        48837       853.33
  106299.391     0.999023        48858      1024.00
  106299.391     0.999121        48858      1137.78
  106299.391     0.999219        48858      1280.00
  106364.927     0.999316        48870      1462.86
  106364.927     0.999414        48870      1706.67
  106364.927     0.999512        48870      2048.00
  106430.463     0.999561        48877      2275.56
  106430.463     0.999609        48877      2560.00
  106430.463     0.999658        48877      2925.71
  106495.999     0.999707        48880      3413.33
  106561.535     0.999756        48886      4096.00
  106561.535     0.999780        48886      4551.11
  106561.535     0.999805        48886      5120.00
  106561.535     0.999829        48886      5851.43
  106561.535     0.999854        48886      6826.67
  106627.071     0.999878        48893      8192.00
  106627.071     1.000000        48893          inf
#[Mean    =    79497.197, StdDeviation   =    24467.073]
#[Max     =   106561.536, Total count    =        48893]
#[Buckets =           27, SubBuckets     =         2048]
----------------------------------------------------------
  49037 requests in 15.00m, 390.45MB read
  Socket errors: connect 0, read 0, write 5, timeout 0
Requests/sec:     54.48
Transfer/sec:    444.23KB
