Running 15m test @ http://10.105.228.105:8080/wrk2-api/post/compose
  2 threads and 4 connections
  Thread calibration: mean lat.: 5468.652ms, rate sampling interval: 17678ms
  Thread calibration: mean lat.: 4910.816ms, rate sampling interval: 14712ms
  Thread Stats   Avg      Stdev     99%   +/- Stdev
    Latency     1.30m    23.07s    1.72m    71.26%
    Req/Sec    13.26      3.57    16.00     90.00%
  Latency Distribution (HdrHistogram - Recorded Latency)
 50.000%    1.49m 
 75.000%    1.58m 
 90.000%    1.63m 
 99.000%    1.72m 
 99.900%    1.74m 
 99.990%    1.75m 
 99.999%    1.76m 
100.000%    1.76m 

  Detailed Percentile spectrum:
       Value   Percentile   TotalCount 1/(1-Percentile)

    7929.855     0.000000            1         1.00
   40697.855     0.100000         2457         1.11
   42893.311     0.200000         4915         1.25
   83820.543     0.300000         7345         1.43
   87556.095     0.400000         9809         1.67
   89391.103     0.500000        12312         2.00
   90111.999     0.550000        13534         2.22
   90832.895     0.600000        14675         2.50
   91947.007     0.650000        15935         2.86
   93323.263     0.700000        17134         3.33
   94502.911     0.750000        18358         4.00
   95158.271     0.775000        18982         4.44
   95682.559     0.800000        19596         5.00
   96141.311     0.825000        20231         5.71
   96600.063     0.850000        20862         6.67
   97058.815     0.875000        21388         8.00
   97386.495     0.887500        21739         8.89
   97648.639     0.900000        22007        10.00
   97910.783     0.912500        22350        11.43
   98172.927     0.925000        22657        13.33
   98435.071     0.937500        22927        16.00
   98631.679     0.943750        23065        17.78
   98828.287     0.950000        23234        20.00
   99090.431     0.956250        23397        22.86
   99418.111     0.962500        23546        26.67
   99811.327     0.968750        23695        32.00
  100073.471     0.971875        23759        35.56
  100335.615     0.975000        23853        40.00
  100532.223     0.978125        23911        45.71
  101056.511     0.981250        23988        53.33
  102367.231     0.984375        24063        64.00
  102825.983     0.985938        24107        71.11
  103022.591     0.987500        24137        80.00
  103350.271     0.989062        24179        91.43
  103546.879     0.990625        24217       106.67
  103743.487     0.992188        24255       128.00
  103809.023     0.992969        24273       142.22
  103874.559     0.993750        24287       160.00
  104005.631     0.994531        24309       182.86
  104071.167     0.995313        24327       213.33
  104202.239     0.996094        24353       256.00
  104202.239     0.996484        24353       284.44
  104267.775     0.996875        24368       320.00
  104333.311     0.997266        24380       365.71
  104398.847     0.997656        24387       426.67
  104464.383     0.998047        24396       512.00
  104464.383     0.998242        24396       568.89
  104529.919     0.998437        24403       640.00
  104595.455     0.998633        24408       731.43
  104660.991     0.998828        24421       853.33
  104660.991     0.999023        24421      1024.00
  104660.991     0.999121        24421      1137.78
  104660.991     0.999219        24421      1280.00
  104726.527     0.999316        24426      1462.86
  104726.527     0.999414        24426      1706.67
  104792.063     0.999512        24427      2048.00
  104857.599     0.999561        24431      2275.56
  104857.599     0.999609        24431      2560.00
  104857.599     0.999658        24431      2925.71
  104857.599     0.999707        24431      3413.33
  104988.671     0.999756        24434      4096.00
  104988.671     0.999780        24434      4551.11
  104988.671     0.999805        24434      5120.00
  104988.671     0.999829        24434      5851.43
  105119.743     0.999854        24435      6826.67
  105185.279     0.999878        24437      8192.00
  105185.279     0.999890        24437      9102.22
  105185.279     0.999902        24437     10240.00
  105185.279     0.999915        24437     11702.86
  105185.279     0.999927        24437     13653.33
  105185.279     0.999939        24437     16384.00
  105185.279     0.999945        24437     18204.44
  105185.279     0.999951        24437     20480.00
  105185.279     0.999957        24437     23405.71
  105512.959     0.999963        24438     27306.67
  105512.959     1.000000        24438          inf
#[Mean    =    78289.359, StdDeviation   =    23074.247]
#[Max     =   105447.424, Total count    =        24438]
#[Buckets =           27, SubBuckets     =         2048]
----------------------------------------------------------
  24485 requests in 15.00m, 302.57MB read
  Socket errors: connect 0, read 0, write 4, timeout 0
Requests/sec:     27.20
Transfer/sec:    344.21KB
