Running 15m test @ http://10.97.76.122:8080/wrk2-api/post/compose
  2 threads and 4 connections
  Thread calibration: mean lat.: 21.018ms, rate sampling interval: 57ms
  Thread calibration: mean lat.: 19.653ms, rate sampling interval: 62ms
  Thread Stats   Avg      Stdev     99%   +/- Stdev
    Latency    10.59s    19.34s    1.05m    83.46%
    Req/Sec     4.81      8.94    35.00     74.86%
  Latency Distribution (HdrHistogram - Recorded Latency)
 50.000%  877.05ms
 75.000%    2.15s 
 90.000%    0.87m 
 99.000%    1.05m 
 99.900%    1.12m 
 99.990%    1.14m 
 99.999%    1.15m 
100.000%    1.15m 

  Detailed Percentile spectrum:
       Value   Percentile   TotalCount 1/(1-Percentile)

      11.079     0.000000            1         1.00
     217.983     0.100000          870         1.11
     365.567     0.200000         1743         1.25
     502.783     0.300000         2609         1.43
     661.503     0.400000         3479         1.67
     877.055     0.500000         4348         2.00
     992.767     0.550000         4782         2.22
    1133.567     0.600000         5219         2.50
    1324.031     0.650000         5652         2.86
    1596.415     0.700000         6088         3.33
    2154.495     0.750000         6522         4.00
    4007.935     0.775000         6738         4.44
   27148.287     0.800000         6955         5.00
   28770.303     0.825000         7172         5.71
   31768.575     0.850000         7390         6.67
   48660.479     0.875000         7608         8.00
   51052.543     0.887500         7718         8.89
   52461.567     0.900000         7824        10.00
   53510.143     0.912500         7933        11.43
   54558.719     0.925000         8047        13.33
   55443.455     0.937500         8150        16.00
   55803.903     0.943750         8205        17.78
   56262.655     0.950000         8263        20.00
   56819.711     0.956250         8314        22.86
   57802.751     0.962500         8370        26.67
   58720.255     0.968750         8423        32.00
   59277.311     0.971875         8453        35.56
   59539.455     0.975000         8478        40.00
   59867.135     0.978125         8503        45.71
   60456.959     0.981250         8531        53.33
   61243.391     0.984375         8559        64.00
   62095.359     0.985938         8571        71.11
   62455.807     0.987500         8585        80.00
   62717.951     0.989062         8599        91.43
   62980.095     0.990625         8614       106.67
   63373.311     0.992188         8627       128.00
   63733.759     0.992969         8632       142.22
   64094.207     0.993750         8639       160.00
   64618.495     0.994531         8646       182.86
   65077.247     0.995313         8654       213.33
   65601.535     0.996094         8660       256.00
   65765.375     0.996484         8663       284.44
   65896.447     0.996875         8666       320.00
   66060.287     0.997266         8670       365.71
   66191.359     0.997656         8674       426.67
   66355.199     0.998047         8678       512.00
   66355.199     0.998242         8678       568.89
   66387.967     0.998437         8680       640.00
   66551.807     0.998633         8682       731.43
   66682.879     0.998828         8683       853.33
   67174.399     0.999023         8685      1024.00
   67239.935     0.999121         8686      1137.78
   67764.223     0.999219         8687      1280.00
   67960.831     0.999316         8688      1462.86
   67960.831     0.999414         8688      1706.67
   68026.367     0.999512         8690      2048.00
   68026.367     0.999561         8690      2275.56
   68026.367     0.999609         8690      2560.00
   68288.511     0.999658         8692      2925.71
   68288.511     0.999707         8692      3413.33
   68288.511     0.999756         8692      4096.00
   68288.511     0.999780         8692      4551.11
   68288.511     0.999805         8692      5120.00
   68288.511     0.999829         8692      5851.43
   68288.511     0.999854         8692      6826.67
   68288.511     0.999878         8692      8192.00
   68812.799     0.999890         8693      9102.22
   68812.799     1.000000         8693          inf
#[Mean    =    10589.873, StdDeviation   =    19343.129]
#[Max     =    68747.264, Total count    =         8693]
#[Buckets =           27, SubBuckets     =         2048]
----------------------------------------------------------
  8809 requests in 15.00m, 1.81MB read
  Socket errors: connect 0, read 0, write 10, timeout 19
Requests/sec:      9.79
Transfer/sec:      2.05KB
