Running 15m test @ http://10.97.76.122:8080/wrk2-api/post/compose
  2 threads and 4 connections
  Thread calibration: mean lat.: 5.167ms, rate sampling interval: 14ms
  Thread calibration: mean lat.: 3.762ms, rate sampling interval: 10ms
  Thread Stats   Avg      Stdev     99%   +/- Stdev
    Latency     1.60m     1.03m    3.22m    60.60%
    Req/Sec    26.54     54.50   222.00     85.02%
  Latency Distribution (HdrHistogram - Recorded Latency)
 50.000%    1.85m 
 75.000%    2.42m 
 90.000%    3.13m 
 99.000%    3.22m 
 99.900%    3.24m 
 99.990%    3.24m 
 99.999%    3.24m 
100.000%    3.24m 

  Detailed Percentile spectrum:
       Value   Percentile   TotalCount 1/(1-Percentile)

       2.331     0.000000            1         1.00
     886.271     0.100000         4483         1.11
   28114.943     0.200000         8965         1.25
   52297.727     0.300000        13447         1.43
  107544.575     0.400000        17991         1.67
  111083.519     0.500000        22439         2.00
  112394.239     0.550000        24671         2.22
  113704.959     0.600000        26954         2.50
  115146.751     0.650000        29209         2.86
  137494.527     0.700000        31377         3.33
  145096.703     0.750000        33660         4.00
  145752.063     0.775000        34854         4.44
  146800.639     0.800000        35880         5.00
  149028.863     0.825000        37045         5.71
  150994.943     0.850000        38111         6.67
  186777.599     0.875000        39257         8.00
  187432.959     0.887500        39829         8.89
  188088.319     0.900000        40454        10.00
  188743.679     0.912500        40967        11.43
  189399.039     0.925000        41525        13.33
  189923.327     0.937500        42068        16.00
  190316.543     0.943750        42360        17.78
  190709.759     0.950000        42674        20.00
  190971.903     0.956250        42941        22.86
  191234.047     0.962500        43179        26.67
  191627.263     0.968750        43493        32.00
  191758.335     0.971875        43587        35.56
  192020.479     0.975000        43747        40.00
  192282.623     0.978125        43855        45.71
  192675.839     0.981250        44039        53.33
  192937.983     0.984375        44224        64.00
  192937.983     0.985938        44224        71.11
  193069.055     0.987500        44323        80.00
  193200.127     0.989062        44389        91.43
  193331.199     0.990625        44465       106.67
  193462.271     0.992188        44528       128.00
  193462.271     0.992969        44528       142.22
  193593.343     0.993750        44588       160.00
  193593.343     0.994531        44588       182.86
  193724.415     0.995313        44642       213.33
  193855.487     0.996094        44702       256.00
  193855.487     0.996484        44702       284.44
  193855.487     0.996875        44702       320.00
  193855.487     0.997266        44702       365.71
  193986.559     0.997656        44752       426.67
  193986.559     0.998047        44752       512.00
  193986.559     0.998242        44752       568.89
  193986.559     0.998437        44752       640.00
  194117.631     0.998633        44774       731.43
  194117.631     0.998828        44774       853.33
  194248.703     0.999023        44788      1024.00
  194248.703     0.999121        44788      1137.78
  194248.703     0.999219        44788      1280.00
  194379.775     0.999316        44814      1462.86
  194379.775     0.999414        44814      1706.67
  194379.775     0.999512        44814      2048.00
  194379.775     0.999561        44814      2275.56
  194379.775     0.999609        44814      2560.00
  194379.775     0.999658        44814      2925.71
  194379.775     0.999707        44814      3413.33
  194379.775     0.999756        44814      4096.00
  194379.775     0.999780        44814      4551.11
  194379.775     0.999805        44814      5120.00
  194510.847     0.999829        44822      5851.43
  194510.847     1.000000        44822          inf
#[Mean    =    96241.438, StdDeviation   =    61977.196]
#[Max     =   194379.776, Total count    =        44822]
#[Buckets =           27, SubBuckets     =         2048]
----------------------------------------------------------
  45469 requests in 15.00m, 393.61MB read
  Socket errors: connect 0, read 3, write 12, timeout 0
Requests/sec:     50.52
Transfer/sec:    447.82KB
