Running 15m test @ http://10.97.76.122:8080/wrk2-api/post/compose
  2 threads and 4 connections
  Thread calibration: mean lat.: 19.693ms, rate sampling interval: 49ms
  Thread calibration: mean lat.: 29.839ms, rate sampling interval: 95ms
  Thread Stats   Avg      Stdev     99%   +/- Stdev
    Latency     1.28m     0.95m    2.54m    45.62%
    Req/Sec    12.93     14.66    61.00     86.22%
  Latency Distribution (HdrHistogram - Recorded Latency)
 50.000%    1.08m 
 75.000%    2.33m 
 90.000%    2.49m 
 99.000%    2.54m 
 99.900%    2.57m 
 99.990%    2.58m 
 99.999%    2.58m 
100.000%    2.58m 

  Detailed Percentile spectrum:
       Value   Percentile   TotalCount 1/(1-Percentile)

       3.779     0.000000            1         1.00
     638.463     0.100000         2309         1.11
    8183.807     0.200000         4617         1.25
   33161.215     0.300000         6926         1.43
   51478.527     0.400000         9250         1.67
   64585.727     0.500000        11542         2.00
   92340.223     0.550000        12697         2.22
  110755.839     0.600000        13850         2.50
  118423.551     0.650000        15017         2.86
  123535.359     0.700000        16160         3.33
  139722.751     0.750000        17352         4.00
  141033.471     0.775000        17905         4.44
  142737.407     0.800000        18482         5.00
  145620.991     0.825000        19052         5.71
  147718.143     0.850000        19658         6.67
  148635.647     0.875000        20245         8.00
  149028.863     0.887500        20511         8.89
  149422.079     0.900000        20842        10.00
  149815.295     0.912500        21155        11.43
  150208.511     0.925000        21463        13.33
  150470.655     0.937500        21698        16.00
  150601.727     0.943750        21806        17.78
  150863.871     0.950000        21993        20.00
  151126.015     0.956250        22138        22.86
  151388.159     0.962500        22269        26.67
  151650.303     0.968750        22419        32.00
  151781.375     0.971875        22493        35.56
  151912.447     0.975000        22558        40.00
  152043.519     0.978125        22627        45.71
  152174.591     0.981250        22701        53.33
  152305.663     0.984375        22764        64.00
  152305.663     0.985938        22764        71.11
  152436.735     0.987500        22814        80.00
  152567.807     0.989062        22854        91.43
  152698.879     0.990625        22885       106.67
  152829.951     0.992188        22918       128.00
  152961.023     0.992969        22943       142.22
  152961.023     0.993750        22943       160.00
  153092.095     0.994531        22964       182.86
  153354.239     0.995313        22982       213.33
  153616.383     0.996094        23000       256.00
  153747.455     0.996484        23003       284.44
  154009.599     0.996875        23011       320.00
  154140.671     0.997266        23022       365.71
  154271.743     0.997656        23046       426.67
  154271.743     0.998047        23046       512.00
  154271.743     0.998242        23046       568.89
  154271.743     0.998437        23046       640.00
  154402.815     0.998633        23059       731.43
  154402.815     0.998828        23059       853.33
  154533.887     0.999023        23069      1024.00
  154533.887     0.999121        23069      1137.78
  154533.887     0.999219        23069      1280.00
  154533.887     0.999316        23069      1462.86
  154533.887     0.999414        23069      1706.67
  154664.959     0.999512        23080      2048.00
  154664.959     0.999561        23080      2275.56
  154664.959     0.999609        23080      2560.00
  154664.959     0.999658        23080      2925.71
  154664.959     0.999707        23080      3413.33
  154664.959     0.999756        23080      4096.00
  154664.959     0.999780        23080      4551.11
  154664.959     0.999805        23080      5120.00
  154664.959     0.999829        23080      5851.43
  154664.959     0.999854        23080      6826.67
  154664.959     0.999878        23080      8192.00
  154664.959     0.999890        23080      9102.22
  154664.959     0.999902        23080     10240.00
  154796.031     0.999915        23081     11702.86
  154796.031     0.999927        23081     13653.33
  154796.031     0.999939        23081     16384.00
  154796.031     0.999945        23081     18204.44
  154796.031     0.999951        23081     20480.00
  154927.103     0.999957        23082     23405.71
  154927.103     1.000000        23082          inf
#[Mean    =    76788.411, StdDeviation   =    57159.943]
#[Max     =   154796.032, Total count    =        23082]
#[Buckets =           27, SubBuckets     =         2048]
----------------------------------------------------------
  23408 requests in 15.00m, 306.11MB read
  Socket errors: connect 0, read 1, write 9, timeout 0
Requests/sec:     26.01
Transfer/sec:    348.27KB
