Running 15m test @ http://10.111.122.242:8080/wrk2-api/post/compose
  2 threads and 4 connections
  Thread calibration: mean lat.: 20.000ms, rate sampling interval: 59ms
  Thread calibration: mean lat.: 549.892ms, rate sampling interval: 4653ms
  Thread Stats   Avg      Stdev     99%   +/- Stdev
    Latency   794.72ms  569.25ms   2.66s    73.75%
    Req/Sec     4.79      8.82    34.00     75.04%
  Latency Distribution (HdrHistogram - Recorded Latency)
 50.000%  663.04ms
 75.000%    1.07s 
 90.000%    1.54s 
 99.000%    2.66s 
 99.900%    3.95s 
 99.990%    4.42s 
 99.999%    4.55s 
100.000%    4.55s 

  Detailed Percentile spectrum:
       Value   Percentile   TotalCount 1/(1-Percentile)

      13.127     0.000000            1         1.00
     204.671     0.100000          886         1.11
     322.303     0.200000         1768         1.25
     430.591     0.300000         2651         1.43
     545.791     0.400000         3543         1.67
     663.039     0.500000         4418         2.00
     736.767     0.550000         4861         2.22
     809.471     0.600000         5302         2.50
     884.223     0.650000         5743         2.86
     972.799     0.700000         6185         3.33
    1072.127     0.750000         6628         4.00
    1132.543     0.775000         6847         4.44
    1196.031     0.800000         7069         5.00
    1256.447     0.825000         7291         5.71
    1350.655     0.850000         7510         6.67
    1434.623     0.875000         7732         8.00
    1476.607     0.887500         7841         8.89
    1538.047     0.900000         7952        10.00
    1608.703     0.912500         8062        11.43
    1696.767     0.925000         8172        13.33
    1785.855     0.937500         8282        16.00
    1832.959     0.943750         8339        17.78
    1892.351     0.950000         8394        20.00
    1953.791     0.956250         8448        22.86
    2036.735     0.962500         8503        26.67
    2127.871     0.968750         8560        32.00
    2187.263     0.971875         8588        35.56
    2240.511     0.975000         8614        40.00
    2312.191     0.978125         8641        45.71
    2394.111     0.981250         8669        53.33
    2463.743     0.984375         8696        64.00
    2504.703     0.985938         8710        71.11
    2570.239     0.987500         8724        80.00
    2609.151     0.989062         8738        91.43
    2701.311     0.990625         8753       106.67
    2783.231     0.992188         8765       128.00
    2828.287     0.992969         8772       142.22
    2877.439     0.993750         8779       160.00
    2934.783     0.994531         8786       182.86
    3018.751     0.995313         8793       213.33
    3088.383     0.996094         8800       256.00
    3096.575     0.996484         8803       284.44
    3266.559     0.996875         8807       320.00
    3315.711     0.997266         8810       365.71
    3381.247     0.997656         8814       426.67
    3448.831     0.998047         8817       512.00
    3516.415     0.998242         8819       568.89
    3647.487     0.998437         8821       640.00
    3696.639     0.998633         8822       731.43
    3946.495     0.998828         8824       853.33
    3956.735     0.999023         8826      1024.00
    4001.791     0.999121         8827      1137.78
    4005.887     0.999219         8828      1280.00
    4005.887     0.999316         8828      1462.86
    4077.567     0.999414         8829      1706.67
    4143.103     0.999512         8830      2048.00
    4198.399     0.999561         8831      2275.56
    4198.399     0.999609         8831      2560.00
    4198.399     0.999658         8831      2925.71
    4218.879     0.999707         8832      3413.33
    4218.879     0.999756         8832      4096.00
    4415.487     0.999780         8833      4551.11
    4415.487     0.999805         8833      5120.00
    4415.487     0.999829         8833      5851.43
    4415.487     0.999854         8833      6826.67
    4415.487     0.999878         8833      8192.00
    4550.655     0.999890         8834      9102.22
    4550.655     1.000000         8834          inf
#[Mean    =      794.723, StdDeviation   =      569.253]
#[Max     =     4546.560, Total count    =         8834]
#[Buckets =           27, SubBuckets     =         2048]
----------------------------------------------------------
  8951 requests in 15.00m, 1.84MB read
  Socket errors: connect 0, read 0, write 8, timeout 18
Requests/sec:      9.94
Transfer/sec:      2.09KB
