Running 15m test @ http://10.111.122.242:8080/wrk2-api/post/compose
  2 threads and 4 connections
  Thread calibration: mean lat.: 5.361ms, rate sampling interval: 14ms
  Thread calibration: mean lat.: 5.537ms, rate sampling interval: 16ms
  Thread Stats   Avg      Stdev     99%   +/- Stdev
    Latency     6.53s    11.86s   30.62s    77.44%
    Req/Sec    30.44     44.11   153.00     87.29%
  Latency Distribution (HdrHistogram - Recorded Latency)
 50.000%  142.21ms
 75.000%  452.61ms
 90.000%   28.72s 
 99.000%   30.62s 
 99.900%   32.11s 
 99.990%   32.39s 
 99.999%   32.46s 
100.000%   32.49s 

  Detailed Percentile spectrum:
       Value   Percentile   TotalCount 1/(1-Percentile)

       1.912     0.000000            1         1.00
      23.407     0.100000         5284         1.11
      37.343     0.200000        10561         1.25
      59.455     0.300000        15833         1.43
      92.799     0.400000        21109         1.67
     142.207     0.500000        26388         2.00
     174.463     0.550000        29032         2.22
     213.887     0.600000        31666         2.50
     262.655     0.650000        34309         2.86
     331.519     0.700000        36942         3.33
     452.607     0.750000        39580         4.00
   24461.311     0.775000        40899         4.44
   26902.527     0.800000        42220         5.00
   27492.351     0.825000        43559         5.71
   27934.719     0.850000        44901         6.67
   28344.319     0.875000        46203         8.00
   28540.927     0.887500        46848         8.89
   28721.151     0.900000        47509        10.00
   28917.759     0.912500        48190        11.43
   29097.983     0.925000        48879        13.33
   29294.591     0.937500        49508        16.00
   29392.895     0.943750        49822        17.78
   29507.583     0.950000        50143        20.00
   29622.271     0.956250        50479        22.86
   29753.343     0.962500        50816        26.67
   29900.799     0.968750        51132        32.00
   29966.335     0.971875        51308        35.56
   30031.871     0.975000        51493        40.00
   30081.023     0.978125        51623        45.71
   30179.327     0.981250        51788        53.33
   30294.015     0.984375        51963        64.00
   30375.935     0.985938        52034        71.11
   30474.239     0.987500        52124        80.00
   30572.543     0.989062        52195        91.43
   30670.847     0.990625        52287       106.67
   30834.687     0.992188        52369       128.00
   30900.223     0.992969        52412       142.22
   30965.759     0.993750        52447       160.00
   31064.063     0.994531        52484       182.86
   31227.903     0.995313        52530       213.33
   31375.359     0.996094        52567       256.00
   31490.047     0.996484        52588       284.44
   31621.119     0.996875        52615       320.00
   31703.039     0.997266        52628       365.71
   31768.575     0.997656        52653       426.67
   31834.111     0.998047        52669       512.00
   31899.647     0.998242        52680       568.89
   31932.415     0.998437        52692       640.00
   31981.567     0.998633        52700       731.43
   32047.103     0.998828        52711       853.33
   32112.639     0.999023        52721      1024.00
   32161.791     0.999121        52726      1137.78
   32194.559     0.999219        52739      1280.00
   32194.559     0.999316        52739      1462.86
   32227.327     0.999414        52744      1706.67
   32243.711     0.999512        52748      2048.00
   32260.095     0.999561        52753      2275.56
   32260.095     0.999609        52753      2560.00
   32276.479     0.999658        52758      2925.71
   32276.479     0.999707        52758      3413.33
   32292.863     0.999756        52761      4096.00
   32292.863     0.999780        52761      4551.11
   32309.247     0.999805        52764      5120.00
   32309.247     0.999829        52764      5851.43
   32325.631     0.999854        52765      6826.67
   32358.399     0.999878        52766      8192.00
   32391.167     0.999890        52768      9102.22
   32391.167     0.999902        52768     10240.00
   32391.167     0.999915        52768     11702.86
   32407.551     0.999927        52770     13653.33
   32407.551     0.999939        52770     16384.00
   32407.551     0.999945        52770     18204.44
   32407.551     0.999951        52770     20480.00
   32407.551     0.999957        52770     23405.71
   32456.703     0.999963        52771     27306.67
   32456.703     0.999969        52771     32768.00
   32456.703     0.999973        52771     36408.89
   32456.703     0.999976        52771     40960.00
   32456.703     0.999979        52771     46811.43
   32489.471     0.999982        52772     54613.33
   32489.471     1.000000        52772          inf
#[Mean    =     6529.575, StdDeviation   =    11864.918]
#[Max     =    32473.088, Total count    =        52772]
#[Buckets =           27, SubBuckets     =         2048]
----------------------------------------------------------
  53426 requests in 15.00m, 459.73MB read
  Socket errors: connect 0, read 1, write 5, timeout 0
Requests/sec:     59.36
Transfer/sec:    523.05KB
