Running 15m test @ http://10.106.226.13:8080/wrk2-api/post/compose
  2 threads and 4 connections
  Thread calibration: mean lat.: 18.933ms, rate sampling interval: 43ms
  Thread calibration: mean lat.: 16.511ms, rate sampling interval: 41ms
  Thread Stats   Avg      Stdev     99%   +/- Stdev
    Latency     1.58m     1.93m    7.34m    85.62%
    Req/Sec     3.13      8.57    25.00     87.56%
  Latency Distribution (HdrHistogram - Recorded Latency)
 50.000%    1.06m 
 75.000%    1.71m 
 90.000%    5.24m 
 99.000%    7.34m 
 99.900%    7.53m 
 99.990%    7.54m 
 99.999%    7.54m 
100.000%    7.54m 

  Detailed Percentile spectrum:
       Value   Percentile   TotalCount 1/(1-Percentile)

       9.415     0.000000            1         1.00
     431.103     0.100000          559         1.11
    6242.303     0.200000         1117         1.25
   20037.631     0.300000         1676         1.43
   41123.839     0.400000         2234         1.67
   63471.615     0.500000         2793         2.00
   69992.447     0.550000         3072         2.22
   73924.607     0.600000         3351         2.50
   82444.287     0.650000         3631         2.86
   87228.415     0.700000         3910         3.33
  102563.839     0.750000         4189         4.00
  119209.983     0.775000         4331         4.44
  125108.223     0.800000         4468         5.00
  150470.655     0.825000         4607         5.71
  195952.639     0.850000         4747         6.67
  264110.079     0.875000         4886         8.00
  283901.951     0.887500         4956         8.89
  314310.655     0.900000         5026        10.00
  333447.167     0.912500         5098        11.43
  357040.127     0.925000         5166        13.33
  373817.343     0.937500         5237        16.00
  380108.799     0.943750         5271        17.78
  389283.839     0.950000         5305        20.00
  398458.879     0.956250         5341        22.86
  406847.487     0.962500         5377        26.67
  415236.095     0.968750         5410        32.00
  419430.399     0.971875         5429        35.56
  420741.119     0.975000         5448        40.00
  423886.847     0.978125         5462        45.71
  429129.727     0.981250         5480        53.33
  433586.175     0.984375         5497        64.00
  435421.183     0.985938         5507        71.11
  437256.191     0.987500         5516        80.00
  439091.199     0.989062         5525        91.43
  440926.207     0.990625         5534       106.67
  442761.215     0.992188         5542       128.00
  444071.935     0.992969         5546       142.22
  444858.367     0.993750         5550       160.00
  445120.511     0.994531         5554       182.86
  446955.519     0.995313         5558       213.33
  448004.095     0.996094         5563       256.00
  449052.671     0.996484         5566       284.44
  449839.103     0.996875         5567       320.00
  450363.391     0.997266         5569       365.71
  450887.679     0.997656         5571       426.67
  451411.967     0.998047         5575       512.00
  451411.967     0.998242         5575       568.89
  451674.111     0.998437         5576       640.00
  451936.255     0.998633         5578       731.43
  451936.255     0.998828         5578       853.33
  452198.399     0.999023         5581      1024.00
  452198.399     0.999121         5581      1137.78
  452198.399     0.999219         5581      1280.00
  452198.399     0.999316         5581      1462.86
  452198.399     0.999414         5581      1706.67
  452460.543     0.999512         5584      2048.00
  452460.543     1.000000         5584          inf
#[Mean    =    94985.698, StdDeviation   =   115914.287]
#[Max     =   452198.400, Total count    =         5584]
#[Buckets =           27, SubBuckets     =         2048]
----------------------------------------------------------
  5701 requests in 15.00m, 1.17MB read
  Socket errors: connect 0, read 0, write 6, timeout 576
Requests/sec:      6.33
Transfer/sec:      1.33KB
