Running 15m test @ http://10.106.226.13:8080/wrk2-api/post/compose
  2 threads and 4 connections
  Thread calibration: mean lat.: 5.158ms, rate sampling interval: 13ms
  Thread calibration: mean lat.: 4.051ms, rate sampling interval: 11ms
  Thread Stats   Avg      Stdev     99%   +/- Stdev
    Latency     2.87m     3.98m   12.61m    80.15%
    Req/Sec     4.08     20.51   100.00     95.73%
  Latency Distribution (HdrHistogram - Recorded Latency)
 50.000%  152.06ms
 75.000%    5.51m 
 90.000%    9.87m 
 99.000%   12.61m 
 99.900%   12.85m 
 99.990%   12.92m 
 99.999%   13.05m 
100.000%   13.05m 

  Detailed Percentile spectrum:
       Value   Percentile   TotalCount 1/(1-Percentile)

       1.955     0.000000            1         1.00
       3.229     0.100000          700         1.11
       5.227     0.200000         1400         1.25
      17.711     0.300000         2099         1.43
      52.447     0.400000         2799         1.67
     152.063     0.500000         3498         2.00
   32800.767     0.550000         3848         2.22
   98435.071     0.600000         4198         2.50
  168165.375     0.650000         4548         2.86
  249036.799     0.700000         4898         3.33
  330301.439     0.750000         5248         4.00
  367001.599     0.775000         5423         4.44
  409468.927     0.800000         5597         5.00
  455344.127     0.825000         5772         5.71
  498860.031     0.850000         5948         6.67
  544210.943     0.875000         6124         8.00
  569376.767     0.887500         6209         8.89
  592969.727     0.900000         6298        10.00
  620756.991     0.912500         6385        11.43
  637534.207     0.925000         6472        13.33
  662700.031     0.937500         6561        16.00
  674234.367     0.943750         6605        17.78
  683147.263     0.950000         6653        20.00
  694157.311     0.956250         6692        22.86
  704643.071     0.962500         6735        26.67
  716177.407     0.968750         6778        32.00
  720371.711     0.971875         6801        35.56
  725614.591     0.975000         6823        40.00
  735576.063     0.978125         6843        45.71
  743964.671     0.981250         6865        53.33
  749207.551     0.984375         6887        64.00
  752353.279     0.985938         6902        71.11
  752877.567     0.987500         6909        80.00
  756023.295     0.989062         6924        91.43
  758120.447     0.990625         6931       106.67
  761266.175     0.992188         6943       128.00
  762314.751     0.992969         6948       142.22
  763363.327     0.993750         6953       160.00
  764411.903     0.994531         6959       182.86
  765984.767     0.995313         6965       213.33
  767033.343     0.996094         6971       256.00
  767557.631     0.996484         6973       284.44
  768081.919     0.996875         6977       320.00
  768081.919     0.997266         6977       365.71
  768606.207     0.997656         6980       426.67
  769654.783     0.998047         6985       512.00
  769654.783     0.998242         6985       568.89
  770179.071     0.998437         6988       640.00
  770179.071     0.998633         6988       731.43
  770179.071     0.998828         6988       853.33
  771227.647     0.999023         6991      1024.00
  771227.647     0.999121         6991      1137.78
  771227.647     0.999219         6991      1280.00
  772276.223     0.999316         6992      1462.86
  772276.223     0.999414         6992      1706.67
  773324.799     0.999512         6993      2048.00
  773324.799     0.999561         6993      2275.56
  774897.663     0.999609         6994      2560.00
  774897.663     0.999658         6994      2925.71
  774897.663     0.999707         6994      3413.33
  775421.951     0.999756         6995      4096.00
  775421.951     0.999780         6995      4551.11
  775421.951     0.999805         6995      5120.00
  775421.951     0.999829         6995      5851.43
  775421.951     0.999854         6995      6826.67
  782761.983     0.999878         6996      8192.00
  782761.983     1.000000         6996          inf
#[Mean    =   172066.168, StdDeviation   =   238970.942]
#[Max     =   782237.696, Total count    =         6996]
#[Buckets =           27, SubBuckets     =         2048]
----------------------------------------------------------
  7650 requests in 15.00m, 33.37MB read
  Socket errors: connect 0, read 0, write 12, timeout 1278
Requests/sec:      8.50
Transfer/sec:     37.96KB
