Running 15m test @ http://10.106.226.13:8080/wrk2-api/post/compose
  2 threads and 4 connections
  Thread calibration: mean lat.: 26.944ms, rate sampling interval: 83ms
  Thread calibration: mean lat.: 27.117ms, rate sampling interval: 82ms
  Thread Stats   Avg      Stdev     99%   +/- Stdev
    Latency     3.50m     3.99m   12.10m    78.62%
    Req/Sec     2.45      6.27    24.00     83.53%
  Latency Distribution (HdrHistogram - Recorded Latency)
 50.000%    1.74m 
 75.000%    6.78m 
 90.000%    9.97m 
 99.000%   12.10m 
 99.900%   12.36m 
 99.990%   12.48m 
 99.999%   12.48m 
100.000%   12.48m 

  Detailed Percentile spectrum:
       Value   Percentile   TotalCount 1/(1-Percentile)

       3.759     0.000000            1         1.00
      20.671     0.100000          441         1.11
      32.527     0.200000          881         1.25
      89.215     0.300000         1322         1.43
     321.279     0.400000         1762         1.67
  104660.991     0.500000         2203         2.00
  164233.215     0.550000         2423         2.22
  221118.463     0.600000         2643         2.50
  279969.791     0.650000         2864         2.86
  347602.943     0.700000         3085         3.33
  406847.487     0.750000         3304         4.00
  440926.207     0.775000         3415         4.44
  463732.735     0.800000         3525         5.00
  495452.159     0.825000         3635         5.71
  528220.159     0.850000         3745         6.67
  565182.463     0.875000         3857         8.00
  577765.375     0.887500         3911         8.89
  598212.607     0.900000         3966        10.00
  618659.839     0.912500         4020        11.43
  637009.919     0.925000         4076        13.33
  653787.135     0.937500         4131        16.00
  661651.455     0.943750         4160        17.78
  669515.775     0.950000         4185        20.00
  680001.535     0.956250         4216        22.86
  689438.719     0.962500         4240        26.67
  699924.479     0.968750         4268        32.00
  705167.359     0.971875         4283        35.56
  710410.239     0.975000         4295        40.00
  713555.967     0.978125         4311        45.71
  717225.983     0.981250         4323        53.33
  719847.423     0.984375         4338        64.00
  721944.575     0.985938         4345        71.11
  724041.727     0.987500         4350        80.00
  725614.591     0.989062         4358        91.43
  727187.455     0.990625         4365       106.67
  728760.319     0.992188         4371       128.00
  729808.895     0.992969         4375       142.22
  730857.471     0.993750         4379       160.00
  731906.047     0.994531         4382       182.86
  732954.623     0.995313         4385       213.33
  735051.775     0.996094         4389       256.00
  736100.351     0.996484         4391       284.44
  736624.639     0.996875         4392       320.00
  737148.927     0.997266         4393       365.71
  737673.215     0.997656         4395       426.67
  738721.791     0.998047         4397       512.00
  739770.367     0.998242         4398       568.89
  741343.231     0.998437         4400       640.00
  741343.231     0.998633         4400       731.43
  741343.231     0.998828         4400       853.33
  741867.519     0.999023         4401      1024.00
  742391.807     0.999121         4402      1137.78
  742391.807     0.999219         4402      1280.00
  742391.807     0.999316         4402      1462.86
  743964.671     0.999414         4403      1706.67
  743964.671     0.999512         4403      2048.00
  746586.111     0.999561         4404      2275.56
  746586.111     0.999609         4404      2560.00
  746586.111     0.999658         4404      2925.71
  746586.111     0.999707         4404      3413.33
  746586.111     0.999756         4404      4096.00
  748683.263     0.999780         4405      4551.11
  748683.263     1.000000         4405          inf
#[Mean    =   209962.803, StdDeviation   =   239376.421]
#[Max     =   748158.976, Total count    =         4405]
#[Buckets =           27, SubBuckets     =         2048]
----------------------------------------------------------
  4730 requests in 15.00m, 60.50MB read
  Socket errors: connect 0, read 0, write 6, timeout 920
Requests/sec:      5.25
Transfer/sec:     68.82KB
