Running 15m test @ http://10.109.99.188:8080/wrk2-api/post/compose
  2 threads and 4 connections
  Thread calibration: mean lat.: 300.820ms, rate sampling interval: 1569ms
  Thread calibration: mean lat.: 802.541ms, rate sampling interval: 6721ms
  Thread Stats   Avg      Stdev     99%   +/- Stdev
    Latency    17.98s    18.86s   47.28s    74.45%
    Req/Sec     4.45      1.74     8.00     90.70%
  Latency Distribution (HdrHistogram - Recorded Latency)
 50.000%  230.14ms
 75.000%   37.03s 
 90.000%   41.58s 
 99.000%   47.28s 
 99.900%   49.35s 
 99.990%   49.81s 
 99.999%   49.84s 
100.000%   49.84s 

  Detailed Percentile spectrum:
       Value   Percentile   TotalCount 1/(1-Percentile)

       9.751     0.000000            1         1.00
      15.639     0.100000          870         1.11
      17.519     0.200000         1740         1.25
      19.823     0.300000         2606         1.43
      23.887     0.400000         3475         1.67
     230.143     0.500000         4343         2.00
   29261.823     0.550000         4779         2.22
   31916.031     0.600000         5212         2.50
   33816.575     0.650000         5652         2.86
   35586.047     0.700000         6088         3.33
   37027.839     0.750000         6521         4.00
   37814.271     0.775000         6735         4.44
   38535.167     0.800000         6957         5.00
   39223.295     0.825000         7173         5.71
   39976.959     0.850000         7388         6.67
   40665.087     0.875000         7605         8.00
   41058.303     0.887500         7712         8.89
   41582.591     0.900000         7823        10.00
   42041.343     0.912500         7931        11.43
   42532.863     0.925000         8037        13.33
   43089.919     0.937500         8145        16.00
   43417.599     0.943750         8203        17.78
   43712.511     0.950000         8258        20.00
   44040.191     0.956250         8308        22.86
   44433.407     0.962500         8363        26.67
   44859.391     0.968750         8416        32.00
   45121.535     0.971875         8441        35.56
   45350.911     0.975000         8473        40.00
   45580.287     0.978125         8498        45.71
   45875.199     0.981250         8524        53.33
   46301.183     0.984375         8552        64.00
   46497.791     0.985938         8564        71.11
   46759.935     0.987500         8578        80.00
   47153.151     0.989062         8592        91.43
   47382.527     0.990625         8606       106.67
   47710.207     0.992188         8619       128.00
   47808.511     0.992969         8625       142.22
   48005.119     0.993750         8632       160.00
   48136.191     0.994531         8638       182.86
   48300.031     0.995313         8645       213.33
   48463.871     0.996094         8654       256.00
   48496.639     0.996484         8657       284.44
   48529.407     0.996875         8658       320.00
   48758.783     0.997266         8662       365.71
   48857.087     0.997656         8665       426.67
   49020.927     0.998047         8669       512.00
   49053.695     0.998242         8670       568.89
   49151.999     0.998437         8672       640.00
   49250.303     0.998633         8674       731.43
   49315.839     0.998828         8675       853.33
   49348.607     0.999023         8677      1024.00
   49414.143     0.999121         8678      1137.78
   49446.911     0.999219         8679      1280.00
   49545.215     0.999316         8680      1462.86
   49545.215     0.999414         8680      1706.67
   49577.983     0.999512         8682      2048.00
   49577.983     0.999561         8682      2275.56
   49577.983     0.999609         8682      2560.00
   49741.823     0.999658         8683      2925.71
   49741.823     0.999707         8683      3413.33
   49741.823     0.999756         8683      4096.00
   49807.359     0.999780         8684      4551.11
   49807.359     0.999805         8684      5120.00
   49807.359     0.999829         8684      5851.43
   49807.359     0.999854         8684      6826.67
   49807.359     0.999878         8684      8192.00
   49840.127     0.999890         8685      9102.22
   49840.127     1.000000         8685          inf
#[Mean    =    17981.365, StdDeviation   =    18860.661]
#[Max     =    49807.360, Total count    =         8685]
#[Buckets =           27, SubBuckets     =         2048]
----------------------------------------------------------
  8775 requests in 15.00m, 1.80MB read
  Socket errors: connect 0, read 0, write 2, timeout 19
Requests/sec:      9.75
Transfer/sec:      2.05KB
