Running 15m test @ http://10.109.99.188:8080/wrk2-api/post/compose
  2 threads and 4 connections
  Thread calibration: mean lat.: 906.344ms, rate sampling interval: 10788ms
  Thread calibration: mean lat.: 509.609ms, rate sampling interval: 56ms
  Thread Stats   Avg      Stdev     99%   +/- Stdev
    Latency    24.59s    25.27s    0.99m    74.07%
    Req/Sec    28.92     23.96   107.00     65.41%
  Latency Distribution (HdrHistogram - Recorded Latency)
 50.000%  215.81ms
 75.000%   50.33s 
 90.000%    0.90m 
 99.000%    0.99m 
 99.900%    1.01m 
 99.990%    1.01m 
 99.999%    1.01m 
100.000%    1.01m 

  Detailed Percentile spectrum:
       Value   Percentile   TotalCount 1/(1-Percentile)

       0.014     0.000000            1         1.00
       5.191     0.100000         5203         1.11
      11.239     0.200000        10403         1.25
      13.423     0.300000        15595         1.43
      16.591     0.400000        20794         1.67
     215.807     0.500000        25980         2.00
   44728.319     0.550000        28593         2.22
   46432.255     0.600000        31239         2.50
   47448.063     0.650000        33788         2.86
   48332.799     0.700000        36377         3.33
   50331.647     0.750000        38994         4.00
   51118.079     0.775000        40308         4.44
   51740.671     0.800000        41612         5.00
   52199.423     0.825000        42889         5.71
   52723.711     0.850000        44170         6.67
   53280.767     0.875000        45509         8.00
   53608.447     0.887500        46114         8.89
   53903.359     0.900000        46797        10.00
   54198.271     0.912500        47489        11.43
   54427.647     0.925000        48072        13.33
   54788.095     0.937500        48728        16.00
   54984.703     0.943750        49047        17.78
   55246.847     0.950000        49400        20.00
   55508.991     0.956250        49724        22.86
   55738.367     0.962500        50059        26.67
   55967.743     0.968750        50382        32.00
   56098.815     0.971875        50517        35.56
   56295.423     0.975000        50675        40.00
   56459.263     0.978125        50829        45.71
   56688.639     0.981250        50991        53.33
   57311.231     0.984375        51151        64.00
   57606.143     0.985938        51233        71.11
   57966.591     0.987500        51316        80.00
   58327.039     0.989062        51392        91.43
   59310.079     0.990625        51479       106.67
   59506.687     0.992188        51571       128.00
   59572.223     0.992969        51597       142.22
   59670.527     0.993750        51647       160.00
   59736.063     0.994531        51677       182.86
   59834.367     0.995313        51723       213.33
   59932.671     0.996094        51760       256.00
   60030.975     0.996484        51787       284.44
   60063.743     0.996875        51797       320.00
   60129.279     0.997266        51817       365.71
   60194.815     0.997656        51841       426.67
   60293.119     0.998047        51864       512.00
   60325.887     0.998242        51870       568.89
   60358.655     0.998437        51879       640.00
   60424.191     0.998633        51896       731.43
   60456.959     0.998828        51902       853.33
   60489.727     0.999023        51909      1024.00
   60522.495     0.999121        51923      1137.78
   60522.495     0.999219        51923      1280.00
   60555.263     0.999316        51929      1462.86
   60555.263     0.999414        51929      1706.67
   60588.031     0.999512        51936      2048.00
   60620.799     0.999561        51940      2275.56
   60620.799     0.999609        51940      2560.00
   60653.567     0.999658        51945      2925.71
   60653.567     0.999707        51945      3413.33
   60686.335     0.999756        51948      4096.00
   60686.335     0.999780        51948      4551.11
   60719.103     0.999805        51953      5120.00
   60719.103     0.999829        51953      5851.43
   60719.103     0.999854        51953      6826.67
   60719.103     0.999878        51953      8192.00
   60784.639     0.999890        51957      9102.22
   60784.639     0.999902        51957     10240.00
   60784.639     0.999915        51957     11702.86
   60784.639     0.999927        51957     13653.33
   60784.639     0.999939        51957     16384.00
   60784.639     0.999945        51957     18204.44
   60784.639     0.999951        51957     20480.00
   60784.639     0.999957        51957     23405.71
   60817.407     0.999963        51958     27306.67
   60817.407     0.999969        51958     32768.00
   60817.407     0.999973        51958     36408.89
   60817.407     0.999976        51958     40960.00
   60817.407     0.999979        51958     46811.43
   60850.175     0.999982        51959     54613.33
   60850.175     1.000000        51959          inf
#[Mean    =    24587.993, StdDeviation   =    25266.230]
#[Max     =    60817.408, Total count    =        51959]
#[Buckets =           27, SubBuckets     =         2048]
----------------------------------------------------------
  52348 requests in 15.00m, 449.88MB read
  Socket errors: connect 0, read 0, write 2, timeout 0
Requests/sec:     58.16
Transfer/sec:    511.84KB
