Running 15m test @ http://10.109.99.188:8080/wrk2-api/post/compose
  2 threads and 4 connections
  Thread calibration: mean lat.: 4728.674ms, rate sampling interval: 13828ms
  Thread calibration: mean lat.: 410.224ms, rate sampling interval: 233ms
  Thread Stats   Avg      Stdev     99%   +/- Stdev
    Latency    37.59s    22.34s    0.97m    74.16%
    Req/Sec    13.94      8.51    38.00     70.04%
  Latency Distribution (HdrHistogram - Recorded Latency)
 50.000%   49.05s 
 75.000%    0.87m 
 90.000%    0.91m 
 99.000%    0.97m 
 99.900%    0.99m 
 99.990%    0.99m 
 99.999%    0.99m 
100.000%    0.99m 

  Detailed Percentile spectrum:
       Value   Percentile   TotalCount 1/(1-Percentile)

       7.303     0.000000            1         1.00
      18.943     0.100000         2560         1.11
      28.303     0.200000         5120         1.25
   45514.751     0.300000         7690         1.43
   47939.583     0.400000        10306         1.67
   49053.695     0.500000        12883         2.00
   49545.215     0.550000        14126         2.22
   50069.503     0.600000        15409         2.50
   50757.631     0.650000        16646         2.86
   51412.991     0.700000        17960         3.33
   52133.887     0.750000        19248         4.00
   52494.335     0.775000        19872         4.44
   52822.015     0.800000        20512         5.00
   53149.695     0.825000        21133         5.71
   53542.911     0.850000        21795         6.67
   53936.127     0.875000        22439         8.00
   54132.735     0.887500        22744         8.89
   54394.879     0.900000        23063        10.00
   54755.327     0.912500        23383        11.43
   55148.543     0.925000        23704        13.33
   55508.991     0.937500        24000        16.00
   55771.135     0.943750        24181        17.78
   55967.743     0.950000        24322        20.00
   56262.655     0.956250        24484        22.86
   56492.031     0.962500        24645        26.67
   56819.711     0.968750        24805        32.00
   56950.783     0.971875        24891        35.56
   57081.855     0.975000        24961        40.00
   57212.927     0.978125        25043        45.71
   57376.767     0.981250        25129        53.33
   57540.607     0.984375        25207        64.00
   57638.911     0.985938        25242        71.11
   57769.983     0.987500        25281        80.00
   57901.055     0.989062        25334        91.43
   57999.359     0.990625        25361       106.67
   58228.735     0.992188        25407       128.00
   58294.271     0.992969        25426       142.22
   58359.807     0.993750        25442       160.00
   58425.343     0.994531        25466       182.86
   58490.879     0.995313        25482       213.33
   58589.183     0.996094        25501       256.00
   58621.951     0.996484        25511       284.44
   58687.487     0.996875        25525       320.00
   58720.255     0.997266        25530       365.71
   58785.791     0.997656        25543       426.67
   58851.327     0.998047        25551       512.00
   58916.863     0.998242        25555       568.89
   58982.399     0.998437        25561       640.00
   59047.935     0.998633        25566       731.43
   59080.703     0.998828        25571       853.33
   59113.471     0.999023        25579      1024.00
   59113.471     0.999121        25579      1137.78
   59146.239     0.999219        25582      1280.00
   59179.007     0.999316        25584      1462.86
   59211.775     0.999414        25586      1706.67
   59277.311     0.999512        25588      2048.00
   59342.847     0.999561        25593      2275.56
   59342.847     0.999609        25593      2560.00
   59342.847     0.999658        25593      2925.71
   59342.847     0.999707        25593      3413.33
   59408.383     0.999756        25595      4096.00
   59408.383     0.999780        25595      4551.11
   59408.383     0.999805        25595      5120.00
   59441.151     0.999829        25597      5851.43
   59441.151     0.999854        25597      6826.67
   59441.151     0.999878        25597      8192.00
   59473.919     0.999890        25599      9102.22
   59473.919     0.999902        25599     10240.00
   59473.919     0.999915        25599     11702.86
   59473.919     0.999927        25599     13653.33
   59473.919     0.999939        25599     16384.00
   59473.919     0.999945        25599     18204.44
   59473.919     0.999951        25599     20480.00
   59473.919     0.999957        25599     23405.71
   59506.687     0.999963        25600     27306.67
   59506.687     1.000000        25600          inf
#[Mean    =    37585.948, StdDeviation   =    22336.662]
#[Max     =    59473.920, Total count    =        25600]
#[Buckets =           27, SubBuckets     =         2048]
----------------------------------------------------------
  25718 requests in 15.00m, 318.10MB read
  Socket errors: connect 0, read 0, write 3, timeout 0
Requests/sec:     28.57
Transfer/sec:    361.89KB
