Running 15m test @ http://10.110.138.50:8080/wrk2-api/post/compose
  2 threads and 4 connections
  Thread calibration: mean lat.: 712.130ms, rate sampling interval: 1456ms
  Thread calibration: mean lat.: 900.887ms, rate sampling interval: 5955ms
  Thread Stats   Avg      Stdev     99%   +/- Stdev
    Latency     0.89m    21.77s    1.37m    55.95%
    Req/Sec     3.77      1.90     8.00     90.79%
  Latency Distribution (HdrHistogram - Recorded Latency)
 50.000%    1.09m 
 75.000%    1.18m 
 90.000%    1.26m 
 99.000%    1.37m 
 99.900%    1.40m 
 99.990%    1.41m 
 99.999%    1.41m 
100.000%    1.41m 

  Detailed Percentile spectrum:
       Value   Percentile   TotalCount 1/(1-Percentile)

      13.999     0.000000            1         1.00
   25231.359     0.100000          636         1.11
   27787.263     0.200000         1269         1.25
   30392.319     0.300000         1905         1.43
   59441.151     0.400000         2536         1.67
   65372.159     0.500000         3175         2.00
   66682.879     0.550000         3493         2.22
   67567.615     0.600000         3807         2.50
   68681.727     0.650000         4132         2.86
   69730.303     0.700000         4451         3.33
   70778.879     0.750000         4767         4.00
   71303.167     0.775000         4914         4.44
   71827.455     0.800000         5076         5.00
   72548.351     0.825000         5244         5.71
   73269.247     0.850000         5389         6.67
   74055.679     0.875000         5550         8.00
   74645.503     0.887500         5630         8.89
   75431.935     0.900000         5713        10.00
   76087.295     0.912500         5790        11.43
   76808.191     0.925000         5876        13.33
   77398.015     0.937500         5954        16.00
   77725.695     0.943750         5986        17.78
   78315.519     0.950000         6024        20.00
   79167.487     0.956250         6066        22.86
   79822.847     0.962500         6106        26.67
   80216.063     0.968750         6142        32.00
   80543.743     0.971875         6169        35.56
   80740.351     0.975000         6184        40.00
   80936.959     0.978125         6204        45.71
   81264.639     0.981250         6229        53.33
   81526.783     0.984375         6241        64.00
   81657.855     0.985938         6253        71.11
   81854.463     0.987500         6263        80.00
   82051.071     0.989062         6274        91.43
   82182.143     0.990625         6281       106.67
   82444.287     0.992188         6294       128.00
   82509.823     0.992969         6296       142.22
   82706.431     0.993750         6302       160.00
   82837.503     0.994531         6306       182.86
   82968.575     0.995313         6311       213.33
   83230.719     0.996094         6316       256.00
   83296.255     0.996484         6319       284.44
   83427.327     0.996875         6321       320.00
   83558.399     0.997266         6325       365.71
   83623.935     0.997656         6329       426.67
   83623.935     0.998047         6329       512.00
   83623.935     0.998242         6329       568.89
   83755.007     0.998437         6331       640.00
   83820.543     0.998633         6332       731.43
   83886.079     0.998828         6333       853.33
   84082.687     0.999023         6334      1024.00
   84279.295     0.999121         6336      1137.78
   84279.295     0.999219         6336      1280.00
   84279.295     0.999316         6336      1462.86
   84344.831     0.999414         6337      1706.67
   84344.831     0.999512         6337      2048.00
   84475.903     0.999561         6338      2275.56
   84475.903     0.999609         6338      2560.00
   84475.903     0.999658         6338      2925.71
   84606.975     0.999707         6339      3413.33
   84606.975     0.999756         6339      4096.00
   84606.975     0.999780         6339      4551.11
   84606.975     0.999805         6339      5120.00
   84606.975     0.999829         6339      5851.43
   84869.119     0.999854         6340      6826.67
   84869.119     1.000000         6340          inf
#[Mean    =    53256.592, StdDeviation   =    21769.705]
#[Max     =    84803.584, Total count    =         6340]
#[Buckets =           27, SubBuckets     =         2048]
----------------------------------------------------------
  6410 requests in 15.00m, 1.31MB read
  Socket errors: connect 0, read 0, write 4, timeout 399
Requests/sec:      7.12
Transfer/sec:      1.50KB
