Running 15m test @ http://10.110.138.50:8080/wrk2-api/post/compose
  2 threads and 4 connections
  Thread calibration: mean lat.: 2803.414ms, rate sampling interval: 7307ms
  Thread calibration: mean lat.: 2974.698ms, rate sampling interval: 9224ms
  Thread Stats   Avg      Stdev     99%   +/- Stdev
    Latency     1.33m    27.53s    1.74m    73.08%
    Req/Sec    26.83      7.97    34.00     88.94%
  Latency Distribution (HdrHistogram - Recorded Latency)
 50.000%    1.56m 
 75.000%    1.63m 
 90.000%    1.68m 
 99.000%    1.74m 
 99.900%    1.75m 
 99.990%    1.76m 
 99.999%    1.77m 
100.000%    1.77m 

  Detailed Percentile spectrum:
       Value   Percentile   TotalCount 1/(1-Percentile)

    3385.343     0.000000            1         1.00
   35258.367     0.100000         4900         1.11
   36929.535     0.200000         9761         1.25
   89391.103     0.300000        14651         1.43
   92667.903     0.400000        19500         1.67
   93716.479     0.500000        24368         2.00
   94437.375     0.550000        26898         2.22
   95289.343     0.600000        29268         2.50
   96206.847     0.650000        31787         2.86
   96927.743     0.700000        34360         3.33
   97517.567     0.750000        36542         4.00
   97910.783     0.775000        37836         4.44
   98369.535     0.800000        39013         5.00
   98893.823     0.825000        40229         5.71
   99418.111     0.850000        41418         6.67
  100007.935     0.875000        42625         8.00
  100401.151     0.887500        43258         8.89
  100728.831     0.900000        43858        10.00
  101056.511     0.912500        44447        11.43
  101515.263     0.925000        45097        13.33
  101974.015     0.937500        45742        16.00
  102170.623     0.943750        45998        17.78
  102432.767     0.950000        46328        20.00
  102629.375     0.956250        46602        22.86
  102891.519     0.962500        46901        26.67
  103153.663     0.968750        47265        32.00
  103219.199     0.971875        47374        35.56
  103350.271     0.975000        47525        40.00
  103481.343     0.978125        47663        45.71
  103677.951     0.981250        47846        53.33
  103809.023     0.984375        47961        64.00
  103940.095     0.985938        48054        71.11
  104071.167     0.987500        48121        80.00
  104202.239     0.989062        48178        91.43
  104333.311     0.990625        48284       106.67
  104398.847     0.992188        48327       128.00
  104464.383     0.992969        48372       142.22
  104529.919     0.993750        48415       160.00
  104595.455     0.994531        48456       182.86
  104660.991     0.995313        48485       213.33
  104726.527     0.996094        48519       256.00
  104792.063     0.996484        48563       284.44
  104792.063     0.996875        48563       320.00
  104857.599     0.997266        48604       365.71
  104857.599     0.997656        48604       426.67
  104923.135     0.998047        48636       512.00
  104923.135     0.998242        48636       568.89
  104923.135     0.998437        48636       640.00
  104988.671     0.998633        48645       731.43
  105054.207     0.998828        48653       853.33
  105119.743     0.999023        48659      1024.00
  105185.279     0.999121        48666      1137.78
  105185.279     0.999219        48666      1280.00
  105250.815     0.999316        48677      1462.86
  105250.815     0.999414        48677      1706.67
  105316.351     0.999512        48685      2048.00
  105316.351     0.999561        48685      2275.56
  105316.351     0.999609        48685      2560.00
  105381.887     0.999658        48689      2925.71
  105447.423     0.999707        48691      3413.33
  105512.959     0.999756        48696      4096.00
  105512.959     0.999780        48696      4551.11
  105512.959     0.999805        48696      5120.00
  105512.959     0.999829        48696      5851.43
  105578.495     0.999854        48698      6826.67
  105644.031     0.999878        48699      8192.00
  105644.031     0.999890        48699      9102.22
  105709.567     0.999902        48701     10240.00
  105709.567     0.999915        48701     11702.86
  105709.567     0.999927        48701     13653.33
  105840.639     0.999939        48703     16384.00
  105840.639     0.999945        48703     18204.44
  105840.639     0.999951        48703     20480.00
  105840.639     0.999957        48703     23405.71
  105840.639     0.999963        48703     27306.67
  105840.639     0.999969        48703     32768.00
  105840.639     0.999973        48703     36408.89
  105840.639     0.999976        48703     40960.00
  105840.639     0.999979        48703     46811.43
  105906.175     0.999982        48704     54613.33
  105906.175     1.000000        48704          inf
#[Mean    =    79540.452, StdDeviation   =    27526.327]
#[Max     =   105840.640, Total count    =        48704]
#[Buckets =           27, SubBuckets     =         2048]
----------------------------------------------------------
  49001 requests in 15.00m, 394.22MB read
  Socket errors: connect 0, read 0, write 6, timeout 0
Requests/sec:     54.44
Transfer/sec:    448.52KB
