Running 15m test @ http://10.110.138.50:8080/wrk2-api/post/compose
  2 threads and 4 connections
  Thread calibration: mean lat.: 4882.397ms, rate sampling interval: 14614ms
  Thread calibration: mean lat.: 5961.376ms, rate sampling interval: 16637ms
  Thread Stats   Avg      Stdev     99%   +/- Stdev
    Latency     1.67m     8.30s    1.84m    89.50%
    Req/Sec    12.84      4.37    17.00     88.50%
  Latency Distribution (HdrHistogram - Recorded Latency)
 50.000%    1.67m 
 75.000%    1.73m 
 90.000%    1.78m 
 99.000%    1.84m 
 99.900%    1.86m 
 99.990%    1.87m 
 99.999%    1.88m 
100.000%    1.88m 

  Detailed Percentile spectrum:
       Value   Percentile   TotalCount 1/(1-Percentile)

    8609.791     0.000000            1         1.00
   95748.095     0.100000         2432         1.11
   97189.887     0.200000         4880         1.25
   98238.463     0.300000         7198         1.43
   99287.039     0.400000         9533         1.67
  100401.151     0.500000        12002         2.00
  100925.439     0.550000        13141         2.22
  101515.263     0.600000        14336         2.50
  102170.623     0.650000        15577         2.86
  102825.983     0.700000        16717         3.33
  103677.951     0.750000        17906         4.00
  104071.167     0.775000        18464         4.44
  104529.919     0.800000        19080         5.00
  105054.207     0.825000        19650         5.71
  105644.031     0.850000        20253         6.67
  106364.927     0.875000        20847         8.00
  106758.143     0.887500        21151         8.89
  107085.823     0.900000        21436        10.00
  107479.039     0.912500        21765        11.43
  107872.255     0.925000        22036        13.33
  108396.543     0.937500        22373        16.00
  108593.151     0.943750        22540        17.78
  108724.223     0.950000        22627        20.00
  108986.367     0.956250        22788        22.86
  109182.975     0.962500        22926        26.67
  109379.583     0.968750        23077        32.00
  109510.655     0.971875        23180        35.56
  109576.191     0.975000        23232        40.00
  109707.263     0.978125        23305        45.71
  109838.335     0.981250        23377        53.33
  110034.943     0.984375        23467        64.00
  110100.479     0.985938        23488        71.11
  110231.551     0.987500        23545        80.00
  110297.087     0.989062        23576        91.43
  110362.623     0.990625        23606       106.67
  110493.695     0.992188        23650       128.00
  110493.695     0.992969        23650       142.22
  110624.767     0.993750        23678       160.00
  110690.303     0.994531        23690       182.86
  110821.375     0.995313        23706       213.33
  110952.447     0.996094        23724       256.00
  111083.519     0.996484        23736       284.44
  111149.055     0.996875        23742       320.00
  111280.127     0.997266        23761       365.71
  111280.127     0.997656        23761       426.67
  111345.663     0.998047        23770       512.00
  111542.271     0.998242        23777       568.89
  111673.343     0.998437        23780       640.00
  111738.879     0.998633        23785       731.43
  111804.415     0.998828        23791       853.33
  111869.951     0.999023        23793      1024.00
  111935.487     0.999121        23796      1137.78
  112001.023     0.999219        23802      1280.00
  112001.023     0.999316        23802      1462.86
  112066.559     0.999414        23804      1706.67
  112132.095     0.999512        23805      2048.00
  112197.631     0.999561        23807      2275.56
  112197.631     0.999609        23807      2560.00
  112263.167     0.999658        23809      2925.71
  112328.703     0.999707        23810      3413.33
  112459.775     0.999756        23814      4096.00
  112459.775     0.999780        23814      4551.11
  112459.775     0.999805        23814      5120.00
  112459.775     0.999829        23814      5851.43
  112459.775     0.999854        23814      6826.67
  112459.775     0.999878        23814      8192.00
  112459.775     0.999890        23814      9102.22
  112459.775     0.999902        23814     10240.00
  112459.775     0.999915        23814     11702.86
  112525.311     0.999927        23815     13653.33
  112525.311     0.999939        23815     16384.00
  112525.311     0.999945        23815     18204.44
  112525.311     0.999951        23815     20480.00
  112525.311     0.999957        23815     23405.71
  112656.383     0.999963        23816     27306.67
  112656.383     1.000000        23816          inf
#[Mean    =   100023.015, StdDeviation   =     8299.584]
#[Max     =   112590.848, Total count    =        23816]
#[Buckets =           27, SubBuckets     =         2048]
----------------------------------------------------------
  23849 requests in 15.00m, 298.97MB read
  Socket errors: connect 0, read 0, write 4, timeout 0
Requests/sec:     26.50
Transfer/sec:    340.14KB
