Running 15m test @ http://10.105.226.68:8080/wrk2-api/post/compose
  2 threads and 4 connections
  Thread calibration: mean lat.: 19.498ms, rate sampling interval: 45ms
  Thread calibration: mean lat.: 20.187ms, rate sampling interval: 47ms
  Thread Stats   Avg      Stdev     99%   +/- Stdev
    Latency     6.52s    10.81s   33.14s    78.00%
    Req/Sec     4.89     10.22    44.00     79.53%
  Latency Distribution (HdrHistogram - Recorded Latency)
 50.000%  969.73ms
 75.000%    2.42s 
 90.000%   26.87s 
 99.000%   33.14s 
 99.900%   36.24s 
 99.990%   37.95s 
 99.999%   37.95s 
100.000%   37.95s 

  Detailed Percentile spectrum:
       Value   Percentile   TotalCount 1/(1-Percentile)

       9.679     0.000000            1         1.00
     113.407     0.100000          877         1.11
     284.415     0.200000         1754         1.25
     487.167     0.300000         2631         1.43
     724.991     0.400000         3509         1.67
     969.727     0.500000         4384         2.00
    1122.303     0.550000         4823         2.22
    1289.215     0.600000         5263         2.50
    1512.447     0.650000         5702         2.86
    1822.719     0.700000         6139         3.33
    2426.879     0.750000         6577         4.00
    3381.247     0.775000         6795         4.44
   22364.159     0.800000         7014         5.00
   23511.039     0.825000         7234         5.71
   24526.847     0.850000         7452         6.67
   25739.263     0.875000         7674         8.00
   26361.855     0.887500         7782         8.89
   26886.143     0.900000         7895        10.00
   27361.279     0.912500         8002        11.43
   27852.799     0.925000         8113        13.33
   28327.935     0.937500         8221        16.00
   28606.463     0.943750         8275        17.78
   29097.983     0.950000         8330        20.00
   29655.039     0.956250         8385        22.86
   30130.175     0.962500         8439        26.67
   30539.775     0.968750         8495        32.00
   30834.687     0.971875         8521        35.56
   31113.215     0.975000         8548        40.00
   31342.591     0.978125         8578        45.71
   31719.423     0.981250         8603        53.33
   32129.023     0.984375         8633        64.00
   32227.327     0.985938         8644        71.11
   32555.007     0.987500         8659        80.00
   32899.071     0.989062         8672        91.43
   33390.591     0.990625         8685       106.67
   33849.343     0.992188         8699       128.00
   34045.951     0.992969         8707       142.22
   34308.095     0.993750         8714       160.00
   34471.935     0.994531         8721       182.86
   34701.311     0.995313         8728       213.33
   34897.919     0.996094         8735       256.00
   35061.759     0.996484         8738       284.44
   35094.527     0.996875         8740       320.00
   35356.671     0.997266         8745       365.71
   35520.511     0.997656         8747       426.67
   35618.815     0.998047         8750       512.00
   35651.583     0.998242         8752       568.89
   35913.727     0.998437         8754       640.00
   36143.103     0.998633         8756       731.43
   36208.639     0.998828         8757       853.33
   36241.407     0.999023         8759      1024.00
   36667.391     0.999121         8760      1137.78
   37126.143     0.999219         8761      1280.00
   37289.983     0.999316         8762      1462.86
   37289.983     0.999414         8762      1706.67
   37584.895     0.999512         8763      2048.00
   37617.663     0.999561         8764      2275.56
   37617.663     0.999609         8764      2560.00
   37748.735     0.999658         8765      2925.71
   37748.735     0.999707         8765      3413.33
   37748.735     0.999756         8765      4096.00
   37945.343     0.999780         8767      4551.11
   37945.343     1.000000         8767          inf
#[Mean    =     6518.518, StdDeviation   =    10814.526]
#[Max     =    37912.576, Total count    =         8767]
#[Buckets =           27, SubBuckets     =         2048]
----------------------------------------------------------
  8884 requests in 15.00m, 1.82MB read
  Socket errors: connect 0, read 0, write 13, timeout 19
Requests/sec:      9.87
Transfer/sec:      2.07KB
