Running 15m test @ http://10.105.226.68:8080/wrk2-api/post/compose
  2 threads and 4 connections
  Thread calibration: mean lat.: 4.364ms, rate sampling interval: 12ms
  Thread calibration: mean lat.: 4.628ms, rate sampling interval: 12ms
  Thread Stats   Avg      Stdev     99%   +/- Stdev
    Latency     8.37s    13.28s   33.59s    72.24%
    Req/Sec    30.24     49.67   181.00     70.67%
  Latency Distribution (HdrHistogram - Recorded Latency)
 50.000%  196.74ms
 75.000%   27.34s 
 90.000%   30.64s 
 99.000%   33.59s 
 99.900%   35.19s 
 99.990%   35.55s 
 99.999%   35.68s 
100.000%   35.75s 

  Detailed Percentile spectrum:
       Value   Percentile   TotalCount 1/(1-Percentile)

       3.429     0.000000            1         1.00
      53.407     0.100000         5190         1.11
      84.735     0.200000        10386         1.25
     116.287     0.300000        15569         1.43
     151.935     0.400000        20747         1.67
     196.735     0.500000        25938         2.00
     225.407     0.550000        28529         2.22
     262.655     0.600000        31135         2.50
     318.463     0.650000        33717         2.86
     430.079     0.700000        36307         3.33
   27344.895     0.750000        38936         4.00
   27770.879     0.775000        40211         4.44
   28131.327     0.800000        41514         5.00
   28540.927     0.825000        42798         5.71
   29229.055     0.850000        44091         6.67
   29917.183     0.875000        45397         8.00
   30277.631     0.887500        46035         8.89
   30638.079     0.900000        46699        10.00
   30949.375     0.912500        47375        11.43
   31178.751     0.925000        48020        13.33
   31391.743     0.937500        48647        16.00
   31506.431     0.943750        48958        17.78
   31637.503     0.950000        49274        20.00
   31801.343     0.956250        49637        22.86
   31965.183     0.962500        49940        26.67
   32194.559     0.968750        50261        32.00
   32325.631     0.971875        50412        35.56
   32456.703     0.975000        50571        40.00
   32636.927     0.978125        50732        45.71
   32849.919     0.981250        50916        53.33
   33095.679     0.984375        51057        64.00
   33226.751     0.985938        51138        71.11
   33374.207     0.987500        51229        80.00
   33488.895     0.989062        51302        91.43
   33619.967     0.990625        51391       106.67
   33718.271     0.992188        51463       128.00
   33816.575     0.992969        51515       142.22
   33882.111     0.993750        51542       160.00
   34078.719     0.994531        51586       182.86
   34340.863     0.995313        51623       213.33
   34635.775     0.996094        51668       256.00
   34668.543     0.996484        51684       284.44
   34766.847     0.996875        51709       320.00
   34832.383     0.997266        51725       365.71
   34897.919     0.997656        51746       426.67
   34996.223     0.998047        51769       512.00
   35028.991     0.998242        51777       568.89
   35061.759     0.998437        51786       640.00
   35127.295     0.998633        51805       731.43
   35160.063     0.998828        51812       853.33
   35192.831     0.999023        51821      1024.00
   35192.831     0.999121        51821      1137.78
   35225.599     0.999219        51827      1280.00
   35291.135     0.999316        51834      1462.86
   35323.903     0.999414        51845      1706.67
   35323.903     0.999512        51845      2048.00
   35323.903     0.999561        51845      2275.56
   35356.671     0.999609        51846      2560.00
   35389.439     0.999658        51851      2925.71
   35389.439     0.999707        51851      3413.33
   35422.207     0.999756        51854      4096.00
   35454.975     0.999780        51857      4551.11
   35454.975     0.999805        51857      5120.00
   35487.743     0.999829        51858      5851.43
   35520.511     0.999854        51859      6826.67
   35553.279     0.999878        51862      8192.00
   35553.279     0.999890        51862      9102.22
   35553.279     0.999902        51862     10240.00
   35553.279     0.999915        51862     11702.86
   35586.047     0.999927        51863     13653.33
   35586.047     0.999939        51863     16384.00
   35651.583     0.999945        51864     18204.44
   35651.583     0.999951        51864     20480.00
   35651.583     0.999957        51864     23405.71
   35684.351     0.999963        51865     27306.67
   35684.351     0.999969        51865     32768.00
   35684.351     0.999973        51865     36408.89
   35684.351     0.999976        51865     40960.00
   35684.351     0.999979        51865     46811.43
   35749.887     0.999982        51866     54613.33
   35749.887     1.000000        51866          inf
#[Mean    =     8369.928, StdDeviation   =    13280.367]
#[Max     =    35717.120, Total count    =        51866]
#[Buckets =           27, SubBuckets     =         2048]
----------------------------------------------------------
  52520 requests in 15.00m, 445.72MB read
  Socket errors: connect 0, read 0, write 19, timeout 0
Requests/sec:     58.35
Transfer/sec:    507.11KB
