Running 15m test @ http://10.105.226.68:8080/wrk2-api/post/compose
  2 threads and 4 connections
  Thread calibration: mean lat.: 28.743ms, rate sampling interval: 86ms
  Thread calibration: mean lat.: 30.382ms, rate sampling interval: 98ms
  Thread Stats   Avg      Stdev     99%   +/- Stdev
    Latency     2.97s     8.50s   32.03s    91.10%
    Req/Sec    14.48     12.39    51.00     59.12%
  Latency Distribution (HdrHistogram - Recorded Latency)
 50.000%  286.46ms
 75.000%  545.79ms
 90.000%    1.15s 
 99.000%   32.03s 
 99.900%   32.82s 
 99.990%   33.19s 
 99.999%   33.21s 
100.000%   33.21s 

  Detailed Percentile spectrum:
       Value   Percentile   TotalCount 1/(1-Percentile)

       4.839     0.000000            1         1.00
      58.719     0.100000         2630         1.11
     107.455     0.200000         5262         1.25
     160.511     0.300000         7892         1.43
     218.623     0.400000        10526         1.67
     286.463     0.500000        13150         2.00
     325.887     0.550000        14469         2.22
     368.639     0.600000        15781         2.50
     416.767     0.650000        17097         2.86
     475.135     0.700000        18408         3.33
     545.791     0.750000        19734         4.00
     586.239     0.775000        20384         4.44
     637.951     0.800000        21044         5.00
     700.927     0.825000        21696         5.71
     779.263     0.850000        22354         6.67
     906.751     0.875000        23011         8.00
     998.399     0.887500        23339         8.89
    1153.023     0.900000        23668        10.00
   25935.871     0.912500        23998        11.43
   28557.311     0.925000        24326        13.33
   29474.815     0.937500        24661        16.00
   29802.495     0.943750        24824        17.78
   30162.943     0.950000        24991        20.00
   30408.703     0.956250        25147        22.86
   30638.079     0.962500        25315        26.67
   30851.071     0.968750        25477        32.00
   30998.527     0.971875        25560        35.56
   31162.367     0.975000        25642        40.00
   31326.207     0.978125        25728        45.71
   31506.431     0.981250        25809        53.33
   31686.655     0.984375        25887        64.00
   31784.959     0.985938        25931        71.11
   31866.879     0.987500        25971        80.00
   31965.183     0.989062        26011        91.43
   32079.871     0.990625        26058       106.67
   32145.407     0.992188        26092       128.00
   32210.943     0.992969        26116       142.22
   32260.095     0.993750        26133       160.00
   32358.399     0.994531        26156       182.86
   32423.935     0.995313        26175       213.33
   32489.471     0.996094        26195       256.00
   32522.239     0.996484        26207       284.44
   32571.391     0.996875        26222       320.00
   32604.159     0.997266        26229       365.71
   32636.927     0.997656        26238       426.67
   32686.079     0.998047        26246       512.00
   32702.463     0.998242        26252       568.89
   32735.231     0.998437        26256       640.00
   32767.999     0.998633        26262       731.43
   32800.767     0.998828        26269       853.33
   32833.535     0.999023        26273      1024.00
   32849.919     0.999121        26276      1137.78
   32866.303     0.999219        26280      1280.00
   32866.303     0.999316        26280      1462.86
   32882.687     0.999414        26282      1706.67
   32931.839     0.999512        26285      2048.00
   32948.223     0.999561        26286      2275.56
   32964.607     0.999609        26287      2560.00
   33013.759     0.999658        26289      2925.71
   33046.527     0.999707        26290      3413.33
   33144.831     0.999756        26291      4096.00
   33161.215     0.999780        26293      4551.11
   33161.215     0.999805        26293      5120.00
   33161.215     0.999829        26293      5851.43
   33193.983     0.999854        26296      6826.67
   33193.983     0.999878        26296      8192.00
   33193.983     0.999890        26296      9102.22
   33193.983     0.999902        26296     10240.00
   33193.983     0.999915        26296     11702.86
   33193.983     0.999927        26296     13653.33
   33193.983     0.999939        26296     16384.00
   33193.983     0.999945        26296     18204.44
   33193.983     0.999951        26296     20480.00
   33193.983     0.999957        26296     23405.71
   33210.367     0.999963        26297     27306.67
   33210.367     1.000000        26297          inf
#[Mean    =     2974.351, StdDeviation   =     8497.861]
#[Max     =    33193.984, Total count    =        26297]
#[Buckets =           27, SubBuckets     =         2048]
----------------------------------------------------------
  26623 requests in 15.00m, 348.34MB read
  Socket errors: connect 0, read 4, write 12, timeout 0
Requests/sec:     29.58
Transfer/sec:    396.26KB
