Running 15m test @ http://10.109.50.116:8080/wrk2-api/post/compose
  2 threads and 4 connections
  Thread calibration: mean lat.: 1266.657ms, rate sampling interval: 6549ms
  Thread calibration: mean lat.: 1781.837ms, rate sampling interval: 9953ms
  Thread Stats   Avg      Stdev     99%   +/- Stdev
    Latency     0.97m    17.44s    1.44m    71.11%
    Req/Sec     3.25      1.53     6.00     93.30%
  Latency Distribution (HdrHistogram - Recorded Latency)
 50.000%    0.94m 
 75.000%    1.24m 
 90.000%    1.32m 
 99.000%    1.44m 
 99.900%    1.47m 
 99.990%    1.47m 
 99.999%    1.47m 
100.000%    1.47m 

  Detailed Percentile spectrum:
       Value   Percentile   TotalCount 1/(1-Percentile)

      23.007     0.000000            1         1.00
   46727.167     0.100000          637         1.11
   49774.591     0.200000         1263         1.25
   52002.815     0.300000         1896         1.43
   53772.287     0.400000         2531         1.67
   56131.583     0.500000         3159         2.00
   57343.999     0.550000         3478         2.22
   58720.255     0.600000         3792         2.50
   60293.119     0.650000         4105         2.86
   71434.239     0.700000         4422         3.33
   74448.895     0.750000         4736         4.00
   75563.007     0.775000         4896         4.44
   76349.439     0.800000         5063         5.00
   77135.871     0.825000         5227         5.71
   77791.231     0.850000         5374         6.67
   78512.127     0.875000         5530         8.00
   78970.879     0.887500         5616         8.89
   79429.631     0.900000         5699        10.00
   79757.311     0.912500         5765        11.43
   80150.527     0.925000         5843        13.33
   80609.279     0.937500         5926        16.00
   80871.423     0.943750         5962        17.78
   81264.639     0.950000         6000        20.00
   81788.927     0.956250         6041        22.86
   82378.751     0.962500         6083        26.67
   82771.967     0.968750         6117        32.00
   83034.111     0.971875         6138        35.56
   83296.255     0.975000         6160        40.00
   83623.935     0.978125         6177        45.71
   84344.831     0.981250         6196        53.33
   85000.191     0.984375         6216        64.00
   85458.943     0.985938         6228        71.11
   85655.551     0.987500         6237        80.00
   85917.695     0.989062         6246        91.43
   86310.911     0.990625         6256       106.67
   86573.055     0.992188         6269       128.00
   86638.591     0.992969         6272       142.22
   86769.663     0.993750         6277       160.00
   86900.735     0.994531         6283       182.86
   87031.807     0.995313         6289       213.33
   87097.343     0.996094         6292       256.00
   87097.343     0.996484         6292       284.44
   87162.879     0.996875         6297       320.00
   87162.879     0.997266         6297       365.71
   87359.487     0.997656         6301       426.67
   87425.023     0.998047         6302       512.00
   87490.559     0.998242         6304       568.89
   87556.095     0.998437         6305       640.00
   87752.703     0.998633         6307       731.43
   87752.703     0.998828         6307       853.33
   87949.311     0.999023         6308      1024.00
   88014.847     0.999121         6310      1137.78
   88014.847     0.999219         6310      1280.00
   88014.847     0.999316         6310      1462.86
   88080.383     0.999414         6311      1706.67
   88080.383     0.999512         6311      2048.00
   88145.919     0.999561         6312      2275.56
   88145.919     0.999609         6312      2560.00
   88145.919     0.999658         6312      2925.71
   88211.455     0.999707         6313      3413.33
   88211.455     0.999756         6313      4096.00
   88211.455     0.999780         6313      4551.11
   88211.455     0.999805         6313      5120.00
   88211.455     0.999829         6313      5851.43
   88276.991     0.999854         6314      6826.67
   88276.991     1.000000         6314          inf
#[Mean    =    58271.374, StdDeviation   =    17444.589]
#[Max     =    88211.456, Total count    =         6314]
#[Buckets =           27, SubBuckets     =         2048]
----------------------------------------------------------
  6385 requests in 15.00m, 1.31MB read
  Socket errors: connect 0, read 0, write 5, timeout 396
Requests/sec:      7.09
Transfer/sec:      1.49KB
