Running 15m test @ http://10.109.50.116:8080/wrk2-api/post/compose
  2 threads and 4 connections
  Thread calibration: mean lat.: 2909.091ms, rate sampling interval: 9248ms
  Thread calibration: mean lat.: 5897.064ms, rate sampling interval: 17350ms
  Thread Stats   Avg      Stdev     99%   +/- Stdev
    Latency     1.41m    27.34s    1.80m    73.15%
    Req/Sec    26.94      7.40    34.00     88.44%
  Latency Distribution (HdrHistogram - Recorded Latency)
 50.000%    1.64m 
 75.000%    1.71m 
 90.000%    1.75m 
 99.000%    1.80m 
 99.900%    1.82m 
 99.990%    1.83m 
 99.999%    1.83m 
100.000%    1.83m 

  Detailed Percentile spectrum:
       Value   Percentile   TotalCount 1/(1-Percentile)

    5808.127     0.000000            1         1.00
   39419.903     0.100000         4999         1.11
   41189.375     0.200000         9744         1.25
   95289.343     0.300000        14640         1.43
   96993.279     0.400000        19511         1.67
   98303.999     0.500000        24466         2.00
   99155.967     0.550000        26846         2.22
  100007.935     0.600000        29216         2.50
  100859.903     0.650000        31710         2.86
  101777.407     0.700000        34125         3.33
  102694.911     0.750000        36508         4.00
  103219.199     0.775000        37766         4.44
  103743.487     0.800000        38859         5.00
  104202.239     0.825000        40295         5.71
  104464.383     0.850000        41287         6.67
  104792.063     0.875000        42512         8.00
  104988.671     0.887500        43319         8.89
  105119.743     0.900000        43792        10.00
  105316.351     0.912500        44446        11.43
  105512.959     0.925000        45095        13.33
  105709.567     0.937500        45726        16.00
  105775.103     0.943750        45886        17.78
  105906.175     0.950000        46205        20.00
  106037.247     0.956250        46483        22.86
  106299.391     0.962500        46798        26.67
  106627.071     0.968750        47061        32.00
  106823.679     0.971875        47238        35.56
  107020.287     0.975000        47389        40.00
  107216.895     0.978125        47536        45.71
  107413.503     0.981250        47659        53.33
  107741.183     0.984375        47837        64.00
  107872.255     0.985938        47923        71.11
  107937.791     0.987500        47977        80.00
  108068.863     0.989062        48074        91.43
  108199.935     0.990625        48134       106.67
  108331.007     0.992188        48210       128.00
  108396.543     0.992969        48237       142.22
  108462.079     0.993750        48280       160.00
  108527.615     0.994531        48306       182.86
  108658.687     0.995313        48367       213.33
  108724.223     0.996094        48394       256.00
  108789.759     0.996484        48406       284.44
  108855.295     0.996875        48420       320.00
  108920.831     0.997266        48448       365.71
  108986.367     0.997656        48476       426.67
  108986.367     0.998047        48476       512.00
  109051.903     0.998242        48490       568.89
  109117.439     0.998437        48513       640.00
  109117.439     0.998633        48513       731.43
  109117.439     0.998828        48513       853.33
  109182.975     0.999023        48532      1024.00
  109182.975     0.999121        48532      1137.78
  109182.975     0.999219        48532      1280.00
  109248.511     0.999316        48543      1462.86
  109248.511     0.999414        48543      1706.67
  109314.047     0.999512        48551      2048.00
  109314.047     0.999561        48551      2275.56
  109314.047     0.999609        48551      2560.00
  109379.583     0.999658        48559      2925.71
  109379.583     0.999707        48559      3413.33
  109379.583     0.999756        48559      4096.00
  109379.583     0.999780        48559      4551.11
  109445.119     0.999805        48563      5120.00
  109445.119     0.999829        48563      5851.43
  109445.119     0.999854        48563      6826.67
  109510.655     0.999878        48567      8192.00
  109510.655     0.999890        48567      9102.22
  109510.655     0.999902        48567     10240.00
  109510.655     0.999915        48567     11702.86
  109510.655     0.999927        48567     13653.33
  109510.655     0.999939        48567     16384.00
  109510.655     0.999945        48567     18204.44
  109510.655     0.999951        48567     20480.00
  109510.655     0.999957        48567     23405.71
  109641.727     0.999963        48568     27306.67
  109641.727     0.999969        48568     32768.00
  109641.727     0.999973        48568     36408.89
  109641.727     0.999976        48568     40960.00
  109641.727     0.999979        48568     46811.43
  109707.263     0.999982        48569     54613.33
  109707.263     1.000000        48569          inf
#[Mean    =    84325.952, StdDeviation   =    27340.650]
#[Max     =   109641.728, Total count    =        48569]
#[Buckets =           27, SubBuckets     =         2048]
----------------------------------------------------------
  48732 requests in 15.00m, 388.39MB read
  Socket errors: connect 0, read 0, write 5, timeout 0
Requests/sec:     54.14
Transfer/sec:    441.86KB
