Running 15m test @ http://10.109.50.116:8080/wrk2-api/post/compose
  2 threads and 4 connections
  Thread calibration: mean lat.: 6432.426ms, rate sampling interval: 15998ms
  Thread calibration: mean lat.: 3914.043ms, rate sampling interval: 12722ms
  Thread Stats   Avg      Stdev     99%   +/- Stdev
    Latency     1.42m    25.81s    1.90m    67.49%
    Req/Sec    13.16      3.75    16.00     89.52%
  Latency Distribution (HdrHistogram - Recorded Latency)
 50.000%    1.62m 
 75.000%    1.71m 
 90.000%    1.80m 
 99.000%    1.90m 
 99.900%    1.92m 
 99.990%    1.92m 
 99.999%    1.93m 
100.000%    1.93m 

  Detailed Percentile spectrum:
       Value   Percentile   TotalCount 1/(1-Percentile)

    6701.055     0.000000            1         1.00
   43614.207     0.100000         2427         1.11
   45481.983     0.200000         4857         1.25
   91029.503     0.300000         7285         1.43
   94371.839     0.400000         9725         1.67
   97124.351     0.500000        12131         2.00
   98566.143     0.550000        13359         2.22
   99614.719     0.600000        14584         2.50
  100466.687     0.650000        15813         2.86
  101449.727     0.700000        17003         3.33
  102367.231     0.750000        18223         4.00
  102891.519     0.775000        18829         4.44
  103481.343     0.800000        19418         5.00
  104267.775     0.825000        20019         5.71
  105316.351     0.850000        20600         6.67
  106168.319     0.875000        21210         8.00
  106823.679     0.887500        21509         8.89
  107741.183     0.900000        21804        10.00
  108789.759     0.912500        22101        11.43
  110100.479     0.925000        22414        13.33
  110690.303     0.937500        22739        16.00
  110886.911     0.943750        22877        17.78
  111149.055     0.950000        23056        20.00
  111411.199     0.956250        23184        22.86
  111869.951     0.962500        23314        26.67
  112394.239     0.968750        23480        32.00
  112590.847     0.971875        23546        35.56
  112852.991     0.975000        23643        40.00
  113049.599     0.978125        23713        45.71
  113180.671     0.981250        23766        53.33
  113508.351     0.984375        23865        64.00
  113573.887     0.985938        23885        71.11
  113704.959     0.987500        23923        80.00
  113836.031     0.989062        23962        91.43
  113901.567     0.990625        23995       106.67
  114032.639     0.992188        24047       128.00
  114098.175     0.992969        24063       142.22
  114163.711     0.993750        24079       160.00
  114229.247     0.994531        24097       182.86
  114294.783     0.995313        24110       213.33
  114425.855     0.996094        24134       256.00
  114491.391     0.996484        24142       284.44
  114556.927     0.996875        24148       320.00
  114622.463     0.997266        24160       365.71
  114687.999     0.997656        24168       426.67
  114819.071     0.998047        24177       512.00
  114884.607     0.998242        24183       568.89
  114884.607     0.998437        24183       640.00
  115015.679     0.998633        24192       731.43
  115015.679     0.998828        24192       853.33
  115146.751     0.999023        24197      1024.00
  115212.287     0.999121        24204      1137.78
  115212.287     0.999219        24204      1280.00
  115212.287     0.999316        24204      1462.86
  115277.823     0.999414        24211      1706.67
  115277.823     0.999512        24211      2048.00
  115277.823     0.999561        24211      2275.56
  115277.823     0.999609        24211      2560.00
  115343.359     0.999658        24215      2925.71
  115343.359     0.999707        24215      3413.33
  115343.359     0.999756        24215      4096.00
  115343.359     0.999780        24215      4551.11
  115408.895     0.999805        24217      5120.00
  115408.895     0.999829        24217      5851.43
  115408.895     0.999854        24217      6826.67
  115474.431     0.999878        24218      8192.00
  115474.431     0.999890        24218      9102.22
  115474.431     0.999902        24218     10240.00
  115474.431     0.999915        24218     11702.86
  115539.967     0.999927        24220     13653.33
  115539.967     1.000000        24220          inf
#[Mean    =    85081.947, StdDeviation   =    25811.343]
#[Max     =   115474.432, Total count    =        24220]
#[Buckets =           27, SubBuckets     =         2048]
----------------------------------------------------------
  24277 requests in 15.00m, 300.49MB read
  Socket errors: connect 0, read 0, write 4, timeout 0
Requests/sec:     26.97
Transfer/sec:    341.88KB
