Running 15m test @ http://10.110.201.214:8080/wrk2-api/post/compose
  2 threads and 4 connections
  Thread calibration: mean lat.: 17.334ms, rate sampling interval: 41ms
  Thread calibration: mean lat.: 17.728ms, rate sampling interval: 42ms
  Thread Stats   Avg      Stdev     99%   +/- Stdev
    Latency   591.80ms  530.53ms   2.44s    76.43%
    Req/Sec     4.94     10.90    48.00     81.32%
  Latency Distribution (HdrHistogram - Recorded Latency)
 50.000%  450.30ms
 75.000%  836.61ms
 90.000%    1.30s 
 99.000%    2.44s 
 99.900%    3.37s 
 99.990%    4.14s 
 99.999%    4.22s 
100.000%    4.22s 

  Detailed Percentile spectrum:
       Value   Percentile   TotalCount 1/(1-Percentile)

      10.231     0.000000            1         1.00
      67.135     0.100000          885         1.11
     151.807     0.200000         1768         1.25
     244.479     0.300000         2653         1.43
     339.967     0.400000         3538         1.67
     450.303     0.500000         4420         2.00
     515.583     0.550000         4860         2.22
     580.095     0.600000         5312         2.50
     654.847     0.650000         5745         2.86
     742.399     0.700000         6186         3.33
     836.607     0.750000         6627         4.00
     891.391     0.775000         6848         4.44
     953.855     0.800000         7070         5.00
    1014.271     0.825000         7291         5.71
    1093.631     0.850000         7512         6.67
    1189.887     0.875000         7733         8.00
    1234.943     0.887500         7842         8.89
    1297.407     0.900000         7954        10.00
    1369.087     0.912500         8064        11.43
    1428.479     0.925000         8175        13.33
    1505.279     0.937500         8284        16.00
    1553.407     0.943750         8340        17.78
    1603.583     0.950000         8395        20.00
    1681.407     0.956250         8450        22.86
    1776.639     0.962500         8505        26.67
    1868.799     0.968750         8560        32.00
    1925.119     0.971875         8588        35.56
    1974.271     0.975000         8616        40.00
    2057.215     0.978125         8644        45.71
    2129.919     0.981250         8672        53.33
    2224.127     0.984375         8699        64.00
    2273.279     0.985938         8712        71.11
    2355.199     0.987500         8726        80.00
    2416.639     0.989062         8740        91.43
    2469.887     0.990625         8754       106.67
    2504.703     0.992188         8767       128.00
    2570.239     0.992969         8774       142.22
    2603.007     0.993750         8781       160.00
    2670.591     0.994531         8788       182.86
    2738.175     0.995313         8795       213.33
    2830.335     0.996094         8802       256.00
    2881.535     0.996484         8805       284.44
    2938.879     0.996875         8809       320.00
    2971.647     0.997266         8812       365.71
    3082.239     0.997656         8817       426.67
    3135.487     0.998047         8819       512.00
    3198.975     0.998242         8821       568.89
    3289.087     0.998437         8823       640.00
    3299.327     0.998633         8824       731.43
    3362.815     0.998828         8826       853.33
    3379.199     0.999023         8828      1024.00
    3414.015     0.999121         8829      1137.78
    3518.463     0.999219         8830      1280.00
    3518.463     0.999316         8830      1462.86
    3647.487     0.999414         8831      1706.67
    3950.591     0.999512         8832      2048.00
    3999.743     0.999561         8833      2275.56
    3999.743     0.999609         8833      2560.00
    3999.743     0.999658         8833      2925.71
    4075.519     0.999707         8834      3413.33
    4075.519     0.999756         8834      4096.00
    4143.103     0.999780         8835      4551.11
    4143.103     0.999805         8835      5120.00
    4143.103     0.999829         8835      5851.43
    4143.103     0.999854         8835      6826.67
    4143.103     0.999878         8835      8192.00
    4218.879     0.999890         8836      9102.22
    4218.879     1.000000         8836          inf
#[Mean    =      591.797, StdDeviation   =      530.527]
#[Max     =     4214.784, Total count    =         8836]
#[Buckets =           27, SubBuckets     =         2048]
----------------------------------------------------------
  8953 requests in 15.00m, 1.84MB read
  Socket errors: connect 0, read 0, write 6, timeout 18
Requests/sec:      9.95
Transfer/sec:      2.09KB
