Running 15m test @ http://10.110.201.214:8080/wrk2-api/post/compose
  2 threads and 4 connections
  Thread calibration: mean lat.: 5.218ms, rate sampling interval: 15ms
  Thread calibration: mean lat.: 5.320ms, rate sampling interval: 17ms
  Thread Stats   Avg      Stdev     99%   +/- Stdev
    Latency     6.88s    12.35s   32.08s    77.00%
    Req/Sec    30.40     43.32   176.00     91.88%
  Latency Distribution (HdrHistogram - Recorded Latency)
 50.000%  155.90ms
 75.000%  410.37ms
 90.000%   29.66s 
 99.000%   32.08s 
 99.900%   32.90s 
 99.990%   33.18s 
 99.999%   33.24s 
100.000%   33.26s 

  Detailed Percentile spectrum:
       Value   Percentile   TotalCount 1/(1-Percentile)

       2.625     0.000000            1         1.00
      28.847     0.100000         5278         1.11
      54.879     0.200000        10552         1.25
      84.479     0.300000        15831         1.43
     117.119     0.400000        21106         1.67
     155.903     0.500000        26380         2.00
     179.711     0.550000        29027         2.22
     207.487     0.600000        31661         2.50
     242.687     0.650000        34312         2.86
     294.655     0.700000        36932         3.33
     410.367     0.750000        39570         4.00
   26460.159     0.775000        40892         4.44
   27672.575     0.800000        42227         5.00
   28360.703     0.825000        43551         5.71
   29016.063     0.850000        44879         6.67
   29409.279     0.875000        46241         8.00
   29523.967     0.887500        46830         8.89
   29655.039     0.900000        47499        10.00
   29818.879     0.912500        48190        11.43
   30031.871     0.925000        48836        13.33
   30326.783     0.937500        49492        16.00
   30457.855     0.943750        49803        17.78
   30572.543     0.950000        50146        20.00
   30719.999     0.956250        50480        22.86
   30867.455     0.962500        50783        26.67
   31047.679     0.968750        51113        32.00
   31145.983     0.971875        51287        35.56
   31260.671     0.975000        51443        40.00
   31408.127     0.978125        51623        45.71
   31588.351     0.981250        51781        53.33
   31752.191     0.984375        51940        64.00
   31866.879     0.985938        52023        71.11
   31965.183     0.987500        52105        80.00
   32047.103     0.989062        52201        91.43
   32112.639     0.990625        52266       106.67
   32194.559     0.992188        52348       128.00
   32260.095     0.992969        52392       142.22
   32342.015     0.993750        52438       160.00
   32407.551     0.994531        52474       182.86
   32489.471     0.995313        52521       213.33
   32555.007     0.996094        52554       256.00
   32604.159     0.996484        52584       284.44
   32620.543     0.996875        52601       320.00
   32653.311     0.997266        52620       365.71
   32686.079     0.997656        52638       426.67
   32751.615     0.998047        52663       512.00
   32784.383     0.998242        52671       568.89
   32800.767     0.998437        52678       640.00
   32849.919     0.998633        52693       731.43
   32882.687     0.998828        52704       853.33
   32899.071     0.999023        52709      1024.00
   32915.455     0.999121        52714      1137.78
   32948.223     0.999219        52720      1280.00
   32964.607     0.999316        52725      1462.86
   32997.375     0.999414        52730      1706.67
   33030.143     0.999512        52736      2048.00
   33046.527     0.999561        52737      2275.56
   33062.911     0.999609        52741      2560.00
   33079.295     0.999658        52744      2925.71
   33095.679     0.999707        52745      3413.33
   33128.447     0.999756        52748      4096.00
   33161.215     0.999780        52752      4551.11
   33161.215     0.999805        52752      5120.00
   33161.215     0.999829        52752      5851.43
   33177.599     0.999854        52757      6826.67
   33177.599     0.999878        52757      8192.00
   33177.599     0.999890        52757      9102.22
   33177.599     0.999902        52757     10240.00
   33177.599     0.999915        52757     11702.86
   33177.599     0.999927        52757     13653.33
   33177.599     0.999939        52757     16384.00
   33226.751     0.999945        52758     18204.44
   33226.751     0.999951        52758     20480.00
   33226.751     0.999957        52758     23405.71
   33243.135     0.999963        52759     27306.67
   33243.135     0.999969        52759     32768.00
   33243.135     0.999973        52759     36408.89
   33243.135     0.999976        52759     40960.00
   33243.135     0.999979        52759     46811.43
   33259.519     0.999982        52760     54613.33
   33259.519     1.000000        52760          inf
#[Mean    =     6876.557, StdDeviation   =    12351.331]
#[Max     =    33243.136, Total count    =        52760]
#[Buckets =           27, SubBuckets     =         2048]
----------------------------------------------------------
  53380 requests in 15.00m, 460.10MB read
  Socket errors: connect 0, read 1, write 6, timeout 0
Requests/sec:     59.31
Transfer/sec:    523.44KB
