Running 15m test @ http://10.96.59.250:8080/wrk2-api/post/compose
  2 threads and 4 connections
  Thread calibration: mean lat.: 2125.788ms, rate sampling interval: 7249ms
  Thread calibration: mean lat.: 1947.195ms, rate sampling interval: 7688ms
  Thread Stats   Avg      Stdev     99%   +/- Stdev
    Latency    47.71s    17.44s    1.35m    60.34%
    Req/Sec     4.24      1.14     6.00     92.41%
  Latency Distribution (HdrHistogram - Recorded Latency)
 50.000%   43.84s 
 75.000%    1.03m 
 90.000%    1.21m 
 99.000%    1.35m 
 99.900%    1.39m 
 99.990%    1.40m 
 99.999%    1.40m 
100.000%    1.40m 

  Detailed Percentile spectrum:
       Value   Percentile   TotalCount 1/(1-Percentile)

     227.199     0.000000            1         1.00
   28164.095     0.100000          843         1.11
   31801.343     0.200000         1681         1.25
   34766.847     0.300000         2530         1.43
   38338.559     0.400000         3359         1.67
   43843.583     0.500000         4196         2.00
   49643.519     0.550000         4620         2.22
   51970.047     0.600000         5038         2.50
   54263.807     0.650000         5464         2.86
   57933.823     0.700000         5875         3.33
   61931.519     0.750000         6294         4.00
   67764.223     0.775000         6509         4.44
   69402.623     0.800000         6722         5.00
   70320.127     0.825000         6934         5.71
   71172.095     0.850000         7145         6.67
   72089.599     0.875000         7344         8.00
   72482.815     0.887500         7457         8.89
   72876.031     0.900000         7560        10.00
   73269.247     0.912500         7658        11.43
   73727.999     0.925000         7767        13.33
   74186.751     0.937500         7872        16.00
   74514.431     0.943750         7924        17.78
   74973.183     0.950000         7978        20.00
   75431.935     0.956250         8026        22.86
   76021.759     0.962500         8082        26.67
   76677.119     0.968750         8136        32.00
   77004.799     0.971875         8159        35.56
   77594.623     0.975000         8185        40.00
   77922.303     0.978125         8212        45.71
   78512.127     0.981250         8236        53.33
   79626.239     0.984375         8261        64.00
   80084.991     0.985938         8277        71.11
   80347.135     0.987500         8288        80.00
   80609.279     0.989062         8301        91.43
   80936.959     0.990625         8316       106.67
   81264.639     0.992188         8327       128.00
   81461.247     0.992969         8337       142.22
   81526.783     0.993750         8340       160.00
   81657.855     0.994531         8348       182.86
   81723.391     0.995313         8353       213.33
   81985.535     0.996094         8364       256.00
   81985.535     0.996484         8364       284.44
   82051.071     0.996875         8366       320.00
   82247.679     0.997266         8370       365.71
   82771.967     0.997656         8373       426.67
   82968.575     0.998047         8377       512.00
   83034.111     0.998242         8378       568.89
   83099.647     0.998437         8379       640.00
   83230.719     0.998633         8381       731.43
   83361.791     0.998828         8383       853.33
   83492.863     0.999023         8386      1024.00
   83492.863     0.999121         8386      1137.78
   83492.863     0.999219         8386      1280.00
   83558.399     0.999316         8389      1462.86
   83558.399     0.999414         8389      1706.67
   83558.399     0.999512         8389      2048.00
   83558.399     0.999561         8389      2275.56
   83558.399     0.999609         8389      2560.00
   83755.007     0.999658         8390      2925.71
   83755.007     0.999707         8390      3413.33
   83755.007     0.999756         8390      4096.00
   83820.543     0.999780         8392      4551.11
   83820.543     1.000000         8392          inf
#[Mean    =    47708.583, StdDeviation   =    17438.692]
#[Max     =    83755.008, Total count    =         8392]
#[Buckets =           27, SubBuckets     =         2048]
----------------------------------------------------------
  8471 requests in 15.00m, 1.74MB read
  Socket errors: connect 0, read 0, write 5, timeout 18
Requests/sec:      9.41
Transfer/sec:      1.98KB
