Running 15m test @ http://10.96.59.250:8080/wrk2-api/post/compose
  2 threads and 4 connections
  Thread calibration: mean lat.: 4777.057ms, rate sampling interval: 15155ms
  Thread calibration: mean lat.: 3979.991ms, rate sampling interval: 13713ms
  Thread Stats   Avg      Stdev     99%   +/- Stdev
    Latency     1.31m    23.43s    1.69m    72.94%
    Req/Sec    27.00      7.35    32.00     89.34%
  Latency Distribution (HdrHistogram - Recorded Latency)
 50.000%    1.49m 
 75.000%    1.58m 
 90.000%    1.64m 
 99.000%    1.69m 
 99.900%    1.71m 
 99.990%    1.71m 
 99.999%    1.72m 
100.000%    1.72m 

  Detailed Percentile spectrum:
       Value   Percentile   TotalCount 1/(1-Percentile)

    7634.943     0.000000            1         1.00
   40271.871     0.100000         4904         1.11
   41975.807     0.200000         9846         1.25
   86376.447     0.300000        14776         1.43
   88211.455     0.400000        19797         1.67
   89391.103     0.500000        24554         2.00
   89980.927     0.550000        27028         2.22
   90701.823     0.600000        29475         2.50
   91488.255     0.650000        31868         2.86
   92864.511     0.700000        34380         3.33
   94765.055     0.750000        36740         4.00
   95813.631     0.775000        37956         4.44
   96600.063     0.800000        39177         5.00
   97320.959     0.825000        40484         5.71
   97779.711     0.850000        41734         6.67
   98238.463     0.875000        42996         8.00
   98435.071     0.887500        43498         8.89
   98697.215     0.900000        44216        10.00
   98893.823     0.912500        44755        11.43
   99155.967     0.925000        45367        13.33
   99418.111     0.937500        45943        16.00
   99549.183     0.943750        46233        17.78
   99745.791     0.950000        46652        20.00
   99876.863     0.956250        46979        22.86
   99942.399     0.962500        47146        26.67
  100139.007     0.968750        47477        32.00
  100270.079     0.971875        47628        35.56
  100401.151     0.975000        47765        40.00
  100597.759     0.978125        47963        45.71
  100728.831     0.981250        48089        53.33
  100859.903     0.984375        48224        64.00
  100925.439     0.985938        48296        71.11
  101056.511     0.987500        48395        80.00
  101122.047     0.989062        48442        91.43
  101253.119     0.990625        48528       106.67
  101449.727     0.992188        48621       128.00
  101515.263     0.992969        48648       142.22
  101580.799     0.993750        48680       160.00
  101646.335     0.994531        48709       182.86
  101777.407     0.995313        48747       213.33
  101908.479     0.996094        48804       256.00
  101908.479     0.996484        48804       284.44
  101974.015     0.996875        48825       320.00
  102039.551     0.997266        48841       365.71
  102105.087     0.997656        48858       426.67
  102170.623     0.998047        48880       512.00
  102236.159     0.998242        48898       568.89
  102236.159     0.998437        48898       640.00
  102301.695     0.998633        48915       731.43
  102301.695     0.998828        48915       853.33
  102367.231     0.999023        48924      1024.00
  102432.767     0.999121        48932      1137.78
  102498.303     0.999219        48945      1280.00
  102498.303     0.999316        48945      1462.86
  102498.303     0.999414        48945      1706.67
  102563.839     0.999512        48956      2048.00
  102563.839     0.999561        48956      2275.56
  102563.839     0.999609        48956      2560.00
  102563.839     0.999658        48956      2925.71
  102629.375     0.999707        48962      3413.33
  102629.375     0.999756        48962      4096.00
  102629.375     0.999780        48962      4551.11
  102629.375     0.999805        48962      5120.00
  102694.911     0.999829        48967      5851.43
  102694.911     0.999854        48967      6826.67
  102694.911     0.999878        48967      8192.00
  102694.911     0.999890        48967      9102.22
  102694.911     0.999902        48967     10240.00
  102694.911     0.999915        48967     11702.86
  102760.447     0.999927        48970     13653.33
  102760.447     0.999939        48970     16384.00
  102760.447     0.999945        48970     18204.44
  102760.447     0.999951        48970     20480.00
  102760.447     0.999957        48970     23405.71
  102760.447     0.999963        48970     27306.67
  102760.447     0.999969        48970     32768.00
  102760.447     0.999973        48970     36408.89
  102760.447     0.999976        48970     40960.00
  102760.447     0.999979        48970     46811.43
  102957.055     0.999982        48971     54613.33
  102957.055     1.000000        48971          inf
#[Mean    =    78583.136, StdDeviation   =    23426.774]
#[Max     =   102891.520, Total count    =        48971]
#[Buckets =           27, SubBuckets     =         2048]
----------------------------------------------------------
  49093 requests in 15.00m, 426.31MB read
  Socket errors: connect 0, read 0, write 5, timeout 0
Requests/sec:     54.55
Transfer/sec:    485.03KB
