Running 15m test @ http://10.96.59.250:8080/wrk2-api/post/compose
  2 threads and 4 connections
  Thread calibration: mean lat.: 5026.634ms, rate sampling interval: 14934ms
  Thread calibration: mean lat.: 4220.283ms, rate sampling interval: 12328ms
  Thread Stats   Avg      Stdev     99%   +/- Stdev
    Latency     1.52m     9.07s    1.74m    86.03%
    Req/Sec    13.04      4.15    17.00     89.31%
  Latency Distribution (HdrHistogram - Recorded Latency)
 50.000%    1.53m 
 75.000%    1.62m 
 90.000%    1.67m 
 99.000%    1.74m 
 99.900%    1.76m 
 99.990%    1.77m 
 99.999%    1.77m 
100.000%    1.77m 

  Detailed Percentile spectrum:
       Value   Percentile   TotalCount 1/(1-Percentile)

    8142.847     0.000000            1         1.00
   84213.759     0.100000         2416         1.11
   86114.303     0.200000         4895         1.25
   87556.095     0.300000         7253         1.43
   89194.495     0.400000         9651         1.67
   92078.079     0.500000        12073         2.00
   92995.583     0.550000        13326         2.22
   93650.943     0.600000        14437         2.50
   94699.519     0.650000        15683         2.86
   96141.311     0.700000        16880         3.33
   97452.031     0.750000        18035         4.00
   97910.783     0.775000        18664         4.44
   98303.999     0.800000        19347         5.00
   98697.215     0.825000        19914         5.71
   99155.967     0.850000        20505         6.67
   99614.719     0.875000        21039         8.00
   99876.863     0.887500        21345         8.89
  100204.543     0.900000        21674        10.00
  100466.687     0.912500        21947        11.43
  100859.903     0.925000        22268        13.33
  101318.655     0.937500        22572        16.00
  101515.263     0.943750        22723        17.78
  101777.407     0.950000        22851        20.00
  102236.159     0.956250        22998        22.86
  102760.447     0.962500        23153        26.67
  103219.199     0.968750        23298        32.00
  103481.343     0.971875        23383        35.56
  103677.951     0.975000        23462        40.00
  103874.559     0.978125        23561        45.71
  103940.095     0.981250        23595        53.33
  104136.703     0.984375        23697        64.00
  104202.239     0.985938        23719        71.11
  104333.311     0.987500        23755        80.00
  104464.383     0.989062        23794        91.43
  104660.991     0.990625        23837       106.67
  104792.063     0.992188        23868       128.00
  104857.599     0.992969        23888       142.22
  104923.135     0.993750        23911       160.00
  104988.671     0.994531        23931       182.86
  104988.671     0.995313        23931       213.33
  105119.743     0.996094        23951       256.00
  105185.279     0.996484        23965       284.44
  105250.815     0.996875        23975       320.00
  105316.351     0.997266        23989       365.71
  105316.351     0.997656        23989       426.67
  105381.887     0.998047        23997       512.00
  105447.423     0.998242        24010       568.89
  105447.423     0.998437        24010       640.00
  105512.959     0.998633        24013       731.43
  105578.495     0.998828        24020       853.33
  105578.495     0.999023        24020      1024.00
  105644.031     0.999121        24025      1137.78
  105644.031     0.999219        24025      1280.00
  105775.103     0.999316        24029      1462.86
  105775.103     0.999414        24029      1706.67
  105840.639     0.999512        24033      2048.00
  105840.639     0.999561        24033      2275.56
  105906.175     0.999609        24036      2560.00
  105906.175     0.999658        24036      2925.71
  105906.175     0.999707        24036      3413.33
  105971.711     0.999756        24040      4096.00
  105971.711     0.999780        24040      4551.11
  105971.711     0.999805        24040      5120.00
  105971.711     0.999829        24040      5851.43
  105971.711     0.999854        24040      6826.67
  106037.247     0.999878        24043      8192.00
  106037.247     1.000000        24043          inf
#[Mean    =    91349.440, StdDeviation   =     9073.345]
#[Max     =   105971.712, Total count    =        24043]
#[Buckets =           27, SubBuckets     =         2048]
----------------------------------------------------------
  24110 requests in 15.00m, 298.59MB read
  Socket errors: connect 0, read 0, write 6, timeout 0
Requests/sec:     26.79
Transfer/sec:    339.72KB
