Running 15m test @ http://10.97.215.235:8080/wrk2-api/post/compose
  2 threads and 4 connections
  Thread calibration: mean lat.: 234.359ms, rate sampling interval: 853ms
  Thread calibration: mean lat.: 3824.484ms, rate sampling interval: 10878ms
  Thread Stats   Avg      Stdev     99%   +/- Stdev
    Latency     1.16m    17.35s    1.64m    77.96%
    Req/Sec     4.17      2.49    10.00     83.10%
  Latency Distribution (HdrHistogram - Recorded Latency)
 50.000%    1.13m 
 75.000%    1.40m 
 90.000%    1.48m 
 99.000%    1.64m 
 99.900%    1.69m 
 99.990%    1.70m 
 99.999%    1.70m 
100.000%    1.70m 

  Detailed Percentile spectrum:
       Value   Percentile   TotalCount 1/(1-Percentile)

      15.103     0.000000            1         1.00
   54919.167     0.100000          818         1.11
   58359.807     0.200000         1636         1.25
   60391.423     0.300000         2463         1.43
   62521.343     0.400000         3277         1.67
   67502.079     0.500000         4085         2.00
   72679.423     0.550000         4496         2.22
   76087.295     0.600000         4903         2.50
   79298.559     0.650000         5321         2.86
   81985.535     0.700000         5732         3.33
   84213.759     0.750000         6140         4.00
   85131.263     0.775000         6336         4.44
   85786.623     0.800000         6546         5.00
   86507.519     0.825000         6753         5.71
   87293.951     0.850000         6963         6.67
   88080.383     0.875000         7161         8.00
   88473.599     0.887500         7262         8.89
   88801.279     0.900000         7352        10.00
   89456.639     0.912500         7456        11.43
   90177.535     0.925000         7567        13.33
   90832.895     0.937500         7665        16.00
   91357.183     0.943750         7715        17.78
   91815.935     0.950000         7772        20.00
   92274.687     0.956250         7813        22.86
   93126.655     0.962500         7867        26.67
   94044.159     0.968750         7916        32.00
   94830.591     0.971875         7940        35.56
   95420.415     0.975000         7965        40.00
   95944.703     0.978125         7990        45.71
   96731.135     0.981250         8017        53.33
   97517.567     0.984375         8041        64.00
   97845.247     0.985938         8057        71.11
   98041.855     0.987500         8075        80.00
   98107.391     0.989062         8080        91.43
   98435.071     0.990625         8094       106.67
   98697.215     0.992188         8107       128.00
   98762.751     0.992969         8111       142.22
   99090.431     0.993750         8117       160.00
   99352.575     0.994531         8126       182.86
   99483.647     0.995313         8130       213.33
   99614.719     0.996094         8137       256.00
   99680.255     0.996484         8140       284.44
   99811.327     0.996875         8144       320.00
  100007.935     0.997266         8146       365.71
  100204.543     0.997656         8149       426.67
  100990.975     0.998047         8153       512.00
  101122.047     0.998242         8154       568.89
  101253.119     0.998437         8156       640.00
  101318.655     0.998633         8158       731.43
  101449.727     0.998828         8160       853.33
  101515.263     0.999023         8162      1024.00
  101515.263     0.999121         8162      1137.78
  101515.263     0.999219         8162      1280.00
  101580.799     0.999316         8164      1462.86
  101580.799     0.999414         8164      1706.67
  101646.335     0.999512         8165      2048.00
  101646.335     0.999561         8165      2275.56
  101646.335     0.999609         8165      2560.00
  101711.871     0.999658         8167      2925.71
  101711.871     0.999707         8167      3413.33
  101711.871     0.999756         8167      4096.00
  101711.871     0.999780         8167      4551.11
  101711.871     0.999805         8167      5120.00
  101711.871     0.999829         8167      5851.43
  101711.871     0.999854         8167      6826.67
  102170.623     0.999878         8168      8192.00
  102170.623     1.000000         8168          inf
#[Mean    =    69498.126, StdDeviation   =    17345.244]
#[Max     =   102105.088, Total count    =         8168]
#[Buckets =           27, SubBuckets     =         2048]
----------------------------------------------------------
  8246 requests in 15.00m, 1.69MB read
  Socket errors: connect 0, read 0, write 6, timeout 19
Requests/sec:      9.16
Transfer/sec:      1.92KB
