Running 15m test @ http://10.97.215.235:8080/wrk2-api/post/compose
  2 threads and 4 connections
  Thread calibration: mean lat.: 738.019ms, rate sampling interval: 2258ms
  Thread calibration: mean lat.: 959.034ms, rate sampling interval: 2494ms
  Thread Stats   Avg      Stdev     99%   +/- Stdev
    Latency     1.28m    29.76s    1.77m    71.56%
    Req/Sec    26.97      8.10    38.00     87.07%
  Latency Distribution (HdrHistogram - Recorded Latency)
 50.000%    1.40m 
 75.000%    1.68m 
 90.000%    1.73m 
 99.000%    1.77m 
 99.900%    1.79m 
 99.990%    1.79m 
 99.999%    1.80m 
100.000%    1.80m 

  Detailed Percentile spectrum:
       Value   Percentile   TotalCount 1/(1-Percentile)

       2.991     0.000000            1         1.00
   30703.615     0.100000         4930         1.11
   32260.095     0.200000         9775         1.25
   76873.727     0.300000        14655         1.43
   81395.711     0.400000        19598         1.67
   84148.223     0.500000        24441         2.00
   95879.167     0.550000        26923         2.22
   98041.855     0.600000        29342         2.50
   99287.039     0.650000        31760         2.86
  100204.543     0.700000        34250         3.33
  100859.903     0.750000        36631         4.00
  101253.119     0.775000        37909         4.44
  101646.335     0.800000        39150         5.00
  102039.551     0.825000        40291         5.71
  102498.303     0.850000        41627         6.67
  102957.055     0.875000        42812         8.00
  103284.735     0.887500        43369         8.89
  103612.415     0.900000        44022        10.00
  103874.559     0.912500        44563        11.43
  104202.239     0.925000        45317        13.33
  104398.847     0.937500        45813        16.00
  104595.455     0.943750        46174        17.78
  104792.063     0.950000        46446        20.00
  105054.207     0.956250        46772        22.86
  105250.815     0.962500        47041        26.67
  105512.959     0.968750        47307        32.00
  105709.567     0.971875        47516        35.56
  105840.639     0.975000        47650        40.00
  105971.711     0.978125        47795        45.71
  106102.783     0.981250        48004        53.33
  106168.319     0.984375        48097        64.00
  106233.855     0.985938        48196        71.11
  106299.391     0.987500        48265        80.00
  106364.927     0.989062        48349        91.43
  106430.463     0.990625        48415       106.67
  106495.999     0.992188        48470       128.00
  106561.535     0.992969        48524       142.22
  106627.071     0.993750        48572       160.00
  106627.071     0.994531        48572       182.86
  106758.143     0.995313        48627       213.33
  106823.679     0.996094        48649       256.00
  106889.215     0.996484        48677       284.44
  106954.751     0.996875        48711       320.00
  106954.751     0.997266        48711       365.71
  107020.287     0.997656        48751       426.67
  107020.287     0.998047        48751       512.00
  107020.287     0.998242        48751       568.89
  107085.823     0.998437        48769       640.00
  107085.823     0.998633        48769       731.43
  107151.359     0.998828        48779       853.33
  107216.895     0.999023        48798      1024.00
  107216.895     0.999121        48798      1137.78
  107216.895     0.999219        48798      1280.00
  107282.431     0.999316        48807      1462.86
  107282.431     0.999414        48807      1706.67
  107347.967     0.999512        48814      2048.00
  107347.967     0.999561        48814      2275.56
  107347.967     0.999609        48814      2560.00
  107413.503     0.999658        48820      2925.71
  107413.503     0.999707        48820      3413.33
  107479.039     0.999756        48826      4096.00
  107479.039     0.999780        48826      4551.11
  107479.039     0.999805        48826      5120.00
  107479.039     0.999829        48826      5851.43
  107479.039     0.999854        48826      6826.67
  107544.575     0.999878        48828      8192.00
  107544.575     0.999890        48828      9102.22
  107675.647     0.999902        48830     10240.00
  107675.647     0.999915        48830     11702.86
  107675.647     0.999927        48830     13653.33
  107741.183     0.999939        48832     16384.00
  107741.183     0.999945        48832     18204.44
  107741.183     0.999951        48832     20480.00
  107741.183     0.999957        48832     23405.71
  107741.183     0.999963        48832     27306.67
  107741.183     0.999969        48832     32768.00
  107741.183     0.999973        48832     36408.89
  107741.183     0.999976        48832     40960.00
  107741.183     0.999979        48832     46811.43
  107806.719     0.999982        48833     54613.33
  107806.719     1.000000        48833          inf
#[Mean    =    76549.479, StdDeviation   =    29763.964]
#[Max     =   107741.184, Total count    =        48833]
#[Buckets =           27, SubBuckets     =         2048]
----------------------------------------------------------
  49176 requests in 15.00m, 418.69MB read
  Socket errors: connect 0, read 0, write 5, timeout 0
Requests/sec:     54.64
Transfer/sec:    476.35KB
