Running 15m test @ http://10.97.215.235:8080/wrk2-api/post/compose
  2 threads and 4 connections
  Thread calibration: mean lat.: 5827.899ms, rate sampling interval: 15835ms
  Thread calibration: mean lat.: 5784.951ms, rate sampling interval: 16228ms
  Thread Stats   Avg      Stdev     99%   +/- Stdev
    Latency     1.69m     8.09s    1.86m    89.08%
    Req/Sec    12.83      4.32    16.00     89.09%
  Latency Distribution (HdrHistogram - Recorded Latency)
 50.000%    1.70m 
 75.000%    1.75m 
 90.000%    1.81m 
 99.000%    1.86m 
 99.900%    1.88m 
 99.990%    1.89m 
 99.999%    1.89m 
100.000%    1.89m 

  Detailed Percentile spectrum:
       Value   Percentile   TotalCount 1/(1-Percentile)

    9183.231     0.000000            1         1.00
   95354.879     0.100000         2423         1.11
   97583.103     0.200000         4820         1.25
   99549.183     0.300000         7242         1.43
  100859.903     0.400000         9526         1.67
  102170.623     0.500000        11906         2.00
  102760.447     0.550000        13082         2.22
  103481.343     0.600000        14363         2.50
  104071.167     0.650000        15485         2.86
  104595.455     0.700000        16648         3.33
  105250.815     0.750000        17857         4.00
  105644.031     0.775000        18504         4.44
  106037.247     0.800000        19087         5.00
  106561.535     0.825000        19657         5.71
  107216.895     0.850000        20252         6.67
  107872.255     0.875000        20812         8.00
  108265.471     0.887500        21157         8.89
  108593.151     0.900000        21456        10.00
  108855.295     0.912500        21753        11.43
  109117.439     0.925000        22018        13.33
  109510.655     0.937500        22343        16.00
  109641.727     0.943750        22446        17.78
  109903.871     0.950000        22634        20.00
  110100.479     0.956250        22743        22.86
  110362.623     0.962500        22920        26.67
  110559.231     0.968750        23061        32.00
  110690.303     0.971875        23119        35.56
  110886.911     0.975000        23228        40.00
  110952.447     0.978125        23262        45.71
  111083.519     0.981250        23337        53.33
  111280.127     0.984375        23420        64.00
  111345.663     0.985938        23452        71.11
  111476.735     0.987500        23496        80.00
  111607.807     0.989062        23541        91.43
  111738.879     0.990625        23571       106.67
  111869.951     0.992188        23603       128.00
  111935.487     0.992969        23615       142.22
  112066.559     0.993750        23647       160.00
  112132.095     0.994531        23659       182.86
  112197.631     0.995313        23674       213.33
  112328.703     0.996094        23698       256.00
  112394.239     0.996484        23712       284.44
  112394.239     0.996875        23712       320.00
  112459.775     0.997266        23726       365.71
  112525.311     0.997656        23734       426.67
  112590.847     0.998047        23738       512.00
  112656.383     0.998242        23748       568.89
  112656.383     0.998437        23748       640.00
  112721.919     0.998633        23756       731.43
  112721.919     0.998828        23756       853.33
  112787.455     0.999023        23763      1024.00
  112787.455     0.999121        23763      1137.78
  112852.991     0.999219        23768      1280.00
  112852.991     0.999316        23768      1462.86
  112918.527     0.999414        23773      1706.67
  112918.527     0.999512        23773      2048.00
  112918.527     0.999561        23773      2275.56
  112918.527     0.999609        23773      2560.00
  112984.063     0.999658        23774      2925.71
  113115.135     0.999707        23777      3413.33
  113115.135     0.999756        23777      4096.00
  113115.135     0.999780        23777      4551.11
  113180.671     0.999805        23778      5120.00
  113180.671     0.999829        23778      5851.43
  113311.743     0.999854        23780      6826.67
  113311.743     0.999878        23780      8192.00
  113311.743     0.999890        23780      9102.22
  113311.743     0.999902        23780     10240.00
  113311.743     0.999915        23780     11702.86
  113377.279     0.999927        23782     13653.33
  113377.279     1.000000        23782          inf
#[Mean    =   101393.618, StdDeviation   =     8094.232]
#[Max     =   113311.744, Total count    =        23782]
#[Buckets =           27, SubBuckets     =         2048]
----------------------------------------------------------
  23811 requests in 15.00m, 294.09MB read
  Socket errors: connect 0, read 0, write 4, timeout 0
Requests/sec:     26.45
Transfer/sec:    334.57KB
