Running 15m test @ http://10.101.5.26:8080/wrk2-api/post/compose
  2 threads and 4 connections
  Thread calibration: mean lat.: 18.402ms, rate sampling interval: 45ms
  Thread calibration: mean lat.: 18.364ms, rate sampling interval: 43ms
  Thread Stats   Avg      Stdev     99%   +/- Stdev
    Latency   497.49ms  482.59ms   2.27s    84.18%
    Req/Sec     4.93     10.52    45.00     80.27%
  Latency Distribution (HdrHistogram - Recorded Latency)
 50.000%  355.33ms
 75.000%  710.14ms
 90.000%    1.13s 
 99.000%    2.27s 
 99.900%    3.05s 
 99.990%    4.00s 
 99.999%    4.20s 
100.000%    4.20s 

  Detailed Percentile spectrum:
       Value   Percentile   TotalCount 1/(1-Percentile)

      10.671     0.000000            1         1.00
      45.375     0.100000          884         1.11
     110.335     0.200000         1769         1.25
     180.863     0.300000         2652         1.43
     260.095     0.400000         3539         1.67
     355.327     0.500000         4422         2.00
     407.295     0.550000         4863         2.22
     471.039     0.600000         5304         2.50
     535.551     0.650000         5750         2.86
     614.399     0.700000         6186         3.33
     710.143     0.750000         6628         4.00
     758.271     0.775000         6851         4.44
     812.031     0.800000         7072         5.00
     876.031     0.825000         7291         5.71
     938.495     0.850000         7512         6.67
    1017.343     0.875000         7735         8.00
    1071.103     0.887500         7843         8.89
    1134.591     0.900000         7955        10.00
    1198.079     0.912500         8065        11.43
    1253.375     0.925000         8176        13.33
    1343.487     0.937500         8286        16.00
    1391.615     0.943750         8340        17.78
    1441.791     0.950000         8399        20.00
    1499.135     0.956250         8451        22.86
    1574.911     0.962500         8506        26.67
    1669.119     0.968750         8561        32.00
    1711.103     0.971875         8589        35.56
    1774.591     0.975000         8617        40.00
    1820.671     0.978125         8644        45.71
    1893.375     0.981250         8672        53.33
    1991.679     0.984375         8699        64.00
    2058.239     0.985938         8713        71.11
    2168.831     0.987500         8728        80.00
    2230.271     0.989062         8741        91.43
    2312.191     0.990625         8755       106.67
    2385.919     0.992188         8768       128.00
    2441.215     0.992969         8775       142.22
    2478.079     0.993750         8782       160.00
    2574.335     0.994531         8790       182.86
    2611.199     0.995313         8796       213.33
    2686.975     0.996094         8803       256.00
    2736.127     0.996484         8807       284.44
    2777.087     0.996875         8810       320.00
    2805.759     0.997266         8813       365.71
    2830.335     0.997656         8817       426.67
    2867.199     0.998047         8820       512.00
    2918.399     0.998242         8822       568.89
    2971.647     0.998437         8824       640.00
    2973.695     0.998633         8825       731.43
    3037.183     0.998828         8827       853.33
    3143.679     0.999023         8829      1024.00
    3323.903     0.999121         8830      1137.78
    3377.151     0.999219         8831      1280.00
    3377.151     0.999316         8831      1462.86
    3422.207     0.999414         8832      1706.67
    3446.783     0.999512         8833      2048.00
    3647.487     0.999561         8834      2275.56
    3647.487     0.999609         8834      2560.00
    3647.487     0.999658         8834      2925.71
    3784.703     0.999707         8835      3413.33
    3784.703     0.999756         8835      4096.00
    4003.839     0.999780         8836      4551.11
    4003.839     0.999805         8836      5120.00
    4003.839     0.999829         8836      5851.43
    4003.839     0.999854         8836      6826.67
    4003.839     0.999878         8836      8192.00
    4198.399     0.999890         8837      9102.22
    4198.399     1.000000         8837          inf
#[Mean    =      497.486, StdDeviation   =      482.588]
#[Max     =     4194.304, Total count    =         8837]
#[Buckets =           27, SubBuckets     =         2048]
----------------------------------------------------------
  8954 requests in 15.00m, 1.84MB read
  Socket errors: connect 0, read 0, write 5, timeout 19
Requests/sec:      9.95
Transfer/sec:      2.09KB
