Running 15m test @ http://10.101.5.26:8080/wrk2-api/post/compose
  2 threads and 4 connections
  Thread calibration: mean lat.: 24.968ms, rate sampling interval: 74ms
  Thread calibration: mean lat.: 30.528ms, rate sampling interval: 92ms
  Thread Stats   Avg      Stdev     99%   +/- Stdev
    Latency   321.34ms  267.72ms   1.14s    72.66%
    Req/Sec    14.56     13.39    54.00     58.10%
  Latency Distribution (HdrHistogram - Recorded Latency)
 50.000%  253.70ms
 75.000%  469.25ms
 90.000%  694.78ms
 99.000%    1.14s 
 99.900%    1.68s 
 99.990%    1.96s 
 99.999%    2.11s 
100.000%    2.11s 

  Detailed Percentile spectrum:
       Value   Percentile   TotalCount 1/(1-Percentile)

       5.867     0.000000            1         1.00
      49.215     0.100000         2653         1.11
      82.815     0.200000         5304         1.25
     129.215     0.300000         7957         1.43
     186.495     0.400000        10611         1.67
     253.695     0.500000        13262         2.00
     289.279     0.550000        14586         2.22
     327.679     0.600000        15915         2.50
     372.479     0.650000        17238         2.86
     418.815     0.700000        18568         3.33
     469.247     0.750000        19892         4.00
     496.639     0.775000        20558         4.44
     527.359     0.800000        21222         5.00
     561.151     0.825000        21882         5.71
     596.479     0.850000        22543         6.67
     642.559     0.875000        23209         8.00
     669.183     0.887500        23539         8.89
     694.783     0.900000        23871        10.00
     722.431     0.912500        24206        11.43
     753.663     0.925000        24532        13.33
     792.063     0.937500        24864        16.00
     813.567     0.943750        25029        17.78
     837.119     0.950000        25196        20.00
     865.279     0.956250        25359        22.86
     895.999     0.962500        25525        26.67
     934.911     0.968750        25694        32.00
     956.415     0.971875        25774        35.56
     984.063     0.975000        25858        40.00
    1008.639     0.978125        25939        45.71
    1039.871     0.981250        26024        53.33
    1071.103     0.984375        26106        64.00
    1086.463     0.985938        26149        71.11
    1107.967     0.987500        26192        80.00
    1128.447     0.989062        26233        91.43
    1146.879     0.990625        26272       106.67
    1180.671     0.992188        26312       128.00
    1212.415     0.992969        26333       142.22
    1236.991     0.993750        26354       160.00
    1259.519     0.994531        26375       182.86
    1296.383     0.995313        26395       213.33
    1360.895     0.996094        26416       256.00
    1387.519     0.996484        26426       284.44
    1412.095     0.996875        26437       320.00
    1445.887     0.997266        26447       365.71
    1482.751     0.997656        26457       426.67
    1549.311     0.998047        26468       512.00
    1586.175     0.998242        26473       568.89
    1614.847     0.998437        26478       640.00
    1627.135     0.998633        26483       731.43
    1640.447     0.998828        26488       853.33
    1690.623     0.999023        26494      1024.00
    1720.319     0.999121        26496      1137.78
    1750.015     0.999219        26499      1280.00
    1782.783     0.999316        26501      1462.86
    1817.599     0.999414        26504      1706.67
    1836.031     0.999512        26507      2048.00
    1839.103     0.999561        26508      2275.56
    1845.247     0.999609        26509      2560.00
    1850.367     0.999658        26510      2925.71
    1910.783     0.999707        26512      3413.33
    1924.095     0.999756        26513      4096.00
    1942.527     0.999780        26514      4551.11
    1942.527     0.999805        26514      5120.00
    1950.719     0.999829        26515      5851.43
    1960.959     0.999854        26516      6826.67
    1960.959     0.999878        26516      8192.00
    1982.463     0.999890        26517      9102.22
    1982.463     0.999902        26517     10240.00
    1982.463     0.999915        26517     11702.86
    2069.503     0.999927        26518     13653.33
    2069.503     0.999939        26518     16384.00
    2069.503     0.999945        26518     18204.44
    2069.503     0.999951        26518     20480.00
    2069.503     0.999957        26518     23405.71
    2107.391     0.999963        26519     27306.67
    2107.391     1.000000        26519          inf
#[Mean    =      321.340, StdDeviation   =      267.723]
#[Max     =     2105.344, Total count    =        26519]
#[Buckets =           27, SubBuckets     =         2048]
----------------------------------------------------------
  26846 requests in 15.00m, 350.68MB read
  Socket errors: connect 0, read 3, write 6, timeout 0
Requests/sec:     29.83
Transfer/sec:    398.98KB
