Running 15m test @ http://10.99.143.118:8080/wrk2-api/post/compose
  2 threads and 4 connections
  Thread calibration: mean lat.: 4758.906ms, rate sampling interval: 13402ms
  Thread calibration: mean lat.: 1650.320ms, rate sampling interval: 5271ms
  Thread Stats   Avg      Stdev     99%   +/- Stdev
    Latency    50.64s    21.56s    1.51m    65.70%
    Req/Sec     2.58      1.38     5.00     83.33%
  Latency Distribution (HdrHistogram - Recorded Latency)
 50.000%   43.78s 
 75.000%    1.27m 
 90.000%    1.37m 
 99.000%    1.51m 
 99.900%    1.54m 
 99.990%    1.56m 
 99.999%    1.56m 
100.000%    1.56m 

  Detailed Percentile spectrum:
       Value   Percentile   TotalCount 1/(1-Percentile)

      98.751     0.000000            1         1.00
   31735.807     0.100000          646         1.11
   34373.631     0.200000         1293         1.25
   36896.767     0.300000         1939         1.43
   40304.639     0.400000         2580         1.67
   43778.047     0.500000         3225         2.00
   45744.127     0.550000         3556         2.22
   47185.919     0.600000         3872         2.50
   49086.463     0.650000         4194         2.86
   58916.863     0.700000         4516         3.33
   76021.759     0.750000         4837         4.00
   77660.159     0.775000         5007         4.44
   78643.199     0.800000         5162         5.00
   79495.167     0.825000         5331         5.71
   80216.063     0.850000         5482         6.67
   81002.495     0.875000         5647         8.00
   81592.319     0.887500         5733         8.89
   82247.679     0.900000         5813        10.00
   82771.967     0.912500         5885        11.43
   83492.863     0.925000         5967        13.33
   84279.295     0.937500         6050        16.00
   84672.511     0.943750         6090        17.78
   85262.335     0.950000         6131        20.00
   85852.159     0.956250         6172        22.86
   86638.591     0.962500         6208        26.67
   87818.239     0.968750         6248        32.00
   88080.383     0.971875         6268        35.56
   88276.991     0.975000         6292        40.00
   88539.135     0.978125         6311        45.71
   88801.279     0.981250         6329        53.33
   89325.567     0.984375         6354        64.00
   89522.175     0.985938         6362        71.11
   89718.783     0.987500         6370        80.00
   90177.535     0.989062         6380        91.43
   90505.215     0.990625         6389       106.67
   91029.503     0.992188         6401       128.00
   91226.111     0.992969         6407       142.22
   91291.647     0.993750         6411       160.00
   91357.183     0.994531         6415       182.86
   91488.255     0.995313         6419       213.33
   91684.863     0.996094         6424       256.00
   91815.935     0.996484         6427       284.44
   91947.007     0.996875         6429       320.00
   92012.543     0.997266         6432       365.71
   92078.079     0.997656         6436       426.67
   92143.615     0.998047         6437       512.00
   92209.151     0.998242         6438       568.89
   92405.759     0.998437         6439       640.00
   92471.295     0.998633         6442       731.43
   92471.295     0.998828         6442       853.33
   92602.367     0.999023         6443      1024.00
   92733.439     0.999121         6444      1137.78
   92733.439     0.999219         6444      1280.00
   92798.975     0.999316         6446      1462.86
   92798.975     0.999414         6446      1706.67
   92798.975     0.999512         6446      2048.00
   92930.047     0.999561         6447      2275.56
   92930.047     0.999609         6447      2560.00
   92930.047     0.999658         6447      2925.71
   93388.799     0.999707         6448      3413.33
   93388.799     0.999756         6448      4096.00
   93388.799     0.999780         6448      4551.11
   93388.799     0.999805         6448      5120.00
   93388.799     0.999829         6448      5851.43
   93454.335     0.999854         6449      6826.67
   93454.335     1.000000         6449          inf
#[Mean    =    50639.457, StdDeviation   =    21561.346]
#[Max     =    93388.800, Total count    =         6449]
#[Buckets =           27, SubBuckets     =         2048]
----------------------------------------------------------
  6511 requests in 15.00m, 1.34MB read
  Socket errors: connect 0, read 0, write 4, timeout 398
Requests/sec:      7.23
Transfer/sec:      1.52KB
