Running 15m test @ http://10.99.143.118:8080/wrk2-api/post/compose
  2 threads and 4 connections
  Thread calibration: mean lat.: 4398.501ms, rate sampling interval: 13434ms
  Thread calibration: mean lat.: 3796.429ms, rate sampling interval: 12615ms
  Thread Stats   Avg      Stdev     99%   +/- Stdev
    Latency     1.44m    25.53s    1.89m    70.12%
    Req/Sec    26.71      7.87    33.00     88.97%
  Latency Distribution (HdrHistogram - Recorded Latency)
 50.000%    1.55m 
 75.000%    1.78m 
 90.000%    1.82m 
 99.000%    1.89m 
 99.900%    1.91m 
 99.990%    1.92m 
 99.999%    1.92m 
100.000%    1.92m 

  Detailed Percentile spectrum:
       Value   Percentile   TotalCount 1/(1-Percentile)

    7073.791     0.000000            1         1.00
   46956.543     0.100000         4896         1.11
   48693.247     0.200000         9740         1.25
   85000.191     0.300000        14543         1.43
   89456.639     0.400000        19448         1.67
   92930.047     0.500000        24280         2.00
  103546.879     0.550000        26692         2.22
  105054.207     0.600000        29189         2.50
  105775.103     0.650000        31556         2.86
  106495.999     0.700000        34196         3.33
  106954.751     0.750000        36397         4.00
  107282.431     0.775000        37831         4.44
  107610.111     0.800000        38946         5.00
  108003.327     0.825000        40087         5.71
  108462.079     0.850000        41228         6.67
  108920.831     0.875000        42420         8.00
  109182.975     0.887500        43087         8.89
  109445.119     0.900000        43639        10.00
  109707.263     0.912500        44237        11.43
  110034.943     0.925000        44897        13.33
  110362.623     0.937500        45453        16.00
  110559.231     0.943750        45771        17.78
  110755.839     0.950000        46124        20.00
  110886.911     0.956250        46351        22.86
  111214.591     0.962500        46688        26.67
  111542.271     0.968750        46991        32.00
  111673.343     0.971875        47119        35.56
  111869.951     0.975000        47284        40.00
  112066.559     0.978125        47416        45.71
  112525.311     0.981250        47569        53.33
  112852.991     0.984375        47707        64.00
  112984.063     0.985938        47779        71.11
  113115.135     0.987500        47861        80.00
  113246.207     0.989062        47965        91.43
  113311.743     0.990625        48019       106.67
  113442.815     0.992188        48105       128.00
  113508.351     0.992969        48125       142.22
  113639.423     0.993750        48188       160.00
  113704.959     0.994531        48214       182.86
  113770.495     0.995313        48242       213.33
  113901.567     0.996094        48282       256.00
  113967.103     0.996484        48307       284.44
  114032.639     0.996875        48337       320.00
  114032.639     0.997266        48337       365.71
  114098.175     0.997656        48368       426.67
  114098.175     0.998047        48368       512.00
  114163.711     0.998242        48376       568.89
  114229.247     0.998437        48388       640.00
  114294.783     0.998633        48398       731.43
  114360.319     0.998828        48415       853.33
  114360.319     0.999023        48415      1024.00
  114425.855     0.999121        48424      1137.78
  114425.855     0.999219        48424      1280.00
  114491.391     0.999316        48431      1462.86
  114556.927     0.999414        48435      1706.67
  114622.463     0.999512        48439      2048.00
  114622.463     0.999561        48439      2275.56
  114687.999     0.999609        48442      2560.00
  114753.535     0.999658        48450      2925.71
  114753.535     0.999707        48450      3413.33
  114753.535     0.999756        48450      4096.00
  114753.535     0.999780        48450      4551.11
  114819.071     0.999805        48452      5120.00
  114819.071     0.999829        48452      5851.43
  114884.607     0.999854        48453      6826.67
  114950.143     0.999878        48455      8192.00
  114950.143     0.999890        48455      9102.22
  115015.679     0.999902        48458     10240.00
  115015.679     0.999915        48458     11702.86
  115015.679     0.999927        48458     13653.33
  115015.679     0.999939        48458     16384.00
  115015.679     0.999945        48458     18204.44
  115015.679     0.999951        48458     20480.00
  115015.679     0.999957        48458     23405.71
  115146.751     0.999963        48459     27306.67
  115146.751     0.999969        48459     32768.00
  115146.751     0.999973        48459     36408.89
  115146.751     0.999976        48459     40960.00
  115146.751     0.999979        48459     46811.43
  115408.895     0.999982        48460     54613.33
  115408.895     1.000000        48460          inf
#[Mean    =    86249.093, StdDeviation   =    25525.398]
#[Max     =   115343.360, Total count    =        48460]
#[Buckets =           27, SubBuckets     =         2048]
----------------------------------------------------------
  48614 requests in 15.00m, 396.32MB read
  Socket errors: connect 0, read 0, write 6, timeout 0
Requests/sec:     54.01
Transfer/sec:    450.89KB
