Running 15m test @ http://10.99.143.118:8080/wrk2-api/post/compose
  2 threads and 4 connections
  Thread calibration: mean lat.: 4163.110ms, rate sampling interval: 13631ms
  Thread calibration: mean lat.: 4907.765ms, rate sampling interval: 16072ms
  Thread Stats   Avg      Stdev     99%   +/- Stdev
    Latency     1.59m    11.21s    1.82m    85.39%
    Req/Sec    12.98      4.08    17.00     88.33%
  Latency Distribution (HdrHistogram - Recorded Latency)
 50.000%    1.64m 
 75.000%    1.70m 
 90.000%    1.75m 
 99.000%    1.82m 
 99.900%    1.85m 
 99.990%    1.86m 
 99.999%    1.86m 
100.000%    1.86m 

  Detailed Percentile spectrum:
       Value   Percentile   TotalCount 1/(1-Percentile)

    7696.383     0.000000            1         1.00
   84606.975     0.100000         2426         1.11
   87883.775     0.200000         4802         1.25
   93257.727     0.300000         7193         1.43
   96010.239     0.400000         9577         1.67
   98238.463     0.500000        11969         2.00
   99221.503     0.550000        13262         2.22
   99942.399     0.600000        14397         2.50
  100794.367     0.650000        15608         2.86
  101646.335     0.700000        16792         3.33
  102236.159     0.750000        18008         4.00
  102563.839     0.775000        18565         4.44
  102957.055     0.800000        19180         5.00
  103350.271     0.825000        19850         5.71
  103677.951     0.850000        20323         6.67
  104333.311     0.875000        20945         8.00
  104726.527     0.887500        21227         8.89
  105185.279     0.900000        21538        10.00
  105578.495     0.912500        21848        11.43
  105971.711     0.925000        22135        13.33
  106495.999     0.937500        22455        16.00
  106692.607     0.943750        22590        17.78
  106889.215     0.950000        22743        20.00
  107085.823     0.956250        22867        22.86
  107413.503     0.962500        23028        26.67
  107741.183     0.968750        23175        32.00
  107872.255     0.971875        23253        35.56
  108068.863     0.975000        23323        40.00
  108396.543     0.978125        23391        45.71
  108658.687     0.981250        23483        53.33
  108855.295     0.984375        23552        64.00
  108920.831     0.985938        23577        71.11
  109117.439     0.987500        23613        80.00
  109314.047     0.989062        23658        91.43
  109510.655     0.990625        23687       106.67
  109707.263     0.992188        23734       128.00
  109772.799     0.992969        23747       142.22
  109903.871     0.993750        23762       160.00
  110100.479     0.994531        23779       182.86
  110231.551     0.995313        23803       213.33
  110297.087     0.996094        23816       256.00
  110362.623     0.996484        23832       284.44
  110428.159     0.996875        23842       320.00
  110493.695     0.997266        23848       365.71
  110559.231     0.997656        23856       426.67
  110624.767     0.998047        23866       512.00
  110690.303     0.998242        23875       568.89
  110690.303     0.998437        23875       640.00
  110755.839     0.998633        23878       731.43
  110821.375     0.998828        23881       853.33
  110952.447     0.999023        23886      1024.00
  111083.519     0.999121        23890      1137.78
  111214.591     0.999219        23894      1280.00
  111214.591     0.999316        23894      1462.86
  111280.127     0.999414        23896      1706.67
  111345.663     0.999512        23899      2048.00
  111345.663     0.999561        23899      2275.56
  111411.199     0.999609        23900      2560.00
  111476.735     0.999658        23902      2925.71
  111476.735     0.999707        23902      3413.33
  111542.271     0.999756        23905      4096.00
  111542.271     0.999780        23905      4551.11
  111542.271     0.999805        23905      5120.00
  111542.271     0.999829        23905      5851.43
  111607.807     0.999854        23907      6826.67
  111607.807     0.999878        23907      8192.00
  111607.807     0.999890        23907      9102.22
  111607.807     0.999902        23907     10240.00
  111607.807     0.999915        23907     11702.86
  111673.343     0.999927        23909     13653.33
  111673.343     1.000000        23909          inf
#[Mean    =    95634.309, StdDeviation   =    11213.131]
#[Max     =   111607.808, Total count    =        23909]
#[Buckets =           27, SubBuckets     =         2048]
----------------------------------------------------------
  23968 requests in 15.00m, 296.61MB read
  Socket errors: connect 0, read 0, write 5, timeout 0
Requests/sec:     26.63
Transfer/sec:    337.46KB
