Running 15m test @ http://10.105.159.158:8080/wrk2-api/post/compose
  2 threads and 4 connections
  Thread calibration: mean lat.: 2141.856ms, rate sampling interval: 12435ms
  Thread calibration: mean lat.: 1919.994ms, rate sampling interval: 9306ms
  Thread Stats   Avg      Stdev     99%   +/- Stdev
    Latency    31.32s    10.17s   48.50s    78.42%
    Req/Sec     2.97      1.39     5.00     96.99%
  Latency Distribution (HdrHistogram - Recorded Latency)
 50.000%   32.31s 
 75.000%   38.67s 
 90.000%   42.40s 
 99.000%   48.50s 
 99.900%    0.85m 
 99.990%    0.86m 
 99.999%    0.86m 
100.000%    0.86m 

  Detailed Percentile spectrum:
       Value   Percentile   TotalCount 1/(1-Percentile)

      13.871     0.000000            1         1.00
   22446.079     0.100000          643         1.11
   25411.583     0.200000         1283         1.25
   27475.967     0.300000         1924         1.43
   30064.639     0.400000         2570         1.67
   32309.247     0.500000         3206         2.00
   33226.751     0.550000         3533         2.22
   34406.399     0.600000         3848         2.50
   35782.655     0.650000         4175         2.86
   37322.751     0.700000         4496         3.33
   38666.239     0.750000         4810         4.00
   39288.831     0.775000         4974         4.44
   39813.119     0.800000         5134         5.00
   40599.551     0.825000         5292         5.71
   41254.911     0.850000         5453         6.67
   41910.271     0.875000         5617         8.00
   42139.647     0.887500         5700         8.89
   42401.791     0.900000         5771        10.00
   42762.239     0.912500         5856        11.43
   43188.223     0.925000         5935        13.33
   43614.207     0.937500         6014        16.00
   43810.815     0.943750         6056        17.78
   44138.495     0.950000         6095        20.00
   44400.639     0.956250         6139        22.86
   44662.783     0.962500         6174        26.67
   45055.999     0.968750         6218        32.00
   45219.839     0.971875         6234        35.56
   45514.751     0.975000         6252        40.00
   45711.359     0.978125         6273        45.71
   46039.039     0.981250         6294        53.33
   46497.791     0.984375         6313        64.00
   46891.007     0.985938         6324        71.11
   47349.759     0.987500         6332        80.00
   48103.423     0.989062         6342        91.43
   48594.943     0.990625         6352       106.67
   49020.927     0.992188         6362       128.00
   49151.999     0.992969         6367       142.22
   49250.303     0.993750         6372       160.00
   49479.679     0.994531         6377       182.86
   49807.359     0.995313         6382       213.33
   50102.271     0.996094         6387       256.00
   50364.415     0.996484         6390       284.44
   50593.791     0.996875         6392       320.00
   50692.095     0.997266         6395       365.71
   50757.631     0.997656         6397       426.67
   50823.167     0.998047         6400       512.00
   50888.703     0.998242         6401       568.89
   50921.471     0.998437         6402       640.00
   51019.775     0.998633         6404       731.43
   51150.847     0.998828         6406       853.33
   51150.847     0.999023         6406      1024.00
   51183.615     0.999121         6407      1137.78
   51183.615     0.999219         6407      1280.00
   51216.383     0.999316         6408      1462.86
   51314.687     0.999414         6409      1706.67
   51314.687     0.999512         6409      2048.00
   51347.455     0.999561         6410      2275.56
   51347.455     0.999609         6410      2560.00
   51347.455     0.999658         6410      2925.71
   51544.063     0.999707         6411      3413.33
   51544.063     0.999756         6411      4096.00
   51544.063     0.999780         6411      4551.11
   51544.063     0.999805         6411      5120.00
   51544.063     0.999829         6411      5851.43
   51642.367     0.999854         6412      6826.67
   51642.367     1.000000         6412          inf
#[Mean    =    31316.937, StdDeviation   =    10168.410]
#[Max     =    51609.600, Total count    =         6412]
#[Buckets =           27, SubBuckets     =         2048]
----------------------------------------------------------
  6483 requests in 15.00m, 1.33MB read
  Socket errors: connect 0, read 0, write 3, timeout 432
Requests/sec:      7.20
Transfer/sec:      1.51KB
