Running 15m test @ http://10.105.159.158:8080/wrk2-api/post/compose
  2 threads and 4 connections
  Thread calibration: mean lat.: 4368.472ms, rate sampling interval: 14884ms
  Thread calibration: mean lat.: 3791.539ms, rate sampling interval: 13180ms
  Thread Stats   Avg      Stdev     99%   +/- Stdev
    Latency     1.13m    25.70s    1.79m    63.37%
    Req/Sec    27.39      7.07    33.00     92.06%
  Latency Distribution (HdrHistogram - Recorded Latency)
 50.000%   49.12s 
 75.000%    1.48m 
 90.000%    1.72m 
 99.000%    1.79m 
 99.900%    1.80m 
 99.990%    1.81m 
 99.999%    1.81m 
100.000%    1.81m 

  Detailed Percentile spectrum:
       Value   Percentile   TotalCount 1/(1-Percentile)

    7278.591     0.000000            1         1.00
   41811.967     0.100000         5061         1.11
   43417.599     0.200000         9936         1.25
   44990.463     0.300000        14940         1.43
   46465.023     0.400000        19923         1.67
   49119.231     0.500000        24816         2.00
   82706.431     0.550000        27280         2.22
   84148.223     0.600000        29803         2.50
   85721.087     0.650000        32305         2.86
   86900.735     0.700000        34707         3.33
   88735.743     0.750000        37238         4.00
   95879.167     0.775000        38427         4.44
   98172.927     0.800000        39673         5.00
  100663.295     0.825000        40952         5.71
  101515.263     0.850000        42182         6.67
  102563.839     0.875000        43429         8.00
  103022.591     0.887500        44083         8.89
  103415.807     0.900000        44691        10.00
  103743.487     0.912500        45255        11.43
  104136.703     0.925000        45923        13.33
  104529.919     0.937500        46482        16.00
  104792.063     0.943750        46855        17.78
  105054.207     0.950000        47131        20.00
  105512.959     0.956250        47437        22.86
  105971.711     0.962500        47744        26.67
  106364.927     0.968750        48046        32.00
  106561.535     0.971875        48248        35.56
  106692.607     0.975000        48411        40.00
  106823.679     0.978125        48546        45.71
  106954.751     0.981250        48704        53.33
  107085.823     0.984375        48854        64.00
  107151.359     0.985938        48933        71.11
  107216.895     0.987500        49011        80.00
  107282.431     0.989062        49077        91.43
  107347.967     0.990625        49147       106.67
  107413.503     0.992188        49202       128.00
  107479.039     0.992969        49257       142.22
  107544.575     0.993750        49301       160.00
  107610.111     0.994531        49354       182.86
  107610.111     0.995313        49354       213.33
  107675.647     0.996094        49394       256.00
  107741.183     0.996484        49418       284.44
  107806.719     0.996875        49437       320.00
  107872.255     0.997266        49455       365.71
  107937.791     0.997656        49474       426.67
  108003.327     0.998047        49484       512.00
  108068.863     0.998242        49496       568.89
  108068.863     0.998437        49496       640.00
  108134.399     0.998633        49509       731.43
  108199.935     0.998828        49517       853.33
  108265.471     0.999023        49525      1024.00
  108331.007     0.999121        49534      1137.78
  108396.543     0.999219        49541      1280.00
  108396.543     0.999316        49541      1462.86
  108462.079     0.999414        49551      1706.67
  108462.079     0.999512        49551      2048.00
  108527.615     0.999561        49554      2275.56
  108527.615     0.999609        49554      2560.00
  108593.151     0.999658        49559      2925.71
  108593.151     0.999707        49559      3413.33
  108658.687     0.999756        49567      4096.00
  108658.687     0.999780        49567      4551.11
  108658.687     0.999805        49567      5120.00
  108658.687     0.999829        49567      5851.43
  108658.687     0.999854        49567      6826.67
  108658.687     0.999878        49567      8192.00
  108724.223     0.999890        49573      9102.22
  108724.223     1.000000        49573          inf
#[Mean    =    67860.538, StdDeviation   =    25696.235]
#[Max     =   108658.688, Total count    =        49573]
#[Buckets =           27, SubBuckets     =         2048]
----------------------------------------------------------
  49723 requests in 15.00m, 403.03MB read
  Socket errors: connect 0, read 0, write 5, timeout 0
Requests/sec:     55.25
Transfer/sec:    458.55KB
