Running 15m test @ http://10.105.159.158:8080/wrk2-api/post/compose
  2 threads and 4 connections
  Thread calibration: mean lat.: 5121.152ms, rate sampling interval: 16220ms
  Thread calibration: mean lat.: 4250.193ms, rate sampling interval: 12894ms
  Thread Stats   Avg      Stdev     99%   +/- Stdev
    Latency     1.33m    21.55s    1.71m    70.53%
    Req/Sec    13.20      3.58    17.00     88.62%
  Latency Distribution (HdrHistogram - Recorded Latency)
 50.000%    1.50m 
 75.000%    1.57m 
 90.000%    1.63m 
 99.000%    1.71m 
 99.900%    1.77m 
 99.990%    1.78m 
 99.999%    1.78m 
100.000%    1.78m 

  Detailed Percentile spectrum:
       Value   Percentile   TotalCount 1/(1-Percentile)

    7708.671     0.000000            1         1.00
   45219.839     0.100000         2470         1.11
   47448.063     0.200000         4892         1.25
   84869.119     0.300000         7319         1.43
   87818.239     0.400000         9801         1.67
   89915.391     0.500000        12244         2.00
   90701.823     0.550000        13417         2.22
   91553.791     0.600000        14679         2.50
   92602.367     0.650000        15883         2.86
   93454.335     0.700000        17123         3.33
   94437.375     0.750000        18350         4.00
   94896.127     0.775000        18902         4.44
   95485.951     0.800000        19505         5.00
   96075.775     0.825000        20158         5.71
   96665.599     0.850000        20768         6.67
   97255.423     0.875000        21361         8.00
   97714.175     0.887500        21672         8.89
   98041.855     0.900000        22013        10.00
   98303.999     0.912500        22250        11.43
   98631.679     0.925000        22553        13.33
   99090.431     0.937500        22877        16.00
   99352.575     0.943750        23008        17.78
   99680.255     0.950000        23173        20.00
   99942.399     0.956250        23322        22.86
  100270.079     0.962500        23489        26.67
  100597.759     0.968750        23630        32.00
  100859.903     0.971875        23720        35.56
  100990.975     0.975000        23770        40.00
  101187.583     0.978125        23865        45.71
  101318.655     0.981250        23925        53.33
  101711.871     0.984375        24003        64.00
  101842.943     0.985938        24036        71.11
  102170.623     0.987500        24075        80.00
  102694.911     0.989062        24115        91.43
  103219.199     0.990625        24151       106.67
  104529.919     0.992188        24190       128.00
  104726.527     0.992969        24209       142.22
  104857.599     0.993750        24226       160.00
  104988.671     0.994531        24244       182.86
  105185.279     0.995313        24264       213.33
  105381.887     0.996094        24288       256.00
  105447.423     0.996484        24300       284.44
  105512.959     0.996875        24311       320.00
  105512.959     0.997266        24311       365.71
  105644.031     0.997656        24322       426.67
  105775.103     0.998047        24331       512.00
  105906.175     0.998242        24335       568.89
  105971.711     0.998437        24344       640.00
  105971.711     0.998633        24344       731.43
  106102.783     0.998828        24350       853.33
  106233.855     0.999023        24355      1024.00
  106299.391     0.999121        24358      1137.78
  106299.391     0.999219        24358      1280.00
  106495.999     0.999316        24363      1462.86
  106495.999     0.999414        24363      1706.67
  106692.607     0.999512        24369      2048.00
  106692.607     0.999561        24369      2275.56
  106692.607     0.999609        24369      2560.00
  106692.607     0.999658        24369      2925.71
  106823.679     0.999707        24371      3413.33
  106889.215     0.999756        24372      4096.00
  106889.215     0.999780        24372      4551.11
  106954.751     0.999805        24376      5120.00
  106954.751     0.999829        24376      5851.43
  106954.751     0.999854        24376      6826.67
  106954.751     0.999878        24376      8192.00
  106954.751     0.999890        24376      9102.22
  106954.751     0.999902        24376     10240.00
  106954.751     0.999915        24376     11702.86
  106954.751     0.999927        24376     13653.33
  106954.751     0.999939        24376     16384.00
  106954.751     0.999945        24376     18204.44
  106954.751     0.999951        24376     20480.00
  106954.751     0.999957        24376     23405.71
  107020.287     0.999963        24377     27306.67
  107020.287     1.000000        24377          inf
#[Mean    =    79570.928, StdDeviation   =    21554.629]
#[Max     =   106954.752, Total count    =        24377]
#[Buckets =           27, SubBuckets     =         2048]
----------------------------------------------------------
  24442 requests in 15.00m, 301.83MB read
  Socket errors: connect 0, read 0, write 4, timeout 0
  Non-2xx or 3xx responses: 1
Requests/sec:     27.15
Transfer/sec:    343.36KB
