Running 15m test @ http://10.106.68.143:8080/wrk2-api/post/compose
  2 threads and 4 connections
  Thread calibration: mean lat.: 91.048ms, rate sampling interval: 871ms
  Thread calibration: mean lat.: 48.499ms, rate sampling interval: 221ms
  Thread Stats   Avg      Stdev     99%   +/- Stdev
    Latency     1.50m     1.78m    9.29m    90.89%
    Req/Sec     2.58      2.86    13.00     91.79%
  Latency Distribution (HdrHistogram - Recorded Latency)
 50.000%    0.96m 
 75.000%    2.07m 
 90.000%    3.17m 
 99.000%    9.29m 
 99.900%   10.11m 
 99.990%   10.30m 
 99.999%   10.31m 
100.000%   10.31m 

  Detailed Percentile spectrum:
       Value   Percentile   TotalCount 1/(1-Percentile)

      10.607     0.000000            1         1.00
     865.279     0.100000          566         1.11
   11329.535     0.200000         1134         1.25
   26984.447     0.300000         1698         1.43
   41615.359     0.400000         2263         1.67
   57704.447     0.500000         2829         2.00
   70057.983     0.550000         3115         2.22
   78643.199     0.600000         3394         2.50
   88866.815     0.650000         3677         2.86
  113967.103     0.700000         3963         3.33
  124059.647     0.750000         4243         4.00
  131923.967     0.775000         4384         4.44
  138412.031     0.800000         4525         5.00
  146931.711     0.825000         4669         5.71
  161742.847     0.850000         4808         6.67
  177864.703     0.875000         4950         8.00
  184680.447     0.887500         5021         8.89
  190447.615     0.900000         5091        10.00
  199491.583     0.912500         5162        11.43
  216137.727     0.925000         5232        13.33
  225968.127     0.937500         5303        16.00
  250085.375     0.943750         5338        17.78
  294125.567     0.950000         5374        20.00
  354942.975     0.956250         5409        22.86
  392953.855     0.962500         5445        26.67
  414973.951     0.968750         5480        32.00
  424673.279     0.971875         5497        35.56
  451936.255     0.975000         5515        40.00
  476839.935     0.978125         5534        45.71
  507248.639     0.981250         5552        53.33
  526123.007     0.984375         5568        64.00
  545783.807     0.985938         5577        71.11
  549453.823     0.987500         5586        80.00
  554696.703     0.989062         5595        91.43
  560988.159     0.990625         5603       106.67
  573571.071     0.992188         5612       128.00
  580911.103     0.992969         5620       142.22
  581959.679     0.993750         5624       160.00
  582483.967     0.994531         5626       182.86
  584056.831     0.995313         5630       213.33
  585105.407     0.996094         5634       256.00
  588251.135     0.996484         5638       284.44
  594018.303     0.996875         5639       320.00
  599261.183     0.997266         5641       365.71
  603979.775     0.997656         5643       426.67
  604504.063     0.998047         5646       512.00
  605028.351     0.998242         5647       568.89
  605552.639     0.998437         5648       640.00
  606076.927     0.998633         5649       731.43
  606601.215     0.998828         5650       853.33
  607125.503     0.999023         5653      1024.00
  607125.503     0.999121         5653      1137.78
  607125.503     0.999219         5653      1280.00
  607125.503     0.999316         5653      1462.86
  607125.503     0.999414         5653      1706.67
  612892.671     0.999512         5654      2048.00
  612892.671     0.999561         5654      2275.56
  612892.671     0.999609         5654      2560.00
  618135.551     0.999658         5655      2925.71
  618135.551     0.999707         5655      3413.33
  618135.551     0.999756         5655      4096.00
  618135.551     0.999780         5655      4551.11
  618135.551     0.999805         5655      5120.00
  618659.839     0.999829         5656      5851.43
  618659.839     1.000000         5656          inf
#[Mean    =    90052.585, StdDeviation   =   106782.059]
#[Max     =   618135.552, Total count    =         5656]
#[Buckets =           27, SubBuckets     =         2048]
----------------------------------------------------------
  5766 requests in 15.00m, 1.18MB read
  Socket errors: connect 0, read 0, write 7, timeout 616
Requests/sec:      6.41
Transfer/sec:      1.34KB
