Running 15m test @ http://10.106.68.143:8080/wrk2-api/post/compose
  2 threads and 4 connections
  Thread calibration: mean lat.: 12.024ms, rate sampling interval: 66ms
  Thread calibration: mean lat.: 12.895ms, rate sampling interval: 56ms
  Thread Stats   Avg      Stdev     99%   +/- Stdev
    Latency     2.93m     4.04m   13.01m    80.82%
    Req/Sec     3.21      9.65    53.00     86.03%
  Latency Distribution (HdrHistogram - Recorded Latency)
 50.000%   30.54s 
 75.000%    5.42m 
 90.000%   10.12m 
 99.000%   13.01m 
 99.900%   13.56m 
 99.990%   13.58m 
 99.999%   13.59m 
100.000%   13.59m 

  Detailed Percentile spectrum:
       Value   Percentile   TotalCount 1/(1-Percentile)

       1.433     0.000000            1         1.00
       3.881     0.100000          576         1.11
      19.647     0.200000         1152         1.25
      54.367     0.300000         1727         1.43
     135.167     0.400000         2302         1.67
   30539.775     0.500000         2880         2.00
   36405.247     0.550000         3166         2.22
  101580.799     0.600000         3454         2.50
  157286.399     0.650000         3743         2.86
  242483.199     0.700000         4029         3.33
  325320.703     0.750000         4317         4.00
  363069.439     0.775000         4461         4.44
  401080.319     0.800000         4604         5.00
  456130.559     0.825000         4748         5.71
  503316.479     0.850000         4892         6.67
  551026.687     0.875000         5037         8.00
  577765.375     0.887500         5109         8.89
  607125.503     0.900000         5182        10.00
  631767.039     0.912500         5252        11.43
  652738.559     0.925000         5324        13.33
  685768.703     0.937500         5396        16.00
  696778.751     0.943750         5433        17.78
  705167.359     0.950000         5469        20.00
  718798.847     0.956250         5506        22.86
  731381.759     0.962500         5541        26.67
  742916.095     0.968750         5576        32.00
  751304.703     0.971875         5595        35.56
  754974.719     0.975000         5612        40.00
  761266.175     0.978125         5631        45.71
  767557.631     0.981250         5648        53.33
  773849.087     0.984375         5666        64.00
  776994.815     0.985938         5675        71.11
  779091.967     0.987500         5687        80.00
  780140.543     0.989062         5693        91.43
  783810.559     0.990625         5702       106.67
  785907.711     0.992188         5712       128.00
  787480.575     0.992969         5716       142.22
  788529.151     0.993750         5720       160.00
  790626.303     0.994531         5725       182.86
  792723.455     0.995313         5729       213.33
  795344.895     0.996094         5733       256.00
  796393.471     0.996484         5735       284.44
  797966.335     0.996875         5739       320.00
  799539.199     0.997266         5740       365.71
  802160.639     0.997656         5742       426.67
  806879.231     0.998047         5744       512.00
  807927.807     0.998242         5745       568.89
  809500.671     0.998437         5747       640.00
  810549.247     0.998633         5748       731.43
  813694.975     0.998828         5751       853.33
  813694.975     0.999023         5751      1024.00
  813694.975     0.999121         5751      1137.78
  813694.975     0.999219         5751      1280.00
  814219.263     0.999316         5753      1462.86
  814219.263     0.999414         5753      1706.67
  814219.263     0.999512         5753      2048.00
  814219.263     0.999561         5753      2275.56
  814219.263     0.999609         5753      2560.00
  814743.551     0.999658         5754      2925.71
  814743.551     0.999707         5754      3413.33
  814743.551     0.999756         5754      4096.00
  814743.551     0.999780         5754      4551.11
  814743.551     0.999805         5754      5120.00
  815267.839     0.999829         5755      5851.43
  815267.839     1.000000         5755          inf
#[Mean    =   175977.517, StdDeviation   =   242347.879]
#[Max     =   814743.552, Total count    =         5755]
#[Buckets =           27, SubBuckets     =         2048]
----------------------------------------------------------
  6365 requests in 15.00m, 26.90MB read
  Socket errors: connect 0, read 0, write 8, timeout 1289
Requests/sec:      7.07
Transfer/sec:     30.60KB
