Running 15m test @ http://10.106.68.143:8080/wrk2-api/post/compose
  2 threads and 4 connections
  Thread calibration: mean lat.: 62.682ms, rate sampling interval: 333ms
  Thread calibration: mean lat.: 48.509ms, rate sampling interval: 185ms
  Thread Stats   Avg      Stdev     99%   +/- Stdev
    Latency     3.48m     4.19m   12.52m    78.11%
    Req/Sec     1.97      4.40    24.00     94.49%
  Latency Distribution (HdrHistogram - Recorded Latency)
 50.000%    1.06m 
 75.000%    6.99m 
 90.000%   10.39m 
 99.000%   12.52m 
 99.900%   12.77m 
 99.990%   12.81m 
 99.999%   12.81m 
100.000%   12.81m 

  Detailed Percentile spectrum:
       Value   Percentile   TotalCount 1/(1-Percentile)

       4.899     0.000000            1         1.00
      32.191     0.100000          368         1.11
      65.855     0.200000          736         1.25
     122.431     0.300000         1104         1.43
     254.975     0.400000         1471         1.67
   63897.599     0.500000         1839         2.00
  137101.311     0.550000         2023         2.22
  207224.831     0.600000         2207         2.50
  272105.471     0.650000         2391         2.86
  333447.167     0.700000         2575         3.33
  419430.399     0.750000         2758         4.00
  451149.823     0.775000         2852         4.44
  487849.983     0.800000         2942         5.00
  530317.311     0.825000         3034         5.71
  565182.463     0.850000         3126         6.67
  588775.423     0.875000         3218         8.00
  606076.927     0.887500         3266         8.89
  624427.007     0.900000         3310        10.00
  639631.359     0.912500         3356        11.43
  661127.167     0.925000         3402        13.33
  678952.959     0.937500         3449        16.00
  691535.871     0.943750         3471        17.78
  696778.751     0.950000         3496        20.00
  703070.207     0.956250         3517        22.86
  714080.255     0.962500         3542        26.67
  721420.287     0.968750         3563        32.00
  724566.015     0.971875         3575        35.56
  727711.743     0.975000         3586        40.00
  732430.335     0.978125         3597        45.71
  739770.367     0.981250         3610        53.33
  745013.247     0.984375         3620        64.00
  747110.399     0.985938         3629        71.11
  748683.263     0.987500         3634        80.00
  750256.127     0.989062         3637        91.43
  753401.855     0.990625         3644       106.67
  754450.431     0.992188         3649       128.00
  756547.583     0.992969         3653       142.22
  757596.159     0.993750         3657       160.00
  757596.159     0.994531         3657       182.86
  759169.023     0.995313         3661       213.33
  760217.599     0.996094         3663       256.00
  761790.463     0.996484         3666       284.44
  761790.463     0.996875         3666       320.00
  762314.751     0.997266         3667       365.71
  763363.327     0.997656         3669       426.67
  764411.903     0.998047         3671       512.00
  764411.903     0.998242         3671       568.89
  765984.767     0.998437         3674       640.00
  765984.767     0.998633         3674       731.43
  765984.767     0.998828         3674       853.33
  765984.767     0.999023         3674      1024.00
  765984.767     0.999121         3674      1137.78
  767033.343     0.999219         3675      1280.00
  767033.343     0.999316         3675      1462.86
  767033.343     0.999414         3675      1706.67
  767557.631     0.999512         3676      2048.00
  767557.631     0.999561         3676      2275.56
  767557.631     0.999609         3676      2560.00
  767557.631     0.999658         3676      2925.71
  767557.631     0.999707         3676      3413.33
  768606.207     0.999756         3677      4096.00
  768606.207     1.000000         3677          inf
#[Mean    =   208915.393, StdDeviation   =   251388.842]
#[Max     =   768081.920, Total count    =         3677]
#[Buckets =           27, SubBuckets     =         2048]
----------------------------------------------------------
  3999 requests in 15.00m, 51.44MB read
  Socket errors: connect 0, read 1, write 6, timeout 958
Requests/sec:      4.44
Transfer/sec:     58.51KB
