Running 15m test @ http://10.110.101.20:8080/wrk2-api/post/compose
  2 threads and 4 connections
  Thread calibration: mean lat.: 1667.830ms, rate sampling interval: 8101ms
  Thread calibration: mean lat.: 1171.032ms, rate sampling interval: 10239ms
  Thread Stats   Avg      Stdev     99%   +/- Stdev
    Latency    43.48s     9.27s    0.95m    83.27%
    Req/Sec     4.25      1.09     6.00     93.33%
  Latency Distribution (HdrHistogram - Recorded Latency)
 50.000%   44.79s 
 75.000%   49.02s 
 90.000%    0.87m 
 99.000%    0.95m 
 99.900%    1.03m 
 99.990%    1.05m 
 99.999%    1.05m 
100.000%    1.05m 

  Detailed Percentile spectrum:
       Value   Percentile   TotalCount 1/(1-Percentile)

      19.935     0.000000            1         1.00
   35192.831     0.100000          845         1.11
   38862.847     0.200000         1700         1.25
   41156.607     0.300000         2542         1.43
   42926.079     0.400000         3384         1.67
   44793.855     0.500000         4240         2.00
   45613.055     0.550000         4655         2.22
   46497.791     0.600000         5072         2.50
   47349.759     0.650000         5497         2.86
   48201.727     0.700000         5915         3.33
   49020.927     0.750000         6342         4.00
   49545.215     0.775000         6554         4.44
   50135.039     0.800000         6762         5.00
   50724.863     0.825000         6981         5.71
   51281.919     0.850000         7184         6.67
   51871.743     0.875000         7397         8.00
   52133.887     0.887500         7513         8.89
   52363.263     0.900000         7606        10.00
   52690.943     0.912500         7712        11.43
   53084.159     0.925000         7822        13.33
   53477.375     0.937500         7924        16.00
   53673.983     0.943750         7978        17.78
   53936.127     0.950000         8030        20.00
   54198.271     0.956250         8084        22.86
   54427.647     0.962500         8135        26.67
   54689.791     0.968750         8187        32.00
   54853.631     0.971875         8216        35.56
   55017.471     0.975000         8240        40.00
   55312.383     0.978125         8266        45.71
   55738.367     0.981250         8291        53.33
   56229.887     0.984375         8316        64.00
   56426.495     0.985938         8332        71.11
   56655.871     0.987500         8344        80.00
   56950.783     0.989062         8357        91.43
   57180.159     0.990625         8369       106.67
   57475.071     0.992188         8382       128.00
   57868.287     0.992969         8389       142.22
   57966.591     0.993750         8398       160.00
   58097.663     0.994531         8402       182.86
   58228.735     0.995313         8409       213.33
   58490.879     0.996094         8415       256.00
   58753.023     0.996484         8419       284.44
   58884.095     0.996875         8422       320.00
   59179.007     0.997266         8425       365.71
   59801.599     0.997656         8429       426.67
   59998.207     0.998047         8432       512.00
   60555.263     0.998242         8434       568.89
   60620.799     0.998437         8435       640.00
   61308.927     0.998633         8437       731.43
   61505.535     0.998828         8439       853.33
   61767.679     0.999023         8440      1024.00
   61898.751     0.999121         8441      1137.78
   61964.287     0.999219         8442      1280.00
   62193.663     0.999316         8443      1462.86
   62652.415     0.999414         8444      1706.67
   62652.415     0.999512         8444      2048.00
   62783.487     0.999561         8445      2275.56
   62783.487     0.999609         8445      2560.00
   63078.399     0.999658         8446      2925.71
   63078.399     0.999707         8446      3413.33
   63078.399     0.999756         8446      4096.00
   63209.471     0.999780         8447      4551.11
   63209.471     0.999805         8447      5120.00
   63209.471     0.999829         8447      5851.43
   63209.471     0.999854         8447      6826.67
   63209.471     0.999878         8447      8192.00
   63275.007     0.999890         8448      9102.22
   63275.007     1.000000         8448          inf
#[Mean    =    43475.138, StdDeviation   =     9271.003]
#[Max     =    63242.240, Total count    =         8448]
#[Buckets =           27, SubBuckets     =         2048]
----------------------------------------------------------
  8515 requests in 15.00m, 1.75MB read
  Socket errors: connect 0, read 0, write 4, timeout 19
Requests/sec:      9.46
Transfer/sec:      1.99KB
