Running 15m test @ http://10.110.101.20:8080/wrk2-api/post/compose
  2 threads and 4 connections
  Thread calibration: mean lat.: 6658.389ms, rate sampling interval: 17874ms
  Thread calibration: mean lat.: 3662.798ms, rate sampling interval: 13058ms
  Thread Stats   Avg      Stdev     99%   +/- Stdev
    Latency     1.69m    12.21s    1.94m    89.79%
    Req/Sec    26.26      8.68    33.00     88.03%
  Latency Distribution (HdrHistogram - Recorded Latency)
 50.000%    1.68m 
 75.000%    1.84m 
 90.000%    1.87m 
 99.000%    1.94m 
 99.900%    1.96m 
 99.990%    1.96m 
 99.999%    1.96m 
100.000%    1.96m 

  Detailed Percentile spectrum:
       Value   Percentile   TotalCount 1/(1-Percentile)

    6742.015     0.000000            1         1.00
   90570.751     0.100000         4825         1.11
   92995.583     0.200000         9638         1.25
   95420.415     0.300000        14295         1.43
   97648.639     0.400000        19179         1.67
  100990.975     0.500000        23857         2.00
  107216.895     0.550000        26198         2.22
  108199.935     0.600000        28713         2.50
  108920.831     0.650000        31011         2.86
  109707.263     0.700000        33548         3.33
  110231.551     0.750000        35713         4.00
  110493.695     0.775000        37081         4.44
  110755.839     0.800000        38175         5.00
  111083.519     0.825000        39312         5.71
  111476.735     0.850000        40629         6.67
  111935.487     0.875000        41805         8.00
  112132.095     0.887500        42309         8.89
  112394.239     0.900000        42869        10.00
  112721.919     0.912500        43546        11.43
  112918.527     0.925000        44040        13.33
  113311.743     0.937500        44660        16.00
  113704.959     0.943750        44965        17.78
  114032.639     0.950000        45247        20.00
  114491.391     0.956250        45541        22.86
  115081.215     0.962500        45853        26.67
  115343.359     0.968750        46119        32.00
  115539.967     0.971875        46331        35.56
  115671.039     0.975000        46478        40.00
  115736.575     0.978125        46564        45.71
  115933.183     0.981250        46768        53.33
  115998.719     0.984375        46863        64.00
  116064.255     0.985938        46949        71.11
  116129.791     0.987500        47023        80.00
  116260.863     0.989062        47126        91.43
  116326.399     0.990625        47167       106.67
  116457.471     0.992188        47230       128.00
  116588.543     0.992969        47279       142.22
  116719.615     0.993750        47322       160.00
  116785.151     0.994531        47341       182.86
  116916.223     0.995313        47378       213.33
  117047.295     0.996094        47435       256.00
  117047.295     0.996484        47435       284.44
  117112.831     0.996875        47458       320.00
  117178.367     0.997266        47482       365.71
  117243.903     0.997656        47503       426.67
  117309.439     0.998047        47525       512.00
  117309.439     0.998242        47525       568.89
  117374.975     0.998437        47540       640.00
  117374.975     0.998633        47540       731.43
  117440.511     0.998828        47554       853.33
  117506.047     0.999023        47569      1024.00
  117506.047     0.999121        47569      1137.78
  117506.047     0.999219        47569      1280.00
  117506.047     0.999316        47569      1462.86
  117571.583     0.999414        47586      1706.67
  117571.583     0.999512        47586      2048.00
  117571.583     0.999561        47586      2275.56
  117571.583     0.999609        47586      2560.00
  117571.583     0.999658        47586      2925.71
  117637.119     0.999707        47593      3413.33
  117637.119     0.999756        47593      4096.00
  117637.119     0.999780        47593      4551.11
  117637.119     0.999805        47593      5120.00
  117637.119     0.999829        47593      5851.43
  117702.655     0.999854        47598      6826.67
  117702.655     0.999878        47598      8192.00
  117702.655     0.999890        47598      9102.22
  117702.655     0.999902        47598     10240.00
  117702.655     0.999915        47598     11702.86
  117702.655     0.999927        47598     13653.33
  117768.191     0.999939        47601     16384.00
  117768.191     1.000000        47601          inf
#[Mean    =   101344.277, StdDeviation   =    12206.187]
#[Max     =   117702.656, Total count    =        47601]
#[Buckets =           27, SubBuckets     =         2048]
----------------------------------------------------------
  47732 requests in 15.00m, 428.57MB read
  Socket errors: connect 0, read 0, write 6, timeout 0
Requests/sec:     53.03
Transfer/sec:    487.60KB
