Running 15m test @ http://10.110.101.20:8080/wrk2-api/post/compose
  2 threads and 4 connections
  Thread calibration: mean lat.: 4454.681ms, rate sampling interval: 14311ms
  Thread calibration: mean lat.: 4735.899ms, rate sampling interval: 14622ms
  Thread Stats   Avg      Stdev     99%   +/- Stdev
    Latency     1.64m    13.12s    1.92m    89.10%
    Req/Sec    12.88      4.19    17.00     88.52%
  Latency Distribution (HdrHistogram - Recorded Latency)
 50.000%    1.63m 
 75.000%    1.80m 
 90.000%    1.84m 
 99.000%    1.92m 
 99.900%    1.95m 
 99.990%    1.95m 
 99.999%    1.95m 
100.000%    1.95m 

  Detailed Percentile spectrum:
       Value   Percentile   TotalCount 1/(1-Percentile)

    7593.983     0.000000            1         1.00
   87490.559     0.100000         2384         1.11
   90308.607     0.200000         4812         1.25
   92143.615     0.300000         7247         1.43
   93847.551     0.400000         9562         1.67
   97714.175     0.500000        11923         2.00
  103153.663     0.550000        13120         2.22
  105644.031     0.600000        14309         2.50
  106692.607     0.650000        15564         2.86
  107413.503     0.700000        16710         3.33
  108003.327     0.750000        17959         4.00
  108331.007     0.775000        18555         4.44
  108658.687     0.800000        19066         5.00
  109117.439     0.825000        19689         5.71
  109510.655     0.850000        20312         6.67
  109838.335     0.875000        20877         8.00
  110034.943     0.887500        21221         8.89
  110231.551     0.900000        21482        10.00
  110493.695     0.912500        21800        11.43
  110755.839     0.925000        22090        13.33
  111017.983     0.937500        22346        16.00
  111214.591     0.943750        22512        17.78
  111411.199     0.950000        22640        20.00
  111673.343     0.956250        22795        22.86
  111935.487     0.962500        22952        26.67
  112132.095     0.968750        23086        32.00
  112328.703     0.971875        23174        35.56
  112459.775     0.975000        23242        40.00
  112656.383     0.978125        23305        45.71
  112852.991     0.981250        23386        53.33
  113246.207     0.984375        23462        64.00
  113704.959     0.985938        23493        71.11
  114294.783     0.987500        23528        80.00
  114950.143     0.989062        23564        91.43
  115277.823     0.990625        23608       106.67
  115474.431     0.992188        23649       128.00
  115605.503     0.992969        23665       142.22
  115736.575     0.993750        23678       160.00
  115867.647     0.994531        23697       182.86
  116129.791     0.995313        23720       213.33
  116195.327     0.996094        23731       256.00
  116326.399     0.996484        23748       284.44
  116391.935     0.996875        23755       320.00
  116457.471     0.997266        23766       365.71
  116523.007     0.997656        23774       426.67
  116588.543     0.998047        23783       512.00
  116588.543     0.998242        23783       568.89
  116654.079     0.998437        23787       640.00
  116719.615     0.998633        23792       731.43
  116850.687     0.998828        23805       853.33
  116850.687     0.999023        23805      1024.00
  116850.687     0.999121        23805      1137.78
  116916.223     0.999219        23818      1280.00
  116916.223     0.999316        23818      1462.86
  116916.223     0.999414        23818      1706.67
  116916.223     0.999512        23818      2048.00
  116916.223     0.999561        23818      2275.56
  116916.223     0.999609        23818      2560.00
  116916.223     0.999658        23818      2925.71
  116916.223     0.999707        23818      3413.33
  116981.759     0.999756        23823      4096.00
  116981.759     0.999780        23823      4551.11
  116981.759     0.999805        23823      5120.00
  116981.759     0.999829        23823      5851.43
  116981.759     0.999854        23823      6826.67
  116981.759     0.999878        23823      8192.00
  116981.759     0.999890        23823      9102.22
  116981.759     0.999902        23823     10240.00
  116981.759     0.999915        23823     11702.86
  116981.759     0.999927        23823     13653.33
  116981.759     0.999939        23823     16384.00
  116981.759     0.999945        23823     18204.44
  116981.759     0.999951        23823     20480.00
  116981.759     0.999957        23823     23405.71
  117047.295     0.999963        23824     27306.67
  117047.295     1.000000        23824          inf
#[Mean    =    98186.607, StdDeviation   =    13118.386]
#[Max     =   116981.760, Total count    =        23824]
#[Buckets =           27, SubBuckets     =         2048]
----------------------------------------------------------
  23889 requests in 15.00m, 295.48MB read
  Socket errors: connect 0, read 0, write 6, timeout 0
Requests/sec:     26.54
Transfer/sec:    336.17KB
