Running 15m test @ http://10.101.125.27:8080/wrk2-api/post/compose
  2 threads and 4 connections
  Thread calibration: mean lat.: 17.805ms, rate sampling interval: 48ms
  Thread calibration: mean lat.: 19.988ms, rate sampling interval: 53ms
  Thread Stats   Avg      Stdev     99%   +/- Stdev
    Latency    19.12ms   12.83ms  43.36ms   95.58%
    Req/Sec     4.88      9.72    41.00     77.68%
  Latency Distribution (HdrHistogram - Recorded Latency)
 50.000%   16.85ms
 75.000%   20.72ms
 90.000%   25.93ms
 99.000%   43.36ms
 99.900%  225.02ms
 99.990%  245.63ms
 99.999%  388.10ms
100.000%  388.10ms

  Detailed Percentile spectrum:
       Value   Percentile   TotalCount 1/(1-Percentile)

       9.071     0.000000            1         1.00
      13.015     0.100000          887         1.11
      14.023     0.200000         1770         1.25
      14.879     0.300000         2655         1.43
      15.839     0.400000         3538         1.67
      16.847     0.500000         4424         2.00
      17.455     0.550000         4870         2.22
      18.191     0.600000         5316         2.50
      18.895     0.650000         5757         2.86
      19.631     0.700000         6190         3.33
      20.719     0.750000         6637         4.00
      21.295     0.775000         6853         4.44
      21.919     0.800000         7082         5.00
      22.655     0.825000         7295         5.71
      23.567     0.850000         7518         6.67
      24.607     0.875000         7738         8.00
      25.231     0.887500         7848         8.89
      25.935     0.900000         7959        10.00
      26.863     0.912500         8071        11.43
      28.079     0.925000         8180        13.33
      29.295     0.937500         8292        16.00
      29.919     0.943750         8345        17.78
      31.055     0.950000         8400        20.00
      32.127     0.956250         8458        22.86
      33.151     0.962500         8511        26.67
      34.527     0.968750         8566        32.00
      35.455     0.971875         8595        35.56
      36.159     0.975000         8622        40.00
      37.407     0.978125         8649        45.71
      38.815     0.981250         8677        53.33
      40.063     0.984375         8704        64.00
      40.927     0.985938         8718        71.11
      41.919     0.987500         8732        80.00
      43.103     0.989062         8746        91.43
      45.535     0.990625         8760       106.67
      48.351     0.992188         8773       128.00
      50.399     0.992969         8780       142.22
      52.607     0.993750         8787       160.00
      54.335     0.994531         8794       182.86
      56.703     0.995313         8801       213.33
      67.199     0.996094         8808       256.00
      78.719     0.996484         8811       284.44
      87.679     0.996875         8815       320.00
     110.463     0.997266         8818       365.71
     210.303     0.997656         8822       426.67
     222.335     0.998047         8826       512.00
     223.103     0.998242         8827       568.89
     224.127     0.998437         8829       640.00
     224.255     0.998633         8830       731.43
     224.895     0.998828         8832       853.33
     225.023     0.999023         8834      1024.00
     226.303     0.999121         8835      1137.78
     227.327     0.999219         8836      1280.00
     227.327     0.999316         8836      1462.86
     229.119     0.999414         8837      1706.67
     231.807     0.999512         8838      2048.00
     238.207     0.999561         8839      2275.56
     238.207     0.999609         8839      2560.00
     238.207     0.999658         8839      2925.71
     244.607     0.999707         8840      3413.33
     244.607     0.999756         8840      4096.00
     245.631     0.999780         8841      4551.11
     245.631     0.999805         8841      5120.00
     245.631     0.999829         8841      5851.43
     245.631     0.999854         8841      6826.67
     245.631     0.999878         8841      8192.00
     388.095     0.999890         8842      9102.22
     388.095     1.000000         8842          inf
#[Mean    =       19.124, StdDeviation   =       12.827]
#[Max     =      387.840, Total count    =         8842]
#[Buckets =           27, SubBuckets     =         2048]
----------------------------------------------------------
  8959 requests in 15.00m, 1.84MB read
  Socket errors: connect 0, read 0, write 0, timeout 18
Requests/sec:      9.95
Transfer/sec:      2.09KB
