Running 15m test @ http://10.110.187.193:8080/wrk2-api/post/compose
  2 threads and 4 connections
  Thread calibration: mean lat.: 43.734ms, rate sampling interval: 387ms
  Thread calibration: mean lat.: 26.677ms, rate sampling interval: 65ms
  Thread Stats   Avg      Stdev     99%   +/- Stdev
    Latency   693.10ms  559.71ms   2.56s    74.15%
    Req/Sec     4.86      8.12    31.00     76.13%
  Latency Distribution (HdrHistogram - Recorded Latency)
 50.000%  559.10ms
 75.000%  962.05ms
 90.000%    1.43s 
 99.000%    2.56s 
 99.900%    3.93s 
 99.990%    4.23s 
 99.999%    4.54s 
100.000%    4.54s 

  Detailed Percentile spectrum:
       Value   Percentile   TotalCount 1/(1-Percentile)

       9.919     0.000000            1         1.00
     116.031     0.100000          885         1.11
     227.839     0.200000         1768         1.25
     334.847     0.300000         2652         1.43
     440.831     0.400000         3538         1.67
     559.103     0.500000         4420         2.00
     620.031     0.550000         4860         2.22
     697.343     0.600000         5303         2.50
     776.703     0.650000         5745         2.86
     864.767     0.700000         6189         3.33
     962.047     0.750000         6627         4.00
    1014.783     0.775000         6850         4.44
    1080.319     0.800000         7071         5.00
    1159.167     0.825000         7289         5.71
    1234.943     0.850000         7512         6.67
    1332.223     0.875000         7731         8.00
    1380.351     0.887500         7843         8.89
    1431.551     0.900000         7954        10.00
    1494.015     0.912500         8062        11.43
    1568.767     0.925000         8173        13.33
    1652.735     0.937500         8284        16.00
    1714.175     0.943750         8341        17.78
    1767.423     0.950000         8395        20.00
    1832.959     0.956250         8449        22.86
    1902.591     0.962500         8505        26.67
    1977.343     0.968750         8559        32.00
    2054.143     0.971875         8587        35.56
    2123.775     0.975000         8615        40.00
    2195.455     0.978125         8643        45.71
    2283.519     0.981250         8672        53.33
    2369.535     0.984375         8697        64.00
    2416.639     0.985938         8711        71.11
    2461.695     0.987500         8725        80.00
    2521.087     0.989062         8739        91.43
    2584.575     0.990625         8753       106.67
    2682.879     0.992188         8766       128.00
    2732.031     0.992969         8773       142.22
    2815.999     0.993750         8780       160.00
    2854.911     0.994531         8787       182.86
    2897.919     0.995313         8794       213.33
    3022.847     0.996094         8801       256.00
    3069.951     0.996484         8804       284.44
    3098.623     0.996875         8808       320.00
    3153.919     0.997266         8811       365.71
    3284.991     0.997656         8815       426.67
    3354.623     0.998047         8819       512.00
    3403.775     0.998242         8820       568.89
    3446.783     0.998437         8822       640.00
    3518.463     0.998633         8823       731.43
    3688.447     0.998828         8825       853.33
    3946.495     0.999023         8827      1024.00
    3954.687     0.999121         8828      1137.78
    3999.743     0.999219         8829      1280.00
    3999.743     0.999316         8829      1462.86
    4001.791     0.999414         8830      1706.67
    4075.519     0.999512         8831      2048.00
    4145.151     0.999561         8832      2275.56
    4145.151     0.999609         8832      2560.00
    4145.151     0.999658         8832      2925.71
    4192.255     0.999707         8833      3413.33
    4192.255     0.999756         8833      4096.00
    4227.071     0.999780         8834      4551.11
    4227.071     0.999805         8834      5120.00
    4227.071     0.999829         8834      5851.43
    4227.071     0.999854         8834      6826.67
    4227.071     0.999878         8834      8192.00
    4542.463     0.999890         8835      9102.22
    4542.463     1.000000         8835          inf
#[Mean    =      693.098, StdDeviation   =      559.709]
#[Max     =     4538.368, Total count    =         8835]
#[Buckets =           27, SubBuckets     =         2048]
----------------------------------------------------------
  8952 requests in 15.00m, 1.84MB read
  Socket errors: connect 0, read 0, write 7, timeout 19
Requests/sec:      9.95
Transfer/sec:      2.09KB
