Running 15m test @ http://10.110.187.193:8080/wrk2-api/post/compose
  2 threads and 4 connections
  Thread calibration: mean lat.: 3.528ms, rate sampling interval: 10ms
  Thread calibration: mean lat.: 9.458ms, rate sampling interval: 17ms
  Thread Stats   Avg      Stdev     99%   +/- Stdev
    Latency     7.61s    13.37s   33.78s    75.85%
    Req/Sec    30.95     50.14   200.00     79.79%
  Latency Distribution (HdrHistogram - Recorded Latency)
 50.000%   79.68ms
 75.000%  316.42ms
 90.000%   31.64s 
 99.000%   33.78s 
 99.900%   36.04s 
 99.990%   36.31s 
 99.999%   36.41s 
100.000%   36.41s 

  Detailed Percentile spectrum:
       Value   Percentile   TotalCount 1/(1-Percentile)

       0.020     0.000000            1         1.00
      20.159     0.100000         5277         1.11
      29.119     0.200000        10547         1.25
      41.247     0.300000        15837         1.43
      57.535     0.400000        21099         1.67
      79.679     0.500000        26369         2.00
      94.271     0.550000        29007         2.22
     113.151     0.600000        31642         2.50
     138.879     0.650000        34288         2.86
     181.119     0.700000        36919         3.33
     316.671     0.750000        39552         4.00
   28950.527     0.775000        40887         4.44
   29671.423     0.800000        42221         5.00
   30195.711     0.825000        43510         5.71
   30703.615     0.850000        44838         6.67
   31145.983     0.875000        46183         8.00
   31358.975     0.887500        46832         8.89
   31637.503     0.900000        47465        10.00
   31948.799     0.912500        48123        11.43
   32194.559     0.925000        48794        13.33
   32440.319     0.937500        49456        16.00
   32571.391     0.943750        49806        17.78
   32669.695     0.950000        50110        20.00
   32800.767     0.956250        50461        22.86
   32915.455     0.962500        50761        26.67
   33046.527     0.968750        51090        32.00
   33128.447     0.971875        51270        35.56
   33193.983     0.975000        51436        40.00
   33259.519     0.978125        51597        45.71
   33341.439     0.981250        51760        53.33
   33472.511     0.984375        51927        64.00
   33538.047     0.985938        52005        71.11
   33619.967     0.987500        52080        80.00
   33718.271     0.989062        52168        91.43
   33882.111     0.990625        52248       106.67
   34078.719     0.992188        52327       128.00
   34209.791     0.992969        52368       142.22
   34340.863     0.993750        52416       160.00
   34504.703     0.994531        52448       182.86
   34865.151     0.995313        52490       213.33
   35356.671     0.996094        52534       256.00
   35487.743     0.996484        52551       284.44
   35618.815     0.996875        52579       320.00
   35684.351     0.997266        52600       365.71
   35749.887     0.997656        52617       426.67
   35815.423     0.998047        52637       512.00
   35880.959     0.998242        52649       568.89
   35913.727     0.998437        52660       640.00
   35946.495     0.998633        52665       731.43
   36012.031     0.998828        52681       853.33
   36044.799     0.999023        52694      1024.00
   36044.799     0.999121        52694      1137.78
   36044.799     0.999219        52694      1280.00
   36077.567     0.999316        52700      1462.86
   36110.335     0.999414        52708      1706.67
   36143.103     0.999512        52711      2048.00
   36175.871     0.999561        52715      2275.56
   36175.871     0.999609        52715      2560.00
   36208.639     0.999658        52719      2925.71
   36241.407     0.999707        52723      3413.33
   36241.407     0.999756        52723      4096.00
   36274.175     0.999780        52726      4551.11
   36274.175     0.999805        52726      5120.00
   36274.175     0.999829        52726      5851.43
   36306.943     0.999854        52731      6826.67
   36306.943     0.999878        52731      8192.00
   36306.943     0.999890        52731      9102.22
   36306.943     0.999902        52731     10240.00
   36306.943     0.999915        52731     11702.86
   36339.711     0.999927        52732     13653.33
   36339.711     0.999939        52732     16384.00
   36372.479     0.999945        52733     18204.44
   36372.479     0.999951        52733     20480.00
   36372.479     0.999957        52733     23405.71
   36405.247     0.999963        52735     27306.67
   36405.247     1.000000        52735          inf
#[Mean    =     7607.187, StdDeviation   =    13371.678]
#[Max     =    36372.480, Total count    =        52735]
#[Buckets =           27, SubBuckets     =         2048]
----------------------------------------------------------
  53389 requests in 15.00m, 460.51MB read
  Socket errors: connect 0, read 0, write 4, timeout 0
Requests/sec:     59.32
Transfer/sec:    523.94KB
