Running 15m test @ http://10.99.209.64:8080/wrk2-api/post/compose
  2 threads and 4 connections
  Thread calibration: mean lat.: 5.206ms, rate sampling interval: 16ms
  Thread calibration: mean lat.: 4.930ms, rate sampling interval: 15ms
  Thread Stats   Avg      Stdev     99%   +/- Stdev
    Latency     6.88s    12.35s   31.64s    76.80%
    Req/Sec    30.44     43.62   142.00     92.39%
  Latency Distribution (HdrHistogram - Recorded Latency)
 50.000%  102.46ms
 75.000%  324.86ms
 90.000%   29.46s 
 99.000%   31.64s 
 99.900%   32.65s 
 99.990%   33.14s 
 99.999%   33.41s 
100.000%   33.42s 

  Detailed Percentile spectrum:
       Value   Percentile   TotalCount 1/(1-Percentile)

       1.862     0.000000            1         1.00
      21.791     0.100000         5281         1.11
      34.783     0.200000        10557         1.25
      52.255     0.300000        15827         1.43
      74.239     0.400000        21110         1.67
     102.463     0.500000        26376         2.00
     120.191     0.550000        29016         2.22
     142.335     0.600000        31652         2.50
     172.671     0.650000        34291         2.86
     217.215     0.700000        36927         3.33
     324.863     0.750000        39562         4.00
   27049.983     0.775000        40894         4.44
   27918.335     0.800000        42231         5.00
   28377.087     0.825000        43551         5.71
   28737.535     0.850000        44864         6.67
   29065.215     0.875000        46159         8.00
   29261.823     0.887500        46843         8.89
   29458.431     0.900000        47476        10.00
   29687.807     0.912500        48141        11.43
   29933.567     0.925000        48803        13.33
   30179.327     0.937500        49487        16.00
   30277.631     0.943750        49783        17.78
   30408.703     0.950000        50122        20.00
   30556.159     0.956250        50455        22.86
   30703.615     0.962500        50794        26.67
   30867.455     0.968750        51114        32.00
   30965.759     0.971875        51286        35.56
   31064.063     0.975000        51440        40.00
   31162.367     0.978125        51621        45.71
   31244.287     0.981250        51764        53.33
   31375.359     0.984375        51935        64.00
   31440.895     0.985938        52020        71.11
   31506.431     0.987500        52090        80.00
   31588.351     0.989062        52187        91.43
   31670.271     0.990625        52263       106.67
   31784.959     0.992188        52343       128.00
   31850.495     0.992969        52384       142.22
   31899.647     0.993750        52426       160.00
   31965.183     0.994531        52472       182.86
   32030.719     0.995313        52505       213.33
   32112.639     0.996094        52555       256.00
   32145.407     0.996484        52569       284.44
   32178.175     0.996875        52586       320.00
   32227.327     0.997266        52611       365.71
   32358.399     0.997656        52628       426.67
   32489.471     0.998047        52648       512.00
   32538.623     0.998242        52657       568.89
   32571.391     0.998437        52668       640.00
   32604.159     0.998633        52681       731.43
   32636.927     0.998828        52693       853.33
   32653.311     0.999023        52700      1024.00
   32686.079     0.999121        52704      1137.78
   32767.999     0.999219        52708      1280.00
   32849.919     0.999316        52714      1462.86
   32882.687     0.999414        52720      1706.67
   32931.839     0.999512        52724      2048.00
   32948.223     0.999561        52726      2275.56
   32980.991     0.999609        52732      2560.00
   32980.991     0.999658        52732      2925.71
   33013.759     0.999707        52734      3413.33
   33046.527     0.999756        52738      4096.00
   33046.527     0.999780        52738      4551.11
   33062.911     0.999805        52740      5120.00
   33062.911     0.999829        52740      5851.43
   33112.063     0.999854        52742      6826.67
   33128.447     0.999878        52743      8192.00
   33144.831     0.999890        52745      9102.22
   33144.831     0.999902        52745     10240.00
   33144.831     0.999915        52745     11702.86
   33177.599     0.999927        52746     13653.33
   33177.599     0.999939        52746     16384.00
   33357.823     0.999945        52747     18204.44
   33357.823     0.999951        52747     20480.00
   33357.823     0.999957        52747     23405.71
   33406.975     0.999963        52748     27306.67
   33406.975     0.999969        52748     32768.00
   33406.975     0.999973        52748     36408.89
   33406.975     0.999976        52748     40960.00
   33406.975     0.999979        52748     46811.43
   33423.359     0.999982        52749     54613.33
   33423.359     1.000000        52749          inf
#[Mean    =     6875.374, StdDeviation   =    12352.279]
#[Max     =    33406.976, Total count    =        52749]
#[Buckets =           27, SubBuckets     =         2048]
----------------------------------------------------------
  53403 requests in 15.00m, 459.99MB read
  Socket errors: connect 0, read 0, write 5, timeout 0
Requests/sec:     59.33
Transfer/sec:    523.35KB
