Running 15m test @ http://10.104.67.244:8080/wrk2-api/post/compose
  2 threads and 4 connections
  Thread calibration: mean lat.: 17.523ms, rate sampling interval: 42ms
  Thread calibration: mean lat.: 17.942ms, rate sampling interval: 43ms
  Thread Stats   Avg      Stdev     99%   +/- Stdev
    Latency   492.03ms  478.18ms   2.16s    84.49%
    Req/Sec     4.92     10.70    47.00     80.93%
  Latency Distribution (HdrHistogram - Recorded Latency)
 50.000%  350.72ms
 75.000%  701.95ms
 90.000%    1.12s 
 99.000%    2.16s 
 99.900%    3.15s 
 99.990%    4.08s 
 99.999%    4.42s 
100.000%    4.42s 

  Detailed Percentile spectrum:
       Value   Percentile   TotalCount 1/(1-Percentile)

      10.047     0.000000            1         1.00
      42.559     0.100000          885         1.11
     106.303     0.200000         1768         1.25
     179.071     0.300000         2652         1.43
     259.071     0.400000         3535         1.67
     350.719     0.500000         4421         2.00
     404.735     0.550000         4862         2.22
     464.383     0.600000         5305         2.50
     526.335     0.650000         5745         2.86
     602.623     0.700000         6187         3.33
     701.951     0.750000         6628         4.00
     753.151     0.775000         6849         4.44
     805.375     0.800000         7070         5.00
     870.911     0.825000         7293         5.71
     940.543     0.850000         7517         6.67
    1016.319     0.875000         7736         8.00
    1073.151     0.887500         7843         8.89
    1124.351     0.900000         7954        10.00
    1193.983     0.912500         8064        11.43
    1258.495     0.925000         8176        13.33
    1345.535     0.937500         8286        16.00
    1390.591     0.943750         8340        17.78
    1433.599     0.950000         8397        20.00
    1489.919     0.956250         8451        22.86
    1558.527     0.962500         8507        26.67
    1638.399     0.968750         8561        32.00
    1694.719     0.971875         8589        35.56
    1736.703     0.975000         8617        40.00
    1791.999     0.978125         8644        45.71
    1862.655     0.981250         8672        53.33
    1951.743     0.984375         8699        64.00
    2007.039     0.985938         8713        71.11
    2053.119     0.987500         8727        80.00
    2121.727     0.989062         8741        91.43
    2197.503     0.990625         8755       106.67
    2285.567     0.992188         8768       128.00
    2332.671     0.992969         8775       142.22
    2371.583     0.993750         8782       160.00
    2437.119     0.994531         8789       182.86
    2508.799     0.995313         8796       213.33
    2615.295     0.996094         8803       256.00
    2646.015     0.996484         8806       284.44
    2707.455     0.996875         8810       320.00
    2760.703     0.997266         8813       365.71
    2834.431     0.997656         8817       426.67
    2912.255     0.998047         8820       512.00
    2932.735     0.998242         8822       568.89
    3037.183     0.998437         8824       640.00
    3041.279     0.998633         8825       731.43
    3143.679     0.998828         8827       853.33
    3198.975     0.999023         8829      1024.00
    3309.567     0.999121         8830      1137.78
    3377.151     0.999219         8831      1280.00
    3377.151     0.999316         8831      1462.86
    3518.463     0.999414         8832      1706.67
    3950.591     0.999512         8833      2048.00
    3997.695     0.999561         8834      2275.56
    3997.695     0.999609         8834      2560.00
    3997.695     0.999658         8834      2925.71
    4007.935     0.999707         8835      3413.33
    4007.935     0.999756         8835      4096.00
    4083.711     0.999780         8836      4551.11
    4083.711     0.999805         8836      5120.00
    4083.711     0.999829         8836      5851.43
    4083.711     0.999854         8836      6826.67
    4083.711     0.999878         8836      8192.00
    4423.679     0.999890         8837      9102.22
    4423.679     1.000000         8837          inf
#[Mean    =      492.030, StdDeviation   =      478.178]
#[Max     =     4419.584, Total count    =         8837]
#[Buckets =           27, SubBuckets     =         2048]
----------------------------------------------------------
  8954 requests in 15.00m, 1.84MB read
  Socket errors: connect 0, read 0, write 5, timeout 19
Requests/sec:      9.95
Transfer/sec:      2.09KB
