Running 15m test @ http://10.104.67.244:8080/wrk2-api/post/compose
  2 threads and 4 connections
  Thread calibration: mean lat.: 27.299ms, rate sampling interval: 81ms
  Thread calibration: mean lat.: 27.994ms, rate sampling interval: 86ms
  Thread Stats   Avg      Stdev     99%   +/- Stdev
    Latency     7.61s    13.00s   33.78s    75.57%
    Req/Sec    14.54     13.08    50.00     58.80%
  Latency Distribution (HdrHistogram - Recorded Latency)
 50.000%  261.25ms
 75.000%    1.01s 
 90.000%   30.80s 
 99.000%   33.78s 
 99.900%   35.68s 
 99.990%   36.57s 
 99.999%   36.80s 
100.000%   36.80s 

  Detailed Percentile spectrum:
       Value   Percentile   TotalCount 1/(1-Percentile)

       3.481     0.000000            1         1.00
      46.143     0.100000         2630         1.11
      77.311     0.200000         5260         1.25
     122.751     0.300000         7890         1.43
     181.631     0.400000        10518         1.67
     261.247     0.500000        13148         2.00
     312.575     0.550000        14469         2.22
     377.343     0.600000        15781         2.50
     462.079     0.650000        17095         2.86
     590.335     0.700000        18415         3.33
    1012.735     0.750000        19722         4.00
   27787.263     0.775000        20382         4.44
   28606.463     0.800000        21053         5.00
   29212.671     0.825000        21696         5.71
   29753.343     0.850000        22359         6.67
   30277.631     0.875000        23014         8.00
   30523.391     0.887500        23343         8.89
   30801.919     0.900000        23676        10.00
   31080.447     0.912500        23997        11.43
   31457.279     0.925000        24331        13.33
   31784.959     0.937500        24661        16.00
   31932.415     0.943750        24816        17.78
   32129.023     0.950000        24991        20.00
   32325.631     0.956250        25155        22.86
   32522.239     0.962500        25313        26.67
   32800.767     0.968750        25482        32.00
   32931.839     0.971875        25560        35.56
   33062.911     0.975000        25643        40.00
   33193.983     0.978125        25722        45.71
   33292.287     0.981250        25804        53.33
   33456.127     0.984375        25897        64.00
   33505.279     0.985938        25930        71.11
   33587.199     0.987500        25970        80.00
   33685.503     0.989062        26012        91.43
   33816.575     0.990625        26054       106.67
   33947.647     0.992188        26092       128.00
   34045.951     0.992969        26117       142.22
   34111.487     0.993750        26131       160.00
   34242.559     0.994531        26152       182.86
   34471.935     0.995313        26174       213.33
   34996.223     0.996094        26196       256.00
   35094.527     0.996484        26204       284.44
   35258.367     0.996875        26214       320.00
   35389.439     0.997266        26234       365.71
   35389.439     0.997656        26234       426.67
   35487.743     0.998047        26247       512.00
   35520.511     0.998242        26252       568.89
   35553.279     0.998437        26256       640.00
   35586.047     0.998633        26261       731.43
   35651.583     0.998828        26267       853.33
   35684.351     0.999023        26271      1024.00
   35717.119     0.999121        26275      1137.78
   35717.119     0.999219        26275      1280.00
   35946.495     0.999316        26278      1462.86
   35979.263     0.999414        26282      1706.67
   36143.103     0.999512        26283      2048.00
   36405.247     0.999561        26285      2275.56
   36405.247     0.999609        26285      2560.00
   36470.783     0.999658        26287      2925.71
   36503.551     0.999707        26288      3413.33
   36536.319     0.999756        26290      4096.00
   36536.319     0.999780        26290      4551.11
   36536.319     0.999805        26290      5120.00
   36569.087     0.999829        26292      5851.43
   36569.087     0.999854        26292      6826.67
   36569.087     0.999878        26292      8192.00
   36601.855     0.999890        26293      9102.22
   36601.855     0.999902        26293     10240.00
   36601.855     0.999915        26293     11702.86
   36634.623     0.999927        26294     13653.33
   36634.623     0.999939        26294     16384.00
   36634.623     0.999945        26294     18204.44
   36634.623     0.999951        26294     20480.00
   36634.623     0.999957        26294     23405.71
   36798.463     0.999963        26295     27306.67
   36798.463     1.000000        26295          inf
#[Mean    =     7607.542, StdDeviation   =    13003.189]
#[Max     =    36765.696, Total count    =        26295]
#[Buckets =           27, SubBuckets     =         2048]
----------------------------------------------------------
  26622 requests in 15.00m, 347.61MB read
  Socket errors: connect 0, read 0, write 6, timeout 0
Requests/sec:     29.58
Transfer/sec:    395.48KB
