Running 15m test @ http://10.107.32.251:8080/wrk2-api/post/compose
  2 threads and 4 connections
  Thread calibration: mean lat.: 1729.981ms, rate sampling interval: 5963ms
  Thread calibration: mean lat.: 1951.881ms, rate sampling interval: 7434ms
  Thread Stats   Avg      Stdev     99%   +/- Stdev
    Latency    25.54s    16.64s   46.99s    61.51%
    Req/Sec     4.37      1.01     6.00     96.64%
  Latency Distribution (HdrHistogram - Recorded Latency)
 50.000%   31.90s 
 75.000%   38.83s 
 90.000%   42.07s 
 99.000%   46.99s 
 99.900%   50.50s 
 99.990%    0.86m 
 99.999%    0.87m 
100.000%    0.87m 

  Detailed Percentile spectrum:
       Value   Percentile   TotalCount 1/(1-Percentile)

      24.719     0.000000            1         1.00
     226.175     0.100000          862         1.11
     614.399     0.200000         1723         1.25
   23347.199     0.300000         2585         1.43
   27951.103     0.400000         3448         1.67
   31899.647     0.500000         4311         2.00
   33849.343     0.550000         4748         2.22
   35586.047     0.600000         5169         2.50
   37027.839     0.650000         5616         2.86
   37945.343     0.700000         6039         3.33
   38830.079     0.750000         6475         4.00
   39288.831     0.775000         6689         4.44
   39714.815     0.800000         6893         5.00
   40271.871     0.825000         7108         5.71
   40861.695     0.850000         7332         6.67
   41451.519     0.875000         7551         8.00
   41746.431     0.887500         7647         8.89
   42074.111     0.900000         7757        10.00
   42532.863     0.912500         7863        11.43
   42926.079     0.925000         7973        13.33
   43515.903     0.937500         8080        16.00
   43810.815     0.943750         8133        17.78
   44040.191     0.950000         8185        20.00
   44302.335     0.956250         8243        22.86
   44564.479     0.962500         8294        26.67
   44859.391     0.968750         8347        32.00
   45055.999     0.971875         8373        35.56
   45252.607     0.975000         8400        40.00
   45514.751     0.978125         8427        45.71
   45711.359     0.981250         8455        53.33
   46039.039     0.984375         8481        64.00
   46268.415     0.985938         8496        71.11
   46465.023     0.987500         8508        80.00
   46727.167     0.989062         8522        91.43
   47120.383     0.990625         8535       106.67
   47415.295     0.992188         8548       128.00
   47611.903     0.992969         8555       142.22
   47808.511     0.993750         8563       160.00
   47972.351     0.994531         8568       182.86
   48234.495     0.995313         8575       213.33
   48463.871     0.996094         8584       256.00
   48496.639     0.996484         8586       284.44
   48594.943     0.996875         8589       320.00
   48758.783     0.997266         8592       365.71
   48824.319     0.997656         8595       426.67
   49414.143     0.998047         8599       512.00
   49479.679     0.998242         8600       568.89
   50298.879     0.998437         8603       640.00
   50331.647     0.998633         8604       731.43
   50462.719     0.998828         8605       853.33
   50757.631     0.999023         8607      1024.00
   50790.399     0.999121         8608      1137.78
   50823.167     0.999219         8609      1280.00
   50888.703     0.999316         8610      1462.86
   50888.703     0.999414         8610      1706.67
   50921.471     0.999512         8611      2048.00
   51085.311     0.999561         8612      2275.56
   51085.311     0.999609         8612      2560.00
   51576.831     0.999658         8613      2925.71
   51576.831     0.999707         8613      3413.33
   51576.831     0.999756         8613      4096.00
   51675.135     0.999780         8614      4551.11
   51675.135     0.999805         8614      5120.00
   51675.135     0.999829         8614      5851.43
   51675.135     0.999854         8614      6826.67
   51675.135     0.999878         8614      8192.00
   51970.047     0.999890         8615      9102.22
   51970.047     1.000000         8615          inf
#[Mean    =    25541.725, StdDeviation   =    16640.596]
#[Max     =    51937.280, Total count    =         8615]
#[Buckets =           27, SubBuckets     =         2048]
----------------------------------------------------------
  8694 requests in 15.00m, 1.78MB read
  Socket errors: connect 0, read 0, write 4, timeout 19
Requests/sec:      9.66
Transfer/sec:      2.03KB
