Running 15m test @ http://10.107.32.251:8080/wrk2-api/post/compose
  2 threads and 4 connections
  Thread calibration: mean lat.: 3150.951ms, rate sampling interval: 11436ms
  Thread calibration: mean lat.: 5362.055ms, rate sampling interval: 15278ms
  Thread Stats   Avg      Stdev     99%   +/- Stdev
    Latency     1.45m    21.38s    1.74m    72.62%
    Req/Sec    26.63      7.86    33.00     88.15%
  Latency Distribution (HdrHistogram - Recorded Latency)
 50.000%    1.64m 
 75.000%    1.68m 
 90.000%    1.71m 
 99.000%    1.74m 
 99.900%    1.77m 
 99.990%    1.77m 
 99.999%    1.77m 
100.000%    1.77m 

  Detailed Percentile spectrum:
       Value   Percentile   TotalCount 1/(1-Percentile)

    7049.215     0.000000            1         1.00
   52199.423     0.100000         4862         1.11
   54525.951     0.200000         9716         1.25
   95027.199     0.300000        14540         1.43
   97583.103     0.400000        19569         1.67
   98631.679     0.500000        24326         2.00
   99221.503     0.550000        26966         2.22
   99614.719     0.600000        29320         2.50
  100007.935     0.650000        31777         2.86
  100401.151     0.700000        34007         3.33
  100859.903     0.750000        36531         4.00
  101122.047     0.775000        37864         4.44
  101318.655     0.800000        38798         5.00
  101580.799     0.825000        40032         5.71
  101842.943     0.850000        41204         6.67
  102170.623     0.875000        42450         8.00
  102367.231     0.887500        43154         8.89
  102563.839     0.900000        43690        10.00
  102760.447     0.912500        44371        11.43
  102891.519     0.925000        44816        13.33
  103153.663     0.937500        45553        16.00
  103284.735     0.943750        45835        17.78
  103415.807     0.950000        46089        20.00
  103546.879     0.956250        46380        22.86
  103677.951     0.962500        46699        26.67
  103809.023     0.968750        47003        32.00
  103874.559     0.971875        47122        35.56
  103940.095     0.975000        47253        40.00
  104071.167     0.978125        47443        45.71
  104136.703     0.981250        47553        53.33
  104267.775     0.984375        47749        64.00
  104333.311     0.985938        47828        71.11
  104398.847     0.987500        47888        80.00
  104464.383     0.989062        47944        91.43
  104595.455     0.990625        48044       106.67
  104660.991     0.992188        48102       128.00
  104660.991     0.992969        48102       142.22
  104726.527     0.993750        48148       160.00
  104792.063     0.994531        48184       182.86
  104857.599     0.995313        48220       213.33
  104988.671     0.996094        48273       256.00
  104988.671     0.996484        48273       284.44
  105119.743     0.996875        48291       320.00
  105250.815     0.997266        48314       365.71
  105381.887     0.997656        48344       426.67
  105447.423     0.998047        48352       512.00
  105512.959     0.998242        48356       568.89
  105644.031     0.998437        48367       640.00
  105775.103     0.998633        48378       731.43
  105840.639     0.998828        48392       853.33
  105906.175     0.999023        48406      1024.00
  105906.175     0.999121        48406      1137.78
  105906.175     0.999219        48406      1280.00
  105971.711     0.999316        48415      1462.86
  105971.711     0.999414        48415      1706.67
  106037.247     0.999512        48425      2048.00
  106037.247     0.999561        48425      2275.56
  106037.247     0.999609        48425      2560.00
  106037.247     0.999658        48425      2925.71
  106102.783     0.999707        48429      3413.33
  106168.319     0.999756        48435      4096.00
  106168.319     0.999780        48435      4551.11
  106168.319     0.999805        48435      5120.00
  106168.319     0.999829        48435      5851.43
  106168.319     0.999854        48435      6826.67
  106233.855     0.999878        48436      8192.00
  106233.855     0.999890        48436      9102.22
  106299.391     0.999902        48440     10240.00
  106299.391     0.999915        48440     11702.86
  106299.391     0.999927        48440     13653.33
  106299.391     0.999939        48440     16384.00
  106299.391     0.999945        48440     18204.44
  106299.391     0.999951        48440     20480.00
  106299.391     0.999957        48440     23405.71
  106299.391     0.999963        48440     27306.67
  106299.391     0.999969        48440     32768.00
  106299.391     0.999973        48440     36408.89
  106299.391     0.999976        48440     40960.00
  106299.391     0.999979        48440     46811.43
  106430.463     0.999982        48441     54613.33
  106430.463     1.000000        48441          inf
#[Mean    =    86808.001, StdDeviation   =    21384.098]
#[Max     =   106364.928, Total count    =        48441]
#[Buckets =           27, SubBuckets     =         2048]
----------------------------------------------------------
  48592 requests in 15.00m, 441.15MB read
  Socket errors: connect 0, read 0, write 4, timeout 1
Requests/sec:     53.99
Transfer/sec:    501.91KB
