Running 15m test @ http://10.107.32.251:8080/wrk2-api/post/compose
  2 threads and 4 connections
  Thread calibration: mean lat.: 5573.516ms, rate sampling interval: 15712ms
  Thread calibration: mean lat.: 4088.636ms, rate sampling interval: 13877ms
  Thread Stats   Avg      Stdev     99%   +/- Stdev
    Latency     1.17m    22.11s    1.68m    54.43%
    Req/Sec    13.35      3.18    17.00     90.00%
  Latency Distribution (HdrHistogram - Recorded Latency)
 50.000%    0.93m 
 75.000%    1.56m 
 90.000%    1.60m 
 99.000%    1.68m 
 99.900%    1.71m 
 99.990%    1.71m 
 99.999%    1.72m 
100.000%    1.72m 

  Detailed Percentile spectrum:
       Value   Percentile   TotalCount 1/(1-Percentile)

    7311.359     0.000000            1         1.00
   46792.703     0.100000         2489         1.11
   48627.711     0.200000         4958         1.25
   50167.807     0.300000         7401         1.43
   53051.391     0.400000         9876         1.67
   55771.135     0.500000        12340         2.00
   85131.263     0.550000        13585         2.22
   88604.671     0.600000        14838         2.50
   90308.607     0.650000        16055         2.86
   91881.471     0.700000        17298         3.33
   93454.335     0.750000        18553         4.00
   93913.087     0.775000        19188         4.44
   94306.303     0.800000        19757         5.00
   94765.055     0.825000        20427         5.71
   95158.271     0.850000        21044         6.67
   95485.951     0.875000        21590         8.00
   95748.095     0.887500        21961         8.89
   96010.239     0.900000        22253        10.00
   96272.383     0.912500        22587        11.43
   96468.991     0.925000        22885        13.33
   96665.599     0.937500        23156        16.00
   96796.671     0.943750        23294        17.78
   96993.279     0.950000        23455        20.00
   97189.887     0.956250        23597        22.86
   97452.031     0.962500        23776        26.67
   97714.175     0.968750        23915        32.00
   97976.319     0.971875        23992        35.56
   98238.463     0.975000        24058        40.00
   98697.215     0.978125        24131        45.71
   98959.359     0.981250        24212        53.33
   99483.647     0.984375        24287        64.00
   99876.863     0.985938        24328        71.11
  100073.471     0.987500        24362        80.00
  100794.367     0.989062        24399        91.43
  101318.655     0.990625        24448       106.67
  101449.727     0.992188        24478       128.00
  101580.799     0.992969        24496       142.22
  101711.871     0.993750        24517       160.00
  101777.407     0.994531        24534       182.86
  101908.479     0.995313        24566       213.33
  101974.015     0.996094        24574       256.00
  102039.551     0.996484        24588       284.44
  102105.087     0.996875        24598       320.00
  102170.623     0.997266        24611       365.71
  102170.623     0.997656        24611       426.67
  102301.695     0.998047        24625       512.00
  102301.695     0.998242        24625       568.89
  102367.231     0.998437        24632       640.00
  102432.767     0.998633        24645       731.43
  102432.767     0.998828        24645       853.33
  102432.767     0.999023        24645      1024.00
  102498.303     0.999121        24651      1137.78
  102498.303     0.999219        24651      1280.00
  102563.839     0.999316        24657      1462.86
  102563.839     0.999414        24657      1706.67
  102563.839     0.999512        24657      2048.00
  102629.375     0.999561        24662      2275.56
  102629.375     0.999609        24662      2560.00
  102629.375     0.999658        24662      2925.71
  102629.375     0.999707        24662      3413.33
  102629.375     0.999756        24662      4096.00
  102694.911     0.999780        24663      4551.11
  102825.983     0.999805        24665      5120.00
  102825.983     0.999829        24665      5851.43
  102825.983     0.999854        24665      6826.67
  102825.983     0.999878        24665      8192.00
  102891.519     0.999890        24667      9102.22
  102891.519     0.999902        24667     10240.00
  102891.519     0.999915        24667     11702.86
  102891.519     0.999927        24667     13653.33
  102891.519     0.999939        24667     16384.00
  102891.519     0.999945        24667     18204.44
  102891.519     0.999951        24667     20480.00
  102891.519     0.999957        24667     23405.71
  103088.127     0.999963        24668     27306.67
  103088.127     1.000000        24668          inf
#[Mean    =    70045.394, StdDeviation   =    22110.971]
#[Max     =   103022.592, Total count    =        24668]
#[Buckets =           27, SubBuckets     =         2048]
----------------------------------------------------------
  24724 requests in 15.00m, 306.05MB read
  Socket errors: connect 0, read 0, write 4, timeout 0
Requests/sec:     27.47
Transfer/sec:    348.20KB
