Running 15m test @ http://10.99.238.150:8080/wrk2-api/post/compose
  2 threads and 4 connections
  Thread calibration: mean lat.: 20.948ms, rate sampling interval: 45ms
  Thread calibration: mean lat.: 18.906ms, rate sampling interval: 51ms
  Thread Stats   Avg      Stdev     99%   +/- Stdev
    Latency   690.90ms  636.09ms   2.87s    77.26%
    Req/Sec     4.94     10.10    44.00     78.74%
  Latency Distribution (HdrHistogram - Recorded Latency)
 50.000%  515.33ms
 75.000%  988.16ms
 90.000%    1.53s 
 99.000%    2.87s 
 99.900%    4.01s 
 99.990%    4.50s 
 99.999%    5.12s 
100.000%    5.12s 

  Detailed Percentile spectrum:
       Value   Percentile   TotalCount 1/(1-Percentile)

       9.791     0.000000            1         1.00
      69.631     0.100000          884         1.11
     161.919     0.200000         1767         1.25
     263.423     0.300000         2654         1.43
     382.719     0.400000         3536         1.67
     515.327     0.500000         4418         2.00
     591.871     0.550000         4863         2.22
     672.767     0.600000         5303         2.50
     769.023     0.650000         5743         2.86
     870.399     0.700000         6185         3.33
     988.671     0.750000         6627         4.00
    1052.671     0.775000         6849         4.44
    1125.375     0.800000         7071         5.00
    1207.295     0.825000         7289         5.71
    1298.431     0.850000         7511         6.67
    1398.783     0.875000         7731         8.00
    1456.127     0.887500         7843         8.89
    1525.759     0.900000         7954        10.00
    1604.607     0.912500         8064        11.43
    1704.959     0.925000         8174        13.33
    1808.383     0.937500         8283        16.00
    1874.943     0.943750         8341        17.78
    1944.575     0.950000         8394        20.00
    2031.615     0.956250         8449        22.86
    2129.919     0.962500         8504        26.67
    2230.271     0.968750         8559        32.00
    2308.095     0.971875         8587        35.56
    2404.351     0.975000         8616        40.00
    2467.839     0.978125         8642        45.71
    2572.287     0.981250         8670        53.33
    2678.783     0.984375         8697        64.00
    2723.839     0.985938         8711        71.11
    2793.471     0.987500         8725        80.00
    2844.671     0.989062         8739        91.43
    2889.727     0.990625         8753       106.67
    2949.119     0.992188         8766       128.00
    3016.703     0.992969         8773       142.22
    3074.047     0.993750         8781       160.00
    3119.103     0.994531         8787       182.86
    3176.447     0.995313         8794       213.33
    3321.855     0.996094         8801       256.00
    3352.575     0.996484         8804       284.44
    3409.919     0.996875         8808       320.00
    3518.463     0.997266         8811       365.71
    3639.295     0.997656         8815       426.67
    3786.751     0.998047         8818       512.00
    3880.959     0.998242         8820       568.89
    3940.351     0.998437         8822       640.00
    3944.447     0.998633         8823       731.43
    3952.639     0.998828         8825       853.33
    4007.935     0.999023         8827      1024.00
    4143.103     0.999121         8828      1137.78
    4192.255     0.999219         8829      1280.00
    4192.255     0.999316         8829      1462.86
    4263.935     0.999414         8830      1706.67
    4390.911     0.999512         8831      2048.00
    4415.487     0.999561         8832      2275.56
    4415.487     0.999609         8832      2560.00
    4415.487     0.999658         8832      2925.71
    4464.639     0.999707         8833      3413.33
    4464.639     0.999756         8833      4096.00
    4497.407     0.999780         8834      4551.11
    4497.407     0.999805         8834      5120.00
    4497.407     0.999829         8834      5851.43
    4497.407     0.999854         8834      6826.67
    4497.407     0.999878         8834      8192.00
    5124.095     0.999890         8835      9102.22
    5124.095     1.000000         8835          inf
#[Mean    =      690.899, StdDeviation   =      636.093]
#[Max     =     5120.000, Total count    =         8835]
#[Buckets =           27, SubBuckets     =         2048]
----------------------------------------------------------
  8952 requests in 15.00m, 1.84MB read
  Socket errors: connect 0, read 0, write 6, timeout 18
Requests/sec:      9.95
Transfer/sec:      2.09KB
