Running 15m test @ http://10.99.238.150:8080/wrk2-api/post/compose
  2 threads and 4 connections
  Thread calibration: mean lat.: 5.141ms, rate sampling interval: 15ms
  Thread calibration: mean lat.: 6.829ms, rate sampling interval: 23ms
  Thread Stats   Avg      Stdev     99%   +/- Stdev
    Latency     6.70s    12.37s   32.37s    77.73%
    Req/Sec    30.19     40.93   142.00     89.75%
  Latency Distribution (HdrHistogram - Recorded Latency)
 50.000%   99.84ms
 75.000%  284.42ms
 90.000%   30.00s 
 99.000%   32.37s 
 99.900%   32.92s 
 99.990%   33.11s 
 99.999%   33.16s 
100.000%   33.16s 

  Detailed Percentile spectrum:
       Value   Percentile   TotalCount 1/(1-Percentile)

       0.021     0.000000            1         1.00
      22.335     0.100000         5281         1.11
      34.815     0.200000        10552         1.25
      51.679     0.300000        15829         1.43
      72.639     0.400000        21110         1.67
      99.839     0.500000        26384         2.00
     116.991     0.550000        29019         2.22
     137.855     0.600000        31662         2.50
     165.759     0.650000        34294         2.86
     204.031     0.700000        36933         3.33
     284.415     0.750000        39570         4.00
     468.735     0.775000        40888         4.44
   27410.431     0.800000        42226         5.00
   28491.775     0.825000        43549         5.71
   29147.135     0.850000        44879         6.67
   29605.887     0.875000        46182         8.00
   29802.495     0.887500        46871         8.89
   29999.103     0.900000        47487        10.00
   30294.015     0.912500        48172        11.43
   30556.159     0.925000        48804        13.33
   30834.687     0.937500        49489        16.00
   30965.759     0.943750        49808        17.78
   31096.831     0.950000        50122        20.00
   31260.671     0.956250        50495        22.86
   31408.127     0.962500        50787        26.67
   31588.351     0.968750        51124        32.00
   31703.039     0.971875        51304        35.56
   31784.959     0.975000        51465        40.00
   31866.879     0.978125        51608        45.71
   32014.335     0.981250        51776        53.33
   32161.791     0.984375        51947        64.00
   32227.327     0.985938        52032        71.11
   32276.479     0.987500        52101        80.00
   32342.015     0.989062        52184        91.43
   32391.167     0.990625        52265       106.67
   32456.703     0.992188        52350       128.00
   32489.471     0.992969        52393       142.22
   32522.239     0.993750        52435       160.00
   32555.007     0.994531        52477       182.86
   32604.159     0.995313        52513       213.33
   32653.311     0.996094        52559       256.00
   32669.695     0.996484        52573       284.44
   32702.463     0.996875        52608       320.00
   32735.231     0.997266        52629       365.71
   32751.615     0.997656        52640       426.67
   32784.383     0.998047        52658       512.00
   32800.767     0.998242        52667       568.89
   32817.151     0.998437        52677       640.00
   32849.919     0.998633        52689       731.43
   32882.687     0.998828        52699       853.33
   32915.455     0.999023        52710      1024.00
   32931.839     0.999121        52716      1137.78
   32948.223     0.999219        52719      1280.00
   32964.607     0.999316        52723      1462.86
   33013.759     0.999414        52731      1706.67
   33030.143     0.999512        52734      2048.00
   33046.527     0.999561        52739      2275.56
   33046.527     0.999609        52739      2560.00
   33062.911     0.999658        52743      2925.71
   33062.911     0.999707        52743      3413.33
   33079.295     0.999756        52746      4096.00
   33095.679     0.999780        52752      4551.11
   33095.679     0.999805        52752      5120.00
   33095.679     0.999829        52752      5851.43
   33095.679     0.999854        52752      6826.67
   33095.679     0.999878        52752      8192.00
   33112.063     0.999890        52754      9102.22
   33112.063     0.999902        52754     10240.00
   33112.063     0.999915        52754     11702.86
   33144.831     0.999927        52756     13653.33
   33144.831     0.999939        52756     16384.00
   33144.831     0.999945        52756     18204.44
   33144.831     0.999951        52756     20480.00
   33144.831     0.999957        52756     23405.71
   33161.215     0.999963        52758     27306.67
   33161.215     1.000000        52758          inf
#[Mean    =     6700.192, StdDeviation   =    12365.979]
#[Max     =    33144.832, Total count    =        52758]
#[Buckets =           27, SubBuckets     =         2048]
----------------------------------------------------------
  53412 requests in 15.00m, 455.77MB read
  Socket errors: connect 0, read 0, write 6, timeout 0
Requests/sec:     59.34
Transfer/sec:    518.55KB
