Running 15m test @ http://10.101.59.64:8080/wrk2-api/post/compose
  2 threads and 4 connections
  Thread calibration: mean lat.: 29.221ms, rate sampling interval: 87ms
  Thread calibration: mean lat.: 25.936ms, rate sampling interval: 75ms
  Thread Stats   Avg      Stdev     99%   +/- Stdev
    Latency    22.09s    13.66s   35.45s    71.57%
    Req/Sec    14.29     13.40    54.00     88.40%
  Latency Distribution (HdrHistogram - Recorded Latency)
 50.000%   29.29s 
 75.000%   31.52s 
 90.000%   33.13s 
 99.000%   35.45s 
 99.900%   36.96s 
 99.990%   37.36s 
 99.999%   37.58s 
100.000%   37.58s 

  Detailed Percentile spectrum:
       Value   Percentile   TotalCount 1/(1-Percentile)

       6.259     0.000000            1         1.00
     170.623     0.100000         2585         1.11
     337.919     0.200000         5172         1.25
   25591.807     0.300000         7761         1.43
   28131.327     0.400000        10341         1.67
   29294.591     0.500000        12934         2.00
   29736.959     0.550000        14259         2.22
   30130.175     0.600000        15540         2.50
   30605.311     0.650000        16833         2.86
   31064.063     0.700000        18103         3.33
   31522.815     0.750000        19426         4.00
   31703.039     0.775000        20032         4.44
   31916.031     0.800000        20712         5.00
   32161.791     0.825000        21359         5.71
   32423.935     0.850000        21987         6.67
   32735.231     0.875000        22640         8.00
   32915.455     0.887500        22949         8.89
   33128.447     0.900000        23267        10.00
   33325.055     0.912500        23586        11.43
   33554.431     0.925000        23909        13.33
   33783.807     0.937500        24235        16.00
   33914.879     0.943750        24407        17.78
   34045.951     0.950000        24576        20.00
   34177.023     0.956250        24732        22.86
   34340.863     0.962500        24917        26.67
   34471.935     0.968750        25053        32.00
   34570.239     0.971875        25135        35.56
   34668.543     0.975000        25214        40.00
   34799.615     0.978125        25291        45.71
   34930.687     0.981250        25369        53.33
   35094.527     0.984375        25453        64.00
   35192.831     0.985938        25497        71.11
   35258.367     0.987500        25531        80.00
   35356.671     0.989062        25564        91.43
   35520.511     0.990625        25607       106.67
   35749.887     0.992188        25651       128.00
   35815.423     0.992969        25667       142.22
   35880.959     0.993750        25685       160.00
   35979.263     0.994531        25716       182.86
   36012.031     0.995313        25731       213.33
   36110.335     0.996094        25747       256.00
   36175.871     0.996484        25760       284.44
   36208.639     0.996875        25767       320.00
   36306.943     0.997266        25777       365.71
   36372.479     0.997656        25790       426.67
   36470.783     0.998047        25796       512.00
   36536.319     0.998242        25801       568.89
   36732.927     0.998437        25806       640.00
   36798.463     0.998633        25812       731.43
   36896.767     0.998828        25818       853.33
   36962.303     0.999023        25821      1024.00
   37027.839     0.999121        25826      1137.78
   37027.839     0.999219        25826      1280.00
   37060.607     0.999316        25830      1462.86
   37093.375     0.999414        25832      1706.67
   37191.679     0.999512        25835      2048.00
   37191.679     0.999561        25835      2275.56
   37224.447     0.999609        25836      2560.00
   37257.215     0.999658        25838      2925.71
   37289.983     0.999707        25839      3413.33
   37322.751     0.999756        25840      4096.00
   37355.519     0.999780        25843      4551.11
   37355.519     0.999805        25843      5120.00
   37355.519     0.999829        25843      5851.43
   37355.519     0.999854        25843      6826.67
   37355.519     0.999878        25843      8192.00
   37388.287     0.999890        25844      9102.22
   37388.287     0.999902        25844     10240.00
   37388.287     0.999915        25844     11702.86
   37421.055     0.999927        25845     13653.33
   37421.055     0.999939        25845     16384.00
   37421.055     0.999945        25845     18204.44
   37421.055     0.999951        25845     20480.00
   37421.055     0.999957        25845     23405.71
   37584.895     0.999963        25846     27306.67
   37584.895     1.000000        25846          inf
#[Mean    =    22089.125, StdDeviation   =    13661.617]
#[Max     =    37552.128, Total count    =        25846]
#[Buckets =           27, SubBuckets     =         2048]
----------------------------------------------------------
  26173 requests in 15.00m, 341.76MB read
  Socket errors: connect 0, read 0, write 9, timeout 0
Requests/sec:     29.08
Transfer/sec:    388.83KB
