Running 15m test @ http://10.107.251.185:8080/wrk2-api/post/compose
  2 threads and 4 connections
  Thread calibration: mean lat.: 1580.400ms, rate sampling interval: 7868ms
  Thread calibration: mean lat.: 2277.098ms, rate sampling interval: 8384ms
  Thread Stats   Avg      Stdev     99%   +/- Stdev
    Latency     0.88m    22.76s    1.58m    70.70%
    Req/Sec     4.20      1.16     6.00     94.52%
  Latency Distribution (HdrHistogram - Recorded Latency)
 50.000%   42.24s 
 75.000%    1.21m 
 90.000%    1.38m 
 99.000%    1.58m 
 99.900%    1.61m 
 99.990%    1.62m 
 99.999%    1.62m 
100.000%    1.62m 

  Detailed Percentile spectrum:
       Value   Percentile   TotalCount 1/(1-Percentile)

      13.551     0.000000            1         1.00
   30507.007     0.100000          836         1.11
   34045.951     0.200000         1671         1.25
   36044.799     0.300000         2510         1.43
   38174.719     0.400000         3341         1.67
   42237.951     0.500000         4173         2.00
   63569.919     0.550000         4590         2.22
   66224.127     0.600000         5009         2.50
   67960.831     0.650000         5424         2.86
   70844.415     0.700000         5846         3.33
   72810.495     0.750000         6268         4.00
   74448.895     0.775000         6465         4.44
   75825.151     0.800000         6679         5.00
   77004.799     0.825000         6896         5.71
   78184.447     0.850000         7093         6.67
   80609.279     0.875000         7300         8.00
   81985.535     0.887500         7406         8.89
   82903.039     0.900000         7510        10.00
   83820.543     0.912500         7613        11.43
   85000.191     0.925000         7721        13.33
   86310.911     0.937500         7822        16.00
   87162.879     0.943750         7876        17.78
   88080.383     0.950000         7927        20.00
   88801.279     0.956250         7977        22.86
   90046.463     0.962500         8032        26.67
   90832.895     0.968750         8081        32.00
   91226.111     0.971875         8107        35.56
   91815.935     0.975000         8134        40.00
   92536.831     0.978125         8159        45.71
   92995.583     0.981250         8185        53.33
   93519.871     0.984375         8211        64.00
   93782.015     0.985938         8224        71.11
   94109.695     0.987500         8239        80.00
   94371.839     0.989062         8250        91.43
   94568.447     0.990625         8263       106.67
   94830.591     0.992188         8276       128.00
   95027.199     0.992969         8285       142.22
   95092.735     0.993750         8289       160.00
   95289.343     0.994531         8297       182.86
   95354.879     0.995313         8302       213.33
   95420.415     0.996094         8311       256.00
   95485.951     0.996484         8313       284.44
   95551.487     0.996875         8316       320.00
   95682.559     0.997266         8321       365.71
   95748.095     0.997656         8323       426.67
   95813.631     0.998047         8326       512.00
   95944.703     0.998242         8327       568.89
   96010.239     0.998437         8329       640.00
   96141.311     0.998633         8330       731.43
   96403.455     0.998828         8333       853.33
   96403.455     0.999023         8333      1024.00
   96534.527     0.999121         8336      1137.78
   96534.527     0.999219         8336      1280.00
   96534.527     0.999316         8336      1462.86
   96600.063     0.999414         8338      1706.67
   96600.063     0.999512         8338      2048.00
   96600.063     0.999561         8338      2275.56
   96600.063     0.999609         8338      2560.00
   96796.671     0.999658         8339      2925.71
   96796.671     0.999707         8339      3413.33
   96796.671     0.999756         8339      4096.00
   96993.279     0.999780         8340      4551.11
   96993.279     0.999805         8340      5120.00
   96993.279     0.999829         8340      5851.43
   96993.279     0.999854         8340      6826.67
   96993.279     0.999878         8340      8192.00
   97255.423     0.999890         8341      9102.22
   97255.423     1.000000         8341          inf
#[Mean    =    52902.188, StdDeviation   =    22755.913]
#[Max     =    97189.888, Total count    =         8341]
#[Buckets =           27, SubBuckets     =         2048]
----------------------------------------------------------
  8410 requests in 15.00m, 1.72MB read
  Socket errors: connect 0, read 0, write 6, timeout 18
Requests/sec:      9.34
Transfer/sec:      1.96KB
