Running 15m test @ http://10.107.251.185:8080/wrk2-api/post/compose
  2 threads and 4 connections
  Thread calibration: mean lat.: 3206.360ms, rate sampling interval: 12296ms
  Thread calibration: mean lat.: 3254.948ms, rate sampling interval: 10027ms
  Thread Stats   Avg      Stdev     99%   +/- Stdev
    Latency     1.20m    14.99s    1.46m    69.45%
    Req/Sec    27.09      6.64    33.00     88.12%
  Latency Distribution (HdrHistogram - Recorded Latency)
 50.000%    1.31m 
 75.000%    1.37m 
 90.000%    1.41m 
 99.000%    1.46m 
 99.900%    1.49m 
 99.990%    1.50m 
 99.999%    1.51m 
100.000%    1.51m 

  Detailed Percentile spectrum:
       Value   Percentile   TotalCount 1/(1-Percentile)

    4947.967     0.000000            1         1.00
   52527.103     0.100000         4961         1.11
   54591.487     0.200000         9871         1.25
   73007.103     0.300000        14842         1.43
   76414.975     0.400000        19747         1.67
   78315.519     0.500000        24728         2.00
   79036.415     0.550000        27091         2.22
   79953.919     0.600000        29536         2.50
   80936.959     0.650000        32082         2.86
   81657.855     0.700000        34645         3.33
   82313.215     0.750000        37142         4.00
   82575.359     0.775000        38280         4.44
   82903.039     0.800000        39392         5.00
   83361.791     0.825000        40744         5.71
   83755.007     0.850000        41918         6.67
   84148.223     0.875000        43099         8.00
   84344.831     0.887500        43706         8.89
   84606.975     0.900000        44338        10.00
   84869.119     0.912500        44927        11.43
   85131.263     0.925000        45590        13.33
   85393.407     0.937500        46226        16.00
   85524.479     0.943750        46467        17.78
   85721.087     0.950000        46800        20.00
   85917.695     0.956250        47102        22.86
   86179.839     0.962500        47405        26.67
   86507.519     0.968750        47704        32.00
   86704.127     0.971875        47861        35.56
   86900.735     0.975000        48062        40.00
   87031.807     0.978125        48197        45.71
   87228.415     0.981250        48310        53.33
   87490.559     0.984375        48495        64.00
   87556.095     0.985938        48551        71.11
   87687.167     0.987500        48658        80.00
   87752.703     0.989062        48714        91.43
   87883.775     0.990625        48799       106.67
   88014.847     0.992188        48862       128.00
   88080.383     0.992969        48885       142.22
   88211.455     0.993750        48918       160.00
   88408.063     0.994531        48957       182.86
   88604.671     0.995313        48998       213.33
   88801.279     0.996094        49034       256.00
   88866.815     0.996484        49054       284.44
   88997.887     0.996875        49086       320.00
   89063.423     0.997266        49101       365.71
   89128.959     0.997656        49110       426.67
   89260.031     0.998047        49138       512.00
   89260.031     0.998242        49138       568.89
   89325.567     0.998437        49153       640.00
   89391.103     0.998633        49162       731.43
   89456.639     0.998828        49169       853.33
   89587.711     0.999023        49176      1024.00
   89718.783     0.999121        49183      1137.78
   89784.319     0.999219        49192      1280.00
   89784.319     0.999316        49192      1462.86
   89849.855     0.999414        49200      1706.67
   89849.855     0.999512        49200      2048.00
   89915.391     0.999561        49205      2275.56
   89915.391     0.999609        49205      2560.00
   90111.999     0.999658        49214      2925.71
   90111.999     0.999707        49214      3413.33
   90111.999     0.999756        49214      4096.00
   90111.999     0.999780        49214      4551.11
   90177.535     0.999805        49217      5120.00
   90177.535     0.999829        49217      5851.43
   90177.535     0.999854        49217      6826.67
   90243.071     0.999878        49220      8192.00
   90243.071     0.999890        49220      9102.22
   90243.071     0.999902        49220     10240.00
   90243.071     0.999915        49220     11702.86
   90308.607     0.999927        49223     13653.33
   90308.607     0.999939        49223     16384.00
   90308.607     0.999945        49223     18204.44
   90308.607     0.999951        49223     20480.00
   90308.607     0.999957        49223     23405.71
   90308.607     0.999963        49223     27306.67
   90308.607     0.999969        49223     32768.00
   90308.607     0.999973        49223     36408.89
   90308.607     0.999976        49223     40960.00
   90308.607     0.999979        49223     46811.43
   90374.143     0.999982        49224     54613.33
   90374.143     1.000000        49224          inf
#[Mean    =    71894.689, StdDeviation   =    14986.028]
#[Max     =    90308.608, Total count    =        49224]
#[Buckets =           27, SubBuckets     =         2048]
----------------------------------------------------------
  49446 requests in 15.00m, 429.82MB read
  Socket errors: connect 0, read 0, write 4, timeout 0
Requests/sec:     54.94
Transfer/sec:    489.01KB
