Running 15m test @ http://10.107.251.185:8080/wrk2-api/post/compose
  2 threads and 4 connections
  Thread calibration: mean lat.: 4006.498ms, rate sampling interval: 12042ms
  Thread calibration: mean lat.: 6624.512ms, rate sampling interval: 18726ms
  Thread Stats   Avg      Stdev     99%   +/- Stdev
    Latency     1.44m    23.52s    1.94m    56.19%
    Req/Sec    13.07      3.92    17.00     89.17%
  Latency Distribution (HdrHistogram - Recorded Latency)
 50.000%    1.46m 
 75.000%    1.80m 
 90.000%    1.88m 
 99.000%    1.94m 
 99.900%    1.97m 
 99.990%    1.97m 
 99.999%    1.98m 
100.000%    1.98m 

  Detailed Percentile spectrum:
       Value   Percentile   TotalCount 1/(1-Percentile)

    6676.479     0.000000            1         1.00
   53444.607     0.100000         2438         1.11
   55705.599     0.200000         4856         1.25
   77463.551     0.300000         7255         1.43
   82444.287     0.400000         9697         1.67
   87621.631     0.500000        12087         2.00
   99549.183     0.550000        13304         2.22
  101580.799     0.600000        14514         2.50
  104464.383     0.650000        15734         2.86
  106495.999     0.700000        16950         3.33
  108003.327     0.750000        18152         4.00
  108593.151     0.775000        18740         4.44
  109182.975     0.800000        19361         5.00
  109903.871     0.825000        19950         5.71
  110690.303     0.850000        20565         6.67
  111738.879     0.875000        21182         8.00
  112263.167     0.887500        21465         8.89
  112721.919     0.900000        21769        10.00
  113311.743     0.912500        22072        11.43
  113836.031     0.925000        22379        13.33
  114360.319     0.937500        22708        16.00
  114556.927     0.943750        22835        17.78
  114753.535     0.950000        22975        20.00
  115081.215     0.956250        23153        22.86
  115277.823     0.962500        23277        26.67
  115539.967     0.968750        23450        32.00
  115671.039     0.971875        23512        35.56
  115802.111     0.975000        23586        40.00
  115933.183     0.978125        23659        45.71
  116064.255     0.981250        23721        53.33
  116260.863     0.984375        23807        64.00
  116326.399     0.985938        23836        71.11
  116457.471     0.987500        23888        80.00
  116523.007     0.989062        23911        91.43
  116719.615     0.990625        23972       106.67
  116785.151     0.992188        23991       128.00
  116850.687     0.992969        24007       142.22
  116916.223     0.993750        24023       160.00
  117047.295     0.994531        24054       182.86
  117112.831     0.995313        24073       213.33
  117178.367     0.996094        24083       256.00
  117243.903     0.996484        24092       284.44
  117309.439     0.996875        24100       320.00
  117374.975     0.997266        24112       365.71
  117440.511     0.997656        24120       426.67
  117637.119     0.998047        24127       512.00
  117899.263     0.998242        24133       568.89
  117964.799     0.998437        24138       640.00
  118030.335     0.998633        24142       731.43
  118095.871     0.998828        24150       853.33
  118161.407     0.999023        24154      1024.00
  118161.407     0.999121        24154      1137.78
  118226.943     0.999219        24156      1280.00
  118292.479     0.999316        24164      1462.86
  118292.479     0.999414        24164      1706.67
  118292.479     0.999512        24164      2048.00
  118292.479     0.999561        24164      2275.56
  118358.015     0.999609        24169      2560.00
  118358.015     0.999658        24169      2925.71
  118358.015     0.999707        24169      3413.33
  118358.015     0.999756        24169      4096.00
  118358.015     0.999780        24169      4551.11
  118423.551     0.999805        24172      5120.00
  118423.551     0.999829        24172      5851.43
  118423.551     0.999854        24172      6826.67
  118423.551     0.999878        24172      8192.00
  118423.551     0.999890        24172      9102.22
  118423.551     0.999902        24172     10240.00
  118423.551     0.999915        24172     11702.86
  118554.623     0.999927        24174     13653.33
  118554.623     1.000000        24174          inf
#[Mean    =    86581.550, StdDeviation   =    23522.390]
#[Max     =   118489.088, Total count    =        24174]
#[Buckets =           27, SubBuckets     =         2048]
----------------------------------------------------------
  24231 requests in 15.00m, 299.38MB read
  Socket errors: connect 0, read 0, write 6, timeout 0
Requests/sec:     26.92
Transfer/sec:    340.57KB
