Running 15m test @ http://10.99.30.68:8080/wrk2-api/post/compose
  2 threads and 4 connections
  Thread calibration: mean lat.: 40.632ms, rate sampling interval: 55ms
  Thread calibration: mean lat.: 24.751ms, rate sampling interval: 52ms
  Thread Stats   Avg      Stdev     99%   +/- Stdev
    Latency   693.67ms  560.89ms   2.56s    74.15%
    Req/Sec     4.93      9.53    38.00     76.52%
  Latency Distribution (HdrHistogram - Recorded Latency)
 50.000%  556.54ms
 75.000%  965.63ms
 90.000%    1.44s 
 99.000%    2.56s 
 99.900%    3.62s 
 99.990%    4.22s 
 99.999%    4.41s 
100.000%    4.41s 

  Detailed Percentile spectrum:
       Value   Percentile   TotalCount 1/(1-Percentile)

       9.831     0.000000            1         1.00
     116.735     0.100000          884         1.11
     225.919     0.200000         1768         1.25
     333.311     0.300000         2653         1.43
     435.711     0.400000         3537         1.67
     556.543     0.500000         4421         2.00
     617.983     0.550000         4864         2.22
     697.343     0.600000         5303         2.50
     780.287     0.650000         5745         2.86
     865.279     0.700000         6189         3.33
     965.631     0.750000         6629         4.00
    1019.903     0.775000         6851         4.44
    1080.319     0.800000         7073         5.00
    1160.191     0.825000         7295         5.71
    1234.943     0.850000         7513         6.67
    1336.319     0.875000         7734         8.00
    1385.471     0.887500         7844         8.89
    1436.671     0.900000         7955        10.00
    1496.063     0.912500         8067        11.43
    1581.055     0.925000         8177        13.33
    1671.167     0.937500         8286        16.00
    1733.631     0.943750         8342        17.78
    1789.951     0.950000         8397        20.00
    1849.343     0.956250         8452        22.86
    1933.311     0.962500         8508        26.67
    2023.423     0.968750         8562        32.00
    2077.695     0.971875         8590        35.56
    2125.823     0.975000         8619        40.00
    2205.695     0.978125         8645        45.71
    2289.663     0.981250         8673        53.33
    2379.775     0.984375         8700        64.00
    2428.927     0.985938         8714        71.11
    2471.935     0.987500         8728        80.00
    2527.231     0.989062         8742        91.43
    2586.623     0.990625         8756       106.67
    2658.303     0.992188         8770       128.00
    2707.455     0.992969         8776       142.22
    2777.087     0.993750         8783       160.00
    2832.383     0.994531         8790       182.86
    2895.871     0.995313         8797       213.33
    2947.071     0.996094         8804       256.00
    3018.751     0.996484         8808       284.44
    3076.095     0.996875         8811       320.00
    3094.527     0.997266         8814       365.71
    3151.871     0.997656         8818       426.67
    3301.375     0.998047         8821       512.00
    3373.055     0.998242         8823       568.89
    3403.775     0.998437         8825       640.00
    3432.447     0.998633         8826       731.43
    3522.559     0.998828         8828       853.33
    3647.487     0.999023         8830      1024.00
    3688.447     0.999121         8831      1137.78
    3942.399     0.999219         8832      1280.00
    3942.399     0.999316         8832      1462.86
    3969.023     0.999414         8833      1706.67
    3999.743     0.999512         8834      2048.00
    4003.839     0.999561         8835      2275.56
    4003.839     0.999609         8835      2560.00
    4003.839     0.999658         8835      2925.71
    4147.199     0.999707         8836      3413.33
    4147.199     0.999756         8836      4096.00
    4218.879     0.999780         8837      4551.11
    4218.879     0.999805         8837      5120.00
    4218.879     0.999829         8837      5851.43
    4218.879     0.999854         8837      6826.67
    4218.879     0.999878         8837      8192.00
    4411.391     0.999890         8838      9102.22
    4411.391     1.000000         8838          inf
#[Mean    =      693.671, StdDeviation   =      560.888]
#[Max     =     4407.296, Total count    =         8838]
#[Buckets =           27, SubBuckets     =         2048]
----------------------------------------------------------
  8952 requests in 15.00m, 1.84MB read
  Socket errors: connect 0, read 0, write 7, timeout 17
Requests/sec:      9.95
Transfer/sec:      2.09KB
