Running 15m test @ http://10.99.165.126:8080/wrk2-api/post/compose
  2 threads and 4 connections
  Thread calibration: mean lat.: 1073.767ms, rate sampling interval: 5177ms
  Thread calibration: mean lat.: 819.539ms, rate sampling interval: 3606ms
  Thread Stats   Avg      Stdev     99%   +/- Stdev
    Latency    40.48s    12.93s    0.98m    83.27%
    Req/Sec     4.24      1.37     7.00     92.81%
  Latency Distribution (HdrHistogram - Recorded Latency)
 50.000%   43.78s 
 75.000%   48.69s 
 90.000%    0.88m 
 99.000%    0.98m 
 99.900%    1.01m 
 99.990%    1.02m 
 99.999%    1.02m 
100.000%    1.02m 

  Detailed Percentile spectrum:
       Value   Percentile   TotalCount 1/(1-Percentile)

      14.439     0.000000            1         1.00
   27951.103     0.100000          846         1.11
   32423.935     0.200000         1688         1.25
   37847.039     0.300000         2532         1.43
   41451.519     0.400000         3381         1.67
   43778.047     0.500000         4228         2.00
   44924.927     0.550000         4644         2.22
   45875.199     0.600000         5074         2.50
   46727.167     0.650000         5483         2.86
   47775.743     0.700000         5912         3.33
   48693.247     0.750000         6332         4.00
   49217.535     0.775000         6546         4.44
   49840.127     0.800000         6757         5.00
   50429.951     0.825000         6963         5.71
   51052.543     0.850000         7168         6.67
   51806.207     0.875000         7385         8.00
   52232.191     0.887500         7490         8.89
   52625.407     0.900000         7590        10.00
   53018.623     0.912500         7702        11.43
   53444.607     0.925000         7804        13.33
   53968.895     0.937500         7906        16.00
   54329.343     0.943750         7961        17.78
   54788.095     0.950000         8012        20.00
   55312.383     0.956250         8064        22.86
   55803.903     0.962500         8117        26.67
   56393.727     0.968750         8171        32.00
   56688.639     0.971875         8198        35.56
   56950.783     0.975000         8223        40.00
   57180.159     0.978125         8249        45.71
   57606.143     0.981250         8276        53.33
   58097.663     0.984375         8302        64.00
   58425.343     0.985938         8316        71.11
   58621.951     0.987500         8327        80.00
   58818.559     0.989062         8343        91.43
   58982.399     0.990625         8353       106.67
   59244.543     0.992188         8369       128.00
   59310.079     0.992969         8374       142.22
   59539.455     0.993750         8380       160.00
   59637.759     0.994531         8386       182.86
   59768.831     0.995313         8394       213.33
   59899.903     0.996094         8401       256.00
   59932.671     0.996484         8403       284.44
   59998.207     0.996875         8407       320.00
   60129.279     0.997266         8411       365.71
   60260.351     0.997656         8413       426.67
   60325.887     0.998047         8416       512.00
   60456.959     0.998242         8418       568.89
   60522.495     0.998437         8419       640.00
   60555.263     0.998633         8421       731.43
   60850.175     0.998828         8423       853.33
   60882.943     0.999023         8424      1024.00
   60948.479     0.999121         8426      1137.78
   60948.479     0.999219         8426      1280.00
   61014.015     0.999316         8427      1462.86
   61145.087     0.999414         8428      1706.67
   61145.087     0.999512         8428      2048.00
   61177.855     0.999561         8430      2275.56
   61177.855     0.999609         8430      2560.00
   61177.855     0.999658         8430      2925.71
   61177.855     0.999707         8430      3413.33
   61177.855     0.999756         8430      4096.00
   61210.623     0.999780         8431      4551.11
   61210.623     0.999805         8431      5120.00
   61210.623     0.999829         8431      5851.43
   61210.623     0.999854         8431      6826.67
   61210.623     0.999878         8431      8192.00
   61308.927     0.999890         8432      9102.22
   61308.927     1.000000         8432          inf
#[Mean    =    40475.796, StdDeviation   =    12925.939]
#[Max     =    61276.160, Total count    =         8432]
#[Buckets =           27, SubBuckets     =         2048]
----------------------------------------------------------
  8529 requests in 15.00m, 1.75MB read
  Socket errors: connect 0, read 0, write 4, timeout 19
Requests/sec:      9.47
Transfer/sec:      1.99KB
