Running 15m test @ http://10.99.165.126:8080/wrk2-api/post/compose
  2 threads and 4 connections
  Thread calibration: mean lat.: 3899.649ms, rate sampling interval: 14172ms
  Thread calibration: mean lat.: 3488.006ms, rate sampling interval: 13705ms
  Thread Stats   Avg      Stdev     99%   +/- Stdev
    Latency     1.16m    25.02s    1.70m    57.87%
    Req/Sec    27.23      6.43    33.00     88.89%
  Latency Distribution (HdrHistogram - Recorded Latency)
 50.000%   49.91s 
 75.000%    1.58m 
 90.000%    1.64m 
 99.000%    1.70m 
 99.900%    1.73m 
 99.990%    1.74m 
 99.999%    1.74m 
100.000%    1.74m 

  Detailed Percentile spectrum:
       Value   Percentile   TotalCount 1/(1-Percentile)

    7954.431     0.000000            2         1.00
   43319.295     0.100000         4970         1.11
   45318.143     0.200000         9970         1.25
   46497.791     0.300000        14924         1.43
   47742.975     0.400000        19869         1.67
   49905.663     0.500000        24772         2.00
   89587.711     0.550000        27279         2.22
   91291.647     0.600000        29780         2.50
   92798.975     0.650000        32204         2.86
   93847.551     0.700000        34687         3.33
   94830.591     0.750000        37207         4.00
   95354.879     0.775000        38430         4.44
   96206.847     0.800000        39679         5.00
   96796.671     0.825000        40953         5.71
   97255.423     0.850000        42120         6.67
   97714.175     0.875000        43404         8.00
   97976.319     0.887500        43945         8.89
   98303.999     0.900000        44676        10.00
   98631.679     0.912500        45215        11.43
   99090.431     0.925000        45832        13.33
   99483.647     0.937500        46497        16.00
   99680.255     0.943750        46856        17.78
   99811.327     0.950000        47065        20.00
  100073.471     0.956250        47428        22.86
  100270.079     0.962500        47694        26.67
  100532.223     0.968750        48042        32.00
  100663.295     0.971875        48143        35.56
  100925.439     0.975000        48290        40.00
  101253.119     0.978125        48451        45.71
  101515.263     0.981250        48613        53.33
  101777.407     0.984375        48787        64.00
  101842.943     0.985938        48827        71.11
  101974.015     0.987500        48938        80.00
  102039.551     0.989062        48994        91.43
  102170.623     0.990625        49063       106.67
  102367.231     0.992188        49133       128.00
  102498.303     0.992969        49180       142.22
  102957.055     0.993750        49218       160.00
  103153.663     0.994531        49260       182.86
  103219.199     0.995313        49281       213.33
  103350.271     0.996094        49334       256.00
  103415.807     0.996484        49350       284.44
  103481.343     0.996875        49376       320.00
  103546.879     0.997266        49390       365.71
  103612.415     0.997656        49411       426.67
  103677.951     0.998047        49435       512.00
  103677.951     0.998242        49435       568.89
  103743.487     0.998437        49455       640.00
  103743.487     0.998633        49455       731.43
  103743.487     0.998828        49455       853.33
  103874.559     0.999023        49476      1024.00
  103874.559     0.999121        49476      1137.78
  103874.559     0.999219        49476      1280.00
  103940.095     0.999316        49482      1462.86
  104005.631     0.999414        49493      1706.67
  104005.631     0.999512        49493      2048.00
  104005.631     0.999561        49493      2275.56
  104071.167     0.999609        49502      2560.00
  104071.167     0.999658        49502      2925.71
  104071.167     0.999707        49502      3413.33
  104071.167     0.999756        49502      4096.00
  104136.703     0.999780        49506      4551.11
  104136.703     0.999805        49506      5120.00
  104136.703     0.999829        49506      5851.43
  104136.703     0.999854        49506      6826.67
  104202.239     0.999878        49513      8192.00
  104202.239     1.000000        49513          inf
#[Mean    =    69336.879, StdDeviation   =    25023.419]
#[Max     =   104136.704, Total count    =        49513]
#[Buckets =           27, SubBuckets     =         2048]
----------------------------------------------------------
  49639 requests in 15.00m, 431.61MB read
  Socket errors: connect 0, read 0, write 5, timeout 0
Requests/sec:     55.15
Transfer/sec:    491.06KB
