Running 15m test @ http://10.99.165.126:8080/wrk2-api/post/compose
  2 threads and 4 connections
  Thread calibration: mean lat.: 4635.865ms, rate sampling interval: 15073ms
  Thread calibration: mean lat.: 6978.696ms, rate sampling interval: 17711ms
  Thread Stats   Avg      Stdev     99%   +/- Stdev
    Latency     1.38m    25.86s    1.88m    60.21%
    Req/Sec    13.13      3.76    16.00     88.99%
  Latency Distribution (HdrHistogram - Recorded Latency)
 50.000%    1.44m 
 75.000%    1.76m 
 90.000%    1.83m 
 99.000%    1.88m 
 99.900%    1.90m 
 99.990%    1.91m 
 99.999%    1.92m 
100.000%    1.92m 

  Detailed Percentile spectrum:
       Value   Percentile   TotalCount 1/(1-Percentile)

    7958.527     0.000000            1         1.00
   43646.975     0.100000         2441         1.11
   46071.807     0.200000         4892         1.25
   79888.383     0.300000         7318         1.43
   83689.471     0.400000         9761         1.67
   86507.519     0.500000        12156         2.00
   97386.495     0.550000        13372         2.22
   99614.719     0.600000        14618         2.50
  101056.511     0.650000        15801         2.86
  103677.951     0.700000        17024         3.33
  105775.103     0.750000        18257         4.00
  106627.071     0.775000        18851         4.44
  107216.895     0.800000        19481         5.00
  107741.183     0.825000        20090         5.71
  108396.543     0.850000        20676         6.67
  108986.367     0.875000        21282         8.00
  109314.047     0.887500        21598         8.89
  109576.191     0.900000        21862        10.00
  109903.871     0.912500        22201        11.43
  110297.087     0.925000        22526        13.33
  110690.303     0.937500        22828        16.00
  110821.375     0.943750        22937        17.78
  111017.983     0.950000        23103        20.00
  111214.591     0.956250        23246        22.86
  111476.735     0.962500        23378        26.67
  111738.879     0.968750        23536        32.00
  111869.951     0.971875        23605        35.56
  112066.559     0.975000        23691        40.00
  112197.631     0.978125        23770        45.71
  112328.703     0.981250        23836        53.33
  112525.311     0.984375        23910        64.00
  112656.383     0.985938        23956        71.11
  112787.455     0.987500        23985        80.00
  112984.063     0.989062        24031        91.43
  113115.135     0.990625        24081       106.67
  113180.671     0.992188        24101       128.00
  113246.207     0.992969        24119       142.22
  113311.743     0.993750        24141       160.00
  113442.815     0.994531        24177       182.86
  113442.815     0.995313        24177       213.33
  113573.887     0.996094        24202       256.00
  113639.423     0.996484        24219       284.44
  113639.423     0.996875        24219       320.00
  113704.959     0.997266        24228       365.71
  113770.495     0.997656        24242       426.67
  113770.495     0.998047        24242       512.00
  113836.031     0.998242        24251       568.89
  113836.031     0.998437        24251       640.00
  113901.567     0.998633        24256       731.43
  114032.639     0.998828        24260       853.33
  114163.711     0.999023        24267      1024.00
  114163.711     0.999121        24267      1137.78
  114229.247     0.999219        24270      1280.00
  114294.783     0.999316        24273      1462.86
  114360.319     0.999414        24274      1706.67
  114556.927     0.999512        24280      2048.00
  114556.927     0.999561        24280      2275.56
  114556.927     0.999609        24280      2560.00
  114556.927     0.999658        24280      2925.71
  114622.463     0.999707        24281      3413.33
  114687.999     0.999756        24285      4096.00
  114687.999     0.999780        24285      4551.11
  114687.999     0.999805        24285      5120.00
  114687.999     0.999829        24285      5851.43
  114687.999     0.999854        24285      6826.67
  114753.535     0.999878        24287      8192.00
  114753.535     0.999890        24287      9102.22
  114753.535     0.999902        24287     10240.00
  114753.535     0.999915        24287     11702.86
  114753.535     0.999927        24287     13653.33
  114753.535     0.999939        24287     16384.00
  114753.535     0.999945        24287     18204.44
  114753.535     0.999951        24287     20480.00
  114753.535     0.999957        24287     23405.71
  114950.143     0.999963        24288     27306.67
  114950.143     1.000000        24288          inf
#[Mean    =    83037.100, StdDeviation   =    25859.417]
#[Max     =   114884.608, Total count    =        24288]
#[Buckets =           27, SubBuckets     =         2048]
----------------------------------------------------------
  24337 requests in 15.00m, 300.85MB read
  Socket errors: connect 0, read 0, write 6, timeout 0
Requests/sec:     27.04
Transfer/sec:    342.24KB
