Running 15m test @ http://10.110.125.82:8080/wrk2-api/post/compose
  2 threads and 4 connections
  Thread calibration: mean lat.: 5.024ms, rate sampling interval: 13ms
  Thread calibration: mean lat.: 512.586ms, rate sampling interval: 2598ms
  Thread Stats   Avg      Stdev     99%   +/- Stdev
    Latency    11.19s    19.82s   50.20s    75.84%
    Req/Sec    30.84     48.03   166.00     84.06%
  Latency Distribution (HdrHistogram - Recorded Latency)
 50.000%   12.16ms
 75.000%   36.90ms
 90.000%   46.43s 
 99.000%   50.20s 
 99.900%   50.89s 
 99.990%    0.85m 
 99.999%    0.85m 
100.000%    0.86m 

  Detailed Percentile spectrum:
       Value   Percentile   TotalCount 1/(1-Percentile)

       0.043     0.000000            1         1.00
       3.733     0.100000         5271         1.11
       5.323     0.200000        10537         1.25
       9.631     0.300000        15818         1.43
      11.015     0.400000        21094         1.67
      12.159     0.500000        26351         2.00
      12.871     0.550000        28982         2.22
      13.815     0.600000        31610         2.50
      15.367     0.650000        34245         2.86
      18.383     0.700000        36874         3.33
      36.927     0.750000        39504         4.00
   43712.511     0.775000        40853         4.44
   44597.247     0.800000        42143         5.00
   45088.767     0.825000        43464         5.71
   45613.055     0.850000        44828         6.67
   46006.271     0.875000        46090         8.00
   46235.647     0.887500        46748         8.89
   46432.255     0.900000        47408        10.00
   46661.631     0.912500        48112        11.43
   46891.007     0.925000        48767        13.33
   47251.455     0.937500        49419        16.00
   47480.831     0.943750        49709        17.78
   47742.975     0.950000        50097        20.00
   47972.351     0.956250        50397        22.86
   48300.031     0.962500        50711        26.67
   48726.015     0.968750        51039        32.00
   48889.855     0.971875        51191        35.56
   49086.463     0.975000        51365        40.00
   49250.303     0.978125        51529        45.71
   49446.911     0.981250        51694        53.33
   49709.055     0.984375        51859        64.00
   49840.127     0.985938        51937        71.11
   49971.199     0.987500        52018        80.00
   50102.271     0.989062        52095        91.43
   50233.343     0.990625        52180       106.67
   50331.647     0.992188        52270       128.00
   50364.415     0.992969        52304       142.22
   50429.951     0.993750        52363       160.00
   50462.719     0.994531        52395       182.86
   50528.255     0.995313        52441       213.33
   50593.791     0.996094        52485       256.00
   50626.559     0.996484        52505       284.44
   50659.327     0.996875        52521       320.00
   50692.095     0.997266        52545       365.71
   50724.863     0.997656        52560       426.67
   50757.631     0.998047        52572       512.00
   50790.399     0.998242        52588       568.89
   50823.167     0.998437        52604       640.00
   50823.167     0.998633        52604       731.43
   50855.935     0.998828        52611       853.33
   50921.471     0.999023        52627      1024.00
   50921.471     0.999121        52627      1137.78
   50987.007     0.999219        52642      1280.00
   50987.007     0.999316        52642      1462.86
   50987.007     0.999414        52642      1706.67
   51019.775     0.999512        52648      2048.00
   51019.775     0.999561        52648      2275.56
   51052.543     0.999609        52651      2560.00
   51085.311     0.999658        52657      2925.71
   51085.311     0.999707        52657      3413.33
   51118.079     0.999756        52659      4096.00
   51150.847     0.999780        52661      4551.11
   51150.847     0.999805        52661      5120.00
   51183.615     0.999829        52663      5851.43
   51216.383     0.999854        52668      6826.67
   51216.383     0.999878        52668      8192.00
   51216.383     0.999890        52668      9102.22
   51216.383     0.999902        52668     10240.00
   51216.383     0.999915        52668     11702.86
   51216.383     0.999927        52668     13653.33
   51216.383     0.999939        52668     16384.00
   51249.151     0.999945        52669     18204.44
   51249.151     0.999951        52669     20480.00
   51249.151     0.999957        52669     23405.71
   51281.919     0.999963        52670     27306.67
   51281.919     0.999969        52670     32768.00
   51281.919     0.999973        52670     36408.89
   51281.919     0.999976        52670     40960.00
   51281.919     0.999979        52670     46811.43
   51347.455     0.999982        52671     54613.33
   51347.455     1.000000        52671          inf
#[Mean    =    11188.267, StdDeviation   =    19817.943]
#[Max     =    51314.688, Total count    =        52671]
#[Buckets =           27, SubBuckets     =         2048]
----------------------------------------------------------
  53166 requests in 15.00m, 420.38MB read
  Socket errors: connect 0, read 0, write 1, timeout 0
Requests/sec:     59.07
Transfer/sec:    478.28KB
