Running 15m test @ http://10.110.125.82:8080/wrk2-api/post/compose
  2 threads and 4 connections
  Thread calibration: mean lat.: 502.743ms, rate sampling interval: 195ms
  Thread calibration: mean lat.: 5351.023ms, rate sampling interval: 14483ms
  Thread Stats   Avg      Stdev     99%   +/- Stdev
    Latency    32.34s    19.24s   49.71s    74.11%
    Req/Sec    14.32      8.74    41.00     78.48%
  Latency Distribution (HdrHistogram - Recorded Latency)
 50.000%   42.24s 
 75.000%   44.99s 
 90.000%   46.89s 
 99.000%   49.71s 
 99.900%   50.92s 
 99.990%    0.86m 
 99.999%    0.86m 
100.000%    0.86m 

  Detailed Percentile spectrum:
       Value   Percentile   TotalCount 1/(1-Percentile)

       6.727     0.000000            1         1.00
      21.263     0.100000         2581         1.11
      28.047     0.200000         5157         1.25
   38436.863     0.300000         7733         1.43
   41254.911     0.400000        10353         1.67
   42237.951     0.500000        12963         2.00
   42696.703     0.550000        14169         2.22
   43220.991     0.600000        15460         2.50
   43876.351     0.650000        16778         2.86
   44466.175     0.700000        18043         3.33
   44990.463     0.750000        19356         4.00
   45285.375     0.775000        20031         4.44
   45547.519     0.800000        20629         5.00
   45842.431     0.825000        21259         5.71
   46137.343     0.850000        21904         6.67
   46497.791     0.875000        22585         8.00
   46661.631     0.887500        22866         8.89
   46891.007     0.900000        23221        10.00
   47120.383     0.912500        23529        11.43
   47415.295     0.925000        23857        13.33
   47710.207     0.937500        24163        16.00
   47874.047     0.943750        24323        17.78
   48070.655     0.950000        24479        20.00
   48300.031     0.956250        24654        22.86
   48496.639     0.962500        24803        26.67
   48693.247     0.968750        24957        32.00
   48824.319     0.971875        25063        35.56
   48889.855     0.975000        25126        40.00
   49020.927     0.978125        25219        45.71
   49119.231     0.981250        25283        53.33
   49283.071     0.984375        25370        64.00
   49381.375     0.985938        25405        71.11
   49479.679     0.987500        25443        80.00
   49610.751     0.989062        25480        91.43
   49774.591     0.990625        25520       106.67
   49905.663     0.992188        25564       128.00
   49971.199     0.992969        25588       142.22
   50003.967     0.993750        25607       160.00
   50069.503     0.994531        25624       182.86
   50135.039     0.995313        25643       213.33
   50233.343     0.996094        25661       256.00
   50298.879     0.996484        25671       284.44
   50397.183     0.996875        25685       320.00
   50462.719     0.997266        25691       365.71
   50626.559     0.997656        25704       426.67
   50692.095     0.998047        25713       512.00
   50724.863     0.998242        25719       568.89
   50757.631     0.998437        25724       640.00
   50790.399     0.998633        25730       731.43
   50823.167     0.998828        25731       853.33
   50921.471     0.999023        25736      1024.00
   50987.007     0.999121        25739      1137.78
   51085.311     0.999219        25742      1280.00
   51150.847     0.999316        25745      1462.86
   51183.615     0.999414        25747      1706.67
   51216.383     0.999512        25749      2048.00
   51314.687     0.999561        25750      2275.56
   51380.223     0.999609        25752      2560.00
   51412.991     0.999658        25753      2925.71
   51478.527     0.999707        25754      3413.33
   51511.295     0.999756        25755      4096.00
   51609.599     0.999780        25757      4551.11
   51609.599     0.999805        25757      5120.00
   51609.599     0.999829        25757      5851.43
   51642.367     0.999854        25759      6826.67
   51642.367     0.999878        25759      8192.00
   51642.367     0.999890        25759      9102.22
   51642.367     0.999902        25759     10240.00
   51642.367     0.999915        25759     11702.86
   51675.135     0.999927        25760     13653.33
   51675.135     0.999939        25760     16384.00
   51675.135     0.999945        25760     18204.44
   51675.135     0.999951        25760     20480.00
   51675.135     0.999957        25760     23405.71
   51871.743     0.999963        25761     27306.67
   51871.743     1.000000        25761          inf
#[Mean    =    32344.639, StdDeviation   =    19239.208]
#[Max     =    51838.976, Total count    =        25761]
#[Buckets =           27, SubBuckets     =         2048]
----------------------------------------------------------
  25879 requests in 15.00m, 320.27MB read
  Socket errors: connect 0, read 0, write 3, timeout 0
Requests/sec:     28.75
Transfer/sec:    364.36KB
