Running 15m test @ http://10.104.168.90:8080/wrk2-api/post/compose
  2 threads and 4 connections
  Thread calibration: mean lat.: 2149.195ms, rate sampling interval: 6778ms
  Thread calibration: mean lat.: 2696.477ms, rate sampling interval: 7360ms
  Thread Stats   Avg      Stdev     99%   +/- Stdev
    Latency     1.03m    19.04s    1.44m    79.03%
    Req/Sec     3.08      1.53     6.00     92.43%
  Latency Distribution (HdrHistogram - Recorded Latency)
 50.000%    1.11m 
 75.000%    1.28m 
 90.000%    1.35m 
 99.000%    1.44m 
 99.900%    1.49m 
 99.990%    1.50m 
 99.999%    1.50m 
100.000%    1.50m 

  Detailed Percentile spectrum:
       Value   Percentile   TotalCount 1/(1-Percentile)

     115.007     0.000000            1         1.00
   42926.079     0.100000          631         1.11
   46366.719     0.200000         1258         1.25
   49840.127     0.300000         1888         1.43
   62226.431     0.400000         2509         1.67
   66846.719     0.500000         3141         2.00
   68943.871     0.550000         3451         2.22
   72089.599     0.600000         3769         2.50
   73727.999     0.650000         4084         2.86
   75169.791     0.700000         4400         3.33
   76808.191     0.750000         4704         4.00
   77725.695     0.775000         4870         4.44
   78446.591     0.800000         5025         5.00
   79101.951     0.825000         5189         5.71
   79888.383     0.850000         5343         6.67
   80543.743     0.875000         5503         8.00
   80871.423     0.887500         5566         8.89
   81264.639     0.900000         5647        10.00
   81657.855     0.912500         5726        11.43
   82182.143     0.925000         5810        13.33
   82706.431     0.937500         5880        16.00
   82903.039     0.943750         5921        17.78
   83165.183     0.950000         5970        20.00
   83427.327     0.956250         6006        22.86
   83755.007     0.962500         6038        26.67
   84279.295     0.968750         6077        32.00
   84475.903     0.971875         6095        35.56
   84738.047     0.975000         6117        40.00
   85065.727     0.978125         6136        45.71
   85393.407     0.981250         6155        53.33
   85786.623     0.984375         6177        64.00
   85917.695     0.985938         6186        71.11
   86048.767     0.987500         6194        80.00
   86179.839     0.989062         6203        91.43
   86507.519     0.990625         6214       106.67
   86966.271     0.992188         6228       128.00
   86966.271     0.992969         6228       142.22
   87097.343     0.993750         6233       160.00
   87293.951     0.994531         6241       182.86
   87359.487     0.995313         6242       213.33
   87556.095     0.996094         6247       256.00
   87621.631     0.996484         6250       284.44
   87687.167     0.996875         6253       320.00
   87752.703     0.997266         6254       365.71
   87949.311     0.997656         6257       426.67
   88408.063     0.998047         6260       512.00
   88408.063     0.998242         6260       568.89
   88735.743     0.998437         6262       640.00
   88997.887     0.998633         6263       731.43
   89325.567     0.998828         6264       853.33
   89587.711     0.999023         6265      1024.00
   89653.247     0.999121         6267      1137.78
   89653.247     0.999219         6267      1280.00
   89653.247     0.999316         6267      1462.86
   89718.783     0.999414         6268      1706.67
   89718.783     0.999512         6268      2048.00
   89784.319     0.999561         6269      2275.56
   89784.319     0.999609         6269      2560.00
   89784.319     0.999658         6269      2925.71
   90046.463     0.999707         6271      3413.33
   90046.463     1.000000         6271          inf
#[Mean    =    61615.219, StdDeviation   =    19042.367]
#[Max     =    89980.928, Total count    =         6271]
#[Buckets =           27, SubBuckets     =         2048]
----------------------------------------------------------
  6340 requests in 15.00m, 1.30MB read
  Socket errors: connect 0, read 0, write 5, timeout 396
Requests/sec:      7.04
Transfer/sec:      1.48KB
