Running 15m test @ http://10.104.168.90:8080/wrk2-api/post/compose
  2 threads and 4 connections
  Thread calibration: mean lat.: 4131.670ms, rate sampling interval: 15441ms
  Thread calibration: mean lat.: 5122.903ms, rate sampling interval: 15065ms
  Thread Stats   Avg      Stdev     99%   +/- Stdev
    Latency     1.63m     9.71s    1.83m    95.96%
    Req/Sec    26.32      8.51    33.00     87.93%
  Latency Distribution (HdrHistogram - Recorded Latency)
 50.000%    1.64m 
 75.000%    1.71m 
 90.000%    1.75m 
 99.000%    1.83m 
 99.900%    1.85m 
 99.990%    1.85m 
 99.999%    1.86m 
100.000%    1.86m 

  Detailed Percentile spectrum:
       Value   Percentile   TotalCount 1/(1-Percentile)

    8196.095     0.000000            1         1.00
   93978.623     0.100000         4854         1.11
   95354.879     0.200000         9726         1.25
   96206.847     0.300000        14371         1.43
   97189.887     0.400000        19416         1.67
   98107.391     0.500000        24107         2.00
   98828.287     0.550000        26399         2.22
   99811.327     0.600000        28813         2.50
  100859.903     0.650000        31131         2.86
  101908.479     0.700000        33663         3.33
  102498.303     0.750000        36016         4.00
  102825.983     0.775000        37210         4.44
  103153.663     0.800000        38358         5.00
  103546.879     0.825000        39563         5.71
  104005.631     0.850000        40798         6.67
  104464.383     0.875000        41894         8.00
  104726.527     0.887500        42472         8.89
  104988.671     0.900000        43057        10.00
  105316.351     0.912500        43707        11.43
  105644.031     0.925000        44260        13.33
  106102.783     0.937500        44818        16.00
  106299.391     0.943750        45149        17.78
  106495.999     0.950000        45512        20.00
  106692.607     0.956250        45813        22.86
  106889.215     0.962500        46052        26.67
  107151.359     0.968750        46313        32.00
  107479.039     0.971875        46492        35.56
  107675.647     0.975000        46636        40.00
  108134.399     0.978125        46767        45.71
  108658.687     0.981250        46934        53.33
  108855.295     0.984375        47070        64.00
  108986.367     0.985938        47153        71.11
  109182.975     0.987500        47214        80.00
  109445.119     0.989062        47287        91.43
  109707.263     0.990625        47359       106.67
  110034.943     0.992188        47440       128.00
  110231.551     0.992969        47476       142.22
  110362.623     0.993750        47529       160.00
  110428.159     0.994531        47558       182.86
  110493.695     0.995313        47580       213.33
  110690.303     0.996094        47629       256.00
  110755.839     0.996484        47653       284.44
  110821.375     0.996875        47671       320.00
  110886.911     0.997266        47692       365.71
  110886.911     0.997656        47692       426.67
  111017.983     0.998047        47731       512.00
  111017.983     0.998242        47731       568.89
  111017.983     0.998437        47731       640.00
  111083.519     0.998633        47759       731.43
  111083.519     0.998828        47759       853.33
  111083.519     0.999023        47759      1024.00
  111149.055     0.999121        47776      1137.78
  111149.055     0.999219        47776      1280.00
  111149.055     0.999316        47776      1462.86
  111149.055     0.999414        47776      1706.67
  111214.591     0.999512        47790      2048.00
  111214.591     0.999561        47790      2275.56
  111214.591     0.999609        47790      2560.00
  111214.591     0.999658        47790      2925.71
  111214.591     0.999707        47790      3413.33
  111280.127     0.999756        47799      4096.00
  111280.127     0.999780        47799      4551.11
  111280.127     0.999805        47799      5120.00
  111280.127     0.999829        47799      5851.43
  111280.127     0.999854        47799      6826.67
  111280.127     0.999878        47799      8192.00
  111280.127     0.999890        47799      9102.22
  111280.127     0.999902        47799     10240.00
  111280.127     0.999915        47799     11702.86
  111345.663     0.999927        47803     13653.33
  111345.663     1.000000        47803          inf
#[Mean    =    98049.423, StdDeviation   =     9705.388]
#[Max     =   111280.128, Total count    =        47803]
#[Buckets =           27, SubBuckets     =         2048]
----------------------------------------------------------
  47927 requests in 15.00m, 388.48MB read
  Socket errors: connect 0, read 0, write 4, timeout 10
Requests/sec:     53.25
Transfer/sec:    441.98KB
