Running 15m test @ http://10.104.168.90:8080/wrk2-api/post/compose
  2 threads and 4 connections
  Thread calibration: mean lat.: 4559.460ms, rate sampling interval: 14622ms
  Thread calibration: mean lat.: 4757.009ms, rate sampling interval: 13672ms
  Thread Stats   Avg      Stdev     99%   +/- Stdev
    Latency     1.68m    10.46s    1.89m    87.73%
    Req/Sec    12.86      4.33    17.00     88.00%
  Latency Distribution (HdrHistogram - Recorded Latency)
 50.000%    1.70m 
 75.000%    1.77m 
 90.000%    1.83m 
 99.000%    1.89m 
 99.900%    1.90m 
 99.990%    1.92m 
 99.999%    1.92m 
100.000%    1.92m 

  Detailed Percentile spectrum:
       Value   Percentile   TotalCount 1/(1-Percentile)

    7462.911     0.000000            1         1.00
   92078.079     0.100000         2387         1.11
   94830.591     0.200000         4773         1.25
   97583.103     0.300000         7157         1.43
  100663.295     0.400000         9583         1.67
  102105.087     0.500000        11901         2.00
  102891.519     0.550000        13161         2.22
  103612.415     0.600000        14318         2.50
  104398.847     0.650000        15508         2.86
  105381.887     0.700000        16695         3.33
  106430.463     0.750000        17889         4.00
  106954.751     0.775000        18481         4.44
  107479.039     0.800000        19077         5.00
  107872.255     0.825000        19624         5.71
  108396.543     0.850000        20205         6.67
  109051.903     0.875000        20810         8.00
  109445.119     0.887500        21144         8.89
  109772.799     0.900000        21430        10.00
  110231.551     0.912500        21725        11.43
  110690.303     0.925000        21997        13.33
  111149.055     0.937500        22307        16.00
  111411.199     0.943750        22443        17.78
  111738.879     0.950000        22586        20.00
  112066.559     0.956250        22753        22.86
  112328.703     0.962500        22918        26.67
  112525.311     0.968750        23056        32.00
  112656.383     0.971875        23135        35.56
  112787.455     0.975000        23205        40.00
  112918.527     0.978125        23256        45.71
  113115.135     0.981250        23341        53.33
  113246.207     0.984375        23433        64.00
  113311.743     0.985938        23463        71.11
  113377.279     0.987500        23503        80.00
  113442.815     0.989062        23545        91.43
  113508.351     0.990625        23576       106.67
  113573.887     0.992188        23604       128.00
  113573.887     0.992969        23604       142.22
  113639.423     0.993750        23628       160.00
  113704.959     0.994531        23655       182.86
  113770.495     0.995313        23672       213.33
  113836.031     0.996094        23691       256.00
  113836.031     0.996484        23691       284.44
  113901.567     0.996875        23702       320.00
  113967.103     0.997266        23714       365.71
  113967.103     0.997656        23714       426.67
  114032.639     0.998047        23726       512.00
  114098.175     0.998242        23732       568.89
  114098.175     0.998437        23732       640.00
  114163.711     0.998633        23737       731.43
  114229.247     0.998828        23744       853.33
  114294.783     0.999023        23747      1024.00
  114360.319     0.999121        23755      1137.78
  114360.319     0.999219        23755      1280.00
  114360.319     0.999316        23755      1462.86
  114425.855     0.999414        23763      1706.67
  114425.855     0.999512        23763      2048.00
  114425.855     0.999561        23763      2275.56
  114425.855     0.999609        23763      2560.00
  114425.855     0.999658        23763      2925.71
  114425.855     0.999707        23763      3413.33
  114491.391     0.999756        23764      4096.00
  114491.391     0.999780        23764      4551.11
  114556.927     0.999805        23766      5120.00
  114556.927     0.999829        23766      5851.43
  114556.927     0.999854        23766      6826.67
  114950.143     0.999878        23767      8192.00
  114950.143     0.999890        23767      9102.22
  114950.143     0.999902        23767     10240.00
  114950.143     0.999915        23767     11702.86
  115015.679     0.999927        23769     13653.33
  115015.679     1.000000        23769          inf
#[Mean    =   100570.725, StdDeviation   =    10464.899]
#[Max     =   114950.144, Total count    =        23769]
#[Buckets =           27, SubBuckets     =         2048]
----------------------------------------------------------
  23828 requests in 15.00m, 294.87MB read
  Socket errors: connect 0, read 0, write 6, timeout 0
Requests/sec:     26.47
Transfer/sec:    335.48KB
