Running 15m test @ http://10.109.248.140:8080/wrk2-api/post/compose
  2 threads and 4 connections
  Thread calibration: mean lat.: 5564.825ms, rate sampling interval: 14802ms
  Thread calibration: mean lat.: 4091.632ms, rate sampling interval: 11354ms
  Thread Stats   Avg      Stdev     99%   +/- Stdev
    Latency    46.69s    12.53s    1.13m    61.63%
    Req/Sec     4.28      1.06     6.00     95.65%
  Latency Distribution (HdrHistogram - Recorded Latency)
 50.000%   47.64s 
 75.000%    0.96m 
 90.000%    1.03m 
 99.000%    1.13m 
 99.900%    1.16m 
 99.990%    1.18m 
 99.999%    1.18m 
100.000%    1.18m 

  Detailed Percentile spectrum:
       Value   Percentile   TotalCount 1/(1-Percentile)

    6520.831     0.000000            1         1.00
   30490.623     0.100000          849         1.11
   34340.863     0.200000         1696         1.25
   38273.023     0.300000         2542         1.43
   41943.039     0.400000         3384         1.67
   47644.671     0.500000         4230         2.00
   50561.023     0.550000         4657         2.22
   52658.175     0.600000         5079         2.50
   54755.327     0.650000         5507         2.86
   56328.191     0.700000         5926         3.33
   57737.215     0.750000         6345         4.00
   58327.039     0.775000         6555         4.44
   59015.167     0.800000         6773         5.00
   59572.223     0.825000         6984         5.71
   60227.583     0.850000         7191         6.67
   60948.479     0.875000         7408         8.00
   61472.767     0.887500         7512         8.89
   61964.287     0.900000         7615        10.00
   62521.343     0.912500         7723        11.43
   62980.095     0.925000         7823        13.33
   63569.919     0.937500         7930        16.00
   63963.135     0.943750         7983        17.78
   64323.583     0.950000         8037        20.00
   64815.103     0.956250         8090        22.86
   65372.159     0.962500         8140        26.67
   65994.751     0.968750         8196        32.00
   66387.967     0.971875         8221        35.56
   66551.807     0.975000         8248        40.00
   66748.415     0.978125         8275        45.71
   67010.559     0.981250         8299        53.33
   67305.471     0.984375         8328        64.00
   67502.079     0.985938         8339        71.11
   67698.687     0.987500         8354        80.00
   67895.295     0.989062         8367        91.43
   68157.439     0.990625         8380       106.67
   68354.047     0.992188         8394       128.00
   68485.119     0.992969         8400       142.22
   68550.655     0.993750         8407       160.00
   68616.191     0.994531         8414       182.86
   68681.727     0.995313         8419       213.33
   68812.799     0.996094         8427       256.00
   68878.335     0.996484         8429       284.44
   68943.871     0.996875         8432       320.00
   69074.943     0.997266         8436       365.71
   69206.015     0.997656         8440       426.67
   69337.087     0.998047         8443       512.00
   69337.087     0.998242         8443       568.89
   69402.623     0.998437         8444       640.00
   69468.159     0.998633         8446       731.43
   69533.695     0.998828         8448       853.33
   69599.231     0.999023         8449      1024.00
   69664.767     0.999121         8452      1137.78
   69664.767     0.999219         8452      1280.00
   69664.767     0.999316         8452      1462.86
   69730.303     0.999414         8454      1706.67
   69730.303     0.999512         8454      2048.00
   69730.303     0.999561         8454      2275.56
   69730.303     0.999609         8454      2560.00
   70516.735     0.999658         8455      2925.71
   70516.735     0.999707         8455      3413.33
   70516.735     0.999756         8455      4096.00
   70713.343     0.999780         8456      4551.11
   70713.343     0.999805         8456      5120.00
   70713.343     0.999829         8456      5851.43
   70713.343     0.999854         8456      6826.67
   70713.343     0.999878         8456      8192.00
   70909.951     0.999890         8457      9102.22
   70909.951     1.000000         8457          inf
#[Mean    =    46690.189, StdDeviation   =    12526.076]
#[Max     =    70844.416, Total count    =         8457]
#[Buckets =           27, SubBuckets     =         2048]
----------------------------------------------------------
  8489 requests in 15.00m, 1.74MB read
  Socket errors: connect 0, read 0, write 4, timeout 19
Requests/sec:      9.43
Transfer/sec:      1.98KB
