Running 15m test @ http://10.109.248.140:8080/wrk2-api/post/compose
  2 threads and 4 connections
  Thread calibration: mean lat.: 3091.706ms, rate sampling interval: 10305ms
  Thread calibration: mean lat.: 4425.793ms, rate sampling interval: 13303ms
  Thread Stats   Avg      Stdev     99%   +/- Stdev
    Latency     1.38m    23.06s    1.86m    54.87%
    Req/Sec    26.82      7.39    33.00     88.16%
  Latency Distribution (HdrHistogram - Recorded Latency)
 50.000%    1.30m 
 75.000%    1.73m 
 90.000%    1.80m 
 99.000%    1.86m 
 99.900%    1.90m 
 99.990%    1.91m 
 99.999%    1.91m 
100.000%    1.91m 

  Detailed Percentile spectrum:
       Value   Percentile   TotalCount 1/(1-Percentile)

    5124.095     0.000000            1         1.00
   52330.495     0.100000         4918         1.11
   54034.431     0.200000         9739         1.25
   72155.135     0.300000        14633         1.43
   74776.575     0.400000        19574         1.67
   77725.695     0.500000        24340         2.00
   98828.287     0.550000        26786         2.22
   99680.255     0.600000        29359         2.50
  100794.367     0.650000        31731         2.86
  101777.407     0.700000        34175         3.33
  104005.631     0.750000        36547         4.00
  104595.455     0.775000        37794         4.44
  105185.279     0.800000        38945         5.00
  105906.175     0.825000        40214         5.71
  106627.071     0.850000        41430         6.67
  107216.895     0.875000        42638         8.00
  107675.647     0.887500        43278         8.89
  108003.327     0.900000        43825        10.00
  108462.079     0.912500        44398        11.43
  109117.439     0.925000        45006        13.33
  109641.727     0.937500        45618        16.00
  109903.871     0.943750        45921        17.78
  110166.015     0.950000        46332        20.00
  110297.087     0.956250        46547        22.86
  110559.231     0.962500        46883        26.67
  110755.839     0.968750        47205        32.00
  110821.375     0.971875        47339        35.56
  110886.911     0.975000        47452        40.00
  111017.983     0.978125        47647        45.71
  111083.519     0.981250        47743        53.33
  111280.127     0.984375        47923        64.00
  111345.663     0.985938        47983        71.11
  111476.735     0.987500        48077        80.00
  111607.807     0.989062        48163        91.43
  111673.343     0.990625        48205       106.67
  111869.951     0.992188        48275       128.00
  112263.167     0.992969        48314       142.22
  112787.455     0.993750        48353       160.00
  113049.599     0.994531        48391       182.86
  113377.279     0.995313        48429       213.33
  113573.887     0.996094        48477       256.00
  113639.423     0.996484        48486       284.44
  113836.031     0.996875        48507       320.00
  113901.567     0.997266        48522       365.71
  114032.639     0.997656        48564       426.67
  114032.639     0.998047        48564       512.00
  114098.175     0.998242        48585       568.89
  114098.175     0.998437        48585       640.00
  114163.711     0.998633        48602       731.43
  114163.711     0.998828        48602       853.33
  114229.247     0.999023        48622      1024.00
  114229.247     0.999121        48622      1137.78
  114229.247     0.999219        48622      1280.00
  114229.247     0.999316        48622      1462.86
  114294.783     0.999414        48634      1706.67
  114294.783     0.999512        48634      2048.00
  114294.783     0.999561        48634      2275.56
  114360.319     0.999609        48638      2560.00
  114425.855     0.999658        48644      2925.71
  114425.855     0.999707        48644      3413.33
  114425.855     0.999756        48644      4096.00
  114491.391     0.999780        48645      4551.11
  114556.927     0.999805        48648      5120.00
  114556.927     0.999829        48648      5851.43
  114556.927     0.999854        48648      6826.67
  114622.463     0.999878        48651      8192.00
  114622.463     0.999890        48651      9102.22
  114622.463     0.999902        48651     10240.00
  114622.463     0.999915        48651     11702.86
  114687.999     0.999927        48652     13653.33
  114753.535     0.999939        48654     16384.00
  114753.535     0.999945        48654     18204.44
  114753.535     0.999951        48654     20480.00
  114753.535     0.999957        48654     23405.71
  114753.535     0.999963        48654     27306.67
  114753.535     0.999969        48654     32768.00
  114753.535     0.999973        48654     36408.89
  114753.535     0.999976        48654     40960.00
  114753.535     0.999979        48654     46811.43
  114819.071     0.999982        48655     54613.33
  114819.071     1.000000        48655          inf
#[Mean    =    82645.689, StdDeviation   =    23061.510]
#[Max     =   114753.536, Total count    =        48655]
#[Buckets =           27, SubBuckets     =         2048]
----------------------------------------------------------
  48822 requests in 15.00m, 426.03MB read
  Socket errors: connect 0, read 0, write 6, timeout 0
Requests/sec:     54.24
Transfer/sec:    484.70KB
