Running 15m test @ http://10.109.248.140:8080/wrk2-api/post/compose
  2 threads and 4 connections
  Thread calibration: mean lat.: 4338.763ms, rate sampling interval: 14139ms
  Thread calibration: mean lat.: 4676.358ms, rate sampling interval: 13737ms
  Thread Stats   Avg      Stdev     99%   +/- Stdev
    Latency     1.35m    18.98s    1.82m    58.53%
    Req/Sec    13.17      3.56    16.00     88.89%
  Latency Distribution (HdrHistogram - Recorded Latency)
 50.000%    1.40m 
 75.000%    1.61m 
 90.000%    1.70m 
 99.000%    1.82m 
 99.900%    1.84m 
 99.990%    1.85m 
 99.999%    1.85m 
100.000%    1.85m 

  Detailed Percentile spectrum:
       Value   Percentile   TotalCount 1/(1-Percentile)

    6975.487     0.000000            1         1.00
   54951.935     0.100000         2456         1.11
   56918.015     0.200000         4897         1.25
   76808.191     0.300000         7299         1.43
   80543.743     0.400000         9778         1.67
   83886.079     0.500000        12199         2.00
   86835.199     0.550000        13390         2.22
   89718.783     0.600000        14604         2.50
   93257.727     0.650000        15845         2.86
   94961.663     0.700000        17040         3.33
   96862.207     0.750000        18271         4.00
   97648.639     0.775000        18898         4.44
   98303.999     0.800000        19479         5.00
   99024.895     0.825000        20120         5.71
   99680.255     0.850000        20729         6.67
  100401.151     0.875000        21312         8.00
  100925.439     0.887500        21603         8.89
  101842.943     0.900000        21902        10.00
  102694.911     0.912500        22204        11.43
  103350.271     0.925000        22517        13.33
  104005.631     0.937500        22811        16.00
  104333.311     0.943750        22957        17.78
  104726.527     0.950000        23110        20.00
  105185.279     0.956250        23276        22.86
  105512.959     0.962500        23414        26.67
  105906.175     0.968750        23575        32.00
  106168.319     0.971875        23643        35.56
  106495.999     0.975000        23719        40.00
  106823.679     0.978125        23804        45.71
  107151.359     0.981250        23869        53.33
  107806.719     0.984375        23946        64.00
  108068.863     0.985938        23983        71.11
  108593.151     0.987500        24022        80.00
  108855.295     0.989062        24069        91.43
  109051.903     0.990625        24101       106.67
  109248.511     0.992188        24138       128.00
  109379.583     0.992969        24158       142.22
  109576.191     0.993750        24185       160.00
  109641.727     0.994531        24206       182.86
  109707.263     0.995313        24215       213.33
  109772.799     0.996094        24234       256.00
  109838.335     0.996484        24247       284.44
  109903.871     0.996875        24255       320.00
  109969.407     0.997266        24263       365.71
  110100.479     0.997656        24274       426.67
  110166.015     0.998047        24279       512.00
  110297.087     0.998242        24289       568.89
  110297.087     0.998437        24289       640.00
  110362.623     0.998633        24291       731.43
  110493.695     0.998828        24296       853.33
  110624.767     0.999023        24305      1024.00
  110624.767     0.999121        24305      1137.78
  110624.767     0.999219        24305      1280.00
  110690.303     0.999316        24312      1462.86
  110690.303     0.999414        24312      1706.67
  110755.839     0.999512        24315      2048.00
  110755.839     0.999561        24315      2275.56
  110755.839     0.999609        24315      2560.00
  110821.375     0.999658        24320      2925.71
  110821.375     0.999707        24320      3413.33
  110821.375     0.999756        24320      4096.00
  110821.375     0.999780        24320      4551.11
  110821.375     0.999805        24320      5120.00
  110821.375     0.999829        24320      5851.43
  110886.911     0.999854        24322      6826.67
  110886.911     0.999878        24322      8192.00
  110886.911     0.999890        24322      9102.22
  110886.911     0.999902        24322     10240.00
  110886.911     0.999915        24322     11702.86
  110952.447     0.999927        24323     13653.33
  110952.447     0.999939        24323     16384.00
  110952.447     0.999945        24323     18204.44
  110952.447     0.999951        24323     20480.00
  110952.447     0.999957        24323     23405.71
  111149.055     0.999963        24324     27306.67
  111149.055     1.000000        24324          inf
#[Mean    =    80848.376, StdDeviation   =    18983.545]
#[Max     =   111083.520, Total count    =        24324]
#[Buckets =           27, SubBuckets     =         2048]
----------------------------------------------------------
  24397 requests in 15.00m, 301.70MB read
  Socket errors: connect 0, read 0, write 5, timeout 0
Requests/sec:     27.10
Transfer/sec:    343.20KB
