Running 15m test @ http://10.104.28.55:8080/wrk2-api/post/compose
  2 threads and 4 connections
  Thread calibration: mean lat.: 3468.024ms, rate sampling interval: 10412ms
  Thread calibration: mean lat.: 1267.366ms, rate sampling interval: 4886ms
  Thread Stats   Avg      Stdev     99%   +/- Stdev
    Latency    37.14s    13.44s    0.92m    78.05%
    Req/Sec     3.52      1.55     7.00     95.13%
  Latency Distribution (HdrHistogram - Recorded Latency)
 50.000%   42.14s 
 75.000%   47.32s 
 90.000%   50.95s 
 99.000%    0.92m 
 99.900%    0.97m 
 99.990%    0.99m 
 99.999%    0.99m 
100.000%    0.99m 

  Detailed Percentile spectrum:
       Value   Percentile   TotalCount 1/(1-Percentile)

      20.575     0.000000            1         1.00
   22413.311     0.100000          649         1.11
   27017.215     0.200000         1299         1.25
   29655.039     0.300000         1949         1.43
   35192.831     0.400000         2596         1.67
   42139.647     0.500000         3247         2.00
   43548.671     0.550000         3574         2.22
   44695.551     0.600000         3901         2.50
   45645.823     0.650000         4221         2.86
   46530.559     0.700000         4546         3.33
   47316.991     0.750000         4879         4.00
   47742.975     0.775000         5030         4.44
   48201.727     0.800000         5193         5.00
   48726.015     0.825000         5357         5.71
   49348.607     0.850000         5516         6.67
   50135.039     0.875000         5680         8.00
   50593.791     0.887500         5760         8.89
   50954.239     0.900000         5840        10.00
   51347.455     0.912500         5923        11.43
   51806.207     0.925000         6006        13.33
   52297.727     0.937500         6084        16.00
   52559.871     0.943750         6129        17.78
   52756.479     0.950000         6164        20.00
   52985.855     0.956250         6209        22.86
   53182.463     0.962500         6247        26.67
   53510.143     0.968750         6287        32.00
   53673.983     0.971875         6307        35.56
   53837.823     0.975000         6326        40.00
   54034.431     0.978125         6348        45.71
   54231.039     0.981250         6369        53.33
   54493.183     0.984375         6388        64.00
   54689.791     0.985938         6399        71.11
   54788.095     0.987500         6407        80.00
   54984.703     0.989062         6421        91.43
   55115.775     0.990625         6428       106.67
   55279.615     0.992188         6439       128.00
   55410.687     0.992969         6445       142.22
   55508.991     0.993750         6448       160.00
   55771.135     0.994531         6453       182.86
   56557.567     0.995313         6458       213.33
   57081.855     0.996094         6463       256.00
   57442.303     0.996484         6466       284.44
   57573.375     0.996875         6468       320.00
   57671.679     0.997266         6471       365.71
   57868.287     0.997656         6473       426.67
   58064.895     0.998047         6477       512.00
   58064.895     0.998242         6477       568.89
   58097.663     0.998437         6478       640.00
   58294.271     0.998633         6480       731.43
   58425.343     0.998828         6481       853.33
   58458.111     0.999023         6483      1024.00
   58458.111     0.999121         6483      1137.78
   58458.111     0.999219         6483      1280.00
   58589.183     0.999316         6484      1462.86
   58720.255     0.999414         6485      1706.67
   58720.255     0.999512         6485      2048.00
   58884.095     0.999561         6486      2275.56
   58884.095     0.999609         6486      2560.00
   58884.095     0.999658         6486      2925.71
   59408.383     0.999707         6488      3413.33
   59408.383     1.000000         6488          inf
#[Mean    =    37139.089, StdDeviation   =    13441.096]
#[Max     =    59375.616, Total count    =         6488]
#[Buckets =           27, SubBuckets     =         2048]
----------------------------------------------------------
  6568 requests in 15.00m, 1.35MB read
  Socket errors: connect 0, read 0, write 3, timeout 401
Requests/sec:      7.30
Transfer/sec:      1.53KB
