Running 15m test @ http://10.104.28.55:8080/wrk2-api/post/compose
  2 threads and 4 connections
  Thread calibration: mean lat.: 3558.643ms, rate sampling interval: 14819ms
  Thread calibration: mean lat.: 3763.431ms, rate sampling interval: 12050ms
  Thread Stats   Avg      Stdev     99%   +/- Stdev
    Latency     1.63m     7.75s    1.73m    97.60%
    Req/Sec    26.34      8.52    33.00     87.97%
  Latency Distribution (HdrHistogram - Recorded Latency)
 50.000%    1.64m 
 75.000%    1.68m 
 90.000%    1.70m 
 99.000%    1.73m 
 99.900%    1.74m 
 99.990%    1.75m 
 99.999%    1.75m 
100.000%    1.75m 

  Detailed Percentile spectrum:
       Value   Percentile   TotalCount 1/(1-Percentile)

    7180.287     0.000000            1         1.00
   93913.087     0.100000         4882         1.11
   95944.703     0.200000         9684         1.25
   97189.887     0.300000        14558         1.43
   98041.855     0.400000        19404         1.67
   98697.215     0.500000        24032         2.00
   99090.431     0.550000        26734         2.22
   99483.647     0.600000        28923         2.50
   99942.399     0.650000        31153         2.86
  100401.151     0.700000        33570         3.33
  100794.367     0.750000        35895         4.00
  101056.511     0.775000        37398         4.44
  101253.119     0.800000        38498         5.00
  101449.727     0.825000        39554         5.71
  101646.335     0.850000        40757         6.67
  101842.943     0.875000        41907         8.00
  101974.015     0.887500        42661         8.89
  102105.087     0.900000        43386        10.00
  102170.623     0.912500        43714        11.43
  102301.695     0.925000        44322        13.33
  102498.303     0.937500        45079        16.00
  102563.839     0.943750        45278        17.78
  102629.375     0.950000        45483        20.00
  102760.447     0.956250        45865        22.86
  102891.519     0.962500        46211        26.67
  102957.055     0.968750        46360        32.00
  103088.127     0.971875        46586        35.56
  103153.663     0.975000        46693        40.00
  103219.199     0.978125        46816        45.71
  103350.271     0.981250        47057        53.33
  103415.807     0.984375        47171        64.00
  103415.807     0.985938        47171        71.11
  103481.343     0.987500        47254        80.00
  103546.879     0.989062        47348        91.43
  103612.415     0.990625        47425       106.67
  103677.951     0.992188        47468       128.00
  103743.487     0.992969        47517       142.22
  103809.023     0.993750        47556       160.00
  103874.559     0.994531        47589       182.86
  103940.095     0.995313        47628       213.33
  104005.631     0.996094        47662       256.00
  104071.167     0.996484        47702       284.44
  104071.167     0.996875        47702       320.00
  104136.703     0.997266        47728       365.71
  104136.703     0.997656        47728       426.67
  104202.239     0.998047        47758       512.00
  104202.239     0.998242        47758       568.89
  104267.775     0.998437        47783       640.00
  104267.775     0.998633        47783       731.43
  104267.775     0.998828        47783       853.33
  104333.311     0.999023        47793      1024.00
  104398.847     0.999121        47807      1137.78
  104398.847     0.999219        47807      1280.00
  104398.847     0.999316        47807      1462.86
  104464.383     0.999414        47813      1706.67
  104529.919     0.999512        47820      2048.00
  104529.919     0.999561        47820      2275.56
  104595.455     0.999609        47823      2560.00
  104595.455     0.999658        47823      2925.71
  104660.991     0.999707        47826      3413.33
  104792.063     0.999756        47831      4096.00
  104792.063     0.999780        47831      4551.11
  104792.063     0.999805        47831      5120.00
  104792.063     0.999829        47831      5851.43
  104857.599     0.999854        47835      6826.67
  104857.599     0.999878        47835      8192.00
  104857.599     0.999890        47835      9102.22
  104857.599     0.999902        47835     10240.00
  104857.599     0.999915        47835     11702.86
  104923.135     0.999927        47836     13653.33
  104988.671     0.999939        47839     16384.00
  104988.671     1.000000        47839          inf
#[Mean    =    97689.950, StdDeviation   =     7746.417]
#[Max     =   104923.136, Total count    =        47839]
#[Buckets =           27, SubBuckets     =         2048]
----------------------------------------------------------
  47966 requests in 15.00m, 408.21MB read
  Socket errors: connect 0, read 0, write 4, timeout 12
Requests/sec:     53.29
Transfer/sec:    464.43KB
