Running 15m test @ http://10.104.28.55:8080/wrk2-api/post/compose
  2 threads and 4 connections
  Thread calibration: mean lat.: 3432.296ms, rate sampling interval: 12476ms
  Thread calibration: mean lat.: 4942.967ms, rate sampling interval: 13279ms
  Thread Stats   Avg      Stdev     99%   +/- Stdev
    Latency     1.15m    31.37s    1.89m    61.55%
    Req/Sec    13.35      3.27    17.00     88.41%
  Latency Distribution (HdrHistogram - Recorded Latency)
 50.000%   43.42s 
 75.000%    1.69m 
 90.000%    1.76m 
 99.000%    1.89m 
 99.900%    1.94m 
 99.990%    1.94m 
 99.999%    1.95m 
100.000%    1.95m 

  Detailed Percentile spectrum:
       Value   Percentile   TotalCount 1/(1-Percentile)

    6492.159     0.000000            1         1.00
   37978.111     0.100000         2511         1.11
   39124.991     0.200000         5001         1.25
   40173.567     0.300000         7421         1.43
   41385.983     0.400000         9909         1.67
   43417.599     0.500000        12353         2.00
   93323.263     0.550000        13599         2.22
   97189.887     0.600000        14826         2.50
   98828.287     0.650000        16064         2.86
  100466.687     0.700000        17293         3.33
  101515.263     0.750000        18537         4.00
  101974.015     0.775000        19149         4.44
  102432.767     0.800000        19814         5.00
  102957.055     0.825000        20412         5.71
  103612.415     0.850000        21010         6.67
  104529.919     0.875000        21642         8.00
  105119.743     0.887500        21930         8.89
  105775.103     0.900000        22260        10.00
  106299.391     0.912500        22538        11.43
  106889.215     0.925000        22879        13.33
  107413.503     0.937500        23166        16.00
  107675.647     0.943750        23301        17.78
  108134.399     0.950000        23470        20.00
  108789.759     0.956250        23615        22.86
  109576.191     0.962500        23780        26.67
  110624.767     0.968750        23917        32.00
  111280.127     0.971875        24007        35.56
  111607.807     0.975000        24084        40.00
  112001.023     0.978125        24158        45.71
  112263.167     0.981250        24232        53.33
  112656.383     0.984375        24301        64.00
  112852.991     0.985938        24345        71.11
  112984.063     0.987500        24394        80.00
  113115.135     0.989062        24429        91.43
  113311.743     0.990625        24462       106.67
  113508.351     0.992188        24501       128.00
  113573.887     0.992969        24514       142.22
  113770.495     0.993750        24534       160.00
  114032.639     0.994531        24553       182.86
  114163.711     0.995313        24571       213.33
  114360.319     0.996094        24591       256.00
  114687.999     0.996484        24601       284.44
  115015.679     0.996875        24610       320.00
  115343.359     0.997266        24619       365.71
  115605.503     0.997656        24629       426.67
  115736.575     0.998047        24638       512.00
  115802.111     0.998242        24643       568.89
  115933.183     0.998437        24650       640.00
  115998.719     0.998633        24654       731.43
  116129.791     0.998828        24660       853.33
  116260.863     0.999023        24666      1024.00
  116260.863     0.999121        24666      1137.78
  116326.399     0.999219        24674      1280.00
  116326.399     0.999316        24674      1462.86
  116326.399     0.999414        24674      1706.67
  116326.399     0.999512        24674      2048.00
  116391.935     0.999561        24677      2275.56
  116391.935     0.999609        24677      2560.00
  116523.007     0.999658        24680      2925.71
  116523.007     0.999707        24680      3413.33
  116523.007     0.999756        24680      4096.00
  116588.543     0.999780        24684      4551.11
  116588.543     0.999805        24684      5120.00
  116588.543     0.999829        24684      5851.43
  116588.543     0.999854        24684      6826.67
  116588.543     0.999878        24684      8192.00
  116588.543     0.999890        24684      9102.22
  116588.543     0.999902        24684     10240.00
  116588.543     0.999915        24684     11702.86
  116654.079     0.999927        24685     13653.33
  116654.079     0.999939        24685     16384.00
  116654.079     0.999945        24685     18204.44
  116654.079     0.999951        24685     20480.00
  116654.079     0.999957        24685     23405.71
  116719.615     0.999963        24686     27306.67
  116719.615     1.000000        24686          inf
#[Mean    =    69091.514, StdDeviation   =    31369.619]
#[Max     =   116654.080, Total count    =        24686]
#[Buckets =           27, SubBuckets     =         2048]
----------------------------------------------------------
  24751 requests in 15.00m, 306.23MB read
  Socket errors: connect 0, read 0, write 4, timeout 0
Requests/sec:     27.50
Transfer/sec:    348.40KB
