Running 15m test @ http://10.108.242.44:8080/wrk2-api/post/compose
  2 threads and 4 connections
  Thread calibration: mean lat.: 23.048ms, rate sampling interval: 62ms
  Thread calibration: mean lat.: 22.159ms, rate sampling interval: 69ms
  Thread Stats   Avg      Stdev     99%   +/- Stdev
    Latency   398.61ms  404.78ms   1.83s    86.44%
    Req/Sec     4.88      8.61    32.00     83.97%
  Latency Distribution (HdrHistogram - Recorded Latency)
 50.000%  273.92ms
 75.000%  551.42ms
 90.000%  926.21ms
 99.000%    1.83s 
 99.900%    2.86s 
 99.990%    3.78s 
 99.999%    4.02s 
100.000%    4.02s 

  Detailed Percentile spectrum:
       Value   Percentile   TotalCount 1/(1-Percentile)

       8.463     0.000000            1         1.00
      35.999     0.100000          884         1.11
      82.175     0.200000         1768         1.25
     138.239     0.300000         2652         1.43
     203.391     0.400000         3537         1.67
     273.919     0.500000         4420         2.00
     317.183     0.550000         4863         2.22
     364.799     0.600000         5306         2.50
     420.607     0.650000         5746         2.86
     481.535     0.700000         6189         3.33
     552.447     0.750000         6633         4.00
     594.943     0.775000         6854         4.44
     647.679     0.800000         7073         5.00
     708.095     0.825000         7293         5.71
     765.951     0.850000         7514         6.67
     834.559     0.875000         7735         8.00
     883.711     0.887500         7845         8.89
     926.719     0.900000         7956        10.00
     968.703     0.912500         8066        11.43
    1021.951     0.925000         8178        13.33
    1101.823     0.937500         8288        16.00
    1149.951     0.943750         8345        17.78
    1204.223     0.950000         8399        20.00
    1255.423     0.956250         8455        22.86
    1313.791     0.962500         8508        26.67
    1389.567     0.968750         8563        32.00
    1422.335     0.971875         8592        35.56
    1465.343     0.975000         8621        40.00
    1511.423     0.978125         8646        45.71
    1573.887     0.981250         8675        53.33
    1645.567     0.984375         8701        64.00
    1687.551     0.985938         8715        71.11
    1743.871     0.987500         8729        80.00
    1793.023     0.989062         8743        91.43
    1853.439     0.990625         8757       106.67
    1951.743     0.992188         8770       128.00
    2020.351     0.992969         8777       142.22
    2071.551     0.993750         8784       160.00
    2162.687     0.994531         8791       182.86
    2250.751     0.995313         8798       213.33
    2322.431     0.996094         8805       256.00
    2361.343     0.996484         8808       284.44
    2424.831     0.996875         8812       320.00
    2455.551     0.997266         8815       365.71
    2588.671     0.997656         8819       426.67
    2666.495     0.998047         8822       512.00
    2695.167     0.998242         8824       568.89
    2797.567     0.998437         8827       640.00
    2797.567     0.998633         8827       731.43
    2854.911     0.998828         8829       853.33
    2879.487     0.999023         8831      1024.00
    2971.647     0.999121         8832      1137.78
    3039.231     0.999219         8833      1280.00
    3039.231     0.999316         8833      1462.86
    3129.343     0.999414         8834      1706.67
    3149.823     0.999512         8835      2048.00
    3260.415     0.999561         8836      2275.56
    3260.415     0.999609         8836      2560.00
    3260.415     0.999658         8836      2925.71
    3389.439     0.999707         8837      3413.33
    3389.439     0.999756         8837      4096.00
    3784.703     0.999780         8838      4551.11
    3784.703     0.999805         8838      5120.00
    3784.703     0.999829         8838      5851.43
    3784.703     0.999854         8838      6826.67
    3784.703     0.999878         8838      8192.00
    4024.319     0.999890         8839      9102.22
    4024.319     1.000000         8839          inf
#[Mean    =      398.612, StdDeviation   =      404.784]
#[Max     =     4022.272, Total count    =         8839]
#[Buckets =           27, SubBuckets     =         2048]
----------------------------------------------------------
  8955 requests in 15.00m, 1.84MB read
  Socket errors: connect 0, read 0, write 4, timeout 18
Requests/sec:      9.95
Transfer/sec:      2.09KB
