Running 15m test @ http://10.108.187.126:8080/wrk2-api/post/compose
  2 threads and 4 connections
  Thread calibration: mean lat.: 17.374ms, rate sampling interval: 43ms
  Thread calibration: mean lat.: 17.282ms, rate sampling interval: 41ms
  Thread Stats   Avg      Stdev     99%   +/- Stdev
    Latency     5.99s    10.06s   30.51s    76.70%
    Req/Sec     4.92     10.77    47.00     81.15%
  Latency Distribution (HdrHistogram - Recorded Latency)
 50.000%  579.07ms
 75.000%    1.93s 
 90.000%   24.36s 
 99.000%   30.51s 
 99.900%   32.05s 
 99.990%   32.46s 
 99.999%   32.46s 
100.000%   32.46s 

  Detailed Percentile spectrum:
       Value   Percentile   TotalCount 1/(1-Percentile)

      10.119     0.000000            1         1.00
      69.311     0.100000          878         1.11
     166.015     0.200000         1757         1.25
     277.759     0.300000         2635         1.43
     405.503     0.400000         3512         1.67
     579.071     0.500000         4391         2.00
     686.591     0.550000         4829         2.22
     808.959     0.600000         5271         2.50
     970.751     0.650000         5708         2.86
    1240.063     0.700000         6147         3.33
    1932.287     0.750000         6585         4.00
   17989.631     0.775000         6805         4.44
   19972.095     0.800000         7025         5.00
   21266.431     0.825000         7246         5.71
   22183.935     0.850000         7463         6.67
   23183.359     0.875000         7684         8.00
   23691.263     0.887500         7795         8.89
   24363.007     0.900000         7904        10.00
   25034.751     0.912500         8014        11.43
   25837.567     0.925000         8124        13.33
   26574.847     0.937500         8235        16.00
   26820.607     0.943750         8291        17.78
   27082.751     0.950000         8341        20.00
   27410.431     0.956250         8396        22.86
   27721.727     0.962500         8451        26.67
   28196.863     0.968750         8506        32.00
   28704.767     0.971875         8537        35.56
   28950.527     0.975000         8562        40.00
   29245.439     0.978125         8589        45.71
   29523.967     0.981250         8617        53.33
   29835.263     0.984375         8644        64.00
   29999.103     0.985938         8657        71.11
   30146.559     0.987500         8671        80.00
   30359.551     0.989062         8685        91.43
   30556.159     0.990625         8699       106.67
   30736.383     0.992188         8715       128.00
   30851.071     0.992969         8719       142.22
   30916.607     0.993750         8726       160.00
   31064.063     0.994531         8732       182.86
   31227.903     0.995313         8739       213.33
   31358.975     0.996094         8746       256.00
   31391.743     0.996484         8750       284.44
   31522.815     0.996875         8754       320.00
   31539.199     0.997266         8756       365.71
   31719.423     0.997656         8761       426.67
   31752.191     0.998047         8763       512.00
   31801.343     0.998242         8765       568.89
   31834.111     0.998437         8767       640.00
   31883.263     0.998633         8768       731.43
   31981.567     0.998828         8770       853.33
   32047.103     0.999023         8773      1024.00
   32047.103     0.999121         8773      1137.78
   32096.255     0.999219         8774      1280.00
   32096.255     0.999316         8774      1462.86
   32210.943     0.999414         8775      1706.67
   32227.327     0.999512         8777      2048.00
   32227.327     0.999561         8777      2275.56
   32227.327     0.999609         8777      2560.00
   32227.327     0.999658         8777      2925.71
   32391.167     0.999707         8778      3413.33
   32391.167     0.999756         8778      4096.00
   32456.703     0.999780         8780      4551.11
   32456.703     1.000000         8780          inf
#[Mean    =     5986.388, StdDeviation   =    10061.947]
#[Max     =    32440.320, Total count    =         8780]
#[Buckets =           27, SubBuckets     =         2048]
----------------------------------------------------------
  8894 requests in 15.00m, 1.82MB read
  Socket errors: connect 0, read 0, write 6, timeout 16
Requests/sec:      9.88
Transfer/sec:      2.07KB
