Running 15m test @ http://10.108.187.126:8080/wrk2-api/post/compose
  2 threads and 4 connections
  Thread calibration: mean lat.: 5.269ms, rate sampling interval: 15ms
  Thread calibration: mean lat.: 6.774ms, rate sampling interval: 18ms
  Thread Stats   Avg      Stdev     99%   +/- Stdev
    Latency     6.75s    12.17s   32.06s    77.24%
    Req/Sec    30.34     42.75   166.00     91.52%
  Latency Distribution (HdrHistogram - Recorded Latency)
 50.000%  178.18ms
 75.000%  477.70ms
 90.000%   29.23s 
 99.000%   32.06s 
 99.900%   32.98s 
 99.990%   33.37s 
 99.999%   33.39s 
100.000%   33.42s 

  Detailed Percentile spectrum:
       Value   Percentile   TotalCount 1/(1-Percentile)

       1.743     0.000000            1         1.00
      26.143     0.100000         5279         1.11
      53.887     0.200000        10552         1.25
      87.487     0.300000        15830         1.43
     128.383     0.400000        21114         1.67
     178.175     0.500000        26388         2.00
     207.103     0.550000        29024         2.22
     242.559     0.600000        31662         2.50
     285.695     0.650000        34294         2.86
     349.951     0.700000        36941         3.33
     477.695     0.750000        39571         4.00
   25952.255     0.775000        40896         4.44
   27312.127     0.800000        42218         5.00
   28016.639     0.825000        43575         5.71
   28442.623     0.850000        44882         6.67
   28803.071     0.875000        46200         8.00
   29016.063     0.887500        46868         8.89
   29229.055     0.900000        47509        10.00
   29474.815     0.912500        48173        11.43
   29753.343     0.925000        48807        13.33
   30015.487     0.937500        49484        16.00
   30146.559     0.943750        49821        17.78
   30326.783     0.950000        50129        20.00
   30539.775     0.956250        50465        22.86
   30785.535     0.962500        50793        26.67
   30982.143     0.968750        51124        32.00
   31096.831     0.971875        51287        35.56
   31227.903     0.975000        51462        40.00
   31375.359     0.978125        51616        45.71
   31522.815     0.981250        51775        53.33
   31670.271     0.984375        51938        64.00
   31768.575     0.985938        52019        71.11
   31866.879     0.987500        52101        80.00
   31997.951     0.989062        52190        91.43
   32112.639     0.990625        52278       106.67
   32227.327     0.992188        52349       128.00
   32276.479     0.992969        52393       142.22
   32342.015     0.993750        52444       160.00
   32374.783     0.994531        52474       182.86
   32456.703     0.995313        52517       213.33
   32555.007     0.996094        52559       256.00
   32604.159     0.996484        52577       284.44
   32669.695     0.996875        52598       320.00
   32735.231     0.997266        52622       365.71
   32767.999     0.997656        52637       426.67
   32833.535     0.998047        52661       512.00
   32866.303     0.998242        52672       568.89
   32899.071     0.998437        52679       640.00
   32915.455     0.998633        52691       731.43
   32964.607     0.998828        52703       853.33
   32997.375     0.999023        52711      1024.00
   33013.759     0.999121        52721      1137.78
   33013.759     0.999219        52721      1280.00
   33030.143     0.999316        52725      1462.86
   33062.911     0.999414        52734      1706.67
   33112.063     0.999512        52736      2048.00
   33128.447     0.999561        52740      2275.56
   33128.447     0.999609        52740      2560.00
   33161.215     0.999658        52742      2925.71
   33177.599     0.999707        52745      3413.33
   33210.367     0.999756        52748      4096.00
   33226.751     0.999780        52749      4551.11
   33243.135     0.999805        52750      5120.00
   33259.519     0.999829        52753      5851.43
   33259.519     0.999854        52753      6826.67
   33275.903     0.999878        52754      8192.00
   33374.207     0.999890        52755      9102.22
   33374.207     0.999902        52755     10240.00
   33390.591     0.999915        52759     11702.86
   33390.591     0.999927        52759     13653.33
   33390.591     0.999939        52759     16384.00
   33390.591     0.999945        52759     18204.44
   33390.591     0.999951        52759     20480.00
   33390.591     0.999957        52759     23405.71
   33390.591     0.999963        52759     27306.67
   33390.591     0.999969        52759     32768.00
   33390.591     0.999973        52759     36408.89
   33390.591     0.999976        52759     40960.00
   33390.591     0.999979        52759     46811.43
   33423.359     0.999982        52760     54613.33
   33423.359     1.000000        52760          inf
#[Mean    =     6749.192, StdDeviation   =    12167.593]
#[Max     =    33406.976, Total count    =        52760]
#[Buckets =           27, SubBuckets     =         2048]
----------------------------------------------------------
  53412 requests in 15.00m, 456.14MB read
  Socket errors: connect 0, read 4, write 5, timeout 0
Requests/sec:     59.34
Transfer/sec:    518.97KB
