Running 15m test @ http://10.103.140.156:8080/wrk2-api/post/compose
  2 threads and 4 connections
  Thread calibration: mean lat.: 17.848ms, rate sampling interval: 43ms
  Thread calibration: mean lat.: 17.295ms, rate sampling interval: 45ms
  Thread Stats   Avg      Stdev     99%   +/- Stdev
    Latency   690.01ms  731.82ms   3.24s    86.12%
    Req/Sec     4.93     10.48    46.00     80.22%
  Latency Distribution (HdrHistogram - Recorded Latency)
 50.000%  453.38ms
 75.000%  980.48ms
 90.000%    1.67s 
 99.000%    3.24s 
 99.900%    4.76s 
 99.990%    5.68s 
 99.999%    5.78s 
100.000%    5.78s 

  Detailed Percentile spectrum:
       Value   Percentile   TotalCount 1/(1-Percentile)

      10.303     0.000000            1         1.00
      36.959     0.100000          883         1.11
     110.783     0.200000         1766         1.25
     199.807     0.300000         2650         1.43
     312.319     0.400000         3533         1.67
     453.375     0.500000         4418         2.00
     536.063     0.550000         4856         2.22
     628.223     0.600000         5299         2.50
     736.255     0.650000         5739         2.86
     843.263     0.700000         6180         3.33
     980.479     0.750000         6623         4.00
    1059.839     0.775000         6844         4.44
    1154.047     0.800000         7064         5.00
    1253.375     0.825000         7284         5.71
    1370.111     0.850000         7504         6.67
    1497.087     0.875000         7726         8.00
    1576.959     0.887500         7837         8.89
    1670.143     0.900000         7946        10.00
    1762.303     0.912500         8056        11.43
    1885.183     0.925000         8166        13.33
    2021.375     0.937500         8278        16.00
    2103.295     0.943750         8335        17.78
    2162.687     0.950000         8387        20.00
    2281.471     0.956250         8443        22.86
    2383.871     0.962500         8498        26.67
    2531.327     0.968750         8554        32.00
    2574.335     0.971875         8581        35.56
    2684.927     0.975000         8608        40.00
    2826.239     0.978125         8635        45.71
    2910.207     0.981250         8663        53.33
    2985.983     0.984375         8692        64.00
    3059.711     0.985938         8704        71.11
    3139.583     0.987500         8718        80.00
    3192.831     0.989062         8732        91.43
    3262.463     0.990625         8746       106.67
    3381.247     0.992188         8760       128.00
    3442.687     0.992969         8766       142.22
    3620.863     0.993750         8773       160.00
    3692.543     0.994531         8780       182.86
    3827.711     0.995313         8787       213.33
    3954.687     0.996094         8794       256.00
    4005.887     0.996484         8797       284.44
    4165.631     0.996875         8801       320.00
    4202.495     0.997266         8804       365.71
    4243.455     0.997656         8808       426.67
    4345.855     0.998047         8811       512.00
    4386.815     0.998242         8813       568.89
    4530.175     0.998437         8815       640.00
    4546.559     0.998633         8816       731.43
    4677.631     0.998828         8818       853.33
    4841.471     0.999023         8820      1024.00
    4874.239     0.999121         8821      1137.78
    4935.679     0.999219         8822      1280.00
    4935.679     0.999316         8822      1462.86
    4939.775     0.999414         8823      1706.67
    5070.847     0.999512         8824      2048.00
    5517.311     0.999561         8825      2275.56
    5517.311     0.999609         8825      2560.00
    5517.311     0.999658         8825      2925.71
    5566.463     0.999707         8826      3413.33
    5566.463     0.999756         8826      4096.00
    5681.151     0.999780         8827      4551.11
    5681.151     0.999805         8827      5120.00
    5681.151     0.999829         8827      5851.43
    5681.151     0.999854         8827      6826.67
    5681.151     0.999878         8827      8192.00
    5779.455     0.999890         8828      9102.22
    5779.455     1.000000         8828          inf
#[Mean    =      690.013, StdDeviation   =      731.815]
#[Max     =     5775.360, Total count    =         8828]
#[Buckets =           27, SubBuckets     =         2048]
----------------------------------------------------------
  8945 requests in 15.00m, 1.83MB read
  Socket errors: connect 0, read 1, write 12, timeout 17
Requests/sec:      9.94
Transfer/sec:      2.09KB
