Running 15m test @ http://10.103.140.156:8080/wrk2-api/post/compose
  2 threads and 4 connections
  Thread calibration: mean lat.: 5.420ms, rate sampling interval: 15ms
  Thread calibration: mean lat.: 4.943ms, rate sampling interval: 14ms
  Thread Stats   Avg      Stdev     99%   +/- Stdev
    Latency     1.94s     7.30s   33.46s    94.37%
    Req/Sec    30.49     45.10   153.00     93.27%
  Latency Distribution (HdrHistogram - Recorded Latency)
 50.000%  140.29ms
 75.000%  249.73ms
 90.000%  428.29ms
 99.000%   33.46s 
 99.900%   34.87s 
 99.990%   35.19s 
 99.999%   35.26s 
100.000%   35.29s 

  Detailed Percentile spectrum:
       Value   Percentile   TotalCount 1/(1-Percentile)

       0.619     0.000000            1         1.00
      33.951     0.100000         5275         1.11
      58.943     0.200000        10546         1.25
      83.135     0.300000        15818         1.43
     109.951     0.400000        21098         1.67
     140.287     0.500000        26373         2.00
     157.311     0.550000        28992         2.22
     176.127     0.600000        31633         2.50
     196.991     0.650000        34277         2.86
     221.311     0.700000        36904         3.33
     249.855     0.750000        39539         4.00
     267.519     0.775000        40863         4.44
     287.743     0.800000        42174         5.00
     311.295     0.825000        43489         5.71
     339.199     0.850000        44815         6.67
     376.063     0.875000        46123         8.00
     399.871     0.887500        46788         8.89
     428.287     0.900000        47443        10.00
     461.567     0.912500        48102        11.43
     517.119     0.925000        48759        13.33
     623.615     0.937500        49419        16.00
   27410.431     0.943750        49748        17.78
   29753.343     0.950000        50078        20.00
   30687.231     0.956250        50410        22.86
   31145.983     0.962500        50744        26.67
   31506.431     0.968750        51065        32.00
   31752.191     0.971875        51237        35.56
   32079.871     0.975000        51401        40.00
   32309.247     0.978125        51562        45.71
   32555.007     0.981250        51724        53.33
   32915.455     0.984375        51893        64.00
   33095.679     0.985938        51975        71.11
   33210.367     0.987500        52059        80.00
   33357.823     0.989062        52137        91.43
   33488.895     0.990625        52221       106.67
   33751.039     0.992188        52307       128.00
   33849.343     0.992969        52346       142.22
   33947.647     0.993750        52403       160.00
   33980.415     0.994531        52423       182.86
   34111.487     0.995313        52470       213.33
   34275.327     0.996094        52509       256.00
   34439.167     0.996484        52527       284.44
   34537.471     0.996875        52548       320.00
   34603.007     0.997266        52580       365.71
   34635.775     0.997656        52601       426.67
   34701.311     0.998047        52613       512.00
   34734.079     0.998242        52621       568.89
   34766.847     0.998437        52631       640.00
   34799.615     0.998633        52644       731.43
   34832.383     0.998828        52657       853.33
   34865.151     0.999023        52666      1024.00
   34865.151     0.999121        52666      1137.78
   34897.919     0.999219        52675      1280.00
   34897.919     0.999316        52675      1462.86
   34930.687     0.999414        52681      1706.67
   34963.455     0.999512        52690      2048.00
   34963.455     0.999561        52690      2275.56
   34996.223     0.999609        52695      2560.00
   34996.223     0.999658        52695      2925.71
   35028.991     0.999707        52696      3413.33
   35061.759     0.999756        52699      4096.00
   35094.527     0.999780        52700      4551.11
   35127.295     0.999805        52702      5120.00
   35127.295     0.999829        52702      5851.43
   35160.063     0.999854        52705      6826.67
   35160.063     0.999878        52705      8192.00
   35192.831     0.999890        52707      9102.22
   35192.831     0.999902        52707     10240.00
   35192.831     0.999915        52707     11702.86
   35225.599     0.999927        52708     13653.33
   35225.599     0.999939        52708     16384.00
   35258.367     0.999945        52710     18204.44
   35258.367     0.999951        52710     20480.00
   35258.367     0.999957        52710     23405.71
   35258.367     0.999963        52710     27306.67
   35258.367     0.999969        52710     32768.00
   35258.367     0.999973        52710     36408.89
   35258.367     0.999976        52710     40960.00
   35258.367     0.999979        52710     46811.43
   35291.135     0.999982        52711     54613.33
   35291.135     1.000000        52711          inf
#[Mean    =     1941.433, StdDeviation   =     7295.396]
#[Max     =    35258.368, Total count    =        52711]
#[Buckets =           27, SubBuckets     =         2048]
----------------------------------------------------------
  53366 requests in 15.00m, 458.60MB read
  Socket errors: connect 0, read 0, write 26, timeout 0
Requests/sec:     59.29
Transfer/sec:    521.75KB
