Running 15m test @ http://10.103.140.156:8080/wrk2-api/post/compose
  2 threads and 4 connections
  Thread calibration: mean lat.: 32.369ms, rate sampling interval: 101ms
  Thread calibration: mean lat.: 32.978ms, rate sampling interval: 90ms
  Thread Stats   Avg      Stdev     99%   +/- Stdev
    Latency     2.35s     7.29s   30.74s    92.49%
    Req/Sec    14.56     12.19    49.00     59.21%
  Latency Distribution (HdrHistogram - Recorded Latency)
 50.000%  246.53ms
 75.000%  464.13ms
 90.000%  878.59ms
 99.000%   30.74s 
 99.900%   34.96s 
 99.990%   35.49s 
 99.999%   35.65s 
100.000%   35.65s 

  Detailed Percentile spectrum:
       Value   Percentile   TotalCount 1/(1-Percentile)

       3.185     0.000000            1         1.00
      53.887     0.100000         2632         1.11
      91.967     0.200000         5263         1.25
     136.447     0.300000         7897         1.43
     186.751     0.400000        10523         1.67
     246.527     0.500000        13160         2.00
     278.015     0.550000        14470         2.22
     314.623     0.600000        15790         2.50
     354.559     0.650000        17107         2.86
     405.759     0.700000        18414         3.33
     464.127     0.750000        19730         4.00
     498.687     0.775000        20389         4.44
     535.551     0.800000        21048         5.00
     584.703     0.825000        21708         5.71
     645.119     0.850000        22361         6.67
     733.695     0.875000        23021         8.00
     792.575     0.887500        23348         8.89
     878.591     0.900000        23677        10.00
    1012.223     0.912500        24005        11.43
   23592.959     0.925000        24333        13.33
   25640.959     0.937500        24663        16.00
   25985.023     0.943750        24826        17.78
   26329.087     0.950000        25000        20.00
   26574.847     0.956250        25155        22.86
   26935.295     0.962500        25319        26.67
   27754.495     0.968750        25483        32.00
   28295.167     0.971875        25567        35.56
   28639.231     0.975000        25650        40.00
   28901.375     0.978125        25732        45.71
   29245.439     0.981250        25815        53.33
   29655.039     0.984375        25896        64.00
   29868.031     0.985938        25937        71.11
   30212.095     0.987500        25979        80.00
   30588.927     0.989062        26019        91.43
   30932.991     0.990625        26063       106.67
   31391.743     0.992188        26101       128.00
   31522.815     0.992969        26123       142.22
   31817.727     0.993750        26141       160.00
   32243.711     0.994531        26163       182.86
   33062.911     0.995313        26183       213.33
   33390.591     0.996094        26204       256.00
   33488.895     0.996484        26214       284.44
   33587.199     0.996875        26223       320.00
   33685.503     0.997266        26235       365.71
   33849.343     0.997656        26244       426.67
   33980.415     0.998047        26255       512.00
   34045.951     0.998242        26259       568.89
   34340.863     0.998437        26264       640.00
   34635.775     0.998633        26271       731.43
   34799.615     0.998828        26277       853.33
   35028.991     0.999023        26280      1024.00
   35061.759     0.999121        26282      1137.78
   35127.295     0.999219        26287      1280.00
   35192.831     0.999316        26288      1462.86
   35258.367     0.999414        26290      1706.67
   35323.903     0.999512        26295      2048.00
   35323.903     0.999561        26295      2275.56
   35323.903     0.999609        26295      2560.00
   35389.439     0.999658        26297      2925.71
   35422.207     0.999707        26299      3413.33
   35422.207     0.999756        26299      4096.00
   35454.975     0.999780        26300      4551.11
   35454.975     0.999805        26300      5120.00
   35487.743     0.999829        26302      5851.43
   35487.743     0.999854        26302      6826.67
   35487.743     0.999878        26302      8192.00
   35520.511     0.999890        26303      9102.22
   35520.511     0.999902        26303     10240.00
   35520.511     0.999915        26303     11702.86
   35618.815     0.999927        26304     13653.33
   35618.815     0.999939        26304     16384.00
   35618.815     0.999945        26304     18204.44
   35618.815     0.999951        26304     20480.00
   35618.815     0.999957        26304     23405.71
   35651.583     0.999963        26305     27306.67
   35651.583     1.000000        26305          inf
#[Mean    =     2351.914, StdDeviation   =     7292.089]
#[Max     =    35618.816, Total count    =        26305]
#[Buckets =           27, SubBuckets     =         2048]
----------------------------------------------------------
  26632 requests in 15.00m, 348.57MB read
  Socket errors: connect 0, read 0, write 14, timeout 0
Requests/sec:     29.59
Transfer/sec:    396.58KB
