Running 15m test @ http://10.98.36.136:8080/wrk2-api/post/compose
  2 threads and 4 connections
  Thread calibration: mean lat.: 907.558ms, rate sampling interval: 2863ms
  Thread calibration: mean lat.: 4764.788ms, rate sampling interval: 11665ms
  Thread Stats   Avg      Stdev     99%   +/- Stdev
    Latency    44.37s    18.29s    1.27m    63.89%
    Req/Sec     2.53      1.42     6.00     84.46%
  Latency Distribution (HdrHistogram - Recorded Latency)
 50.000%   40.60s 
 75.000%    1.06m 
 90.000%    1.15m 
 99.000%    1.27m 
 99.900%    1.33m 
 99.990%    1.35m 
 99.999%    1.35m 
100.000%    1.35m 

  Detailed Percentile spectrum:
       Value   Percentile   TotalCount 1/(1-Percentile)

      20.623     0.000000            1         1.00
   31178.751     0.100000          647         1.11
   35160.063     0.200000         1294         1.25
   37060.607     0.300000         1943         1.43
   38830.079     0.400000         2587         1.67
   40599.551     0.500000         3231         2.00
   41353.215     0.550000         3560         2.22
   42237.951     0.600000         3885         2.50
   43417.599     0.650000         4208         2.86
   59736.063     0.700000         4523         3.33
   63700.991     0.750000         4851         4.00
   65077.247     0.775000         5010         4.44
   66191.359     0.800000         5174         5.00
   67076.095     0.825000         5334         5.71
   67633.151     0.850000         5499         6.67
   68222.975     0.875000         5661         8.00
   68485.119     0.887500         5737         8.89
   68812.799     0.900000         5821        10.00
   69140.479     0.912500         5898        11.43
   69533.695     0.925000         5979        13.33
   69992.447     0.937500         6068        16.00
   70189.055     0.943750         6099        17.78
   70516.735     0.950000         6149        20.00
   70844.415     0.956250         6182        22.86
   71106.559     0.962500         6227        26.67
   71434.239     0.968750         6263        32.00
   71761.919     0.971875         6285        35.56
   72220.671     0.975000         6300        40.00
   73596.927     0.978125         6320        45.71
   74711.039     0.981250         6341        53.33
   75431.935     0.984375         6362        64.00
   75628.543     0.985938         6371        71.11
   76087.295     0.987500         6384        80.00
   76283.903     0.989062         6392        91.43
   76611.583     0.990625         6402       106.67
   76873.727     0.992188         6412       128.00
   77266.943     0.992969         6416       142.22
   78053.375     0.993750         6421       160.00
   78512.127     0.994531         6426       182.86
   78708.735     0.995313         6433       213.33
   78839.807     0.996094         6437       256.00
   78905.343     0.996484         6441       284.44
   78905.343     0.996875         6441       320.00
   79101.951     0.997266         6447       365.71
   79101.951     0.997656         6447       426.67
   79167.487     0.998047         6449       512.00
   79233.023     0.998242         6450       568.89
   79364.095     0.998437         6451       640.00
   79429.631     0.998633         6453       731.43
   79495.167     0.998828         6454       853.33
   79560.703     0.999023         6455      1024.00
   80347.135     0.999121         6456      1137.78
   80347.135     0.999219         6456      1280.00
   80412.671     0.999316         6457      1462.86
   80609.279     0.999414         6458      1706.67
   80609.279     0.999512         6458      2048.00
   80740.351     0.999561         6459      2275.56
   80740.351     0.999609         6459      2560.00
   80740.351     0.999658         6459      2925.71
   80871.423     0.999707         6461      3413.33
   80871.423     1.000000         6461          inf
#[Mean    =    44371.563, StdDeviation   =    18291.345]
#[Max     =    80805.888, Total count    =         6461]
#[Buckets =           27, SubBuckets     =         2048]
----------------------------------------------------------
  6534 requests in 15.00m, 1.34MB read
  Socket errors: connect 0, read 0, write 3, timeout 401
Requests/sec:      7.26
Transfer/sec:      1.52KB
