Running 15m test @ http://10.98.36.136:8080/wrk2-api/post/compose
  2 threads and 4 connections
  Thread calibration: mean lat.: 3999.219ms, rate sampling interval: 13828ms
  Thread calibration: mean lat.: 3666.473ms, rate sampling interval: 13377ms
  Thread Stats   Avg      Stdev     99%   +/- Stdev
    Latency     1.39m    24.22s    1.75m    73.25%
    Req/Sec    26.83      7.63    32.00     88.46%
  Latency Distribution (HdrHistogram - Recorded Latency)
 50.000%    1.59m 
 75.000%    1.65m 
 90.000%    1.70m 
 99.000%    1.75m 
 99.900%    1.77m 
 99.990%    1.78m 
 99.999%    1.78m 
100.000%    1.78m 

  Detailed Percentile spectrum:
       Value   Percentile   TotalCount 1/(1-Percentile)

    6402.047     0.000000            1         1.00
   43417.599     0.100000         4901         1.11
   45416.447     0.200000         9770         1.25
   92995.583     0.300000        14657         1.43
   94568.447     0.400000        19600         1.67
   95551.487     0.500000        24679         2.00
   95944.703     0.550000        26976         2.22
   96468.991     0.600000        29437         2.50
   97058.815     0.650000        31711         2.86
   97910.783     0.700000        34053         3.33
   99024.895     0.750000        36545         4.00
   99614.719     0.775000        37901         4.44
   99942.399     0.800000        38958         5.00
  100335.615     0.825000        40230         5.71
  100859.903     0.850000        41390         6.67
  101515.263     0.875000        42582         8.00
  101842.943     0.887500        43308         8.89
  102105.087     0.900000        43806        10.00
  102498.303     0.912500        44388        11.43
  102891.519     0.925000        45148        13.33
  103153.663     0.937500        45696        16.00
  103284.735     0.943750        45915        17.78
  103481.343     0.950000        46257        20.00
  103677.951     0.956250        46609        22.86
  103874.559     0.962500        46859        26.67
  104136.703     0.968750        47207        32.00
  104202.239     0.971875        47310        35.56
  104333.311     0.975000        47487        40.00
  104464.383     0.978125        47652        45.71
  104595.455     0.981250        47759        53.33
  104792.063     0.984375        47907        64.00
  104923.135     0.985938        47982        71.11
  105054.207     0.987500        48055        80.00
  105185.279     0.989062        48130        91.43
  105381.887     0.990625        48219       106.67
  105512.959     0.992188        48267       128.00
  105644.031     0.992969        48331       142.22
  105709.567     0.993750        48368       160.00
  105775.103     0.994531        48408       182.86
  105840.639     0.995313        48448       213.33
  105906.175     0.996094        48479       256.00
  105906.175     0.996484        48479       284.44
  105971.711     0.996875        48516       320.00
  105971.711     0.997266        48516       365.71
  106037.247     0.997656        48535       426.67
  106102.783     0.998047        48551       512.00
  106168.319     0.998242        48564       568.89
  106233.855     0.998437        48568       640.00
  106299.391     0.998633        48584       731.43
  106364.927     0.998828        48598       853.33
  106364.927     0.999023        48598      1024.00
  106430.463     0.999121        48606      1137.78
  106430.463     0.999219        48606      1280.00
  106561.535     0.999316        48613      1462.86
  106627.071     0.999414        48619      1706.67
  106627.071     0.999512        48619      2048.00
  106692.607     0.999561        48625      2275.56
  106692.607     0.999609        48625      2560.00
  106758.143     0.999658        48629      2925.71
  106758.143     0.999707        48629      3413.33
  106823.679     0.999756        48637      4096.00
  106823.679     0.999780        48637      4551.11
  106823.679     0.999805        48637      5120.00
  106823.679     0.999829        48637      5851.43
  106823.679     0.999854        48637      6826.67
  106823.679     0.999878        48637      8192.00
  106823.679     0.999890        48637      9102.22
  106889.215     0.999902        48639     10240.00
  106889.215     0.999915        48639     11702.86
  106889.215     0.999927        48639     13653.33
  106954.751     0.999939        48641     16384.00
  106954.751     0.999945        48641     18204.44
  106954.751     0.999951        48641     20480.00
  106954.751     0.999957        48641     23405.71
  106954.751     0.999963        48641     27306.67
  106954.751     0.999969        48641     32768.00
  106954.751     0.999973        48641     36408.89
  106954.751     0.999976        48641     40960.00
  106954.751     0.999979        48641     46811.43
  107020.287     0.999982        48642     54613.33
  107020.287     1.000000        48642          inf
#[Mean    =    83166.865, StdDeviation   =    24218.529]
#[Max     =   106954.752, Total count    =        48642]
#[Buckets =           27, SubBuckets     =         2048]
----------------------------------------------------------
  48812 requests in 15.00m, 399.52MB read
  Socket errors: connect 0, read 0, write 6, timeout 0
Requests/sec:     54.23
Transfer/sec:    454.55KB
