Running 15m test @ http://10.98.36.136:8080/wrk2-api/post/compose
  2 threads and 4 connections
  Thread calibration: mean lat.: 5647.644ms, rate sampling interval: 16171ms
  Thread calibration: mean lat.: 4334.152ms, rate sampling interval: 13975ms
  Thread Stats   Avg      Stdev     99%   +/- Stdev
    Latency     1.42m    26.22s    1.86m    71.22%
    Req/Sec    13.11      3.87    17.00     88.98%
  Latency Distribution (HdrHistogram - Recorded Latency)
 50.000%    1.62m 
 75.000%    1.72m 
 90.000%    1.80m 
 99.000%    1.86m 
 99.900%    1.88m 
 99.990%    1.89m 
 99.999%    1.89m 
100.000%    1.89m 

  Detailed Percentile spectrum:
       Value   Percentile   TotalCount 1/(1-Percentile)

    8077.311     0.000000            1         1.00
   42270.719     0.100000         2447         1.11
   44564.479     0.200000         4850         1.25
   90963.967     0.300000         7303         1.43
   94109.695     0.400000         9731         1.67
   97255.423     0.500000        12149         2.00
   98893.823     0.550000        13328         2.22
   99876.863     0.600000        14659         2.50
  100663.295     0.650000        15804         2.86
  101646.335     0.700000        17021         3.33
  102957.055     0.750000        18216         4.00
  103743.487     0.775000        18798         4.44
  104726.527     0.800000        19408         5.00
  105578.495     0.825000        19999         5.71
  106430.463     0.850000        20604         6.67
  107216.895     0.875000        21238         8.00
  107610.111     0.887500        21522         8.89
  108134.399     0.900000        21844        10.00
  108855.295     0.912500        22127        11.43
  109379.583     0.925000        22418        13.33
  109707.263     0.937500        22739        16.00
  109903.871     0.943750        22923        17.78
  110034.943     0.950000        23035        20.00
  110231.551     0.956250        23214        22.86
  110362.623     0.962500        23330        26.67
  110690.303     0.968750        23501        32.00
  110821.375     0.971875        23564        35.56
  110952.447     0.975000        23637        40.00
  111083.519     0.978125        23718        45.71
  111280.127     0.981250        23788        53.33
  111411.199     0.984375        23865        64.00
  111542.271     0.985938        23916        71.11
  111607.807     0.987500        23934        80.00
  111738.879     0.989062        23983        91.43
  111804.415     0.990625        24007       106.67
  112001.023     0.992188        24055       128.00
  112066.559     0.992969        24067       142.22
  112132.095     0.993750        24089       160.00
  112197.631     0.994531        24106       182.86
  112328.703     0.995313        24135       213.33
  112394.239     0.996094        24143       256.00
  112459.775     0.996484        24156       284.44
  112459.775     0.996875        24156       320.00
  112590.847     0.997266        24170       365.71
  112656.383     0.997656        24178       426.67
  112721.919     0.998047        24185       512.00
  112787.455     0.998242        24191       568.89
  112852.991     0.998437        24195       640.00
  112918.527     0.998633        24201       731.43
  112984.063     0.998828        24203       853.33
  113115.135     0.999023        24211      1024.00
  113115.135     0.999121        24211      1137.78
  113246.207     0.999219        24216      1280.00
  113246.207     0.999316        24216      1462.86
  113311.743     0.999414        24218      1706.67
  113377.279     0.999512        24222      2048.00
  113377.279     0.999561        24222      2275.56
  113377.279     0.999609        24222      2560.00
  113442.815     0.999658        24223      2925.71
  113508.351     0.999707        24226      3413.33
  113508.351     0.999756        24226      4096.00
  113508.351     0.999780        24226      4551.11
  113573.887     0.999805        24231      5120.00
  113573.887     1.000000        24231          inf
#[Mean    =    84982.083, StdDeviation   =    26219.910]
#[Max     =   113508.352, Total count    =        24231]
#[Buckets =           27, SubBuckets     =         2048]
----------------------------------------------------------
  24283 requests in 15.00m, 300.38MB read
  Socket errors: connect 0, read 0, write 6, timeout 0
Requests/sec:     26.98
Transfer/sec:    341.74KB
