Running 15m test @ http://10.100.91.120:8080/wrk2-api/post/compose
  2 threads and 4 connections
  Thread calibration: mean lat.: 957.701ms, rate sampling interval: 5341ms
  Thread calibration: mean lat.: 1989.805ms, rate sampling interval: 11067ms
  Thread Stats   Avg      Stdev     99%   +/- Stdev
    Latency     1.21m    16.06s    1.62m    77.96%
    Req/Sec     4.06      1.35     6.00     92.28%
  Latency Distribution (HdrHistogram - Recorded Latency)
 50.000%    1.24m 
 75.000%    1.40m 
 90.000%    1.50m 
 99.000%    1.62m 
 99.900%    1.66m 
 99.990%    1.67m 
 99.999%    1.68m 
100.000%    1.68m 

  Detailed Percentile spectrum:
       Value   Percentile   TotalCount 1/(1-Percentile)

      11.079     0.000000            1         1.00
   56885.247     0.100000          817         1.11
   60751.871     0.200000         1635         1.25
   65273.855     0.300000         2447         1.43
   69730.303     0.400000         3272         1.67
   74579.967     0.500000         4084         2.00
   77398.015     0.550000         4486         2.22
   79888.383     0.600000         4902         2.50
   81199.103     0.650000         5317         2.86
   82509.823     0.700000         5721         3.33
   84017.151     0.750000         6128         4.00
   84803.583     0.775000         6332         4.44
   85590.015     0.800000         6524         5.00
   86441.983     0.825000         6735         5.71
   87293.951     0.850000         6932         6.67
   88735.743     0.875000         7140         8.00
   89391.103     0.887500         7239         8.89
   90046.463     0.900000         7341        10.00
   90832.895     0.912500         7449        11.43
   91619.327     0.925000         7547        13.33
   92602.367     0.937500         7646        16.00
   93061.119     0.943750         7698        17.78
   93519.871     0.950000         7750        20.00
   94044.159     0.956250         7800        22.86
   94633.983     0.962500         7854        26.67
   95158.271     0.968750         7903        32.00
   95420.415     0.971875         7931        35.56
   95617.023     0.975000         7956        40.00
   95813.631     0.978125         7980        45.71
   96206.847     0.981250         8009        53.33
   96403.455     0.984375         8031        64.00
   96600.063     0.985938         8042        71.11
   96927.743     0.987500         8055        80.00
   97124.351     0.989062         8066        91.43
   97452.031     0.990625         8081       106.67
   97714.175     0.992188         8092       128.00
   97779.711     0.992969         8100       142.22
   97845.247     0.993750         8105       160.00
   97976.319     0.994531         8112       182.86
   98107.391     0.995313         8118       213.33
   98369.535     0.996094         8124       256.00
   98500.607     0.996484         8128       284.44
   98697.215     0.996875         8130       320.00
   98828.287     0.997266         8135       365.71
   98893.823     0.997656         8136       426.67
   99221.503     0.998047         8140       512.00
   99352.575     0.998242         8141       568.89
   99483.647     0.998437         8143       640.00
   99614.719     0.998633         8144       731.43
   99745.791     0.998828         8146       853.33
   99876.863     0.999023         8148      1024.00
   99876.863     0.999121         8148      1137.78
   99942.399     0.999219         8149      1280.00
  100007.935     0.999316         8150      1462.86
  100073.471     0.999414         8152      1706.67
  100073.471     0.999512         8152      2048.00
  100073.471     0.999561         8152      2275.56
  100073.471     0.999609         8152      2560.00
  100204.543     0.999658         8153      2925.71
  100204.543     0.999707         8153      3413.33
  100466.687     0.999756         8154      4096.00
  100466.687     0.999780         8154      4551.11
  100466.687     0.999805         8154      5120.00
  100466.687     0.999829         8154      5851.43
  100466.687     0.999854         8154      6826.67
  100925.439     0.999878         8155      8192.00
  100925.439     1.000000         8155          inf
#[Mean    =    72619.056, StdDeviation   =    16055.890]
#[Max     =   100859.904, Total count    =         8155]
#[Buckets =           27, SubBuckets     =         2048]
----------------------------------------------------------
  8216 requests in 15.00m, 1.68MB read
  Socket errors: connect 0, read 0, write 5, timeout 19
Requests/sec:      9.13
Transfer/sec:      1.92KB
