Running 15m test @ http://10.100.91.120:8080/wrk2-api/post/compose
  2 threads and 4 connections
  Thread calibration: mean lat.: 3784.599ms, rate sampling interval: 13910ms
  Thread calibration: mean lat.: 5314.575ms, rate sampling interval: 15958ms
  Thread Stats   Avg      Stdev     99%   +/- Stdev
    Latency     1.66m     7.73s    1.83m    94.65%
    Req/Sec    26.28      8.60    32.00     88.98%
  Latency Distribution (HdrHistogram - Recorded Latency)
 50.000%    1.67m 
 75.000%    1.71m 
 90.000%    1.76m 
 99.000%    1.83m 
 99.900%    1.84m 
 99.990%    1.85m 
 99.999%    1.85m 
100.000%    1.85m 

  Detailed Percentile spectrum:
       Value   Percentile   TotalCount 1/(1-Percentile)

    9330.687     0.000000            1         1.00
   96468.991     0.100000         4955         1.11
   97517.567     0.200000         9573         1.25
   98500.607     0.300000        14449         1.43
   99483.647     0.400000        19414         1.67
  100270.079     0.500000        24315         2.00
  100597.759     0.550000        26490         2.22
  100925.439     0.600000        28715         2.50
  101384.191     0.650000        31373         2.86
  101842.943     0.700000        33458         3.33
  102432.767     0.750000        35927         4.00
  102694.911     0.775000        37086         4.44
  103153.663     0.800000        38359         5.00
  103612.415     0.825000        39554         5.71
  104071.167     0.850000        40626         6.67
  104792.063     0.875000        41815         8.00
  105316.351     0.887500        42453         8.89
  105775.103     0.900000        43013        10.00
  106233.855     0.912500        43644        11.43
  106561.535     0.925000        44246        13.33
  106889.215     0.937500        44814        16.00
  107151.359     0.943750        45187        17.78
  107347.967     0.950000        45454        20.00
  107610.111     0.956250        45741        22.86
  107937.791     0.962500        46044        26.67
  108199.935     0.968750        46340        32.00
  108331.007     0.971875        46484        35.56
  108527.615     0.975000        46611        40.00
  108724.223     0.978125        46801        45.71
  108789.759     0.981250        46884        53.33
  108986.367     0.984375        47074        64.00
  109051.903     0.985938        47114        71.11
  109182.975     0.987500        47185        80.00
  109379.583     0.989062        47261        91.43
  109576.191     0.990625        47350       106.67
  109707.263     0.992188        47410       128.00
  109838.335     0.992969        47451       142.22
  109969.407     0.993750        47504       160.00
  110034.943     0.994531        47524       182.86
  110231.551     0.995313        47574       213.33
  110297.087     0.996094        47601       256.00
  110362.623     0.996484        47636       284.44
  110362.623     0.996875        47636       320.00
  110428.159     0.997266        47658       365.71
  110493.695     0.997656        47676       426.67
  110559.231     0.998047        47696       512.00
  110559.231     0.998242        47696       568.89
  110624.767     0.998437        47722       640.00
  110624.767     0.998633        47722       731.43
  110690.303     0.998828        47736       853.33
  110690.303     0.999023        47736      1024.00
  110755.839     0.999121        47753      1137.78
  110755.839     0.999219        47753      1280.00
  110755.839     0.999316        47753      1462.86
  110755.839     0.999414        47753      1706.67
  110821.375     0.999512        47762      2048.00
  110821.375     0.999561        47762      2275.56
  110821.375     0.999609        47762      2560.00
  110886.911     0.999658        47770      2925.71
  110886.911     0.999707        47770      3413.33
  110886.911     0.999756        47770      4096.00
  110886.911     0.999780        47770      4551.11
  110886.911     0.999805        47770      5120.00
  110952.447     0.999829        47774      5851.43
  110952.447     0.999854        47774      6826.67
  110952.447     0.999878        47774      8192.00
  110952.447     0.999890        47774      9102.22
  111017.983     0.999902        47777     10240.00
  111017.983     0.999915        47777     11702.86
  111017.983     0.999927        47777     13653.33
  111017.983     0.999939        47777     16384.00
  111017.983     0.999945        47777     18204.44
  111017.983     0.999951        47777     20480.00
  111017.983     0.999957        47777     23405.71
  111083.519     0.999963        47779     27306.67
  111083.519     1.000000        47779          inf
#[Mean    =    99886.504, StdDeviation   =     7734.304]
#[Max     =   111017.984, Total count    =        47779]
#[Buckets =           27, SubBuckets     =         2048]
----------------------------------------------------------
  47842 requests in 15.00m, 408.20MB read
  Socket errors: connect 0, read 0, write 4, timeout 0
Requests/sec:     53.15
Transfer/sec:    464.42KB
