Running 15m test @ http://10.100.91.120:8080/wrk2-api/post/compose
  2 threads and 4 connections
  Thread calibration: mean lat.: 8311.552ms, rate sampling interval: 18530ms
  Thread calibration: mean lat.: 1746.772ms, rate sampling interval: 4206ms
  Thread Stats   Avg      Stdev     99%   +/- Stdev
    Latency     1.37m    30.43s    1.80m    73.22%
    Req/Sec    13.28      3.67    18.00     86.10%
  Latency Distribution (HdrHistogram - Recorded Latency)
 50.000%    1.65m 
 75.000%    1.70m 
 90.000%    1.76m 
 99.000%    1.80m 
 99.900%    1.82m 
 99.990%    1.83m 
 99.999%    1.83m 
100.000%    1.83m 

  Detailed Percentile spectrum:
       Value   Percentile   TotalCount 1/(1-Percentile)

      27.119     0.000000            1         1.00
   32129.023     0.100000         2439         1.11
   34242.559     0.200000         4891         1.25
   93716.479     0.300000         7290         1.43
   97255.423     0.400000         9763         1.67
   98762.751     0.500000        12150         2.00
   99352.575     0.550000        13423         2.22
   99942.399     0.600000        14599         2.50
  100663.295     0.650000        15810         2.86
  101449.727     0.700000        17084         3.33
  102105.087     0.750000        18233         4.00
  102498.303     0.775000        18824         4.44
  103022.591     0.800000        19492         5.00
  103546.879     0.825000        20099         5.71
  104202.239     0.850000        20649         6.67
  104792.063     0.875000        21249         8.00
  105119.743     0.887500        21599         8.89
  105447.423     0.900000        21902        10.00
  105775.103     0.912500        22178        11.43
  106102.783     0.925000        22470        13.33
  106364.927     0.937500        22760        16.00
  106495.999     0.943750        22948        17.78
  106627.071     0.950000        23100        20.00
  106758.143     0.956250        23249        22.86
  106889.215     0.962500        23406        26.67
  107020.287     0.968750        23543        32.00
  107085.823     0.971875        23604        35.56
  107216.895     0.975000        23703        40.00
  107282.431     0.978125        23761        45.71
  107413.503     0.981250        23842        53.33
  107544.575     0.984375        23923        64.00
  107610.111     0.985938        23951        71.11
  107741.183     0.987500        23994        80.00
  107872.255     0.989062        24026        91.43
  108003.327     0.990625        24055       106.67
  108134.399     0.992188        24101       128.00
  108199.935     0.992969        24119       142.22
  108265.471     0.993750        24132       160.00
  108331.007     0.994531        24147       182.86
  108462.079     0.995313        24168       213.33
  108593.151     0.996094        24183       256.00
  108658.687     0.996484        24192       284.44
  108724.223     0.996875        24203       320.00
  108855.295     0.997266        24221       365.71
  108855.295     0.997656        24221       426.67
  108986.367     0.998047        24237       512.00
  108986.367     0.998242        24237       568.89
  109051.903     0.998437        24241       640.00
  109117.439     0.998633        24252       731.43
  109117.439     0.998828        24252       853.33
  109182.975     0.999023        24257      1024.00
  109182.975     0.999121        24257      1137.78
  109248.511     0.999219        24261      1280.00
  109248.511     0.999316        24261      1462.86
  109314.047     0.999414        24263      1706.67
  109379.583     0.999512        24266      2048.00
  109379.583     0.999561        24266      2275.56
  109510.655     0.999609        24268      2560.00
  109510.655     0.999658        24268      2925.71
  109576.191     0.999707        24270      3413.33
  109641.727     0.999756        24272      4096.00
  109641.727     0.999780        24272      4551.11
  109641.727     0.999805        24272      5120.00
  109641.727     0.999829        24272      5851.43
  109707.263     0.999854        24274      6826.67
  109707.263     0.999878        24274      8192.00
  109707.263     0.999890        24274      9102.22
  109707.263     0.999902        24274     10240.00
  109707.263     0.999915        24274     11702.86
  109772.799     0.999927        24275     13653.33
  109772.799     0.999939        24275     16384.00
  109772.799     0.999945        24275     18204.44
  109772.799     0.999951        24275     20480.00
  109772.799     0.999957        24275     23405.71
  109838.335     0.999963        24276     27306.67
  109838.335     1.000000        24276          inf
#[Mean    =    82270.363, StdDeviation   =    30432.704]
#[Max     =   109772.800, Total count    =        24276]
#[Buckets =           27, SubBuckets     =         2048]
----------------------------------------------------------
  24357 requests in 15.00m, 301.10MB read
  Socket errors: connect 0, read 0, write 4, timeout 0
Requests/sec:     27.06
Transfer/sec:    342.56KB
