Running 15m test @ http://10.100.250.187:8080/wrk2-api/post/compose
  2 threads and 4 connections
  Thread calibration: mean lat.: 19.832ms, rate sampling interval: 51ms
  Thread calibration: mean lat.: 16.966ms, rate sampling interval: 38ms
  Thread Stats   Avg      Stdev     99%   +/- Stdev
    Latency   820.43ms  536.87ms   2.55s    74.34%
    Req/Sec     4.97     11.18    52.00     81.30%
  Latency Distribution (HdrHistogram - Recorded Latency)
 50.000%  714.75ms
 75.000%    1.08s 
 90.000%    1.52s 
 99.000%    2.55s 
 99.900%    3.54s 
 99.990%    4.34s 
 99.999%    4.79s 
100.000%    4.79s 

  Detailed Percentile spectrum:
       Value   Percentile   TotalCount 1/(1-Percentile)

      10.639     0.000000            1         1.00
     259.327     0.100000          884         1.11
     394.751     0.200000         1767         1.25
     503.295     0.300000         2655         1.43
     607.231     0.400000         3536         1.67
     714.751     0.500000         4422         2.00
     772.607     0.550000         4864         2.22
     836.607     0.600000         5301         2.50
     910.847     0.650000         5743         2.86
     988.671     0.700000         6187         3.33
    1081.343     0.750000         6629         4.00
    1137.663     0.775000         6852         4.44
    1190.911     0.800000         7070         5.00
    1258.495     0.825000         7295         5.71
    1329.151     0.850000         7511         6.67
    1417.215     0.875000         7731         8.00
    1469.439     0.887500         7843         8.89
    1518.591     0.900000         7954        10.00
    1582.079     0.912500         8062        11.43
    1643.519     0.925000         8173        13.33
    1740.799     0.937500         8283        16.00
    1793.023     0.943750         8340        17.78
    1831.935     0.950000         8394        20.00
    1886.207     0.956250         8449        22.86
    1971.199     0.962500         8504        26.67
    2052.095     0.968750         8559        32.00
    2109.439     0.971875         8589        35.56
    2164.735     0.975000         8616        40.00
    2213.887     0.978125         8642        45.71
    2287.615     0.981250         8670        53.33
    2365.439     0.984375         8697        64.00
    2418.687     0.985938         8711        71.11
    2473.983     0.987500         8725        80.00
    2531.327     0.989062         8740        91.43
    2586.623     0.990625         8753       106.67
    2674.687     0.992188         8767       128.00
    2734.079     0.992969         8773       142.22
    2770.943     0.993750         8780       160.00
    2856.959     0.994531         8787       182.86
    2963.455     0.995313         8794       213.33
    3026.943     0.996094         8801       256.00
    3065.855     0.996484         8804       284.44
    3102.719     0.996875         8808       320.00
    3137.535     0.997266         8811       365.71
    3170.303     0.997656         8815       426.67
    3309.567     0.998047         8818       512.00
    3360.767     0.998242         8820       568.89
    3389.439     0.998437         8822       640.00
    3420.159     0.998633         8823       731.43
    3540.991     0.998828         8825       853.33
    3545.087     0.999023         8827      1024.00
    3653.631     0.999121         8828      1137.78
    3774.463     0.999219         8829      1280.00
    3774.463     0.999316         8829      1462.86
    4003.839     0.999414         8830      1706.67
    4169.727     0.999512         8831      2048.00
    4276.223     0.999561         8832      2275.56
    4276.223     0.999609         8832      2560.00
    4276.223     0.999658         8832      2925.71
    4317.183     0.999707         8833      3413.33
    4317.183     0.999756         8833      4096.00
    4337.663     0.999780         8834      4551.11
    4337.663     0.999805         8834      5120.00
    4337.663     0.999829         8834      5851.43
    4337.663     0.999854         8834      6826.67
    4337.663     0.999878         8834      8192.00
    4788.223     0.999890         8835      9102.22
    4788.223     1.000000         8835          inf
#[Mean    =      820.426, StdDeviation   =      536.872]
#[Max     =     4784.128, Total count    =         8835]
#[Buckets =           27, SubBuckets     =         2048]
----------------------------------------------------------
  8953 requests in 15.00m, 1.84MB read
  Socket errors: connect 0, read 0, write 6, timeout 17
Requests/sec:      9.95
Transfer/sec:      2.09KB
