Running 15m test @ http://10.100.250.187:8080/wrk2-api/post/compose
  2 threads and 4 connections
  Thread calibration: mean lat.: 4.951ms, rate sampling interval: 15ms
  Thread calibration: mean lat.: 5.350ms, rate sampling interval: 14ms
  Thread Stats   Avg      Stdev     99%   +/- Stdev
    Latency     2.90m     2.87m   10.63m    60.16%
    Req/Sec    11.07     32.22   142.00     87.53%
  Latency Distribution (HdrHistogram - Recorded Latency)
 50.000%    2.09m 
 75.000%    4.94m 
 90.000%    7.02m 
 99.000%   10.63m 
 99.900%   11.26m 
 99.990%   11.38m 
 99.999%   11.39m 
100.000%   11.39m 

  Detailed Percentile spectrum:
       Value   Percentile   TotalCount 1/(1-Percentile)

       1.459     0.000000            1         1.00
      15.159     0.100000         1911         1.11
    1051.647     0.200000         3822         1.25
   25591.807     0.300000         5734         1.43
   68747.263     0.400000         7644         1.67
  125632.511     0.500000         9556         2.00
  160825.343     0.550000        10513         2.22
  193986.559     0.600000        11469         2.50
  229507.071     0.650000        12423         2.86
  264372.223     0.700000        13379         3.33
  296222.719     0.750000        14338         4.00
  319553.535     0.775000        14814         4.44
  340787.199     0.800000        15294         5.00
  360710.143     0.825000        15766         5.71
  381419.519     0.850000        16243         6.67
  400818.175     0.875000        16722         8.00
  410779.647     0.887500        16965         8.89
  421003.263     0.900000        17199        10.00
  432537.599     0.912500        17439        11.43
  443023.359     0.925000        17676        13.33
  456130.559     0.937500        17916        16.00
  472121.343     0.943750        18036        17.78
  494403.583     0.950000        18155        20.00
  516161.535     0.956250        18273        22.86
  540016.639     0.962500        18394        26.67
  564133.887     0.968750        18513        32.00
  575668.223     0.971875        18573        35.56
  586678.271     0.975000        18632        40.00
  596639.743     0.978125        18692        45.71
  606601.215     0.981250        18752        53.33
  617086.975     0.984375        18814        64.00
  622329.855     0.985938        18841        71.11
  627572.735     0.987500        18872        80.00
  633864.191     0.989062        18901        91.43
  641204.223     0.990625        18931       106.67
  647495.679     0.992188        18960       128.00
  651165.695     0.992969        18976       142.22
  654835.711     0.993750        18990       160.00
  658505.727     0.994531        19006       182.86
  662175.743     0.995313        19021       213.33
  664797.183     0.996094        19036       256.00
  665845.759     0.996484        19042       284.44
  667418.623     0.996875        19050       320.00
  668991.487     0.997266        19057       365.71
  671088.639     0.997656        19067       426.67
  672137.215     0.998047        19073       512.00
  673185.791     0.998242        19079       568.89
  673710.079     0.998437        19081       640.00
  674234.367     0.998633        19083       731.43
  675282.943     0.998828        19089       853.33
  676331.519     0.999023        19092      1024.00
  676855.807     0.999121        19093      1137.78
  677380.095     0.999219        19095      1280.00
  677904.383     0.999316        19096      1462.86
  678952.959     0.999414        19098      1706.67
  680001.535     0.999512        19101      2048.00
  680001.535     0.999561        19101      2275.56
  680525.823     0.999609        19103      2560.00
  680525.823     0.999658        19103      2925.71
  681050.111     0.999707        19104      3413.33
  682098.687     0.999756        19105      4096.00
  682098.687     0.999780        19105      4551.11
  682622.975     0.999805        19107      5120.00
  682622.975     0.999829        19107      5851.43
  682622.975     0.999854        19107      6826.67
  682622.975     0.999878        19107      8192.00
  682622.975     0.999890        19107      9102.22
  683147.263     0.999902        19108     10240.00
  683147.263     0.999915        19108     11702.86
  683147.263     0.999927        19108     13653.33
  683147.263     0.999939        19108     16384.00
  683147.263     0.999945        19108     18204.44
  683671.551     0.999951        19109     20480.00
  683671.551     1.000000        19109          inf
#[Mean    =   173823.890, StdDeviation   =   172177.001]
#[Max     =   683147.264, Total count    =        19109]
#[Buckets =           27, SubBuckets     =         2048]
----------------------------------------------------------
  19763 requests in 15.00m, 141.92MB read
  Socket errors: connect 0, read 0, write 6, timeout 525
Requests/sec:     21.96
Transfer/sec:    161.47KB
