Running 15m test @ http://10.100.250.187:8080/wrk2-api/post/compose
  2 threads and 4 connections
  Thread calibration: mean lat.: 28.334ms, rate sampling interval: 85ms
  Thread calibration: mean lat.: 29.795ms, rate sampling interval: 87ms
  Thread Stats   Avg      Stdev     99%   +/- Stdev
    Latency     2.69m     2.17m    8.91m    60.07%
    Req/Sec     7.73      8.31    34.00     86.79%
  Latency Distribution (HdrHistogram - Recorded Latency)
 50.000%    2.46m 
 75.000%    4.31m 
 90.000%    5.47m 
 99.000%    8.91m 
 99.900%    9.70m 
 99.990%    9.78m 
 99.999%    9.79m 
100.000%    9.79m 

  Detailed Percentile spectrum:
       Value   Percentile   TotalCount 1/(1-Percentile)

       4.475     0.000000            1         1.00
      57.791     0.100000         1432         1.11
   26345.471     0.200000         2864         1.25
   63963.135     0.300000         4296         1.43
  105840.639     0.400000         5728         1.67
  147455.999     0.500000         7164         2.00
  169082.879     0.550000         7875         2.22
  190840.831     0.600000         8592         2.50
  210370.559     0.650000         9308         2.86
  234225.663     0.700000        10023         3.33
  258605.055     0.750000        10737         4.00
  269746.175     0.775000        11096         4.44
  283377.663     0.800000        11456         5.00
  295960.575     0.825000        11816         5.71
  306970.623     0.850000        12172         6.67
  318242.815     0.875000        12531         8.00
  324009.983     0.887500        12708         8.89
  328204.287     0.900000        12892        10.00
  333709.311     0.912500        13066        11.43
  341311.487     0.925000        13245        13.33
  350224.383     0.937500        13427        16.00
  357040.127     0.943750        13511        17.78
  365953.023     0.950000        13604        20.00
  374079.487     0.956250        13693        22.86
  401866.751     0.962500        13780        26.67
  432013.311     0.968750        13869        32.00
  447479.807     0.971875        13914        35.56
  463732.735     0.975000        13959        40.00
  478937.087     0.978125        14003        45.71
  494141.439     0.981250        14049        53.33
  509083.647     0.984375        14093        64.00
  516423.679     0.985938        14115        71.11
  522452.991     0.987500        14138        80.00
  529793.023     0.989062        14160        91.43
  537919.487     0.990625        14183       106.67
  545259.519     0.992188        14205       128.00
  549453.823     0.992969        14216       142.22
  553123.839     0.993750        14227       160.00
  558366.719     0.994531        14238       182.86
  563609.599     0.995313        14249       213.33
  568328.191     0.996094        14262       256.00
  570425.343     0.996484        14266       284.44
  571998.207     0.996875        14273       320.00
  573571.071     0.997266        14278       365.71
  576716.799     0.997656        14283       426.67
  578289.663     0.998047        14291       512.00
  578289.663     0.998242        14291       568.89
  579338.239     0.998437        14294       640.00
  580386.815     0.998633        14297       731.43
  581435.391     0.998828        14300       853.33
  582483.967     0.999023        14304      1024.00
  582483.967     0.999121        14304      1137.78
  583008.255     0.999219        14306      1280.00
  583532.543     0.999316        14307      1462.86
  584056.831     0.999414        14309      1706.67
  584581.119     0.999512        14310      2048.00
  584581.119     0.999561        14310      2275.56
  585105.407     0.999609        14312      2560.00
  585105.407     0.999658        14312      2925.71
  585105.407     0.999707        14312      3413.33
  586153.983     0.999756        14314      4096.00
  586153.983     0.999780        14314      4551.11
  586153.983     0.999805        14314      5120.00
  586153.983     0.999829        14314      5851.43
  586153.983     0.999854        14314      6826.67
  586678.271     0.999878        14315      8192.00
  586678.271     0.999890        14315      9102.22
  586678.271     0.999902        14315     10240.00
  586678.271     0.999915        14315     11702.86
  586678.271     0.999927        14315     13653.33
  587202.559     0.999939        14316     16384.00
  587202.559     1.000000        14316          inf
#[Mean    =   161488.888, StdDeviation   =   129945.666]
#[Max     =   586678.272, Total count    =        14316]
#[Buckets =           27, SubBuckets     =         2048]
----------------------------------------------------------
  14644 requests in 15.00m, 190.93MB read
  Socket errors: connect 0, read 0, write 5, timeout 18
Requests/sec:     16.27
Transfer/sec:    217.21KB
