Running 15m test @ http://10.97.97.229:8080/wrk2-api/post/compose
  2 threads and 4 connections
  Thread calibration: mean lat.: 1472.928ms, rate sampling interval: 6238ms
  Thread calibration: mean lat.: 2362.050ms, rate sampling interval: 11493ms
  Thread Stats   Avg      Stdev     99%   +/- Stdev
    Latency    37.51s    11.71s    0.89m    86.09%
    Req/Sec     4.28      1.25     7.00     92.24%
  Latency Distribution (HdrHistogram - Recorded Latency)
 50.000%   39.94s 
 75.000%   44.53s 
 90.000%   47.87s 
 99.000%    0.89m 
 99.900%    0.96m 
 99.990%    0.98m 
 99.999%    0.99m 
100.000%    0.99m 

  Detailed Percentile spectrum:
       Value   Percentile   TotalCount 1/(1-Percentile)

      27.551     0.000000            1         1.00
   29376.511     0.100000          850         1.11
   33177.599     0.200000         1703         1.25
   36044.799     0.300000         2554         1.43
   38076.415     0.400000         3390         1.67
   39944.191     0.500000         4246         2.00
   40894.463     0.550000         4666         2.22
   41811.967     0.600000         5094         2.50
   42663.935     0.650000         5511         2.86
   43548.671     0.700000         5942         3.33
   44531.711     0.750000         6377         4.00
   45023.231     0.775000         6581         4.44
   45449.215     0.800000         6788         5.00
   46039.039     0.825000         7002         5.71
   46628.863     0.850000         7205         6.67
   47185.919     0.875000         7422         8.00
   47480.831     0.887500         7524         8.89
   47874.047     0.900000         7632        10.00
   48267.263     0.912500         7738        11.43
   48660.479     0.925000         7843        13.33
   49053.695     0.937500         7948        16.00
   49315.839     0.943750         8001        17.78
   49577.983     0.950000         8053        20.00
   50036.735     0.956250         8106        22.86
   50364.415     0.962500         8158        26.67
   50921.471     0.968750         8211        32.00
   51183.615     0.971875         8238        35.56
   51576.831     0.975000         8266        40.00
   52035.583     0.978125         8293        45.71
   52461.567     0.981250         8319        53.33
   52854.783     0.984375         8344        64.00
   53051.391     0.985938         8356        71.11
   53280.767     0.987500         8373        80.00
   53444.607     0.989062         8383        91.43
   53641.215     0.990625         8396       106.67
   53837.823     0.992188         8411       128.00
   53936.127     0.992969         8420       142.22
   54001.663     0.993750         8423       160.00
   54099.967     0.994531         8430       182.86
   54296.575     0.995313         8436       213.33
   54689.791     0.996094         8442       256.00
   54820.863     0.996484         8446       284.44
   55410.687     0.996875         8449       320.00
   55574.527     0.997266         8452       365.71
   55705.599     0.997656         8456       426.67
   56623.103     0.998047         8459       512.00
   57507.839     0.998242         8463       568.89
   57507.839     0.998437         8463       640.00
   57540.607     0.998633         8464       731.43
   57704.447     0.998828         8467       853.33
   57704.447     0.999023         8467      1024.00
   57769.983     0.999121         8468      1137.78
   57835.519     0.999219         8469      1280.00
   57999.359     0.999316         8470      1462.86
   58163.199     0.999414         8471      1706.67
   58163.199     0.999512         8471      2048.00
   58425.343     0.999561         8472      2275.56
   58425.343     0.999609         8472      2560.00
   58523.647     0.999658         8473      2925.71
   58523.647     0.999707         8473      3413.33
   58523.647     0.999756         8473      4096.00
   58916.863     0.999780         8474      4551.11
   58916.863     0.999805         8474      5120.00
   58916.863     0.999829         8474      5851.43
   58916.863     0.999854         8474      6826.67
   58916.863     0.999878         8474      8192.00
   59342.847     0.999890         8475      9102.22
   59342.847     1.000000         8475          inf
#[Mean    =    37507.342, StdDeviation   =    11706.120]
#[Max     =    59310.080, Total count    =         8475]
#[Buckets =           27, SubBuckets     =         2048]
----------------------------------------------------------
  8557 requests in 15.00m, 1.75MB read
  Socket errors: connect 0, read 0, write 4, timeout 19
Requests/sec:      9.51
Transfer/sec:      2.00KB
