Running 15m test @ http://10.97.97.229:8080/wrk2-api/post/compose
  2 threads and 4 connections
  Thread calibration: mean lat.: 6195.846ms, rate sampling interval: 17055ms
  Thread calibration: mean lat.: 4170.112ms, rate sampling interval: 14065ms
  Thread Stats   Avg      Stdev     99%   +/- Stdev
    Latency     1.27m    28.76s    1.90m    60.82%
    Req/Sec    27.03      7.67    32.00     91.30%
  Latency Distribution (HdrHistogram - Recorded Latency)
 50.000%    0.88m 
 75.000%    1.77m 
 90.000%    1.83m 
 99.000%    1.90m 
 99.900%    1.93m 
 99.990%    1.94m 
 99.999%    1.94m 
100.000%    1.94m 

  Detailed Percentile spectrum:
       Value   Percentile   TotalCount 1/(1-Percentile)

    7237.631     0.000000            1         1.00
   46858.239     0.100000         4939         1.11
   48529.407     0.200000         9966         1.25
   49479.679     0.300000        14852         1.43
   50692.095     0.400000        19687         1.67
   53051.391     0.500000        24586         2.00
   99483.647     0.550000        27051         2.22
  101253.119     0.600000        29549         2.50
  102170.623     0.650000        31982         2.86
  103612.415     0.700000        34454         3.33
  106102.783     0.750000        36892         4.00
  106889.215     0.775000        38135         4.44
  107347.967     0.800000        39484         5.00
  107741.183     0.825000        40549         5.71
  108265.471     0.850000        41823         6.67
  108920.831     0.875000        43097         8.00
  109248.511     0.887500        43713         8.89
  109576.191     0.900000        44297        10.00
  109969.407     0.912500        44886        11.43
  110428.159     0.925000        45502        13.33
  110952.447     0.937500        46077        16.00
  111149.055     0.943750        46404        17.78
  111345.663     0.950000        46719        20.00
  111542.271     0.956250        47030        22.86
  111738.879     0.962500        47324        26.67
  111935.487     0.968750        47635        32.00
  112066.559     0.971875        47777        35.56
  112263.167     0.975000        47921        40.00
  112459.775     0.978125        48121        45.71
  112590.847     0.981250        48271        53.33
  112721.919     0.984375        48398        64.00
  112787.455     0.985938        48452        71.11
  112918.527     0.987500        48531        80.00
  113180.671     0.989062        48608        91.43
  114163.711     0.990625        48684       106.67
  114556.927     0.992188        48773       128.00
  114687.999     0.992969        48810       142.22
  114753.535     0.993750        48833       160.00
  114950.143     0.994531        48890       182.86
  115015.679     0.995313        48916       213.33
  115212.287     0.996094        48957       256.00
  115277.823     0.996484        48967       284.44
  115408.895     0.996875        48992       320.00
  115474.431     0.997266        49006       365.71
  115605.503     0.997656        49031       426.67
  115671.039     0.998047        49045       512.00
  115736.575     0.998242        49057       568.89
  115802.111     0.998437        49071       640.00
  115867.647     0.998633        49077       731.43
  115933.183     0.998828        49086       853.33
  115998.719     0.999023        49093      1024.00
  116064.255     0.999121        49101      1137.78
  116064.255     0.999219        49101      1280.00
  116129.791     0.999316        49112      1462.86
  116129.791     0.999414        49112      1706.67
  116195.327     0.999512        49119      2048.00
  116195.327     0.999561        49119      2275.56
  116260.863     0.999609        49124      2560.00
  116260.863     0.999658        49124      2925.71
  116326.399     0.999707        49134      3413.33
  116326.399     0.999756        49134      4096.00
  116326.399     0.999780        49134      4551.11
  116326.399     0.999805        49134      5120.00
  116326.399     0.999829        49134      5851.43
  116326.399     0.999854        49134      6826.67
  116326.399     0.999878        49134      8192.00
  116326.399     0.999890        49134      9102.22
  116391.935     0.999902        49138     10240.00
  116391.935     0.999915        49138     11702.86
  116391.935     0.999927        49138     13653.33
  116391.935     0.999939        49138     16384.00
  116391.935     0.999945        49138     18204.44
  116391.935     0.999951        49138     20480.00
  116391.935     0.999957        49138     23405.71
  116391.935     0.999963        49138     27306.67
  116391.935     0.999969        49138     32768.00
  116391.935     0.999973        49138     36408.89
  116391.935     0.999976        49138     40960.00
  116391.935     0.999979        49138     46811.43
  116523.007     0.999982        49139     54613.33
  116523.007     1.000000        49139          inf
#[Mean    =    76003.423, StdDeviation   =    28757.660]
#[Max     =   116457.472, Total count    =        49139]
#[Buckets =           27, SubBuckets     =         2048]
----------------------------------------------------------
  49237 requests in 15.00m, 434.51MB read
  Socket errors: connect 0, read 0, write 6, timeout 0
Requests/sec:     54.70
Transfer/sec:    494.35KB
