Running 15m test @ http://10.97.97.229:8080/wrk2-api/post/compose
  2 threads and 4 connections
  Thread calibration: mean lat.: 4521.984ms, rate sampling interval: 15540ms
  Thread calibration: mean lat.: 4864.602ms, rate sampling interval: 13484ms
  Thread Stats   Avg      Stdev     99%   +/- Stdev
    Latency     1.39m    20.45s    1.83m    57.92%
    Req/Sec    13.12      3.79    17.00     89.43%
  Latency Distribution (HdrHistogram - Recorded Latency)
 50.000%    1.50m 
 75.000%    1.60m 
 90.000%    1.76m 
 99.000%    1.83m 
 99.900%    1.85m 
 99.990%    1.85m 
 99.999%    1.86m 
100.000%    1.86m 

  Detailed Percentile spectrum:
       Value   Percentile   TotalCount 1/(1-Percentile)

    7737.343     0.000000            1         1.00
   52232.191     0.100000         2467         1.11
   54034.431     0.200000         4867         1.25
   85458.943     0.300000         7314         1.43
   88014.847     0.400000         9771         1.67
   90046.463     0.500000        12152         2.00
   90898.431     0.550000        13402         2.22
   91881.471     0.600000        14595         2.50
   92930.047     0.650000        15826         2.86
   94109.695     0.700000        17008         3.33
   96010.239     0.750000        18202         4.00
  100794.367     0.775000        18822         4.44
  102170.623     0.800000        19438         5.00
  103350.271     0.825000        20056         5.71
  104071.167     0.850000        20636         6.67
  104923.135     0.875000        21268         8.00
  105381.887     0.887500        21577         8.89
  105840.639     0.900000        21875        10.00
  106364.927     0.912500        22166        11.43
  107085.823     0.925000        22462        13.33
  107610.111     0.937500        22756        16.00
  107872.255     0.943750        22935        17.78
  108068.863     0.950000        23073        20.00
  108331.007     0.956250        23233        22.86
  108527.615     0.962500        23372        26.67
  108789.759     0.968750        23531        32.00
  108920.831     0.971875        23613        35.56
  109051.903     0.975000        23684        40.00
  109182.975     0.978125        23747        45.71
  109314.047     0.981250        23817        53.33
  109510.655     0.984375        23896        64.00
  109641.727     0.985938        23960        71.11
  109707.263     0.987500        23990        80.00
  109772.799     0.989062        24012        91.43
  109903.871     0.990625        24052       106.67
  110034.943     0.992188        24080       128.00
  110166.015     0.992969        24112       142.22
  110231.551     0.993750        24128       160.00
  110297.087     0.994531        24139       182.86
  110428.159     0.995313        24167       213.33
  110493.695     0.996094        24176       256.00
  110559.231     0.996484        24199       284.44
  110559.231     0.996875        24199       320.00
  110624.767     0.997266        24214       365.71
  110624.767     0.997656        24214       426.67
  110690.303     0.998047        24224       512.00
  110755.839     0.998242        24234       568.89
  110755.839     0.998437        24234       640.00
  110821.375     0.998633        24247       731.43
  110821.375     0.998828        24247       853.33
  110821.375     0.999023        24247      1024.00
  110886.911     0.999121        24249      1137.78
  110952.447     0.999219        24253      1280.00
  110952.447     0.999316        24253      1462.86
  111017.983     0.999414        24255      1706.67
  111083.519     0.999512        24259      2048.00
  111083.519     0.999561        24259      2275.56
  111149.055     0.999609        24261      2560.00
  111149.055     0.999658        24261      2925.71
  111214.591     0.999707        24267      3413.33
  111214.591     0.999756        24267      4096.00
  111214.591     0.999780        24267      4551.11
  111214.591     0.999805        24267      5120.00
  111214.591     0.999829        24267      5851.43
  111214.591     0.999854        24267      6826.67
  111214.591     0.999878        24267      8192.00
  111214.591     0.999890        24267      9102.22
  111214.591     0.999902        24267     10240.00
  111214.591     0.999915        24267     11702.86
  111345.663     0.999927        24268     13653.33
  111345.663     0.999939        24268     16384.00
  111345.663     0.999945        24268     18204.44
  111345.663     0.999951        24268     20480.00
  111345.663     0.999957        24268     23405.71
  111411.199     0.999963        24269     27306.67
  111411.199     1.000000        24269          inf
#[Mean    =    83540.832, StdDeviation   =    20449.835]
#[Max     =   111345.664, Total count    =        24269]
#[Buckets =           27, SubBuckets     =         2048]
----------------------------------------------------------
  24325 requests in 15.00m, 301.08MB read
  Socket errors: connect 0, read 0, write 5, timeout 0
Requests/sec:     27.03
Transfer/sec:    342.55KB
