Running 15m test @ http://10.108.33.70:8080/wrk2-api/post/compose
  2 threads and 4 connections
  Thread calibration: mean lat.: 20.038ms, rate sampling interval: 46ms
  Thread calibration: mean lat.: 19.115ms, rate sampling interval: 43ms
  Thread Stats   Avg      Stdev     99%   +/- Stdev
    Latency     8.26s    14.96s   44.60s    78.30%
    Req/Sec     4.88     10.49    46.00     80.44%
  Latency Distribution (HdrHistogram - Recorded Latency)
 50.000%  473.86ms
 75.000%    1.32s 
 90.000%   36.44s 
 99.000%   44.60s 
 99.900%   47.09s 
 99.990%   47.84s 
 99.999%   47.87s 
100.000%   47.87s 

  Detailed Percentile spectrum:
       Value   Percentile   TotalCount 1/(1-Percentile)

       9.095     0.000000            1         1.00
     105.599     0.100000          876         1.11
     205.311     0.200000         1751         1.25
     269.055     0.300000         2628         1.43
     347.391     0.400000         3502         1.67
     473.855     0.500000         4378         2.00
     548.863     0.550000         4814         2.22
     639.487     0.600000         5252         2.50
     762.367     0.650000         5690         2.86
     949.759     0.700000         6127         3.33
    1315.839     0.750000         6564         4.00
    1947.647     0.775000         6783         4.44
   30162.943     0.800000         7003         5.00
   32325.631     0.825000         7223         5.71
   33816.575     0.850000         7442         6.67
   35028.991     0.875000         7659         8.00
   35717.119     0.887500         7770         8.89
   36438.015     0.900000         7880        10.00
   37158.911     0.912500         7989        11.43
   37814.271     0.925000         8099        13.33
   38469.631     0.937500         8206        16.00
   38797.311     0.943750         8263        17.78
   39288.831     0.950000         8317        20.00
   39976.959     0.956250         8370        22.86
   41025.535     0.962500         8424        26.67
   42270.719     0.968750         8480        32.00
   42795.007     0.971875         8509        35.56
   43188.223     0.975000         8536        40.00
   43417.599     0.978125         8561        45.71
   43745.279     0.981250         8589        53.33
   44105.727     0.984375         8616        64.00
   44204.031     0.985938         8629        71.11
   44367.871     0.987500         8643        80.00
   44466.175     0.989062         8657        91.43
   44761.087     0.990625         8673       106.67
   44924.927     0.992188         8685       128.00
   45023.231     0.992969         8691       142.22
   45121.535     0.993750         8698       160.00
   45219.839     0.994531         8705       182.86
   45383.679     0.995313         8711       213.33
   45711.359     0.996094         8718       256.00
   45842.431     0.996484         8722       284.44
   45940.735     0.996875         8725       320.00
   46202.879     0.997266         8729       365.71
   46333.951     0.997656         8734       426.67
   46366.719     0.998047         8735       512.00
   46530.559     0.998242         8737       568.89
   46661.631     0.998437         8739       640.00
   46858.239     0.998633         8741       731.43
   47022.079     0.998828         8742       853.33
   47185.919     0.999023         8744      1024.00
   47251.455     0.999121         8745      1137.78
   47284.223     0.999219         8746      1280.00
   47316.991     0.999316         8747      1462.86
   47316.991     0.999414         8747      1706.67
   47448.063     0.999512         8748      2048.00
   47775.743     0.999561         8749      2275.56
   47775.743     0.999609         8749      2560.00
   47808.511     0.999658         8750      2925.71
   47808.511     0.999707         8750      3413.33
   47808.511     0.999756         8750      4096.00
   47841.279     0.999780         8751      4551.11
   47841.279     0.999805         8751      5120.00
   47841.279     0.999829         8751      5851.43
   47841.279     0.999854         8751      6826.67
   47841.279     0.999878         8751      8192.00
   47874.047     0.999890         8752      9102.22
   47874.047     1.000000         8752          inf
#[Mean    =     8258.336, StdDeviation   =    14960.081]
#[Max     =    47841.280, Total count    =         8752]
#[Buckets =           27, SubBuckets     =         2048]
----------------------------------------------------------
  8869 requests in 15.00m, 1.82MB read
  Socket errors: connect 0, read 0, write 5, timeout 17
Requests/sec:      9.85
Transfer/sec:      2.07KB
