Running 15m test @ http://10.102.40.84:8080/wrk2-api/post/compose
  2 threads and 4 connections
  Thread calibration: mean lat.: 18.090ms, rate sampling interval: 45ms
  Thread calibration: mean lat.: 28.300ms, rate sampling interval: 49ms
  Thread Stats   Avg      Stdev     99%   +/- Stdev
    Latency   650.73ms  505.09ms   2.38s    80.52%
    Req/Sec     4.92     10.20    44.00     79.33%
  Latency Distribution (HdrHistogram - Recorded Latency)
 50.000%  509.95ms
 75.000%  878.59ms
 90.000%    1.31s 
 99.000%    2.38s 
 99.900%    3.36s 
 99.990%    4.33s 
 99.999%    4.82s 
100.000%    4.82s 

  Detailed Percentile spectrum:
       Value   Percentile   TotalCount 1/(1-Percentile)

       9.095     0.000000            1         1.00
     214.911     0.100000          884         1.11
     267.263     0.200000         1768         1.25
     324.095     0.300000         2653         1.43
     404.735     0.400000         3537         1.67
     509.951     0.500000         4421         2.00
     570.367     0.550000         4862         2.22
     634.367     0.600000         5306         2.50
     700.927     0.650000         5749         2.86
     781.823     0.700000         6188         3.33
     878.591     0.750000         6631         4.00
     924.159     0.775000         6850         4.44
     979.455     0.800000         7072         5.00
    1040.895     0.825000         7292         5.71
    1103.871     0.850000         7515         6.67
    1191.935     0.875000         7735         8.00
    1242.111     0.887500         7844         8.89
    1307.647     0.900000         7957        10.00
    1380.351     0.912500         8065        11.43
    1458.175     0.925000         8176        13.33
    1549.311     0.937500         8286        16.00
    1592.319     0.943750         8342        17.78
    1643.519     0.950000         8397        20.00
    1707.007     0.956250         8452        22.86
    1791.999     0.962500         8508        26.67
    1875.967     0.968750         8562        32.00
    1926.143     0.971875         8590        35.56
    1980.415     0.975000         8618        40.00
    2032.639     0.978125         8645        45.71
    2107.391     0.981250         8673        53.33
    2201.599     0.984375         8700        64.00
    2232.319     0.985938         8714        71.11
    2310.143     0.987500         8728        80.00
    2369.535     0.989062         8744        91.43
    2416.639     0.990625         8756       106.67
    2508.799     0.992188         8769       128.00
    2549.759     0.992969         8776       142.22
    2633.727     0.993750         8783       160.00
    2709.503     0.994531         8790       182.86
    2789.375     0.995313         8797       213.33
    2897.919     0.996094         8804       256.00
    2920.447     0.996484         8807       284.44
    2951.167     0.996875         8811       320.00
    2975.743     0.997266         8815       365.71
    3022.847     0.997656         8818       426.67
    3084.287     0.998047         8821       512.00
    3129.343     0.998242         8823       568.89
    3149.823     0.998437         8825       640.00
    3160.063     0.998633         8826       731.43
    3215.359     0.998828         8828       853.33
    3518.463     0.999023         8830      1024.00
    3520.511     0.999121         8831      1137.78
    3557.375     0.999219         8832      1280.00
    3557.375     0.999316         8832      1462.86
    3868.671     0.999414         8833      1706.67
    4106.239     0.999512         8834      2048.00
    4114.431     0.999561         8835      2275.56
    4114.431     0.999609         8835      2560.00
    4114.431     0.999658         8835      2925.71
    4186.111     0.999707         8836      3413.33
    4186.111     0.999756         8836      4096.00
    4333.567     0.999780         8837      4551.11
    4333.567     0.999805         8837      5120.00
    4333.567     0.999829         8837      5851.43
    4333.567     0.999854         8837      6826.67
    4333.567     0.999878         8837      8192.00
    4816.895     0.999890         8838      9102.22
    4816.895     1.000000         8838          inf
#[Mean    =      650.725, StdDeviation   =      505.085]
#[Max     =     4812.800, Total count    =         8838]
#[Buckets =           27, SubBuckets     =         2048]
----------------------------------------------------------
  8954 requests in 15.00m, 1.84MB read
  Socket errors: connect 0, read 0, write 5, timeout 19
Requests/sec:      9.95
Transfer/sec:      2.09KB
