Running 15m test @ http://10.102.40.84:8080/wrk2-api/post/compose
  2 threads and 4 connections
  Thread calibration: mean lat.: 13.656ms, rate sampling interval: 45ms
  Thread calibration: mean lat.: 5.883ms, rate sampling interval: 19ms
  Thread Stats   Avg      Stdev     99%   +/- Stdev
    Latency     2.21m     2.07m    7.85m    59.75%
    Req/Sec    16.81     32.85   157.00     83.41%
  Latency Distribution (HdrHistogram - Recorded Latency)
 50.000%    1.72m 
 75.000%    3.73m 
 90.000%    5.07m 
 99.000%    7.85m 
 99.900%    8.44m 
 99.990%    8.50m 
 99.999%    8.51m 
100.000%    8.51m 

  Detailed Percentile spectrum:
       Value   Percentile   TotalCount 1/(1-Percentile)

       1.597     0.000000            1         1.00
      94.527     0.100000         3021         1.11
    6402.047     0.200000         6041         1.25
   31457.279     0.300000         9062         1.43
   63078.399     0.400000        12086         1.67
  102957.055     0.500000        15107         2.00
  123469.823     0.550000        16613         2.22
  147324.927     0.600000        18125         2.50
  172621.823     0.650000        19639         2.86
  197263.359     0.700000        21153         3.33
  223870.975     0.750000        22658         4.00
  238288.895     0.775000        23414         4.44
  252444.671     0.800000        24172         5.00
  265814.015     0.825000        24924         5.71
  279183.359     0.850000        25685         6.67
  291766.271     0.875000        26444         8.00
  298319.871     0.887500        26824         8.89
  304349.183     0.900000        27194        10.00
  315359.231     0.912500        27569        11.43
  333709.311     0.925000        27941        13.33
  349700.095     0.937500        28323        16.00
  358612.991     0.943750        28506        17.78
  368050.175     0.950000        28696        20.00
  377487.359     0.956250        28885        22.86
  387186.687     0.962500        29077        26.67
  396099.583     0.968750        29265        32.00
  401342.463     0.971875        29358        35.56
  411828.223     0.975000        29451        40.00
  425983.999     0.978125        29545        45.71
  436994.047     0.981250        29639        53.33
  449576.959     0.984375        29734        64.00
  454819.839     0.985938        29781        71.11
  461373.439     0.987500        29830        80.00
  466354.175     0.989062        29876        91.43
  474218.495     0.990625        29923       106.67
  479723.519     0.992188        29970       128.00
  483917.823     0.992969        29993       142.22
  487063.551     0.993750        30017       160.00
  489160.703     0.994531        30040       182.86
  492830.719     0.995313        30071       213.33
  495714.303     0.996094        30088       256.00
  497549.311     0.996484        30099       284.44
  499646.463     0.996875        30112       320.00
  500432.895     0.997266        30123       365.71
  501481.471     0.997656        30136       426.67
  502792.191     0.998047        30148       512.00
  503054.335     0.998242        30152       568.89
  504102.911     0.998437        30158       640.00
  505151.487     0.998633        30164       731.43
  505937.919     0.998828        30171       853.33
  506462.207     0.999023        30176      1024.00
  506986.495     0.999121        30180      1137.78
  507510.783     0.999219        30183      1280.00
  507772.927     0.999316        30187      1462.86
  508035.071     0.999414        30188      1706.67
  508297.215     0.999512        30192      2048.00
  508297.215     0.999561        30192      2275.56
  508821.503     0.999609        30194      2560.00
  509083.647     0.999658        30195      2925.71
  509607.935     0.999707        30197      3413.33
  509870.079     0.999756        30201      4096.00
  509870.079     0.999780        30201      4551.11
  509870.079     0.999805        30201      5120.00
  509870.079     0.999829        30201      5851.43
  509870.079     0.999854        30201      6826.67
  510132.223     0.999878        30203      8192.00
  510132.223     0.999890        30203      9102.22
  510132.223     0.999902        30203     10240.00
  510132.223     0.999915        30203     11702.86
  510132.223     0.999927        30203     13653.33
  510394.367     0.999939        30205     16384.00
  510394.367     1.000000        30205          inf
#[Mean    =   132601.483, StdDeviation   =   124131.499]
#[Max     =   510132.224, Total count    =        30205]
#[Buckets =           27, SubBuckets     =         2048]
----------------------------------------------------------
  30857 requests in 15.00m, 245.98MB read
  Socket errors: connect 0, read 1, write 6, timeout 491
Requests/sec:     34.28
Transfer/sec:    279.84KB
