Running 15m test @ http://10.102.40.84:8080/wrk2-api/post/compose
  2 threads and 4 connections
  Thread calibration: mean lat.: 24.635ms, rate sampling interval: 64ms
  Thread calibration: mean lat.: 24.403ms, rate sampling interval: 68ms
  Thread Stats   Avg      Stdev     99%   +/- Stdev
    Latency     1.29m     1.06m    4.44m    66.83%
    Req/Sec    11.42     11.83    31.00     79.45%
  Latency Distribution (HdrHistogram - Recorded Latency)
 50.000%    1.16m 
 75.000%    2.00m 
 90.000%    2.53m 
 99.000%    4.44m 
 99.900%    4.68m 
 99.990%    4.71m 
 99.999%    4.71m 
100.000%    4.71m 

  Detailed Percentile spectrum:
       Value   Percentile   TotalCount 1/(1-Percentile)

       3.305     0.000000            1         1.00
    2226.175     0.100000         2086         1.11
   14958.591     0.200000         4172         1.25
   31670.271     0.300000         6259         1.43
   47972.351     0.400000         8347         1.67
   69861.375     0.500000        10434         2.00
   77856.767     0.550000        11476         2.22
   88866.815     0.600000        12524         2.50
   99680.255     0.650000        13559         2.86
  110428.159     0.700000        14602         3.33
  120127.487     0.750000        15648         4.00
  124583.935     0.775000        16166         4.44
  129499.135     0.800000        16688         5.00
  132448.255     0.825000        17215         5.71
  138543.103     0.850000        17740         6.67
  144572.415     0.875000        18256         8.00
  148242.431     0.887500        18516         8.89
  151912.447     0.900000        18782        10.00
  155320.319     0.912500        19041        11.43
  162529.279     0.925000        19295        13.33
  185597.951     0.937500        19556        16.00
  195952.639     0.943750        19686        17.78
  207355.903     0.950000        19818        20.00
  216137.727     0.956250        19948        22.86
  224919.551     0.962500        20087        26.67
  235929.599     0.968750        20208        32.00
  241696.767     0.971875        20273        35.56
  245628.927     0.975000        20339        40.00
  251265.023     0.978125        20403        45.71
  254672.895     0.981250        20470        53.33
  258211.839     0.984375        20534        64.00
  261226.495     0.985938        20571        71.11
  263061.503     0.987500        20602        80.00
  264503.295     0.989062        20631        91.43
  267517.951     0.990625        20664       106.67
  270794.751     0.992188        20697       128.00
  272105.471     0.992969        20718       142.22
  272629.759     0.993750        20732       160.00
  273416.191     0.994531        20747       182.86
  275513.343     0.995313        20762       213.33
  277086.207     0.996094        20779       256.00
  277872.639     0.996484        20790       284.44
  278396.927     0.996875        20795       320.00
  278659.071     0.997266        20802       365.71
  279445.503     0.997656        20811       426.67
  279969.791     0.998047        20824       512.00
  279969.791     0.998242        20824       568.89
  280231.935     0.998437        20829       640.00
  280494.079     0.998633        20832       731.43
  280756.223     0.998828        20837       853.33
  281018.367     0.999023        20840      1024.00
  281280.511     0.999121        20843      1137.78
  281280.511     0.999219        20843      1280.00
  281542.655     0.999316        20847      1462.86
  281542.655     0.999414        20847      1706.67
  282066.943     0.999512        20854      2048.00
  282066.943     0.999561        20854      2275.56
  282066.943     0.999609        20854      2560.00
  282066.943     0.999658        20854      2925.71
  282066.943     0.999707        20854      3413.33
  282066.943     0.999756        20854      4096.00
  282329.087     0.999780        20856      4551.11
  282329.087     0.999805        20856      5120.00
  282329.087     0.999829        20856      5851.43
  282329.087     0.999854        20856      6826.67
  282591.231     0.999878        20859      8192.00
  282591.231     1.000000        20859          inf
#[Mean    =    77337.508, StdDeviation   =    63699.155]
#[Max     =   282329.088, Total count    =        20859]
#[Buckets =           27, SubBuckets     =         2048]
----------------------------------------------------------
  21185 requests in 15.00m, 276.60MB read
  Socket errors: connect 0, read 2, write 4, timeout 0
Requests/sec:     23.54
Transfer/sec:    314.69KB
