Running 15m test @ http://10.97.57.182:8080/wrk2-api/post/compose
  2 threads and 4 connections
  Thread calibration: mean lat.: 2280.835ms, rate sampling interval: 7290ms
  Thread calibration: mean lat.: 2470.764ms, rate sampling interval: 11780ms
  Thread Stats   Avg      Stdev     99%   +/- Stdev
    Latency     0.87m    16.38s    1.24m    65.86%
    Req/Sec     4.16      1.20     6.00     97.46%
  Latency Distribution (HdrHistogram - Recorded Latency)
 50.000%    0.99m 
 75.000%    1.06m 
 90.000%    1.12m 
 99.000%    1.24m 
 99.900%    1.27m 
 99.990%    1.28m 
 99.999%    1.28m 
100.000%    1.28m 

  Detailed Percentile spectrum:
       Value   Percentile   TotalCount 1/(1-Percentile)

      27.471     0.000000            1         1.00
   28803.071     0.100000          836         1.11
   31653.887     0.200000         1669         1.25
   51347.455     0.300000         2501         1.43
   57049.087     0.400000         3337         1.67
   59473.919     0.500000         4180         2.00
   60358.655     0.550000         4592         2.22
   61276.159     0.600000         5008         2.50
   62095.359     0.650000         5427         2.86
   62914.559     0.700000         5854         3.33
   63635.455     0.750000         6265         4.00
   64061.439     0.775000         6482         4.44
   64520.191     0.800000         6675         5.00
   64978.943     0.825000         6890         5.71
   65503.231     0.850000         7091         6.67
   66289.663     0.875000         7298         8.00
   66748.415     0.887500         7402         8.89
   67239.935     0.900000         7521        10.00
   67764.223     0.912500         7614        11.43
   68288.511     0.925000         7713        13.33
   69140.479     0.937500         7819        16.00
   69664.767     0.943750         7871        17.78
   70385.663     0.950000         7928        20.00
   70778.879     0.956250         7976        22.86
   71303.167     0.962500         8026        26.67
   72024.063     0.968750         8078        32.00
   72417.279     0.971875         8107        35.56
   72876.031     0.975000         8133        40.00
   73203.711     0.978125         8157        45.71
   73531.391     0.981250         8187        53.33
   73727.999     0.984375         8213        64.00
   73859.071     0.985938         8220        71.11
   73990.143     0.987500         8232        80.00
   74317.823     0.989062         8247        91.43
   74579.967     0.990625         8258       106.67
   74776.575     0.992188         8273       128.00
   74842.111     0.992969         8279       142.22
   74907.647     0.993750         8285       160.00
   75038.719     0.994531         8293       182.86
   75169.791     0.995313         8301       213.33
   75235.327     0.996094         8305       256.00
   75300.863     0.996484         8309       284.44
   75366.399     0.996875         8310       320.00
   75563.007     0.997266         8315       365.71
   75628.543     0.997656         8318       426.67
   75759.615     0.998047         8321       512.00
   75825.151     0.998242         8323       568.89
   75825.151     0.998437         8323       640.00
   75956.223     0.998633         8326       731.43
   76087.295     0.998828         8329       853.33
   76087.295     0.999023         8329      1024.00
   76087.295     0.999121         8329      1137.78
   76152.831     0.999219         8330      1280.00
   76218.367     0.999316         8331      1462.86
   76349.439     0.999414         8332      1706.67
   76349.439     0.999512         8332      2048.00
   76546.047     0.999561         8333      2275.56
   76546.047     0.999609         8333      2560.00
   76611.583     0.999658         8335      2925.71
   76611.583     0.999707         8335      3413.33
   76611.583     0.999756         8335      4096.00
   76611.583     0.999780         8335      4551.11
   76611.583     0.999805         8335      5120.00
   76611.583     0.999829         8335      5851.43
   76611.583     0.999854         8335      6826.67
   76611.583     0.999878         8335      8192.00
   76742.655     0.999890         8336      9102.22
   76742.655     1.000000         8336          inf
#[Mean    =    52248.815, StdDeviation   =    16375.900]
#[Max     =    76677.120, Total count    =         8336]
#[Buckets =           27, SubBuckets     =         2048]
----------------------------------------------------------
  8418 requests in 15.00m, 1.73MB read
  Socket errors: connect 0, read 0, write 4, timeout 19
Requests/sec:      9.35
Transfer/sec:      1.96KB
