Running 15m test @ http://10.97.57.182:8080/wrk2-api/post/compose
  2 threads and 4 connections
  Thread calibration: mean lat.: 4681.051ms, rate sampling interval: 16457ms
  Thread calibration: mean lat.: 3217.305ms, rate sampling interval: 11247ms
  Thread Stats   Avg      Stdev     99%   +/- Stdev
    Latency     1.64m     9.27s    1.81m    90.64%
    Req/Sec    26.35      8.85    33.00     88.72%
  Latency Distribution (HdrHistogram - Recorded Latency)
 50.000%    1.68m 
 75.000%    1.73m 
 90.000%    1.76m 
 99.000%    1.81m 
 99.900%    1.84m 
 99.990%    1.88m 
 99.999%    1.89m 
100.000%    1.89m 

  Detailed Percentile spectrum:
       Value   Percentile   TotalCount 1/(1-Percentile)

    6316.031     0.000000            1         1.00
   89980.927     0.100000         4929         1.11
   91488.255     0.200000         9563         1.25
   97910.783     0.300000        14452         1.43
   99745.791     0.400000        19158         1.67
  101056.511     0.500000        23934         2.00
  101580.799     0.550000        26358         2.22
  102105.087     0.600000        28778         2.50
  102629.375     0.650000        31105         2.86
  103219.199     0.700000        33672         3.33
  103809.023     0.750000        35959         4.00
  104136.703     0.775000        37283         4.44
  104398.847     0.800000        38393         5.00
  104660.991     0.825000        39627         5.71
  104923.135     0.850000        40947         6.67
  105119.743     0.875000        41828         8.00
  105250.815     0.887500        42421         8.89
  105447.423     0.900000        43136        10.00
  105644.031     0.912500        43697        11.43
  105906.175     0.925000        44288        13.33
  106102.783     0.937500        44798        16.00
  106233.855     0.943750        45111        17.78
  106364.927     0.950000        45429        20.00
  106495.999     0.956250        45725        22.86
  106692.607     0.962500        46026        26.67
  106954.751     0.968750        46310        32.00
  107085.823     0.971875        46473        35.56
  107216.895     0.975000        46609        40.00
  107413.503     0.978125        46745        45.71
  107741.183     0.981250        46889        53.33
  108003.327     0.984375        47034        64.00
  108134.399     0.985938        47097        71.11
  108331.007     0.987500        47172        80.00
  108527.615     0.989062        47299        91.43
  108593.151     0.990625        47351       106.67
  108658.687     0.992188        47392       128.00
  108789.759     0.992969        47446       142.22
  108920.831     0.993750        47479       160.00
  108986.367     0.994531        47499       182.86
  109117.439     0.995313        47540       213.33
  109248.511     0.996094        47579       256.00
  109379.583     0.996484        47602       284.44
  109445.119     0.996875        47613       320.00
  109641.727     0.997266        47636       365.71
  109903.871     0.997656        47656       426.67
  109969.407     0.998047        47669       512.00
  110100.479     0.998242        47685       568.89
  110166.015     0.998437        47689       640.00
  110297.087     0.998633        47699       731.43
  110428.159     0.998828        47708       853.33
  110821.375     0.999023        47714      1024.00
  111345.663     0.999121        47719      1137.78
  111607.807     0.999219        47723      1280.00
  111804.415     0.999316        47728      1462.86
  112066.559     0.999414        47734      1706.67
  112197.631     0.999512        47739      2048.00
  112263.167     0.999561        47742      2275.56
  112263.167     0.999609        47742      2560.00
  112328.703     0.999658        47744      2925.71
  112787.455     0.999707        47751      3413.33
  112787.455     0.999756        47751      4096.00
  112787.455     0.999780        47751      4551.11
  112787.455     0.999805        47751      5120.00
  112852.991     0.999829        47755      5851.43
  112852.991     0.999854        47755      6826.67
  112852.991     0.999878        47755      8192.00
  112852.991     0.999890        47755      9102.22
  112984.063     0.999902        47756     10240.00
  112984.063     0.999915        47756     11702.86
  113115.135     0.999927        47757     13653.33
  113246.207     0.999939        47759     16384.00
  113246.207     0.999945        47759     18204.44
  113246.207     0.999951        47759     20480.00
  113246.207     0.999957        47759     23405.71
  113246.207     0.999963        47759     27306.67
  113246.207     0.999969        47759     32768.00
  113246.207     0.999973        47759     36408.89
  113246.207     0.999976        47759     40960.00
  113246.207     0.999979        47759     46811.43
  113311.743     0.999982        47760     54613.33
  113311.743     1.000000        47760          inf
#[Mean    =    98602.481, StdDeviation   =     9274.369]
#[Max     =   113246.208, Total count    =        47760]
#[Buckets =           27, SubBuckets     =         2048]
----------------------------------------------------------
  47921 requests in 15.00m, 420.68MB read
  Socket errors: connect 0, read 0, write 6, timeout 0
Requests/sec:     53.24
Transfer/sec:    478.62KB
