Running 15m test @ http://10.97.57.182:8080/wrk2-api/post/compose
  2 threads and 4 connections
  Thread calibration: mean lat.: 4640.029ms, rate sampling interval: 13811ms
  Thread calibration: mean lat.: 5100.780ms, rate sampling interval: 15114ms
  Thread Stats   Avg      Stdev     99%   +/- Stdev
    Latency     1.41m    23.88s    1.79m    73.24%
    Req/Sec    13.11      3.81    17.00     89.34%
  Latency Distribution (HdrHistogram - Recorded Latency)
 50.000%    1.60m 
 75.000%    1.68m 
 90.000%    1.74m 
 99.000%    1.79m 
 99.900%    1.82m 
 99.990%    1.83m 
 99.999%    1.83m 
100.000%    1.83m 

  Detailed Percentile spectrum:
       Value   Percentile   TotalCount 1/(1-Percentile)

    7122.943     0.000000            2         1.00
   45055.999     0.100000         2451         1.11
   47742.975     0.200000         4866         1.25
   90767.359     0.300000         7278         1.43
   94175.231     0.400000         9707         1.67
   96075.775     0.500000        12190         2.00
   97124.351     0.550000        13343         2.22
   97910.783     0.600000        14652         2.50
   98762.751     0.650000        15766         2.86
   99680.255     0.700000        16979         3.33
  100532.223     0.750000        18240         4.00
  100990.975     0.775000        18835         4.44
  101515.263     0.800000        19427         5.00
  102170.623     0.825000        20074         5.71
  102629.375     0.850000        20617         6.67
  103284.735     0.875000        21260         8.00
  103677.951     0.887500        21540         8.89
  104136.703     0.900000        21831        10.00
  104529.919     0.912500        22177        11.43
  104857.599     0.925000        22461        13.33
  105185.279     0.937500        22786        16.00
  105316.351     0.943750        22929        17.78
  105447.423     0.950000        23039        20.00
  105644.031     0.956250        23204        22.86
  105840.639     0.962500        23369        26.67
  106037.247     0.968750        23505        32.00
  106168.319     0.971875        23589        35.56
  106299.391     0.975000        23660        40.00
  106430.463     0.978125        23738        45.71
  106561.535     0.981250        23804        53.33
  106823.679     0.984375        23884        64.00
  106889.215     0.985938        23909        71.11
  107020.287     0.987500        23959        80.00
  107151.359     0.989062        23989        91.43
  107347.967     0.990625        24027       106.67
  107610.111     0.992188        24061       128.00
  107741.183     0.992969        24080       142.22
  107872.255     0.993750        24100       160.00
  108003.327     0.994531        24124       182.86
  108134.399     0.995313        24145       213.33
  108265.471     0.996094        24157       256.00
  108396.543     0.996484        24167       284.44
  108527.615     0.996875        24178       320.00
  108593.151     0.997266        24184       365.71
  108789.759     0.997656        24204       426.67
  108789.759     0.998047        24204       512.00
  108855.295     0.998242        24209       568.89
  108920.831     0.998437        24212       640.00
  108986.367     0.998633        24216       731.43
  109051.903     0.998828        24221       853.33
  109314.047     0.999023        24226      1024.00
  109379.583     0.999121        24229      1137.78
  109445.119     0.999219        24233      1280.00
  109445.119     0.999316        24233      1462.86
  109510.655     0.999414        24237      1706.67
  109576.191     0.999512        24240      2048.00
  109576.191     0.999561        24240      2275.56
  109576.191     0.999609        24240      2560.00
  109641.727     0.999658        24243      2925.71
  109641.727     0.999707        24243      3413.33
  109707.263     0.999756        24245      4096.00
  109707.263     0.999780        24245      4551.11
  109707.263     0.999805        24245      5120.00
  109707.263     0.999829        24245      5851.43
  109772.799     0.999854        24246      6826.67
  109838.335     0.999878        24248      8192.00
  109838.335     0.999890        24248      9102.22
  109838.335     0.999902        24248     10240.00
  109838.335     0.999915        24248     11702.86
  109838.335     0.999927        24248     13653.33
  109838.335     0.999939        24248     16384.00
  109838.335     0.999945        24248     18204.44
  109838.335     0.999951        24248     20480.00
  109838.335     0.999957        24248     23405.71
  109903.871     0.999963        24249     27306.67
  109903.871     1.000000        24249          inf
#[Mean    =    84410.302, StdDeviation   =    23876.033]
#[Max     =   109838.336, Total count    =        24249]
#[Buckets =           27, SubBuckets     =         2048]
----------------------------------------------------------
  24298 requests in 15.00m, 300.48MB read
  Socket errors: connect 0, read 0, write 5, timeout 0
Requests/sec:     26.99
Transfer/sec:    341.82KB
