Running 15m test @ http://10.101.21.231:8080/wrk2-api/post/compose
  2 threads and 4 connections
  Thread calibration: mean lat.: 16.220ms, rate sampling interval: 41ms
  Thread calibration: mean lat.: 18.387ms, rate sampling interval: 51ms
  Thread Stats   Avg      Stdev     99%   +/- Stdev
    Latency   592.50ms  535.39ms   2.46s    77.22%
    Req/Sec     4.96     10.49    48.00     79.76%
  Latency Distribution (HdrHistogram - Recorded Latency)
 50.000%  449.79ms
 75.000%  840.70ms
 90.000%    1.28s 
 99.000%    2.46s 
 99.900%    3.69s 
 99.990%    4.42s 
 99.999%    4.53s 
100.000%    4.53s 

  Detailed Percentile spectrum:
       Value   Percentile   TotalCount 1/(1-Percentile)

      10.527     0.000000            1         1.00
      65.919     0.100000          884         1.11
     154.111     0.200000         1768         1.25
     243.071     0.300000         2651         1.43
     342.527     0.400000         3535         1.67
     449.791     0.500000         4418         2.00
     514.815     0.550000         4862         2.22
     582.143     0.600000         5302         2.50
     655.359     0.650000         5748         2.86
     748.031     0.700000         6187         3.33
     840.703     0.750000         6629         4.00
     887.807     0.775000         6848         4.44
     943.615     0.800000         7069         5.00
    1004.031     0.825000         7290         5.71
    1079.295     0.850000         7514         6.67
    1177.599     0.875000         7733         8.00
    1227.775     0.887500         7844         8.89
    1284.095     0.900000         7953        10.00
    1350.655     0.912500         8065        11.43
    1421.311     0.925000         8174        13.33
    1504.255     0.937500         8286        16.00
    1562.623     0.943750         8339        17.78
    1629.183     0.950000         8395        20.00
    1703.935     0.956250         8452        22.86
    1782.783     0.962500         8505        26.67
    1860.607     0.968750         8560        32.00
    1925.119     0.971875         8588        35.56
    1993.727     0.975000         8618        40.00
    2077.695     0.978125         8644        45.71
    2150.399     0.981250         8671        53.33
    2248.703     0.984375         8698        64.00
    2308.095     0.985938         8712        71.11
    2367.487     0.987500         8727        80.00
    2428.927     0.989062         8740        91.43
    2465.791     0.990625         8754       106.67
    2582.527     0.992188         8767       128.00
    2615.295     0.992969         8774       142.22
    2662.399     0.993750         8781       160.00
    2744.319     0.994531         8789       182.86
    2815.999     0.995313         8795       213.33
    2871.295     0.996094         8802       256.00
    2922.495     0.996484         8805       284.44
    2992.127     0.996875         8809       320.00
    3080.191     0.997266         8812       365.71
    3301.375     0.997656         8816       426.67
    3358.719     0.998047         8819       512.00
    3405.823     0.998242         8821       568.89
    3491.839     0.998437         8823       640.00
    3520.511     0.998633         8824       731.43
    3647.487     0.998828         8826       853.33
    3934.207     0.999023         8828      1024.00
    3946.495     0.999121         8829      1137.78
    3952.639     0.999219         8830      1280.00
    3952.639     0.999316         8830      1462.86
    4003.839     0.999414         8831      1706.67
    4009.983     0.999512         8832      2048.00
    4079.615     0.999561         8833      2275.56
    4079.615     0.999609         8833      2560.00
    4079.615     0.999658         8833      2925.71
    4198.399     0.999707         8834      3413.33
    4198.399     0.999756         8834      4096.00
    4419.583     0.999780         8835      4551.11
    4419.583     0.999805         8835      5120.00
    4419.583     0.999829         8835      5851.43
    4419.583     0.999854         8835      6826.67
    4419.583     0.999878         8835      8192.00
    4530.175     0.999890         8836      9102.22
    4530.175     1.000000         8836          inf
#[Mean    =      592.500, StdDeviation   =      535.388]
#[Max     =     4526.080, Total count    =         8836]
#[Buckets =           27, SubBuckets     =         2048]
----------------------------------------------------------
  8953 requests in 15.00m, 1.84MB read
  Socket errors: connect 0, read 5, write 5, timeout 17
Requests/sec:      9.95
Transfer/sec:      2.09KB
