Running 15m test @ http://10.101.21.231:8080/wrk2-api/post/compose
  2 threads and 4 connections
  Thread calibration: mean lat.: 4.714ms, rate sampling interval: 12ms
  Thread calibration: mean lat.: 4.786ms, rate sampling interval: 14ms
  Thread Stats   Avg      Stdev     99%   +/- Stdev
    Latency     6.95s    12.57s   32.57s    77.26%
    Req/Sec    30.66     48.05   181.00     81.02%
  Latency Distribution (HdrHistogram - Recorded Latency)
 50.000%  154.24ms
 75.000%  401.15ms
 90.000%   30.34s 
 99.000%   32.57s 
 99.900%   33.26s 
 99.990%   33.62s 
 99.999%   33.69s 
100.000%   33.69s 

  Detailed Percentile spectrum:
       Value   Percentile   TotalCount 1/(1-Percentile)

       1.963     0.000000            1         1.00
      32.127     0.100000         5276         1.11
      56.831     0.200000        10555         1.25
      85.247     0.300000        15828         1.43
     116.543     0.400000        21101         1.67
     154.239     0.500000        26383         2.00
     176.639     0.550000        29017         2.22
     203.903     0.600000        31652         2.50
     238.335     0.650000        34285         2.86
     290.815     0.700000        36923         3.33
     401.151     0.750000        39559         4.00
   26673.151     0.775000        40876         4.44
   28311.551     0.800000        42213         5.00
   28868.607     0.825000        43514         5.71
   29442.047     0.850000        44856         6.67
   29917.183     0.875000        46159         8.00
   30146.559     0.887500        46834         8.89
   30343.167     0.900000        47476        10.00
   30572.543     0.912500        48154        11.43
   30818.303     0.925000        48800        13.33
   31080.447     0.937500        49461        16.00
   31211.519     0.943750        49784        17.78
   31375.359     0.950000        50123        20.00
   31506.431     0.956250        50449        22.86
   31637.503     0.962500        50791        26.67
   31784.959     0.968750        51107        32.00
   31866.879     0.971875        51283        35.56
   31965.183     0.975000        51437        40.00
   32096.255     0.978125        51599        45.71
   32210.943     0.981250        51765        53.33
   32342.015     0.984375        51934        64.00
   32407.551     0.985938        52016        71.11
   32456.703     0.987500        52089        80.00
   32522.239     0.989062        52172        91.43
   32587.775     0.990625        52256       106.67
   32653.311     0.992188        52342       128.00
   32686.079     0.992969        52377       142.22
   32735.231     0.993750        52420       160.00
   32784.383     0.994531        52457       182.86
   32866.303     0.995313        52502       213.33
   32931.839     0.996094        52539       256.00
   32980.991     0.996484        52565       284.44
   33013.759     0.996875        52584       320.00
   33046.527     0.997266        52608       365.71
   33079.295     0.997656        52621       426.67
   33128.447     0.998047        52644       512.00
   33144.831     0.998242        52652       568.89
   33177.599     0.998437        52664       640.00
   33193.983     0.998633        52672       731.43
   33226.751     0.998828        52683       853.33
   33259.519     0.999023        52695      1024.00
   33275.903     0.999121        52700      1137.78
   33292.287     0.999219        52704      1280.00
   33308.671     0.999316        52709      1462.86
   33341.439     0.999414        52715      1706.67
   33357.823     0.999512        52718      2048.00
   33390.591     0.999561        52720      2275.56
   33439.743     0.999609        52723      2560.00
   33472.511     0.999658        52726      2925.71
   33521.663     0.999707        52730      3413.33
   33538.047     0.999756        52734      4096.00
   33538.047     0.999780        52734      4551.11
   33538.047     0.999805        52734      5120.00
   33538.047     0.999829        52734      5851.43
   33587.199     0.999854        52736      6826.67
   33619.967     0.999878        52739      8192.00
   33619.967     0.999890        52739      9102.22
   33619.967     0.999902        52739     10240.00
   33619.967     0.999915        52739     11702.86
   33652.735     0.999927        52741     13653.33
   33652.735     0.999939        52741     16384.00
   33652.735     0.999945        52741     18204.44
   33652.735     0.999951        52741     20480.00
   33652.735     0.999957        52741     23405.71
   33685.503     0.999963        52743     27306.67
   33685.503     1.000000        52743          inf
#[Mean    =     6945.584, StdDeviation   =    12568.396]
#[Max     =    33652.736, Total count    =        52743]
#[Buckets =           27, SubBuckets     =         2048]
----------------------------------------------------------
  53397 requests in 15.00m, 457.14MB read
  Socket errors: connect 0, read 0, write 14, timeout 0
Requests/sec:     59.33
Transfer/sec:    520.09KB
