Running 15m test @ http://10.101.21.231:8080/wrk2-api/post/compose
  2 threads and 4 connections
  Thread calibration: mean lat.: 20.306ms, rate sampling interval: 60ms
  Thread calibration: mean lat.: 23.217ms, rate sampling interval: 67ms
  Thread Stats   Avg      Stdev     99%   +/- Stdev
    Latency     6.98s    12.53s   33.75s    77.44%
    Req/Sec    14.51     15.06    60.00     84.45%
  Latency Distribution (HdrHistogram - Recorded Latency)
 50.000%  259.07ms
 75.000%  664.58ms
 90.000%   30.26s 
 99.000%   33.75s 
 99.900%   35.00s 
 99.990%   35.26s 
 99.999%   35.45s 
100.000%   35.45s 

  Detailed Percentile spectrum:
       Value   Percentile   TotalCount 1/(1-Percentile)

       4.395     0.000000            1         1.00
      60.447     0.100000         2633         1.11
     100.927     0.200000         5260         1.25
     145.663     0.300000         7899         1.43
     196.351     0.400000        10525         1.67
     259.071     0.500000        13154         2.00
     295.423     0.550000        14470         2.22
     341.247     0.600000        15787         2.50
     400.383     0.650000        17097         2.86
     482.047     0.700000        18410         3.33
     664.575     0.750000        19726         4.00
   24985.599     0.775000        20383         4.44
   27492.351     0.800000        21048         5.00
   28655.615     0.825000        21705         5.71
   29196.287     0.850000        22359         6.67
   29736.959     0.875000        23024         8.00
   29999.103     0.887500        23352         8.89
   30261.247     0.900000        23677        10.00
   30572.543     0.912500        24011        11.43
   30900.223     0.925000        24330        13.33
   31358.975     0.937500        24658        16.00
   31571.967     0.943750        24822        17.78
   31801.343     0.950000        24990        20.00
   32047.103     0.956250        25160        22.86
   32260.095     0.962500        25316        26.67
   32587.775     0.968750        25479        32.00
   32784.383     0.971875        25563        35.56
   32964.607     0.975000        25646        40.00
   33128.447     0.978125        25726        45.71
   33275.903     0.981250        25818        53.33
   33423.359     0.984375        25899        64.00
   33488.895     0.985938        25937        71.11
   33587.199     0.987500        25984        80.00
   33685.503     0.989062        26016        91.43
   33783.807     0.990625        26061       106.67
   33947.647     0.992188        26100       128.00
   34045.951     0.992969        26117       142.22
   34144.255     0.993750        26143       160.00
   34242.559     0.994531        26164       182.86
   34340.863     0.995313        26183       213.33
   34406.399     0.996094        26200       256.00
   34504.703     0.996484        26210       284.44
   34570.239     0.996875        26224       320.00
   34603.007     0.997266        26231       365.71
   34701.311     0.997656        26244       426.67
   34832.383     0.998047        26251       512.00
   34865.151     0.998242        26254       568.89
   34930.687     0.998437        26266       640.00
   34930.687     0.998633        26266       731.43
   34963.455     0.998828        26272       853.33
   35028.991     0.999023        26282      1024.00
   35028.991     0.999121        26282      1137.78
   35028.991     0.999219        26282      1280.00
   35061.759     0.999316        26285      1462.86
   35061.759     0.999414        26285      1706.67
   35127.295     0.999512        26292      2048.00
   35127.295     0.999561        26292      2275.56
   35127.295     0.999609        26292      2560.00
   35127.295     0.999658        26292      2925.71
   35160.063     0.999707        26293      3413.33
   35192.831     0.999756        26295      4096.00
   35192.831     0.999780        26295      4551.11
   35192.831     0.999805        26295      5120.00
   35258.367     0.999829        26297      5851.43
   35258.367     0.999854        26297      6826.67
   35258.367     0.999878        26297      8192.00
   35389.439     0.999890        26298      9102.22
   35389.439     0.999902        26298     10240.00
   35389.439     0.999915        26298     11702.86
   35422.207     0.999927        26299     13653.33
   35422.207     0.999939        26299     16384.00
   35422.207     0.999945        26299     18204.44
   35422.207     0.999951        26299     20480.00
   35422.207     0.999957        26299     23405.71
   35454.975     0.999963        26300     27306.67
   35454.975     1.000000        26300          inf
#[Mean    =     6975.409, StdDeviation   =    12527.286]
#[Max     =    35422.208, Total count    =        26300]
#[Buckets =           27, SubBuckets     =         2048]
----------------------------------------------------------
  26626 requests in 15.00m, 348.52MB read
  Socket errors: connect 0, read 2, write 11, timeout 0
Requests/sec:     29.58
Transfer/sec:    396.50KB
