Running 15m test @ http://10.96.76.237:8080/wrk2-api/post/compose
  2 threads and 4 connections
  Thread calibration: mean lat.: 699.553ms, rate sampling interval: 3049ms
  Thread calibration: mean lat.: 1647.379ms, rate sampling interval: 5500ms
  Thread Stats   Avg      Stdev     99%   +/- Stdev
    Latency     1.07m    13.09s    1.36m    88.48%
    Req/Sec     4.08      1.59     7.00     87.83%
  Latency Distribution (HdrHistogram - Recorded Latency)
 50.000%    1.10m 
 75.000%    1.17m 
 90.000%    1.25m 
 99.000%    1.36m 
 99.900%    1.41m 
 99.990%    1.42m 
 99.999%    1.42m 
100.000%    1.42m 

  Detailed Percentile spectrum:
       Value   Percentile   TotalCount 1/(1-Percentile)

      17.295     0.000000            1         1.00
   57212.927     0.100000          823         1.11
   60227.583     0.200000         1650         1.25
   62455.807     0.300000         2467         1.43
   64389.119     0.400000         3288         1.67
   65830.911     0.500000         4118         2.00
   66584.575     0.550000         4534         2.22
   67502.079     0.600000         4934         2.50
   68222.975     0.650000         5361         2.86
   69074.943     0.700000         5755         3.33
   70189.055     0.750000         6164         4.00
   70909.951     0.775000         6385         4.44
   71499.775     0.800000         6574         5.00
   72220.671     0.825000         6793         5.71
   73007.103     0.850000         6984         6.67
   73990.143     0.875000         7201         8.00
   74448.895     0.887500         7288         8.89
   75038.719     0.900000         7392        10.00
   75497.471     0.912500         7492        11.43
   76283.903     0.925000         7598        13.33
   77004.799     0.937500         7697        16.00
   77529.087     0.943750         7752        17.78
   78053.375     0.950000         7808        20.00
   78446.591     0.956250         7854        22.86
   78905.343     0.962500         7908        26.67
   79364.095     0.968750         7957        32.00
   79691.775     0.971875         7986        35.56
   79888.383     0.975000         8009        40.00
   80216.063     0.978125         8032        45.71
   80609.279     0.981250         8062        53.33
   80871.423     0.984375         8085        64.00
   81068.031     0.985938         8097        71.11
   81264.639     0.987500         8109        80.00
   81395.711     0.989062         8122        91.43
   81657.855     0.990625         8134       106.67
   81919.999     0.992188         8149       128.00
   82051.071     0.992969         8157       142.22
   82116.607     0.993750         8161       160.00
   82247.679     0.994531         8166       182.86
   82444.287     0.995313         8173       213.33
   82640.895     0.996094         8178       256.00
   82706.431     0.996484         8183       284.44
   82837.503     0.996875         8186       320.00
   82903.039     0.997266         8190       365.71
   82968.575     0.997656         8192       426.67
   83099.647     0.998047         8195       512.00
   83361.791     0.998242         8196       568.89
   84017.151     0.998437         8200       640.00
   84017.151     0.998633         8200       731.43
   84213.759     0.998828         8201       853.33
   84344.831     0.999023         8202      1024.00
   84410.367     0.999121         8203      1137.78
   84606.975     0.999219         8204      1280.00
   84803.583     0.999316         8206      1462.86
   84803.583     0.999414         8206      1706.67
   84803.583     0.999512         8206      2048.00
   84869.119     0.999561         8207      2275.56
   84869.119     0.999609         8207      2560.00
   85065.727     0.999658         8208      2925.71
   85065.727     0.999707         8208      3413.33
   85065.727     0.999756         8208      4096.00
   85131.263     0.999780         8209      4551.11
   85131.263     0.999805         8209      5120.00
   85131.263     0.999829         8209      5851.43
   85131.263     0.999854         8209      6826.67
   85131.263     0.999878         8209      8192.00
   85393.407     0.999890         8210      9102.22
   85393.407     1.000000         8210          inf
#[Mean    =    63993.976, StdDeviation   =    13091.625]
#[Max     =    85327.872, Total count    =         8210]
#[Buckets =           27, SubBuckets     =         2048]
----------------------------------------------------------
  8298 requests in 15.00m, 1.70MB read
  Socket errors: connect 0, read 0, write 7, timeout 19
Requests/sec:      9.22
Transfer/sec:      1.94KB
