Running 15m test @ http://10.96.76.237:8080/wrk2-api/post/compose
  2 threads and 4 connections
  Thread calibration: mean lat.: 2656.586ms, rate sampling interval: 10027ms
  Thread calibration: mean lat.: 5144.213ms, rate sampling interval: 14745ms
  Thread Stats   Avg      Stdev     99%   +/- Stdev
    Latency     1.47m    28.13s    1.87m    72.95%
    Req/Sec    26.78      7.75    33.00     88.51%
  Latency Distribution (HdrHistogram - Recorded Latency)
 50.000%    1.72m 
 75.000%    1.79m 
 90.000%    1.83m 
 99.000%    1.87m 
 99.900%    1.89m 
 99.990%    1.90m 
 99.999%    1.90m 
100.000%    1.90m 

  Detailed Percentile spectrum:
       Value   Percentile   TotalCount 1/(1-Percentile)

    5578.751     0.000000            1         1.00
   42565.631     0.100000         4847         1.11
   43876.351     0.200000         9704         1.25
   97714.175     0.300000        14514         1.43
  100859.903     0.400000        19359         1.67
  102957.055     0.500000        24322         2.00
  103940.095     0.550000        26693         2.22
  104792.063     0.600000        29144         2.50
  105644.031     0.650000        31629         2.86
  106495.999     0.700000        33918         3.33
  107413.503     0.750000        36443         4.00
  107741.183     0.775000        37680         4.44
  108003.327     0.800000        38787         5.00
  108396.543     0.825000        39950         5.71
  108789.759     0.850000        41173         6.67
  109117.439     0.875000        42348         8.00
  109314.047     0.887500        43041         8.89
  109510.655     0.900000        43540        10.00
  109772.799     0.912500        44295        11.43
  109969.407     0.925000        44825        13.33
  110231.551     0.937500        45453        16.00
  110362.623     0.943750        45779        17.78
  110493.695     0.950000        46054        20.00
  110624.767     0.956250        46308        22.86
  110755.839     0.962500        46541        26.67
  111017.983     0.968750        46886        32.00
  111149.055     0.971875        47049        35.56
  111280.127     0.975000        47174        40.00
  111476.735     0.978125        47320        45.71
  111738.879     0.981250        47458        53.33
  112001.023     0.984375        47609        64.00
  112132.095     0.985938        47695        71.11
  112263.167     0.987500        47800        80.00
  112328.703     0.989062        47843        91.43
  112459.775     0.990625        47931       106.67
  112525.311     0.992188        47978       128.00
  112590.847     0.992969        48033       142.22
  112656.383     0.993750        48088       160.00
  112721.919     0.994531        48131       182.86
  112721.919     0.995313        48131       213.33
  112787.455     0.996094        48166       256.00
  112852.991     0.996484        48194       284.44
  112918.527     0.996875        48220       320.00
  112984.063     0.997266        48243       365.71
  112984.063     0.997656        48243       426.67
  113115.135     0.998047        48271       512.00
  113115.135     0.998242        48271       568.89
  113180.671     0.998437        48286       640.00
  113246.207     0.998633        48305       731.43
  113246.207     0.998828        48305       853.33
  113311.743     0.999023        48313      1024.00
  113311.743     0.999121        48313      1137.78
  113377.279     0.999219        48321      1280.00
  113377.279     0.999316        48321      1462.86
  113442.815     0.999414        48331      1706.67
  113442.815     0.999512        48331      2048.00
  113508.351     0.999561        48333      2275.56
  113573.887     0.999609        48336      2560.00
  113639.423     0.999658        48338      2925.71
  113704.959     0.999707        48345      3413.33
  113704.959     0.999756        48345      4096.00
  113704.959     0.999780        48345      4551.11
  113704.959     0.999805        48345      5120.00
  113770.495     0.999829        48347      5851.43
  113770.495     0.999854        48347      6826.67
  113836.031     0.999878        48351      8192.00
  113836.031     0.999890        48351      9102.22
  113836.031     0.999902        48351     10240.00
  113836.031     0.999915        48351     11702.86
  113836.031     0.999927        48351     13653.33
  113967.103     0.999939        48352     16384.00
  113967.103     0.999945        48352     18204.44
  113967.103     0.999951        48352     20480.00
  113967.103     0.999957        48352     23405.71
  114032.639     0.999963        48354     27306.67
  114032.639     1.000000        48354          inf
#[Mean    =    88041.886, StdDeviation   =    28126.684]
#[Max     =   113967.104, Total count    =        48354]
#[Buckets =           27, SubBuckets     =         2048]
----------------------------------------------------------
  48509 requests in 15.00m, 423.58MB read
  Socket errors: connect 0, read 0, write 5, timeout 0
Requests/sec:     53.90
Transfer/sec:    481.92KB
