Running 15m test @ http://10.96.76.237:8080/wrk2-api/post/compose
  2 threads and 4 connections
  Thread calibration: mean lat.: 4588.890ms, rate sampling interval: 13934ms
  Thread calibration: mean lat.: 5089.222ms, rate sampling interval: 15171ms
  Thread Stats   Avg      Stdev     99%   +/- Stdev
    Latency     1.70m     9.66s    1.86m    93.39%
    Req/Sec    12.81      4.39    17.00     87.60%
  Latency Distribution (HdrHistogram - Recorded Latency)
 50.000%    1.72m 
 75.000%    1.77m 
 90.000%    1.81m 
 99.000%    1.86m 
 99.900%    1.90m 
 99.990%    1.91m 
 99.999%    1.91m 
100.000%    1.91m 

  Detailed Percentile spectrum:
       Value   Percentile   TotalCount 1/(1-Percentile)

    7925.759     0.000000            1         1.00
   94765.055     0.100000         2378         1.11
   99155.967     0.200000         4779         1.25
  100925.439     0.300000         7146         1.43
  102367.231     0.400000         9503         1.67
  103415.807     0.500000        11998         2.00
  103874.559     0.550000        13075         2.22
  104398.847     0.600000        14251         2.50
  104988.671     0.650000        15543         2.86
  105644.031     0.700000        16699         3.33
  106430.463     0.750000        17916         4.00
  106758.143     0.775000        18430         4.44
  107151.359     0.800000        19090         5.00
  107479.039     0.825000        19621         5.71
  107937.791     0.850000        20284         6.67
  108331.007     0.875000        20843         8.00
  108527.615     0.887500        21147         8.89
  108724.223     0.900000        21430        10.00
  108920.831     0.912500        21719        11.43
  109117.439     0.925000        21977        13.33
  109379.583     0.937500        22289        16.00
  109510.655     0.943750        22433        17.78
  109707.263     0.950000        22631        20.00
  109772.799     0.956250        22704        22.86
  109969.407     0.962500        22873        26.67
  110166.015     0.968750        23023        32.00
  110297.087     0.971875        23103        35.56
  110428.159     0.975000        23174        40.00
  110559.231     0.978125        23246        45.71
  110755.839     0.981250        23324        53.33
  110952.447     0.984375        23386        64.00
  111017.983     0.985938        23408        71.11
  111149.055     0.987500        23449        80.00
  111280.127     0.989062        23479        91.43
  111804.415     0.990625        23522       106.67
  112066.559     0.992188        23564       128.00
  112263.167     0.992969        23575       142.22
  112656.383     0.993750        23590       160.00
  112984.063     0.994531        23617       182.86
  113115.135     0.995313        23636       213.33
  113180.671     0.996094        23648       256.00
  113246.207     0.996484        23661       284.44
  113311.743     0.996875        23666       320.00
  113377.279     0.997266        23675       365.71
  113508.351     0.997656        23686       426.67
  113573.887     0.998047        23692       512.00
  113639.423     0.998242        23700       568.89
  113704.959     0.998437        23708       640.00
  113704.959     0.998633        23708       731.43
  113770.495     0.998828        23713       853.33
  113836.031     0.999023        23716      1024.00
  113901.567     0.999121        23721      1137.78
  113901.567     0.999219        23721      1280.00
  113967.103     0.999316        23727      1462.86
  113967.103     0.999414        23727      1706.67
  113967.103     0.999512        23727      2048.00
  114032.639     0.999561        23728      2275.56
  114098.175     0.999609        23729      2560.00
  114163.711     0.999658        23731      2925.71
  114229.247     0.999707        23733      3413.33
  114229.247     0.999756        23733      4096.00
  114229.247     0.999780        23733      4551.11
  114294.783     0.999805        23735      5120.00
  114294.783     0.999829        23735      5851.43
  114294.783     0.999854        23735      6826.67
  114425.855     0.999878        23736      8192.00
  114425.855     0.999890        23736      9102.22
  114425.855     0.999902        23736     10240.00
  114425.855     0.999915        23736     11702.86
  114491.391     0.999927        23738     13653.33
  114491.391     1.000000        23738          inf
#[Mean    =   101899.767, StdDeviation   =     9656.413]
#[Max     =   114425.856, Total count    =        23738]
#[Buckets =           27, SubBuckets     =         2048]
----------------------------------------------------------
  23788 requests in 15.00m, 293.93MB read
  Socket errors: connect 0, read 0, write 5, timeout 0
Requests/sec:     26.43
Transfer/sec:    334.42KB
