Running 15m test @ http://10.105.149.179:8080/wrk2-api/post/compose
  2 threads and 4 connections
  Thread calibration: mean lat.: 1172.825ms, rate sampling interval: 3364ms
  Thread calibration: mean lat.: 1374.336ms, rate sampling interval: 4370ms
  Thread Stats   Avg      Stdev     99%   +/- Stdev
    Latency     1.12m    22.13s    1.64m    82.06%
    Req/Sec     2.90      1.68     7.00     85.87%
  Latency Distribution (HdrHistogram - Recorded Latency)
 50.000%    1.32m 
 75.000%    1.39m 
 90.000%    1.44m 
 99.000%    1.64m 
 99.900%    1.69m 
 99.990%    1.70m 
 99.999%    1.71m 
100.000%    1.71m 

  Detailed Percentile spectrum:
       Value   Percentile   TotalCount 1/(1-Percentile)

      16.991     0.000000            1         1.00
   43515.903     0.100000          630         1.11
   47087.615     0.200000         1263         1.25
   50724.863     0.300000         1889         1.43
   74973.183     0.400000         2515         1.67
   78905.343     0.500000         3154         2.00
   80150.527     0.550000         3456         2.22
   81199.103     0.600000         3790         2.50
   81985.535     0.650000         4106         2.86
   82706.431     0.700000         4421         3.33
   83427.327     0.750000         4718         4.00
   83951.615     0.775000         4889         4.44
   84344.831     0.800000         5029         5.00
   84738.047     0.825000         5195         5.71
   85196.799     0.850000         5362         6.67
   85590.015     0.875000         5508         8.00
   85786.623     0.887500         5579         8.89
   86179.839     0.900000         5669        10.00
   86507.519     0.912500         5736        11.43
   87031.807     0.925000         5817        13.33
   87621.631     0.937500         5892        16.00
   88014.847     0.943750         5933        17.78
   88473.599     0.950000         5973        20.00
   88932.351     0.956250         6010        22.86
   89522.175     0.962500         6053        26.67
   90439.679     0.968750         6091        32.00
   91553.791     0.971875         6107        35.56
   92602.367     0.975000         6126        40.00
   94633.983     0.978125         6146        45.71
   95617.023     0.981250         6168        53.33
   96731.135     0.984375         6187        64.00
   96993.279     0.985938         6195        71.11
   97714.175     0.987500         6206        80.00
   98369.535     0.989062         6216        91.43
   98893.823     0.990625         6225       106.67
   99352.575     0.992188         6234       128.00
   99745.791     0.992969         6239       142.22
  100007.935     0.993750         6244       160.00
  100270.079     0.994531         6252       182.86
  100401.151     0.995313         6254       213.33
  100532.223     0.996094         6259       256.00
  100663.295     0.996484         6261       284.44
  100925.439     0.996875         6264       320.00
  101056.511     0.997266         6267       365.71
  101187.583     0.997656         6270       426.67
  101253.119     0.998047         6273       512.00
  101253.119     0.998242         6273       568.89
  101384.191     0.998437         6276       640.00
  101384.191     0.998633         6276       731.43
  101384.191     0.998828         6276       853.33
  101449.727     0.999023         6277      1024.00
  101646.335     0.999121         6279      1137.78
  101646.335     0.999219         6279      1280.00
  101646.335     0.999316         6279      1462.86
  101711.871     0.999414         6280      1706.67
  101711.871     0.999512         6280      2048.00
  102105.087     0.999561         6281      2275.56
  102105.087     0.999609         6281      2560.00
  102105.087     0.999658         6281      2925.71
  102170.623     0.999707         6282      3413.33
  102170.623     0.999756         6282      4096.00
  102170.623     0.999780         6282      4551.11
  102170.623     0.999805         6282      5120.00
  102170.623     0.999829         6282      5851.43
  102498.303     0.999854         6283      6826.67
  102498.303     1.000000         6283          inf
#[Mean    =    67434.278, StdDeviation   =    22127.180]
#[Max     =   102432.768, Total count    =         6283]
#[Buckets =           27, SubBuckets     =         2048]
----------------------------------------------------------
  6365 requests in 15.00m, 1.31MB read
  Socket errors: connect 0, read 0, write 5, timeout 398
Requests/sec:      7.07
Transfer/sec:      1.48KB
