Running 15m test @ http://10.105.149.179:8080/wrk2-api/post/compose
  2 threads and 4 connections
  Thread calibration: mean lat.: 4013.714ms, rate sampling interval: 13754ms
  Thread calibration: mean lat.: 4147.230ms, rate sampling interval: 14139ms
  Thread Stats   Avg      Stdev     99%   +/- Stdev
    Latency     1.63m     8.75s    1.76m    95.69%
    Req/Sec    26.32      8.55    33.00     88.89%
  Latency Distribution (HdrHistogram - Recorded Latency)
 50.000%    1.66m 
 75.000%    1.69m 
 90.000%    1.72m 
 99.000%    1.76m 
 99.900%    1.77m 
 99.990%    1.78m 
 99.999%    1.78m 
100.000%    1.78m 

  Detailed Percentile spectrum:
       Value   Percentile   TotalCount 1/(1-Percentile)

    7811.071     0.000000            1         1.00
   90308.607     0.100000         4834         1.11
   94175.231     0.200000         9568         1.25
   96665.599     0.300000        14394         1.43
   98238.463     0.400000        19260         1.67
   99549.183     0.500000        23992         2.00
  100073.471     0.550000        26636         2.22
  100466.687     0.600000        28860         2.50
  100925.439     0.650000        31224         2.86
  101318.655     0.700000        34042         3.33
  101646.335     0.750000        36153         4.00
  101842.943     0.775000        37274         4.44
  102039.551     0.800000        38486         5.00
  102301.695     0.825000        39752         5.71
  102563.839     0.850000        40839         6.67
  102760.447     0.875000        41890         8.00
  102891.519     0.887500        42471         8.89
  103088.127     0.900000        43281        10.00
  103219.199     0.912500        43690        11.43
  103415.807     0.925000        44257        13.33
  103677.951     0.937500        44975        16.00
  103809.023     0.943750        45287        17.78
  103940.095     0.950000        45556        20.00
  104071.167     0.956250        45752        22.86
  104333.311     0.962500        46045        26.67
  104660.991     0.968750        46367        32.00
  104792.063     0.971875        46512        35.56
  104923.135     0.975000        46655        40.00
  105054.207     0.978125        46803        45.71
  105250.815     0.981250        46997        53.33
  105381.887     0.984375        47159        64.00
  105447.423     0.985938        47220        71.11
  105512.959     0.987500        47301        80.00
  105578.495     0.989062        47349        91.43
  105644.031     0.990625        47386       106.67
  105775.103     0.992188        47510       128.00
  105775.103     0.992969        47510       142.22
  105840.639     0.993750        47572       160.00
  105840.639     0.994531        47572       182.86
  105906.175     0.995313        47630       213.33
  105971.711     0.996094        47673       256.00
  105971.711     0.996484        47673       284.44
  106037.247     0.996875        47700       320.00
  106102.783     0.997266        47718       365.71
  106168.319     0.997656        47736       426.67
  106233.855     0.998047        47752       512.00
  106233.855     0.998242        47752       568.89
  106299.391     0.998437        47766       640.00
  106364.927     0.998633        47784       731.43
  106364.927     0.998828        47784       853.33
  106430.463     0.999023        47800      1024.00
  106430.463     0.999121        47800      1137.78
  106430.463     0.999219        47800      1280.00
  106495.999     0.999316        47808      1462.86
  106495.999     0.999414        47808      1706.67
  106561.535     0.999512        47816      2048.00
  106561.535     0.999561        47816      2275.56
  106561.535     0.999609        47816      2560.00
  106627.071     0.999658        47828      2925.71
  106627.071     0.999707        47828      3413.33
  106627.071     0.999756        47828      4096.00
  106627.071     0.999780        47828      4551.11
  106627.071     0.999805        47828      5120.00
  106627.071     0.999829        47828      5851.43
  106627.071     0.999854        47828      6826.67
  106627.071     0.999878        47828      8192.00
  106627.071     0.999890        47828      9102.22
  106692.607     0.999902        47833     10240.00
  106692.607     1.000000        47833          inf
#[Mean    =    97528.426, StdDeviation   =     8753.370]
#[Max     =   106627.072, Total count    =        47833]
#[Buckets =           27, SubBuckets     =         2048]
----------------------------------------------------------
  47976 requests in 15.00m, 385.90MB read
  Socket errors: connect 0, read 0, write 5, timeout 0
Requests/sec:     53.30
Transfer/sec:    439.05KB
