Running 15m test @ http://10.105.149.179:8080/wrk2-api/post/compose
  2 threads and 4 connections
  Thread calibration: mean lat.: 5027.614ms, rate sampling interval: 15261ms
  Thread calibration: mean lat.: 4925.525ms, rate sampling interval: 14581ms
  Thread Stats   Avg      Stdev     99%   +/- Stdev
    Latency     1.22m    18.61s    1.68m    54.36%
    Req/Sec    13.30      3.65    16.00     90.76%
  Latency Distribution (HdrHistogram - Recorded Latency)
 50.000%    1.09m 
 75.000%    1.52m 
 90.000%    1.58m 
 99.000%    1.68m 
 99.900%    1.71m 
 99.990%    1.71m 
 99.999%    1.71m 
100.000%    1.71m 

  Detailed Percentile spectrum:
       Value   Percentile   TotalCount 1/(1-Percentile)

    7876.607     0.000000            1         1.00
   50331.647     0.100000         2470         1.11
   53379.071     0.200000         4926         1.25
   60194.815     0.300000         7402         1.43
   63111.167     0.400000         9840         1.67
   65699.839     0.500000        12307         2.00
   83755.007     0.550000        13526         2.22
   85983.231     0.600000        14761         2.50
   87883.775     0.650000        15991         2.86
   89456.639     0.700000        17220         3.33
   90963.967     0.750000        18464         4.00
   91619.327     0.775000        19096         4.44
   92340.223     0.800000        19743         5.00
   92930.047     0.825000        20320         5.71
   93650.943     0.850000        20941         6.67
   94371.839     0.875000        21531         8.00
   94699.519     0.887500        21824         8.89
   95092.735     0.900000        22162        10.00
   95485.951     0.912500        22441        11.43
   96010.239     0.925000        22748        13.33
   96731.135     0.937500        23085        16.00
   96993.279     0.943750        23219        17.78
   97320.959     0.950000        23368        20.00
   97714.175     0.956250        23539        22.86
   98041.855     0.962500        23683        26.67
   98435.071     0.968750        23826        32.00
   98959.359     0.971875        23905        35.56
   99352.575     0.975000        23992        40.00
   99680.255     0.978125        24055        45.71
   99942.399     0.981250        24129        53.33
  100270.079     0.984375        24208        64.00
  100466.687     0.985938        24244        71.11
  100663.295     0.987500        24290        80.00
  100859.903     0.989062        24325        91.43
  101056.511     0.990625        24360       106.67
  101253.119     0.992188        24399       128.00
  101384.191     0.992969        24428       142.22
  101449.727     0.993750        24451       160.00
  101515.263     0.994531        24460       182.86
  101580.799     0.995313        24476       213.33
  101711.871     0.996094        24499       256.00
  101777.407     0.996484        24508       284.44
  101842.943     0.996875        24517       320.00
  101908.479     0.997266        24533       365.71
  101908.479     0.997656        24533       426.67
  102039.551     0.998047        24541       512.00
  102170.623     0.998242        24546       568.89
  102432.767     0.998437        24554       640.00
  102498.303     0.998633        24557       731.43
  102563.839     0.998828        24562       853.33
  102629.375     0.999023        24566      1024.00
  102694.911     0.999121        24569      1137.78
  102694.911     0.999219        24569      1280.00
  102760.447     0.999316        24577      1462.86
  102760.447     0.999414        24577      1706.67
  102760.447     0.999512        24577      2048.00
  102825.983     0.999561        24585      2275.56
  102825.983     0.999609        24585      2560.00
  102825.983     0.999658        24585      2925.71
  102825.983     0.999707        24585      3413.33
  102825.983     0.999756        24585      4096.00
  102825.983     0.999780        24585      4551.11
  102825.983     0.999805        24585      5120.00
  102825.983     0.999829        24585      5851.43
  102825.983     0.999854        24585      6826.67
  102825.983     0.999878        24585      8192.00
  102891.519     0.999890        24588      9102.22
  102891.519     1.000000        24588          inf
#[Mean    =    72967.182, StdDeviation   =    18609.580]
#[Max     =   102825.984, Total count    =        24588]
#[Buckets =           27, SubBuckets     =         2048]
----------------------------------------------------------
  24644 requests in 15.00m, 304.83MB read
  Socket errors: connect 0, read 0, write 4, timeout 0
  Non-2xx or 3xx responses: 1
Requests/sec:     27.38
Transfer/sec:    346.77KB
