Running 15m test @ http://10.104.17.238:8080/wrk2-api/post/compose
  2 threads and 4 connections
  Thread calibration: mean lat.: 5.942ms, rate sampling interval: 14ms
  Thread calibration: mean lat.: 9.115ms, rate sampling interval: 21ms
  Thread Stats   Avg      Stdev     99%   +/- Stdev
    Latency     6.87s    11.97s   30.64s    75.83%
    Req/Sec    30.48     42.47   153.00     84.58%
  Latency Distribution (HdrHistogram - Recorded Latency)
 50.000%  136.06ms
 75.000%  440.06ms
 90.000%   28.48s 
 99.000%   30.64s 
 99.900%   31.83s 
 99.990%   32.19s 
 99.999%   32.26s 
100.000%   32.29s 

  Detailed Percentile spectrum:
       Value   Percentile   TotalCount 1/(1-Percentile)

       2.259     0.000000            1         1.00
      33.183     0.100000         5282         1.11
      53.663     0.200000        10559         1.25
      76.479     0.300000        15841         1.43
     103.103     0.400000        21121         1.67
     136.063     0.500000        26408         2.00
     156.415     0.550000        29030         2.22
     180.607     0.600000        31678         2.50
     213.759     0.650000        34312         2.86
     266.239     0.700000        36948         3.33
     440.063     0.750000        39586         4.00
   25624.575     0.775000        40909         4.44
   26492.927     0.800000        42259         5.00
   27000.831     0.825000        43593         5.71
   27459.583     0.850000        44913         6.67
   27967.487     0.875000        46208         8.00
   28229.631     0.887500        46853         8.89
   28475.391     0.900000        47510        10.00
   28721.151     0.912500        48197        11.43
   28917.759     0.925000        48837        13.33
   29147.135     0.937500        49510        16.00
   29278.207     0.943750        49819        17.78
   29425.663     0.950000        50155        20.00
   29556.735     0.956250        50485        22.86
   29720.575     0.962500        50807        26.67
   29917.183     0.968750        51155        32.00
   29982.719     0.971875        51301        35.56
   30081.023     0.975000        51469        40.00
   30195.711     0.978125        51641        45.71
   30277.631     0.981250        51794        53.33
   30392.319     0.984375        51982        64.00
   30441.471     0.985938        52050        71.11
   30507.007     0.987500        52128        80.00
   30588.927     0.989062        52212        91.43
   30687.231     0.990625        52296       106.67
   30801.919     0.992188        52374       128.00
   30867.455     0.992969        52416       142.22
   30916.607     0.993750        52454       160.00
   30965.759     0.994531        52494       182.86
   31047.679     0.995313        52539       213.33
   31145.983     0.996094        52581       256.00
   31211.519     0.996484        52598       284.44
   31326.207     0.996875        52620       320.00
   31391.743     0.997266        52637       365.71
   31490.047     0.997656        52663       426.67
   31571.967     0.998047        52680       512.00
   31604.735     0.998242        52693       568.89
   31653.887     0.998437        52699       640.00
   31719.423     0.998633        52711       731.43
   31784.959     0.998828        52721       853.33
   31834.111     0.999023        52730      1024.00
   31883.263     0.999121        52735      1137.78
   31916.031     0.999219        52742      1280.00
   31932.415     0.999316        52745      1462.86
   31965.183     0.999414        52753      1706.67
   31997.951     0.999512        52757      2048.00
   32014.335     0.999561        52758      2275.56
   32063.487     0.999609        52761      2560.00
   32079.871     0.999658        52765      2925.71
   32096.255     0.999707        52767      3413.33
   32112.639     0.999756        52769      4096.00
   32129.023     0.999780        52772      4551.11
   32129.023     0.999805        52772      5120.00
   32129.023     0.999829        52772      5851.43
   32178.175     0.999854        52774      6826.67
   32194.559     0.999878        52777      8192.00
   32194.559     0.999890        52777      9102.22
   32194.559     0.999902        52777     10240.00
   32194.559     0.999915        52777     11702.86
   32210.943     0.999927        52779     13653.33
   32210.943     0.999939        52779     16384.00
   32210.943     0.999945        52779     18204.44
   32210.943     0.999951        52779     20480.00
   32210.943     0.999957        52779     23405.71
   32260.095     0.999963        52780     27306.67
   32260.095     0.999969        52780     32768.00
   32260.095     0.999973        52780     36408.89
   32260.095     0.999976        52780     40960.00
   32260.095     0.999979        52780     46811.43
   32292.863     0.999982        52781     54613.33
   32292.863     1.000000        52781          inf
#[Mean    =     6865.988, StdDeviation   =    11972.576]
#[Max     =    32276.480, Total count    =        52781]
#[Buckets =           27, SubBuckets     =         2048]
----------------------------------------------------------
  53435 requests in 15.00m, 465.05MB read
  Socket errors: connect 0, read 0, write 9, timeout 0
Requests/sec:     59.37
Transfer/sec:    529.11KB
