Running 15m test @ http://10.104.17.238:8080/wrk2-api/post/compose
  2 threads and 4 connections
  Thread calibration: mean lat.: 28.748ms, rate sampling interval: 87ms
  Thread calibration: mean lat.: 44.651ms, rate sampling interval: 109ms
  Thread Stats   Avg      Stdev     99%   +/- Stdev
    Latency     7.18s    12.15s   31.75s    75.29%
    Req/Sec    14.48     12.13    46.00     64.71%
  Latency Distribution (HdrHistogram - Recorded Latency)
 50.000%  271.10ms
 75.000%    1.03s 
 90.000%   28.93s 
 99.000%   31.75s 
 99.900%   33.18s 
 99.990%   33.54s 
 99.999%   33.65s 
100.000%   33.65s 

  Detailed Percentile spectrum:
       Value   Percentile   TotalCount 1/(1-Percentile)

       3.125     0.000000            1         1.00
      62.175     0.100000         2632         1.11
     104.831     0.200000         5265         1.25
     152.063     0.300000         7893         1.43
     204.415     0.400000        10525         1.67
     271.103     0.500000        13165         2.00
     311.551     0.550000        14476         2.22
     361.983     0.600000        15791         2.50
     430.335     0.650000        17101         2.86
     537.087     0.700000        18417         3.33
    1026.559     0.750000        19732         4.00
   25657.343     0.775000        20401         4.44
   26542.079     0.800000        21055         5.00
   27148.287     0.825000        21716         5.71
   27623.423     0.850000        22381         6.67
   28246.015     0.875000        23028         8.00
   28639.231     0.887500        23365         8.89
   28934.143     0.900000        23690        10.00
   29196.287     0.912500        24029        11.43
   29458.431     0.925000        24358        13.33
   29704.191     0.937500        24676        16.00
   29835.263     0.943750        24830        17.78
   29999.103     0.950000        24999        20.00
   30146.559     0.956250        25159        22.86
   30343.167     0.962500        25325        26.67
   30556.159     0.968750        25497        32.00
   30703.615     0.971875        25570        35.56
   30851.071     0.975000        25652        40.00
   31064.063     0.978125        25745        45.71
   31195.135     0.981250        25817        53.33
   31391.743     0.984375        25906        64.00
   31490.047     0.985938        25949        71.11
   31555.583     0.987500        25983        80.00
   31653.887     0.989062        26022        91.43
   31801.343     0.990625        26063       106.67
   32014.335     0.992188        26107       128.00
   32112.639     0.992969        26125       142.22
   32260.095     0.993750        26146       160.00
   32407.551     0.994531        26168       182.86
   32505.855     0.995313        26187       213.33
   32604.159     0.996094        26208       256.00
   32735.231     0.996484        26218       284.44
   32784.383     0.996875        26227       320.00
   32882.687     0.997266        26238       365.71
   32948.223     0.997656        26248       426.67
   33030.143     0.998047        26260       512.00
   33046.527     0.998242        26264       568.89
   33095.679     0.998437        26273       640.00
   33112.063     0.998633        26274       731.43
   33161.215     0.998828        26281       853.33
   33193.983     0.999023        26285      1024.00
   33210.367     0.999121        26289      1137.78
   33210.367     0.999219        26289      1280.00
   33226.751     0.999316        26292      1462.86
   33259.519     0.999414        26294      1706.67
   33325.055     0.999512        26298      2048.00
   33325.055     0.999561        26298      2275.56
   33341.439     0.999609        26299      2560.00
   33406.975     0.999658        26301      2925.71
   33472.511     0.999707        26302      3413.33
   33488.895     0.999756        26303      4096.00
   33505.279     0.999780        26304      4551.11
   33505.279     0.999805        26304      5120.00
   33521.663     0.999829        26305      5851.43
   33538.047     0.999854        26307      6826.67
   33538.047     0.999878        26307      8192.00
   33538.047     0.999890        26307      9102.22
   33538.047     0.999902        26307     10240.00
   33538.047     0.999915        26307     11702.86
   33587.199     0.999927        26308     13653.33
   33587.199     0.999939        26308     16384.00
   33587.199     0.999945        26308     18204.44
   33587.199     0.999951        26308     20480.00
   33587.199     0.999957        26308     23405.71
   33652.735     0.999963        26309     27306.67
   33652.735     1.000000        26309          inf
#[Mean    =     7177.562, StdDeviation   =    12153.331]
#[Max     =    33619.968, Total count    =        26309]
#[Buckets =           27, SubBuckets     =         2048]
----------------------------------------------------------
  26636 requests in 15.00m, 348.15MB read
  Socket errors: connect 0, read 0, write 7, timeout 0
Requests/sec:     29.59
Transfer/sec:    396.10KB
