Running 15m test @ http://10.106.186.94:8080/wrk2-api/post/compose
  2 threads and 4 connections
  Thread calibration: mean lat.: 1227.406ms, rate sampling interval: 5480ms
  Thread calibration: mean lat.: 1142.768ms, rate sampling interval: 3756ms
  Thread Stats   Avg      Stdev     99%   +/- Stdev
    Latency     1.03m    14.19s    1.34m    87.40%
    Req/Sec     2.81      1.59     6.00     89.45%
  Latency Distribution (HdrHistogram - Recorded Latency)
 50.000%    1.08m 
 75.000%    1.16m 
 90.000%    1.22m 
 99.000%    1.34m 
 99.900%    1.39m 
 99.990%    1.41m 
 99.999%    1.42m 
100.000%    1.42m 

  Detailed Percentile spectrum:
       Value   Percentile   TotalCount 1/(1-Percentile)

      50.943     0.000000            1         1.00
   52920.319     0.100000          629         1.11
   56852.479     0.200000         1261         1.25
   59506.687     0.300000         1885         1.43
   61931.519     0.400000         2515         1.67
   64585.727     0.500000         3143         2.00
   65699.839     0.550000         3455         2.22
   66715.647     0.600000         3776         2.50
   67567.615     0.650000         4081         2.86
   68616.191     0.700000         4412         3.33
   69730.303     0.750000         4709         4.00
   70254.591     0.775000         4871         4.44
   70844.415     0.800000         5036         5.00
   71368.703     0.825000         5185         5.71
   71958.527     0.850000         5339         6.67
   72679.423     0.875000         5494         8.00
   73072.639     0.887500         5582         8.89
   73465.855     0.900000         5655        10.00
   73859.071     0.912500         5735        11.43
   74579.967     0.925000         5811        13.33
   75628.543     0.937500         5887        16.00
   76152.831     0.943750         5930        17.78
   76611.583     0.950000         5964        20.00
   77201.407     0.956250         6006        22.86
   77660.159     0.962500         6043        26.67
   78249.983     0.968750         6085        32.00
   78446.591     0.971875         6106        35.56
   78708.735     0.975000         6125        40.00
   79101.951     0.978125         6141        45.71
   79691.775     0.981250         6163        53.33
   80019.455     0.984375         6183        64.00
   80216.063     0.985938         6190        71.11
   80478.207     0.987500         6201        80.00
   80609.279     0.989062         6212        91.43
   80805.887     0.990625         6221       106.67
   81068.031     0.992188         6231       128.00
   81133.567     0.992969         6233       142.22
   81395.711     0.993750         6238       160.00
   81723.391     0.994531         6243       182.86
   82051.071     0.995313         6252       213.33
   82116.607     0.996094         6256       256.00
   82116.607     0.996484         6256       284.44
   82182.143     0.996875         6260       320.00
   82182.143     0.997266         6260       365.71
   82378.751     0.997656         6263       426.67
   82575.359     0.998047         6265       512.00
   82640.895     0.998242         6266       568.89
   82706.431     0.998437         6269       640.00
   82706.431     0.998633         6269       731.43
   83165.183     0.998828         6271       853.33
   83165.183     0.999023         6271      1024.00
   83296.255     0.999121         6272      1137.78
   83361.791     0.999219         6273      1280.00
   83361.791     0.999316         6273      1462.86
   83951.615     0.999414         6274      1706.67
   83951.615     0.999512         6274      2048.00
   84148.223     0.999561         6275      2275.56
   84148.223     0.999609         6275      2560.00
   84148.223     0.999658         6275      2925.71
   84541.439     0.999707         6276      3413.33
   84541.439     0.999756         6276      4096.00
   84541.439     0.999780         6276      4551.11
   84541.439     0.999805         6276      5120.00
   84541.439     0.999829         6276      5851.43
   85196.799     0.999854         6277      6826.67
   85196.799     1.000000         6277          inf
#[Mean    =    61736.789, StdDeviation   =    14194.430]
#[Max     =    85131.264, Total count    =         6277]
#[Buckets =           27, SubBuckets     =         2048]
----------------------------------------------------------
  6357 requests in 15.00m, 1.30MB read
  Socket errors: connect 0, read 0, write 5, timeout 395
Requests/sec:      7.06
Transfer/sec:      1.48KB
