Running 15m test @ http://10.106.186.94:8080/wrk2-api/post/compose
  2 threads and 4 connections
  Thread calibration: mean lat.: 3845.586ms, rate sampling interval: 13967ms
  Thread calibration: mean lat.: 3259.117ms, rate sampling interval: 12443ms
  Thread Stats   Avg      Stdev     99%   +/- Stdev
    Latency     1.18m    29.75s    1.83m    63.01%
    Req/Sec    27.22      6.58    33.00     88.81%
  Latency Distribution (HdrHistogram - Recorded Latency)
 50.000%   46.14s 
 75.000%    1.70m 
 90.000%    1.76m 
 99.000%    1.83m 
 99.900%    1.85m 
 99.990%    1.85m 
 99.999%    1.85m 
100.000%    1.85m 

  Detailed Percentile spectrum:
       Value   Percentile   TotalCount 1/(1-Percentile)

    5877.759     0.000000            1         1.00
   41320.447     0.100000         4937         1.11
   42336.255     0.200000         9905         1.25
   43319.295     0.300000        14832         1.43
   44335.103     0.400000        19819         1.67
   46137.343     0.500000        24684         2.00
   95617.023     0.550000        27178         2.22
   97386.495     0.600000        29716         2.50
   98697.215     0.650000        32165         2.86
   99942.399     0.700000        34584         3.33
  101711.871     0.750000        37088         4.00
  102498.303     0.775000        38276         4.44
  103481.343     0.800000        39570         5.00
  104202.239     0.825000        40828         5.71
  104726.527     0.850000        42084         6.67
  105119.743     0.875000        43211         8.00
  105316.351     0.887500        43957         8.89
  105512.959     0.900000        44492        10.00
  105775.103     0.912500        45072        11.43
  106102.783     0.925000        45745        13.33
  106430.463     0.937500        46301        16.00
  106627.071     0.943750        46653        17.78
  106758.143     0.950000        46931        20.00
  106889.215     0.956250        47238        22.86
  107020.287     0.962500        47531        26.67
  107216.895     0.968750        47870        32.00
  107347.967     0.971875        48002        35.56
  107479.039     0.975000        48159        40.00
  107610.111     0.978125        48301        45.71
  107806.719     0.981250        48430        53.33
  108527.615     0.984375        48585        64.00
  108920.831     0.985938        48663        71.11
  109117.439     0.987500        48749        80.00
  109445.119     0.989062        48825        91.43
  109772.799     0.990625        48895       106.67
  109969.407     0.992188        48970       128.00
  110100.479     0.992969        49009       142.22
  110297.087     0.993750        49070       160.00
  110362.623     0.994531        49117       182.86
  110428.159     0.995313        49147       213.33
  110493.695     0.996094        49188       256.00
  110493.695     0.996484        49188       284.44
  110559.231     0.996875        49221       320.00
  110559.231     0.997266        49221       365.71
  110624.767     0.997656        49240       426.67
  110755.839     0.998047        49281       512.00
  110755.839     0.998242        49281       568.89
  110755.839     0.998437        49281       640.00
  110821.375     0.998633        49320       731.43
  110821.375     0.998828        49320       853.33
  110821.375     0.999023        49320      1024.00
  110821.375     0.999121        49320      1137.78
  110821.375     0.999219        49320      1280.00
  110886.911     0.999316        49341      1462.86
  110886.911     0.999414        49341      1706.67
  110886.911     0.999512        49341      2048.00
  110886.911     0.999561        49341      2275.56
  110886.911     0.999609        49341      2560.00
  110886.911     0.999658        49341      2925.71
  110886.911     0.999707        49341      3413.33
  110952.447     0.999756        49353      4096.00
  110952.447     0.999780        49353      4551.11
  110952.447     0.999805        49353      5120.00
  110952.447     0.999829        49353      5851.43
  110952.447     0.999854        49353      6826.67
  110952.447     0.999878        49353      8192.00
  110952.447     0.999890        49353      9102.22
  110952.447     0.999902        49353     10240.00
  110952.447     0.999915        49353     11702.86
  110952.447     0.999927        49353     13653.33
  110952.447     0.999939        49353     16384.00
  110952.447     0.999945        49353     18204.44
  110952.447     0.999951        49353     20480.00
  110952.447     0.999957        49353     23405.71
  111017.983     0.999963        49355     27306.67
  111017.983     1.000000        49355          inf
#[Mean    =    70915.141, StdDeviation   =    29753.768]
#[Max     =   110952.448, Total count    =        49355]
#[Buckets =           27, SubBuckets     =         2048]
----------------------------------------------------------
  49530 requests in 15.00m, 387.66MB read
  Socket errors: connect 0, read 0, write 5, timeout 0
Requests/sec:     55.03
Transfer/sec:    441.05KB
