Running 15m test @ http://10.106.186.94:8080/wrk2-api/post/compose
  2 threads and 4 connections
  Thread calibration: mean lat.: 4922.240ms, rate sampling interval: 14696ms
  Thread calibration: mean lat.: 5418.730ms, rate sampling interval: 16482ms
  Thread Stats   Avg      Stdev     99%   +/- Stdev
    Latency     1.63m     9.96s    1.83m    87.80%
    Req/Sec    12.88      4.30    17.00     88.50%
  Latency Distribution (HdrHistogram - Recorded Latency)
 50.000%    1.66m 
 75.000%    1.72m 
 90.000%    1.78m 
 99.000%    1.83m 
 99.900%    1.87m 
 99.990%    1.87m 
 99.999%    1.87m 
100.000%    1.87m 

  Detailed Percentile spectrum:
       Value   Percentile   TotalCount 1/(1-Percentile)

    8175.615     0.000000            1         1.00
   89391.103     0.100000         2433         1.11
   91881.471     0.200000         4810         1.25
   95158.271     0.300000         7164         1.43
   98172.927     0.400000         9576         1.67
   99811.327     0.500000        11937         2.00
  100532.223     0.550000        13163         2.22
  101253.119     0.600000        14426         2.50
  101908.479     0.650000        15550         2.86
  102629.375     0.700000        16749         3.33
  103415.807     0.750000        17962         4.00
  103809.023     0.775000        18489         4.44
  104398.847     0.800000        19143         5.00
  104988.671     0.825000        19680         5.71
  105709.567     0.850000        20291         6.67
  106364.927     0.875000        20906         8.00
  106692.607     0.887500        21197         8.89
  107020.287     0.900000        21470        10.00
  107413.503     0.912500        21815        11.43
  107675.647     0.925000        22096        13.33
  108003.327     0.937500        22390        16.00
  108199.935     0.943750        22559        17.78
  108331.007     0.950000        22683        20.00
  108527.615     0.956250        22879        22.86
  108658.687     0.962500        23012        26.67
  108789.759     0.968750        23114        32.00
  108920.831     0.971875        23218        35.56
  108986.367     0.975000        23272        40.00
  109117.439     0.978125        23359        45.71
  109248.511     0.981250        23436        53.33
  109379.583     0.984375        23503        64.00
  109445.119     0.985938        23530        71.11
  109576.191     0.987500        23588        80.00
  109641.727     0.989062        23610        91.43
  109772.799     0.990625        23640       106.67
  109903.871     0.992188        23677       128.00
  109969.407     0.992969        23690       142.22
  110166.015     0.993750        23714       160.00
  110231.551     0.994531        23725       182.86
  110428.159     0.995313        23745       213.33
  110559.231     0.996094        23764       256.00
  110690.303     0.996484        23777       284.44
  110755.839     0.996875        23784       320.00
  110886.911     0.997266        23790       365.71
  111149.055     0.997656        23800       426.67
  111607.807     0.998047        23812       512.00
  111673.343     0.998242        23815       568.89
  111738.879     0.998437        23818       640.00
  111804.415     0.998633        23822       731.43
  111935.487     0.998828        23829       853.33
  112066.559     0.999023        23831      1024.00
  112132.095     0.999121        23835      1137.78
  112197.631     0.999219        23840      1280.00
  112197.631     0.999316        23840      1462.86
  112263.167     0.999414        23847      1706.67
  112263.167     0.999512        23847      2048.00
  112263.167     0.999561        23847      2275.56
  112263.167     0.999609        23847      2560.00
  112263.167     0.999658        23847      2925.71
  112328.703     0.999707        23854      3413.33
  112328.703     1.000000        23854          inf
#[Mean    =    98036.127, StdDeviation   =     9957.919]
#[Max     =   112263.168, Total count    =        23854]
#[Buckets =           27, SubBuckets     =         2048]
----------------------------------------------------------
  23904 requests in 15.00m, 296.89MB read
  Socket errors: connect 0, read 0, write 5, timeout 0
Requests/sec:     26.56
Transfer/sec:    337.78KB
