Running 15m test @ http://10.98.88.44:8080/wrk2-api/post/compose
  2 threads and 4 connections
  Thread calibration: mean lat.: 3834.596ms, rate sampling interval: 10747ms
  Thread calibration: mean lat.: 1535.755ms, rate sampling interval: 4632ms
  Thread Stats   Avg      Stdev     99%   +/- Stdev
    Latency    42.73s    24.20s    1.57m    71.65%
    Req/Sec     4.25      1.19     7.00     91.61%
  Latency Distribution (HdrHistogram - Recorded Latency)
 50.000%   34.14s 
 75.000%   42.83s 
 90.000%    1.42m 
 99.000%    1.57m 
 99.900%    1.60m 
 99.990%    1.62m 
 99.999%    1.62m 
100.000%    1.62m 

  Detailed Percentile spectrum:
       Value   Percentile   TotalCount 1/(1-Percentile)

      34.111     0.000000            1         1.00
   24018.943     0.100000          845         1.11
   27361.279     0.200000         1689         1.25
   29949.951     0.300000         2535         1.43
   32014.335     0.400000         3386         1.67
   34144.255     0.500000         4228         2.00
   35127.295     0.550000         4651         2.22
   36012.031     0.600000         5076         2.50
   37093.375     0.650000         5495         2.86
   38305.791     0.700000         5916         3.33
   42827.775     0.750000         6337         4.00
   75104.255     0.775000         6547         4.44
   78577.663     0.800000         6760         5.00
   80216.063     0.825000         6974         5.71
   81723.391     0.850000         7182         6.67
   83230.719     0.875000         7395         8.00
   84017.151     0.887500         7500         8.89
   85131.263     0.900000         7601        10.00
   86573.055     0.912500         7710        11.43
   88014.847     0.925000         7817        13.33
   89128.959     0.937500         7922        16.00
   89587.711     0.943750         7972        17.78
   89980.927     0.950000         8022        20.00
   90505.215     0.956250         8075        22.86
   90898.431     0.962500         8130        26.67
   91553.791     0.968750         8184        32.00
   91815.935     0.971875         8210        35.56
   92078.079     0.975000         8236        40.00
   92471.295     0.978125         8263        45.71
   92667.903     0.981250         8286        53.33
   93126.655     0.984375         8315        64.00
   93454.335     0.985938         8327        71.11
   93716.479     0.987500         8339        80.00
   94109.695     0.989062         8352        91.43
   94437.375     0.990625         8367       106.67
   94699.519     0.992188         8380       128.00
   94830.591     0.992969         8387       142.22
   95027.199     0.993750         8392       160.00
   95158.271     0.994531         8398       182.86
   95289.343     0.995313         8406       213.33
   95420.415     0.996094         8413       256.00
   95485.951     0.996484         8420       284.44
   95485.951     0.996875         8420       320.00
   95551.487     0.997266         8424       365.71
   95617.023     0.997656         8427       426.67
   95748.095     0.998047         8429       512.00
   95813.631     0.998242         8430       568.89
   95879.167     0.998437         8432       640.00
   96010.239     0.998633         8434       731.43
   96206.847     0.998828         8435       853.33
   96272.383     0.999023         8436      1024.00
   96337.919     0.999121         8437      1137.78
   96534.527     0.999219         8438      1280.00
   96993.279     0.999316         8440      1462.86
   96993.279     0.999414         8440      1706.67
   96993.279     0.999512         8440      2048.00
   97255.423     0.999561         8443      2275.56
   97255.423     0.999609         8443      2560.00
   97255.423     0.999658         8443      2925.71
   97255.423     0.999707         8443      3413.33
   97255.423     0.999756         8443      4096.00
   97255.423     0.999780         8443      4551.11
   97255.423     0.999805         8443      5120.00
   97255.423     0.999829         8443      5851.43
   97255.423     0.999854         8443      6826.67
   97255.423     0.999878         8443      8192.00
   97320.959     0.999890         8444      9102.22
   97320.959     1.000000         8444          inf
#[Mean    =    42732.571, StdDeviation   =    24196.866]
#[Max     =    97255.424, Total count    =         8444]
#[Buckets =           27, SubBuckets     =         2048]
----------------------------------------------------------
  8511 requests in 15.00m, 1.75MB read
  Socket errors: connect 0, read 0, write 4, timeout 21
Requests/sec:      9.45
Transfer/sec:      1.99KB
