Running 15m test @ http://10.98.88.44:8080/wrk2-api/post/compose
  2 threads and 4 connections
  Thread calibration: mean lat.: 4514.510ms, rate sampling interval: 15335ms
  Thread calibration: mean lat.: 3093.147ms, rate sampling interval: 10092ms
  Thread Stats   Avg      Stdev     99%   +/- Stdev
    Latency     1.19m    29.12s    1.81m    59.33%
    Req/Sec    27.42      6.99    32.00     91.78%
  Latency Distribution (HdrHistogram - Recorded Latency)
 50.000%   48.92s 
 75.000%    1.67m 
 90.000%    1.77m 
 99.000%    1.81m 
 99.900%    1.82m 
 99.990%    1.83m 
 99.999%    1.83m 
100.000%    1.83m 

  Detailed Percentile spectrum:
       Value   Percentile   TotalCount 1/(1-Percentile)

    5119.999     0.000000            1         1.00
   40927.231     0.100000         4973         1.11
   42729.471     0.200000         9884         1.25
   44335.103     0.300000        14880         1.43
   46366.719     0.400000        19734         1.67
   48922.623     0.500000        24709         2.00
   94699.519     0.550000        27139         2.22
   96272.383     0.600000        29737         2.50
   97452.031     0.650000        32098         2.86
   98828.287     0.700000        34535         3.33
  100204.543     0.750000        37013         4.00
  100925.439     0.775000        38271         4.44
  102498.303     0.800000        39477         5.00
  103350.271     0.825000        40783         5.71
  104005.631     0.850000        41972         6.67
  105054.207     0.875000        43181         8.00
  105512.959     0.887500        43787         8.89
  106299.391     0.900000        44458        10.00
  106692.607     0.912500        45057        11.43
  107020.287     0.925000        45698        13.33
  107282.431     0.937500        46280        16.00
  107479.039     0.943750        46667        17.78
  107610.111     0.950000        46869        20.00
  107806.719     0.956250        47242        22.86
  108003.327     0.962500        47581        26.67
  108134.399     0.968750        47843        32.00
  108199.935     0.971875        47965        35.56
  108265.471     0.975000        48124        40.00
  108331.007     0.978125        48288        45.71
  108396.543     0.981250        48429        53.33
  108462.079     0.984375        48563        64.00
  108527.615     0.985938        48704        71.11
  108593.151     0.987500        48829        80.00
  108593.151     0.989062        48829        91.43
  108658.687     0.990625        48932       106.67
  108724.223     0.992188        49020       128.00
  108724.223     0.992969        49020       142.22
  108789.759     0.993750        49089       160.00
  108789.759     0.994531        49089       182.86
  108855.295     0.995313        49152       213.33
  108855.295     0.996094        49152       256.00
  108920.831     0.996484        49190       284.44
  108920.831     0.996875        49190       320.00
  108986.367     0.997266        49210       365.71
  109051.903     0.997656        49224       426.67
  109117.439     0.998047        49239       512.00
  109182.975     0.998242        49257       568.89
  109182.975     0.998437        49257       640.00
  109248.511     0.998633        49266       731.43
  109314.047     0.998828        49278       853.33
  109379.583     0.999023        49284      1024.00
  109445.119     0.999121        49293      1137.78
  109510.655     0.999219        49299      1280.00
  109510.655     0.999316        49299      1462.86
  109576.191     0.999414        49307      1706.67
  109641.727     0.999512        49323      2048.00
  109641.727     0.999561        49323      2275.56
  109641.727     0.999609        49323      2560.00
  109641.727     0.999658        49323      2925.71
  109641.727     0.999707        49323      3413.33
  109641.727     0.999756        49323      4096.00
  109641.727     0.999780        49323      4551.11
  109641.727     0.999805        49323      5120.00
  109707.263     0.999829        49330      5851.43
  109707.263     0.999854        49330      6826.67
  109707.263     0.999878        49330      8192.00
  109707.263     0.999890        49330      9102.22
  109707.263     0.999902        49330     10240.00
  109707.263     0.999915        49330     11702.86
  109707.263     0.999927        49330     13653.33
  109707.263     0.999939        49330     16384.00
  109707.263     0.999945        49330     18204.44
  109707.263     0.999951        49330     20480.00
  109707.263     0.999957        49330     23405.71
  109772.799     0.999963        49332     27306.67
  109772.799     1.000000        49332          inf
#[Mean    =    71209.886, StdDeviation   =    29120.783]
#[Max     =   109707.264, Total count    =        49332]
#[Buckets =           27, SubBuckets     =         2048]
----------------------------------------------------------
  49500 requests in 15.00m, 432.80MB read
  Socket errors: connect 0, read 0, write 4, timeout 14
Requests/sec:     55.00
Transfer/sec:    492.41KB
