Running 15m test @ http://10.98.88.44:8080/wrk2-api/post/compose
  2 threads and 4 connections
  Thread calibration: mean lat.: 5138.968ms, rate sampling interval: 15351ms
  Thread calibration: mean lat.: 4836.422ms, rate sampling interval: 14671ms
  Thread Stats   Avg      Stdev     99%   +/- Stdev
    Latency     1.39m    20.96s    1.74m    71.54%
    Req/Sec    13.12      3.78    17.00     88.89%
  Latency Distribution (HdrHistogram - Recorded Latency)
 50.000%    1.58m 
 75.000%    1.63m 
 90.000%    1.67m 
 99.000%    1.74m 
 99.900%    1.77m 
 99.990%    1.77m 
 99.999%    1.77m 
100.000%    1.77m 

  Detailed Percentile spectrum:
       Value   Percentile   TotalCount 1/(1-Percentile)

    7835.647     0.000000            1         1.00
   50036.735     0.100000         2435         1.11
   53018.623     0.200000         4876         1.25
   89653.247     0.300000         7287         1.43
   92602.367     0.400000         9734         1.67
   94961.663     0.500000        12159         2.00
   95617.023     0.550000        13417         2.22
   96206.847     0.600000        14677         2.50
   96796.671     0.650000        15892         2.86
   97386.495     0.700000        17099         3.33
   97910.783     0.750000        18223         4.00
   98238.463     0.775000        18970         4.44
   98500.607     0.800000        19528         5.00
   98828.287     0.825000        20095         5.71
   99221.503     0.850000        20657         6.67
   99614.719     0.875000        21288         8.00
   99811.327     0.887500        21556         8.89
  100007.935     0.900000        21861        10.00
  100204.543     0.912500        22177        11.43
  100466.687     0.925000        22507        13.33
  100728.831     0.937500        22768        16.00
  100925.439     0.943750        22929        17.78
  101122.047     0.950000        23058        20.00
  101384.191     0.956250        23242        22.86
  101580.799     0.962500        23365        26.67
  101842.943     0.968750        23518        32.00
  102105.087     0.971875        23597        35.56
  102301.695     0.975000        23673        40.00
  102760.447     0.978125        23750        45.71
  103153.663     0.981250        23815        53.33
  103546.879     0.984375        23899        64.00
  103743.487     0.985938        23941        71.11
  103940.095     0.987500        23981        80.00
  104136.703     0.989062        24011        91.43
  104398.847     0.990625        24046       106.67
  104595.455     0.992188        24092       128.00
  104726.527     0.992969        24113       142.22
  104792.063     0.993750        24127       160.00
  104857.599     0.994531        24141       182.86
  104923.135     0.995313        24157       213.33
  105054.207     0.996094        24183       256.00
  105119.743     0.996484        24195       284.44
  105119.743     0.996875        24195       320.00
  105185.279     0.997266        24204       365.71
  105316.351     0.997656        24218       426.67
  105381.887     0.998047        24223       512.00
  105512.959     0.998242        24228       568.89
  105775.103     0.998437        24236       640.00
  105840.639     0.998633        24238       731.43
  105906.175     0.998828        24243       853.33
  105971.711     0.999023        24252      1024.00
  105971.711     0.999121        24252      1137.78
  105971.711     0.999219        24252      1280.00
  106037.247     0.999316        24256      1462.86
  106037.247     0.999414        24256      1706.67
  106168.319     0.999512        24260      2048.00
  106168.319     0.999561        24260      2275.56
  106233.855     0.999609        24264      2560.00
  106233.855     0.999658        24264      2925.71
  106233.855     0.999707        24264      3413.33
  106299.391     0.999756        24267      4096.00
  106299.391     0.999780        24267      4551.11
  106299.391     0.999805        24267      5120.00
  106299.391     0.999829        24267      5851.43
  106299.391     0.999854        24267      6826.67
  106364.927     0.999878        24269      8192.00
  106364.927     0.999890        24269      9102.22
  106364.927     0.999902        24269     10240.00
  106364.927     0.999915        24269     11702.86
  106364.927     0.999927        24269     13653.33
  106364.927     0.999939        24269     16384.00
  106364.927     0.999945        24269     18204.44
  106364.927     0.999951        24269     20480.00
  106364.927     0.999957        24269     23405.71
  106430.463     0.999963        24270     27306.67
  106430.463     1.000000        24270          inf
#[Mean    =    83608.436, StdDeviation   =    20957.781]
#[Max     =   106364.928, Total count    =        24270]
#[Buckets =           27, SubBuckets     =         2048]
----------------------------------------------------------
  24321 requests in 15.00m, 300.68MB read
  Socket errors: connect 0, read 0, write 4, timeout 0
Requests/sec:     27.02
Transfer/sec:    342.07KB
