Running 15m test @ http://10.98.210.1:8080/wrk2-api/post/compose
  2 threads and 4 connections
  Thread calibration: mean lat.: 1327.023ms, rate sampling interval: 10592ms
  Thread calibration: mean lat.: 2363.963ms, rate sampling interval: 6373ms
  Thread Stats   Avg      Stdev     99%   +/- Stdev
    Latency    48.76s    12.69s    1.12m    71.27%
    Req/Sec     4.25      1.19     7.00     91.48%
  Latency Distribution (HdrHistogram - Recorded Latency)
 50.000%    0.88m 
 75.000%    0.95m 
 90.000%    1.01m 
 99.000%    1.12m 
 99.900%    1.20m 
 99.990%    1.22m 
 99.999%    1.22m 
100.000%    1.22m 

  Detailed Percentile spectrum:
       Value   Percentile   TotalCount 1/(1-Percentile)

      15.791     0.000000            1         1.00
   32112.639     0.100000          842         1.11
   35782.655     0.200000         1686         1.25
   47480.831     0.300000         2530         1.43
   50790.399     0.400000         3368         1.67
   52756.479     0.500000         4210         2.00
   53510.143     0.550000         4628         2.22
   54362.111     0.600000         5049         2.50
   55083.007     0.650000         5474         2.86
   56000.511     0.700000         5894         3.33
   57081.855     0.750000         6310         4.00
   57671.679     0.775000         6529         4.44
   58228.735     0.800000         6747         5.00
   58753.023     0.825000         6946         5.71
   59277.311     0.850000         7154         6.67
   59867.135     0.875000         7370         8.00
   60194.815     0.887500         7477         8.89
   60522.495     0.900000         7572        10.00
   61046.783     0.912500         7677        11.43
   61669.375     0.925000         7786        13.33
   62357.503     0.937500         7891        16.00
   62685.183     0.943750         7941        17.78
   63143.935     0.950000         7994        20.00
   63471.615     0.956250         8045        22.86
   63864.831     0.962500         8098        26.67
   64356.351     0.968750         8151        32.00
   64651.263     0.971875         8180        35.56
   64946.175     0.975000         8205        40.00
   65273.855     0.978125         8232        45.71
   65732.607     0.981250         8259        53.33
   66191.359     0.984375         8282        64.00
   66551.807     0.985938         8296        71.11
   66879.487     0.987500         8309        80.00
   67108.863     0.989062         8321        91.43
   67567.615     0.990625         8335       106.67
   68091.903     0.992188         8348       128.00
   68485.119     0.992969         8355       142.22
   68681.727     0.993750         8361       160.00
   68812.799     0.994531         8368       182.86
   69074.943     0.995313         8374       213.33
   69992.447     0.996094         8382       256.00
   70123.519     0.996484         8384       284.44
   70385.663     0.996875         8387       320.00
   70844.415     0.997266         8392       365.71
   70975.487     0.997656         8394       426.67
   71106.559     0.998047         8398       512.00
   71303.167     0.998242         8400       568.89
   71303.167     0.998437         8400       640.00
   71368.703     0.998633         8402       731.43
   71696.383     0.998828         8404       853.33
   72155.135     0.999023         8405      1024.00
   72417.279     0.999121         8406      1137.78
   72482.815     0.999219         8407      1280.00
   72613.887     0.999316         8409      1462.86
   72613.887     0.999414         8409      1706.67
   72613.887     0.999512         8409      2048.00
   72810.495     0.999561         8410      2275.56
   72810.495     0.999609         8410      2560.00
   72876.031     0.999658         8411      2925.71
   72876.031     0.999707         8411      3413.33
   72876.031     0.999756         8411      4096.00
   72941.567     0.999780         8412      4551.11
   72941.567     0.999805         8412      5120.00
   72941.567     0.999829         8412      5851.43
   72941.567     0.999854         8412      6826.67
   72941.567     0.999878         8412      8192.00
   73138.175     0.999890         8413      9102.22
   73138.175     1.000000         8413          inf
#[Mean    =    48761.894, StdDeviation   =    12685.437]
#[Max     =    73072.640, Total count    =         8413]
#[Buckets =           27, SubBuckets     =         2048]
----------------------------------------------------------
  8461 requests in 15.00m, 1.73MB read
  Socket errors: connect 0, read 0, write 5, timeout 18
Requests/sec:      9.40
Transfer/sec:      1.97KB
