Running 15m test @ http://10.98.210.1:8080/wrk2-api/post/compose
  2 threads and 4 connections
  Thread calibration: mean lat.: 893.561ms, rate sampling interval: 2650ms
  Thread calibration: mean lat.: 6013.085ms, rate sampling interval: 15179ms
  Thread Stats   Avg      Stdev     99%   +/- Stdev
    Latency     1.53m    24.67s    1.89m    73.67%
    Req/Sec    26.81      8.22    36.00     88.30%
  Latency Distribution (HdrHistogram - Recorded Latency)
 50.000%    1.74m 
 75.000%    1.79m 
 90.000%    1.84m 
 99.000%    1.89m 
 99.900%    1.90m 
 99.990%    1.91m 
 99.999%    1.91m 
100.000%    1.91m 

  Detailed Percentile spectrum:
       Value   Percentile   TotalCount 1/(1-Percentile)

       2.833     0.000000            1         1.00
   55181.311     0.100000         4853         1.11
   56950.783     0.200000         9660         1.25
   99942.399     0.300000        14502         1.43
  102367.231     0.400000        19242         1.67
  104333.311     0.500000        24226         2.00
  105054.207     0.550000        26656         2.22
  105644.031     0.600000        29025         2.50
  106430.463     0.650000        31304         2.86
  107085.823     0.700000        33988         3.33
  107544.575     0.750000        36136         4.00
  107872.255     0.775000        37397         4.44
  108199.935     0.800000        38654         5.00
  108593.151     0.825000        39802         5.71
  108986.367     0.850000        40894         6.67
  109510.655     0.875000        42188         8.00
  109772.799     0.887500        42717         8.89
  110100.479     0.900000        43361        10.00
  110428.159     0.912500        43901        11.43
  111017.983     0.925000        44535        13.33
  111476.735     0.937500        45119        16.00
  111607.807     0.943750        45389        17.78
  111804.415     0.950000        45742        20.00
  112001.023     0.956250        46063        22.86
  112132.095     0.962500        46285        26.67
  112328.703     0.968750        46608        32.00
  112459.775     0.971875        46778        35.56
  112590.847     0.975000        46910        40.00
  112721.919     0.978125        47048        45.71
  112918.527     0.981250        47209        53.33
  113115.135     0.984375        47351        64.00
  113246.207     0.985938        47431        71.11
  113311.743     0.987500        47486        80.00
  113442.815     0.989062        47618        91.43
  113508.351     0.990625        47677       106.67
  113573.887     0.992188        47732       128.00
  113639.423     0.992969        47770       142.22
  113704.959     0.993750        47801       160.00
  113770.495     0.994531        47832       182.86
  113836.031     0.995313        47864       213.33
  113901.567     0.996094        47897       256.00
  113967.103     0.996484        47921       284.44
  114032.639     0.996875        47956       320.00
  114032.639     0.997266        47956       365.71
  114098.175     0.997656        47988       426.67
  114163.711     0.998047        48010       512.00
  114163.711     0.998242        48010       568.89
  114163.711     0.998437        48010       640.00
  114229.247     0.998633        48031       731.43
  114229.247     0.998828        48031       853.33
  114294.783     0.999023        48044      1024.00
  114294.783     0.999121        48044      1137.78
  114360.319     0.999219        48054      1280.00
  114360.319     0.999316        48054      1462.86
  114425.855     0.999414        48065      1706.67
  114425.855     0.999512        48065      2048.00
  114425.855     0.999561        48065      2275.56
  114425.855     0.999609        48065      2560.00
  114491.391     0.999658        48072      2925.71
  114491.391     0.999707        48072      3413.33
  114491.391     0.999756        48072      4096.00
  114556.927     0.999780        48073      4551.11
  114622.463     0.999805        48076      5120.00
  114622.463     0.999829        48076      5851.43
  114622.463     0.999854        48076      6826.67
  114687.999     0.999878        48083      8192.00
  114687.999     1.000000        48083          inf
#[Mean    =    91798.488, StdDeviation   =    24669.553]
#[Max     =   114622.464, Total count    =        48083]
#[Buckets =           27, SubBuckets     =         2048]
----------------------------------------------------------
  48274 requests in 15.00m, 421.37MB read
  Socket errors: connect 0, read 0, write 7, timeout 0
Requests/sec:     53.64
Transfer/sec:    479.40KB
