Running 15m test @ http://10.98.210.1:8080/wrk2-api/post/compose
  2 threads and 4 connections
  Thread calibration: mean lat.: 3451.743ms, rate sampling interval: 10633ms
  Thread calibration: mean lat.: 6050.474ms, rate sampling interval: 17301ms
  Thread Stats   Avg      Stdev     99%   +/- Stdev
    Latency     1.17m    19.38s    1.79m    68.14%
    Req/Sec    13.29      3.13    16.00     88.81%
  Latency Distribution (HdrHistogram - Recorded Latency)
 50.000%    1.05m 
 75.000%    1.30m 
 90.000%    1.70m 
 99.000%    1.79m 
 99.900%    1.81m 
 99.990%    1.81m 
 99.999%    1.82m 
100.000%    1.82m 

  Detailed Percentile spectrum:
       Value   Percentile   TotalCount 1/(1-Percentile)

    5795.839     0.000000            1         1.00
   51183.615     0.100000         2468         1.11
   53182.463     0.200000         4942         1.25
   57409.535     0.300000         7405         1.43
   60358.655     0.400000         9898         1.67
   63242.239     0.500000        12352         2.00
   69271.551     0.550000        13595         2.22
   71106.559     0.600000        14813         2.50
   72613.887     0.650000        16057         2.86
   75038.719     0.700000        17286         3.33
   77791.231     0.750000        18539         4.00
   93782.015     0.775000        19161         4.44
   95289.343     0.800000        19763         5.00
   96600.063     0.825000        20363         5.71
   98828.287     0.850000        20976         6.67
  100335.615     0.875000        21594         8.00
  100925.439     0.887500        21925         8.89
  101711.871     0.900000        22220        10.00
  102694.911     0.912500        22529        11.43
  103481.343     0.925000        22832        13.33
  104267.775     0.937500        23154        16.00
  104529.919     0.943750        23289        17.78
  104923.135     0.950000        23472        20.00
  105381.887     0.956250        23621        22.86
  105709.567     0.962500        23763        26.67
  106037.247     0.968750        23941        32.00
  106168.319     0.971875        24025        35.56
  106233.855     0.975000        24067        40.00
  106364.927     0.978125        24158        45.71
  106495.999     0.981250        24223        53.33
  106758.143     0.984375        24304        64.00
  106889.215     0.985938        24342        71.11
  107020.287     0.987500        24369        80.00
  107216.895     0.989062        24426        91.43
  107347.967     0.990625        24468       106.67
  107479.039     0.992188        24498       128.00
  107544.575     0.992969        24506       142.22
  107675.647     0.993750        24523       160.00
  107806.719     0.994531        24544       182.86
  107937.791     0.995313        24569       213.33
  108068.863     0.996094        24588       256.00
  108134.399     0.996484        24602       284.44
  108134.399     0.996875        24602       320.00
  108199.935     0.997266        24615       365.71
  108265.471     0.997656        24624       426.67
  108331.007     0.998047        24630       512.00
  108396.543     0.998242        24641       568.89
  108396.543     0.998437        24641       640.00
  108462.079     0.998633        24648       731.43
  108527.615     0.998828        24651       853.33
  108593.151     0.999023        24661      1024.00
  108593.151     0.999121        24661      1137.78
  108593.151     0.999219        24661      1280.00
  108593.151     0.999316        24661      1462.86
  108658.687     0.999414        24666      1706.67
  108658.687     0.999512        24666      2048.00
  108724.223     0.999561        24671      2275.56
  108724.223     0.999609        24671      2560.00
  108724.223     0.999658        24671      2925.71
  108724.223     0.999707        24671      3413.33
  108724.223     0.999756        24671      4096.00
  108789.759     0.999780        24673      4551.11
  108789.759     0.999805        24673      5120.00
  108789.759     0.999829        24673      5851.43
  108855.295     0.999854        24676      6826.67
  108855.295     0.999878        24676      8192.00
  108855.295     0.999890        24676      9102.22
  108855.295     0.999902        24676     10240.00
  108855.295     0.999915        24676     11702.86
  108855.295     0.999927        24676     13653.33
  108855.295     0.999939        24676     16384.00
  108855.295     0.999945        24676     18204.44
  108855.295     0.999951        24676     20480.00
  108855.295     0.999957        24676     23405.71
  108920.831     0.999963        24677     27306.67
  108920.831     1.000000        24677          inf
#[Mean    =    70104.004, StdDeviation   =    19378.209]
#[Max     =   108855.296, Total count    =        24677]
#[Buckets =           27, SubBuckets     =         2048]
----------------------------------------------------------
  24730 requests in 15.00m, 305.36MB read
  Socket errors: connect 0, read 0, write 5, timeout 0
Requests/sec:     27.48
Transfer/sec:    347.41KB
