Running 15m test @ http://10.96.187.131:8080/wrk2-api/post/compose
  2 threads and 4 connections
  Thread calibration: mean lat.: 18.400ms, rate sampling interval: 52ms
  Thread calibration: mean lat.: 16.289ms, rate sampling interval: 41ms
  Thread Stats   Avg      Stdev     99%   +/- Stdev
    Latency     1.01m    38.78s    2.47m    61.58%
    Req/Sec     4.33      9.74    39.00     81.96%
  Latency Distribution (HdrHistogram - Recorded Latency)
 50.000%    1.06m 
 75.000%    1.39m 
 90.000%    1.84m 
 99.000%    2.47m 
 99.900%    2.51m 
 99.990%    2.51m 
 99.999%    2.52m 
100.000%    2.52m 

  Detailed Percentile spectrum:
       Value   Percentile   TotalCount 1/(1-Percentile)

      11.623     0.000000            1         1.00
    1837.055     0.100000          773         1.11
   28573.695     0.200000         1546         1.25
   33505.279     0.300000         2319         1.43
   43745.279     0.400000         3092         1.67
   63832.063     0.500000         3866         2.00
   68091.903     0.550000         4257         2.22
   71237.631     0.600000         4639         2.50
   75169.791     0.650000         5030         2.86
   78577.663     0.700000         5414         3.33
   83623.935     0.750000         5795         4.00
   96796.671     0.775000         5991         4.44
  101908.479     0.800000         6185         5.00
  104660.991     0.825000         6378         5.71
  106561.535     0.850000         6574         6.67
  108986.367     0.875000         6763         8.00
  109772.799     0.887500         6859         8.89
  110428.159     0.900000         6954        10.00
  111673.343     0.912500         7050        11.43
  114753.535     0.925000         7150        13.33
  117178.367     0.937500         7247        16.00
  117899.263     0.943750         7294        17.78
  120389.631     0.950000         7341        20.00
  124649.471     0.956250         7388        22.86
  128450.559     0.962500         7440        26.67
  129761.279     0.968750         7485        32.00
  131465.215     0.971875         7509        35.56
  141950.975     0.975000         7534        40.00
  144703.487     0.978125         7558        45.71
  146276.351     0.981250         7582        53.33
  147455.999     0.984375         7611        64.00
  147587.071     0.985938         7623        71.11
  147849.215     0.987500         7635        80.00
  148111.359     0.989062         7643        91.43
  148373.503     0.990625         7658       106.67
  148635.647     0.992188         7667       128.00
  148897.791     0.992969         7673       142.22
  149028.863     0.993750         7678       160.00
  149291.007     0.994531         7686       182.86
  149422.079     0.995313         7691       213.33
  149684.223     0.996094         7698       256.00
  149815.295     0.996484         7702       284.44
  149815.295     0.996875         7702       320.00
  149946.367     0.997266         7706       365.71
  150077.439     0.997656         7708       426.67
  150208.511     0.998047         7711       512.00
  150339.583     0.998242         7715       568.89
  150339.583     0.998437         7715       640.00
  150470.655     0.998633         7718       731.43
  150470.655     0.998828         7718       853.33
  150601.727     0.999023         7723      1024.00
  150601.727     0.999121         7723      1137.78
  150601.727     0.999219         7723      1280.00
  150601.727     0.999316         7723      1462.86
  150601.727     0.999414         7723      1706.67
  150601.727     0.999512         7723      2048.00
  150601.727     0.999561         7723      2275.56
  150601.727     0.999609         7723      2560.00
  150732.799     0.999658         7725      2925.71
  150732.799     0.999707         7725      3413.33
  150732.799     0.999756         7725      4096.00
  150732.799     0.999780         7725      4551.11
  150732.799     0.999805         7725      5120.00
  150732.799     0.999829         7725      5851.43
  150732.799     0.999854         7725      6826.67
  150994.943     0.999878         7726      8192.00
  150994.943     1.000000         7726          inf
#[Mean    =    60484.880, StdDeviation   =    38775.115]
#[Max     =   150863.872, Total count    =         7726]
#[Buckets =           27, SubBuckets     =         2048]
----------------------------------------------------------
  7843 requests in 15.00m, 1.61MB read
  Socket errors: connect 0, read 1, write 18, timeout 30
Requests/sec:      8.71
Transfer/sec:      1.83KB
