Running 15m test @ http://10.96.187.131:8080/wrk2-api/post/compose
  2 threads and 4 connections
  Thread calibration: mean lat.: 4.887ms, rate sampling interval: 14ms
  Thread calibration: mean lat.: 4.627ms, rate sampling interval: 13ms
  Thread Stats   Avg      Stdev     99%   +/- Stdev
    Latency     4.85m     3.41m   10.69m    56.32%
    Req/Sec    10.82     31.53   153.00     88.02%
  Latency Distribution (HdrHistogram - Recorded Latency)
 50.000%    4.18m 
 75.000%    7.54m 
 90.000%   10.11m 
 99.000%   10.69m 
 99.900%   10.81m 
 99.990%   10.82m 
 99.999%   10.82m 
100.000%   10.82m 

  Detailed Percentile spectrum:
       Value   Percentile   TotalCount 1/(1-Percentile)

       1.905     0.000000            1         1.00
      34.303     0.100000         1830         1.11
   10715.135     0.200000         3659         1.25
  236978.175     0.300000         5499         1.43
  245366.783     0.400000         7374         1.67
  251002.879     0.500000         9168         2.00
  253231.103     0.550000        10067         2.22
  280231.935     0.600000        10976         2.50
  325844.991     0.650000        11891         2.86
  376963.071     0.700000        12807         3.33
  452198.399     0.750000        13720         4.00
  487587.839     0.775000        14183         4.44
  536084.479     0.800000        14634         5.00
  568328.191     0.825000        15093         5.71
  584056.831     0.850000        15553         6.67
  597688.319     0.875000        16021         8.00
  601882.623     0.887500        16236         8.89
  606601.215     0.900000        16483        10.00
  611319.807     0.912500        16707        11.43
  616562.687     0.925000        16921        13.33
  623902.719     0.937500        17160        16.00
  627048.447     0.943750        17269        17.78
  628097.023     0.950000        17437        20.00
  628621.311     0.956250        17585        22.86
  629145.599     0.962500        17649        26.67
  630194.175     0.968750        17738        32.00
  631242.751     0.971875        17784        35.56
  633339.903     0.975000        17846        40.00
  634912.767     0.978125        17894        45.71
  636485.631     0.981250        17951        53.33
  638582.783     0.984375        18021        64.00
  639107.071     0.985938        18037        71.11
  640155.647     0.987500        18076        80.00
  640679.935     0.989062        18094        91.43
  641728.511     0.990625        18132       106.67
  642777.087     0.992188        18164       128.00
  642777.087     0.992969        18164       142.22
  643301.375     0.993750        18182       160.00
  643825.663     0.994531        18194       182.86
  644349.951     0.995313        18215       213.33
  644874.239     0.996094        18231       256.00
  644874.239     0.996484        18231       284.44
  645398.527     0.996875        18245       320.00
  645398.527     0.997266        18245       365.71
  645922.815     0.997656        18251       426.67
  646447.103     0.998047        18257       512.00
  648544.255     0.998242        18280       568.89
  648544.255     0.998437        18280       640.00
  648544.255     0.998633        18280       731.43
  648544.255     0.998828        18280       853.33
  648544.255     0.999023        18280      1024.00
  648544.255     0.999121        18280      1137.78
  648544.255     0.999219        18280      1280.00
  648544.255     0.999316        18280      1462.86
  649068.543     0.999414        18292      1706.67
  649068.543     1.000000        18292          inf
#[Mean    =   291060.762, StdDeviation   =   204817.613]
#[Max     =   648544.256, Total count    =        18292]
#[Buckets =           27, SubBuckets     =         2048]
----------------------------------------------------------
  18946 requests in 15.00m, 152.92MB read
  Socket errors: connect 0, read 0, write 25, timeout 268
Requests/sec:     21.05
Transfer/sec:    173.98KB
