Running 15m test @ http://10.96.187.131:8080/wrk2-api/post/compose
  2 threads and 4 connections
  Thread calibration: mean lat.: 22.740ms, rate sampling interval: 71ms
  Thread calibration: mean lat.: 23.700ms, rate sampling interval: 67ms
  Thread Stats   Avg      Stdev     99%   +/- Stdev
    Latency     4.75m     3.40m    9.67m    50.00%
    Req/Sec     5.95      9.61    42.00     92.71%
  Latency Distribution (HdrHistogram - Recorded Latency)
 50.000%    4.99m 
 75.000%    7.84m 
 90.000%    9.30m 
 99.000%    9.67m 
 99.900%    9.69m 
 99.990%    9.70m 
 99.999%    9.70m 
100.000%    9.70m 

  Detailed Percentile spectrum:
       Value   Percentile   TotalCount 1/(1-Percentile)

       1.880     0.000000            1         1.00
      29.615     0.100000         1076         1.11
   44138.495     0.200000         2151         1.25
  111280.127     0.300000         3227         1.43
  186253.311     0.400000         4304         1.67
  299106.303     0.500000         5379         2.00
  349437.951     0.550000         5916         2.22
  390856.703     0.600000         6453         2.50
  438042.623     0.650000         6994         2.86
  466616.319     0.700000         7552         3.33
  470548.479     0.750000         8080         4.00
  482082.815     0.775000         8337         4.44
  505413.631     0.800000         8625         5.00
  508297.215     0.825000         8883         5.71
  509607.935     0.850000         9172         6.67
  510656.511     0.875000         9412         8.00
  523239.423     0.887500         9546         8.89
  557842.431     0.900000         9765        10.00
  558366.719     0.912500         9866        11.43
  558891.007     0.925000         9956        13.33
  559939.583     0.937500        10118        16.00
  560988.159     0.943750        10183        17.78
  571998.207     0.950000        10218        20.00
  578813.951     0.956250        10325        22.86
  579338.239     0.962500        10456        26.67
  579338.239     0.968750        10456        32.00
  579338.239     0.971875        10456        35.56
  579862.527     0.975000        10572        40.00
  579862.527     0.978125        10572        45.71
  579862.527     0.981250        10572        53.33
  580386.815     0.984375        10679        64.00
  580386.815     0.985938        10679        71.11
  580386.815     0.987500        10679        80.00
  580386.815     0.989062        10679        91.43
  580386.815     0.990625        10679       106.67
  580386.815     0.992188        10679       128.00
  580911.103     0.992969        10728       142.22
  580911.103     0.993750        10728       160.00
  580911.103     0.994531        10728       182.86
  580911.103     0.995313        10728       213.33
  580911.103     0.996094        10728       256.00
  580911.103     0.996484        10728       284.44
  580911.103     0.996875        10728       320.00
  580911.103     0.997266        10728       365.71
  581435.391     0.997656        10747       426.67
  581435.391     0.998047        10747       512.00
  581435.391     0.998242        10747       568.89
  581435.391     0.998437        10747       640.00
  581435.391     0.998633        10747       731.43
  581435.391     0.998828        10747       853.33
  581435.391     0.999023        10747      1024.00
  581435.391     0.999121        10747      1137.78
  581435.391     0.999219        10747      1280.00
  581959.679     0.999316        10755      1462.86
  581959.679     1.000000        10755          inf
#[Mean    =   284727.992, StdDeviation   =   204262.309]
#[Max     =   581435.392, Total count    =        10755]
#[Buckets =           27, SubBuckets     =         2048]
----------------------------------------------------------
  11082 requests in 15.00m, 144.11MB read
  Socket errors: connect 0, read 0, write 16, timeout 60
Requests/sec:     12.31
Transfer/sec:    163.93KB
