Running 15m test @ http://10.100.240.83:8080/wrk2-api/post/compose
  2 threads and 4 connections
  Thread calibration: mean lat.: 17.668ms, rate sampling interval: 41ms
  Thread calibration: mean lat.: 16.221ms, rate sampling interval: 39ms
  Thread Stats   Avg      Stdev     99%   +/- Stdev
    Latency   221.75ms  351.01ms   1.60s    87.01%
    Req/Sec     4.96     11.09    50.00     81.84%
  Latency Distribution (HdrHistogram - Recorded Latency)
 50.000%   33.15ms
 75.000%  299.52ms
 90.000%  680.45ms
 99.000%    1.60s 
 99.900%    2.47s 
 99.990%    2.86s 
 99.999%    3.39s 
100.000%    3.39s 

  Detailed Percentile spectrum:
       Value   Percentile   TotalCount 1/(1-Percentile)

       9.215     0.000000            1         1.00
      12.767     0.100000          884         1.11
      14.215     0.200000         1770         1.25
      16.095     0.300000         2653         1.43
      19.183     0.400000         3539         1.67
      33.151     0.500000         4420         2.00
      64.671     0.550000         4863         2.22
     112.639     0.600000         5304         2.50
     168.831     0.650000         5750         2.86
     227.455     0.700000         6190         3.33
     299.519     0.750000         6631         4.00
     341.247     0.775000         6851         4.44
     392.447     0.800000         7073         5.00
     450.559     0.825000         7294         5.71
     510.719     0.850000         7514         6.67
     590.335     0.875000         7735         8.00
     633.343     0.887500         7847         8.89
     680.447     0.900000         7957        10.00
     731.135     0.912500         8067        11.43
     799.743     0.925000         8177        13.33
     873.983     0.937500         8288        16.00
     909.311     0.943750         8344        17.78
     952.319     0.950000         8402        20.00
    1001.983     0.956250         8455        22.86
    1054.719     0.962500         8509        26.67
    1146.879     0.968750         8564        32.00
    1192.959     0.971875         8592        35.56
    1225.727     0.975000         8619        40.00
    1272.831     0.978125         8647        45.71
    1349.631     0.981250         8675        53.33
    1427.455     0.984375         8702        64.00
    1473.535     0.985938         8716        71.11
    1528.831     0.987500         8730        80.00
    1566.719     0.989062         8744        91.43
    1633.279     0.990625         8758       106.67
    1683.455     0.992188         8771       128.00
    1736.703     0.992969         8778       142.22
    1772.543     0.993750         8785       160.00
    1801.215     0.994531         8792       182.86
    1919.999     0.995313         8799       213.33
    2011.135     0.996094         8806       256.00
    2051.071     0.996484         8809       284.44
    2086.911     0.996875         8813       320.00
    2131.967     0.997266         8816       365.71
    2158.591     0.997656         8820       426.67
    2303.999     0.998047         8824       512.00
    2316.287     0.998242         8825       568.89
    2373.631     0.998437         8827       640.00
    2392.063     0.998633         8828       731.43
    2465.791     0.998828         8831       853.33
    2482.175     0.999023         8832      1024.00
    2639.871     0.999121         8833      1137.78
    2641.919     0.999219         8834      1280.00
    2641.919     0.999316         8834      1462.86
    2691.071     0.999414         8835      1706.67
    2797.567     0.999512         8836      2048.00
    2805.759     0.999561         8837      2275.56
    2805.759     0.999609         8837      2560.00
    2805.759     0.999658         8837      2925.71
    2840.575     0.999707         8838      3413.33
    2840.575     0.999756         8838      4096.00
    2861.055     0.999780         8839      4551.11
    2861.055     0.999805         8839      5120.00
    2861.055     0.999829         8839      5851.43
    2861.055     0.999854         8839      6826.67
    2861.055     0.999878         8839      8192.00
    3387.391     0.999890         8840      9102.22
    3387.391     1.000000         8840          inf
#[Mean    =      221.754, StdDeviation   =      351.011]
#[Max     =     3385.344, Total count    =         8840]
#[Buckets =           27, SubBuckets     =         2048]
----------------------------------------------------------
  8957 requests in 15.00m, 1.84MB read
  Socket errors: connect 0, read 0, write 2, timeout 18
Requests/sec:      9.95
Transfer/sec:      2.09KB
