Running 15m test @ http://10.97.8.42:8080/wrk2-api/post/compose
  2 threads and 4 connections
  Thread calibration: mean lat.: 17.930ms, rate sampling interval: 46ms
  Thread calibration: mean lat.: 19.434ms, rate sampling interval: 59ms
  Thread Stats   Avg      Stdev     99%   +/- Stdev
    Latency     6.77s    10.89s   34.01s    77.70%
    Req/Sec     4.83      9.64    43.00     77.58%
  Latency Distribution (HdrHistogram - Recorded Latency)
 50.000%    1.15s 
 75.000%    2.29s 
 90.000%   26.89s 
 99.000%   34.01s 
 99.900%   37.42s 
 99.990%   38.80s 
 99.999%   38.83s 
100.000%   38.83s 

  Detailed Percentile spectrum:
       Value   Percentile   TotalCount 1/(1-Percentile)

      10.911     0.000000            1         1.00
     410.111     0.100000          877         1.11
     626.175     0.200000         1755         1.25
     792.575     0.300000         2635         1.43
     950.783     0.400000         3508         1.67
    1147.903     0.500000         4385         2.00
    1263.615     0.550000         4831         2.22
    1387.519     0.600000         5263         2.50
    1551.359     0.650000         5703         2.86
    1773.567     0.700000         6141         3.33
    2287.615     0.750000         6578         4.00
    3465.215     0.775000         6797         4.44
   23101.439     0.800000         7018         5.00
   24330.239     0.825000         7236         5.71
   25051.135     0.850000         7455         6.67
   25837.567     0.875000         7674         8.00
   26378.239     0.887500         7785         8.89
   26886.143     0.900000         7894        10.00
   27344.895     0.912500         8004        11.43
   27885.567     0.925000         8113        13.33
   28459.007     0.937500         8223        16.00
   28737.535     0.943750         8277        17.78
   28999.679     0.950000         8334        20.00
   29327.359     0.956250         8390        22.86
   29802.495     0.962500         8442        26.67
   30457.855     0.968750         8497        32.00
   30670.847     0.971875         8524        35.56
   30965.759     0.975000         8553        40.00
   31342.591     0.978125         8579        45.71
   31801.343     0.981250         8606        53.33
   32276.479     0.984375         8633        64.00
   32587.775     0.985938         8649        71.11
   32915.455     0.987500         8661        80.00
   33538.047     0.989062         8675        91.43
   34144.255     0.990625         8688       106.67
   34406.399     0.992188         8703       128.00
   34570.239     0.992969         8709       142.22
   34766.847     0.993750         8717       160.00
   35028.991     0.994531         8723       182.86
   35160.063     0.995313         8729       213.33
   35454.975     0.996094         8736       256.00
   35651.583     0.996484         8740       284.44
   35717.119     0.996875         8743       320.00
   36077.567     0.997266         8747       365.71
   36339.711     0.997656         8750       426.67
   36569.087     0.998047         8753       512.00
   36732.927     0.998242         8756       568.89
   36798.463     0.998437         8757       640.00
   37060.607     0.998633         8759       731.43
   37388.287     0.998828         8760       853.33
   37421.055     0.999023         8762      1024.00
   38076.415     0.999121         8763      1137.78
   38436.863     0.999219         8764      1280.00
   38567.935     0.999316         8765      1462.86
   38567.935     0.999414         8765      1706.67
   38633.471     0.999512         8766      2048.00
   38666.239     0.999561         8767      2275.56
   38666.239     0.999609         8767      2560.00
   38699.007     0.999658         8768      2925.71
   38699.007     0.999707         8768      3413.33
   38699.007     0.999756         8768      4096.00
   38797.311     0.999780         8769      4551.11
   38797.311     0.999805         8769      5120.00
   38797.311     0.999829         8769      5851.43
   38797.311     0.999854         8769      6826.67
   38797.311     0.999878         8769      8192.00
   38830.079     0.999890         8770      9102.22
   38830.079     1.000000         8770          inf
#[Mean    =     6774.929, StdDeviation   =    10887.779]
#[Max     =    38797.312, Total count    =         8770]
#[Buckets =           27, SubBuckets     =         2048]
----------------------------------------------------------
  8888 requests in 15.00m, 1.82MB read
  Socket errors: connect 0, read 0, write 5, timeout 18
Requests/sec:      9.87
Transfer/sec:      2.07KB
