Running 15m test @ http://10.97.8.42:8080/wrk2-api/post/compose
  2 threads and 4 connections
  Thread calibration: mean lat.: 4.816ms, rate sampling interval: 14ms
  Thread calibration: mean lat.: 6.175ms, rate sampling interval: 20ms
  Thread Stats   Avg      Stdev     99%   +/- Stdev
    Latency     3.31m     2.62m    9.24m    57.40%
    Req/Sec    12.84     32.30   150.00     84.07%
  Latency Distribution (HdrHistogram - Recorded Latency)
 50.000%    2.86m 
 75.000%    5.48m 
 90.000%    7.17m 
 99.000%    9.24m 
 99.900%    9.84m 
 99.990%    9.91m 
 99.999%    9.91m 
100.000%    9.91m 

  Detailed Percentile spectrum:
       Value   Percentile   TotalCount 1/(1-Percentile)

       0.054     0.000000            1         1.00
    5251.071     0.100000         2249         1.11
   36667.391     0.200000         4498         1.25
   69664.767     0.300000         6754         1.43
  119144.447     0.400000         8994         1.67
  171835.391     0.500000        11246         2.00
  202899.455     0.550000        12368         2.22
  233046.015     0.600000        13491         2.50
  264503.295     0.650000        14616         2.86
  297533.439     0.700000        15743         3.33
  328990.719     0.750000        16863         4.00
  344981.503     0.775000        17430         4.44
  361758.719     0.800000        17990         5.00
  378273.791     0.825000        18554         5.71
  394264.575     0.850000        19123         6.67
  411566.079     0.875000        19678         8.00
  419954.687     0.887500        19963         8.89
  430178.303     0.900000        20245        10.00
  440139.775     0.912500        20522        11.43
  449314.815     0.925000        20802        13.33
  458489.855     0.937500        21086        16.00
  462422.015     0.943750        21222        17.78
  466878.463     0.950000        21368        20.00
  471072.767     0.956250        21503        22.86
  477364.223     0.962500        21641        26.67
  486539.263     0.968750        21783        32.00
  491519.999     0.971875        21852        35.56
  496238.591     0.975000        21926        40.00
  501481.471     0.978125        21994        45.71
  513540.095     0.981250        22064        53.33
  528220.159     0.984375        22133        64.00
  537395.199     0.985938        22170        71.11
  543686.655     0.987500        22205        80.00
  551026.687     0.989062        22240        91.43
  556793.855     0.990625        22276       106.67
  564658.175     0.992188        22312       128.00
  566755.327     0.992969        22328       142.22
  568852.479     0.993750        22345       160.00
  572522.495     0.994531        22362       182.86
  576192.511     0.995313        22380       213.33
  578813.951     0.996094        22399       256.00
  579862.527     0.996484        22407       284.44
  580911.103     0.996875        22414       320.00
  582483.967     0.997266        22423       365.71
  584056.831     0.997656        22432       426.67
  585629.695     0.998047        22442       512.00
  586153.983     0.998242        22446       568.89
  586678.271     0.998437        22450       640.00
  588775.423     0.998633        22455       731.43
  589823.999     0.998828        22459       853.33
  590348.287     0.999023        22464      1024.00
  590872.575     0.999121        22467      1137.78
  590872.575     0.999219        22467      1280.00
  591396.863     0.999316        22469      1462.86
  591921.151     0.999414        22471      1706.67
  592969.727     0.999512        22475      2048.00
  592969.727     0.999561        22475      2275.56
  593494.015     0.999609        22477      2560.00
  593494.015     0.999658        22477      2925.71
  594018.303     0.999707        22480      3413.33
  594018.303     0.999756        22480      4096.00
  594018.303     0.999780        22480      4551.11
  594018.303     0.999805        22480      5120.00
  594542.591     0.999829        22484      5851.43
  594542.591     1.000000        22484          inf
#[Mean    =   198561.214, StdDeviation   =   157389.082]
#[Max     =   594018.304, Total count    =        22484]
#[Buckets =           27, SubBuckets     =         2048]
----------------------------------------------------------
  23138 requests in 15.00m, 180.44MB read
  Socket errors: connect 0, read 0, write 6, timeout 840
Requests/sec:     25.71
Transfer/sec:    205.28KB
