Running 15m test @ http://10.97.8.42:8080/wrk2-api/post/compose
  2 threads and 4 connections
  Thread calibration: mean lat.: 35.250ms, rate sampling interval: 108ms
  Thread calibration: mean lat.: 25.845ms, rate sampling interval: 73ms
  Thread Stats   Avg      Stdev     99%   +/- Stdev
    Latency     2.26m     1.79m    6.68m    58.03%
    Req/Sec     8.90      8.93    28.00     90.95%
  Latency Distribution (HdrHistogram - Recorded Latency)
 50.000%    2.10m 
 75.000%    3.69m 
 90.000%    4.68m 
 99.000%    6.68m 
 99.900%    7.05m 
 99.990%    7.09m 
 99.999%    7.10m 
100.000%    7.10m 

  Detailed Percentile spectrum:
       Value   Percentile   TotalCount 1/(1-Percentile)

       2.841     0.000000            1         1.00
     188.415     0.100000         1652         1.11
   21102.591     0.200000         3305         1.25
   51740.671     0.300000         4958         1.43
   87293.951     0.400000         6611         1.67
  125829.119     0.500000         8261         2.00
  141295.615     0.550000         9085         2.22
  158859.263     0.600000         9910         2.50
  178782.207     0.650000        10736         2.86
  200278.015     0.700000        11568         3.33
  221380.607     0.750000        12398         4.00
  229507.071     0.775000        12804         4.44
  240254.975     0.800000        13215         5.00
  251920.383     0.825000        13626         5.71
  262275.071     0.850000        14039         6.67
  273154.047     0.875000        14452         8.00
  276824.063     0.887500        14666         8.89
  280756.223     0.900000        14870        10.00
  288620.543     0.912500        15072        11.43
  297533.439     0.925000        15283        13.33
  306446.335     0.937500        15484        16.00
  312999.935     0.943750        15587        17.78
  320339.967     0.950000        15692        20.00
  326107.135     0.956250        15795        22.86
  332660.735     0.962500        15901        26.67
  349175.807     0.968750        16000        32.00
  357564.415     0.971875        16053        35.56
  364642.303     0.975000        16106        40.00
  372244.479     0.978125        16157        45.71
  382468.095     0.981250        16208        53.33
  389545.983     0.984375        16260        64.00
  392691.711     0.985938        16284        71.11
  394788.863     0.987500        16311        80.00
  397934.591     0.989062        16336        91.43
  402128.895     0.990625        16365       106.67
  405274.623     0.992188        16389       128.00
  407371.775     0.992969        16401       142.22
  409468.927     0.993750        16414       160.00
  410779.647     0.994531        16428       182.86
  412352.511     0.995313        16439       213.33
  414187.519     0.996094        16452       256.00
  414973.951     0.996484        16458       284.44
  416284.671     0.996875        16465       320.00
  417857.535     0.997266        16472       365.71
  418643.967     0.997656        16478       426.67
  419430.399     0.998047        16484       512.00
  420478.975     0.998242        16487       568.89
  422051.839     0.998437        16491       640.00
  422313.983     0.998633        16496       731.43
  422576.127     0.998828        16497       853.33
  423100.415     0.999023        16500      1024.00
  423624.703     0.999121        16502      1137.78
  424411.135     0.999219        16504      1280.00
  424673.279     0.999316        16507      1462.86
  424673.279     0.999414        16507      1706.67
  424935.423     0.999512        16509      2048.00
  424935.423     0.999561        16509      2275.56
  425197.567     0.999609        16512      2560.00
  425197.567     0.999658        16512      2925.71
  425197.567     0.999707        16512      3413.33
  425197.567     0.999756        16512      4096.00
  425459.711     0.999780        16515      4551.11
  425459.711     0.999805        16515      5120.00
  425459.711     0.999829        16515      5851.43
  425459.711     0.999854        16515      6826.67
  425459.711     0.999878        16515      8192.00
  425459.711     0.999890        16515      9102.22
  425459.711     0.999902        16515     10240.00
  425459.711     0.999915        16515     11702.86
  425459.711     0.999927        16515     13653.33
  425459.711     0.999939        16515     16384.00
  425721.855     0.999945        16516     18204.44
  425721.855     1.000000        16516          inf
#[Mean    =   135675.846, StdDeviation   =   107617.106]
#[Max     =   425459.712, Total count    =        16516]
#[Buckets =           27, SubBuckets     =         2048]
----------------------------------------------------------
  16843 requests in 15.00m, 219.56MB read
  Socket errors: connect 0, read 1, write 5, timeout 17
Requests/sec:     18.71
Transfer/sec:    249.81KB
