Running 15m test @ http://10.96.54.96:8080/wrk2-api/post/compose
  2 threads and 4 connections
  Thread calibration: mean lat.: 2880.552ms, rate sampling interval: 11657ms
  Thread calibration: mean lat.: 3377.664ms, rate sampling interval: 10690ms
  Thread Stats   Avg      Stdev     99%   +/- Stdev
    Latency     0.98m    25.31s    1.85m    67.56%
    Req/Sec     4.19      1.10     6.00     93.71%
  Latency Distribution (HdrHistogram - Recorded Latency)
 50.000%    0.86m 
 75.000%    1.18m 
 90.000%    1.65m 
 99.000%    1.85m 
 99.900%    1.95m 
 99.990%    1.95m 
 99.999%    1.96m 
100.000%    1.96m 

  Detailed Percentile spectrum:
       Value   Percentile   TotalCount 1/(1-Percentile)

     198.655     0.000000            1         1.00
   33193.983     0.100000          831         1.11
   36438.015     0.200000         1668         1.25
   40665.087     0.300000         2491         1.43
   47087.615     0.400000         3330         1.67
   51642.367     0.500000         4152         2.00
   56655.871     0.550000         4567         2.22
   59998.207     0.600000         4984         2.50
   62881.791     0.650000         5398         2.86
   65830.911     0.700000         5812         3.33
   70516.735     0.750000         6228         4.00
   77135.871     0.775000         6435         4.44
   91291.647     0.800000         6643         5.00
   93978.623     0.825000         6857         5.71
   95682.559     0.850000         7065         6.67
   97320.959     0.875000         7267         8.00
   98107.391     0.887500         7369         8.89
   99221.503     0.900000         7473        10.00
  100859.903     0.912500         7580        11.43
  102039.551     0.925000         7682        13.33
  103088.127     0.937500         7791        16.00
  103809.023     0.943750         7840        17.78
  104464.383     0.950000         7887        20.00
  105185.279     0.956250         7941        22.86
  105775.103     0.962500         7993        26.67
  106692.607     0.968750         8043        32.00
  107151.359     0.971875         8069        35.56
  107610.111     0.975000         8097        40.00
  108134.399     0.978125         8121        45.71
  108593.151     0.981250         8147        53.33
  109379.583     0.984375         8173        64.00
  109707.263     0.985938         8187        71.11
  110297.087     0.987500         8199        80.00
  110755.839     0.989062         8213        91.43
  111542.271     0.990625         8226       106.67
  112394.239     0.992188         8238       128.00
  112787.455     0.992969         8245       142.22
  113049.599     0.993750         8251       160.00
  113442.815     0.994531         8257       182.86
  114032.639     0.995313         8265       213.33
  114491.391     0.996094         8270       256.00
  115015.679     0.996484         8273       284.44
  115474.431     0.996875         8277       320.00
  115605.503     0.997266         8280       365.71
  115802.111     0.997656         8283       426.67
  116260.863     0.998047         8287       512.00
  116654.079     0.998242         8290       568.89
  116654.079     0.998437         8290       640.00
  116719.615     0.998633         8293       731.43
  116719.615     0.998828         8293       853.33
  116850.687     0.999023         8295      1024.00
  116850.687     0.999121         8295      1137.78
  116916.223     0.999219         8296      1280.00
  116981.759     0.999316         8298      1462.86
  116981.759     0.999414         8298      1706.67
  116981.759     0.999512         8298      2048.00
  117178.367     0.999561         8299      2275.56
  117178.367     0.999609         8299      2560.00
  117243.903     0.999658         8301      2925.71
  117243.903     0.999707         8301      3413.33
  117243.903     0.999756         8301      4096.00
  117243.903     0.999780         8301      4551.11
  117243.903     0.999805         8301      5120.00
  117243.903     0.999829         8301      5851.43
  117243.903     0.999854         8301      6826.67
  117243.903     0.999878         8301      8192.00
  117374.975     0.999890         8302      9102.22
  117374.975     1.000000         8302          inf
#[Mean    =    58597.276, StdDeviation   =    25311.206]
#[Max     =   117309.440, Total count    =         8302]
#[Buckets =           27, SubBuckets     =         2048]
----------------------------------------------------------
  8353 requests in 15.00m, 1.71MB read
  Socket errors: connect 0, read 0, write 4, timeout 19
Requests/sec:      9.28
Transfer/sec:      1.95KB
