Running 15m test @ http://10.96.54.96:8080/wrk2-api/post/compose
  2 threads and 4 connections
  Thread calibration: mean lat.: 2790.782ms, rate sampling interval: 8396ms
  Thread calibration: mean lat.: 1623.203ms, rate sampling interval: 6135ms
  Thread Stats   Avg      Stdev     99%   +/- Stdev
    Latency     1.41m    30.26s    1.86m    72.96%
    Req/Sec    26.69      8.00    34.00     88.45%
  Latency Distribution (HdrHistogram - Recorded Latency)
 50.000%    1.62m 
 75.000%    1.78m 
 90.000%    1.82m 
 99.000%    1.86m 
 99.900%    1.88m 
 99.990%    1.88m 
 99.999%    1.88m 
100.000%    1.88m 

  Detailed Percentile spectrum:
       Value   Percentile   TotalCount 1/(1-Percentile)

    1908.735     0.000000            1         1.00
   35913.727     0.100000         4871         1.11
   38076.415     0.200000         9703         1.25
   90963.967     0.300000        14548         1.43
   94371.839     0.400000        19416         1.67
   97255.423     0.500000        24247         2.00
  102891.519     0.550000        26690         2.22
  104529.919     0.600000        29088         2.50
  105447.423     0.650000        31684         2.86
  106168.319     0.700000        34072         3.33
  106889.215     0.750000        36636         4.00
  107151.359     0.775000        37791         4.44
  107413.503     0.800000        38932         5.00
  107675.647     0.825000        40057         5.71
  108134.399     0.850000        41318         6.67
  108658.687     0.875000        42431         8.00
  108920.831     0.887500        43025         8.89
  109182.975     0.900000        43712        10.00
  109445.119     0.912500        44284        11.43
  109707.263     0.925000        44960        13.33
  109969.407     0.937500        45551        16.00
  110100.479     0.943750        45857        17.78
  110231.551     0.950000        46175        20.00
  110362.623     0.956250        46455        22.86
  110493.695     0.962500        46727        26.67
  110624.767     0.968750        46959        32.00
  110755.839     0.971875        47222        35.56
  110821.375     0.975000        47310        40.00
  110952.447     0.978125        47491        45.71
  111083.519     0.981250        47636        53.33
  111214.591     0.984375        47756        64.00
  111280.127     0.985938        47815        71.11
  111345.663     0.987500        47885        80.00
  111411.199     0.989062        47963        91.43
  111476.735     0.990625        48041       106.67
  111542.271     0.992188        48099       128.00
  111673.343     0.992969        48164       142.22
  111673.343     0.993750        48164       160.00
  111804.415     0.994531        48219       182.86
  111935.487     0.995313        48244       213.33
  112066.559     0.996094        48279       256.00
  112132.095     0.996484        48301       284.44
  112197.631     0.996875        48330       320.00
  112263.167     0.997266        48356       365.71
  112263.167     0.997656        48356       426.67
  112328.703     0.998047        48375       512.00
  112394.239     0.998242        48399       568.89
  112394.239     0.998437        48399       640.00
  112394.239     0.998633        48399       731.43
  112459.775     0.998828        48412       853.33
  112525.311     0.999023        48420      1024.00
  112590.847     0.999121        48431      1137.78
  112590.847     0.999219        48431      1280.00
  112656.383     0.999316        48433      1462.86
  112721.919     0.999414        48442      1706.67
  112721.919     0.999512        48442      2048.00
  112787.455     0.999561        48448      2275.56
  112787.455     0.999609        48448      2560.00
  112852.991     0.999658        48451      2925.71
  112852.991     0.999707        48451      3413.33
  112918.527     0.999756        48455      4096.00
  112918.527     0.999780        48455      4551.11
  112984.063     0.999805        48465      5120.00
  112984.063     1.000000        48465          inf
#[Mean    =    84457.017, StdDeviation   =    30263.796]
#[Max     =   112918.528, Total count    =        48465]
#[Buckets =           27, SubBuckets     =         2048]
----------------------------------------------------------
  48705 requests in 15.00m, 419.28MB read
  Socket errors: connect 0, read 0, write 5, timeout 0
Requests/sec:     54.11
Transfer/sec:    477.02KB
