Running 15m test @ http://10.96.54.96:8080/wrk2-api/post/compose
  2 threads and 4 connections
  Thread calibration: mean lat.: 4446.843ms, rate sampling interval: 13762ms
  Thread calibration: mean lat.: 5000.261ms, rate sampling interval: 13778ms
  Thread Stats   Avg      Stdev     99%   +/- Stdev
    Latency     1.43m    27.34s    1.99m    58.17%
    Req/Sec    13.09      3.73    16.00     88.28%
  Latency Distribution (HdrHistogram - Recorded Latency)
 50.000%    1.60m 
 75.000%    1.70m 
 90.000%    1.93m 
 99.000%    1.99m 
 99.900%    2.01m 
 99.990%    2.01m 
 99.999%    2.01m 
100.000%    2.01m 

  Detailed Percentile spectrum:
       Value   Percentile   TotalCount 1/(1-Percentile)

    7503.871     0.000000            1         1.00
   43220.991     0.100000         2425         1.11
   45481.983     0.200000         4842         1.25
   90898.431     0.300000         7262         1.43
   93847.551     0.400000         9709         1.67
   96010.239     0.500000        12160         2.00
   96862.207     0.550000        13323         2.22
   97779.711     0.600000        14557         2.50
   98500.607     0.650000        15761         2.86
   99483.647     0.700000        16974         3.33
  102236.159     0.750000        18162         4.00
  109576.191     0.775000        18761         4.44
  111345.663     0.800000        19367         5.00
  112263.167     0.825000        19998         5.71
  113246.207     0.850000        20572         6.67
  114687.999     0.875000        21190         8.00
  115212.287     0.887500        21511         8.89
  115605.503     0.900000        21772        10.00
  116064.255     0.912500        22106        11.43
  116457.471     0.925000        22414        13.33
  116850.687     0.937500        22710        16.00
  117047.295     0.943750        22834        17.78
  117309.439     0.950000        22981        20.00
  117571.583     0.956250        23162        22.86
  117833.727     0.962500        23303        26.67
  118095.871     0.968750        23443        32.00
  118358.015     0.971875        23526        35.56
  118554.623     0.975000        23598        40.00
  118816.767     0.978125        23667        45.71
  119078.911     0.981250        23750        53.33
  119341.055     0.984375        23830        64.00
  119406.591     0.985938        23857        71.11
  119537.663     0.987500        23910        80.00
  119603.199     0.989062        23928        91.43
  119734.271     0.990625        23973       106.67
  119799.807     0.992188        24000       128.00
  119865.343     0.992969        24024       142.22
  119930.879     0.993750        24053       160.00
  119996.415     0.994531        24072       182.86
  120061.951     0.995313        24084       213.33
  120127.487     0.996094        24105       256.00
  120127.487     0.996484        24105       284.44
  120193.023     0.996875        24115       320.00
  120258.559     0.997266        24126       365.71
  120324.095     0.997656        24142       426.67
  120324.095     0.998047        24142       512.00
  120389.631     0.998242        24156       568.89
  120389.631     0.998437        24156       640.00
  120389.631     0.998633        24156       731.43
  120455.167     0.998828        24166       853.33
  120455.167     0.999023        24166      1024.00
  120520.703     0.999121        24179      1137.78
  120520.703     0.999219        24179      1280.00
  120520.703     0.999316        24179      1462.86
  120520.703     0.999414        24179      1706.67
  120520.703     0.999512        24179      2048.00
  120520.703     0.999561        24179      2275.56
  120520.703     0.999609        24179      2560.00
  120586.239     0.999658        24182      2925.71
  120586.239     0.999707        24182      3413.33
  120651.775     0.999756        24186      4096.00
  120651.775     0.999780        24186      4551.11
  120651.775     0.999805        24186      5120.00
  120651.775     0.999829        24186      5851.43
  120651.775     0.999854        24186      6826.67
  120651.775     0.999878        24186      8192.00
  120651.775     0.999890        24186      9102.22
  120651.775     0.999902        24186     10240.00
  120651.775     0.999915        24186     11702.86
  120717.311     0.999927        24188     13653.33
  120717.311     1.000000        24188          inf
#[Mean    =    86088.958, StdDeviation   =    27343.397]
#[Max     =   120651.776, Total count    =        24188]
#[Buckets =           27, SubBuckets     =         2048]
----------------------------------------------------------
  24240 requests in 15.00m, 299.74MB read
  Socket errors: connect 0, read 0, write 4, timeout 0
Requests/sec:     26.93
Transfer/sec:    341.00KB
