Running 15m test @ http://10.108.12.16:8080/wrk2-api/post/compose
  2 threads and 4 connections
  Thread calibration: mean lat.: 18.952ms, rate sampling interval: 45ms
  Thread calibration: mean lat.: 20.532ms, rate sampling interval: 58ms
  Thread Stats   Avg      Stdev     99%   +/- Stdev
    Latency     9.08s    15.85s   46.50s    77.85%
    Req/Sec     4.87      9.86    44.00     77.96%
  Latency Distribution (HdrHistogram - Recorded Latency)
 50.000%  759.29ms
 75.000%    2.19s 
 90.000%   38.57s 
 99.000%   46.50s 
 99.900%   49.91s 
 99.990%   50.79s 
 99.999%    0.85m 
100.000%    0.85m 

  Detailed Percentile spectrum:
       Value   Percentile   TotalCount 1/(1-Percentile)

       9.239     0.000000            1         1.00
      71.487     0.100000          874         1.11
     198.783     0.200000         1749         1.25
     351.231     0.300000         2622         1.43
     535.039     0.400000         3496         1.67
     759.295     0.500000         4369         2.00
     888.319     0.550000         4806         2.22
    1039.359     0.600000         5243         2.50
    1230.847     0.650000         5682         2.86
    1529.855     0.700000         6116         3.33
    2191.359     0.750000         6552         4.00
    3526.655     0.775000         6771         4.44
   33751.039     0.800000         6992         5.00
   35291.135     0.825000         7211         5.71
   36405.247     0.850000         7429         6.67
   37355.519     0.875000         7644         8.00
   37978.111     0.887500         7758         8.89
   38567.935     0.900000         7866        10.00
   39288.831     0.912500         7978        11.43
   40042.495     0.925000         8081        13.33
   40632.319     0.937500         8190        16.00
   41025.535     0.943750         8249        17.78
   41385.983     0.950000         8301        20.00
   41746.431     0.956250         8360        22.86
   42074.111     0.962500         8409        26.67
   42663.935     0.968750         8463        32.00
   43220.991     0.971875         8491        35.56
   43646.975     0.975000         8518        40.00
   44040.191     0.978125         8545        45.71
   44498.943     0.981250         8573        53.33
   45514.751     0.984375         8601        64.00
   45809.663     0.985938         8618        71.11
   46006.271     0.987500         8627        80.00
   46333.951     0.989062         8642        91.43
   46596.095     0.990625         8655       106.67
   46792.703     0.992188         8668       128.00
   47284.223     0.992969         8675       142.22
   47710.207     0.993750         8683       160.00
   48005.119     0.994531         8689       182.86
   48332.799     0.995313         8696       213.33
   48529.407     0.996094         8702       256.00
   48660.479     0.996484         8706       284.44
   48824.319     0.996875         8709       320.00
   48922.623     0.997266         8713       365.71
   49119.231     0.997656         8716       426.67
   49217.535     0.998047         8719       512.00
   49315.839     0.998242         8721       568.89
   49479.679     0.998437         8724       640.00
   49709.055     0.998633         8725       731.43
   49840.127     0.998828         8726       853.33
   49971.199     0.999023         8728      1024.00
   50003.967     0.999121         8729      1137.78
   50036.735     0.999219         8730      1280.00
   50135.039     0.999316         8731      1462.86
   50135.039     0.999414         8731      1706.67
   50659.327     0.999512         8732      2048.00
   50692.095     0.999561         8734      2275.56
   50692.095     0.999609         8734      2560.00
   50692.095     0.999658         8734      2925.71
   50692.095     0.999707         8734      3413.33
   50692.095     0.999756         8734      4096.00
   50790.399     0.999780         8735      4551.11
   50790.399     0.999805         8735      5120.00
   50790.399     0.999829         8735      5851.43
   50790.399     0.999854         8735      6826.67
   50790.399     0.999878         8735      8192.00
   51085.311     0.999890         8736      9102.22
   51085.311     1.000000         8736          inf
#[Mean    =     9078.492, StdDeviation   =    15850.937]
#[Max     =    51052.544, Total count    =         8736]
#[Buckets =           27, SubBuckets     =         2048]
----------------------------------------------------------
  8853 requests in 15.00m, 1.82MB read
  Socket errors: connect 0, read 0, write 15, timeout 19
Requests/sec:      9.84
Transfer/sec:      2.07KB
