Running 15m test @ http://10.108.12.16:8080/wrk2-api/post/compose
  2 threads and 4 connections
  Thread calibration: mean lat.: 29.347ms, rate sampling interval: 80ms
  Thread calibration: mean lat.: 28.940ms, rate sampling interval: 90ms
  Thread Stats   Avg      Stdev     99%   +/- Stdev
    Latency     7.36s    12.94s   32.92s    76.54%
    Req/Sec    14.59     13.01    50.00     58.61%
  Latency Distribution (HdrHistogram - Recorded Latency)
 50.000%  220.93ms
 75.000%  765.95ms
 90.000%   30.98s 
 99.000%   32.92s 
 99.900%   33.88s 
 99.990%   34.24s 
 99.999%   34.50s 
100.000%   34.50s 

  Detailed Percentile spectrum:
       Value   Percentile   TotalCount 1/(1-Percentile)

       4.551     0.000000            1         1.00
      39.807     0.100000         2630         1.11
      66.047     0.200000         5259         1.25
     105.727     0.300000         7890         1.43
     154.879     0.400000        10518         1.67
     220.927     0.500000        13142         2.00
     266.239     0.550000        14457         2.22
     318.207     0.600000        15771         2.50
     388.863     0.650000        17087         2.86
     500.735     0.700000        18401         3.33
     765.951     0.750000        19712         4.00
   28246.015     0.775000        20375         4.44
   29343.743     0.800000        21027         5.00
   29868.031     0.825000        21687         5.71
   30310.399     0.850000        22358         6.67
   30654.463     0.875000        23003         8.00
   30834.687     0.887500        23343         8.89
   30982.143     0.900000        23658        10.00
   31162.367     0.912500        23995        11.43
   31326.207     0.925000        24324        13.33
   31522.815     0.937500        24655        16.00
   31621.119     0.943750        24812        17.78
   31735.807     0.950000        24973        20.00
   31850.495     0.956250        25146        22.86
   31997.951     0.962500        25314        26.67
   32145.407     0.968750        25466        32.00
   32243.711     0.971875        25560        35.56
   32309.247     0.975000        25628        40.00
   32423.935     0.978125        25714        45.71
   32538.623     0.981250        25790        53.33
   32636.927     0.984375        25875        64.00
   32718.847     0.985938        25921        71.11
   32767.999     0.987500        25956        80.00
   32866.303     0.989062        25997        91.43
   32948.223     0.990625        26039       106.67
   33030.143     0.992188        26081       128.00
   33079.295     0.992969        26104       142.22
   33128.447     0.993750        26119       160.00
   33193.983     0.994531        26142       182.86
   33325.055     0.995313        26163       213.33
   33390.591     0.996094        26180       256.00
   33456.127     0.996484        26193       284.44
   33488.895     0.996875        26200       320.00
   33554.431     0.997266        26213       365.71
   33619.967     0.997656        26225       426.67
   33685.503     0.998047        26231       512.00
   33718.271     0.998242        26239       568.89
   33783.807     0.998437        26245       640.00
   33816.575     0.998633        26249       731.43
   33849.343     0.998828        26255       853.33
   33882.111     0.999023        26258      1024.00
   33914.879     0.999121        26260      1137.78
   33947.647     0.999219        26262      1280.00
   33980.415     0.999316        26265      1462.86
   34013.183     0.999414        26267      1706.67
   34078.719     0.999512        26270      2048.00
   34111.487     0.999561        26274      2275.56
   34111.487     0.999609        26274      2560.00
   34111.487     0.999658        26274      2925.71
   34144.255     0.999707        26277      3413.33
   34144.255     0.999756        26277      4096.00
   34144.255     0.999780        26277      4551.11
   34144.255     0.999805        26277      5120.00
   34177.023     0.999829        26278      5851.43
   34242.559     0.999854        26280      6826.67
   34242.559     0.999878        26280      8192.00
   34242.559     0.999890        26280      9102.22
   34242.559     0.999902        26280     10240.00
   34242.559     0.999915        26280     11702.86
   34275.327     0.999927        26281     13653.33
   34275.327     0.999939        26281     16384.00
   34275.327     0.999945        26281     18204.44
   34275.327     0.999951        26281     20480.00
   34275.327     0.999957        26281     23405.71
   34504.703     0.999963        26282     27306.67
   34504.703     1.000000        26282          inf
#[Mean    =     7363.652, StdDeviation   =    12939.876]
#[Max     =    34471.936, Total count    =        26282]
#[Buckets =           27, SubBuckets     =         2048]
----------------------------------------------------------
  26607 requests in 15.00m, 347.11MB read
  Socket errors: connect 0, read 0, write 16, timeout 0
Requests/sec:     29.56
Transfer/sec:    394.86KB
