Running 15m test @ http://10.107.46.102:8080/wrk2-api/post/compose
  2 threads and 4 connections
  Thread calibration: mean lat.: 18.023ms, rate sampling interval: 41ms
  Thread calibration: mean lat.: 18.952ms, rate sampling interval: 49ms
  Thread Stats   Avg      Stdev     99%   +/- Stdev
    Latency    15.76s    22.36s    1.10m    83.16%
    Req/Sec     4.80     10.38    48.00     80.52%
  Latency Distribution (HdrHistogram - Recorded Latency)
 50.000%    1.62s 
 75.000%   29.54s 
 90.000%    0.98m 
 99.000%    1.10m 
 99.900%    1.15m 
 99.990%    1.16m 
 99.999%    1.16m 
100.000%    1.16m 

  Detailed Percentile spectrum:
       Value   Percentile   TotalCount 1/(1-Percentile)

      11.239     0.000000            1         1.00
     347.391     0.100000          861         1.11
     614.911     0.200000         1724         1.25
     909.823     0.300000         2583         1.43
    1209.343     0.400000         3444         1.67
    1619.967     0.500000         4305         2.00
    1903.615     0.550000         4741         2.22
    2297.855     0.600000         5167         2.50
    3375.103     0.650000         5597         2.86
   26820.607     0.700000         6028         3.33
   29540.351     0.750000         6459         4.00
   30654.463     0.775000         6674         4.44
   32669.695     0.800000         6889         5.00
   35815.423     0.825000         7103         5.71
   54591.487     0.850000         7318         6.67
   57343.999     0.875000         7536         8.00
   58228.735     0.887500         7641         8.89
   59047.935     0.900000         7753        10.00
   59637.759     0.912500         7857        11.43
   60391.423     0.925000         7966        13.33
   61046.783     0.937500         8077        16.00
   61308.927     0.943750         8129        17.78
   61669.375     0.950000         8180        20.00
   62226.431     0.956250         8233        22.86
   62652.415     0.962500         8287        26.67
   63307.775     0.968750         8342        32.00
   63897.599     0.971875         8368        35.56
   64323.583     0.975000         8394        40.00
   64684.031     0.978125         8423        45.71
   65011.711     0.981250         8449        53.33
   65372.159     0.984375         8475        64.00
   65699.839     0.985938         8490        71.11
   65929.215     0.987500         8503        80.00
   66158.591     0.989062         8515        91.43
   66322.431     0.990625         8529       106.67
   66617.343     0.992188         8542       128.00
   66912.255     0.992969         8549       142.22
   67043.327     0.993750         8556       160.00
   67371.007     0.994531         8564       182.86
   67436.543     0.995313         8569       213.33
   67698.687     0.996094         8577       256.00
   67764.223     0.996484         8580       284.44
   67895.295     0.996875         8583       320.00
   67960.831     0.997266         8586       365.71
   68354.047     0.997656         8589       426.67
   68878.335     0.998047         8595       512.00
   68878.335     0.998242         8595       568.89
   68943.871     0.998437         8596       640.00
   69074.943     0.998633         8598       731.43
   69206.015     0.998828         8601       853.33
   69206.015     0.999023         8601      1024.00
   69271.551     0.999121         8604      1137.78
   69271.551     0.999219         8604      1280.00
   69271.551     0.999316         8604      1462.86
   69271.551     0.999414         8604      1706.67
   69337.087     0.999512         8606      2048.00
   69337.087     0.999561         8606      2275.56
   69337.087     0.999609         8606      2560.00
   69402.623     0.999658         8607      2925.71
   69402.623     0.999707         8607      3413.33
   69402.623     0.999756         8607      4096.00
   69468.159     0.999780         8608      4551.11
   69468.159     0.999805         8608      5120.00
   69468.159     0.999829         8608      5851.43
   69468.159     0.999854         8608      6826.67
   69468.159     0.999878         8608      8192.00
   69664.767     0.999890         8609      9102.22
   69664.767     1.000000         8609          inf
#[Mean    =    15758.705, StdDeviation   =    22355.896]
#[Max     =    69599.232, Total count    =         8609]
#[Buckets =           27, SubBuckets     =         2048]
----------------------------------------------------------
  8726 requests in 15.00m, 1.79MB read
  Socket errors: connect 0, read 1, write 13, timeout 19
Requests/sec:      9.69
Transfer/sec:      2.04KB
