Running 15m test @ http://10.107.46.102:8080/wrk2-api/post/compose
  2 threads and 4 connections
  Thread calibration: mean lat.: 4.778ms, rate sampling interval: 13ms
  Thread calibration: mean lat.: 4.517ms, rate sampling interval: 12ms
  Thread Stats   Avg      Stdev     99%   +/- Stdev
    Latency     2.36m     0.90m    3.24m    86.01%
    Req/Sec    25.34     45.73   166.00     74.18%
  Latency Distribution (HdrHistogram - Recorded Latency)
 50.000%    2.58m 
 75.000%    2.86m 
 90.000%    3.14m 
 99.000%    3.24m 
 99.900%    3.26m 
 99.990%    3.27m 
 99.999%    3.27m 
100.000%    3.27m 

  Detailed Percentile spectrum:
       Value   Percentile   TotalCount 1/(1-Percentile)

       0.037     0.000000            1         1.00
   24166.399     0.100000         4342         1.11
  138412.031     0.200000         8700         1.25
  142737.407     0.300000        13098         1.43
  150732.799     0.400000        17439         1.67
  154664.959     0.500000        21882         2.00
  156368.895     0.550000        23976         2.22
  166330.367     0.600000        26120         2.50
  168427.519     0.650000        28360         2.86
  170000.383     0.700000        30411         3.33
  171311.103     0.750000        32626         4.00
  172097.535     0.775000        33683         4.44
  174325.759     0.800000        34759         5.00
  185991.167     0.825000        35921         5.71
  186777.599     0.850000        37125         6.67
  187432.959     0.875000        38009         8.00
  187957.247     0.887500        38645         8.89
  188350.463     0.900000        39222        10.00
  188612.607     0.912500        39703        11.43
  189005.823     0.925000        40172        13.33
  189399.039     0.937500        40714        16.00
  189792.255     0.943750        41059        17.78
  190447.615     0.950000        41295        20.00
  191889.407     0.956250        41549        22.86
  192413.695     0.962500        41843        26.67
  192806.911     0.968750        42152        32.00
  192937.983     0.971875        42262        35.56
  193069.055     0.975000        42348        40.00
  193331.199     0.978125        42498        45.71
  193724.415     0.981250        42623        53.33
  193986.559     0.984375        42768        64.00
  194117.631     0.985938        42829        71.11
  194379.775     0.987500        42925        80.00
  194510.847     0.989062        42974        91.43
  194641.919     0.990625        43032       106.67
  194904.063     0.992188        43101       128.00
  195035.135     0.992969        43164       142.22
  195035.135     0.993750        43164       160.00
  195166.207     0.994531        43241       182.86
  195166.207     0.995313        43241       213.33
  195297.279     0.996094        43319       256.00
  195297.279     0.996484        43319       284.44
  195297.279     0.996875        43319       320.00
  195297.279     0.997266        43319       365.71
  195297.279     0.997656        43319       426.67
  195428.351     0.998047        43349       512.00
  195428.351     0.998242        43349       568.89
  195559.423     0.998437        43374       640.00
  195559.423     0.998633        43374       731.43
  195559.423     0.998828        43374       853.33
  195690.495     0.999023        43394      1024.00
  195690.495     0.999121        43394      1137.78
  195690.495     0.999219        43394      1280.00
  195690.495     0.999316        43394      1462.86
  195821.567     0.999414        43407      1706.67
  195821.567     0.999512        43407      2048.00
  195821.567     0.999561        43407      2275.56
  195821.567     0.999609        43407      2560.00
  195821.567     0.999658        43407      2925.71
  195952.639     0.999707        43413      3413.33
  195952.639     0.999756        43413      4096.00
  195952.639     0.999780        43413      4551.11
  195952.639     0.999805        43413      5120.00
  195952.639     0.999829        43413      5851.43
  196083.711     0.999854        43420      6826.67
  196083.711     1.000000        43420          inf
#[Mean    =   141570.537, StdDeviation   =    54117.460]
#[Max     =   195952.640, Total count    =        43420]
#[Buckets =           27, SubBuckets     =         2048]
----------------------------------------------------------
  44074 requests in 15.00m, 390.10MB read
  Socket errors: connect 0, read 2, write 11, timeout 0
Requests/sec:     48.97
Transfer/sec:    443.83KB
