Running 15m test @ http://10.107.46.102:8080/wrk2-api/post/compose
  2 threads and 4 connections
  Thread calibration: mean lat.: 21.915ms, rate sampling interval: 63ms
  Thread calibration: mean lat.: 24.489ms, rate sampling interval: 71ms
  Thread Stats   Avg      Stdev     99%   +/- Stdev
    Latency     1.95m     1.13m    3.44m    63.51%
    Req/Sec    12.45     13.95    56.00     79.24%
  Latency Distribution (HdrHistogram - Recorded Latency)
 50.000%    2.27m 
 75.000%    2.94m 
 90.000%    3.35m 
 99.000%    3.44m 
 99.900%    3.48m 
 99.990%    3.48m 
 99.999%    3.48m 
100.000%    3.48m 

  Detailed Percentile spectrum:
       Value   Percentile   TotalCount 1/(1-Percentile)

       3.559     0.000000            1         1.00
   27688.959     0.100000         2232         1.11
   55574.527     0.200000         4464         1.25
   58851.327     0.300000         6702         1.43
  104005.631     0.400000         8923         1.67
  135921.663     0.500000        11169         2.00
  138674.175     0.550000        12315         2.22
  140902.399     0.600000        13429         2.50
  171573.247     0.650000        14534         2.86
  174063.615     0.700000        15628         3.33
  176291.839     0.750000        16776         4.00
  177471.487     0.775000        17338         4.44
  179044.351     0.800000        17855         5.00
  191627.263     0.825000        18414         5.71
  197263.359     0.850000        18968         6.67
  199622.655     0.875000        19569         8.00
  200146.943     0.887500        19814         8.89
  200802.303     0.900000        20078        10.00
  201719.807     0.912500        20396        11.43
  202113.023     0.925000        20647        13.33
  202506.239     0.937500        20957        16.00
  202637.311     0.943750        21058        17.78
  203030.527     0.950000        21233        20.00
  203292.671     0.956250        21338        22.86
  203816.959     0.962500        21488        26.67
  204603.391     0.968750        21626        32.00
  204865.535     0.971875        21694        35.56
  205127.679     0.975000        21772        40.00
  205389.823     0.978125        21837        45.71
  205651.967     0.981250        21920        53.33
  205914.111     0.984375        21984        64.00
  206045.183     0.985938        22006        71.11
  206176.255     0.987500        22033        80.00
  206438.399     0.989062        22075        91.43
  206700.543     0.990625        22101       106.67
  207224.831     0.992188        22134       128.00
  207486.975     0.992969        22154       142.22
  207618.047     0.993750        22170       160.00
  207749.119     0.994531        22189       182.86
  207880.191     0.995313        22204       213.33
  208273.407     0.996094        22225       256.00
  208404.479     0.996484        22245       284.44
  208404.479     0.996875        22245       320.00
  208404.479     0.997266        22245       365.71
  208535.551     0.997656        22259       426.67
  208666.623     0.998047        22278       512.00
  208666.623     0.998242        22278       568.89
  208666.623     0.998437        22278       640.00
  208666.623     0.998633        22278       731.43
  208797.695     0.998828        22292       853.33
  208797.695     0.999023        22292      1024.00
  208797.695     0.999121        22292      1137.78
  208797.695     0.999219        22292      1280.00
  208797.695     0.999316        22292      1462.86
  208797.695     0.999414        22292      1706.67
  208928.767     0.999512        22301      2048.00
  208928.767     0.999561        22301      2275.56
  208928.767     0.999609        22301      2560.00
  208928.767     0.999658        22301      2925.71
  208928.767     0.999707        22301      3413.33
  208928.767     0.999756        22301      4096.00
  208928.767     0.999780        22301      4551.11
  208928.767     0.999805        22301      5120.00
  209059.839     0.999829        22305      5851.43
  209059.839     1.000000        22305          inf
#[Mean    =   117203.300, StdDeviation   =    67908.055]
#[Max     =   208928.768, Total count    =        22305]
#[Buckets =           27, SubBuckets     =         2048]
----------------------------------------------------------
  22631 requests in 15.00m, 295.98MB read
  Socket errors: connect 0, read 0, write 13, timeout 0
Requests/sec:     25.14
Transfer/sec:    336.71KB
