Running 15m test @ http://10.106.204.232:8080/wrk2-api/post/compose
  2 threads and 4 connections
  Thread calibration: mean lat.: 1696.384ms, rate sampling interval: 6598ms
  Thread calibration: mean lat.: 712.546ms, rate sampling interval: 2799ms
  Thread Stats   Avg      Stdev     99%   +/- Stdev
    Latency    44.50s    10.26s    0.99m    79.62%
    Req/Sec     4.30      1.48     7.00     91.35%
  Latency Distribution (HdrHistogram - Recorded Latency)
 50.000%   46.40s 
 75.000%    0.85m 
 90.000%    0.92m 
 99.000%    0.99m 
 99.900%    1.02m 
 99.990%    1.03m 
 99.999%    1.03m 
100.000%    1.03m 

  Detailed Percentile spectrum:
       Value   Percentile   TotalCount 1/(1-Percentile)

      62.975     0.000000            1         1.00
   34308.095     0.100000          847         1.11
   38633.471     0.200000         1686         1.25
   41418.751     0.300000         2529         1.43
   44007.423     0.400000         3374         1.67
   46399.487     0.500000         4216         2.00
   47382.527     0.550000         4636         2.22
   48431.103     0.600000         5058         2.50
   49414.143     0.650000         5482         2.86
   50298.879     0.700000         5907         3.33
   51183.615     0.750000         6329         4.00
   51675.135     0.775000         6544         4.44
   52166.655     0.800000         6747         5.00
   52723.711     0.825000         6952         5.71
   53313.535     0.850000         7164         6.67
   54067.199     0.875000         7372         8.00
   54525.951     0.887500         7482         8.89
   54951.935     0.900000         7587        10.00
   55312.383     0.912500         7688        11.43
   55640.063     0.925000         7796        13.33
   56098.815     0.937500         7899        16.00
   56393.727     0.943750         7954        17.78
   56623.103     0.950000         8006        20.00
   56852.479     0.956250         8057        22.86
   57180.159     0.962500         8110        26.67
   57606.143     0.968750         8169        32.00
   57835.519     0.971875         8195        35.56
   57999.359     0.975000         8217        40.00
   58163.199     0.978125         8241        45.71
   58687.487     0.981250         8268        53.33
   59015.167     0.984375         8298        64.00
   59211.775     0.985938         8311        71.11
   59342.847     0.987500         8322        80.00
   59506.687     0.989062         8335        91.43
   59670.527     0.990625         8349       106.67
   59867.135     0.992188         8363       128.00
   59932.671     0.992969         8366       142.22
   60063.743     0.993750         8373       160.00
   60162.047     0.994531         8382       182.86
   60293.119     0.995313         8386       213.33
   60522.495     0.996094         8393       256.00
   60588.031     0.996484         8397       284.44
   60653.567     0.996875         8400       320.00
   60719.103     0.997266         8403       365.71
   60817.407     0.997656         8408       426.67
   60850.175     0.998047         8409       512.00
   60948.479     0.998242         8411       568.89
   61079.551     0.998437         8412       640.00
   61145.087     0.998633         8414       731.43
   61243.391     0.998828         8417       853.33
   61243.391     0.999023         8417      1024.00
   61308.927     0.999121         8418      1137.78
   61341.695     0.999219         8419      1280.00
   61407.231     0.999316         8420      1462.86
   61571.071     0.999414         8422      1706.67
   61571.071     0.999512         8422      2048.00
   61571.071     0.999561         8422      2275.56
   61571.071     0.999609         8422      2560.00
   61734.911     0.999658         8423      2925.71
   61734.911     0.999707         8423      3413.33
   61734.911     0.999756         8423      4096.00
   61833.215     0.999780         8424      4551.11
   61833.215     0.999805         8424      5120.00
   61833.215     0.999829         8424      5851.43
   61833.215     0.999854         8424      6826.67
   61833.215     0.999878         8424      8192.00
   61898.751     0.999890         8425      9102.22
   61898.751     1.000000         8425          inf
#[Mean    =    44501.129, StdDeviation   =    10262.243]
#[Max     =    61865.984, Total count    =         8425]
#[Buckets =           27, SubBuckets     =         2048]
----------------------------------------------------------
  8498 requests in 15.00m, 1.74MB read
  Socket errors: connect 0, read 0, write 4, timeout 19
Requests/sec:      9.44
Transfer/sec:      1.98KB
