Running 15m test @ http://10.106.204.232:8080/wrk2-api/post/compose
  2 threads and 4 connections
  Thread calibration: mean lat.: 3703.768ms, rate sampling interval: 11141ms
  Thread calibration: mean lat.: 3397.777ms, rate sampling interval: 12582ms
  Thread Stats   Avg      Stdev     99%   +/- Stdev
    Latency     1.38m    23.88s    1.76m    73.05%
    Req/Sec    26.81      7.70    33.00     88.59%
  Latency Distribution (HdrHistogram - Recorded Latency)
 50.000%    1.60m 
 75.000%    1.66m 
 90.000%    1.69m 
 99.000%    1.76m 
 99.900%    1.79m 
 99.990%    1.79m 
 99.999%    1.79m 
100.000%    1.79m 

  Detailed Percentile spectrum:
       Value   Percentile   TotalCount 1/(1-Percentile)

    6655.999     0.000000            1         1.00
   43974.655     0.100000         4875         1.11
   45744.127     0.200000         9764         1.25
   89522.175     0.300000        14624         1.43
   93192.191     0.400000        19556         1.67
   95748.095     0.500000        24434         2.00
   96600.063     0.550000        26828         2.22
   97452.031     0.600000        29289         2.50
   98303.999     0.650000        31620         2.86
   98893.823     0.700000        34181         3.33
   99483.647     0.750000        36740         4.00
   99745.791     0.775000        37863         4.44
  100007.935     0.800000        38979         5.00
  100335.615     0.825000        40211         5.71
  100794.367     0.850000        41498         6.67
  101187.583     0.875000        42581         8.00
  101449.727     0.887500        43363         8.89
  101580.799     0.900000        43808        10.00
  101842.943     0.912500        44533        11.43
  102105.087     0.925000        45110        13.33
  102432.767     0.937500        45694        16.00
  102563.839     0.943750        45907        17.78
  102825.983     0.950000        46236        20.00
  103022.591     0.956250        46520        22.86
  103219.199     0.962500        46860        26.67
  103415.807     0.968750        47146        32.00
  103546.879     0.971875        47320        35.56
  103677.951     0.975000        47449        40.00
  103874.559     0.978125        47595        45.71
  104136.703     0.981250        47749        53.33
  104529.919     0.984375        47891        64.00
  104923.135     0.985938        47953        71.11
  105381.887     0.987500        48036        80.00
  105578.495     0.989062        48129        91.43
  105644.031     0.990625        48178       106.67
  105840.639     0.992188        48258       128.00
  106037.247     0.992969        48306       142.22
  106168.319     0.993750        48353       160.00
  106233.855     0.994531        48379       182.86
  106364.927     0.995313        48407       213.33
  106561.535     0.996094        48455       256.00
  106627.071     0.996484        48471       284.44
  106692.607     0.996875        48491       320.00
  106758.143     0.997266        48503       365.71
  106889.215     0.997656        48523       426.67
  106954.751     0.998047        48541       512.00
  107020.287     0.998242        48562       568.89
  107020.287     0.998437        48562       640.00
  107085.823     0.998633        48572       731.43
  107151.359     0.998828        48581       853.33
  107216.895     0.999023        48589      1024.00
  107216.895     0.999121        48589      1137.78
  107282.431     0.999219        48603      1280.00
  107282.431     0.999316        48603      1462.86
  107282.431     0.999414        48603      1706.67
  107347.967     0.999512        48618      2048.00
  107347.967     0.999561        48618      2275.56
  107347.967     0.999609        48618      2560.00
  107347.967     0.999658        48618      2925.71
  107347.967     0.999707        48618      3413.33
  107413.503     0.999756        48625      4096.00
  107413.503     0.999780        48625      4551.11
  107413.503     0.999805        48625      5120.00
  107413.503     0.999829        48625      5851.43
  107413.503     0.999854        48625      6826.67
  107479.039     0.999878        48627      8192.00
  107479.039     0.999890        48627      9102.22
  107479.039     0.999902        48627     10240.00
  107479.039     0.999915        48627     11702.86
  107544.575     0.999927        48629     13653.33
  107544.575     0.999939        48629     16384.00
  107544.575     0.999945        48629     18204.44
  107544.575     0.999951        48629     20480.00
  107544.575     0.999957        48629     23405.71
  107610.111     0.999963        48631     27306.67
  107610.111     1.000000        48631          inf
#[Mean    =    83059.897, StdDeviation   =    23875.758]
#[Max     =   107544.576, Total count    =        48631]
#[Buckets =           27, SubBuckets     =         2048]
----------------------------------------------------------
  48825 requests in 15.00m, 423.86MB read
  Socket errors: connect 0, read 0, write 7, timeout 0
Requests/sec:     54.25
Transfer/sec:    482.23KB
