Running 15m test @ http://10.106.204.232:8080/wrk2-api/post/compose
  2 threads and 4 connections
  Thread calibration: mean lat.: 4934.362ms, rate sampling interval: 12337ms
  Thread calibration: mean lat.: 4446.809ms, rate sampling interval: 14409ms
  Thread Stats   Avg      Stdev     99%   +/- Stdev
    Latency     1.34m    25.91s    1.78m    71.70%
    Req/Sec    13.15      3.80    17.00     88.72%
  Latency Distribution (HdrHistogram - Recorded Latency)
 50.000%    1.54m 
 75.000%    1.66m 
 90.000%    1.72m 
 99.000%    1.78m 
 99.900%    1.80m 
 99.990%    1.81m 
 99.999%    1.82m 
100.000%    1.82m 

  Detailed Percentile spectrum:
       Value   Percentile   TotalCount 1/(1-Percentile)

    6725.631     0.000000            1         1.00
   38797.311     0.100000         2457         1.11
   40959.999     0.200000         4890         1.25
   87031.807     0.300000         7311         1.43
   89849.855     0.400000         9760         1.67
   92405.759     0.500000        12208         2.00
   93782.015     0.550000        13447         2.22
   95092.735     0.600000        14634         2.50
   96272.383     0.650000        15844         2.86
   97648.639     0.700000        17079         3.33
   99549.183     0.750000        18313         4.00
  100270.079     0.775000        18891         4.44
  101056.511     0.800000        19516         5.00
  101711.871     0.825000        20174         5.71
  102236.159     0.850000        20746         6.67
  102825.983     0.875000        21334         8.00
  103088.127     0.887500        21668         8.89
  103350.271     0.900000        21983        10.00
  103677.951     0.912500        22293        11.43
  104005.631     0.925000        22558        13.33
  104267.775     0.937500        22860        16.00
  104464.383     0.943750        23032        17.78
  104595.455     0.950000        23143        20.00
  104857.599     0.956250        23330        22.86
  105054.207     0.962500        23449        26.67
  105316.351     0.968750        23602        32.00
  105512.959     0.971875        23701        35.56
  105709.567     0.975000        23762        40.00
  105906.175     0.978125        23841        45.71
  106037.247     0.981250        23903        53.33
  106233.855     0.984375        23982        64.00
  106364.927     0.985938        24030        71.11
  106495.999     0.987500        24069        80.00
  106627.071     0.989062        24099        91.43
  106758.143     0.990625        24139       106.67
  106889.215     0.992188        24177       128.00
  106954.751     0.992969        24188       142.22
  107085.823     0.993750        24216       160.00
  107151.359     0.994531        24227       182.86
  107347.967     0.995313        24252       213.33
  107479.039     0.996094        24266       256.00
  107610.111     0.996484        24280       284.44
  107675.647     0.996875        24289       320.00
  107741.183     0.997266        24295       365.71
  107806.719     0.997656        24308       426.67
  107872.255     0.998047        24318       512.00
  107872.255     0.998242        24318       568.89
  107937.791     0.998437        24333       640.00
  107937.791     0.998633        24333       731.43
  107937.791     0.998828        24333       853.33
  108003.327     0.999023        24339      1024.00
  108003.327     0.999121        24339      1137.78
  108068.863     0.999219        24345      1280.00
  108068.863     0.999316        24345      1462.86
  108068.863     0.999414        24345      1706.67
  108199.935     0.999512        24350      2048.00
  108199.935     0.999561        24350      2275.56
  108199.935     0.999609        24350      2560.00
  108265.471     0.999658        24352      2925.71
  108265.471     0.999707        24352      3413.33
  108527.615     0.999756        24355      4096.00
  108527.615     0.999780        24355      4551.11
  108527.615     0.999805        24355      5120.00
  108527.615     0.999829        24355      5851.43
  108658.687     0.999854        24357      6826.67
  108658.687     0.999878        24357      8192.00
  108658.687     0.999890        24357      9102.22
  108658.687     0.999902        24357     10240.00
  108658.687     0.999915        24357     11702.86
  109051.903     0.999927        24358     13653.33
  109051.903     0.999939        24358     16384.00
  109051.903     0.999945        24358     18204.44
  109051.903     0.999951        24358     20480.00
  109051.903     0.999957        24358     23405.71
  109182.975     0.999963        24359     27306.67
  109182.975     1.000000        24359          inf
#[Mean    =    80662.065, StdDeviation   =    25907.125]
#[Max     =   109117.440, Total count    =        24359]
#[Buckets =           27, SubBuckets     =         2048]
----------------------------------------------------------
  24411 requests in 15.00m, 301.40MB read
  Socket errors: connect 0, read 0, write 4, timeout 0
Requests/sec:     27.12
Transfer/sec:    342.92KB
